rc_file name: a/coldzero-s-alpha-zero-fixedgbs-pknob-0.50/jr_s-alpha-zero_phase.json
max schd: 0.00716, max dp: 0.000494, max job: 23
Job#,Admitted_time,Scheduled_time,JCT,Running_time,fairness(Mm),fairness(1/n),fairness(1/n-down),fairness(GPU_load),fairness(GPU_share),locality(dist),locality(bit),cold_count,wave,gpu_usg,n_avg,round_out,#shuffle,locality(content),iq_ignore,dist_expand,unlucky_expand,lucky_expand,lucky_shrink,model,gpu_req,k_val,rank_irt,ideal_run_time,ooit_inc_p_gpu
Job1,0,0,3503409,3503409,1.00011,0.960292,1.00011,0.960292,1,1,1,1,1,4,6.40457,0,1,1,0,0,0,0,0,GPT2_SMALL,4,64,67,3503040,0.26
Job2,363000,363000,5604864,5604864,1.00027,0.888215,1.00027,0.888215,1,1,1,1,1,4,8.47244,0,1,1,0,0,0,0,0,ResNeXt,4,8,92,5603328,0.253
Job3,489000,489000,2765952,2765952,1,0.956227,1,0.956227,1,1,1,1,1,4,6.99153,0,1,1,0,0,0,0,0,VGG19,4,8,50,2765952,0.258
Job4,1049000,1049000,1147776,1147776,1,1,1,1,1,1,1,1,1,4,6.38557,0,1,1,0,0,0,0,0,VGG19,4,8,11,1147776,0.258
Job5,1221000,1221000,2749500,2749500,1.00002,0.943241,1.00002,0.943241,1,1,1,1,1,1,8.71339,0,1,1,0,0,0,0,0,BERTLARGE,1,128,48,2749440,1
Job6,1353000,1353000,4534656,4534656,1,0.871768,1,0.871768,1,1,1,1,1,4,9.53641,0,1,1,0,0,0,0,0,VGG19,4,8,80,4534656,0.258
Job7,1625000,1625000,2199252,2199252,1.0003,0.934806,1.0003,0.934806,1,1,1,1,1,1,9.20081,0,1,1,0,0,0,0,0,VGG19,1,32,37,2198592,1
Job8,1850000,1850000,2088576,2088576,1,0.926571,1,0.926571,1,1,1,1,1,4,9.48165,0,1,1,0,0,0,0,0,VGG19,4,8,29,2088576,0.258
Job9,2222000,2222000,3960768,3960768,1,0.832474,0.979109,0.832474,1,1,1,1,1,4,10.2134,0,1,1,0,0,0,0,0,VGG19,4,8,74,3960768,0.258
Job10,2421000,2421000,2734368,2734368,1.00011,0.914096,1.00011,0.914096,1,1,1,1,1,4,9.75938,0,1,1,0,0,0,0,0,GPT2_SMALL,4,64,47,2734080,0.26
Job11,2453000,2453000,6381035,6381035,0.81442,1.14265,0.313681,1.14265,1.15773,0.945718,0.835842,15,2.81419,9.87344,12.1775,0,15,1,0,10,10,0,0,ResNet50,16,8,76,4176232,0.066
Job12,3002000,3002000,3553664,3553664,1.00068,0.797866,1.00068,0.797866,1,1,1,1,1,1,10.6157,0,1,1,0,0,0,0,0,ResNeXt,1,32,68,3551232,1
Job13,3696000,3696000,4197835,4197835,1.02288,0.720634,1.02288,0.720634,0.974482,1,1,2,1.05104,1.94896,12.3223,0,2,1,0,0,0,0,0,BERTLARGE,2,64,75,4103936,0.5
Job14,3768000,3771302,5546185,5540531,1.10525,0.816496,0.859247,0.816496,0.897876,1,1,5,1.21381,3.57238,12.945,0,5,1.00102,0,0,0,0,0,VGG19,4,8,84,4986240,0.258
Job15,4286000,4288742,3503477,3500735,1.00087,0.673414,1.00087,0.673414,0.999217,1,1,1,1,2,12.8061,0,1,1.00078,0,0,0,0,0,BERTLARGE,2,64,66,3500416,0.5
Job16,4653000,4653000,5290776,5290776,1.00015,0.727621,1.00015,0.727621,1,1,1,1,1,1,13.8039,0,1,1,0,0,0,0,0,ResNet50,1,128,87,5289984,1
Job17,4868000,4874567,13966514,13146075,1.27868,1.42926,0.587739,1.42926,0.754826,0.870843,0.651576,40,3.67267,4.44402,15.7036,4,40,1.06241,0,299,299,0,0,ResNeXt,8,4,100,7566144,0.13
Job18,5187000,5188992,2202794,2192896,0.422053,0.765006,0.236164,0.765006,2.23788,0.803902,0.274135,8,1.48774,12.0981,13.2828,0,8,1.00451,0,9,9,0,0,ResNet50,16,8,23,1755544,0.066
Job19,5397000,5399286,4204594,4202308,1.00074,0.703232,1.00074,0.703232,0.999456,1,1,1,1,1,14.3398,0,1,1.00054,0,0,0,0,0,GNMT,1,64,77,4201472,1
Job20,5593000,5605702,1845702,1833000,1.00695,0.608918,1.00695,0.608918,0.993118,1,1,1,1,1,13.7772,0,1,1.00693,0,0,0,0,0,BERTLARGE,1,128,24,1832960,1
Job21,6143000,6152238,2097933,2088695,0.982272,0.629536,0.677856,0.629536,1.01257,0.5,0,1,1,4,14.7379,0,1,1.00442,0,6,6,0,0,BERTLARGE,4,32,30,2100000,0.264
Job22,6256000,6265067,6561211,6464235,1.19258,0.978699,0.81779,0.978699,0.833945,0.64135,0.289526,10,1.58412,3.26545,15.1205,0,10,1.015,1,30,30,0,0,VGG19,4,8,88,5306112,0.258
Job23,6362000,6370004,2800358,2792354,1.00302,0.689684,1.00302,0.689684,0.997142,1,1,1,1,1,15.0034,0,1,1.00287,0,0,0,0,0,ResNet50,1,128,51,2791936,1
Job24,6509000,6518608,1282703,1273095,0.980032,0.588494,0.642282,0.588494,1.02048,1,1,1,1,4,15.6887,0,1,1.00755,0,0,0,0,0,GNMT,4,16,16,1272960,0.259
Job25,6600000,6607544,4429953,4422409,1.13815,1.10529,0.477194,1.10529,0.866921,0.967987,0.924301,6,2.3912,5.6198,14.7423,0,6,1.00171,0,7,7,0,0,ResNeXt,8,4,60,3148544,0.13
Job26,6785000,6787436,1148061,1145625,1.00215,0.603817,1.00215,0.603817,0.997878,1,1,1,1,1,16.0143,0,1,1.00213,0,0,0,0,0,BERTLARGE,1,128,9,1145600,1
Job27,7111000,7136692,4557484,4531792,1.00597,0.853794,1.00597,0.853794,0.994363,1,1,1,1,1,14.6752,0,1,1.00567,0,0,0,0,0,VGG19,1,32,79,4530432,1
Job28,7163000,7181602,3398820,3380218,1.00565,0.835678,1.00565,0.835678,0.994527,1,1,1,1,1,14.8426,0,1,1.0055,0,0,0,0,0,ResNet50,1,128,63,3379712,1
Job29,7375000,7389794,6428047,6413253,1.00299,0.828127,1.00299,0.828127,0.997699,1,1,1,1,1,15.6764,0,1,1.00231,0,0,0,0,0,ResNeXt,1,32,98,6408864,1
Job30,7557000,7559975,2207465,2204490,1.0015,0.84675,1.0015,0.84675,0.998652,1,1,1,1,1,14.9095,0,1,1.00135,0,0,0,0,0,ResNet50,1,128,39,2204160,1
Job31,7995000,8001384,2144135,2137751,1.00367,0.909642,1.00367,0.909642,0.997023,1,1,1,1,1,14.557,0,1,1.00299,0,0,0,0,0,ResNeXt,1,32,31,2136288,1
Job32,8362000,8376159,5100783,5086624,1.00347,0.860687,1.00347,0.860687,0.997224,1,1,1,1,1,15.7025,0,1,1.00278,0,0,0,0,0,GPT2_SMALL,1,256,85,5083136,1
Job33,8399000,8405647,2967364,2960717,1.00244,0.939098,1.00244,0.939098,0.99776,1,1,1,1,1,14.4022,0,1,1.00225,0,0,0,0,0,GNMT,1,64,58,2960128,1
Job34,8761000,8765431,3863488,3859057,1.00183,0.922976,1.00183,0.922976,0.998853,1,1,1,1,1,15.071,0,1,1.00115,0,0,0,0,0,ResNeXt,1,32,72,3856416,1
Job35,9127000,9127000,5831350,5831350,1.0003,0.849747,1.0003,0.849747,1,1,1,1,1,1,15.4963,0,1,1,0,0,0,0,0,VGG19,1,32,95,5829600,1
Job36,9251000,9251776,2119144,2118368,0.889435,0.926043,0.34204,0.926043,1.08496,0.666667,0,1,1,8,14.1117,0,1,1.00037,0,0,0,0,0,GPT2_SMALL,8,32,35,2195200,0.139
Job37,9752000,9752000,1138283,1138283,1.00068,0.96567,1.00068,0.96567,1,1,1,1,1,1,13.8157,0,1,1,0,0,0,0,0,ResNeXt,1,32,8,1137504,1
Job38,10015000,10015000,1616626,1616626,1.00015,0.950068,1.00015,0.950068,1,1,1,1,1,1,13.9742,0,1,1,0,0,0,0,0,ResNet50,1,128,21,1616384,1
Job39,10312000,10313760,3651299,3649539,0.87334,0.802106,0.610656,0.802106,1.14515,1,1,1,1,4,16.3855,0,1,1.00048,0,0,0,0,0,GNMT,4,16,69,3649152,0.259
Job40,10540000,10544730,2897178,2892448,0.856558,0.791832,0.594396,0.791832,1.14782,0.5,0,1,1,4,16.5678,0,1,1.00164,0,14,14,0,0,GNMT,4,16,57,2941952,0.259
Job41,10896000,10896810,6895679,6894869,1.11553,0.965831,0.70474,0.965831,0.878637,0.895123,0.842685,5,1.68736,3.21704,17.2948,0,5,1.00012,0,1,1,0,0,GNMT,4,16,93,5657600,0.259
Job42,11158000,11160801,2622783,2619982,0.829813,0.769931,0.578945,0.769931,1.20542,1,1,1,1,4,17.296,0,1,1.00107,0,0,0,0,0,ResNeXt,4,8,44,2619264,0.253
Job43,11233000,11233000,1271656,1271656,1.00069,0.873939,1.00069,0.873939,1,1,1,1,1,1,16.1897,0,1,1,0,0,0,0,0,GPT2_SMALL,1,256,15,1270784,1
Job44,11337000,11337878,1583369,1582491,1.00124,0.816323,1.00124,0.816323,0.999445,1,1,1,1,1,17.1621,0,1,1.00055,0,0,0,0,0,ResNeXt,1,32,20,1581408,1
Job45,11555000,11555000,6172572,6172572,1.00015,0.780111,1.00015,0.780111,1,1,1,1,1,1,17.6163,0,1,1,0,0,0,0,0,ResNet50,1,128,97,6171648,1
Job46,11672000,11672000,2852868,2852868,0.904223,0.817391,0.634781,0.817391,1.09753,0.539799,0.16327,3,1.16327,3.67346,17.0237,0,3,1,0,8,8,0,0,BERTLARGE,4,32,45,2640000,0.264
Job47,11714000,11714000,6052334,6052334,1.00068,0.775782,1.00068,0.775782,1,1,1,1,1,1,17.7145,0,1,1,0,0,0,0,0,ResNeXt,1,32,96,6048192,1
Job48,11838000,11840169,1704069,1701900,0.769161,0.721453,0.545723,0.721453,1.30661,0.5,0,1,1,4,18.4393,0,1,1.00127,0,49,49,0,0,VGG19,4,8,22,1693440,0.258
Job49,11981000,11986450,1286978,1281528,0.734181,0.701007,0.526575,0.701007,1.3403,0.333333,0,1,1,4,18.7667,0,1,1.00425,0,10,10,0,0,ResNet50,4,32,17,1302336,0.255
Job50,12163000,12184306,2651634,2630328,1.01045,0.908742,0.720509,0.908742,0.97201,0.547291,0.113689,4,1.36949,3.26102,16.856,0,4,1.0081,0,10,10,0,0,ResNet50,4,32,33,2183328,0.255
Job51,12355000,12388124,3632469,3599345,1.14261,1.01627,0.80525,1.01627,0.870453,0.885763,0.771525,4,1.72323,3.04829,16.3567,0,4,1.0092,0,3,3,0,0,ResNet50,4,32,49,2757888,0.255
Job52,12432000,12462884,1363508,1332624,1.02388,0.699058,1.02388,0.699058,0.97735,1,1,1,1,1,18.6392,0,1,1.02318,0,0,0,0,0,ResNeXt,1,32,18,1331712,1
Job53,12539000,12539000,3914583,3914583,1.00068,0.7705,1.00068,0.7705,1,1,1,1,1,1,16.8426,0,1,1,0,0,0,0,0,ResNeXt,1,32,73,3911904,1
Job54,12655000,12655000,5918324,5881395,1.11066,0.931296,0.688022,0.931296,0.897797,0.614976,0.229953,5,1.62053,3.34481,17.4407,0,5,1.00628,0,189,189,0,0,ResNeXt,4,8,83,4932096,0.253
Job55,12985000,13056484,1732538,1633738,0.59753,0.948867,0.392602,0.948867,1.60951,0.522834,0.0550553,5,1.66727,6.48708,16.0181,0,5,1.06047,0,41,41,0,0,ResNeXt,8,4,19,1377488,0.13
Job56,13347000,13352968,2182519,2176551,1.00276,0.843803,1.00276,0.843803,0.997266,0.5,0,1,1,2,14.2548,0,1,1.00274,0,3,3,0,0,GPT2_SMALL,2,128,32,2176512,0.5
Job57,13505000,13505000,2779510,2779510,0.963253,0.838689,0.652874,0.838689,1.01498,0.5,0,2,1.10946,3.78108,15.8421,0,2,1,0,23,23,0,0,GNMT,4,16,46,2687360,0.259
Job58,13823000,13832661,5279536,5269875,1.00186,0.806585,1.00186,0.806585,0.99817,1,1,1,1,1,17.0309,0,1,1.00183,0,0,0,0,0,BERTLARGE,1,128,86,5269760,1
Job59,14481000,14482023,2465694,2464671,1.00126,0.811075,1.00126,0.811075,0.999585,1,1,1,1,2,17.467,0,1,1.00042,0,0,0,0,0,ResNet50,2,64,42,2462592,0.5
Job60,14944000,14944000,6383022,6267696,0.861137,0.987047,0.408367,0.987047,1.13959,0.821271,0.594234,14,2.00319,5.8921,16.6142,0,14,1.0184,0,15,15,0,0,GPT2_SMALL,8,32,81,4704000,0.139
Job61,15304000,15332621,9629502,9350190,1.20827,1.28679,0.615138,1.28679,0.774254,0.784607,0.474859,36,3.2689,4.27419,14.6577,0,36,1.02987,1,67,67,0,0,GNMT,8,8,89,5339928,0.142
Job62,15452000,15472671,1928155,1907484,1.01153,0.758759,1.01153,0.758759,0.989279,1,1,1,1,1,20.5224,0,1,1.01084,0,0,0,0,0,GPT2_SMALL,1,256,25,1906176,1
Job63,15555000,15555000,3674150,3674150,1.00015,0.771584,1.00015,0.771584,1,1,1,1,1,1,18.649,0,1,1,0,0,0,0,0,ResNet50,1,128,71,3673600,1
Job64,15555000,15555000,3331560,3331560,1.00068,0.764396,1.00068,0.764396,1,1,1,1,1,1,19.0426,0,1,1,0,0,0,0,0,ResNeXt,1,32,62,3329280,1
Job65,15557000,15590612,3699612,3666000,1.00919,0.777629,1.00919,0.777629,0.990915,1,1,1,1,1,18.6165,0,1,1.00917,0,0,0,0,0,BERTLARGE,1,128,70,3665920,1
Job66,15557000,15587593,2609282,2578689,1.01207,0.766554,1.01207,0.766554,0.988275,1,1,1,1,1,20.1561,0,1,1.01186,0,0,0,0,0,GNMT,1,64,43,2578176,1
Job67,15557000,15557000,1965998,1965998,1.0003,0.745355,1.0003,0.745355,1,1,1,1,1,1,20.8951,0,1,1,0,0,0,0,0,VGG19,1,32,26,1965408,1
Job68,15586000,15590612,1228340,1223728,0.891469,0.720804,0.468183,0.720804,1.10287,0.5,0,1,1,4,21.0789,0,1,1.00377,0,24,24,0,0,GNMT,4,16,14,1244672,0.259
Job69,15795000,15838953,4305967,4262014,1.01046,0.751411,1.01046,0.751411,0.989793,1,1,1,1,1,17.8316,0,1,1.01031,0,0,0,0,0,ResNet50,1,128,78,4261376,1
Job70,15795000,15929118,3313258,3179140,1.0429,0.806485,1.0429,0.806485,0.959521,1,1,1,1,1,18.7974,0,1,1.04219,0,0,0,0,0,GPT2_SMALL,1,256,61,3176960,1
Job71,15796000,15803165,2206417,2199252,1.00356,0.75707,1.00356,0.75707,0.996753,1,1,1,1,1,20.6765,0,1,1.00326,0,0,0,0,0,VGG19,1,32,36,2198592,1
Job72,15796000,15803165,2069290,2062125,1.0035,0.752151,1.0035,0.752151,0.996537,1,1,1,1,1,20.9306,0,1,1.00347,0,0,0,0,0,BERTLARGE,1,128,28,2062080,1
Job73,16670000,16680360,3507414,3497054,1.00365,0.745477,1.00365,0.745477,0.997046,1,1,1,1,1,16.8473,0,1,1.00296,0,0,0,0,0,GPT2_SMALL,1,256,65,3494656,1
Job74,16763000,16804848,1217576,1175728,1.03575,0.798451,1.03575,0.798451,0.96563,1,1,1,1,1,20.1226,0,1,1.03559,0,0,0,0,0,ResNet50,1,128,13,1175552,1
Job75,17119000,17159560,3325639,3184624,0.758903,0.816868,0.353519,0.816868,1.29369,0.5,0,2,1.1935,7.22601,16.054,0,2,1.04428,2,53,53,0,0,GNMT,8,8,55,2929872,0.142
Job76,17424000,17424000,2865210,2865210,1.0002,0.727289,1.0002,0.727289,1,1,1,1,1,1,15.7009,0,1,1,0,0,0,0,0,GNMT,1,64,54,2864640,1
Job77,17655000,17684661,5855588,5825927,1.00529,0.675417,1.00529,0.675417,0.994935,1,1,1,1,1,14.1849,0,1,1.00509,0,0,0,0,0,GNMT,1,64,94,5824768,1
Job78,18284000,18284000,9150973,9028470,1.29642,1.2362,0.820414,1.2362,0.73523,0.764504,0.387436,27,3.39948,4.72289,9.97333,1,27,1.01357,0,27,27,0,0,GNMT,8,8,91,5591960,0.142
Job79,18684000,18719474,5552772,5517298,1.00699,0.665927,1.00699,0.665927,0.993611,0.5,0,1,1,2,13.3558,0,1,1.00643,0,27,27,0,0,GNMT,2,32,90,5514208,0.5
Job80,18722000,18747144,2890346,2865202,1.00976,0.671297,1.00976,0.671297,0.991301,1,1,1,1,2,14.2536,0,1,1.00878,0,0,0,0,0,ResNeXt,2,16,53,2862416,0.5
Job81,18756000,18799470,2052594,2009124,1.02165,0.674326,1.02165,0.674326,0.978822,1,1,1,1,2,14.5171,0,1,1.02164,0,0,0,0,0,GPT2_SMALL,2,128,27,2009088,0.5
Job82,19066000,19068026,2227424,2225398,1.0016,0.638214,1.0016,0.638214,0.99909,1,1,1,1,1,14.2782,0,1,1.00091,0,0,0,0,0,GPT2_SMALL,1,256,40,2223872,1
Job83,19206000,19206000,11367825,10667322,1.11935,1.26347,0.551027,1.26347,0.852657,0.77328,0.347666,15,5.6657,10.3803,7.11274,3,15,1.06567,0,6,6,0,0,ResNet50,16,8,99,7251160,0.066
Job84,19368000,19393158,2817512,2792354,1.00916,0.654147,1.00916,0.654147,0.991071,1,1,1,1,1,13.6567,0,1,1.00901,0,0,0,0,0,ResNet50,1,128,52,2791936,1
Job85,19550000,19562648,2402632,2389984,1.00614,0.652876,1.00614,0.652876,0.994736,1,1,1,1,2,13.7268,0,1,1.00529,0,0,0,0,0,ResNet50,2,64,41,2387968,0.5
Job86,19960000,19982798,1101393,1078595,0.558319,0.592187,0.349255,0.592187,1.73966,0.666667,0,1,1,8,14.199,0,1,1.02114,0,11,11,0,0,BERTLARGE,8,16,7,1110480,0.142
Job87,20423000,20444639,3132334,3110695,0.993364,0.641785,0.76052,0.641785,1.01171,0.5,0,1,1,4,13.3065,0,1,1.00696,0,74,74,0,0,VGG19,4,8,59,3095232,0.258
Job88,20619000,20627523,1009755,1001232,0.991542,0.652014,0.725579,0.652014,0.991559,0.25,0,1,1,4,13.6655,0,1,1.00851,0,9,9,0,0,GNMT,4,16,4,1018368,0.259
Job89,20717000,20732175,3453427,3438252,1.00461,0.656733,1.00461,0.656733,0.995606,1,1,1,1,1,12.8064,0,1,1.00441,0,0,0,0,0,GNMT,1,64,64,3437568,1
Job90,20984000,21019536,2967872,2932336,1.01242,0.653278,1.01242,0.653278,0.988026,1,1,1,1,1,13.0545,0,1,1.01212,0,0,0,0,0,VGG19,1,32,56,2931456,1
Job91,21482000,21506018,1167688,1143670,0.761343,0.654347,0.412303,0.654347,1.29051,0.5,0,1,1,8,12.1652,0,1,1.021,0,31,31,0,0,VGG19,8,4,12,1164020,0.136
Job92,21760000,21775314,2219804,2204490,1.0071,0.632087,1.0071,0.632087,0.993101,1,1,1,1,1,13.0438,0,1,1.00695,0,0,0,0,0,ResNet50,1,128,38,2204160,1
Job93,21969000,21969000,1145625,1145625,1.00002,0.600834,1.00002,0.600834,1,1,1,1,1,1,12.9281,0,1,1,0,0,0,0,0,BERTLARGE,1,128,10,1145600,1
Job94,22014000,22044459,952569,922110,0.357081,0.603332,0.202371,0.603332,2.74289,0.666667,0,1,1,16,12.4992,0,1,1.03303,0,8,8,0,0,GPT2_SMALL,16,16,2,941472,0.072
Job95,22611000,22619321,5176964,5168643,1.08003,0.939335,1.09219,0.939335,0.918648,0.455415,0.180236,4,1.18024,3.63953,6.24049,0,4,1.00161,0,6,6,0,0,BERTLARGE,4,32,82,4740000,0.264
Job96,22863000,22875240,967072,954832,0.947322,0.60991,0.697845,0.60991,1.04993,0.5,0,1,1,4,14.4354,0,1,1.01282,0,4,4,0,0,BERTLARGE,4,32,3,960000,0.264
Job97,22889000,22971000,891088,809088,1.0301,0.662546,0.753632,0.662546,0.970776,1,1,1,1,4,14.6139,0,1,1.10135,0,0,0,0,0,VGG19,4,8,1,809088,0.258
Job98,22897000,22903193,1028425,1022232,0.946845,0.618358,0.708554,0.618358,1.053,0.5,0,1,1,4,14.1566,0,1,1.00606,0,3,3,0,0,GPT2_SMALL,4,64,5,1025280,0.26
Job99,22952000,22966569,2207846,2193277,1.00733,0.787061,1.00733,0.787061,0.993401,1,1,1,1,1,9.25688,0,1,1.00664,0,0,0,0,0,ResNeXt,1,32,34,2191776,1
Job100,22971000,23043446,1075294,1002848,0.599006,0.662527,0.383794,0.662527,1.60957,0.333333,0,1,1,8,13.4681,0,1,1.07224,0,83,83,0,0,ResNeXt,8,4,6,1040144,0.13

Makespan,30573,avgJCT,3406.61,FairnessT,3.6306,avg_gpu_load,43.6488,cold_per_job,2.92,avg_wave,1.21266,avg_effi_gpu_load,0,avg_fair_gpu_load,0,avg_gpu_usg,2.9677,mean_n_avg,14.6477,avg_shuffle,2.92,maxFairT,1.29642,minFairT,0.357081,dfairT,0.0687161,dfairSq,0.141923,FairnessN,2.42867,maxFairN,1.42926,minFairN,0.588494,dfairN,0.218403,dfairNSq,0.246573
Fairness
Mm,1/n,1/n-Down,GPU_load,GPU_share
0.974368,0.811195,0.85017,0.811195,1.05327
Fairness CV
0.143262,0.195501,0.273833,0.195501
Locality
dist,bit,con
0.867513,0.73136,1.00933
