Job#,Admitted_time,Scheduled_time,JCT,Running_time,fairness(Mm),fairness(1/n),fairness(1/n-down),fairness(GPU_load),fairness(GPU_share),locality(dist),locality(bit),yield_count,n_avg,promote_count,model,gpu_req,rank_irt,ideal_run_time
Job1,0,0,2845902564,2234597411,0.96078,0.647168,0.7916,0.647175,1.04098,1,1,5,13.6774,0,GPT2_SMALL,8,731,2234257258
Job2,664859000,664859000,2681755880,1785865573,0.87799,0.519754,0.534334,0.519767,1.14035,1,1,14,23.9172,0,ResNet50,8,723,1783754210
Job3,1041729000,1041729000,4759054741,2644208070,0.5728,0.361791,0.315256,0.361793,1.74325,0.857202,0.645838,17,48.4557,0,GPT2_SMALL,8,732,2648120146
Job4,1041744000,1041744000,4944601450,2685402267,0.577776,0.368975,0.320913,0.368978,1.74231,0.829112,0.599484,28,49.0954,0,ResNeXt,8,733,2667697010
Job5,1316312000,1316312000,7381476835,4639563551,0.389642,0.293831,0.277541,0.293832,2.57272,0.966352,0.920728,35,48.8447,0,ResNet50,8,734,4628368762
Job6,1489167000,1489167000,3344126013,1135913811,0.842451,0.595,0.552172,0.595011,1.19069,0.964595,0.893785,14,45.4602,0,ResNeXt,8,718,1132481510
Job7,1647288000,1647288000,2034833495,497642471,1.28619,0.956822,0.91163,0.956857,0.778184,1,1,4,38.1598,0,BERTLARGE,8,682,497250170
Job8,1750290000,1750290000,1310704455,286174180,1.53226,1.21413,1.18,1.21425,0.653108,1,1,1,33.0174,0,ResNeXt,8,627,286040460
Job9,1781851000,1781871000,2053867801,561769497,0.945545,0.794434,0.756234,0.794474,1.05862,1,1,3,41.1345,0,ResNet50,8,697,561317866
Job10,1791691000,1791711000,2305269202,401960971,1.38483,1.18149,1.11449,1.18152,0.721519,0.891961,0.675882,5,43.7046,0,GPT2_SMALL,8,669,402325374
Job11,1803137000,1803157000,139693465,139673465,0.573861,0.565685,0.565685,0.565861,1.74299,1,1,0,15.0318,0,BERTLARGE,8,569,139673465
Job12,1809323000,1809343000,450325,430325,0.782137,0.782137,0.782137,0.903102,1.34906,1,1,0,12,0,BERTLARGE,8,79,430325
Job13,1814484000,1814504000,1643620603,273173210,1.60893,1.36373,1.29234,1.36386,0.622022,1,1,1,39.6057,0,ResNeXt,8,624,273040200
Job14,1821512000,1821532000,1646035764,270988161,1.60976,1.37095,1.2992,1.37109,0.621775,1,1,1,39.7775,0,ResNet50,8,622,270837399
Job15,1821790000,1821810000,2391338342,444411385,1.24354,1.08606,1.02604,1.08613,0.806069,0.990574,0.971721,5,44.6833,0,ResNet50,8,673,443457151
Job16,1823616000,1823636000,3108187089,496131456,1.30864,1.16878,1.07748,1.1689,0.773139,0.984876,0.954628,9,50.004,0,VGG19,8,680,490573642
Job17,1906385000,1906405000,3552622141,485138841,1.33227,1.26347,1.08033,1.26349,0.751188,0.965819,0.92329,8,57.6617,0,GPT2_SMALL,8,677,484795402
Job18,1906430000,1942830465,3606661313,489390817,1.34779,1.28216,1.09546,1.28221,0.749331,0.773428,0.382569,6,57.7524,0,ResNeXt,8,676,484666160
Job19,2083057000,2083077000,5436498510,2069264888,0.441623,0.439917,0.39815,0.439919,2.26459,0.943662,0.88031,22,56.094,0,GPT2_SMALL,8,728,2069106190
Job20,2084031000,2084051000,3470264678,289103147,1.96467,2.00662,1.70957,2.00676,0.510933,0.919555,0.839111,3,59.9099,0,ResNeXt,8,631,288098880
Job21,2126509000,2126529000,4176882801,727129269,0.910139,0.947971,0.819041,0.947999,1.10622,0.914468,0.781359,15,60.0213,0,ResNet50,8,713,722315641
Job22,2143060000,2143080000,3734505834,324324068,1.79962,1.88799,1.61177,1.88804,0.555067,0.812734,0.62037,4,60.6594,0,GPT2_SMALL,8,645,324717538
Job23,2144150000,2144170000,4008204468,384998641,1.63316,1.71285,1.47263,1.71293,0.616352,0.901363,0.726139,8,60.489,0,ResNeXt,8,664,382568710
Job24,2146104000,2146124000,4028461399,374293298,1.72753,1.81231,1.5592,1.81252,0.596654,0.918871,0.799024,3,60.4779,0,VGG19,8,651,363353321
Job25,2151555000,2151575000,4068516906,368967612,1.71779,1.80352,1.55363,1.80373,0.583392,1,1,2,60.4582,0,VGG19,8,654,368399590
Job26,2153518000,2153538000,4070596318,369821176,1.71337,1.79951,1.55031,1.7996,0.584805,0.974207,0.92262,2,60.4688,0,ResNeXt,8,656,369183520
Job27,2172908000,2238934000,4115189007,363654069,1.75213,1.84502,1.59227,1.84524,0.57153,1,1,1,60.4941,0,VGG19,8,652,363370757
Job28,2238914000,2238934000,4132895710,368665242,1.70599,1.81303,1.56756,1.81307,0.58634,1,1,1,60.8056,0,GPT2_SMALL,8,655,368597632
Job29,2240657000,2344281000,4155804779,407670380,1.55288,1.64962,1.4275,1.6497,0.644327,1,1,1,60.7345,0,ResNeXt,8,671,407537290
Job30,2246008000,2344281000,4168073836,379783930,1.67102,1.7755,1.53722,1.77556,0.598696,1,1,1,60.7113,0,BERTLARGE,8,663,379685780
Job31,2268494000,2344281000,5984725580,1926051888,0.516831,0.514523,0.476624,0.514527,1.93533,1,1,4,55.4272,0,BERTLARGE,8,724,1925657720
Job32,2344261000,2344281000,6212658312,2145557582,0.48422,0.47911,0.447864,0.479117,2.06704,1,1,8,55.005,0,GNMT,8,729,2143791710
Job33,2350449000,2350469000,5047233805,1056459399,0.753041,0.779064,0.69998,0.779078,1.32958,1,1,9,58.0855,0,ResNeXt,8,715,1055257090
Job34,2388124000,2388144000,4470248328,593157095,1.1483,1.21961,1.06954,1.21965,0.872564,1,1,7,60.0119,0,ResNet50,8,703,592101228
Job35,2388155000,2388175000,4625267110,584474224,1.21969,1.28738,1.13569,1.28748,0.822992,1,1,7,59.4538,0,VGG19,8,698,582486063
Job36,2399142000,2399162000,4922019685,602967932,1.27396,1.32666,1.18739,1.32671,0.786865,1,1,9,58.5775,0,ResNet50,8,705,601612324
Job37,2399509000,2530055000,5895429122,1125416757,0.861577,0.862451,0.799101,0.862467,1.16452,0.911627,0.867441,8,55.9062,0,ResNet50,8,717,1121800828
Job38,2402444000,2530055000,4948378670,317567835,2.43412,2.53191,2.26894,2.53208,0.41175,1,1,4,58.5059,0,ResNet50,8,640,316965193
Job39,2457996000,2457996000,146454073,146454073,0.394663,0.204619,0.384551,0.204689,2.53636,1,1,0,44.2527,0,VGG19,4,572,146454073
Job40,2480747000,2530055000,206854112,157546112,0.454018,0.240051,0.439981,0.240107,2.20439,1,1,0,50.7736,0,GNMT,4,588,157546112
Job41,2480788000,2530055000,85694460,36427460,0.49187,0.513544,0.489999,0.513892,2.03806,1,1,0,40.9088,0,ResNeXt,8,411,36427460
Job42,2530035000,2530055000,96113085,96093085,0.33381,0.180713,0.327145,0.180795,3.00078,1,1,0,52.0644,0,VGG19,4,516,96093085
Job43,2530285000,2530305000,98087334,98067334,0.332323,0.179945,0.325796,0.17996,3.01007,1,1,0,52.2071,0,GPT2_SMALL,4,525,98067334
Job44,2531100000,2531100000,85695480,85695480,0.337517,0.182489,0.330876,0.182566,2.96741,1,1,0,51.4591,0,GNMT,4,476,85695480
Job45,2546447000,2546467000,78742024,78722024,0.319212,0.174999,0.314823,0.175077,3.13815,1,1,0,54.1066,0,GNMT,4,467,78722024
Job46,2549354000,2549354000,25688680,25688680,0.36022,0.19617,0.357354,0.19647,2.79002,1,1,0,47.8118,0,GNMT,4,387,25688680
Job47,2562009000,2562029000,7025265648,2240747830,0.570814,0.535984,0.515617,0.535989,1.76717,0.57126,0.356889,4,52.1356,0,ResNeXt,8,730,2221460310
Job48,2563486000,2563506000,4993599437,374383215,2.07893,2.15098,1.94077,2.15109,0.481483,1,1,2,58.4742,0,ResNeXt,8,660,374115720
Job49,2563593000,2566482460,5050428015,373540601,2.11889,2.18592,1.97674,2.1861,0.472999,1,1,3,58.2679,0,GNMT,8,658,372878033
Job50,2564020000,2680573543,5196730015,372385452,2.20999,2.26093,2.05744,2.261,0.452926,1,1,3,57.7094,0,BERTLARGE,8,657,372092930
Job51,2564767000,2575042680,86806928,76531248,0.338285,0.188204,0.337559,0.188286,2.96152,1,1,0,57.2287,0,GNMT,4,465,76531248
Job52,2564786000,2604450073,122119673,82455600,0.438019,0.243605,0.437272,0.243703,2.28692,1,1,0,57.6774,0,GNMT,4,472,82455600
Job53,2564810000,2616795480,132151256,80165776,0.489471,0.271436,0.488516,0.271462,2.04385,1,1,0,57.3889,0,GPT2_SMALL,4,469,80165776
Job54,2566204000,2680573543,119115617,4746074,3.73052,4.14861,3.72469,4.15546,0.270359,1,1,0,57.7661,0,GPT2_SMALL,8,228,4746074
Job55,2566286000,2685319617,123972522,4938905,3.8791,4.30778,3.87322,4.34753,0.270058,1,1,0,57.7079,0,VGG19,8,231,4938905
Job56,2569396000,2625189024,130342992,74549968,0.519316,0.287869,0.518333,0.287996,1.92925,1,1,0,57.4516,0,GNMT,4,461,74549968
Job57,2572327000,2690258522,123181369,5249847,3.61169,4.00596,3.6067,4.04054,0.289241,1,1,0,57.7673,0,VGG19,8,244,5249847
Job58,2572349000,2695508369,127655432,4496063,4.30815,4.77162,4.30032,4.79492,0.237981,1,1,0,57.5389,0,ResNet50,8,222,4496063
Job59,2581800000,2699738992,122421008,4482016,4.15074,4.58855,4.14032,4.61102,0.247024,1,1,0,57.496,0,ResNet50,8,221,4482016
Job60,2587753000,2700004432,119038688,6787256,2.67237,2.95029,2.66371,2.96499,0.38383,1,1,0,57.4074,0,GNMT,8,270,6787256
Job61,2592282000,2626148085,88271543,54405458,0.470267,0.262643,0.470007,0.262729,2.12951,1,1,0,58.7689,0,ResNet50,4,431,54405458
Job62,2592304000,2628372334,98624499,62556165,0.459154,0.256023,0.458858,0.256185,2.18395,1,1,0,58.5715,0,VGG19,4,442,62556165
Job63,2592352000,2651573928,113451457,54229529,0.621793,0.343939,0.619902,0.344193,1.61335,1,1,0,57.5541,0,VGG19,4,430,54229529
Job64,2592415000,2680553543,147123345,58984802,0.781784,0.423893,0.7732,0.424027,1.28077,1,1,0,54.9109,0,ResNet50,4,436,58984802
Job65,2608949000,2686905673,80887822,2931149,8.54185,4.80475,8.53678,4.87524,0.124392,1,1,0,58.3917,0,VGG19,4,206,2931149
Job66,2642838000,2687601112,160796430,116033318,0.474097,0.249296,0.468298,0.249339,2.11059,1,1,0,50.3376,0,ResNet50,4,548,116033318
Job67,2642860000,2704221008,195940388,134579380,0.251406,0.262989,0.248728,0.263006,3.97879,1,1,0,49.7699,0,GPT2_SMALL,8,565,134579380
Job68,2642880000,2689836822,158727980,111771158,0.485515,0.255399,0.479526,0.255444,2.06101,1,1,0,50.3784,0,ResNet50,4,547,111771158
Job69,2642898000,2690928499,176602827,128572328,0.473231,0.247996,0.467727,0.248065,2.11529,1,1,0,49.975,0,GNMT,4,559,128572328
Job70,2687731000,2706791688,5181319185,400490763,2.07279,2.10213,1.92259,2.10223,0.483039,1,1,3,57.2688,0,ResNeXt,8,668,400090760
Job71,2777213000,2777233000,5330917634,384854389,2.24088,2.25174,2.07641,2.25193,0.447219,1,1,3,56.8269,0,GNMT,8,665,384191075
Job72,2777242000,2777262000,5440076385,363798171,2.42209,2.42983,2.24432,2.42991,0.413462,0.884682,0.807804,3,56.716,0,BERTLARGE,8,650,363338945
Job73,2777269000,2777289000,5546169266,386456676,2.38971,2.38951,2.21415,2.38972,0.428888,0.773378,0.622297,4,56.4673,0,GNMT,8,661,377228171
Job74,2816171000,2816191000,6133099,6113099,0.365106,0.187,0.364981,0.187407,2.75944,1,1,0,47.0802,0,BERTLARGE,4,259,6113099
Job75,2816200000,2816200000,1905200,1905200,0.379924,0.199949,0.379924,0.204235,2.82353,1,1,0,48,0,GNMT,4,193,1905200
Job76,2821607000,2821627000,18322675,18302675,0.354877,0.183538,0.354839,0.183669,2.82498,1,1,0,48.0822,0,BERTLARGE,4,371,18302675
Job77,2821611000,2821627000,18015593,17999593,0.356896,0.184894,0.35686,0.185357,2.82666,1,1,0,48.1007,0,VGG19,4,368,17999593
Job78,2823568000,2823568000,36934117,36934117,0.366984,0.188683,0.366609,0.188918,2.73636,1,1,0,46.5658,0,VGG19,4,412,36934117
Job79,2835723000,2835743000,95192275,95172275,0.379299,0.193357,0.37903,0.1934,2.63834,1,1,0,44.8929,0,ResNet50,4,512,95172275
Job80,2872930000,2872950000,3114798,3094798,0.375229,0.194922,0.37396,0.195485,2.69027,1,1,0,46.1873,0,GPT2_SMALL,4,208,3094798
Job81,2872964000,2872964000,1415680,1415680,1,0.198873,1,0.200421,1,1,1,0,46,0,ResNet50,1,185,1415680
Job82,2874551000,2874551000,3111213,3111213,0.386707,0.203349,0.386674,0.206636,2.72056,1,1,0,46.2535,0,VGG19,4,209,3111213
Job83,2875256000,2875276000,19458781,19438781,0.376761,0.194183,0.376702,0.194656,2.67519,1,1,0,45.5322,0,VGG19,4,381,19438781
Job84,2878204000,2878204000,5564812,5564812,0.371502,0.192298,0.371502,0.192604,2.70588,1,1,0,46,0,GPT2_SMALL,4,254,5564812
Job85,2893118000,2893118000,6189312,6189312,0.383394,0.197777,0.383359,0.199049,2.66199,1,1,0,45.258,0,GNMT,4,260,6189312
Job86,2964419000,2964419000,2883485,2883485,0.407472,0.209642,0.407472,0.21342,2.58824,1,1,0,44,0,VGG19,4,204,2883485
Job87,2984229000,2984229000,9867784,9867784,0.387473,0.196138,0.387473,0.196318,2.58824,1,1,0,44,0,GPT2_SMALL,4,310,9867784
Job88,3058681000,3058681000,658796129,488984745,0.430703,0.230798,0.42697,0.230817,2.33649,0.942705,0.885411,7,53.9823,0,VGG19,4,678,486071989
Job89,3064454000,3064474000,973083160,489100878,0.618734,0.331045,0.611101,0.331051,1.62151,0.803303,0.689998,14,55.5278,0,GPT2_SMALL,4,679,487533226
Job90,3075445000,3075445000,201900545,201900545,0.29188,0.16523,0.289818,0.165263,3.42899,1,1,0,58.7078,0,VGG19,4,608,201900545
Job91,3078170000,3078190000,219932071,219912071,0.290461,0.164549,0.288812,0.164559,3.4437,1,1,0,58.8825,0,ResNeXt,4,613,219912071
Job92,3078186000,3078190000,208734218,208730218,0.29035,0.164672,0.288622,0.164678,3.44466,1,1,0,58.911,0,GPT2_SMALL,4,610,208730218
Job93,3078791000,3078811000,448750,428750,1.04665,0.220305,1.04665,0.225888,0.955432,1,1,0,48,0,ResNeXt,1,77,428750
Job94,3083907000,3083927000,5528397524,591586843,1.52662,1.50855,1.40864,1.50857,0.652878,0.638458,0.290511,4,56.2036,0,GPT2_SMALL,8,704,593586948
Job95,3091811000,3091831000,102089788,102069788,0.281927,0.162409,0.280582,0.162437,3.54977,1,1,0,60.6472,0,ResNet50,4,535,102069788
Job96,3092234000,3092234000,102818936,102818936,0.281704,0.162401,0.280411,0.162452,3.5548,1,1,0,60.7103,0,GNMT,4,538,102818936
Job97,3093291000,3093311000,98839891,98819891,0.281232,0.162182,0.28003,0.162211,3.55863,1,1,0,60.7688,0,ResNet50,4,527,98819891
Job98,3093660000,3093660000,121871,121871,0.58764,0.390041,0.58764,0.525025,3.05882,1,1,0,52,0,ResNeXt,4,2,121871
Job99,3093838000,3093838000,261712,261712,0.672769,0.480111,0.672761,0.758351,3.06273,1,1,0,52.0677,0,GNMT,4,35,261712
Job100,3094082000,3094099712,1667296012,464587265,1.05626,0.572567,1.0344,0.572615,0.974535,0.944194,0.888387,46,60.7123,0,VGG19,4,674,451508969
Job101,3094311000,3094331000,198735001,198715001,0.285523,0.16319,0.284755,0.163223,3.50541,1,1,0,59.7588,0,VGG19,4,607,198715001
Job102,3095787000,3095807000,7044485834,2042945444,0.725995,0.617911,0.598634,0.617918,1.39864,0.691477,0.0744303,2,49.7153,0,ResNet50,8,726,2012057547
Job103,3098091000,3098111000,6061495435,1035030709,1.00724,0.966831,0.91929,0.966843,0.993655,0.88435,0.826525,4,54.1953,0,BERTLARGE,8,714,1034216945
Job104,3101498000,3101498000,93943187,93943187,0.277907,0.16118,0.277002,0.16121,3.60137,1,1,0,61.4234,0,ResNet50,4,507,93943187
Job105,3101505000,3192130891,184589984,93964093,0.558601,0.320151,0.557228,0.320286,1.79351,1,1,0,60.044,0,VGG19,4,508,93964093
Job106,3101512000,3193900788,181744950,89356162,0.577356,0.330869,0.575916,0.330896,1.73267,1,1,0,60.0604,0,GPT2_SMALL,4,492,89356162
Job107,3134865000,3195052936,61261924,1073988,57.0415,10.7504,57.0415,11.1414,0.0175311,1,1,0,63.2612,0,GNMT,1,171,1073988
Job108,3140207000,3195441187,163308169,108073982,0.427398,0.244902,0.4263,0.244942,2.34145,1,1,0,60.3029,0,ResNet50,4,545,108073982
Job109,3140238000,3196126924,143006863,87117939,0.462179,0.266059,0.460914,0.266094,2.16494,1,1,0,60.5806,0,BERTLARGE,4,481,87117939
Job110,3140287000,3232833000,186480541,93934541,0.565254,0.321675,0.563788,0.32172,1.7702,1,1,0,59.8973,0,ResNeXt,4,506,93934541
Job111,3140308000,3232833000,220710521,128185521,0.494844,0.279578,0.49355,0.279665,2.02358,1,1,0,59.3869,0,VGG19,4,557,128185521
Job112,3149851000,3195052936,45561208,359272,126.815,24.1424,126.815,25.0987,0.00788548,1,1,0,63.8869,0,BERTLARGE,1,53,359272
Job113,3232813000,3247864000,15365642,314642,48.8353,9.15399,48.8353,9.41091,0.020477,1,1,0,59.0218,0,GPT2_SMALL,1,47,314642
Job114,3247844000,3247864000,474672,454672,1.04399,0.271334,1.04399,0.306359,0.957866,1,1,0,59.705,0,GNMT,1,84,454672
Job115,3249085000,3249105000,531105,511105,1.03913,0.254057,1.03913,0.280934,0.962343,1,1,0,59.2167,0,GNMT,1,89,511105
Job116,3249501000,3249501000,320510,320510,1,0.189359,1,0.195165,1,1,1,0,59.3591,0,ResNeXt,1,49,320510
Job117,3251164000,3251184000,202320393,202300393,0.307303,0.166354,0.306555,0.166387,3.25683,1,1,0,55.5069,0,VGG19,4,609,202300393
Job118,3266329000,3266329000,493741,493741,1,0.246707,1,0.274099,1,1,1,0,60,0,GNMT,1,87,493741
Job119,3280601000,3280621000,272862319,272842319,0.323889,0.171664,0.322413,0.171673,3.08809,1,1,0,52.7417,0,ResNeXt,4,623,272842319
Job120,3280643000,3280643000,154027,154027,0.415111,0.260845,0.41505,0.296579,3.61852,1,1,0,61.5261,0,BERTLARGE,4,7,154027
Job121,3280676000,3280696000,31363843,31343843,0.292767,0.161994,0.292618,0.162054,3.42118,1,1,0,58.2269,0,BERTLARGE,4,402,31343843
Job122,3280683000,3280696000,102700412,102687412,0.300427,0.163565,0.300155,0.163577,3.32964,1,1,0,56.6623,0,GPT2_SMALL,4,537,102687412
Job123,3281209000,3281209000,841931,841931,0.29211,0.171035,0.29211,0.173544,3.64706,1,1,0,62,0,BERTLARGE,4,144,841931
Job124,3291146000,3291166000,5982201886,1068458443,0.982659,0.931064,0.891058,0.931075,1.02,0.618388,0.241842,5,53.5327,0,BERTLARGE,8,716,1066058270
Job125,3291383000,3291403000,147349999,147329999,0.15491,0.166261,0.15467,0.16631,6.46513,1,1,0,55.0463,0,VGG19,8,574,147329999
Job126,3291423000,3293046001,5287436940,260762362,3.40612,3.35427,3.13633,3.35469,0.300317,0.838867,0.677734,4,56.2139,0,GNMT,8,618,255087230
Job127,3318504000,3318504000,2973329,2973329,0.300834,0.165473,0.300823,0.166492,3.41338,1,1,0,58.0295,0,ResNet50,4,207,2973329
Job128,3318637000,3318657000,366701,346701,0.61178,0.411554,0.611755,0.566257,3.25893,1,1,0,58.6019,0,VGG19,4,51,346701
Job129,3318783000,3318783000,106128539,106128539,0.310674,0.166662,0.310333,0.16668,3.22029,1,1,0,54.8052,0,BERTLARGE,4,544,106128539
Job130,3322170000,3322190000,44981239,44961239,0.301313,0.163687,0.301223,0.163735,3.32295,1,1,0,56.5323,0,ResNeXt,4,421,44961239
Job131,3328735000,3328755000,1033950,1013950,1.01972,0.171862,1.01972,0.173312,0.980657,1,1,0,58,0,ResNeXt,1,168,1013950
Job132,3522136000,3522156000,5488374326,586701962,1.59017,1.52575,1.44885,1.52577,0.626469,0.753271,0.259813,1,54.6718,0,GPT2_SMALL,8,700,588984806
Job133,3522176000,3522196000,5494616846,590325906,1.58947,1.52455,1.44803,1.52457,0.629256,1,1,1,54.647,0,GPT2_SMALL,8,701,590258308
Job134,3538671000,3538691000,5567197575,658804783,1.62095,1.54635,1.47308,1.54647,0.686977,0.75202,0.256059,3,54.2984,0,VGG19,8,702,591841930
Job135,3631837000,3631857000,7045449629,1962870914,0.958192,0.677695,0.662024,0.677703,1.04384,1,1,2,46.0949,0,ResNet50,8,725,1962568689
Job136,3631840000,3631860000,7266446680,2046041354,1.04276,0.697864,0.684504,0.697873,0.973644,0.692451,0.0773518,1,44.7752,0,ResNet50,8,727,2015350930
Job137,3636408000,3636428000,4616678,4596678,1.00435,0.170042,1.00435,0.17033,0.995668,1,1,0,53,0,GPT2_SMALL,1,225,4596678
Job138,3648508000,3648528000,5032582,5012582,1.00399,0.166693,1.00399,0.166946,0.996026,1,1,0,60.7157,0,GPT2_SMALL,1,235,5012582
Job139,3648548000,3648548000,5521310,5521310,1,0.166105,1,0.166357,1,1,1,0,60.522,0,ResNeXt,1,253,5521310
Job140,3648604000,3648604000,5491855,5491855,1,0.166212,1,0.166489,1,1,1,0,60.5666,0,ResNet50,1,251,5491855
Job141,3648638000,3648638000,5092534,5092534,1,0.166681,1,0.167074,1,1,1,0,60.8346,0,BERTLARGE,1,237,5092534
Job142,3648668000,3648688000,5463762,5443762,1.00367,0.166826,1.00367,0.167106,0.99634,1,1,0,60.5898,0,ResNet50,1,250,5443762
Job143,3648710000,3648710000,4883246,4883246,1,0.16597,1,0.166229,1,1,1,0,60.9489,0,GPT2_SMALL,1,230,4883246
Job144,3648743000,3648743000,5511937,5511937,1,0.170009,1,0.171065,1,1,1,0,60.4772,0,GNMT,1,252,5511937
Job145,3648776000,3648776000,5433799,5433799,1,0.170057,1,0.171128,1,1,1,0,60.5483,0,GNMT,1,249,5433799
Job146,3648808000,3648828000,5076670,5056670,1.00396,0.166749,1.00396,0.167026,0.99606,1,1,0,60.8445,0,ResNeXt,1,236,5056670
Job147,3674569000,3674589000,674403,654403,1.03056,0.186044,1.03056,0.18891,0.970344,1,1,0,53,0,ResNet50,1,108,654403
Job148,3707364000,3707384000,6555450,6535450,1.00306,0.172813,1.00306,0.173022,0.996949,1,1,0,52,0,GPT2_SMALL,1,266,6535450
Job149,3718043000,3718063000,7123557,7103557,1.00282,0.172149,1.00282,0.172378,0.997192,1,1,0,56.6785,0,ResNet50,1,277,7103557
Job150,3718070000,3718070000,6274506,6274506,1,0.175095,1,0.176077,1,1,1,0,56.9093,0,GNMT,1,261,6274506
Job151,3718098000,3718098000,7196245,7196245,1,0.174607,1,0.175459,1,1,1,0,56.635,0,GNMT,1,278,7196245
Job152,3718138000,3718138000,8081714,8081714,1,0.173854,1,0.174486,1,1,1,0,56.0077,0,VGG19,1,296,8081714
Job153,3718200000,3718220000,6907954,6887954,1.0029,0.171957,1.0029,0.172154,0.997105,1,1,0,56.7962,0,GPT2_SMALL,1,273,6887954
Job154,3718228000,3718228000,6638210,6638210,1,0.17413,1,0.174903,1,1,1,0,56.9056,0,VGG19,1,267,6638210
Job155,3718255000,3718255000,6533092,6533092,1,0.172026,1,0.172352,1,1,1,0,56.9321,0,BERTLARGE,1,265,6533092
Job156,3790105000,3790125000,5791098,5771098,1.00347,0.175435,1.00347,0.175818,0.996546,1,1,0,51,0,BERTLARGE,1,255,5771098
Job157,3802692000,3802712000,5328154108,260870262,3.53475,3.3537,3.19545,3.3538,0.283022,1,1,1,54.3526,0,GPT2_SMALL,8,619,260801706
Job158,3851952000,3851972000,5630110483,522298908,1.94067,1.79465,1.72923,1.79468,0.51339,0.759911,0.279734,1,52.7914,0,GPT2_SMALL,8,690,524266534
Job159,3852038000,3852058000,5645510968,512721860,1.99458,1.84234,1.77604,1.8424,0.501579,1,1,1,52.7207,0,ResNeXt,8,686,512588600
Job160,3854332000,3854352000,38705590,38685590,0.998668,0.155162,1.00052,0.155191,1.00134,1,1,0,62.1523,0,GPT2_SMALL,1,414,38685590
Job161,3854361000,3854361000,40021894,40021894,0.998214,0.154988,1,0.155031,1.00179,1,1,0,62.1874,0,BERTLARGE,1,416,40021894
Job162,3855149000,3855169000,90764242,90744242,0.274253,0.152383,0.273317,0.152404,3.64862,1,1,0,62.2525,0,ResNeXt,4,496,90744242
Job163,3855153000,3855173000,47123475,47103475,0.27475,0.154094,0.2732,0.15413,3.64366,1,1,0,62.3203,0,BERTLARGE,4,423,47103475
Job164,3855158000,3855178000,219002032,218982032,0.266204,0.149055,0.265243,0.149075,3.75903,1,1,0,64.1411,0,GNMT,4,612,218982032
Job165,3855163000,3855178000,251508977,251493977,0.27211,0.151063,0.270777,0.151073,3.69988,0.5,0,0,63.2115,0,ResNet50,4,616,249881249
Job166,3858780000,3858800000,86210413,86190413,0.273484,0.152143,0.272626,0.152164,3.659,1,1,0,62.4132,0,ResNeXt,4,477,86190413
Job167,3873252000,3873272000,95194079,95174079,0.275412,0.153737,0.274927,0.153797,3.7091,0.5,0,0,63.1794,0,VGG19,4,504,93345785
Job168,3873278000,3873298000,88349620,88329620,0.269406,0.150558,0.268903,0.150579,3.71434,1,1,0,63.2762,0,ResNeXt,4,490,88329620
Job169,3873304000,3873324000,93578172,93558172,0.26959,0.150501,0.26911,0.150512,3.71067,1,1,0,63.2074,0,GPT2_SMALL,4,505,93558172
Job170,3874480000,3874500000,231367128,231347128,0.268535,0.14938,0.267359,0.149384,3.72445,1,1,0,63.5996,0,GPT2_SMALL,4,615,231347128
Job171,3874561000,3874561000,5171082,5171082,0.990746,0.152023,1,0.152228,1.00942,1,1,0,67.6918,0,GPT2_SMALL,1,241,5171082
Job172,3875172000,3875172000,5134090,5134090,0.989061,0.152065,0.995907,0.152313,1.01118,1,1,0,68.2825,0,ResNet50,1,239,5134090
Job173,3875344000,3875364000,4990738,4970738,0.992545,0.15244,0.998127,0.152654,1.00762,1,1,0,68.4055,0,GPT2_SMALL,1,232,4970738
Job174,3876291000,3876291000,5012098,5012098,0.985866,0.151867,0.98602,0.15212,1.0145,1,1,0,68.9748,0,ResNet50,1,234,5012098
Job175,3876362000,3876362000,5229772,5229772,0.986823,0.155512,0.986772,0.156443,1.01388,1,1,0,68.9478,0,GNMT,1,243,5229772
Job176,3876401000,3876401000,5210261,5210261,0.986693,0.154707,0.986694,0.155484,1.01394,1,1,0,68.9477,0,VGG19,1,242,5210261
Job177,3880063000,3880063000,5904586,5904586,0.996095,0.152758,1,0.153043,1.00397,1,1,0,66.7965,0,BERTLARGE,1,257,5904586
Job178,3880113000,3880306090,6477725,6284635,1.02724,0.160218,1.03072,0.161014,0.973591,1,1,0,66.6067,0,GNMT,1,262,6284635
Job179,3880142000,3880334738,6983008,6790270,1.0252,0.156596,1.02838,0.156773,0.975442,1,1,0,66.3931,0,ResNeXt,1,271,6790270
Job180,3891204000,3894402894,5661707461,506670636,2.03701,1.87089,1.80785,1.87092,0.489608,0.756849,0.417457,3,52.3989,0,GPT2_SMALL,8,683,508061704
Job181,3901171000,3902276475,9213105,8107630,1.13635,0.17253,1.13635,0.172693,0.880011,1,1,0,62.8885,0,ResNeXt,1,297,8107630
Job182,3902120000,3902276475,7079933,6923458,1.0226,0.155369,1.0226,0.155525,0.977899,1,1,0,63.0221,0,GPT2_SMALL,1,274,6923458
Job183,3933460000,3933480000,95440075,95420075,0.258949,0.146025,0.258488,0.146049,3.86507,1,1,0,65.837,0,ResNet50,4,513,95420075
Job184,3937581000,3944990413,103899008,96489595,0.276449,0.156644,0.275954,0.156661,3.61929,1,1,0,66.3716,0,BERTLARGE,4,519,96489595
Job185,3937605000,3945913242,103288130,94979888,0.279488,0.158379,0.278986,0.158428,3.58358,1,1,0,66.3692,0,GNMT,4,510,94979888
Job186,3937626000,3949529000,108258520,96355520,0.288774,0.163638,0.288256,0.163665,3.46586,1,1,0,66.317,0,ResNet50,4,518,96355520
Job187,3949509000,3949529000,9033677,9013677,1.00222,0.151738,1.00222,0.15225,0.997786,1,1,0,64.7824,0,GNMT,1,306,9013677
Job188,3949581000,3949581000,7068367,7068367,1,0.149462,1,0.149636,1,1,1,0,65,0,ResNet50,1,276,7068367
Job189,3966675000,3966695000,1135945,1115945,0.330718,0.187683,0.330706,0.195548,3.59325,1,1,0,62.1824,0,VGG19,4,173,1115945
Job190,3969453000,3969473000,94747474,94727474,0.25607,0.145524,0.255547,0.145549,3.90855,1,1,0,66.5956,0,ResNet50,4,509,94727474
Job191,3969461000,3969481000,870219,850219,0.266747,0.155372,0.266639,0.157371,4.00201,1,1,0,69.6633,0,BERTLARGE,4,145,850219
Job192,3969469000,3969544000,948051,873051,0.286094,0.166842,0.286018,0.169235,3.77288,0.5,0,0,69.6679,0,ResNeXt,4,148,869555
Job193,3969480000,3970331219,1586919,735700,0.557626,0.322836,0.55749,0.325888,1.88206,1,1,0,69.0311,0,GPT2_SMALL,4,121,735700
Job194,3969487000,3970351219,1730743,866524,0.513681,0.296782,0.513541,0.299143,2.02786,1,1,0,68.8744,0,GPT2_SMALL,4,147,866524
Job195,3969494000,3970417051,83607441,82684390,0.257377,0.14688,0.257021,0.146892,3.90337,0.5,0,0,67.191,0,GPT2_SMALL,4,471,82337170
Job196,3969501000,3971066919,35148743,33582824,0.270465,0.152512,0.270278,0.152585,3.70635,1,1,0,65.9916,0,ResNet50,4,405,33582824
Job197,3969508000,3971217743,2455397,745654,0.863357,0.496594,0.862875,0.501261,1.21449,1,1,0,68.0261,0,GPT2_SMALL,4,123,745654
Job198,3969518000,3971963397,81972594,79527197,0.26149,0.149315,0.261144,0.149381,3.83299,1,1,0,67.2537,0,VGG19,4,468,79527197
Job199,3969524000,3998077000,29121856,568856,14.8755,8.50563,14.8713,8.70999,0.075067,1,1,0,65.3497,0,ResNeXt,4,98,568856
Job200,3998057000,3998077000,93279097,93259097,0.263515,0.147661,0.262196,0.14768,3.79726,1,1,0,64.8922,0,ResNeXt,4,503,93259097
Job201,3998061000,3998423000,1168707,806707,0.377593,0.220421,0.377553,0.223419,2.83775,1,1,0,69.8972,0,BERTLARGE,4,136,806707
Job202,3998066000,3998423000,91218961,90861961,0.264176,0.148259,0.262896,0.148318,3.79285,1,1,0,65.0471,0,VGG19,4,497,90861961
Job203,3998070000,3998645856,35524979,34949123,0.249574,0.14454,0.249482,0.144582,4.01299,1,1,0,69.3705,0,BERTLARGE,4,407,34949123
Job204,3998403000,3999229707,98758828,97932121,0.268393,0.149721,0.266832,0.149776,3.7327,1,1,0,64.366,0,VGG19,4,524,97932121
Job205,3998410000,4004649743,94356607,88116864,0.283043,0.158448,0.281579,0.158501,3.53894,1,1,0,64.7574,0,GNMT,4,488,88116864
Job206,4019169000,4028900075,46072830,36341755,1.251,0.185767,1.26777,0.185809,0.799379,1,1,0,66.4907,0,ResNet50,1,410,36341755
Job207,4019192000,4028900075,35288885,25580810,1.3557,0.200085,1.37951,0.200137,0.737648,1,1,0,67.888,0,GPT2_SMALL,1,386,25580810
Job208,4021979000,4033594979,12323239,707260,4.3898,2.60388,4.38971,2.62945,0.239663,1,1,0,70.9914,0,GPT2_SMALL,4,115,707260
Job209,4028299000,4034302239,6786106,782867,2.25909,1.34382,2.25882,1.36554,0.480082,1,1,0,70.7536,0,ResNeXt,4,132,782867
Job210,4040670000,4040690000,762475,742475,0.279546,0.162808,0.279446,0.16532,3.85315,1,1,0,67.2926,0,BERTLARGE,4,122,742475
Job211,4045918000,4045938000,73989268,73969268,0.293611,0.156692,0.292252,0.156729,3.40945,1,1,0,58.2461,0,ResNet50,4,460,73969268
Job212,4108910000,4108930000,654738,634738,0.348003,0.181222,0.348003,0.183561,3.02241,1,1,0,53,0,GPT2_SMALL,4,104,634738
Job213,4110150000,4110170000,30075616,30055616,0.315503,0.162932,0.315406,0.163109,3.18408,1,1,0,54.1821,0,GNMT,4,399,30055616
Job214,4113353000,4113373000,617238,597238,0.344909,0.18133,0.344909,0.183815,3.07355,0.5,0,0,54,0,GPT2_SMALL,4,102,594922
Job215,4114173000,4114193000,721816,701816,0.400774,0.220262,0.400752,0.234578,3.10212,1,1,0,54.2422,0,GNMT,4,113,701816
Job216,4114720000,4114720000,606839,606839,0.3577,0.192165,0.357677,0.1991,3.1932,1,1,0,54.2881,0,ResNet50,4,103,606839
Job217,4116915000,4116935000,604968,584968,0.338137,0.17929,0.338136,0.18177,3.12738,1,1,0,54.9835,0,GPT2_SMALL,4,100,584968
Job218,4116925000,4116945000,843664,823664,0.35021,0.187141,0.35019,0.191822,3.14506,1,1,0,54.7676,0,ResNet50,4,138,823664
Job219,4117716000,4117736000,33117368,33097368,0.309975,0.160184,0.309697,0.160339,3.2396,1,1,0,55.1561,0,GNMT,4,404,33097368
Job220,4119529000,4119549000,38133551,38113551,0.177685,0.183458,0.177486,0.18369,6.5444,0.666667,0,0,55.719,0,VGG19,8,403,32999241
Job221,4132895000,4132915000,1358676,1338676,0.161689,0.166196,0.161689,0.167164,6.37534,1,1,0,55,0,GPT2_SMALL,8,181,1338676
Job222,4135387000,4135407000,31080872,31060872,0.300493,0.155832,0.300302,0.155988,3.34295,1,1,0,56.9031,0,GNMT,4,401,31060872
Job223,4139317000,4139337000,751434,731434,0.312762,0.164839,0.312692,0.16652,3.34667,1,1,0,58.4624,0,GPT2_SMALL,4,120,731434
Job224,4139370000,4139390000,3471033,3451033,0.163613,0.16863,0.163495,0.170814,6.53442,1,1,0,55.9056,0,VGG19,8,212,3451033
Job225,4139403000,4139423000,839120,819120,0.162099,0.168866,0.162086,0.171528,6.72465,0.666667,0,0,58.56,0,BERTLARGE,8,137,817370
Job226,4139582000,4139602000,750190,730190,0.176455,0.18326,0.176404,0.18927,6.68383,1,1,0,58.3863,0,ResNet50,8,119,730190
Job227,4143355000,4143375000,278224,258224,0.424211,0.233893,0.424211,0.250832,3.00273,1,1,0,55,0,ResNeXt,4,33,258224
Job228,4144317000,4144337000,92221684,92201684,0.303101,0.156028,0.302708,0.156049,3.30123,1,1,0,56.2061,0,ResNeXt,4,501,92201684
Job229,4144325000,4144345000,75178698,75158698,0.152096,0.156364,0.151966,0.156379,6.57831,1,1,0,55.9783,0,GPT2_SMALL,8,462,75158698
Job230,4146314000,4146334000,87804055,87784055,0.151768,0.156152,0.151571,0.156173,6.59393,1,1,0,56.1339,0,BERTLARGE,8,484,87784055
Job231,4146324000,4146344000,52609093,52589093,0.300763,0.15525,0.300673,0.155361,3.33569,1,1,0,56.7453,0,VGG19,4,429,52589093
Job232,4147317000,4147337000,52573666,52553666,0.149946,0.154676,0.149896,0.154698,6.67416,1,1,0,56.7709,0,GPT2_SMALL,8,428,52553666
Job233,4196514000,4196534000,766619,746619,0.322792,0.171088,0.322791,0.173848,3.32169,1,1,0,57.9817,0,BERTLARGE,4,124,746619
Job234,4196528000,4196548000,904245,884245,0.373142,0.204522,0.373127,0.216439,3.32652,1,1,0,57.8323,0,VGG19,4,153,884245
Job235,4197742000,4197762000,784172,764172,0.157671,0.16197,0.15766,0.163569,6.66077,0.666667,0,0,58.1025,0,GPT2_SMALL,8,127,768052
Job236,4197757000,4197777000,845480,825480,0.162938,0.167597,0.162926,0.170198,6.68492,0.666667,0,0,58.203,0,BERTLARGE,8,139,823715
Job237,4198476000,4198496000,794104,774104,0.328025,0.175357,0.327856,0.179722,3.39204,1,1,0,59.1863,0,ResNet50,4,131,774104
Job238,4198481000,4198501000,789148,769148,0.328311,0.175549,0.328141,0.179952,3.39155,1,1,0,59.1875,0,ResNet50,4,129,769148
Job239,4198967000,4198987000,1573906,1553906,0.162254,0.167164,0.162095,0.169504,6.74485,0.666667,0,0,58.1269,0,ResNet50,8,188,1530869
Job240,4198976000,4198996000,915072,895072,0.347335,0.187441,0.347264,0.195448,3.42603,1,1,0,59.5572,0,GNMT,4,155,895072
Job241,4199011000,4199031000,954557,934557,0.359318,0.19521,0.359204,0.205437,3.41845,1,1,0,59.3781,0,VGG19,4,161,934557
Job242,4199019000,4199270104,1591696,1340592,0.17876,0.184026,0.178565,0.185039,5.73699,0.666667,0,0,57.9619,0,GPT2_SMALL,8,182,1347592
Job243,4223011000,4223031000,470323,450323,0.350001,0.191183,0.349724,0.196877,3.21358,1,1,0,57.1049,0,BERTLARGE,4,83,450323
Job244,4223030000,4223050000,455819,435819,0.350899,0.19214,0.350692,0.19808,3.21928,1,1,0,57.2749,0,BERTLARGE,4,81,435819
Job245,4223085000,4223085000,1236541,1236541,0.311475,0.166643,0.31139,0.168256,3.3245,0.5,0,0,56.532,0,BERTLARGE,4,178,1243899
Job246,4223101000,4223121000,1187235,1167235,0.319212,0.170973,0.319133,0.172743,3.27224,1,1,0,56.5956,0,BERTLARGE,4,176,1167235
Job247,4223125000,4223125000,48005306,48005306,0.287813,0.151189,0.287148,0.151228,3.49404,0.5,0,0,59.5361,0,ResNeXt,4,424,47793950
Job248,4223135000,4223155000,101773592,101753592,0.252445,0.142772,0.247205,0.142812,3.96709,1,1,0,68.8843,0,GNMT,4,534,101753592
Job249,4224458000,4224478000,97878830,97858830,0.126469,0.142703,0.123939,0.142727,7.91505,1,1,0,68.6654,0,ResNeXt,8,523,97858830
Job250,4224467000,4224487000,100586773,100566773,0.125894,0.142559,0.123306,0.142599,7.95702,1,1,0,69.0683,0,GNMT,8,531,100566773
Job251,4225071000,4225091000,369436,349436,0.311047,0.319947,0.311019,0.386975,6.63207,0.666667,0,0,59.6054,0,GNMT,8,50,340868
Job252,4225077000,4225097000,736516,716516,0.196344,0.202825,0.196257,0.214647,6.68852,1,1,0,58.4667,0,GNMT,8,117,716516
Job253,4225083000,4225103000,247658,227658,0.186697,0.192899,0.186696,0.200284,6.48611,0.666667,0,0,59.9758,0,GPT2_SMALL,8,24,228634
Job254,4225089000,4225109000,469135,449135,0.300801,0.309431,0.300751,0.374419,6.67369,1,1,0,59.2642,0,VGG19,8,82,449135
Job255,4226103000,4226123000,62004049,61984049,0.136486,0.146401,0.135263,0.146446,7.34005,1,1,0,62.9749,0,ResNet50,8,440,61984049
Job256,4226110000,4226130000,61338094,61318094,0.136558,0.146359,0.135362,0.146375,7.32777,1,1,0,62.8572,0,GPT2_SMALL,8,439,61318094
Job257,4228923000,4228943000,933970,913970,1.02188,0.183436,1.02188,0.189709,0.978586,1,1,0,59,0,VGG19,1,159,913970
Job258,4229900000,4229920000,137240971,137220971,0.247085,0.141546,0.243543,0.141556,4.04877,1,1,0,69.8406,0,BERTLARGE,4,567,137220971
Job259,4229907000,4234118055,140640235,136429180,0.127223,0.145832,0.125434,0.145849,7.86594,1,1,0,69.9073,0,ResNeXt,8,566,136429180
Job260,4240093000,4240113000,889630,869630,1.023,0.162936,1.023,0.164452,0.977519,1,1,0,59,0,ResNeXt,1,149,869630
Job261,4242220000,4242240000,1035588,1015588,1.01969,0.164301,1.01969,0.166197,0.980687,1,1,0,59,0,BERTLARGE,1,169,1015588
Job262,4260851000,4260871000,118713147,118693147,0.234168,0.138885,0.23259,0.138897,4.2724,1,1,0,73.1358,0,BERTLARGE,4,550,118693147
Job263,4260898000,4260918000,28075373,28055373,0.249611,0.141146,0.248278,0.141319,4.03255,1,1,0,68.9713,0,VGG19,4,395,28055373
Job264,4260919000,4260919000,28350429,28350429,0.254117,0.143778,0.252767,0.143956,4.0384,0.5,0,0,69.0201,0,VGG19,4,392,27809109
Job265,4261242000,4261262000,87560529,87540529,0.233693,0.13941,0.231718,0.139428,4.30111,0.5,0,0,73.7589,0,ResNeXt,4,482,87154817
Job266,4261289000,4271130306,10991656,1150350,9.55505,1.44589,9.55505,1.45553,0.104657,1,1,0,64.3871,0,ResNeXt,1,174,1150350
Job267,4261467000,4271130306,9937103,273797,36.2937,14.0609,36.2937,19.6107,0.027553,1,1,0,64.4241,0,GNMT,1,39,273797
Job268,4269338000,4271130306,3937940,2145634,1.83533,0.270408,1.83533,0.271261,0.544862,1,1,0,65.3761,0,GPT2_SMALL,1,198,2145634
Job269,4269508000,4273275940,55663719,51895779,0.244257,0.149802,0.242604,0.1499,4.18964,0.5,0,0,76.9163,0,VGG19,4,426,50900993
Job270,4270878000,4271130306,744217,491911,1.51291,0.310069,1.51291,0.33346,0.660978,1,1,0,66.0459,0,VGG19,1,85,491911
Job271,4272625000,4287448094,71205374,56382280,0.286241,0.173936,0.284494,0.174021,3.50317,1,1,0,75.6733,0,GNMT,4,432,56382280
Job272,4272639000,4287448094,74047315,59238221,0.284557,0.172489,0.28278,0.172587,3.52543,1,1,0,75.3862,0,VGG19,4,437,59238221
Job273,4272918000,4288107049,102995832,87806783,0.270359,0.16202,0.268897,0.162041,3.70139,1,1,0,74.2096,0,ResNeXt,4,486,87806783
Job274,4272940000,4288107049,103210214,88043165,0.27058,0.16218,0.269121,0.162242,3.70365,1,1,0,74.2086,0,VGG19,4,487,88043165
Job275,4273663000,4288973373,113913762,98603389,0.267123,0.159832,0.265814,0.159887,3.75071,1,1,0,74.0258,0,VGG19,4,526,98603389
Job276,4274163000,4289269429,96261205,81154776,0.273272,0.164037,0.271734,0.164093,3.66632,0.5,0,0,74.3478,0,GNMT,4,470,81154776
Job277,4274523000,4322336830,51278552,3464722,12.9961,2.04646,12.9362,2.05235,0.0771448,1,1,0,78.0058,0,BERTLARGE,1,213,3464722
Job278,4275002000,4322336830,49588604,2253774,19.436,3.19235,19.3508,3.22733,0.0519354,1,1,0,78.0703,0,VGG19,1,200,2253774
Job279,4279398000,4322336830,139278243,96339413,0.332272,0.19842,0.330953,0.198451,3.01223,1,1,0,74.3266,0,ResNet50,4,517,96339413
Job280,4279433000,4324908592,102161560,56685968,0.414858,0.24938,0.412722,0.249502,2.41703,1,1,0,74.4367,0,GNMT,4,433,56685968
Job281,4279459000,4325053773,104148120,58553347,0.408929,0.24564,0.406855,0.245681,2.4477,1,1,0,74.3902,0,BERTLARGE,4,435,58553347
Job282,4279470000,4325053773,136676573,91092800,0.344699,0.205846,0.343307,0.205871,2.90306,1,1,0,74.3485,0,ResNeXt,4,498,91092800
Job283,4279487000,4325171719,1359785556,539355629,0.594063,0.363635,0.553986,0.363646,1.70061,0.547141,0.192333,20,78.1599,0,ResNet50,4,694,533956691
Job284,4288661000,4322336830,39098478,5422648,6.19148,0.990114,6.16705,0.991495,0.161746,1,1,0,79.6202,0,ResNet50,1,248,5422648
Job285,4296678000,4322336830,27760165,2101335,11.1056,1.91439,11.0897,1.93688,0.0912945,1,1,0,82.1385,0,VGG19,1,196,2101335
Job286,4296948000,4324438165,28072915,582750,40.4957,7.01933,40.4437,7.10882,0.0250662,1,1,0,82.225,0,ResNeXt,1,99,582750
Job287,4296948000,4324590604,28180880,538276,44.1371,7.74326,44.0813,7.86208,0.0230613,1,1,0,82.2138,0,ResNet50,1,94,538276
Job288,4299314000,4325020915,27908865,2201950,10.5215,1.74372,10.5091,1.74922,0.0954213,1,1,0,82.3399,0,ResNeXt,1,199,2201950
Job289,4299349000,4325128880,26621192,841312,26.4415,4.59992,26.4212,4.65779,0.0384003,1,1,0,82.6936,0,BERTLARGE,1,143,841312
Job290,4299392000,4325801552,30122462,3712910,6.78942,1.11042,6.77462,1.11248,0.147618,1,1,0,81.6175,0,ResNeXt,1,215,3712910
Job291,4299427000,4325970192,30023352,3480160,7.21973,1.18297,7.20428,1.18554,0.138872,1,1,0,81.6444,0,ResNet50,1,214,3480160
Job292,4303415000,4327222865,24819632,1011767,20.9659,3.98368,20.9384,4.1158,0.0494044,1,1,0,82.5417,0,GNMT,1,166,1011767
Job293,4305325000,4330276125,212765634,187814509,0.26444,0.156011,0.263648,0.156038,3.78533,1,1,0,73.1187,0,VGG19,4,605,187814509
Job294,4305333000,4343830374,186028617,147531243,0.293916,0.174419,0.292919,0.174431,3.40359,1,1,0,73.2078,0,BERTLARGE,4,575,147531243
Job295,4305383000,4327759478,24893125,2516647,8.35828,1.43293,8.33345,1.44962,0.121243,1,1,0,81.81,0,GNMT,1,201,2516647
Job296,4309540000,4346686315,38069719,923404,9.70981,5.94476,9.62308,5.98779,0.107119,1,1,0,75.7613,0,GPT2_SMALL,4,160,923404
Job297,4317095000,4348822529,134526017,102798488,0.163377,0.192345,0.162923,0.192401,6.50419,0.666667,0,0,72.5503,0,GNMT,8,521,96915944
Job298,4346192000,4347609719,2091818,674099,0.843605,0.487744,0.843507,0.495972,1.28724,1,1,0,67.9141,0,BERTLARGE,4,110,674099
Job299,4348379000,4367140971,19404873,642902,8.03704,4.72785,8.0296,4.82224,0.13746,1,1,0,70.6005,0,ResNeXt,4,107,642902
Job300,4348420000,4367783873,61742843,42378970,0.34183,0.199684,0.341458,0.199713,2.92786,1,1,0,72.5954,0,GPT2_SMALL,4,417,42378970
Job301,4350132000,4370424205,126657519,106365314,0.281991,0.165939,0.281684,0.165956,3.56397,0.5,0,0,72.2251,0,ResNeXt,4,543,105896582
Job302,4354484000,4370547235,105579987,89516752,0.276714,0.162856,0.276441,0.162906,3.62003,1,1,0,72.6554,0,GNMT,4,494,89516752
Job303,4354492000,4370547235,16846371,791136,6.21957,3.75902,6.21682,3.93461,0.199292,1,1,0,72.1775,0,GNMT,4,133,791136
Job304,4357040000,4371338371,15001774,703403,5.47225,3.25561,5.47029,3.31338,0.200256,1,1,0,72.6328,0,ResNeXt,4,114,703403
Job305,4359888000,4372041774,94945295,82791521,0.268547,0.15794,0.268269,0.157961,3.72652,1,1,0,72.7259,0,ResNeXt,4,473,82791521
Job306,4360539000,4375913832,2097297326,530478076,1.05668,0.598481,0.977821,0.598495,0.957565,0.909494,0.864946,58,69.5499,0,ResNeXt,4,691,524327819
Job307,4369542000,4376150214,46096370,39488156,0.269332,0.158307,0.269164,0.15835,3.71871,1,1,0,73.8437,0,ResNeXt,4,415,39488156
Job308,4369554000,4379564147,25451387,15441240,0.388808,0.228619,0.388634,0.22903,2.59775,1,1,0,72.8234,0,GNMT,4,349,15441240
Job309,4369564000,4381594560,31213835,19183275,0.380194,0.22271,0.380043,0.222824,2.63774,1,1,0,72.9924,0,BERTLARGE,4,379,19183275
Job310,4369603000,4383607120,20424976,6420856,0.751142,0.442074,0.750875,0.442515,1.33865,1,1,0,72.4168,0,GPT2_SMALL,4,263,6420856
Job311,4369858000,4387576762,48283533,30564771,0.364576,0.214462,0.364355,0.21453,2.74784,1,1,0,73.8381,0,BERTLARGE,4,400,30564771
Job312,4370317000,4390027976,24375540,4664564,1.24456,0.732303,1.24404,0.734731,0.81828,1,1,0,72.7237,0,ResNet50,4,226,4664564
Job313,4375846000,4394692540,45248120,26401580,0.396995,0.233227,0.396718,0.233359,2.52702,1,1,0,73.677,0,ResNet50,4,388,26401580
Job314,4379107000,4418161533,112208882,73154349,0.180594,0.212651,0.180403,0.212758,5.55491,1,1,0,72.501,0,VGG19,8,457,73154349
Job315,4379272000,4395005387,27018976,11285589,0.564327,0.329742,0.563972,0.330724,1.80188,1,1,0,73.3827,0,VGG19,4,315,11285589
Job316,4388844000,4400777835,12062341,128506,29.8133,18.1843,29.8087,19.5402,0.0463163,1,1,0,73.9206,0,GPT2_SMALL,4,3,128506
Job317,4389094000,4421114120,158298704,126278584,0.148222,0.171289,0.148055,0.171298,6.74886,1,1,0,71.9925,0,GPT2_SMALL,8,555,126278584
Job318,4389127000,4434468288,177692310,132351022,0.159598,0.183552,0.159417,0.183602,6.27675,1,1,0,71.7114,0,VGG19,8,563,132351022
Job319,4390681000,4400906341,30876151,20650810,0.341879,0.20129,0.341695,0.20135,2.93005,1,1,0,74.5152,0,GPT2_SMALL,4,382,20650810
Job320,4390704000,4406290976,43744288,28157312,0.36367,0.213236,0.363092,0.213319,2.75577,1,1,0,72.8977,0,ResNeXt,4,396,28157312
Job321,4390963000,4410162843,19997158,797315,6.1664,3.65068,6.16448,3.70502,0.175872,1,1,0,75.0105,0,ResNeXt,4,135,797315
Job322,4396518000,4451621017,58715139,3612122,2.12112,2.49524,2.11804,2.51662,0.525613,0.666667,0,0,72.7291,0,GNMT,8,211,3416486
Job323,4401476000,4410960158,10379961,895803,2.76165,1.64888,2.76122,1.66773,0.385897,1,1,0,76.0279,0,BERTLARGE,4,156,895803
Job324,4401674000,4411855961,86688721,76506760,1.06651,0.157725,1.06524,0.157746,0.937688,1,1,0,72.3351,0,BERTLARGE,1,464,76506760
Job325,4402256000,4411855961,33382747,23782786,1.32214,0.194675,1.31948,0.194727,0.756432,1,1,0,72.3463,0,GPT2_SMALL,1,385,23782786
Job326,4403968000,4415638370,12936342,1265972,2.40684,1.44223,2.40655,1.45526,0.437002,1,1,0,75.9231,0,ResNeXt,4,180,1265972
Job327,4403999000,4416146573,12732576,585003,5.38017,3.24368,5.37955,3.30356,0.205241,1,1,0,75.9491,0,BERTLARGE,4,101,585003
Job328,4409377000,4411855961,72066952,69587991,0.980863,0.145512,0.97977,0.14557,1.01967,1,1,0,71.8876,0,GNMT,1,453,69587991
Job329,4410278000,4411855961,78472195,76894234,0.965769,0.142803,0.964808,0.142815,1.03548,1,1,0,71.929,0,GPT2_SMALL,1,466,76894234
Job330,4414926000,4416731576,84754542,82948966,0.966133,0.142332,0.965227,0.142372,1.03517,1,1,0,71.9914,0,VGG19,1,474,82948966
Job331,4416392000,4416731576,76804726,76465150,0.951675,0.140431,0.950749,0.140444,1.05081,1,1,0,71.8427,0,ResNeXt,1,463,76465150
Job332,4433259000,4433279000,305938,285938,0.366634,0.227169,0.366634,0.247374,3.84847,1,1,0,70,0,ResNet50,4,43,285938
Job333,4435381000,4435381000,1507134,1507134,0.961215,0.157053,0.961184,0.159857,1.04542,1,1,0,71.0914,0,VGG19,1,187,1507134
Job334,4435393000,4435393000,4432511,4432511,0.964661,0.146685,0.9646,0.147507,1.03808,1,1,0,70.5941,0,VGG19,1,218,4432511
Job335,4435430000,4454833295,21169945,1766650,2.84446,1.69607,2.8424,1.70234,0.358733,1,1,0,73.1318,0,GPT2_SMALL,4,192,1766650
Job336,4435440000,4455233139,32510611,12717472,0.599446,0.357447,0.59909,0.357628,1.67285,1,1,0,72.7424,0,GPT2_SMALL,4,321,12717472
Job337,4438849000,4455233139,21151684,4767545,1.05076,0.628776,1.05027,0.630839,0.9751,0.5,0,0,73.5787,0,ResNet50,4,227,4737665
Job338,4440329000,4456599945,204503838,188232893,0.259894,0.148158,0.259562,0.148184,3.85152,1,1,0,71.2266,0,VGG19,4,606,188232893
Job339,4441204000,4460000684,114370512,95573828,0.28582,0.163664,0.285572,0.163683,3.51645,0.5,0,0,71.599,0,ResNeXt,4,511,95152688
Job340,4445329000,4460063987,19170200,4435213,1.03858,0.627101,1.03825,0.632135,1.00533,1,1,0,73.8942,0,VGG19,4,219,4435213
Job341,4445329000,4464499200,21924587,2754387,1.87843,1.12959,1.87758,1.13375,0.543145,1,1,0,73.5306,0,BERTLARGE,4,203,2754387
Job342,4447693000,4467253587,2230514073,527898619,1.18468,0.652831,1.0839,0.652852,0.851432,0.994972,0.990203,34,66.8443,0,ResNet50,4,689,523440059
Job343,4449786000,4467950611,2435184129,512196416,1.37633,0.744122,1.25507,0.744167,0.732138,0.991041,0.982659,17,64.8928,0,GNMT,4,684,508442168
Job344,4454751000,4476789519,2664871137,531512493,1.49584,0.792001,1.36113,0.792048,0.672326,0.722646,0.445511,13,62.9768,0,GNMT,4,692,528644728
Job345,4459151000,4481443952,187532543,165239591,0.273359,0.155156,0.273019,0.155167,3.67576,0.333333,0,0,71.0066,0,ResNeXt,4,597,164511215
Job346,4474237000,4491315882,18832493,1753611,2.57016,1.51332,2.5692,1.52202,0.401596,1,1,0,73.3461,0,BERTLARGE,4,190,1753611
Job347,4474369000,4491315882,26170053,9223171,0.662745,0.385269,0.662563,0.385673,1.51786,1,1,0,73.2363,0,BERTLARGE,4,307,9223171
Job348,4474374000,4491361617,18407299,1419682,3.08311,1.81418,3.082,1.82245,0.332632,1,1,0,73.3449,0,GPT2_SMALL,4,186,1419682
Job349,4477154000,4522285268,173613418,128482150,0.161885,0.183073,0.161669,0.183095,6.18201,1,1,0,71.1,0,ResNeXt,8,558,128482150
Job350,4477187000,4528522194,189585594,138250400,0.173664,0.197302,0.173419,0.197343,6.1162,0.666667,0,0,71.3927,0,GNMT,8,561,130335200
Job351,4480939000,4547392704,200559950,134106246,0.178048,0.203188,0.177781,0.203242,5.62619,1,1,0,71.6275,0,VGG19,8,564,134106246
Job352,4489026000,4492781299,33239268,29483969,0.266435,0.150904,0.266324,0.151071,3.77713,1,1,0,72.4197,0,VGG19,4,397,29483969
Job353,4489035000,4493069493,39467194,35432701,0.265025,0.149409,0.264849,0.149547,3.79311,1,1,0,71.8732,0,VGG19,4,409,35432701
Job354,4489129000,4500539053,173270190,161860137,0.256254,0.145083,0.255883,0.145113,3.90685,1,1,0,71.2013,0,VGG19,4,592,161860137
Job355,4490252000,4566819310,201465385,124898075,0.191775,0.21932,0.191488,0.219339,5.21727,1,1,0,71.6403,0,BERTLARGE,8,553,124898075
Job356,4490282000,4650767418,290159163,129673745,0.273878,0.312287,0.272788,0.312313,3.65317,1,1,0,69.7596,0,BERTLARGE,8,560,129673745
Job357,4490311000,4666772594,303289274,126827680,0.295627,0.336214,0.294126,0.336243,3.39244,0.666667,0,0,69.3084,0,BERTLARGE,8,556,126528740
Job358,4491079000,4491079000,28003550,28003550,0.93829,0.133049,0.938069,0.13308,1.06589,1,1,0,72.4974,0,ResNeXt,1,394,28003550
Job359,4500549000,4500549000,27707626,27707626,0.957007,0.134335,0.956699,0.134382,1.04504,1,1,0,71.0858,0,BERTLARGE,1,391,27707626
Job360,4531476000,4555574512,193672418,169573906,0.27428,0.158172,0.273815,0.158178,3.66205,0.5,0,0,71.2228,0,GPT2_SMALL,4,600,168861604
Job361,4537390000,4615212000,169005479,91183479,0.449478,0.259742,0.448798,0.259839,2.27309,0.5,0,0,71.7312,0,VGG19,4,493,89432041
Job362,4537406000,4644832838,199858670,92431832,0.519666,0.299973,0.518626,0.300063,1.92748,1,1,0,70.9923,0,GNMT,4,502,92431832
Job363,4537420000,4646683543,197964372,88700829,0.546685,0.315664,0.545628,0.315786,1.869,0.333333,0,0,71.0493,0,VGG19,4,480,86997205
Job364,4581602000,4662399190,101904661,21107471,4.5171,0.663475,4.51017,0.664204,0.221496,1,1,0,72.8289,0,VGG19,1,384,21107471
Job365,4615192000,4664427000,137562987,88327987,0.373349,0.21928,0.371902,0.219305,2.6801,1,1,0,71.2344,0,BERTLARGE,4,489,88327987
Job366,4615203000,4681498950,154743863,88447913,0.42589,0.248369,0.423584,0.248401,2.34964,1,1,0,70.2643,0,ResNeXt,4,491,88447913
Job367,4615213000,4681498950,170149118,103863168,0.40473,0.234536,0.401897,0.234601,2.47437,1,1,0,69.396,0,GNMT,4,540,103863168
Job368,4620548000,4662399190,702347418,660496228,0.881125,0.149887,0.856478,0.149889,1.13493,1,1,0,84.427,0,ResNet50,1,709,660496228
Job369,4620551000,4662399190,700607358,658759168,0.881889,0.149981,0.857383,0.149983,1.13395,1,1,0,84.3512,0,BERTLARGE,1,708,658759168
Job370,4627795000,4662399190,72187888,37583698,1.75436,0.264303,1.75381,0.264347,0.570068,1,1,0,74.4795,0,GPT2_SMALL,1,413,37583698
Job371,4628200000,4683506661,90518291,35211630,2.39144,0.357786,2.38795,0.357857,0.418201,1,1,0,73.2114,0,ResNeXt,1,408,35211630
Job372,4653521000,4691717385,206878817,168682432,0.325545,0.184518,0.322097,0.184526,3.07239,1,1,0,64.7434,0,GPT2_SMALL,4,599,168682432
Job373,4653547000,4691717385,3039779011,524158595,1.86332,0.936945,1.68664,0.936965,0.53786,0.999387,0.998773,12,58.5822,0,BERTLARGE,4,688,523052235
Job374,4664407000,4699982888,35709206,133318,253.722,53.3133,253.669,57.2288,0.00405022,1,1,0,73.7926,0,GPT2_SMALL,1,4,133318
Job375,4666128000,4700116206,34132354,144148,225.132,49.478,225.086,53.7645,0.00457672,1,1,0,73.7157,0,ResNet50,1,6,144148
Job376,4813310000,4813330000,5376819,5356819,0.286102,0.159748,0.28465,0.160087,3.52889,1,1,0,60.5236,0,BERTLARGE,4,247,5356819
Job377,4816866000,4816886000,16501863,16481863,0.275593,0.156435,0.274848,0.156598,3.66975,0.5,0,0,62.6311,0,ResNet50,4,354,16376831
Job378,4816881000,4816901000,17237109,17217109,0.275846,0.156638,0.275065,0.156985,3.66287,1,1,0,62.5189,0,VGG19,4,359,17217109
Job379,4816910000,4816930000,18569243,18549243,0.274973,0.155717,0.274093,0.15581,3.64687,1,1,0,62.2633,0,BERTLARGE,4,376,18549243
Job380,4817201000,4817221000,9245243,9225243,0.271994,0.154995,0.271352,0.15518,3.69738,1,1,0,63.1409,0,BERTLARGE,4,308,9225243
Job381,4817384000,4817404000,170401722,170381722,0.292227,0.163556,0.289628,0.163563,3.42265,1,1,0,58.7141,0,GPT2_SMALL,4,601,170381722
Job382,4867836000,4867836000,14733070,14733070,1,0.164151,1,0.164235,1,1,1,0,58.3322,0,GPT2_SMALL,1,340,14733070
Job383,4867967000,4867967000,107550,107550,1,0.268687,1,0.307348,1,1,1,0,59,0,ResNeXt,1,1,107550
Job384,4877783000,4877783000,676135818,676135818,0.7984,0.141021,0.769306,0.141022,1.25252,1,1,0,88.3927,0,GPT2_SMALL,1,710,676135818
Job385,4884671000,4884671000,293085478,293085478,0.836398,0.150268,0.829881,0.150274,1.19565,1,1,0,81.9429,0,BERTLARGE,1,632,293085478
Job386,5005193000,5005213000,1242599730,1242579730,0.88741,0.147385,0.907205,0.147389,1.12689,1,1,0,74.9578,0,GNMT,1,719,1242579730
Job387,5005198000,5005213000,1262192608,1261737178,0.88962,0.147737,0.912202,0.147741,1.12429,1,1,1,74.5859,0,GNMT,1,720,1261516619
Job388,5005221000,5005221000,585906238,585906238,0.767363,0.138014,0.730419,0.138017,1.3032,1,1,0,93.1004,0,BERTLARGE,1,699,585906238
Job389,5005226000,5005226000,634799018,634799018,0.785273,0.139638,0.751456,0.13964,1.27346,1,1,0,90.4927,0,GPT2_SMALL,1,707,634799018
Job390,5005264000,5005284000,279956538,279936538,0.651316,0.129195,0.622411,0.129198,1.53544,1,1,0,109.267,0,GPT2_SMALL,1,626,279936538
Job391,5005269000,5005284000,320855730,320840730,0.642645,0.127746,0.617116,0.127756,1.55642,1,1,0,110.221,0,GNMT,1,644,320840730
Job392,5005274000,5005284000,320183230,320173230,0.642596,0.127709,0.617013,0.127712,1.55628,1,1,0,110.219,0,ResNeXt,1,643,320173230
Job393,5010383000,5010403000,18350336,18330336,0.266316,0.165544,0.263951,0.165844,3.78534,1,1,0,65,0,GNMT,4,372,18330336
Job394,5042694000,5042694000,393660270,393660270,0.65375,0.127589,0.629697,0.127591,1.5297,1,1,0,107.994,0,ResNeXt,1,666,393660270
Job395,5042959000,5042979000,347714350,347694350,0.618369,0.125173,0.604522,0.125175,1.61725,1,1,0,112.499,0,ResNeXt,1,647,347694350
Job396,5043007000,5043007000,396723550,396723550,0.656424,0.127768,0.631539,0.12777,1.52347,1,1,0,107.679,0,ResNeXt,1,667,396723550
Job397,5048066000,5048066000,145760582,145760582,0.618369,0.132328,0.607721,0.132333,1.61735,1,1,0,111.907,0,GPT2_SMALL,1,571,145760582
Job398,5048073000,5048073000,361759492,361759492,0.62688,0.125722,0.611167,0.125725,1.59532,1,1,0,111.271,0,BERTLARGE,1,649,361759492
Job399,5048078000,5048098000,147676729,147656729,0.617322,0.13215,0.606631,0.13217,1.62061,1,1,0,112.16,0,VGG19,1,576,147656729
Job400,5048082000,5048098000,148889510,148873510,0.616346,0.131882,0.605637,0.131888,1.6227,1,1,0,112.307,0,ResNet50,1,583,148873510
Job401,5048088000,5048098000,286363070,286353070,0.588214,0.123332,0.581083,0.123335,1.70018,1,1,0,117.036,0,ResNeXt,1,628,286353070
Job402,5048093000,5048098000,296670701,296665701,0.58994,0.123346,0.582906,0.123357,1.69556,1,1,0,116.692,0,GNMT,1,634,296665701
Job403,5048097000,5048117000,287407215,287387215,0.588371,0.123332,0.581257,0.123334,1.69974,1,1,0,117.005,0,ResNet50,1,630,287387215
Job404,5048102000,5048117000,296439007,296424007,0.589793,0.123297,0.58276,0.1233,1.69564,1,1,0,116.701,0,ResNet50,1,633,296424007
Job405,5052757000,5052757000,159709630,159709630,0.598936,0.129086,0.591044,0.129091,1.66984,1,1,0,115.065,0,ResNeXt,1,591,159709630
Job406,5052761000,5052761000,170404444,170404444,0.59469,0.127891,0.586895,0.127898,1.68184,1,1,0,115.884,0,BERTLARGE,1,602,170404444
Job407,5052766000,5052786000,163671673,163651673,0.597387,0.128723,0.589488,0.128743,1.67478,1,1,0,115.426,0,GNMT,1,595,163651673
Job408,5052771000,5052786000,164003442,163988442,0.597178,0.128658,0.589285,0.128675,1.67524,1,1,0,115.453,0,VGG19,1,596,163988442
Job409,5052776000,5052786000,312747230,312737230,0.591297,0.123127,0.585252,0.12313,1.69131,1,1,0,116.201,0,ResNeXt,1,637,312737230
Job410,5052782000,5052786000,319499708,319495708,0.595203,0.123418,0.588309,0.123421,1.68025,1,1,0,115.598,0,BERTLARGE,1,642,319495708
Job411,5052788000,5052808000,316161742,316141742,0.593175,0.123272,0.586748,0.123274,1.68594,1,1,0,115.907,0,GPT2_SMALL,1,639,316141742
Job412,5052793000,5052808000,317091258,317076258,0.593718,0.123309,0.587168,0.123312,1.6844,1,1,0,115.823,0,GPT2_SMALL,1,641,317076258
Job413,5053704000,5053704000,269635741,269635741,0.581082,0.122931,0.575889,0.122942,1.72146,1,1,0,118.115,0,GNMT,1,621,269635741
Job414,5053710000,5053710000,517317508,517317508,0.737694,0.135169,0.701677,0.135172,1.35563,1,1,0,96.9146,0,BERTLARGE,1,687,517317508
Job415,5053793000,5053813000,148839923,148819923,0.602668,0.130312,0.595237,0.130335,1.66018,1,1,0,114.318,0,GNMT,1,582,148819923
Job416,5053883000,5053883000,161993230,161993230,0.595825,0.128506,0.588307,0.128511,1.67856,1,1,0,115.601,0,ResNeXt,1,594,161993230
Job417,5053888000,5053888000,315047230,315047230,0.592357,0.12317,0.586134,0.123173,1.68828,1,1,0,116.022,0,ResNeXt,1,638,315047230
Job418,5056907000,5056907000,345374214,345374214,0.615255,0.124639,0.602686,0.124641,1.62542,1,1,0,112.834,0,GPT2_SMALL,1,646,345374214
Job419,5056911000,5056931000,688703480,688683480,0.804062,0.140859,0.780242,0.140864,1.24374,1,1,0,87.1597,0,VGG19,1,712,688683480
Job420,5065688000,5065688000,306710358,306710358,0.588121,0.122338,0.582694,0.12234,1.70044,1,1,0,116.707,0,GPT2_SMALL,1,636,306710358
Job421,5065929000,5065929000,350233036,350233036,0.623222,0.124794,0.607608,0.124796,1.60466,1,1,0,111.921,0,ResNet50,1,648,350233036
Job422,5065933000,5065933000,688255735,688255735,0.807125,0.140903,0.784057,0.140909,1.23903,1,1,0,86.7339,0,GNMT,1,711,688255735
Job423,5066052000,5066072000,306473150,306453150,0.588071,0.122323,0.582655,0.122326,1.70059,1,1,0,116.723,0,ResNeXt,1,635,306453150
Job424,5075849000,5075849000,611545765,611545765,0.787379,0.138827,0.756583,0.138828,1.27006,1,1,0,89.8797,0,ResNet50,1,706,611545765
Job425,5079311000,5079331000,90137560,90117560,0.148135,0.130405,0.14798,0.13042,6.75574,1,1,0,114.993,0,ResNeXt,4,495,90117560
Job426,5079330000,5079350000,104409475,104389475,0.145906,0.128469,0.145548,0.128482,6.85826,1,1,0,116.899,0,ResNeXt,4,541,104389475
Job427,5079345000,5079365000,86344716,86324716,0.147728,0.130033,0.147628,0.130047,6.73146,0.5,0,0,114.539,0,BERTLARGE,4,479,86869299
Job428,5079363000,5079454000,88444955,88353955,0.149552,0.131654,0.149436,0.131675,6.73693,0.5,0,0,114.735,0,ResNet50,4,485,87787835
Job429,5079388000,5079472000,91180309,91096309,0.148242,0.130512,0.148069,0.130558,6.76112,1,1,0,115.18,0,VGG19,4,499,91096309
Job430,5079409000,5080832000,97842551,96419551,0.149977,0.132068,0.149698,0.132088,6.71729,0.5,0,0,116.095,0,ResNet50,4,515,95801687
Job431,5079434000,5165689716,174244300,87988584,0.280495,0.242817,0.279495,0.242854,3.592,0.5,0,0,121.358,0,ResNet50,4,483,87424808
Job432,5079452000,5167807955,173580757,85224802,0.287701,0.24909,0.286673,0.249107,3.49211,0.5,0,0,121.347,0,GPT2_SMALL,4,475,84866908
Job433,5080812000,5169448560,188915104,100278544,0.264192,0.22792,0.263368,0.227933,3.78662,1,1,0,121.651,0,GPT2_SMALL,4,529,100278544
Job434,5081005000,5170568309,176306216,86742907,0.285352,0.246855,0.284409,0.24688,3.50692,1,1,0,121.575,0,BERTLARGE,4,478,86742907
Job435,5081047000,5177251551,198935169,102730618,0.273302,0.235307,0.2725,0.235338,3.68597,0.5,0,0,121.7,0,ResNet50,4,536,102072266
Job436,5081053000,5183739475,203056697,100370222,0.283562,0.243951,0.282746,0.243974,3.52899,1,1,0,121.721,0,ResNeXt,4,530,100370222
Job437,5081060000,5193826582,214928858,102162276,0.296531,0.254363,0.295714,0.254387,3.38956,0.333333,0,0,121.561,0,ResNeXt,4,533,101712080
Job438,5081067000,5212466630,231191008,99791378,0.327379,0.279775,0.326512,0.279802,3.07021,0.333333,0,0,121.241,0,ResNeXt,4,528,99351638
Job439,5081075000,5223165444,253040666,110950222,0.323899,0.275154,0.323001,0.275168,3.10151,0.333333,0,0,120.584,0,GPT2_SMALL,4,546,110484238
Job440,5081080000,5253032757,272225139,100272382,0.385184,0.324637,0.383792,0.324665,2.58144,0.5,0,0,119.572,0,BERTLARGE,4,532,100905027
Job441,5081087000,5253678300,278479532,105888232,0.378646,0.318203,0.377086,0.318233,2.65441,0.5,0,0,119.167,0,ResNeXt,4,542,105421604
Job442,5081137000,5257311216,341500728,165326512,0.322821,0.256517,0.313823,0.256526,3.09842,1,1,0,111.922,0,GPT2_SMALL,4,598,165326512
Job443,5124732000,5269727104,236143049,91147945,0.369066,0.307656,0.36736,0.307753,2.71576,1,1,0,120.166,0,VGG19,4,500,91147945
Job444,5124741000,5279982169,252744363,97503194,0.380381,0.312357,0.376288,0.312399,2.64847,0.5,0,0,117.979,0,ResNet50,4,520,96878378
Job445,5151915000,5284109697,133165002,970305,23.6733,20.34,23.6557,21.1255,0.053948,1,1,0,125.964,0,VGG19,4,164,970305
Job446,5151927000,5285080002,133982501,829499,23.5695,20.1545,23.5513,20.3725,0.0458273,1,1,0,125.935,0,BERTLARGE,4,142,829499
Job447,5151958000,5285909501,134645963,694462,27.7925,23.7496,27.7707,23.944,0.038169,1,1,0,125.906,0,GPT2_SMALL,4,112,694462
Job448,5151977000,5286603963,135575982,949019,20.8372,17.8078,20.8206,17.9977,0.0517818,1,1,0,125.859,0,ResNeXt,4,162,949019
Job449,5159050000,5287552982,198835812,70332830,0.398451,0.329962,0.396684,0.330006,2.51219,1,1,0,121.274,0,ResNeXt,4,454,70332830
Job450,5159070000,5295988858,200332813,63413955,0.44912,0.371557,0.447001,0.371632,2.2443,0.333333,0,0,121.102,0,ResNet50,4,443,63007835
Job451,5166756000,5312258008,210711679,65209671,0.468134,0.379176,0.462149,0.379224,2.12472,0.333333,0,0,118.227,0,BERTLARGE,4,446,65620939
Job452,5166763000,5323339741,224832085,68255344,0.49485,0.394111,0.484681,0.39425,2.02586,0.333333,0,0,115.825,0,GNMT,4,450,68255344
Job453,5166770000,5334115666,168099984,754318,32.5975,27.307,32.5247,27.5127,0.0325159,0.5,0,0,123.463,0,GPT2_SMALL,4,126,751342
Job454,5166778000,5334869984,241414115,73322131,0.506495,0.395829,0.49187,0.395875,1.96358,0.5,0,0,113.175,0,BERTLARGE,4,459,73784619
Job455,5167549000,5335504215,234744194,66788979,0.550004,0.432606,0.535727,0.4328,1.85959,0.333333,0,0,114.074,0,VGG19,4,445,65507361
Job456,5167563000,5353305139,186746968,1004829,33.5616,27.9792,33.4276,29.0383,0.0383403,0.5,0,0,121.641,0,VGG19,4,165,990165
Job457,5167579000,5354309968,188723257,1992289,13.8576,11.464,13.7969,11.5202,0.0750819,0.5,0,0,121.444,0,ResNeXt,4,194,1983857
Job458,5167593000,5356302257,189622083,912826,30.6855,25.3784,30.5476,25.5357,0.0342073,0.5,0,0,121.35,0,GPT2_SMALL,4,158,909184
Job459,5167606000,5357215083,190589612,980529,35.4584,29.5031,35.2999,30.6584,0.0365202,0.5,0,0,121.243,0,VGG19,4,163,966333
Job460,5167621000,5357885812,191061658,796846,35.5612,29.3893,35.393,29.5988,0.0295888,1,1,0,121.186,0,GPT2_SMALL,4,134,796846
Job461,5168670000,5358195612,190415691,890079,40.181,33.4356,39.9959,34.9286,0.0331347,0.5,0,0,121.093,0,VGG19,4,151,877625
Job462,5175459000,5358682658,250920741,67697083,0.597395,0.4551,0.574533,0.455159,1.67541,1,1,0,109.771,0,BERTLARGE,4,449,67697083
Job463,5175466000,5359085691,184669070,1049379,31.6996,26.2413,31.5428,27.1816,0.0401308,0.5,0,0,120.68,0,VGG19,4,170,1033857
Job464,5178470000,5359402813,181946437,1013624,30.6477,25.2958,30.4923,26.0193,0.0392801,0.333333,0,0,120.496,0,GNMT,4,167,1013624
Job465,5181467000,5359566532,178970471,870939,31.3793,25.7675,31.2164,26.0342,0.0342702,1,1,0,120.35,0,BERTLARGE,4,150,870939
Job466,5185959000,5360135070,175046740,870670,32.3149,26.5076,32.1423,26.9566,0.0349252,0.5,0,0,120.022,0,ResNet50,4,146,865790
Job467,5187429000,5377485363,190965049,908686,17.7389,28.243,17.4983,28.723,0.0645434,0.4,0,0,116.897,0,ResNeXt,8,157,898330
Job468,5189850000,5378394049,262277235,73733186,0.324764,0.475365,0.307643,0.475538,3.27452,0.4,0,0,104.518,0,GNMT,8,452,69517118
Job469,5206703000,5360416437,227217215,73503778,0.521589,0.387255,0.499586,0.387285,1.92631,0.333333,0,0,105.688,0,GPT2_SMALL,4,458,73195132
Job470,5206711000,5360437471,219747476,66021005,0.550827,0.412746,0.529761,0.412808,1.8173,1,1,0,106.919,0,ResNeXt,4,447,66021005
Job471,5206720000,5360875049,222833390,68678341,0.541503,0.404255,0.519925,0.404434,1.85218,1,1,0,106.405,0,VGG19,4,451,68678341
Job472,5278010000,5361005740,229752106,146756366,0.32561,0.216702,0.306452,0.216716,3.05306,0.5,0,0,86.3346,0,BERTLARGE,4,577,147682499
Job473,5281799000,5368935230,206789885,119653655,0.356111,0.239861,0.3369,0.239892,2.82831,0.25,0,0,87.8351,0,ResNet50,4,551,118886735
Job474,5283484000,5391615085,246449087,138318002,0.205691,0.268983,0.193189,0.269042,5.16397,0.5,0,0,83.27,0,GNMT,8,562,130398926
Job475,5450612000,5450612000,20670709,20670709,1,0.162519,1,0.162775,1,1,1,0,65.4794,0,GNMT,1,383,20670709
Job476,5563908000,5563928000,158390,138390,1.14452,0.277925,1.14452,0.302227,0.873729,1,1,0,59,0,GPT2_SMALL,1,5,138390
Job477,5567563000,5567583000,4139412127,530474092,1.66709,1.4225,1.56719,1.42252,0.598725,0.784371,0.568741,3,42.2433,0,GPT2_SMALL,8,693,531506326
Job478,5567756000,5567776000,4317932763,548103280,1.79189,1.4936,1.6494,1.49366,0.567509,0.622734,0,1,41.2848,0,ResNet50,8,695,539089127
Job479,5568270000,5568290000,76863625,76843625,0.0765893,0.171547,0.0754714,0.171576,13.7899,0.571429,0,0,59.4908,0,BERTLARGE,16,456,72828089
Job480,5568668000,5568688000,209895,189895,1.10532,0.237916,1.10532,0.253734,0.904714,1,1,0,62,0,ResNet50,1,10,189895
Job481,5633673000,5633693000,4063977998,222124262,1.9831,3.37564,1.86804,3.37577,0.508902,0.666667,0,1,42.0084,0,GPT2_SMALL,16,614,220141949
Job482,5633727000,5645133625,77350725,65944100,0.0920141,0.197102,0.0908001,0.19714,11.4799,0.666667,0,0,57.9944,0,BERTLARGE,16,441,62498693
Job483,5712233000,5712253000,4008203671,98249673,4.47069,7.56939,4.2105,7.57007,0.22588,0.624438,0,1,41.5842,0,GPT2_SMALL,16,522,97335174
Job484,5787697000,5787717000,4023510959,423397804,2.40717,2.00923,2.24649,2.00949,0.471588,0.710268,0.130805,2,40.8174,0,VGG19,8,659,373178507
Job485,5790160000,5790160000,138378679,138378679,0.97585,0.153308,1,0.153317,1.02476,1,1,0,67.7096,0,ResNet50,1,568,138378679
Job486,5791389000,5791409000,45395006,45375006,0.250092,0.150766,0.248245,0.150806,4.02159,0.5,0,0,68.9062,0,ResNeXt,4,422,45175250
Job487,5791398000,5791418000,410235,390235,0.33442,0.187776,0.332947,0.194097,3.44489,1,1,0,61.8537,0,BERTLARGE,4,64,390235
Job488,5791406000,5791426000,440989,420989,0.357192,0.203373,0.355643,0.214242,3.4522,1,1,0,61.7694,0,ResNet50,4,75,420989
Job489,5791418000,5791438000,402056,382056,0.333393,0.187427,0.331971,0.193857,3.44664,0.5,0,0,61.9408,0,BERTLARGE,4,61,384019
Job490,5791430000,5791450000,426121,406121,0.360805,0.205838,0.359242,0.217389,3.44711,1,1,0,61.7816,0,ResNet50,4,72,406121
Job491,5793309000,5793329000,445945,425945,0.356238,0.20265,0.354664,0.213313,3.45189,1,1,0,61.7366,0,ResNet50,4,76,425945
Job492,5793327000,5793347000,60193003,60173003,0.243155,0.148972,0.241909,0.149013,4.11831,1,1,0,70.3954,0,ResNet50,4,438,60173003
Job493,5793350000,5793370000,404466,384466,0.317496,0.176637,0.316115,0.18026,3.44874,1,1,0,61.958,0,GPT2_SMALL,4,62,384466
Job494,5793367000,5793387000,67501595,67481595,0.242568,0.148893,0.241458,0.148916,4.12586,1,1,0,70.4829,0,BERTLARGE,4,448,67481595
Job495,5800031000,5800031000,147916995,147916995,0.975523,0.153395,0.995834,0.153427,1.02513,1,1,0,68.2848,0,GNMT,1,579,147916995
Job496,5800035000,5800055000,149454204,149434204,0.975882,0.153369,0.997343,0.153377,1.02472,1,1,0,68.1904,0,ResNet50,1,585,149434204
Job497,5800038000,5800055000,150099750,150082750,0.975969,0.153421,0.998091,0.153433,1.02463,1,1,0,68.1378,0,BERTLARGE,1,586,150082750
Job498,5800042000,5800055000,148376790,148363790,0.97566,0.153298,0.996254,0.153306,1.02496,1,1,0,68.2618,0,ResNeXt,1,581,148363790
Job499,5800045000,5800055000,148218356,148208356,0.975618,0.153307,0.996106,0.153318,1.025,1,1,0,68.2705,0,BERTLARGE,1,580,148208356
Job500,5800048000,5800068000,144983010,144963010,0.975137,0.153214,0.994992,0.153221,1.02551,1,1,0,68.3518,0,GPT2_SMALL,1,570,144963010
Job501,5800052000,5800068000,147863710,147847710,0.975595,0.153276,0.995914,0.153283,1.02502,1,1,0,68.2865,0,GPT2_SMALL,1,578,147847710
Job502,5800055000,5800068000,149317522,149304522,0.975832,0.153453,0.997163,0.15348,1.02479,1,1,0,68.1996,0,VGG19,1,584,149304522
Job503,5803968000,5803968000,146788192,146788192,0.975314,0.153456,0.998412,0.153468,1.02532,1,1,0,68.1082,0,BERTLARGE,1,573,146788192
Job504,5814759000,5814779000,71667168,71647168,0.241485,0.15011,0.240742,0.150135,4.16292,0.5,0,0,71.0081,0,ResNeXt,4,455,71331548
Job505,5814775000,5814795000,412307,392307,0.283427,0.181289,0.283394,0.187144,4.09908,1,1,0,73.2457,0,BERTLARGE,4,69,392307
Job506,5814785000,5814805000,57878954,57858954,0.236939,0.148431,0.236817,0.148461,4.2437,0.5,0,0,72.2048,0,ResNeXt,4,434,57604142
Job507,5814793000,5814813000,34903241,34883241,0.233726,0.147268,0.233697,0.14742,4.30156,1,1,0,73.1774,0,VGG19,4,406,34883241
Job508,5814800000,5814820000,390573,370573,0.294146,0.189082,0.294133,0.196732,4.0961,0.5,0,0,73.3951,0,ResNeXt,4,54,369293
Job509,5815033000,5815053000,578878,558878,0.17745,0.217608,0.177425,0.235298,8.23792,1,1,0,72.5388,0,GNMT,8,97,558878
Job510,5817552000,5817572000,544800,524800,0.338891,0.224254,0.338842,0.244372,4.17464,1,1,0,73.6858,0,GNMT,4,91,524800
Job511,5817555000,5817575000,63671113,63651113,0.239059,0.149106,0.238604,0.149192,4.19529,1,1,0,71.4784,0,VGG19,4,444,63651113
Job512,5817905000,5817925000,454618,434618,0.296992,0.193298,0.29698,0.202783,4.18412,1,1,0,74.4065,0,ResNet50,4,80,434618
Job513,5817912000,5817932000,584729,564729,0.361732,0.242259,0.361702,0.269433,4.20827,0.5,0,0,74.0816,0,VGG19,4,96,558541
Job514,5820003000,5820023000,523688,503688,0.34818,0.230474,0.34818,0.252718,4.13012,0.5,0,0,73,0,GNMT,4,88,503688
Job515,5821159000,5821179000,435016,415016,0.287868,0.1848,0.287868,0.19133,4.09669,0.5,0,0,73,0,ResNeXt,4,73,413540
Job516,5821866000,5821886000,48665016,48645016,0.233853,0.146656,0.23375,0.146687,4.25413,0.5,0,0,72.3819,0,BERTLARGE,4,425,48951699
Job517,5821967000,5821987000,565301,545301,0.362963,0.243557,0.362963,0.272095,4.19894,1,1,0,74,0,VGG19,4,95,545301
Job518,5826495000,5826515000,44700841,44680841,0.236486,0.148254,0.236368,0.148373,4.24627,1,1,0,72.255,0,VGG19,4,420,44680841
Job519,5848430000,5848450000,2597128,2577128,0.238861,0.151093,0.23885,0.151803,4.28931,1,1,0,73.4876,0,ResNeXt,4,202,2577128
Job520,5852408000,5852428000,902166,882166,0.241643,0.154258,0.241641,0.155481,4.31233,1,1,0,74.9723,0,GPT2_SMALL,4,152,882166
Job521,5852417000,5852437000,2165552,2145552,0.25209,0.160238,0.251998,0.162644,4.27277,1,1,0,73.3417,0,GNMT,4,197,2145552
Job522,5852424000,5852444000,909377,889377,0.250332,0.160382,0.250331,0.162687,4.31325,0.5,0,0,74.9745,0,ResNeXt,4,154,885809
Job523,5929901000,5929921000,4611296,4591296,0.260057,0.159733,0.258684,0.160847,3.97509,1,1,0,68.2353,0,GNMT,4,224,4591296
Job524,5929915000,5929935000,398640,378640,0.437153,0.292504,0.436328,0.342813,3.78518,1,1,0,67.9109,0,GNMT,4,58,378640
Job525,5929927000,5929947000,266532,246532,0.311559,0.195946,0.311359,0.202809,3.73417,1,1,0,68.6773,0,GPT2_SMALL,4,28,246532
Job526,5929945000,5929965000,277321,257321,0.348262,0.223378,0.348212,0.238832,3.75355,1,1,0,68.7808,0,ResNeXt,4,32,257321
Job527,5929955000,5929975000,5897545,5877545,0.25287,0.15549,0.251761,0.155942,4.01102,1,1,0,68.7222,0,ResNet50,4,256,5877545
Job528,5929967000,5929987000,257926,237926,0.343441,0.219868,0.343422,0.234064,3.73672,0.5,0,0,68.8682,0,BERTLARGE,4,26,238979
Job529,5930615000,5930635000,232404,212404,0.311364,0.199289,0.31079,0.207478,3.84738,1,1,0,71.7048,0,GPT2_SMALL,4,20,212404
Job530,5930639000,5930659000,303460,283460,0.359042,0.236759,0.358902,0.258986,3.95906,1,1,0,72.0853,0,ResNet50,4,42,283460
Job531,5930646000,5930666000,410008,390008,0.411052,0.277838,0.410872,0.321396,3.99226,1,1,0,71.3877,0,GNMT,4,63,390008
Job532,5930652000,5930672000,240936,220936,0.304044,0.195504,0.304002,0.203089,3.91324,1,1,0,72.5578,0,GPT2_SMALL,4,22,220936
Job533,5930658000,5930678000,403512,383512,0.41572,0.281679,0.415544,0.327387,3.99123,1,1,0,71.4274,0,GNMT,4,60,383512
Job534,5930664000,5930684000,307177,287177,0.356276,0.234864,0.356211,0.256431,3.96899,1,1,0,72.187,0,ResNet50,4,44,287177
Job535,5930671000,5930847404,605193,428789,0.605509,0.412153,0.603837,0.494059,2.88991,1,1,0,69.5936,0,VGG19,4,78,428789
Job536,5930676000,5930867404,429330,237926,0.556688,0.359543,0.556091,0.382323,2.31164,0.5,0,0,70.9958,0,BERTLARGE,4,27,238979
Job537,5931779000,5931799000,393768,373768,0.422633,0.287475,0.422149,0.336627,3.99692,1,1,0,71.6881,0,GNMT,4,55,373768
Job538,5931793000,5931813000,5134395,5114395,0.248216,0.153634,0.247591,0.153962,4.07154,1,1,0,69.6626,0,BERTLARGE,4,238,5114395
Job539,5931807000,5931827000,267267,247267,0.325911,0.211509,0.325645,0.224128,3.93409,1,1,0,72.3537,0,BERTLARGE,4,29,247267
Job540,5931820000,5931840000,271411,251411,0.322923,0.209693,0.322719,0.22189,3.95333,1,1,0,72.6031,0,BERTLARGE,4,30,251411
Job541,5931863000,5931883000,284628,264628,0.370213,0.246351,0.370114,0.272273,3.98689,0.5,0,0,72.9221,0,ResNet50,4,37,263636
Job542,5931875000,5931895000,242403,222403,0.335145,0.219618,0.335096,0.23475,3.95571,1,1,0,73.3064,0,BERTLARGE,4,23,222403
Job543,5931888000,5931953000,456717,391717,0.527965,0.368742,0.527582,0.458942,3.59539,1,1,0,71.336,0,VGG19,4,67,391717
Job544,5931903000,5932074267,405110,233843,0.557693,0.363971,0.557238,0.392284,2.42937,1,1,0,71.6128,0,ResNeXt,4,25,233843
Job545,5931933000,5932091411,550128,391717,0.644296,0.447945,0.643263,0.558684,2.93108,1,1,0,70.1362,0,VGG19,4,66,391717
Job546,5933501000,5933521000,393768,373768,0.420767,0.286759,0.420606,0.335645,4.01949,1,1,0,72.0227,0,GNMT,4,56,373768
Job547,5933508000,5933528000,222238,202238,0.370146,0.244997,0.370058,0.268802,3.88229,1,1,0,72.5455,0,ResNeXt,4,13,202238
Job548,5933514000,5933534000,5948344,5928344,0.24708,0.153637,0.246969,0.154075,4.10494,1,1,0,70.051,0,ResNet50,4,258,5928344
Job549,5933520000,5933540000,435549,415549,0.447066,0.309506,0.446989,0.374245,4.05096,1,1,0,72.1973,0,VGG19,4,74,415549
Job550,5933526000,5933546000,233074,213074,0.359477,0.237297,0.35946,0.258433,3.91209,1,1,0,72.7519,0,ResNeXt,4,21,213074
Job551,5933537000,5933557000,223872,203872,0.310001,0.200044,0.309992,0.208625,3.90094,1,1,0,72.8239,0,GPT2_SMALL,4,15,203872
Job552,5933544000,5933730238,5341062,5154824,0.258643,0.161268,0.258532,0.162248,3.98345,1,1,0,70.1956,0,GNMT,4,240,5154824
Job553,5933822000,5933842000,225294,205294,0.313515,0.201301,0.313479,0.209935,3.84814,1,1,0,71.8004,0,GPT2_SMALL,4,17,205294
Job554,5933829000,5933894768,269640,203872,0.38001,0.243661,0.379939,0.254236,3.17842,1,1,0,71.4783,0,GPT2_SMALL,4,16,203872
Job555,5933841000,5933914768,5403984,5330216,0.253739,0.157978,0.253633,0.158907,4.05624,0.5,0,0,69.94,0,GNMT,4,245,5330216
Job556,5934106000,5934126000,211074,191074,0.324015,0.207713,0.324012,0.217568,3.77843,1,1,0,70.9574,0,GPT2_SMALL,4,11,191074
Job557,5934115000,5934135000,398477,378477,0.495936,0.348587,0.495918,0.442904,3.93894,1,1,0,70.5042,0,VGG19,4,57,378477
Job558,5934876000,5934896000,417013,397013,0.467866,0.326371,0.46776,0.403184,4.01609,1,1,0,71.7352,0,VGG19,4,71,397013
Job559,5934890000,5934910000,411717,391717,0.473315,0.331249,0.473226,0.411925,4.0192,1,1,0,71.8338,0,VGG19,4,68,391717
Job560,5934896000,5934916000,338552,318552,0.483916,0.339278,0.483828,0.424325,3.9653,1,1,0,71.6606,0,GNMT,4,48,318552
Job561,5935146000,5935166000,215970,195970,0.31557,0.203748,0.315509,0.212998,3.87941,0.5,0,0,72.6958,0,GPT2_SMALL,4,12,195340
Job562,5935152000,5935172000,222450,202450,0.311528,0.200846,0.311461,0.209555,3.88677,1,1,0,72.6195,0,GPT2_SMALL,4,14,202450
Job563,5935182000,5935202000,229971,209971,0.34842,0.227836,0.348298,0.245113,3.87309,1,1,0,72.1425,0,BERTLARGE,4,18,209971
Job564,5935345000,5935361970,402149,385179,0.490654,0.343882,0.490519,0.434282,3.96976,0.5,0,0,70.4866,0,VGG19,4,59,382449
Job565,5935579000,5935599000,281158,261158,0.376974,0.249696,0.376947,0.27673,3.90717,1,1,0,71.5145,0,ResNet50,4,34,261158
Job566,5935586000,5935606000,229971,209971,0.350338,0.228701,0.350325,0.246115,3.84932,1,1,0,71.6746,0,BERTLARGE,4,19,209971
Job567,5935592000,5935612000,367784,347784,0.44942,0.309042,0.449369,0.371469,3.95663,1,1,0,71.1415,0,GNMT,4,52,347784
Job568,5935833000,5935852545,8567309,8547764,0.24792,0.153383,0.247877,0.153604,4.06236,1,1,0,69.23,0,ResNeXt,4,303,8547764
Job569,5935839000,5935853000,275771,261771,0.324023,0.207262,0.323987,0.218971,3.88378,1,1,0,69.5638,0,BERTLARGE,4,36,261771
Job570,5936119000,5936119000,8596545,8596545,0.251209,0.15564,0.251156,0.156329,4.06761,1,1,0,69.1641,0,VGG19,4,304,8596545
Job571,5936126000,5936134771,260674,251903,0.32334,0.210619,0.323333,0.225239,4.08833,1,1,0,71.9233,0,ResNeXt,4,31,251903
Job572,5936132000,5936152000,8502400,8482400,0.250803,0.155339,0.25076,0.155909,4.05938,0.5,0,0,69.1843,0,GNMT,4,302,8482400
Job573,5936140000,5936160000,297187,277187,0.325836,0.211201,0.325827,0.223988,3.94083,1,1,0,71.83,0,ResNeXt,4,41,277187
Job574,5936810000,5936830000,329479,309479,0.344661,0.226038,0.344644,0.244488,3.98338,1,1,0,72.0977,0,ResNet50,4,46,309479
Job575,5936817000,5936837000,296275,276275,0.31433,0.203147,0.314321,0.213566,3.96137,1,1,0,72.2207,0,BERTLARGE,4,40,276275
Job576,5936862000,5936882000,413256,393256,0.408392,0.275856,0.408314,0.318358,3.99789,1,1,0,71.4377,0,GNMT,4,70,393256
Job577,5939249000,5939249000,391632,391632,0.39762,0.266982,0.397601,0.30913,4.09608,0.5,0,0,69.6375,0,GNMT,4,65,391632
Job578,5939260000,5939280000,318328,298328,0.360329,0.234573,0.360319,0.255265,3.84884,1,1,0,69.8189,0,ResNet50,4,45,298328
Job579,5939266000,5939286000,8751976,8731976,0.255436,0.155473,0.25443,0.155695,3.94197,1,1,0,67.4332,0,ResNeXt,4,305,8731976
Job580,5939514000,5939534000,8460313,8440313,0.25944,0.158196,0.258426,0.158919,3.9393,1,1,0,67.3921,0,VGG19,4,300,8440313
Job581,5939834000,5939854000,286351,266351,0.342793,0.219741,0.342793,0.234177,3.77534,1,1,0,69,0,ResNeXt,4,38,266351
Job582,5940394000,5940414000,8492089,8472089,0.263802,0.159028,0.261986,0.159756,3.87335,1,1,0,66.4633,0,VGG19,4,301,8472089
Job583,5978106000,5978126000,95526938,95506938,0.0765337,0.150133,0.0760372,0.150196,13.0998,1,1,0,56.0494,0,VGG19,16,514,95506938
Job584,5979697000,5979717000,3751003009,104199276,4.04507,6.75113,3.8496,6.75271,0.24894,0.8,0,1,40.0202,0,ResNet50,16,539,103592604
Job585,5980037000,5980057000,3782709875,125642804,3.40756,5.66565,3.23196,5.66675,0.295383,0.8,0,1,39.8492,0,ResNet50,16,554,124942636
Job586,6126496000,6126496000,210337750,210337750,1,0.164605,1,0.164615,1,1,1,0,52.1391,0,BERTLARGE,1,611,210337750
Job587,6180675000,6180675000,1088186,1088186,1,0.184322,1,0.189733,1,1,1,0,55,0,VGG19,1,172,1088186
Job588,6182230000,6182230000,493430,493430,1,0.173565,1,0.176409,1,1,1,0,55.9331,0,GPT2_SMALL,1,86,493430
Job589,6182263000,6182283000,845646,825646,1.02422,0.172072,1.02422,0.173692,0.976349,1,1,0,55.5445,0,GPT2_SMALL,1,140,825646
Job590,6186924000,6186924000,711532,711532,1,0.175246,1,0.178406,1,1,1,0,55,0,BERTLARGE,1,116,711532
Job591,6189276000,6189276000,1651341,1651341,1,0.178532,1,0.182478,1,1,1,0,55,0,GNMT,1,189,1651341
Job592,6364450000,6364470000,4854468,4834468,0.178149,0.172882,0.178149,0.173686,5.74088,1,1,0,48.9994,0,ResNet50,8,229,4834468
Job593,6364453000,6364473000,5016220,4996220,0.180246,0.174923,0.180243,0.176152,5.7378,1,1,0,48.9672,0,GNMT,8,233,4996220
Job594,6389950000,6389970000,4292588,4272588,0.182484,0.176984,0.182484,0.177937,5.62066,1,1,0,47.9993,0,ResNet50,8,216,4272588
Job595,6389953000,6389973000,4524859,4504859,0.184817,0.179251,0.184813,0.180683,5.61589,1,1,0,47.948,0,GNMT,8,223,4504859
Job596,6434406000,6434426000,704745,684745,1.02921,0.250886,1.02921,0.270118,0.971621,1,1,0,45.9943,0,GNMT,1,111,684745
Job597,6434410000,6434426000,1268900,1252900,1.01277,0.197627,1.01277,0.199865,0.987391,1,1,0,45.5522,0,BERTLARGE,1,179,1252900
Job598,6439738000,6439758000,749710,729710,1.02741,0.20225,1.02741,0.205035,0.973323,1,1,0,45.9947,0,ResNeXt,1,118,729710
Job599,6439742000,6439758000,1780604,1764604,1.00907,0.194216,1.00907,0.195751,0.991014,1,1,0,45.4188,0,BERTLARGE,1,191,1764604
Job600,6443594000,6443614000,541854,521854,1.03832,0.21108,1.03832,0.215702,0.96309,1,1,0,45.8948,0,ResNet50,1,90,521854
Job601,6443651000,6443651000,1171324,1171324,1,0.195877,1,0.198261,1,1,1,0,45.4139,0,BERTLARGE,1,177,1171324
Job602,6482634000,6482654000,4309900,4289900,0.198297,0.189718,0.198297,0.190666,5.15245,1,1,0,44,0,ResNeXt,8,217,4289900
Job603,6622026000,6622046000,14136490,14116490,0.194312,0.185872,0.194312,0.186061,5.16915,1,1,0,44,0,BERTLARGE,8,327,14116490
Job604,6653448000,6653468000,18003939,17983939,0.186852,0.179024,0.186767,0.179493,5.41647,1,1,0,46.1122,0,VGG19,8,367,17983939
Job605,6653452000,6653472000,18394796,18374796,0.186988,0.17914,0.186896,0.1796,5.41113,1,1,0,46.0673,0,VGG19,8,374,18374796
Job606,6655123000,6655143000,9802855,9782855,0.1824,0.174965,0.1824,0.175207,5.51808,1,1,0,46.9996,0,BERTLARGE,8,309,9782855
Job607,6655127000,6655147000,10224577,10204577,0.185283,0.177745,0.185279,0.178562,5.51361,1,1,0,46.9584,0,VGG19,8,311,10204577
Job608,6713875000,6713895000,7812374,7792374,0.193058,0.182749,0.193035,0.182952,5.20536,1,1,0,44.3643,0,GPT2_SMALL,8,285,7792374
Job609,6713878000,6713898000,7845066,7825066,0.193057,0.182748,0.193034,0.182949,5.20529,1,1,0,44.3632,0,GPT2_SMALL,8,286,7825066
Job610,6718838000,6718858000,12020726,12000726,0.190762,0.180648,0.190725,0.180777,5.25896,1,1,0,44.7842,0,GPT2_SMALL,8,318,12000726
Job611,6722012000,6722032000,7850350,7830350,0.193407,0.183273,0.193406,0.184132,5.27984,1,1,0,44.9934,0,GNMT,8,287,7830350
Job612,6722064000,6722084000,7862898,7842898,0.190338,0.180328,0.190337,0.180524,5.27967,1,1,0,44.9918,0,GPT2_SMALL,8,288,7842898
Job613,6733559000,6733579000,4105201575,1283196577,1.25079,0.758871,0.899323,0.758908,0.799771,1,1,1,30.2486,0,VGG19,8,722,1282911978
Job614,6733841000,6733861000,4158476295,1280699549,1.29477,0.777714,0.923722,0.77773,0.772457,1,1,1,29.8839,0,ResNeXt,8,721,1280565810
Job615,6737193000,6737213000,11255860,11235860,0.184466,0.175031,0.184445,0.175242,5.45163,1,1,0,46.4266,0,BERTLARGE,8,314,11235860
Job616,6737197000,6737217000,11540840,11520840,0.18517,0.175706,0.185149,0.176054,5.45068,1,1,0,46.4164,0,ResNet50,8,316,11520840
Job617,6743643000,6743663000,11759230,11739230,0.186819,0.177089,0.186735,0.177295,5.38158,1,1,0,45.842,0,BERTLARGE,8,317,11739230
Job618,6812291000,6812311000,7495390,7475390,0.182891,0.17367,0.182891,0.173981,5.51434,1,1,0,46.9973,0,BERTLARGE,8,281,7475390
Job619,6812294000,6812314000,8232133,8212133,0.1844,0.175053,0.184372,0.175538,5.49416,1,1,0,46.8212,0,ResNet50,8,298,8212133
Job620,6812308000,6812328000,7500314,7480314,0.182291,0.173094,0.182291,0.173283,5.51432,1,1,0,46.9971,0,GPT2_SMALL,8,282,7480314
Job621,6860337000,6860357000,3026357104,184290145,2.0426,3.22534,1.91383,3.2255,0.491601,0.918101,0.590504,1,36.6186,0,GPT2_SMALL,16,604,183571259
Job622,6969161000,6969181000,8325354,8305354,0.191973,0.176326,0.191968,0.176813,5.27605,1,1,0,44.9554,0,ResNet50,8,299,8305354
Job623,6969165000,6969185000,7953747,7933747,0.191916,0.176294,0.191916,0.176804,5.28081,1,1,0,45,0,ResNet50,8,293,7933747
Job624,7004634000,7004654000,7323772,7303772,0.193877,0.178111,0.193873,0.178982,5.27506,1,1,0,44.9616,0,GNMT,8,279,7303772
Job625,7004638000,7004658000,7042780,7022780,0.191129,0.175557,0.191129,0.175895,5.27908,1,1,0,45,0,BERTLARGE,8,275,7022780
Job626,7064023000,7064043000,7417407,7397407,0.196494,0.180171,0.196494,0.180741,5.16242,1,1,0,43.9992,0,ResNet50,8,280,7397407
Job627,7064029000,7064049000,7569946,7549946,0.199394,0.182875,0.199392,0.184045,5.16028,1,1,0,43.9791,0,VGG19,8,284,7549946
Job628,7075879000,7075899000,154841414,154821414,0.0944523,0.159907,0.0944323,0.159951,10.6038,1,1,0,45.0816,0,VGG19,16,587,154821414
Job629,7083499000,7083519000,2814994323,159020633,2.2458,3.50444,2.09532,3.5056,0.446731,1,1,1,36.0235,0,VGG19,16,590,158734500
Job630,7087538000,7087558000,2826420876,158647967,2.27125,3.53188,2.11146,3.53221,0.440742,1,1,1,35.897,0,BERTLARGE,16,589,158550649
Job631,7087704000,7087724000,2845509983,162271521,2.26137,3.49902,2.09144,3.50016,0.443624,1,1,1,35.7483,0,VGG19,16,593,161985468
Job632,7259410000,7259430000,287308510,287288510,1.00007,0.17092,1.00007,0.170925,0.99993,1,1,0,43.1167,0,ResNeXt,1,629,287288510
Job633,7260600000,7260620000,7867811,7847811,0.17945,0.157313,0.1784,0.158145,5.73133,1,1,0,49.1296,0,VGG19,8,289,7847811
Job634,7260608000,7260628000,7545245,7525245,0.179498,0.157386,0.178456,0.158255,5.73684,1,1,0,49.18,0,VGG19,8,283,7525245
Job635,7260626000,7260646000,7940908,7920908,0.178263,0.156233,0.177215,0.15685,5.72916,1,1,0,49.111,0,GNMT,8,292,7920908
Job636,7260633000,7260653000,7940908,7920908,0.17827,0.156238,0.177221,0.156855,5.72893,1,1,0,49.1092,0,GNMT,8,291,7920908
Job637,7264186000,7264206000,846915,826915,0.234908,0.208487,0.233774,0.222928,5.7883,1,1,0,50.6541,0,VGG19,8,141,826915
Job638,7264192000,7264212000,553960,533960,0.197524,0.174518,0.196568,0.178864,5.7546,1,1,0,51,0,BERTLARGE,8,92,533960
Job639,7415110000,7415130000,7902667,7882667,0.202585,0.174099,0.200833,0.174599,5.00223,1,1,0,43,0,ResNet50,8,290,7882667
Job640,7501427000,7501447000,7957897,7937897,0.200617,0.173102,0.198994,0.174098,5.12133,1,1,0,43.9992,0,VGG19,8,294,7937897
Job641,7501433000,7501453000,8004827,7984827,0.19788,0.170656,0.196273,0.17113,5.12069,1,1,0,43.9934,0,ResNet50,8,295,7984827
Job642,7554085000,7554105000,677922,657922,1.0304,0.196958,1.0304,0.200156,0.970498,1,1,0,41.9956,0,ResNet50,1,109,657922
Job643,7554088000,7554105000,785671,768671,1.02212,0.231528,1.02212,0.246029,0.978362,1,1,0,41.859,0,GNMT,1,128,768671
Job644,7557366000,7557386000,792714,772714,1.02588,0.201998,1.02588,0.205768,0.97477,1,1,0,40.805,0,BERTLARGE,1,130,772714
Job645,7557416000,7557416000,638128,638128,1,0.231873,1,0.246984,1,1,1,0,41,0,VGG19,1,106,638128
Job646,7568941000,7568961000,27949630,27929630,1.00072,0.181384,1.00072,0.181444,0.999284,1,1,0,41.178,0,ResNeXt,1,393,27929630
Job647,7570115000,7570115000,29867536,29867536,1,0.181426,1,0.181505,1,1,1,0,41.1076,0,BERTLARGE,1,398,29867536
Job648,7593650000,7593670000,3212399,3192399,0.21721,0.188592,0.21342,0.191551,4.92815,1,1,0,42.9139,0,VGG19,8,210,3192399
Job649,7593654000,7593674000,2935800,2915800,0.209072,0.181358,0.205417,0.182633,4.93584,1,1,0,43,0,ResNeXt,8,205,2915800
Job650,7597707000,7597707000,158590,158590,1,0.245621,1,0.266395,1,1,1,0,41,0,ResNeXt,1,8,158590
Job651,7601779000,7601799000,180894,160894,1.12431,0.322997,1.12431,0.370573,0.889438,1,1,0,40,0,BERTLARGE,1,9,160894
Job652,7659405000,7659425000,26823712,26803712,1.00075,0.187313,1.00075,0.187533,0.999254,1,1,0,39.1663,0,VGG19,1,389,26803712
Job653,7659410000,7659425000,4462029,4447029,1.00337,0.192348,1.00337,0.193755,0.996638,1,1,0,40,0,VGG19,1,220,4447029
Job654,7698718000,7698738000,117231505,117211505,0.112392,0.181458,0.112293,0.181479,8.90252,1,1,0,37.8757,0,BERTLARGE,16,549,117211505
Job655,7701903000,7701923000,13977676,13957676,0.217771,0.177506,0.217569,0.178101,4.66102,1,1,0,39.7126,0,VGG19,8,326,13957676
Job656,7712323000,7712343000,10616887,10596887,0.212784,0.174458,0.212699,0.175215,4.79386,1,1,0,40.841,0,VGG19,8,312,10596887
Job657,7712326000,7712346000,10659710,10639710,0.210677,0.172639,0.210592,0.173003,4.79296,1,1,0,40.8334,0,ResNet50,8,313,10639710
Job658,7713033000,7713053000,5374463,5354463,0.213824,0.176042,0.213793,0.177573,4.86698,1,1,0,41.5299,0,VGG19,8,246,5354463
Job659,7893754000,7893774000,2186127563,417182884,1.58445,1.15938,1.38692,1.15943,0.63238,0.806101,0.418303,2,32.1792,0,BERTLARGE,8,672,416414870
Job660,7893853000,7893873000,2344574233,479623250,1.62345,1.1339,1.35087,1.13396,0.616242,1,1,1,30.7726,0,ResNeXt,8,675,479490080
Job661,7920197000,7920197000,402425852,402425852,0.993271,0.166777,1,0.166788,1.00678,1,1,0,46.608,0,VGG19,1,670,402425852
Job662,7922517000,7922537000,2356346068,491395085,1.64092,1.12936,1.34387,1.1294,0.609598,1,1,1,30.3394,0,BERTLARGE,8,681,491296445
Job663,7922535000,7922555000,2521704647,510086084,1.88764,1.22028,1.44933,1.22031,0.527824,0.761898,0.285693,1,28.8878,0,GPT2_SMALL,8,685,511989202
Job664,7922550000,7922570000,2617508332,545498498,1.94844,1.22325,1.456,1.22336,0.51355,1,1,1,28.0311,0,GNMT,8,696,545276987
Job665,7923137000,7923157000,2447066288,276902055,3.22391,2.14206,2.54428,2.1422,0.310347,1,1,1,29.5402,0,BERTLARGE,8,625,276803720
Job666,7923152000,7923172000,2463650237,253050169,3.59788,2.37515,2.8205,2.37575,0.278436,1,1,1,29.395,0,VGG19,8,617,252766944
Job667,7923395000,7923415000,2567607990,265667702,3.81434,2.4289,2.88694,2.429,0.262263,1,1,1,28.4667,0,GPT2_SMALL,8,620,265600000
Job668,7945789000,7945789000,379003546,379003546,0.992853,0.1667,1,0.166705,1.0072,1,1,0,46.7966,0,BERTLARGE,1,662,379003546
Job669,8020046000,8068283000,48872119,635119,21.3468,18.8652,21.0873,20.9981,0.0707927,1,1,0,46.9473,0,VGG19,8,105,635119
Job670,8023278000,8068283000,45753453,748453,15.7186,13.8504,15.5233,15.0492,0.0892454,1,1,0,47.0143,0,VGG19,8,125,748453
Job671,8068263000,8068263000,366087304,366087304,0.992601,0.172355,1,0.172359,1.00746,1,1,0,44.9322,0,ResNet50,1,653,366087304
Job672,8130538000,8130538000,15318886,15318886,0.826279,0.154982,0.83098,0.155054,1.21088,1,1,0,81.8726,0,GPT2_SMALL,1,346,15318886
Job673,8131067000,8131087000,17997842,17977842,0.851848,0.156992,0.855128,0.157266,1.17589,1,1,0,79.7393,0,GNMT,1,366,17977842
Job674,8131073000,8131087000,14680590,14666590,0.820681,0.154912,0.81875,0.15503,1.21958,1,1,0,83.2073,0,BERTLARGE,1,338,14666590
Job675,8131083000,8131087000,17562212,17558212,0.847424,0.156671,0.848009,0.156951,1.18212,1,1,0,80.3468,0,GNMT,1,364,17558212
Job676,8131094000,8131094000,18364622,18364622,0.852797,0.155859,0.858748,0.15592,1.17304,1,1,0,79.213,0,GPT2_SMALL,1,373,18364622
Job677,8131100000,8131100000,16297865,16297865,0.83521,0.155938,0.831612,0.15619,1.19936,1,1,0,81.9126,0,VGG19,1,353,16297865
Job678,8131110000,8131110000,18076786,18076786,0.850457,0.155713,0.854174,0.155774,1.17629,1,1,0,79.6386,0,GPT2_SMALL,1,369,18076786
Job679,8131115000,8131115000,15110934,15110934,0.822279,0.154588,0.819617,0.15466,1.21679,1,1,0,83.0111,0,GPT2_SMALL,1,345,15110934
Job680,8131121000,8131121000,17751646,17751646,0.847913,0.155749,0.849477,0.155848,1.1801,1,1,0,80.0983,0,BERTLARGE,1,365,17751646
Job681,8131132000,8131152000,16727346,16707346,0.83942,0.155298,0.836637,0.155364,1.19183,1,1,0,81.4118,0,GPT2_SMALL,1,356,16707346
Job682,8131139000,8131152000,14748106,14735106,0.821333,0.155733,0.818797,0.15601,1.22006,1,1,0,83.2967,0,VGG19,1,341,14735106
Job683,8131144000,8131152000,18305150,18297150,0.852723,0.15593,0.858221,0.155997,1.17319,1,1,0,79.2994,0,ResNeXt,1,370,18297150
Job684,8131151000,8131152000,14998847,14997847,0.821312,0.154636,0.818503,0.154724,1.21836,1,1,0,83.1396,0,ResNet50,1,344,14997847
Job685,8131156000,8131156000,18915498,18915498,0.858078,0.157248,0.869311,0.15751,1.16716,1,1,0,78.3321,0,GNMT,1,378,18915498
Job686,8131163000,8131163000,19336774,19336774,0.860242,0.156466,0.876089,0.156536,1.16293,1,1,0,77.6452,0,ResNet50,1,380,19336774
Job687,8131168000,8131168000,18767999,18767999,0.856763,0.156951,0.866591,0.157172,1.1687,1,1,0,78.5632,0,VGG19,1,377,18767999
Job688,8131174000,8131174000,14157762,14157762,0.819265,0.155885,0.816563,0.156229,1.22377,1,1,0,83.4948,0,GNMT,1,329,14157762
Job689,8131179000,8131199000,14480185,14460185,0.820793,0.156079,0.818122,0.156416,1.22142,1,1,0,83.4458,0,GNMT,1,332,14460185
Job690,8131190000,8131199000,14488381,14479381,0.818571,0.154628,0.815873,0.154719,1.22249,1,1,0,83.4568,0,ResNet50,1,334,14479381
Job691,8131195000,8131199000,14653382,14649382,0.818696,0.154504,0.815991,0.154579,1.22215,1,1,0,83.4052,0,GPT2_SMALL,1,336,14649382
Job692,8131200000,8131200000,14664598,14664598,0.818488,0.154462,0.81578,0.154537,1.22246,1,1,0,83.4039,0,GPT2_SMALL,1,337,14664598
Job693,8131207000,8131207000,17339710,17339710,0.844146,0.155404,0.843569,0.155474,1.18517,1,1,0,80.6466,0,ResNeXt,1,361,17339710
Job694,8131213000,8131213000,13718104,13718104,0.816961,0.154515,0.814159,0.154611,1.22495,1,1,0,83.5843,0,ResNet50,1,325,13718104
Job695,8131218000,8131218000,16119235,16119235,0.832411,0.154941,0.828264,0.155023,1.20202,1,1,0,82.1477,0,ResNet50,1,351,16119235
Job696,8132378000,8132378000,16145940,16145940,0.834978,0.15635,0.835825,0.156653,1.20012,1,1,0,81.5243,0,GNMT,1,352,16145940
Job697,8132383000,8132403000,15010208,14990208,0.823399,0.155846,0.821057,0.156119,1.21693,1,1,0,83.1002,0,VGG19,1,343,14990208
Job698,8132389000,8132403000,14728857,14714857,0.820052,0.15598,0.817762,0.156311,1.22247,1,1,0,83.4428,0,GNMT,1,339,14714857
Job699,8132394000,8132403000,17478358,17469358,0.84685,0.155976,0.857757,0.156052,1.18142,1,1,0,79.3531,0,ResNet50,1,362,17469358
Job700,8132400000,8132403000,16958323,16955323,0.842782,0.156509,0.848959,0.156752,1.18842,1,1,0,80.2338,0,VGG19,1,357,16955323
Job701,8132406000,8132406000,16049254,16049254,0.832745,0.155047,0.833352,0.155116,1.20142,1,1,0,81.6371,0,GPT2_SMALL,1,350,16049254
Job702,8132412000,8132412000,15320154,15320154,0.824837,0.154708,0.823156,0.15478,1.213,1,1,0,82.6527,0,GPT2_SMALL,1,347,15320154
Job703,8132418000,8132418000,13611361,13611361,0.805014,0.154175,0.804692,0.154271,1.2432,1,1,0,84.5714,0,ResNet50,1,323,13611361
Job704,8132423000,8132423000,14761144,14761144,0.818563,0.154698,0.816228,0.154815,1.22274,1,1,0,83.385,0,BERTLARGE,1,342,14761144
Job705,8132430000,8132450000,12460750,12440750,0.802071,0.154279,0.802064,0.154375,1.24778,1,1,0,84.9863,0,ResNeXt,1,319,12440750
Job706,8132437000,8132450000,14431385,14418385,0.815117,0.154572,0.813278,0.154663,1.22769,1,1,0,83.7477,0,ResNet50,1,331,14418385
Job707,8132448000,8132450000,14313630,14311630,0.813146,0.154376,0.811523,0.15446,1.2306,1,1,0,83.8606,0,ResNeXt,1,330,14311630
Job708,8132455000,8132455000,14487592,14487592,0.815291,0.154457,0.813283,0.154547,1.22742,1,1,0,83.6712,0,ResNet50,1,335,14487592
Job709,8132461000,8132461000,12586320,12586320,0.802778,0.1556,0.802773,0.155986,1.24964,1,1,0,84.9761,0,GNMT,1,320,12586320
Job710,8132469000,8132469000,13566407,13566407,0.806225,0.155274,0.805906,0.155574,1.24337,1,1,0,84.5829,0,VGG19,1,322,13566407
Job711,8132481000,8132481000,18535888,18535888,0.855921,0.156712,0.879615,0.156807,1.16899,1,1,0,77.3428,0,BERTLARGE,1,375,18535888
Job712,8187422000,8187442000,1449289,1429289,0.228856,0.201179,0.22396,0.206924,5.21927,0.4,0,0,46,0,GNMT,8,183,1358807
Job713,8188891000,8188911000,43902984,43882984,0.190099,0.166801,0.18604,0.166883,5.3598,0.5,0,0,46.5739,0,ResNet50,8,418,43175116
Job714,8192123000,8192143000,43544190,43524190,0.18601,0.163157,0.182008,0.163186,5.35185,0.5,0,0,46.5126,0,GPT2_SMALL,8,419,43759518
Job715,8280703000,8280723000,1180539,1160539,0.221479,0.193018,0.216036,0.197209,4.96066,1,1,0,44,0,ResNet50,8,175,1160539
Job716,8289042000,8289062000,52224130,52204130,0.206932,0.177237,0.202331,0.177305,4.84082,1,1,0,42.0991,0,ResNeXt,8,427,52204130
Job717,8350326000,8350346000,6794200,6774200,0.212925,0.179698,0.210834,0.180236,4.75924,1,1,0,40.9769,0,ResNeXt,8,269,6774200
Job718,8350483000,8350503000,7188343,7168343,0.228115,0.192553,0.225867,0.19359,4.75349,0.5,0,0,40.9233,0,GNMT,8,268,6768809
Job719,8382958000,8382978000,7839791,7819791,0.250136,0.211115,0.24765,0.212622,4.7432,0.5,0,0,40.8295,0,VGG19,8,272,6798745
Job720,8382995000,8383015000,6503455,6483455,0.212015,0.178921,0.209936,0.179301,4.76143,1,1,0,41,0,BERTLARGE,8,264,6483455
Job721,8449506000,8449526000,126735364,126715364,0.230542,0.191341,0.230382,0.191398,4.60702,0.666667,0,0,39.193,0,GNMT,8,552,119461532
Job722,8474395000,8474415000,14147485,14127485,0.205154,0.172383,0.205149,0.172804,4.93003,1,1,0,41.9657,0,GNMT,8,328,14127485
Job723,8474470000,8474490000,15350395,15330395,0.218213,0.183215,0.218171,0.183654,4.91168,0.5,0,0,41.8117,0,GNMT,8,333,14462885
Job724,8474528000,8474548000,13737200,13717200,0.20407,0.17145,0.20407,0.171615,4.93398,0.666667,0,0,42,0,BERTLARGE,8,324,13685030
Job725,8548692000,8548712000,552126,532126,0.235848,0.197205,0.235848,0.200596,4.53542,0.5,0,0,40,0,GPT2_SMALL,8,93,534750
Job726,8620864000,8620884000,1410844,1390844,0.244587,0.200416,0.244587,0.201773,4.17525,0.666667,0,0,36,0,GPT2_SMALL,8,184,1398116
Job727,8634510000,8634530000,2081424,2061424,0.254521,0.208848,0.254521,0.211608,4.1946,0.666667,0,0,36,0,ResNet50,8,195,2030176
Job728,8786545000,8786565000,174914880,174894880,0.243004,0.1978,0.243004,0.197825,4.11718,1,1,0,35,0,ResNeXt,8,603,174894880
Job729,9299379000,9299399000,18095392,18075392,0.304086,0.240082,0.30406,0.240721,3.51573,0.5,0,0,29.9194,0,GNMT,8,358,17050496
Job730,9300184000,9300204000,16636153,16616153,0.286143,0.226066,0.286143,0.226682,3.52517,1,1,0,30,0,GNMT,8,355,16616153
Job731,9375505000,9375525000,28536343,28516343,0.301721,0.240546,0.295424,0.240952,3.53325,0.5,0,0,30.6957,0,GNMT,8,390,26892809
Job732,9387390000,9387390000,17315116,17315116,1,0.224646,1,0.225231,1,1,1,0,31.833,0,GNMT,1,360,17315116
Job733,9387696000,9387716000,17576757,17556757,0.27968,0.225626,0.270797,0.226391,3.61473,1,1,0,31.7734,0,VGG19,8,363,17556757
Job734,9387747000,9387747000,15392564,15392564,1,0.224129,1,0.22468,1,1,1,0,32,0,VGG19,1,348,15392564

Makespan,10898286,avgJCT,551318,FairnessT,3315.16,avg_gpu_load,288.075,yield_per_job,0.790191,mean_n_avg,67.2161,maxFairT,253.722,minFairT,0.0765337,dFair,2.61873,dFairSq,14.6466,FairnessN,435.839,maxFairN,53.3133,minFairN,0.122323,dfairN,1.65004,dfairNSq,4.83631,avg_frag_w_q,2.01989
Fairness
Mm,1/n,1/n-Down,GPU_load,GPU_share
2.80434,1.34583,2.77496,1.3916,2.5625
Fairness CV
5.18305,3.58435,5.23549,3.63431
Locality
dist,bit
0.923715,0.839952
