max schd: 0.016036, max dp: 0.000144, max job: 17
Job#,Admitted_time,Scheduled_time,JCT,Running_time,fairness(Mm),fairness(1/n),fairness(1/n-down),fairness(GPU_load),fairness(GPU_share),locality(dist),locality(bit),cold_count,wave,gpu_usg,n_avg,round_out,#shuffle,locality(content),iq_ignore,dist_expand,unlucky_expand,lucky_expand,lucky_shrink,model,gpu_req,k_val,rank_irt,ideal_run_time,ooit_inc_p_gpu
Job1,0,0,888749711,805209588,1.10314,1.06643,1.10446,1.06652,0.907089,1,1,5,1,1,6.05307,4,5,1.10375,0,0,0,0,0,VGG19,1,32,377,804688048,1
Job2,14987000,14987000,963241582,874780125,1.10015,1.06628,1.10137,1.06632,0.909167,1,1,6,1,1,6.16841,5,6,1.10112,0,0,0,0,0,BERTLARGE,1,128,378,874586040,1
Job3,333610000,333610000,235199847,235199847,1.00068,0.989158,1.00068,0.98947,1,1,1,1,1,1,5.41692,0,1,1,0,0,0,0,0,ResNeXt,1,32,359,235038936,1
Job4,337642000,337642000,28904750,28904750,1.00002,1.00002,1.00002,1.00123,1,1,1,1,1,1,4,0,1,1,0,0,0,0,0,BERTLARGE,1,128,253,28904120,1
Job5,411449000,411449000,193874750,193874750,0.994555,0.925763,1.00002,0.925918,1.0055,1,1,1,1,1,8.23956,0,1,1,0,0,0,0,0,BERTLARGE,1,128,347,193870520,1
Job6,423176000,423176000,2253501,2253501,1.00015,1.00015,0.409882,1.04176,1,1,1,1,1,8,5,0,1,1,0,0,0,0,0,ResNet50,8,16,87,2253168,0.13
Job7,428623000,428623000,269435365,247757006,1.08425,0.973956,1.08854,0.974076,0.923187,1,1,3,1,1,10.1258,2,3,1.0875,0,0,0,0,0,GPT2_SMALL,1,256,361,247519184,1
Job8,449352000,449352000,8598241,8598241,1.00068,1.00068,1.00068,1.00949,1,1,1,1,1,1,6,0,1,1,0,0,0,0,0,ResNeXt,1,32,166,8592408,1
Job9,459376000,459376000,8238095,8238095,1.0002,1.0002,1.0002,1.01498,1,1,1,1,1,1,6,0,1,1,0,0,0,0,0,GNMT,1,64,162,8236480,1
Job10,501790000,501790000,18129260,18129260,1.0005,1.0005,0.634308,1.00238,1,1,1,1,1,4,6.3136,0,1,1,0,0,0,0,0,GPT2_SMALL,4,64,226,18120144,0.26
Job11,514234000,514234000,156989131,151452074,1.03138,0.864596,1.03841,0.865168,0.971313,1,1,3,1,1,12.7696,2,3,1.03656,0,0,0,0,0,GNMT,1,64,333,151182016,1
Job12,520930000,520930000,7413300,7413300,1.00015,1.00015,1.00015,1.009,1,1,1,1,1,1,7,0,1,1,0,0,0,0,0,ResNet50,1,128,155,7412200,1
Job13,528694000,528694000,15558680,15558680,1.00042,1.00042,0.561783,1.00462,1,1,1,1,1,4,7.13626,0,1,1,0,0,0,0,0,ResNet50,4,32,210,15552200,0.255
Job14,543023000,543023000,4513322,4513322,1.00019,1.00019,1.00019,1.02752,1,1,1,1,1,1,8.89597,0,1,1,0,0,0,0,0,GNMT,1,64,112,4512448,1
Job15,543736000,543736000,56660144,56660144,0.981524,0.80335,1.0002,0.804719,1.01907,1,1,1,1,1,13.9033,0,1,1,0,0,0,0,0,GNMT,1,64,288,56648896,1
Job16,543879000,543879000,1702778,1702778,1.00029,1.00029,1.00029,1.04318,1,1,1,1,1,1,9.21945,0,1,1,0,0,0,0,0,VGG19,1,32,81,1702288,1
Job17,545712000,545712000,24786950,24786950,0.768133,0.877305,0.350606,0.878362,1.30293,1,1,1,1,4,11.4248,0,1,1,0,0,0,0,0,GPT2_SMALL,4,64,247,24774480,0.26
Job18,547547000,547547000,27953624,27953624,0.686878,0.841012,0.329368,0.84266,1.45754,1,1,1,1,4,12.1686,0,1,1,0,0,0,0,0,ResNet50,4,32,252,27941960,0.255
Job19,554770000,554770000,47244337,47244337,0.978264,0.765722,1.00068,0.766654,1.02295,1,1,1,1,1,15.1153,0,1,1,0,0,0,0,0,ResNeXt,1,32,276,47212056,1
Job20,555814000,555986125,59338129,59166004,0.985677,0.782425,1.0036,0.782776,1.01524,1,1,1,1,1,14.9613,0,1,1.00291,0,0,0,0,0,GPT2_SMALL,1,256,291,59125456,1
Job21,560117000,560146176,6834666,6805490,1.00448,0.822088,1.00448,0.834127,0.995731,1,1,1,1,1,13.5049,0,1,1.00429,0,0,0,0,0,GNMT,1,64,148,6804160,1
Job22,560303000,560591310,94036400,90203192,1.0331,0.820974,1.04491,0.821441,0.970215,1,1,4,1,1,14.9638,3,4,1.0425,0,0,0,0,0,ResNet50,1,128,304,89994728,1
Job23,564407000,584115699,250361738,174034958,1.43428,1.28336,1.4404,1.28359,0.698101,1,1,4,1,1,11.5901,3,4,1.43857,0,0,0,0,0,GPT2_SMALL,1,256,341,173813712,1
Job24,566107000,570498950,116750550,105011046,1.10421,0.885361,1.11436,0.885832,0.90772,1,1,4,1,1,14.4886,3,4,1.11179,0,0,0,0,0,VGG19,1,32,313,104769616,1
Job25,566704000,566828882,17395080,17169085,0.366777,0.78976,0.283962,0.792278,2.75577,0.558164,0.116327,2,1.11633,3.76735,15.3213,0,2,1.01316,0,32,32,0,0,VGG19,4,8,215,16044784,0.258
Job26,570420000,570498950,91495749,89657875,1.00905,0.806686,1.02092,0.806935,0.991442,1,1,2,1,1,14.9929,1,2,1.0205,0,0,0,0,0,BERTLARGE,1,128,303,89620920,1
Job27,571900000,571901830,1536490,1534660,1.00134,0.770696,1.00134,0.79667,0.998809,1,1,1,1,1,15,0,1,1.00119,0,0,0,0,0,ResNet50,1,128,77,1534440,1
Job28,573586000,573741700,7069620,6913920,0.332,0.729004,0.262572,0.734686,3.03603,1,1,1,1,4,15.7126,0,1,1.02252,0,0,0,0,0,ResNeXt,4,8,150,6910152,0.253
Job29,576731000,576736894,102750772,99625982,1.02151,0.823314,1.03219,0.823743,0.979734,1,1,2,1,1,14.6236,1,2,1.03137,0,0,0,0,0,ResNet50,1,128,311,99546088,1
Job30,577431000,577536724,5074058,4968334,0.985792,0.76222,0.984937,0.77032,1.01522,1,1,1,1,1,16.6038,0,1,1.02128,0,0,0,0,0,VGG19,1,32,126,4966864,1
Job31,577612000,580655620,195501872,136730278,1.42773,1.26827,1.43554,1.26889,0.703208,1,1,7,1,1,11.9998,6,7,1.42984,0,0,0,0,0,ResNeXt,1,32,326,136187064,1
Job32,582485000,582507452,27161915,27139463,0.310776,0.78123,0.259039,0.782806,3.25382,0.5,0,2,1.05926,3.88148,16.107,0,2,1.00083,0,30,30,0,0,VGG19,4,8,251,26092528,0.258
Job33,584215000,584467613,164166328,124074586,1.31938,1.16047,1.32652,1.16104,0.759877,1,1,5,1,1,12.2513,4,5,1.32313,0,0,0,0,0,VGG19,1,32,321,123757456,1
Job34,585265000,585273456,5658164,5649708,0.943363,0.803164,0.943363,0.810644,1.06091,1,1,1,1,1,17,0,1,1.0015,0,0,0,0,0,ResNet50,1,128,135,5648872,1
Job35,591096000,591109216,26423016,26409800,0.536777,0.937987,0.313572,0.942,1.84012,0.392011,0,2,1.35207,3.29587,15.3148,0,2,1.0005,0,9,9,0,0,GNMT,4,16,238,22097280,0.259
Job36,613103000,617519016,938871955,901397531,1.04219,1.02574,1.0422,1.02587,0.96009,1,1,4,1,1,4.89743,3,4,1.04157,0,0,0,0,0,GNMT,1,64,379,900858304,1
Job37,614832000,614951790,8166871,8047081,1.01461,0.959023,1.01509,0.97273,0.9858,1,1,1,1,1,15.1813,0,1,1.01489,0,0,0,0,0,GNMT,1,64,161,8045504,1
Job38,615312000,615416254,7864814,7760560,1.01314,0.953772,1.01363,0.967857,0.987231,1,1,1,1,1,15.2312,0,1,1.01343,0,0,0,0,0,GNMT,1,64,158,7759040,1
Job39,616295000,616314671,7157546,7137875,1.00224,0.941929,1.00278,0.946288,0.997792,1,1,1,1,1,15.2541,0,1,1.00276,0,0,0,0,0,BERTLARGE,1,128,153,7137720,1
Job40,622648000,622823891,17429123,17253232,0.34226,0.68773,0.272658,0.689635,2.95952,0.333333,0,1,1,4,15.0157,0,1,1.01019,0,11,11,0,0,VGG19,4,8,220,17079664,0.258
Job41,622933000,623033303,18537657,18437354,0.349073,0.679909,0.268751,0.681533,2.85618,0.5,0,1,1,4,14.9242,0,1,1.00544,0,1,1,0,0,ResNet50,4,32,229,18534920,0.255
Job42,623774000,623779966,26238028,26232062,0.807577,1.09037,0.404292,1.09196,1.2311,0.811405,0.62281,2,1.62281,2.75438,14.2958,0,2,1.00023,0,1,1,0,0,BERTLARGE,4,32,227,18183992,0.264
Job43,650398000,650398000,7034298,7034298,1.0003,0.997111,1.0003,1.0071,1,1,1,1,1,1,14.4305,0,1,1,0,0,0,0,0,VGG19,1,32,152,7032208,1
Job44,650662000,650662000,6071808,6071808,1.00068,1.00068,1.00068,1.0132,1,1,1,1,1,1,14.5974,0,1,1,0,0,0,0,0,ResNeXt,1,32,138,6067704,1
Job45,650712000,650712000,6972402,6972402,1.00015,0.996932,1.00015,1.00628,1,1,1,1,1,1,14.436,0,1,1,0,0,0,0,0,ResNet50,1,128,151,6971368,1
Job46,657069000,657158298,13968610,13879312,0.471489,0.727577,0.297464,0.730239,2.14835,0.25,0,1,1,4,13.7204,0,1,1.00643,0,26,26,0,0,VGG19,4,8,199,13739824,0.258
Job47,657823000,658036185,17597573,17384388,0.637178,0.858636,0.340805,0.860063,1.56645,0.612352,0.224703,2,1.2247,3.55059,13.3669,0,2,1.01226,0,1,1,0,0,GPT2_SMALL,4,64,209,15475472,0.26
Job48,657902000,658002657,13951457,13850800,0.455983,0.723239,0.297754,0.725873,2.2216,0.5,0,1,1,4,13.7185,0,1,1.00727,0,3,3,0,0,VGG19,4,8,198,13711600,0.258
Job49,666213000,671037610,133517530,128692920,1.0378,1.01995,1.0378,1.0205,0.963865,1,1,1,1,1,9.46072,0,1,1.03749,0,0,0,0,0,VGG19,1,32,323,128654320,1
Job50,670037000,671223131,209771715,208585584,1.00638,1.0032,1.00638,1.00336,0.994346,1,1,1,1,1,8.91054,0,1,1.00569,0,0,0,0,0,GPT2_SMALL,1,256,354,208442576,1
Job51,719168000,719168000,96391056,96391056,1.0002,1.0002,1.0002,1.00145,1,1,1,1,1,1,9.2021,0,1,1,0,0,0,0,0,GNMT,1,64,307,96371904,1
Job52,720082000,720082000,450626519,450626519,1.0002,1.0002,1.0002,1.00047,1,1,1,1,1,1,5.86854,0,1,1,0,0,0,0,0,GNMT,1,64,373,450536896,1
Job53,769562000,769562000,175426108,175426108,1.00068,1.00068,1.00068,1.00111,1,1,1,1,1,1,7.97133,0,1,1,0,0,0,0,0,ResNeXt,1,32,342,175306104,1
Job54,811311000,811311000,84474520,84474520,1.00068,1.00068,1.00068,1.00157,1,1,1,1,1,1,8.25467,0,1,1,0,0,0,0,0,ResNeXt,1,32,300,84416760,1
Job55,832094000,832094000,3239982,3239982,1.00067,1.00067,1.00067,1.0244,1,1,1,1,1,1,8,0,1,1,0,0,0,0,0,ResNeXt,1,32,96,3237816,1
Job56,835575000,835575000,23324648,23324648,1.00042,1.00042,0.478667,1.00321,1,1,1,1,1,4,8.37221,0,1,1,0,0,0,0,0,ResNet50,4,32,243,23314920,0.255
Job57,850218000,850218000,126257835,126257835,1.00068,1.00068,1.00068,1.00128,1,1,1,1,1,1,7.26815,0,1,1,0,0,0,0,0,ResNeXt,1,32,322,126171480,1
Job58,860395000,860395000,2969014,2969014,1.00029,1.00029,1.00029,1.02445,1,1,1,1,1,1,9,0,1,1,0,0,0,0,0,VGG19,1,32,94,2968144,1
Job59,863388000,863388000,26051120,26051120,1.00035,1.00035,0.439243,1.00498,1,1,1,1,1,4,9.13344,0,1,1,0,0,0,0,0,GNMT,4,16,250,26041920,0.259
Job60,875643000,875643000,593925570,593925570,1.00068,1.00068,1.00068,1.00081,1,1,1,1,1,1,3.15808,0,1,1,0,0,0,0,0,ResNeXt,1,32,376,593519160,1
Job61,905784000,905784000,7571010,7571010,1.00068,1.00068,1.00068,1.0107,1,1,1,1,1,1,7,0,1,1,0,0,0,0,0,ResNeXt,1,32,156,7565880,1
Job62,913581000,913581000,30570736,30570736,1,1,0.57199,1.0023,1,1,1,1,1,4,7,0,1,1,0,0,0,0,0,VGG19,4,8,258,30570736,0.258
Job63,948890000,948890000,5502742,5502742,1.00015,1.00015,1.00015,1.0121,1,1,1,1,1,1,6,0,1,1,0,0,0,0,0,ResNet50,1,128,131,5501928,1
Job64,954486000,954486000,25128370,25128370,1.0005,1.0005,0.687928,1.00186,1,1,1,1,1,4,5.81995,0,1,1,0,0,0,0,0,GPT2_SMALL,4,64,248,25115728,0.26
Job65,1656081000,1656081000,50900240,50900240,1.00069,1.00069,1.00069,1.00136,1,1,1,1,1,1,3.89447,0,1,1,0,0,0,0,0,GPT2_SMALL,1,256,284,50865360,1
Job66,1656081000,1656081000,49755125,49755125,1.00002,1.00002,1.00002,1.00073,1,1,1,1,1,1,3.93136,0,1,1,0,0,0,0,0,BERTLARGE,1,128,283,49754040,1
Job67,1656859000,1656859000,49310670,49310670,1.00069,1.00069,1.00069,1.00138,1,1,1,1,1,1,3.95554,0,1,1,0,0,0,0,0,GPT2_SMALL,1,256,282,49276880,1
Job68,1658718000,1658718000,66247492,66247492,1.0003,1.0003,1.0003,1.00136,1,1,1,1,1,1,3.15605,0,1,1,0,0,0,0,0,VGG19,1,32,294,66227632,1
Job69,1736386000,1736386000,238275,238275,1.00031,1.00031,1.00031,1.66393,1,1,1,1,1,8,1,0,1,1,0,0,0,0,0,VGG19,8,4,7,238200,0.136
Job70,1738609000,1738609000,538293,538293,1.00013,1.00013,1.00013,1.20095,1,1,1,1,1,8,1,0,1,1,0,0,0,0,0,ResNet50,8,16,39,538224,0.13
Job71,1776761000,1776761000,65828816,65828816,1.0002,1.0002,1.0002,1.00203,1,1,1,1,1,1,1.24058,0,1,1,0,0,0,0,0,GNMT,1,64,293,65815744,1
Job72,1826753000,1826753000,17830626,17830626,1.0003,1.0003,1.0003,1.00424,1,1,1,1,1,1,2.09279,0,1,1,0,0,0,0,0,VGG19,1,32,224,17825296,1
Job73,1842714000,1842714000,39887142,39887142,1.00068,1.00068,1.00068,1.00257,1,1,1,1,1,1,2.63289,0,1,1,0,0,0,0,0,ResNeXt,1,32,273,39859896,1
Job74,1842805000,1842805000,51218154,51218154,1.00069,1.00069,1.00069,1.00135,1,1,1,1,1,1,2.50016,0,1,1,0,0,0,0,0,GPT2_SMALL,1,256,285,51183056,1
Job75,1854378000,1854378000,2221154,2221154,1.00019,1.00019,1.00019,1.05732,1,1,1,1,1,1,3.00502,0,1,1,0,0,0,0,0,GNMT,1,64,86,2220736,1
Job76,1856588000,1856588000,13776155,13776155,1.0005,1.0005,1.0005,1.00298,1,1,1,1,1,4,3.00081,0,1,1,0,0,0,0,0,GPT2_SMALL,4,64,200,13769232,0.26
Job77,1871151000,1871151000,2259398,2259398,1.00068,1.00068,1.00068,1.01597,1,1,1,1,1,1,3.62291,0,1,1,0,0,0,0,0,GPT2_SMALL,1,256,88,2257872,1
Job78,1872003000,1872003000,5208810,5208810,1.00015,1.00015,1.00015,1.01279,1,1,1,1,1,1,3.2702,0,1,1,0,0,0,0,0,ResNet50,1,128,128,5208040,1
Job79,1884165000,1884165000,30899336,30899336,1.00042,1.00042,1.00042,1.00253,1,1,1,1,1,4,3.57522,0,1,1,0,0,0,0,0,ResNet50,4,32,259,30886440,0.255
Job80,1892086000,1892086000,8863880,8863880,1.00042,1.00042,1.00042,1.00781,1,1,1,1,1,4,3.23219,0,1,1,0,0,0,0,0,ResNet50,4,32,169,8860200,0.255
Job81,1894388000,1894388000,132628332,132628332,1.00015,1.00015,1.00015,1.00064,1,1,1,1,1,1,5.22645,0,1,1,0,0,0,0,0,ResNet50,1,128,325,132608488,1
Job82,1899602000,1899602000,45630875,45630875,1.00002,1.00002,1.00002,1.00079,1,1,1,1,1,1,5.48638,0,1,1,0,0,0,0,0,BERTLARGE,1,128,275,45629880,1
Job83,1899623000,1899623000,1075070,1075070,1.00018,1.00018,1.00018,1.12587,1,1,1,1,1,1,5,0,1,1,0,0,0,0,0,GNMT,1,64,70,1074880,1
Job84,1902175000,1902175000,39583448,39583448,1.00042,1.00042,0.722431,1.00206,1,1,1,1,1,4,5.54171,0,1,1,0,0,0,0,0,ResNet50,4,32,271,39566920,0.255
Job85,1904317000,1904317000,30159766,30159766,1.0003,1.0003,1.0003,1.00263,1,1,1,1,1,1,5.29912,0,1,1,0,0,0,0,0,VGG19,1,32,255,30150736,1
Job86,1918724000,1918724000,5934672,5934672,1.0003,1.0003,1.0003,1.01224,1,1,1,1,1,1,5,0,1,1,0,0,0,0,0,VGG19,1,32,137,5932912,1
Job87,1924709000,1924709000,31652656,31652656,1,1,0.655818,1.00222,1,1,1,1,1,4,6.1039,0,1,1,0,0,0,0,0,VGG19,4,8,261,31652656,0.258
Job88,1928183000,1928183000,33356436,33356436,1.0002,1.0002,1.0002,1.00381,1,1,1,1,1,1,6.04752,0,1,1,0,0,0,0,0,GNMT,1,64,262,33349824,1
Job89,1930505000,1930505000,85503258,85503258,1.0002,1.0002,1.0002,1.0016,1,1,1,1,1,1,5.41762,0,1,1,0,0,0,0,0,GNMT,1,64,302,85486272,1
Job90,1932011000,1932011000,95004378,95004378,1.0003,1.0003,1.0003,1.00104,1,1,1,1,1,1,5.46001,0,1,1,0,0,0,0,0,VGG19,1,32,305,94975888,1
Job91,1951812000,1951812000,1240728,1240728,1.00014,1.00014,1.00014,1.05544,1,1,1,1,1,1,6,0,1,1,0,0,0,0,0,ResNet50,1,128,73,1240552,1
Job92,1953430000,1953430000,13645880,13645880,1.00042,1.00042,0.832768,1.00521,1,1,1,1,1,4,4.80912,0,1,1,0,0,0,0,0,ResNet50,4,32,197,13640200,0.255
Job93,1976107000,1976107000,109556750,109556750,1.00002,1.00002,1.00002,1.00034,1,1,1,1,1,1,4.30836,0,1,1,0,0,0,0,0,BERTLARGE,1,128,315,109554360,1
Job94,1988818000,1988818000,5649708,5649708,1.00015,1.00015,1.00015,1.01179,1,1,1,1,1,1,5,0,1,1,0,0,0,0,0,ResNet50,1,128,134,5648872,1
Job95,1994671000,1994671000,17313460,17313460,1.00035,1.00035,0.587552,1.00734,1,1,1,1,1,4,6.82993,0,1,1,0,0,0,0,0,GNMT,4,16,221,17307360,0.259
Job96,1995484000,1995484000,103868030,103868030,1.0003,1.0003,1.0003,1.00097,1,1,1,1,1,1,3.95167,0,1,1,0,0,0,0,0,VGG19,1,32,312,103836880,1
Job97,1998121000,1998121000,96267500,96267500,1.00002,1.00002,1.00002,1.00039,1,1,1,1,1,1,4.04775,0,1,1,0,0,0,0,0,BERTLARGE,1,128,306,96265400,1
Job98,2010666000,2010666000,4933525,4933525,1.00067,1.00067,1.00067,1.01613,1,1,1,1,1,1,7.26725,0,1,1,0,0,0,0,0,ResNeXt,1,32,125,4930200,1
Job99,2015728000,2015728000,15114952,15114952,1.00035,1.00035,0.727511,1.00836,1,1,1,1,1,4,5.51214,0,1,1,0,0,0,0,0,GNMT,4,16,207,15109632,0.259
Job100,2106362000,2106362000,1304661,1304661,1.00074,1.00074,1.00074,1.06183,1,1,1,1,1,8,1,0,1,1,0,0,0,0,0,ResNeXt,8,4,75,1303692,0.13
Job101,2142153000,2142153000,126126,126126,1.00017,1.00017,1.00017,1.44799,1,1,1,1,1,8,1,0,1,1,0,0,0,0,0,GPT2_SMALL,8,32,1,126104,0.139
Job102,2142729000,2142729000,141512,141512,1.00023,1.00023,1.00023,1.85031,1,1,1,1,1,4,1,0,1,1,0,0,0,0,0,ResNet50,4,32,3,141480,0.255
Job103,2148838000,2148838000,195330692,194023703,1.00756,1.00666,1.00756,1.00728,0.993309,1,1,2,1,1,2.29263,1,2,1.00674,0,0,0,0,0,GNMT,1,64,346,193865152,1
Job104,2150015000,2150015000,406521,406521,1.00014,1.00014,1.00014,1.4191,1,1,1,1,1,1,2,0,1,1,0,0,0,0,0,GNMT,1,64,24,406464,1
Job105,2155117000,2155117000,502028,502028,1.00015,1.00015,1.00015,1.31437,1,1,1,1,1,1,2,0,1,1,0,0,0,0,0,GNMT,1,64,32,501952,1
Job106,2158243000,2158243000,406521,406521,1.00014,1.00014,1.00014,1.4191,1,1,1,1,1,1,3.47719,0,1,1,0,0,0,0,0,GNMT,1,64,23,406464,1
Job107,2158245000,2158245000,241578,241578,1.00047,1.00047,1.00047,1.45123,1,1,1,1,1,1,3.84684,0,1,1,0,0,0,0,0,ResNeXt,1,32,8,241464,1
Job108,2158282000,2158282000,358932,358932,1.00012,1.00012,1.00012,1.22132,1,1,1,1,1,1,3.56996,0,1,1,0,0,0,0,0,ResNet50,1,128,14,358888,1
Job109,2159287000,2159287000,505898,505898,1.00013,1.00013,1.00013,1.1476,1,1,1,1,1,1,2,0,1,1,0,0,0,0,0,ResNet50,1,128,36,505832,1
Job110,2162779000,2162779000,119759729,118366456,1.01267,1.0112,1.01267,1.0118,0.988366,1,1,2,1,1,2.94992,1,2,1.01177,0,0,0,0,0,VGG19,1,32,320,118260976,1
Job111,2167245000,2167245000,358932,358932,1.00012,1.00012,1.00012,1.22132,1,1,1,1,1,1,3,0,1,1,0,0,0,0,0,ResNet50,1,128,13,358888,1
Job112,2168177000,2168177000,303254,303254,1.00023,1.00023,1.00023,1.30049,1,1,1,1,1,1,3,0,1,1,0,0,0,0,0,VGG19,1,32,11,303184,1
Job113,2174541000,2174541000,669828,669828,1.00065,1.00065,1.00065,1.0542,1,1,1,1,1,1,3.5949,0,1,1,0,0,0,0,0,GPT2_SMALL,1,256,52,669392,1
Job114,2175056000,2175056000,1074468,1074468,1.00064,1.00064,1.00064,1.07578,1,1,1,1,1,1,5.60257,0,1,1,0,0,0,0,0,ResNeXt,1,32,69,1073784,1
Job115,2175087000,2175087000,369898,369898,1.00024,1.00024,1.00024,1.23378,1,1,1,1,1,1,5.32395,0,1,1,0,0,0,0,0,VGG19,1,32,15,369808,1
Job116,2175091000,2175091000,2680005,2680005,0.936127,0.940065,0.695813,0.951412,1.06965,1,1,1,1,4,5.77405,0,1,1,0,0,0,0,0,GPT2_SMALL,4,64,91,2678672,0.26
Job117,2175485000,2175485000,493250,493250,1.00002,1.00002,1.00002,1.0764,1,1,1,1,1,1,5.88089,0,1,1,0,0,0,0,0,BERTLARGE,1,128,31,493240,1
Job118,2175548000,2175548000,4234904,4234904,0.959797,0.961405,0.734835,0.975804,1.04298,1,1,1,1,4,5.46819,0,1,1,0,0,0,0,0,ResNet50,4,32,103,4233160,0.255
Job119,2175974000,2175974000,6495664,6495664,0.973418,0.974113,0.877363,0.984447,1.02761,1,1,1,1,4,4.56521,0,1,1,0,0,0,0,0,VGG19,4,8,145,6495664,0.258
Job120,2176375000,2176464016,4400432,4311416,0.981163,0.982686,0.804746,0.99716,1.02023,1,1,1,1,4,5.09169,0,1,1.02065,0,0,0,0,0,ResNet50,4,32,104,4309640,0.255
Job121,2183669000,2183669000,502028,502028,1.00015,1.00015,1.00015,1.31437,1,1,1,1,1,1,3,0,1,1,0,0,0,0,0,GNMT,1,64,34,501952,1
Job122,2189194000,2189194000,502028,502028,1.00015,1.00015,1.00015,1.31437,1,1,1,1,1,1,3,0,1,1,0,0,0,0,0,GNMT,1,64,33,501952,1
Job123,2189751000,2189751000,10372372,10372372,1.00008,1.00008,1.00008,1.00347,1,1,1,1,1,4,3.30143,0,1,1,0,0,0,0,0,BERTLARGE,4,32,172,10371512,0.264
Job124,2197400000,2197400000,4620946,4620946,1.00015,1.00015,1.00015,1.01442,1,1,1,1,1,1,3.67661,0,1,1,0,0,0,0,0,ResNet50,1,128,116,4620264,1
Job125,2198108000,2198108000,403220,403220,1.00025,1.00025,1.00025,1.21043,1,1,1,1,1,1,5,0,1,1,0,0,0,0,0,VGG19,1,32,22,403120,1
Job126,2237893000,2237893000,36508167,36508167,1.0002,1.0002,1.0002,1.0035,1,1,1,1,1,1,3.99822,0,1,1,0,0,0,0,0,GNMT,1,64,264,36500928,1
Job127,2237958000,2237958000,39773250,39773250,1.00069,1.00069,1.00069,1.00154,1,1,1,1,1,1,3.91627,0,1,1,0,0,0,0,0,GPT2_SMALL,1,256,272,39746000,1
Job128,2319383000,2319383000,16547204,16547204,1.0002,1.0002,1.0002,1.00751,1,1,1,1,1,1,2,0,1,1,0,0,0,0,0,GNMT,1,64,217,16543936,1
Job129,2459083000,2459083000,17399112,17399112,1.00068,1.00068,1.00068,1.00502,1,1,1,1,1,1,1.7801,0,1,1,0,0,0,0,0,ResNeXt,1,32,222,17387256,1
Job130,2462427000,2462427000,10803875,10803875,1.00002,1.00002,1.00002,1.00327,1,1,1,1,1,1,2,0,1,1,0,0,0,0,0,BERTLARGE,1,128,174,10803640,1
Job131,2473713000,2473713000,24736511,24736511,1.00008,1.00008,1.00008,1.0015,1,1,1,1,1,4,1.98666,0,1,1,0,0,0,0,0,BERTLARGE,4,32,246,24734456,0.264
Job132,2476812000,2476812000,33998072,33998072,1.00042,1.00042,1.00042,1.00233,1,1,1,1,1,4,1.91189,0,1,1,0,0,0,0,0,ResNet50,4,32,263,33983880,0.255
Job133,2501445000,2501445000,12318483,12318483,1.00068,1.00068,1.00068,1.00681,1,1,1,1,1,1,1.81419,0,1,1,0,0,0,0,0,ResNeXt,1,32,188,12310104,1
Job134,2513099000,2513099000,14240750,14240750,1.00002,1.00002,1.00002,1.00249,1,1,1,1,1,1,1.98037,0,1,1,0,0,0,0,0,BERTLARGE,1,128,203,14240440,1
Job135,2514043000,2514043000,29310765,29310765,1.0005,1.0005,1.0005,1.00167,1,1,1,1,1,4,1.9727,0,1,1,0,0,0,0,0,GPT2_SMALL,4,64,254,29296016,0.26
Job136,2528140000,2528140000,36565940,36565940,1.0005,1.0005,1.0005,1.00144,1,1,1,1,1,4,1.9112,0,1,1,0,0,0,0,0,GPT2_SMALL,4,64,265,36547536,0.26
Job137,2546601000,2546601000,251937006,251937006,1.00006,1.00006,1.00006,1.00023,1,1,1,1,1,8,1.67341,0,1,1,0,0,0,0,0,BERTLARGE,8,16,362,251921232,0.142
Job138,2608653000,2608653000,151551812,151551812,1.0003,1.0003,1.0003,1.00076,1,1,1,1,1,1,2,0,1,1,0,0,0,0,0,VGG19,1,32,335,151506352,1
Job139,2861740000,2861740000,249240,249240,1.00039,1.00039,1.00039,1.43123,1,1,1,1,1,4,1,0,1,1,0,0,0,0,0,ResNeXt,4,8,9,249144,0.253
Job140,2862735000,2862735000,418096,418096,1,1,1,1.20109,1,1,1,1,1,4,1,0,1,1,0,0,0,0,0,VGG19,4,8,25,418096,0.258
Job141,2864189000,2864189000,74521416,74521416,0.986988,0.980828,1.00006,0.981371,1.01325,1,1,1,1,8,1.26658,0,1,1,0,0,0,0,0,BERTLARGE,8,16,296,74516752,0.142
Job142,2920880000,2920880000,597720,597720,1.00048,1.00048,1.00048,1.14411,1,1,1,1,1,4,2,0,1,1,0,0,0,0,0,ResNeXt,4,8,44,597432,0.253
Job143,2921967000,2921967000,655534,655534,1.00029,1.00029,1.00029,1.22451,1,1,1,1,1,4,2,0,1,1,0,0,0,0,0,GNMT,4,16,51,655344,0.259
Job144,2923022000,2923022000,679562,679562,0.814523,0.787391,0.787391,0.884783,1.26538,1,1,1,1,8,2.62917,0,1,1,0,0,0,0,0,VGG19,8,4,53,679256,0.136
Job145,2923274000,2923701562,240594147,230707581,1.03036,1.00121,1.04471,1.00137,0.972262,1,1,10,1,8,1.30777,9,10,1.04285,0,0,0,0,0,GPT2_SMALL,8,32,357,230298424,0.139
Job146,2925215000,2925221704,1631881,1625177,0.683063,0.683063,0.683063,0.711349,1.49384,1,1,1,1,8,3,0,1,1.00413,0,0,0,0,0,VGG19,8,4,79,1624376,0.136
Job147,2934155000,2934160902,865013,859111,0.706943,0.706943,0.706943,0.79098,1.48977,1,1,1,1,8,3,0,1,1.00687,0,0,0,0,0,GNMT,8,8,62,859064,0.142
Job148,2945207000,2945207000,532380,532380,1.00047,1.00047,1.00047,1.16462,1,1,1,1,1,4,2,0,1,1,0,0,0,0,0,ResNeXt,4,8,38,532128,0.253
Job149,2946168000,2946168000,750520,750520,0.740459,0.730346,0.730346,0.83612,1.42404,1,1,1,1,8,2.89332,0,1,1,0,0,0,0,0,GNMT,8,8,58,750480,0.142
Job150,2946220000,2946254704,670452,635748,0.73798,0.73798,0.73798,0.819127,1.42236,1,1,1,1,8,3,0,1,1.05459,0,0,0,0,0,ResNet50,8,16,48,635664,0.13
Job151,2952863000,2952863000,539640,539640,1.00047,1.00047,1.00047,1.16206,1,1,1,1,1,4,2,0,1,1,0,0,0,0,0,ResNeXt,4,8,40,539384,0.253
Job152,2954185000,2954185000,2194920,2194920,1.00053,1.00053,1.00053,1.03595,1,1,1,1,1,4,2.1658,0,1,1,0,0,0,0,0,ResNeXt,4,8,85,2193752,0.253
Job153,2956016000,2956016000,690240,690240,1,1,1,1.21044,1,1,1,1,1,2,2.52724,0,1,1,0,0,0,0,0,GNMT,2,32,55,690240,0.5
Job154,2957978000,2957978000,539640,539640,1.00047,1.00047,1.00047,1.16206,1,1,1,1,1,4,2,0,1,1,0,0,0,0,0,ResNeXt,4,8,41,539384,0.253
Job155,2959789000,2959789000,631485,631485,1.00048,1.00048,1.00048,1.05744,1,1,1,1,1,4,2,0,1,1,0,0,0,0,0,GPT2_SMALL,4,64,47,631184,0.26
Job156,2961491000,2961491000,401700,401700,1.00045,1.00045,1.00045,1.23025,1,1,1,1,1,4,2,0,1,1,0,0,0,0,0,ResNeXt,4,8,20,401520,0.253
Job157,3001313000,3001313000,1694394,1694394,1.00025,1.00025,1.00025,1.02382,1,1,1,1,1,8,2,0,1,1,0,0,0,0,0,GPT2_SMALL,8,32,80,1693976,0.139
Job158,3092743000,3092743000,972905,972905,1.00049,1.00049,1.00049,1.03673,1,1,1,1,1,4,2,0,1,1,0,0,0,0,0,GPT2_SMALL,4,64,68,972432,0.26
Job159,3114922000,3114922000,461600,461600,1.00038,1.00038,1.00038,1.17928,1,1,1,1,1,2,2,0,1,1,0,0,0,0,0,VGG19,2,16,28,461424,0.5
Job160,3121192000,3121192000,4397511,4397511,0.926539,0.900849,0.900849,0.91777,1.08111,1,1,1,1,8,2.22507,0,1,1,0,0,0,0,0,ResNet50,8,16,107,4396848,0.13
Job161,3124550000,3124579366,989747,960381,0.710825,0.710825,0.710825,0.762874,1.45549,1,1,1,1,8,3,0,1,1.03058,0,0,0,0,0,VGG19,8,4,67,959928,0.136
Job162,3126174000,3126188629,586581,571952,0.578537,0.739766,0.578537,0.884834,1.95012,1,1,1,1,16,2,0,1,1.02558,0,0,0,0,0,VGG19,16,2,43,571952,0.075
Job163,3127478000,3127496589,450604,432015,0.542974,0.642572,0.525644,0.775232,2.18151,1,1,1,1,16,2.36308,0,1,1.04303,0,0,0,0,0,ResNet50,16,8,27,431984,0.066
Job164,3127765000,3127928604,559348,395744,0.675545,0.825751,0.654076,0.877573,1.56788,1,1,1,1,16,2.29249,0,1,1.41341,0,0,0,0,0,GPT2_SMALL,16,16,19,395584,0.072
Job165,3128750000,3128755415,1831837,1289664,0.751323,0.89558,0.733017,0.918481,1.12828,1,1,3,2,8,3.28698,2,3,1.4204,0,0,0,0,0,BERTLARGE,16,8,59,795768,0.083
Job166,3128751000,3128751000,619332,619332,0.453887,0.514127,0.4453,0.536856,1.76364,1,1,1,2,8,3.59795,0,1,1,0,0,0,0,0,BERTLARGE,16,8,26,423384,0.083
Job167,3129000000,3129027433,709913,682480,0.440273,0.520847,0.435094,0.541094,1.81398,1,1,1,2,8,3.82016,0,1,1.0402,0,0,0,0,0,BERTLARGE,16,8,29,464760,0.083
Job168,3129498000,3129516054,399604,381550,0.676997,0.487512,0.665408,0.551421,1.65113,1,1,1,1,8,3.53031,0,1,1.04732,0,0,0,0,0,VGG19,8,4,17,381400,0.136
Job169,3129898000,3129898000,628690,628690,0.694691,0.812093,0.694691,0.961065,1.5,1,1,1,2,8,3,0,1,1,0,0,0,0,0,ResNet50,16,8,18,381664,0.066
Job170,3130698000,3130698000,695541,695541,0.692487,0.529245,0.692334,0.561277,1.49892,1,1,1,1,8,2.99856,0,1,1,0,0,0,0,0,ResNeXt,8,4,56,695052,0.13
Job171,3130699000,3130739942,738017,697075,0.729651,1.059,0.723233,1.12348,1.37625,1,1,1,2,8,2.94109,0,1,1.05873,0,0,0,0,0,GPT2_SMALL,16,16,16,373360,0.072
Job172,3132172000,3132173000,1555114,1554114,0.575918,0.729441,0.561162,0.743389,1.86805,1,1,3,2.71182,7.24582,4.23779,0,3,1.00064,0,0,0,0,0,GPT2_SMALL,16,16,54,684496,0.072
Job173,3132172000,3132173112,588870,587758,0.329015,0.406195,0.328253,0.421006,2.46735,1,1,1,2,8,4.95585,0,1,1.00189,0,0,0,0,0,BERTLARGE,16,8,21,402696,0.083
Job174,3132173000,3132173000,1361040,1316234,0.566694,0.711468,0.560264,0.763342,1.63222,1,1,2,2.90413,6.19174,4.41429,0,2,1.03404,0,0,0,0,0,VGG19,16,2,50,650872,0.075
Job175,3132197000,3133727114,3133849,1603735,1.49251,0.974146,1.30017,1.01517,0.684017,1,1,1,1,8,3.09483,0,1,1.95409,0,0,0,0,0,GNMT,8,8,78,1603640,0.142
Job176,3137506000,3137506000,194103875,194103875,1.00002,1.00002,1.00002,1.0002,1,1,1,1,1,1,2.88964,0,1,1,0,0,0,0,0,BERTLARGE,1,128,348,194099640,1
Job177,3196570000,3196570000,137723182,137723182,1.0003,1.0003,1.0003,1.00081,1,1,1,1,1,1,3.51076,0,1,1,0,0,0,0,0,VGG19,1,32,327,137681872,1
Job178,3217920000,3217920000,167983625,167983625,1.00002,1.00002,1.00002,1.00023,1,1,1,1,1,1,3.23862,0,1,1,0,0,0,0,0,BERTLARGE,1,128,340,167979960,1
Job179,3239916000,3239916000,268571882,268571882,1.00015,1.00015,1.00015,1.00039,1,1,1,1,1,1,2.61554,0,1,1,0,0,0,0,0,ResNet50,1,128,364,268531688,1
Job180,3408446000,3408446000,14928125,14928125,1.00002,1.00002,1.00002,1.00237,1,1,1,1,1,1,2,0,1,1,0,0,0,0,0,BERTLARGE,1,128,205,14927800,1
Job181,3423978000,3423978000,39326726,39326726,1.00035,1.00035,1.00035,1.00342,1,1,1,1,1,4,2.07366,0,1,1,0,0,0,0,0,GNMT,4,16,270,39312816,0.259
Job182,3460408000,3460408000,13095125,13095125,1.00002,1.00002,1.00002,1.0027,1,1,1,1,1,1,2.22121,0,1,1,0,0,0,0,0,BERTLARGE,1,128,195,13094840,1
Job183,3474009000,3474009000,37958731,37958731,1.00008,1.00008,1.00008,1.00101,1,1,1,1,1,4,1.90833,0,1,1,0,0,0,0,0,BERTLARGE,4,32,268,37955576,0.264
Job184,3616615000,3616615000,217895914,217895914,1.0003,1.0003,1.0003,1.00062,1,1,1,1,1,1,2.62496,0,1,1,0,0,0,0,0,VGG19,1,32,356,217830544,1
Job185,3639104000,3639104000,442221903,442221903,1.0002,1.0002,1.0002,1.00047,1,1,1,1,1,1,2.88699,0,1,1,0,0,0,0,0,GNMT,1,64,372,442133952,1
Job186,3779296000,3779296000,47395965,47395965,1.0002,1.0002,1.0002,1.00274,1,1,1,1,1,1,4.98147,0,1,1,0,0,0,0,0,GNMT,1,64,277,47386560,1
Job187,3780153000,3780153000,48255528,48255528,1.0002,1.0002,1.0002,1.00269,1,1,1,1,1,1,5.01732,0,1,1,0,0,0,0,0,GNMT,1,64,279,48245952,1
Job188,3798223000,3798223000,243136625,243136625,1.00002,1.00002,1.00002,1.00017,1,1,1,1,1,1,3.25164,0,1,1,0,0,0,0,0,BERTLARGE,1,128,360,243131320,1
Job189,3807786000,3807786000,42415408,42415408,1,1,0.876984,1.00165,1,1,1,1,1,4,4.56201,0,1,1,0,0,0,0,0,VGG19,4,8,274,42415408,0.258
Job190,3902531000,3902531000,402831038,402831038,1.00069,1.00069,1.00069,1.00077,1,1,1,1,1,1,3.80273,0,1,1,0,0,0,0,0,GPT2_SMALL,1,256,371,402554832,1
Job191,4012992000,4012992000,1102982,1102982,1.00028,1.00028,1.00028,1.06809,1,1,1,1,1,1,4,0,1,1,0,0,0,0,0,VGG19,1,32,71,1102672,1
Job192,4019602000,4019602000,30508625,30508625,1.00002,1.00002,1.00002,1.00117,1,1,1,1,1,1,3.88598,0,1,1,0,0,0,0,0,BERTLARGE,1,128,257,30507960,1
Job193,4026321000,4026321000,799830,799830,1.00014,1.00014,1.00014,1.08862,1,1,1,1,1,1,5,0,1,1,0,0,0,0,0,ResNet50,1,128,60,799720,1
Job194,4027222000,4027222000,4472460,4472460,1.0005,1.0005,0.80162,1.00817,1,1,1,1,1,4,5,0,1,1,0,0,0,0,0,GPT2_SMALL,4,64,109,4470224,0.26
Job195,4059434000,4059434000,53740879,53740879,1.00068,1.00068,1.00068,1.00208,1,1,1,1,1,1,3.90338,0,1,1,0,0,0,0,0,ResNeXt,1,32,286,53704152,1
Job196,4065958000,4065958000,131014568,131014568,1.00069,1.00069,1.00069,1.00095,1,1,1,1,1,1,4.27281,0,1,1,0,0,0,0,0,GPT2_SMALL,1,256,324,130924752,1
Job197,4075698000,4075698000,946796,946796,1.00014,1.00014,1.00014,1.07387,1,1,1,1,1,1,5,0,1,1,0,0,0,0,0,ResNet50,1,128,64,946664,1
Job198,4077353000,4077353000,8716730,8716730,1.00035,1.00035,0.897768,1.01432,1,1,1,1,1,4,4.46343,0,1,1,0,0,0,0,0,GNMT,4,16,167,8713680,0.259
Job199,4086003000,4086003000,884056,884056,1.00017,1.00017,1.00017,1.15729,1,1,1,1,1,1,4.07548,0,1,1,0,0,0,0,0,GNMT,1,64,63,883904,1
Job200,4086889000,4086889000,22632976,22632976,1.00008,1.00008,1.00008,1.00163,1,1,1,1,1,4,4,0,1,1,0,0,0,0,0,BERTLARGE,4,32,240,22631096,0.264
Job201,4134129000,4134129000,55254125,55254125,1.00002,1.00002,1.00002,1.00066,1,1,1,1,1,1,5.10653,0,1,1,0,0,0,0,0,BERTLARGE,1,128,287,55252920,1
Job202,4162101000,4162101000,56784044,56784044,1.0003,1.0003,1.0003,1.00153,1,1,1,1,1,1,5.94382,0,1,1,0,0,0,0,0,VGG19,1,32,289,56767024,1
Job203,4163083000,4163083000,36972027,36972027,1.00068,1.00068,1.00068,1.00272,1,1,1,1,1,1,6.90419,0,1,1,0,0,0,0,0,ResNeXt,1,32,266,36946776,1
Job204,4164732000,4164732000,175776906,175776906,1.0003,1.0003,1.0003,1.0007,1,1,1,1,1,1,4.55129,0,1,1,0,0,0,0,0,VGG19,1,32,344,175724176,1
Job205,4165826000,4165826000,65793875,65793875,1.00002,1.00002,1.00002,1.00055,1,1,1,1,1,1,5.79217,0,1,1,0,0,0,0,0,BERTLARGE,1,128,292,65792440,1
Job206,4167022000,4167022000,1802744,1802744,1.00029,1.00029,1.00029,1.04071,1,1,1,1,1,1,8,0,1,1,0,0,0,0,0,VGG19,1,32,83,1802224,1
Job207,4169101000,4169101000,5504191,5504191,1.00008,1.00008,0.501636,1.00648,1,1,1,1,1,4,8,0,1,1,0,0,0,0,0,BERTLARGE,4,32,132,5503736,0.264
Job208,4175393000,4175393000,951500,951500,1.00002,1.00002,1.00002,1.03821,1,1,1,1,1,1,8,0,1,1,0,0,0,0,0,BERTLARGE,1,128,66,951480,1
Job209,4176798000,4176798000,6345605,6345605,1.00008,1.00008,0.501424,1.00563,1,1,1,1,1,4,8,0,1,1,0,0,0,0,0,BERTLARGE,4,32,142,6345080,0.264
Job210,4215881000,4215881000,204887008,204887008,1.0002,1.0002,1.0002,1.00079,1,1,1,1,1,1,3.72731,0,1,1,0,0,0,0,0,GNMT,1,64,352,204846272,1
Job211,4220247000,4220247000,198830317,198830317,1.00068,1.00068,1.00068,1.00106,1,1,1,1,1,1,3.7124,0,1,1,0,0,0,0,0,ResNeXt,1,32,350,198694296,1
Job212,4249251000,4249251000,11949500,11949500,1.00002,1.00002,1.00002,1.00296,1,1,1,1,1,1,5,0,1,1,0,0,0,0,0,BERTLARGE,1,128,184,11949240,1
Job213,4350971000,4350971000,519208,519208,1.00059,1.00059,1.00059,1.16964,1,1,1,1,1,1,3,0,1,1,0,0,0,0,0,ResNeXt,1,32,37,518904,1
Job214,4352303000,4352303000,8852340,8852340,1.00055,1.00055,1.00055,1.0091,1,1,1,1,1,4,3,0,1,1,0,0,0,0,0,ResNeXt,4,8,168,8847504,0.253
Job215,4361645000,4361645000,597535,597535,1.00016,1.00016,1.00016,1.25154,1,1,1,1,1,1,3,0,1,1,0,0,0,0,0,GNMT,1,64,45,597440,1
Job216,4366614000,4366614000,5630128,5630128,1,1,1,1.01259,1,1,1,1,1,4,3,0,1,1,0,0,0,0,0,VGG19,4,8,133,5630128,0.258
Job217,4381709000,4381709000,208325260,208325260,1.0002,1.0002,1.0002,1.00078,1,1,1,1,1,1,3.23467,0,1,1,0,0,0,0,0,GNMT,1,64,353,208283840,1
Job218,4383960000,4383960000,3592184,3592184,1.00015,1.00015,1.00015,1.01858,1,1,1,1,1,1,4.99638,0,1,1,0,0,0,0,0,ResNet50,1,128,98,3591656,1
Job219,4383973000,4383973000,3940280,3940280,1.00019,1.00019,1.00019,1.03162,1,1,1,1,1,1,4.90836,0,1,1,0,0,0,0,0,GNMT,1,64,101,3939520,1
Job220,4388422000,4388422000,23209880,23209880,1.00042,1.00042,0.812754,1.00323,1,1,1,1,1,4,4.92619,0,1,1,0,0,0,0,0,ResNet50,4,32,242,23200200,0.255
Job221,4388839000,4388839000,7968332,7968332,1.00008,1.00008,0.80077,1.0045,1,1,1,1,1,4,5,0,1,1,0,0,0,0,0,BERTLARGE,4,32,160,7967672,0.264
Job222,4397894000,4397894000,2784500,2784500,1.00002,1.00002,1.00002,1.01275,1,1,1,1,1,1,5,0,1,1,0,0,0,0,0,BERTLARGE,1,128,93,2784440,1
Job223,4400888000,4400888000,11454190,11454190,1.00008,1.00008,0.810584,1.00315,1,1,1,1,1,4,4.93799,0,1,1,0,0,0,0,0,BERTLARGE,4,32,178,11453240,0.264
Job224,4413169000,4413169000,3471875,3471875,1.00002,1.00002,1.00002,1.01021,1,1,1,1,1,1,4,0,1,1,0,0,0,0,0,BERTLARGE,1,128,97,3471800,1
Job225,4416689000,4416689000,30287240,30287240,1.00042,1.00042,1.00042,1.00257,1,1,1,1,1,4,2.21353,0,1,1,0,0,0,0,0,ResNet50,4,32,256,30274600,0.255
Job226,4460882000,4460882000,8512625,8512625,1.00002,1.00002,1.00002,1.00415,1,1,1,1,1,1,2,0,1,1,0,0,0,0,0,BERTLARGE,1,128,164,8512440,1
Job227,4469854000,4469854000,15721361,15721361,1.00008,1.00008,1.00008,1.00231,1,1,1,1,1,4,2.19046,0,1,1,0,0,0,0,0,BERTLARGE,4,32,212,15720056,0.264
Job228,4482581000,4482581000,144914571,144914571,1.00068,1.00068,1.00068,1.0012,1,1,1,1,1,1,3.37826,0,1,1,0,0,0,0,0,ResNeXt,1,32,329,144815448,1
Job229,4487834000,4487834000,6237572,6237572,1.00015,1.00015,1.00015,1.01068,1,1,1,1,1,1,3.75432,0,1,1,0,0,0,0,0,ResNet50,1,128,141,6236648,1
Job230,4491695000,4491695000,233971625,233971625,1.00002,0.947061,1.00002,0.947195,1,1,1,1,1,1,3.4404,0,1,1,0,0,0,0,0,BERTLARGE,1,128,358,233966520,1
Job231,4491743000,4491743000,8300534,8300534,1.0003,1.0003,1.0003,1.00881,1,1,1,1,1,1,4.96622,0,1,1,0,0,0,0,0,VGG19,1,32,163,8298064,1
Job232,4494352000,4494352000,15721361,15721361,1.00008,1.00008,0.802987,1.00231,1,1,1,1,1,4,4.984,0,1,1,0,0,0,0,0,BERTLARGE,4,32,213,15720056,0.264
Job233,4500295000,4500295000,14520688,14520688,1,1,0.856501,1.00484,1,1,1,1,1,4,4.67341,0,1,1,0,0,0,0,0,VGG19,4,8,204,14520688,0.258
Job234,4517152000,4517152000,6234570,6234570,1.0003,1.0003,1.0003,1.01166,1,1,1,1,1,1,4,0,1,1,0,0,0,0,0,VGG19,1,32,140,6232720,1
Job235,4523500000,4523500000,17034360,17034360,1.00055,1.00055,1.00055,1.00498,1,1,1,1,1,4,4,0,1,1,0,0,0,0,0,ResNeXt,4,8,219,17025016,0.253
Job236,4574425000,4574425000,4327014,4327014,1.00015,1.00015,1.00015,1.0154,1,1,1,1,1,1,4,0,1,1,0,0,0,0,0,ResNet50,1,128,105,4326376,1
Job237,4596224000,4596224000,2267049,2267049,1.0005,1.0005,0.676455,1.04428,1,1,1,1,1,8,3,0,1,1,0,0,0,0,0,VGG19,8,4,89,2265912,0.136
Job238,4603400000,4603400000,6678470,6678470,1.00015,1.00015,1.00015,1.00998,1,1,1,1,1,1,3,0,1,1,0,0,0,0,0,ResNet50,1,128,147,6677480,1
Job239,4610421000,4610421000,18243598,18243598,1.00035,1.00035,1.00035,1.00698,1,1,1,1,1,4,2.99883,0,1,1,0,0,0,0,0,GNMT,4,16,228,18237168,0.259
Job240,4627517000,4627517000,6423462,6423462,1.0002,1.0002,1.0002,1.01924,1,1,1,1,1,1,2.20597,0,1,1,0,0,0,0,0,GNMT,1,64,144,6422208,1
Job241,4633765000,4633765000,19546320,19546320,1.00055,1.00055,1.00055,1.00441,1,1,1,1,1,4,2.00898,0,1,1,0,0,0,0,0,ResNeXt,4,8,231,19535592,0.253
Job242,4656005000,4656005000,448193166,431163407,1.22649,1.20233,0.845584,1.20275,0.775367,0.931085,0.86217,17,2.85179,4.66345,4.01142,2,17,1.0395,0,1,1,0,0,GNMT,8,8,363,264330384,0.142
Job243,4665293000,4665293000,4473980,4473980,1.00015,1.00015,1.00015,1.01489,1,1,1,1,1,1,3,0,1,1,0,0,0,0,0,ResNet50,1,128,110,4473320,1
Job244,4670306000,4670306000,12803700,12803700,1.00035,0.788851,1.00035,0.794726,1,1,1,1,1,4,3.90211,0,1,1,0,0,0,0,0,GNMT,4,16,193,12799200,0.259
Job245,4672136000,4672144416,202424858,202416442,0.633793,0.649711,0.394126,0.649799,1.52666,0.669592,0.113488,5,1.11349,7.54605,5.20589,0,5,1.00004,0,20,20,0,0,BERTLARGE,8,16,349,197342608,0.142
Job246,4682533000,4682533000,4388375,4388375,1.00002,0.864626,1.00002,0.87063,1,1,1,1,1,1,4.13142,0,1,1,0,0,0,0,0,BERTLARGE,1,128,106,4388280,1
Job247,4687303000,4687313456,12416648,12406192,1.011,0.73776,0.816265,0.740842,0.999158,0.5,0,1,1,4,4.95973,0,1,1.00084,0,0,0,0,0,VGG19,4,8,187,12281584,0.258
Job248,4687803000,4687803000,158200416,158200416,1.00015,0.660839,1.00015,0.661018,1,1,1,1,1,1,5.20742,0,1,1,0,0,0,0,0,ResNet50,1,128,337,158176744,1
Job249,4705635000,4705635000,74644636,74644636,1.0003,0.758492,1.0003,0.759032,1,1,1,1,1,1,5.12533,0,1,1,0,0,0,0,0,VGG19,1,32,297,74622256,1
Job250,4737428000,4737428000,49048932,49048932,1.00068,0.686652,1.00068,0.687374,1,1,1,1,1,1,5.43052,0,1,1,0,0,0,0,0,ResNeXt,1,32,281,49015416,1
Job251,4759163000,4759167236,211677749,211599344,0.762872,0.81816,0.583738,0.818444,1.3078,0.757628,0.515256,8,1.79484,5.57521,4.90714,0,8,1.00037,0,9,9,0,0,ResNet50,8,16,331,147848016,0.13
Job252,4802626000,4802626000,4617500,4617500,1.00002,0.600492,1.00002,0.603238,1,1,1,1,1,1,5.72669,0,1,1,0,0,0,0,0,BERTLARGE,1,128,114,4617400,1
Job253,4803888000,4803890098,4903788,4901690,1.00072,0.60349,1.00072,0.608734,0.999572,1,1,1,1,1,5.68427,0,1,1.00043,0,0,0,0,0,VGG19,1,32,124,4900240,1
Job254,4808965000,4808982998,11799171,11781173,0.764615,0.493573,0.678838,0.494297,1.32543,0.333333,0,1,1,4,5.98229,0,1,1.00153,0,0,0,0,0,BERTLARGE,4,32,180,11633528,0.264
Job255,4809174000,4809197639,11714832,11691193,0.752093,0.485914,0.668101,0.4866,1.32711,0.5,0,1,1,4,5.98936,0,1,1.00202,0,0,0,0,0,GPT2_SMALL,4,64,181,11721744,0.26
Job256,4822017000,4822017000,4433791,4433791,1.00067,0.603679,1.00067,0.609907,1,1,1,1,1,1,5.70319,0,1,1,0,0,0,0,0,ResNeXt,1,32,108,4430808,1
Job257,4823333000,4823364242,4687137,4655895,1.00739,0.592326,1.00739,0.597994,0.993335,1,1,1,1,1,5.9012,0,1,1.00671,0,0,0,0,0,ResNeXt,1,32,118,4652760,1
Job258,4827248000,4827273877,12489093,12463216,0.724377,0.482625,0.585286,0.483934,1.39677,0.333333,0,1,1,4,6.93459,0,1,1.00208,0,15,15,0,0,VGG19,4,8,189,12338032,0.258
Job259,4827686000,4827725604,48672091,48632487,1.0015,0.489019,1.0015,0.489387,0.999186,1,1,1,1,1,6.0819,0,1,1.00081,0,0,0,0,0,ResNeXt,1,32,280,48599256,1
Job260,4828399000,4828427320,12600686,12572366,0.72886,0.484048,0.589106,0.484699,1.39053,0.333333,0,1,1,4,6.8998,0,1,1.00225,0,1,1,0,0,BERTLARGE,4,32,190,12414776,0.264
Job261,4842667000,4842704114,180067854,180030740,1.00029,0.640712,1.00029,0.640792,0.999794,1,1,1,1,2,4.05259,0,1,1.00021,0,0,0,0,0,BERTLARGE,2,64,345,180015160,0.5
Job262,4850225000,4874560858,457436106,433100248,0.934625,0.792353,0.734252,0.792483,1.04406,1,1,4,1.80356,6.18264,3.63264,0,4,1.05619,0,0,0,0,0,VGG19,8,4,368,343041816,0.136
Job263,5191085000,5191085000,1358999024,671147886,1.76128,1.49866,1.20056,1.49882,0.568805,0.727189,0.250105,31,2.45562,5.87856,4.59912,20,31,2.02489,0,4,4,0,0,VGG19,8,4,374,492307768,0.136
Job264,5191127000,5191185731,962036842,638840025,1.19218,1.11431,0.859933,1.11436,0.839281,0.728495,0.372458,45,2.27666,4.94047,5.67468,16,45,1.50591,0,18,18,0,0,GPT2_SMALL,8,32,370,394315256,0.139
Job265,5191385000,5191398983,531598635,325682005,0.686776,0.655971,0.627235,0.656005,1.44702,0.985513,0.956538,10,1.27632,7.27786,5.68548,3,10,1.63226,0,2,2,0,0,BERTLARGE,8,16,366,298164560,0.142
Job266,5192642000,5225678519,787268873,513429952,0.907574,0.878466,0.733835,0.878559,1.08091,0.749212,0.336135,17,1.82593,5.72186,5.73201,4,17,1.53335,0,396,396,0,0,VGG19,8,4,369,374385432,0.136
Job267,5225649000,5225678519,48152401,48122882,1.00076,0.379667,1.00076,0.379862,0.999387,1,1,1,1,1,6.44964,0,1,1.00061,0,0,0,0,0,ResNet50,1,128,278,48115688,1
Job268,5251012000,5251203161,4826275,4635114,1.04155,0.395268,1.04155,0.397547,0.960392,1,1,1,1,1,7.56198,0,1,1.04124,0,0,0,0,0,VGG19,1,32,117,4633744,1
Job269,5253126000,5253130387,4625333,4620946,1.0011,0.379452,1.0011,0.381486,0.999052,1,1,1,1,1,7.5864,0,1,1.00095,0,0,0,0,0,ResNet50,1,128,115,4620264,1
Job270,5257856000,5258117072,12199862,11938790,0.648084,0.369322,0.592736,0.370163,1.56576,0.5,0,1,1,4,7,0,1,1.02187,0,0,0,0,0,ResNeXt,4,8,183,11793440,0.253
Job271,5276895000,5276917339,208263161,175096684,0.527081,0.523993,0.514368,0.524044,1.88801,1,1,13,2.25089,5.14102,7.16166,3,13,1.18942,0,0,0,0,0,GPT2_SMALL,8,32,317,113099992,0.139
Job272,5286677000,5286714451,123649712,110777082,0.321739,0.325921,0.316733,0.325985,3.13992,0.913975,0.741926,5,1.18796,7.24815,7.85897,1,5,1.1162,0,1,1,0,0,ResNeXt,8,4,310,99405048,0.13
Job273,5286924000,5286926503,198027684,164791483,0.516735,0.514261,0.504411,0.514435,1.85297,0.939938,0.879875,10,2.08035,5.05403,7.2215,2,10,1.20169,0,5,5,0,0,GNMT,8,8,314,108822584,0.142
Job274,5342462000,5342464667,4805377,4802710,1.00124,0.264111,1.00124,0.264605,0.999445,1,1,1,1,1,8.99355,0,1,1.00056,0,0,0,0,0,GPT2_SMALL,1,256,120,4799440,1
Job275,5342493000,5342722024,12153122,11924098,0.470189,0.264075,0.460316,0.264506,2.16052,0.5,0,1,1,4,8.99756,0,1,1.01921,0,32,32,0,0,ResNeXt,4,8,182,11778928,0.253
Job276,5347297000,5347499962,11641324,11438362,0.462497,0.258907,0.454631,0.259282,2.15746,0.5,0,1,1,4,8.93533,0,1,1.01774,0,4,4,0,0,ResNet50,4,32,179,11498760,0.255
Job277,5355399000,5355531387,5888839,5756452,1.0237,0.276302,1.0237,0.276744,0.977519,1,1,1,1,1,8.63428,0,1,1.023,0,0,0,0,0,GPT2_SMALL,1,256,136,5752528,1
Job278,5361092000,5361234552,12288891,12146339,0.475613,0.249776,0.469868,0.249954,2.13257,0.5,0,1,1,4,8.73608,0,1,1.01174,0,8,8,0,0,BERTLARGE,4,32,185,11994104,0.264
Job279,5368937000,5369020829,25933649,25849820,0.260777,0.261501,0.258917,0.261699,3.92512,0.722932,0.168796,2,1.1688,7.32482,8.6635,0,2,1.00324,0,1,1,0,0,ResNeXt,8,4,241,23180496,0.13
Job280,5368975000,5369086423,12763005,12651582,0.219898,0.223469,0.219348,0.223822,4.62021,0.666667,0,1,1,8,9.34521,0,1,1.00881,0,0,0,0,0,ResNet50,8,16,192,12523344,0.13
Job281,5428346000,5428380648,12276964,12242316,0.287245,0.287245,0.287245,0.287527,3.49012,1,1,1,1,8,7,0,1,1.00283,0,0,0,0,0,BERTLARGE,8,16,186,12241552,0.142
Job282,5526404000,5526453012,3783197,3734185,0.411745,0.411745,0.411745,0.416047,2.46761,1,1,1,1,8,5,0,1,1.01313,0,0,0,0,0,VGG19,8,4,99,3732280,0.136
Job283,5595272000,5595326386,5492924,5438538,1.01069,0.480728,1.01069,0.482162,0.990099,1,1,1,1,1,5.74968,0,1,1.01,0,0,0,0,0,GPT2_SMALL,1,256,130,5434832,1
Job284,5596647000,5596675856,4875481,4846625,1.00598,0.469314,1.00598,0.4709,0.994081,1,1,1,1,1,5.99075,0,1,1.00595,0,0,0,0,0,BERTLARGE,1,128,122,4846520,1
Job285,5600810000,5600950735,15455151,15314416,0.685801,0.410694,0.681689,0.411459,1.4752,0.5,0,1,1,4,5.99104,0,1,1.00919,0,22,22,0,0,VGG19,4,8,208,15160432,0.258
Job286,5601661000,5601747844,15692131,15605287,0.678378,0.404503,0.676924,0.404858,1.4713,0.5,0,1,1,4,5.93067,0,1,1.00557,0,0,0,0,0,GPT2_SMALL,4,64,211,15646096,0.26
Job287,5700612000,5700637227,6544196,6518969,1.00407,0.480036,1.00407,0.484299,0.996145,1,1,1,1,1,5.73705,0,1,1.00387,0,0,0,0,0,GNMT,1,64,146,6517696,1
Job288,5702457000,5702488485,6168426,6136941,1.00533,0.465643,1.00533,0.469899,0.994896,1,1,1,1,1,6.04987,0,1,1.00513,0,0,0,0,0,GNMT,1,64,139,6135744,1
Job289,5707032000,5707107841,14211761,14135920,0.700244,0.414802,0.688112,0.415651,1.44482,0.5,0,1,1,4,5.9131,0,1,1.00537,0,23,23,0,0,VGG19,4,8,201,13993840,0.258
Job290,5708442000,5708463870,11259166,11237296,0.668675,0.402119,0.667549,0.403126,1.49861,1,1,1,1,4,6.01629,0,1,1.00195,0,0,0,0,0,VGG19,4,8,177,11237296,0.258
Job291,5778841000,5778873262,31591552,31559290,1.00132,0.588556,1.00132,0.589325,0.998979,1,1,1,1,1,5.67359,0,1,1.00102,0,0,0,0,0,VGG19,1,32,260,31549840,1
Job292,5791684000,5791684000,111171296,111171296,1.00015,0.545455,1.00015,0.545629,1,1,1,1,1,1,7.18841,0,1,1,0,0,0,0,0,ResNet50,1,128,316,111154664,1
Job293,5792349000,5792362302,964802,951500,1.014,0.610032,1.014,0.623837,0.986213,1,1,1,1,1,6,0,1,1.01398,0,0,0,0,0,BERTLARGE,1,128,65,951480,1
Job294,5793333000,5793430858,2854706,2756848,0.905112,0.554019,0.691384,0.557699,1.10368,0.5,0,1,1,4,6,0,1,1.0355,0,0,0,0,0,GPT2_SMALL,4,64,92,2763984,0.26
Job295,5797043000,5797053322,336186564,336176242,1.00018,0.637507,1.00018,0.637586,0.999969,1,1,1,1,1,6.36878,0,1,1.00003,0,0,0,0,0,ResNet50,1,128,367,336125928,1
Job296,5797300000,5797327532,830616,803084,1.03457,0.599282,1.03457,0.631158,0.966854,1,1,1,1,1,7.73152,0,1,1.03428,0,0,0,0,0,VGG19,1,32,61,802864,1
Job297,5797523000,5797563656,274934295,274893639,1.00035,0.6044,1.00035,0.60456,0.999852,1,1,1,1,1,6.70829,0,1,1.00015,0,0,0,0,0,GNMT,1,64,365,274838976,1
Job298,5798233000,5798279668,3173570,3126902,0.773625,0.520828,0.520828,0.531292,1.31373,0.5,0,1,1,4,8,0,1,1.01492,0,0,0,0,0,GNMT,4,16,95,3106656,0.259
Job299,5810936000,5810957656,11109106,11087450,1.0021,0.518991,1.0021,0.520571,0.998051,1,1,1,1,1,7.80692,0,1,1.00195,0,0,0,0,0,ResNet50,1,128,175,11085800,1
Job300,5811121000,5811163231,378807,336576,1.12574,0.684974,1.12574,0.784241,0.888516,1,1,1,1,1,8,0,1,1.12547,0,0,0,0,0,VGG19,1,32,12,336496,1
Job301,5811581000,5811665734,2615035,2530301,0.787602,0.52692,0.52692,0.530662,1.29013,0.5,0,1,1,4,8,0,1,1.03349,0,0,0,0,0,BERTLARGE,4,32,90,2498936,0.264
Job302,5814467000,5814493026,531924,505898,1.05158,0.615647,1.05158,0.665731,0.951072,1,1,1,1,1,8,0,1,1.05145,0,0,0,0,0,ResNet50,1,128,35,505832,1
Job303,5815637000,5815680764,5438371,5394607,0.755307,0.504332,0.504332,0.505927,1.3226,0.5,0,1,1,4,8,0,1,1.00811,0,0,0,0,0,GPT2_SMALL,4,64,129,5408656,0.26
Job304,5851054000,5851064600,6395138,6384538,1.00181,0.574971,1.00181,0.578351,0.998342,1,1,1,1,1,7,0,1,1.00166,0,0,0,0,0,ResNet50,1,128,143,6383592,1
Job305,5857784000,5857795032,647506,636474,1.0176,0.544256,1.0176,0.578281,0.982962,1,1,1,1,1,7.90888,0,1,1.01733,0,0,0,0,0,VGG19,1,32,49,636304,1
Job306,5857843000,5857921087,15147496,15069409,0.76728,0.50972,0.514928,0.511786,1.31463,0.5,0,1,1,4,7.89204,0,1,1.00518,0,16,16,0,0,GNMT,4,16,206,14968752,0.259
Job307,5858440000,5858797245,959742,602497,1.5939,0.849877,1.5939,0.910336,0.62777,1,1,1,1,1,8,0,1,1.59294,0,0,0,0,0,ResNeXt,1,32,46,602136,1
Job308,5862253000,5862379393,17109060,16982667,1.00813,0.522205,1.00813,0.523403,0.992613,1,1,1,1,1,8.07169,0,1,1.00744,0,0,0,0,0,ResNeXt,1,32,218,16971096,1
Job309,5871764000,5871768652,7829902,7825250,1.00062,0.542043,1.00062,0.54336,0.999406,1,1,1,1,1,8.12703,0,1,1.00059,0,0,0,0,0,BERTLARGE,1,128,159,7825080,1
Job310,5880007000,5880065016,13649656,13591640,0.739078,0.503688,0.486334,0.505086,1.37183,0.5,0,1,1,4,8.38628,0,1,1.00427,0,26,26,0,0,ResNeXt,4,8,196,13426040,0.253
Job311,5882197000,5882391189,18269505,18075316,1.01094,0.51862,1.01094,0.520393,0.989371,1,1,1,1,1,8.40848,0,1,1.01074,0,0,0,0,0,GNMT,1,64,225,18071744,1
Job312,5886194000,5886199743,58271991,58266248,1.00078,0.571313,1.00078,0.571733,0.999901,1,1,1,1,1,6.65892,0,1,1.0001,0,0,0,0,0,ResNeXt,1,32,290,58226424,1
Job313,5944998000,5945008178,3859146,3848968,1.00333,0.596713,1.00333,0.599866,0.997363,1,1,1,1,1,6,0,1,1.00264,0,0,0,0,0,GPT2_SMALL,1,256,100,3846352,1
Job314,5948959000,5948994562,8668666,8633104,0.888406,0.543026,0.678039,0.545417,1.13817,0.333333,0,1,1,4,6,0,1,1.00412,0,0,0,0,0,VGG19,4,8,165,8546608,0.258
Job315,5958884000,5958896938,4497734,4484796,1.00357,0.570021,1.00357,0.572488,0.997123,1,1,1,1,1,7.2623,0,1,1.00288,0,0,0,0,0,GPT2_SMALL,1,256,111,4481744,1
Job316,5958987000,5959027780,4843490,4802710,1.00918,0.568901,1.00918,0.571182,0.99158,1,1,1,1,1,7.31635,0,1,1.00849,0,0,0,0,0,GPT2_SMALL,1,256,121,4799440,1
Job317,5962099000,5962176309,160925959,160848650,1.00078,0.732453,1.00078,0.732686,0.99952,1,1,1,1,1,6.0591,0,1,1.00048,0,0,0,0,0,VGG19,1,32,338,160800400,1
Job318,5963581000,5963611074,10615110,10585036,0.811708,0.516657,0.570433,0.517514,1.22951,0.333333,0,1,1,4,7.0235,0,1,1.00284,0,0,0,0,0,GPT2_SMALL,4,64,173,10612688,0.26
Job319,5987939000,5987939000,150852116,150852116,1.00015,0.774341,1.00015,0.774599,1,1,1,1,1,1,5.78002,0,1,1,0,0,0,0,0,ResNet50,1,128,332,150829544,1
Job320,6011345000,6011349933,5186804,5181871,1.00115,0.762393,1.00115,0.776082,0.999049,1,1,1,1,1,7.03235,0,1,1.00095,0,0,0,0,0,GNMT,1,64,127,5180864,1
Job321,6016364000,6016403849,12496843,12456994,0.801756,0.589632,0.513437,0.590579,1.24469,0.5,0,1,1,4,7.80554,0,1,1.0032,0,1,1,0,0,GPT2_SMALL,4,64,191,12489552,0.26
Job322,6018962000,6018989684,19136170,19108486,0.81403,0.599934,0.510938,0.601348,1.24461,0.5,0,1,1,4,7.95265,0,1,1.00145,0,18,18,0,0,ResNeXt,4,8,230,18875296,0.253
Job323,6029564000,6029592564,4646064,4617500,1.00621,0.645735,1.00621,0.648892,0.993852,1,1,1,1,1,8,0,1,1.00619,0,0,0,0,0,BERTLARGE,1,128,113,4617400,1
Job324,6034413000,6034434441,13010709,12989268,0.94259,0.646902,0.558367,0.649323,1.07443,0.5,0,1,1,4,7.28324,0,1,1.00165,0,9,9,0,0,ResNeXt,4,8,194,12831048,0.253
Job325,6194368000,6194368000,146386902,146386902,1.0003,1.0003,1.0003,1.00078,1,1,1,1,1,1,3.33952,0,1,1,0,0,0,0,0,VGG19,1,32,330,146342992,1
Job326,6194627000,6194627000,138806711,138806711,1.00068,1.00068,1.00068,1.00123,1,1,1,1,1,1,3.41267,0,1,1,0,0,0,0,0,ResNeXt,1,32,328,138711768,1
Job327,6220192000,6220192000,9176892,9176892,1.00015,1.00015,1.00015,1.00728,1,1,1,1,1,1,4,0,1,1,0,0,0,0,0,ResNet50,1,128,170,9175528,1
Job328,6229580000,6229580000,17547992,17547992,1.00042,1.00042,1.00042,1.00414,1,1,1,1,1,4,4,0,1,1,0,0,0,0,0,ResNet50,4,32,223,17540680,0.255
Job329,6248338000,6248338000,6900997,6900997,1.0002,1.0002,1.0002,1.0179,1,1,1,1,1,1,4.02188,0,1,1,0,0,0,0,0,GNMT,1,64,149,6899648,1
Job330,6255088000,6255088000,23655310,23655310,1.00035,1.00035,0.998767,1.00546,1,1,1,1,1,4,4.00638,0,1,1,0,0,0,0,0,GNMT,4,16,244,23646960,0.259
Job331,6498622000,6498622000,760938880,721047681,1.24659,1.22259,0.912366,1.22276,0.80345,0.922947,0.772749,17,1.86806,6.12389,3.02698,5,17,1.05532,0,2,2,0,0,ResNet50,8,16,375,551093712,0.13
Job332,6559995000,6559995000,22023944,22023944,1.00042,1.00023,1.00042,1.00319,1,1,1,1,1,4,2.93178,0,1,1,0,0,0,0,0,ResNet50,4,32,237,22014760,0.255
Job333,6564692000,6564692000,269341,269341,1.00049,1.00049,1.00049,1.38687,1,1,1,1,1,1,3,0,1,1,0,0,0,0,0,ResNeXt,1,32,10,269208,1
Job334,6565117000,6565117000,714712,714712,0.99751,0.99751,0.99751,1.0472,1,0.5,0,1,1,4,3,0,1,1,0,0,0,0,0,GPT2_SMALL,4,64,57,716496,0.26
Job335,6565979000,6565979000,491445,491445,1.00058,1.00058,1.00058,1.1809,1,1,1,1,1,1,3,0,1,1,0,0,0,0,0,ResNeXt,1,32,30,491160,1
Job336,6566627000,6566627000,1225246,1225246,0.997458,0.997458,0.997458,1.02585,1,0.5,0,1,1,4,3,0,1,1,0,0,0,0,0,GPT2_SMALL,4,64,72,1228368,0.26
Job337,6568202000,6568202000,211966,211966,1.0001,1.0001,1.0001,1.4425,1,1,1,1,1,1,3,0,1,1,0,0,0,0,0,ResNet50,1,128,6,211944,1
Job338,6568501000,6568501000,1963855,1963855,1.00636,1.00436,1.00636,1.07002,1,0.5,0,1,1,4,3.03404,0,1,1,0,0,0,0,0,GNMT,4,16,84,1951440,0.259
Job339,6570398000,6570399649,159938,158289,1.01078,0.99708,1.01078,1.87267,0.98969,1,1,1,1,1,3.41801,0,1,1.01042,0,0,0,0,0,ResNeXt,1,32,4,158232,1
Job340,6570670000,6570670000,546130,546130,1.00047,1.00047,1.00047,1.06693,1,1,1,1,1,4,3,0,1,1,0,0,0,0,0,GPT2_SMALL,4,64,42,545872,0.26
Job341,6574159000,6574159000,151285236,151285236,1.0003,0.939295,1.0003,0.939704,1,1,1,1,1,1,3.85064,0,1,1,0,0,0,0,0,VGG19,1,32,334,151239856,1
Job342,6574940000,6574940000,151586946,151586946,1.00015,0.93848,1.00015,0.938858,1,1,1,1,1,1,3.85609,0,1,1,0,0,0,0,0,ResNet50,1,128,336,151564264,1
Job343,6656261000,6656261000,161568125,161568125,1.00002,0.887922,1.00002,0.888093,1,1,1,1,1,1,4.22784,0,1,1,0,0,0,0,0,BERTLARGE,1,128,339,161564600,1
Job344,6673017000,6673024028,201130676,201123648,0.881169,0.893811,0.512526,0.893978,1.13495,1,1,1,1,8,3.90302,0,1,1.00003,0,0,0,0,0,BERTLARGE,8,16,351,201111056,0.142
Job345,6742142000,6742142000,210373346,210373346,1.00015,0.941419,1.00015,0.941693,1,1,1,1,1,1,3.00333,0,1,1,0,0,0,0,0,ResNet50,1,128,355,210341864,1
Job346,6912649000,6912649000,130526,130526,1.00029,1.00029,1.00029,2.35233,1,1,1,1,1,1,3,0,1,1,0,0,0,0,0,ResNeXt,1,32,2,130488,1
Job347,6914424000,6914424000,169966,169966,1.00018,1.00018,1.00018,1.70075,1,1,1,1,1,1,3,0,1,1,0,0,0,0,0,VGG19,1,32,5,169936,1
Job348,6916594000,6916596480,1311468,1308988,0.899356,0.909829,0.553557,1.00002,1.12453,1,1,1,1,8,3.7987,0,1,1.00189,0,0,0,0,0,GNMT,8,8,76,1308912,0.142
Job349,6916858000,6916858000,1768543,1768543,1.00066,0.934412,1.00066,0.972968,1,1,1,1,1,1,3.59228,0,1,1,0,0,0,0,0,ResNeXt,1,32,82,1767384,1
Job350,6987521000,6987521000,21569082,21569082,0.680986,0.625007,0.625007,0.626642,1.47065,1,1,1,1,8,3.20548,0,1,1,0,0,0,0,0,ResNet50,8,16,235,21565776,0.13
Job351,6993675000,6993677822,15822194,15819372,0.555946,0.545889,0.545889,0.546681,1.80097,1,1,1,1,8,3.66907,0,1,1.00018,0,0,0,0,0,BERTLARGE,8,16,214,15818384,0.142
Job352,6998504000,7009090082,32330583,21744501,1.05392,0.979681,0.979681,0.98236,0.950137,1,1,1,1,8,3.04013,0,1,1.48684,0,0,0,0,0,ResNet50,8,16,236,21741168,0.13
Job353,7018786000,7018786946,22213513,22212567,0.819702,0.787185,0.787185,0.788275,1.22065,1,1,1,1,8,2.5424,0,1,1.00004,0,0,0,0,0,GPT2_SMALL,8,32,239,22206968,0.139
Job354,7066224000,7066224000,1258764,1258764,1.00024,1.00024,1.00024,1.03223,1,1,1,1,1,8,2,0,1,1,0,0,0,0,0,GPT2_SMALL,8,32,74,1258456,0.139
Job355,7069146000,7069146000,74488167,74488167,0.577717,0.621334,0.348909,0.621536,1.73177,1,1,1,1,8,5.73555,0,1,1,0,0,0,0,0,GPT2_SMALL,8,32,295,74469368,0.139
Job356,7070488000,7070491313,7667249,7663936,1.00112,0.871191,1.00112,0.87457,0.999568,1,1,1,1,1,4.39678,0,1,1.00043,0,0,0,0,0,GPT2_SMALL,1,256,157,7658704,1
Job357,7072684000,7072684000,98569832,98569832,1.0003,0.645976,1.0003,0.646273,1,1,1,1,1,1,5.55197,0,1,1,0,0,0,0,0,VGG19,1,32,309,98540272,1
Job358,7072917000,7072917000,98203290,98203290,1.0003,0.645566,1.0003,0.645863,1,1,1,1,1,1,5.55777,0,1,1,0,0,0,0,0,VGG19,1,32,308,98173840,1
Job359,7078470000,7078507638,16238548,16200910,0.918921,0.607672,0.691403,0.608446,1.08558,0.5,0,1,1,4,5.78739,0,1,1.00232,0,1,1,0,0,GPT2_SMALL,4,64,216,16243280,0.26
Job360,7086458000,7086465498,119332915,119253094,1.02051,1.00752,0.624337,1.00828,0.983113,0.698522,0.300702,6,1.84968,5.58527,4.60787,0,6,1.00067,0,3,3,0,0,ResNet50,8,16,299,83011440,0.13
Job361,7090173000,7090227166,20312867,20258701,1.00336,0.574387,1.00336,0.575608,0.997333,1,1,1,1,1,6.3239,0,1,1.00267,0,0,0,0,0,ResNeXt,1,32,232,20244888,1
Job362,7108442000,7108495732,37283670,37229938,1.00213,0.602868,1.00213,0.603199,0.998559,1,1,1,1,1,5.99872,0,1,1.00144,0,0,0,0,0,GPT2_SMALL,1,256,267,37204432,1
Job363,7158204000,7158204000,7346022,7346022,1.00068,0.692566,1.00068,0.694793,1,1,1,1,1,1,5.51892,0,1,1,0,0,0,0,0,GPT2_SMALL,1,256,154,7341008,1
Job364,7161738000,7161746620,11376926,11368306,0.596122,0.628562,0.409848,0.633109,1.71252,0.666667,0,1,1,8,4.99616,0,1,1.00076,0,13,13,0,0,GNMT,8,8,176,11190056,0.142
Job365,7273750000,7273750000,175470852,175470852,1.0002,1.0002,1.0002,1.00088,1,1,1,1,1,1,2.32809,0,1,1,0,0,0,0,0,GNMT,1,64,343,175435968,1
Job366,7294486000,7294486000,115433310,115433310,1.00015,1.00015,1.00015,1.00071,1,1,1,1,1,1,2.55508,0,1,1,0,0,0,0,0,ResNet50,1,128,318,115416040,1
Job367,7371078000,7371078000,82659892,82659892,1.00015,1.00015,1.00015,1.00094,1,1,1,1,1,1,2.89269,0,1,1,0,0,0,0,0,ResNet50,1,128,298,82647528,1
Job368,7371765000,7371765000,25233726,25233726,1.00035,1.00035,1.00035,1.00513,1,1,1,1,1,4,4,0,1,1,0,0,0,0,0,GNMT,4,16,249,25224816,0.259
Job369,7410341000,7410341000,14231850,14231850,1.0003,1.0003,1.0003,1.00524,1,1,1,1,1,1,3,0,1,1,0,0,0,0,0,VGG19,1,32,202,14227600,1
Job370,7666551000,7666551000,39066160,39066160,1,1,1,1.0018,1,1,1,1,1,4,1,0,1,1,0,0,0,0,0,VGG19,4,8,269,39066160,0.258
Job371,7737258000,7737258000,116363780,116363780,1.0003,1.0003,1.0003,1.0009,1,1,1,1,1,1,1.62692,0,1,1,0,0,0,0,0,VGG19,1,32,319,116328880,1
Job372,7796379000,7796379000,24322250,24322250,1.00002,1.00002,1.00002,1.00146,1,1,1,1,1,1,2.8427,0,1,1,0,0,0,0,0,BERTLARGE,1,128,245,24321720,1
Job373,7800205000,7800205000,20925013,20925013,1.00068,1.00068,1.00068,1.00428,1,1,1,1,1,1,2.97951,0,1,1,0,0,0,0,0,ResNeXt,1,32,233,20910744,1
Job374,7832134000,7832134000,84864382,84864382,1.00015,1.00015,1.00015,1.00092,1,1,1,1,1,1,1.6641,0,1,1,0,0,0,0,0,ResNet50,1,128,301,84851688,1
Job375,7850188000,7850188000,4068640,4068640,1.0003,1.0003,1.0003,1.01781,1,1,1,1,1,1,3.68371,0,1,1,0,0,0,0,0,VGG19,1,32,102,4067440,1
Job376,7850840000,7850840000,4799843,4799843,1.00019,1.00019,1.00019,1.02585,1,1,1,1,1,1,3.55552,0,1,1,0,0,0,0,0,GNMT,1,64,119,4798912,1
Job377,7854372000,7854372000,21107220,21107220,1.00055,1.00055,1.00055,1.00412,1,1,1,1,1,4,2.06007,0,1,1,0,0,0,0,0,ResNeXt,4,8,234,21095632,0.253
Job378,7875681000,7875681000,4895350,4895350,1.00019,1.00019,1.00019,1.02533,1,1,1,1,1,1,2,0,1,1,0,0,0,0,0,GNMT,1,64,123,4894400,1
Job379,7939057000,7939057000,9733380,9733380,1.0003,1.0003,1.0003,1.00755,1,1,1,1,1,1,1,0,1,1,0,0,0,0,0,VGG19,1,32,171,9730480,1

Makespan,7948790,avgJCT,66391.1,FairnessT,8.00954,avg_gpu_load,10.2929,cold_per_job,1.61741,avg_wave,1.06015,avg_effi_gpu_load,0,avg_fair_gpu_load,0,avg_gpu_usg,2.85211,mean_n_avg,5.4581,avg_shuffle,1.61741,maxFairT,1.76128,minFairT,0.219898,dfairT,0.0843929,dfairSq,0.191817,FairnessN,6.70635,maxFairN,1.49866,minFairN,0.223469,dfairN,0.142788,dfairNSq,0.25017,avg_frag_w_q,0.0161394
Fairness
Mm,1/n,1/n-Down,GPU_load,GPU_share
0.941604,0.868667,0.892145,0.912234,1.13838
Fairness CV
0.194043,0.245116,0.24667,0.290653
Locality
dist,bit,con
0.942492,0.887161,1.02443
