Job#,Admitted_time,Scheduled_time,JCT,Running_time,fairness(Mm),fairness(1/n),fairness(1/n-down),fairness(GPU_load),fairness(GPU_share),locality(dist),locality(bit),yield_count,n_avg,promote_count,model,gpu_req,rank_irt,ideal_run_time
Job1,0,0,851884283,802434431,1.0484,0.939231,1.06263,0.939405,0.954739,1,1,4,6.34133,0,VGG19,1,377,801678111
Job2,14987000,14987000,973471672,906071311,1.06212,0.963885,1.07472,0.963953,0.941801,1,1,3,6.49575,0,BERTLARGE,1,379,905793544
Job3,333610000,333610000,238513630,238513630,0.999533,0.980115,1,0.980318,1.00047,1,1,0,5.59068,0,ResNeXt,1,358,238513630
Job4,337642000,337642000,29767420,29767420,1,1,1,1.00242,1,1,1,0,4,0,BERTLARGE,1,253,29767420
Job5,411449000,411449000,200828584,200828584,0.973849,0.859024,1,0.859288,1.02686,1,1,0,9.03869,0,BERTLARGE,1,348,200828584
Job6,423176000,423176000,2389013,2389013,1,1,0.413501,1.05755,1,1,1,0,5,0,ResNet50,8,88,2389013
Job7,428623000,428623000,252645374,252645374,0.954849,0.71489,1,0.714983,1.04729,1,1,0,11.7161,0,GPT2_SMALL,1,362,252645374
Job8,449352000,449352000,8692830,8692830,1,1,1,1.00583,1,1,1,0,6,0,ResNeXt,1,164,8692830
Job9,459376000,459376000,7989201,7989201,1,1,1,1.02568,1,1,1,0,6,0,GNMT,1,160,7989201
Job10,501790000,501790000,19294222,19294222,1,1,0.629188,1.00239,1,1,1,0,6.36303,0,GPT2_SMALL,4,228,19294222
Job11,514234000,514234000,146643635,146643635,0.929542,0.657574,1,0.658164,1.0759,1,1,0,14.7148,0,GNMT,1,330,146643635
Job12,520930000,520930000,7467187,7467187,1,1,1,1.00742,1,1,1,0,7.02065,0,ResNet50,1,154,7467187
Job13,528694000,528694000,16155050,16155050,1,1,0.554024,1.00686,1,1,1,0,7.24198,0,ResNet50,4,209,16155050
Job14,543023000,543023000,4380383,4380383,1,1,1,1.04784,1,1,1,0,9.0456,0,GNMT,1,104,4380383
Job15,543736000,543736000,54957374,54957374,0.915508,0.689083,1,0.690815,1.09263,1,1,0,15.5153,0,GNMT,1,287,54957374
Job16,543879000,543879000,1775717,1775717,1,1,1,1.10475,1,1,1,0,9.54629,0,VGG19,1,80,1775717
Job17,545712000,545712000,26402800,26402800,0.718855,0.845416,0.33463,0.846664,1.39178,1,1,0,11.9674,0,GPT2_SMALL,4,248,26402800
Job18,547547000,547547000,29012153,29012153,0.628304,0.800748,0.311359,0.803186,1.59384,1,1,0,12.8806,0,ResNet50,4,251,29012153
Job19,554770000,554770000,47871310,47871310,0.892538,0.633949,0.928741,0.634372,1.12053,1,1,0,17.2289,0,ResNeXt,1,277,47871310
Job20,555814000,572114800,76566482,60265682,1.1409,0.77755,1.16442,0.777912,0.876572,1,1,0,17.4585,0,GPT2_SMALL,1,291,60265682
Job21,560117000,572114800,18600775,6602975,2.74027,1.98349,2.81703,2.02672,0.365238,1,1,0,15.5816,0,GNMT,1,145,6602975
Job22,560303000,572114800,103670472,91858672,1.01184,0.636152,1.01345,0.636367,0.988363,1,1,0,17.8187,0,ResNet50,1,303,91858672
Job23,564407000,572114800,185084694,177376894,0.979149,0.652595,1.04345,0.6527,1.02131,1,1,0,14.9571,0,GPT2_SMALL,1,343,177376894
Job24,566107000,572123630,110450162,104433532,0.948523,0.571804,0.942611,0.572303,1.05445,1,1,0,17.9552,0,VGG19,1,314,104433532
Job25,566704000,576559153,28075854,18220701,0.336371,0.90606,0.332058,0.913234,3.00438,1,1,0,18.7587,0,VGG19,4,225,18220701
Job26,570420000,578717775,100962145,92664370,0.969792,0.589942,0.963563,0.59019,1.03124,1,1,0,18.0936,0,BERTLARGE,1,304,92664370
Job27,571900000,594779854,24436294,1556440,13.1435,9.1185,13.0113,9.30956,0.076537,1,1,0,19.4275,0,ResNet50,1,78,1556440
Job28,573586000,604439829,37763872,6910043,1.19634,3.20196,1.18239,3.22392,0.847299,0.333333,0,0,18.7413,0,ResNeXt,4,148,6879923
Job29,576731000,594779854,119713806,101664952,1.06818,0.634157,1.08229,0.634341,0.936218,1,1,0,17.4087,0,ResNet50,1,312,101664952
Job30,577431000,594779854,22364159,5015305,3.58509,2.50233,3.56878,2.55038,0.280832,1,1,0,20.1306,0,VGG19,1,126,5015305
Job31,577612000,594779854,155345644,138177790,1.04422,0.6729,1.12424,0.673047,0.957678,1,1,0,15.5963,0,ResNeXt,1,327,138177790
Job32,582485000,611349872,58974351,30109479,0.455313,1.1073,0.434428,1.11238,2.25343,0.333333,0,0,18.5052,0,VGG19,4,252,29534281
Job33,584215000,596336294,135483187,123361893,1.01572,0.631082,1.091,0.631577,0.984626,1,1,0,16.1066,0,VGG19,1,320,123361893
Job34,585265000,598693374,19154829,5726455,2.68132,1.80917,2.66302,1.81862,0.373668,1,1,0,20.1371,0,ResNet50,1,134,5726455
Job35,591096000,641459351,70830871,20467520,0.803475,1.87381,0.772558,1.88377,1.25402,0.333333,0,0,18.0552,0,GNMT,4,232,20467520
Job36,613103000,613123000,873753642,873733642,0.99298,0.917345,1.00002,0.917538,1.00707,1,1,0,5.43941,0,GNMT,1,378,873733642
Job37,614832000,614852000,7845690,7825690,0.906636,0.680594,0.905689,0.69261,1.10575,1,1,0,17.7561,0,GNMT,1,159,7825690
Job38,615312000,622677690,14936708,7571018,1.68569,1.09573,1.68049,1.11205,0.595571,1,1,0,18.8594,0,GNMT,1,156,7571018
Job39,616295000,630248708,21317392,7363684,2.47955,1.50766,2.47411,1.51537,0.40387,1,1,0,18.7483,0,BERTLARGE,1,153,7363684
Job40,622648000,661926871,59043300,19764429,0.699493,1.4742,0.694336,1.48322,1.4716,0.333333,0,0,17.7157,0,VGG19,4,229,19388469
Job41,622933000,663993472,60429140,19368668,0.728183,1.51868,0.716342,1.52289,1.3882,0.333333,0,0,17.6112,0,ResNet50,4,227,19245116
Job42,623774000,681691300,77824853,19907553,1.12403,2.00202,0.948939,2.00569,0.886332,0.333333,0,0,16.4198,0,BERTLARGE,4,231,20032795
Job43,650398000,650418000,7092713,7072713,0.853448,0.522661,0.852986,0.529227,1.17597,1,1,0,18.8792,0,VGG19,1,151,7072713
Job44,650662000,650682000,6128270,6108270,0.846344,0.520029,0.846324,0.52226,1.18309,1,1,0,18.9918,0,ResNeXt,1,138,6108270
Job45,650712000,656790270,13104409,7026139,1.57137,0.859325,1.56957,0.862435,0.637177,1,1,0,19.0363,0,ResNet50,1,150,7026139
Job46,657069000,683362140,42222219,15929079,0.870644,1.39001,0.70589,1.40124,1.18334,0.333333,0,0,15.4895,0,VGG19,4,205,15626985
Job47,657823000,699291219,57969093,16500874,1.76919,2.085,1.01529,2.08846,0.568404,0.333333,0,0,13.9268,0,GPT2_SMALL,4,210,16431736
Job48,657902000,701598853,59600282,15903429,1.98424,2.29747,1.1214,2.31924,0.517626,0.333333,0,0,13.7787,0,VGG19,4,204,15601829
Job49,666213000,671382145,133422567,128253422,1.03502,0.855636,1.0403,0.856561,0.966173,1,1,0,9.89077,0,VGG19,1,323,128253422
Job50,670037000,676557162,219232412,212712250,1.02852,0.92786,1.03065,0.92804,0.972272,1,1,0,8.90989,0,GPT2_SMALL,1,353,212712250
Job51,719168000,719168000,93535841,93535841,1,1,1,1.00214,1,1,1,0,7.80393,0,GNMT,1,305,93535841
Job52,720082000,720082000,436997208,436997208,1,1,1,1.00046,1,1,1,0,5.62888,0,GNMT,1,373,436997208
Job53,769562000,769562000,177881630,177881630,1,1,1,1.00028,1,1,1,0,7.51913,0,ResNeXt,1,344,177881630
Job54,811311000,811311000,85632110,85632110,1,1,1,1.00059,1,1,1,0,7.83212,0,ResNeXt,1,300,85632110
Job55,832094000,832094000,3256190,3256190,1,1,1,1.01571,1,1,1,0,8,0,ResNeXt,1,96,3256190
Job56,835575000,835575000,24187487,24187487,1,1,0.496871,1.00457,1,1,1,0,8.06889,0,ResNet50,4,244,24187487
Job57,850218000,850218000,128024350,128024350,1,1,1,1.00039,1,1,1,0,7.0885,0,ResNeXt,1,322,128024350
Job58,860395000,860395000,3026339,3026339,1,1,1,1.05891,1,1,1,0,8.01102,0,VGG19,1,95,3026339
Job59,863388000,863388000,24100408,24100408,1,1,0.473059,1.00837,1,1,1,0,8.49289,0,GNMT,4,243,24100408
Job60,875643000,875643000,602386590,602386590,1,1,1,1.00008,1,1,1,0,3.14521,0,ResNeXt,1,376,602386590
Job61,905784000,905784000,7652670,7652670,1,1,1,1.00662,1,1,1,0,7,0,ResNeXt,1,157,7652670
Job62,913581000,913581000,34581369,34581369,1,1,0.574858,1.00709,1,1,1,0,6.97922,0,VGG19,4,261,34581369
Job63,948890000,948890000,5474260,5474260,1,1,1,1.01015,1,1,1,0,6,0,ResNet50,1,130,5474260
Job64,954486000,954486000,26729860,26729860,1,1,0.679636,1.00173,1,1,1,0,5.88876,0,GPT2_SMALL,4,249,26729860
Job65,1656081000,1656081000,51724434,51724434,1,1,1,1.00089,1,1,1,0,3.91516,0,GPT2_SMALL,1,284,51724434
Job66,1656081000,1656081000,51479614,51479614,1,1,1,1.0014,1,1,1,0,3.92427,0,BERTLARGE,1,283,51479614
Job67,1656859000,1656859000,50218050,50218050,1,1,1,1.00091,1,1,1,0,3.96298,0,GPT2_SMALL,1,282,50218050
Job68,1658718000,1658718000,66058310,66058310,1,1,1,1.00256,1,1,1,0,3.21454,0,VGG19,1,293,66058310
Job69,1736386000,1736386000,406998,406998,1,1,1,2.82938,1,1,1,0,1,0,VGG19,8,22,406998
Job70,1738609000,1738609000,598659,598659,1,1,1,1.27739,1,1,1,0,1,0,ResNet50,8,43,598659
Job71,1776761000,1776761000,63863659,63863659,1,1,1,1.00314,1,1,1,0,1.21721,0,GNMT,1,292,63863659
Job72,1826753000,1826753000,17831588,17831588,1,1,1,1.00953,1,1,1,0,1.98263,0,VGG19,1,223,17831588
Job73,1842714000,1842714000,40414190,40414190,1,1,1,1.00125,1,1,1,0,2.64556,0,ResNeXt,1,269,40414190
Job74,1842805000,1842805000,52298838,52298838,1,1,1,1.00088,1,1,1,0,2.55042,0,GPT2_SMALL,1,285,52298838
Job75,1854378000,1854378000,2237376,2237376,1,1,1,1.09817,1,1,1,0,3.01224,0,GNMT,1,87,2237376
Job76,1856588000,1856588000,14662768,14662768,1,1,1,1.00315,1,1,1,0,3.00867,0,GPT2_SMALL,4,201,14662768
Job77,1871151000,1871151000,2209034,2209034,1,1,1,1.02118,1,1,1,0,3.65947,0,GPT2_SMALL,1,86,2209034
Job78,1872003000,1872003000,5200951,5200951,1,1,1,1.01069,1,1,1,0,3.26092,0,ResNet50,1,128,5200951
Job79,1884165000,1884165000,32057615,32057615,1,1,1,1.00344,1,1,1,0,3.67116,0,ResNet50,4,259,32057615
Job80,1892086000,1892086000,9206738,9206738,1,1,1,1.01209,1,1,1,0,3.37836,0,ResNet50,4,168,9206738
Job81,1894388000,1894388000,135352339,135352339,1,1,1,1.00041,1,1,1,0,5.25742,0,ResNet50,1,325,135352339
Job82,1899602000,1899602000,47156086,47156086,1,1,1,1.00153,1,1,1,0,5.56672,0,BERTLARGE,1,276,47156086
Job83,1899623000,1899623000,1076882,1076882,1,1,1,1.22808,1,1,1,0,5,0,GNMT,1,69,1076882
Job84,1902175000,1902175000,41055233,41055233,1,1,0.711923,1.00269,1,1,1,0,5.62293,0,ResNet50,4,271,41055233
Job85,1904317000,1904317000,30127297,30127297,1,1,1,1.00562,1,1,1,0,5.33673,0,VGG19,1,254,30127297
Job86,1918724000,1918724000,5997344,5997344,1,1,1,1.02888,1,1,1,0,5.00206,0,VGG19,1,136,5997344
Job87,1924709000,1924709000,35794153,35794153,1,1,0.649443,1.00685,1,1,1,0,6.17391,0,VGG19,4,264,35794153
Job88,1928183000,1928183000,32371151,32371151,1,1,1,1.00622,1,1,1,0,6.29766,0,GNMT,1,260,32371151
Job89,1930505000,1930505000,82911967,82911967,1,1,1,1.00242,1,1,1,0,5.43497,0,GNMT,1,298,82911967
Job90,1932011000,1932011000,94678473,94678473,1,1,1,1.00178,1,1,1,0,5.48828,0,VGG19,1,307,94678473
Job91,1951812000,1951812000,1199848,1199848,1,1,1,1.04804,1,1,1,0,6,0,ResNet50,1,72,1199848
Job92,1953430000,1953430000,14173889,14173889,1,1,0.800981,1.00782,1,1,1,0,5.00165,0,ResNet50,4,199,14173889
Job93,1976107000,1976107000,113349448,113349448,1,1,1,1.00063,1,1,1,0,4.24295,0,BERTLARGE,1,315,113349448
Job94,1988818000,1988818000,5720590,5720590,1,1,1,1.00971,1,1,1,0,5,0,ResNet50,1,133,5720590
Job95,1994671000,1994671000,16045368,16045368,1,1,0.596718,1.01262,1,1,1,0,6.73745,0,GNMT,4,207,16045368
Job96,1995484000,1995484000,103506454,103506454,1,1,1,1.00163,1,1,1,0,4.00727,0,VGG19,1,313,103506454
Job97,1998121000,1998121000,99685468,99685468,1,1,1,1.00072,1,1,1,0,3.99028,0,BERTLARGE,1,311,99685468
Job98,2010666000,2010666000,4966910,4966910,1,1,1,1.01024,1,1,1,0,6.564,0,ResNeXt,1,125,4966910
Job99,2015728000,2015728000,14020240,14020240,1,1,0.694944,1.01447,1,1,1,0,5.78127,0,GNMT,4,197,14020240
Job100,2106362000,2106362000,1287810,1287810,1,1,1,1.09619,1,1,1,0,1,0,ResNeXt,8,75,1287810
Job101,2142153000,2142153000,103810,103810,1,1,1,1.83839,1,1,1,0,1,0,GPT2_SMALL,8,2,103810
Job102,2142729000,2142729000,158321,158321,1,1,1,3.27644,1,1,1,0,1,0,ResNet50,4,5,158321
Job103,2148838000,2148838000,188030729,188030729,1,0.998969,1,1.00003,1,1,1,0,2.34868,0,GNMT,1,345,188030729
Job104,2150015000,2150015000,477824,477824,1,1,1,1.71988,1,1,1,0,2,0,GNMT,1,30,477824
Job105,2155117000,2155117000,561750,561750,1,1,1,1.55287,1,1,1,0,2,0,GNMT,1,40,561750
Job106,2158243000,2158243000,464801,464801,1,1,1,1.75528,1,1,1,0,3.0583,0,GNMT,1,29,464801
Job107,2158245000,2158245000,217550,217550,1,1,1,1.30114,1,1,1,0,3.82992,0,ResNeXt,1,6,217550
Job108,2158282000,2158282000,274351,274351,1,1,1,1.25074,1,1,1,0,3.6581,0,ResNet50,1,10,274351
Job109,2159287000,2159287000,356461,356461,1,1,1,1.18244,1,1,1,0,2,0,ResNet50,1,13,356461
Job110,2162779000,2162779000,117897940,117897940,1,0.998358,1,0.999783,1,1,1,0,2.99446,0,VGG19,1,319,117897940
Job111,2167245000,2167245000,304849,304849,1,1,1,1.22013,1,1,1,0,3,0,ResNet50,1,11,304849
Job112,2168177000,2168177000,395470,395470,1,1,1,1.74137,1,1,1,0,3,0,VGG19,1,19,395470
Job113,2174541000,2174541000,383114,383114,1,1,1,1.13587,1,1,1,0,3,0,GPT2_SMALL,1,17,383114
Job114,2175056000,2175056000,1042990,1042990,1,1,1,1.05072,1,1,1,0,5.36224,0,ResNeXt,1,68,1042990
Job115,2175087000,2175087000,448357,448357,1,1,1,1.60133,1,1,1,0,5.10339,0,VGG19,1,26,448357
Job116,2175091000,2175091000,2837416,2837416,0.932601,0.936922,0.704691,0.951383,1.07346,1,1,0,5.70389,0,GPT2_SMALL,4,92,2837416
Job117,2175485000,2175485000,331462,331462,1,1,1,1.27701,1,1,1,0,5.96186,0,BERTLARGE,1,12,331462
Job118,2175548000,2175548000,4395701,4395701,0.956883,0.958709,0.73981,0.982275,1.04622,1,1,0,5.4429,0,ResNet50,4,105,4395701
Job119,2175974000,2175974000,7477765,7477765,0.974857,0.975494,0.87031,1.00749,1.02666,1,1,0,4.61612,0,VGG19,4,155,7477765
Job120,2176375000,2177928416,6035847,4482431,1.30427,1.30559,1.11567,1.33741,0.76732,1,1,0,4.84862,0,ResNet50,4,109,4482431
Job121,2183669000,2183669000,498082,498082,1,1,1,1.67096,1,1,1,0,3,0,GNMT,1,33,498082
Job122,2189194000,2189194000,542939,542939,1,1,1,1.58319,1,1,1,0,3,0,GNMT,1,38,542939
Job123,2189751000,2189751000,11454715,11454715,1,1,1,1.00625,1,1,1,0,3.37419,0,BERTLARGE,4,176,11454715
Job124,2197400000,2197400000,4698907,4698907,1,1,1,1.01184,1,1,1,0,3.91217,0,ResNet50,1,118,4698907
Job125,2198108000,2198108000,480504,480504,1,1,1,1.5394,1,1,1,0,5,0,VGG19,1,32,480504
Job126,2237893000,2237893000,35404063,35404063,1,1,1,1.00568,1,1,1,0,3.99816,0,GNMT,1,263,35404063
Job127,2237958000,2237958000,40512778,40512778,1,1,1,1.00113,1,1,1,0,3.87229,0,GPT2_SMALL,1,270,40512778
Job128,2319383000,2319383000,16098189,16098189,1,1,1,1.01258,1,1,1,0,2,0,GNMT,1,208,16098189
Job129,2459083000,2459083000,17594910,17594910,1,1,1,1.00287,1,1,1,0,1.80082,0,ResNeXt,1,221,17594910
Job130,2462427000,2462427000,11125450,11125450,1,1,1,1.0065,1,1,1,0,2,0,BERTLARGE,1,173,11125450
Job131,2473713000,2473713000,27311731,27311731,1,1,1,1.00261,1,1,1,0,1.99509,0,BERTLARGE,4,250,27311731
Job132,2476812000,2476812000,35274059,35274059,1,1,1,1.00313,1,1,1,0,1.98809,0,ResNet50,4,262,35274059
Job133,2501445000,2501445000,12448670,12448670,1,1,1,1.00406,1,1,1,0,1.91863,0,ResNeXt,1,182,12448670
Job134,2513099000,2513099000,14783392,14783392,1,1,1,1.00489,1,1,1,0,1.9899,0,BERTLARGE,1,202,14783392
Job135,2514043000,2514043000,31183564,31183564,1,1,1,1.00148,1,1,1,0,1.99174,0,GPT2_SMALL,4,255,31183564
Job136,2528140000,2528140000,38973280,38973280,1,1,1,1.00118,1,1,1,0,1.96473,0,GPT2_SMALL,4,268,38973280
Job137,2546601000,2546601000,266962625,266962625,1,1,1,1.00029,1,1,1,0,1.64245,0,BERTLARGE,8,364,266962625
Job138,2608653000,2608653000,150996906,150996906,1,1,1,1.00112,1,1,1,0,2,0,VGG19,1,333,150996906
Job139,2861740000,2861740000,253709,253709,1,1,1,1.46335,1,1,1,0,1,0,ResNeXt,4,9,253709
Job140,2862735000,2862735000,634009,634009,1,1,1,1.62325,1,1,1,0,1,0,VGG19,4,48,634009
Job141,2864189000,2864189000,78972965,78972965,0.902795,0.851586,1,0.852295,1.10778,1,1,0,1.62017,0,BERTLARGE,8,296,78972965
Job142,2920880000,2920880000,595946,595946,1,1,1,1.1558,1,1,1,0,2,0,ResNeXt,4,42,595946
Job143,2921967000,2921967000,687200,687200,1,1,1,1.41051,1,1,1,0,2,0,GNMT,4,52,687200
Job144,2923022000,2923022000,851616,851616,0.825144,0.804335,0.804335,1.07036,1.30667,1,1,0,2.70409,0,VGG19,8,62,851616
Job145,2923274000,2923873616,259209740,251859328,0.985358,0.935453,1.03086,0.935613,1.01652,1,1,6,1.50954,0,GPT2_SMALL,8,360,251450308
Job146,2925215000,2943161965,19757561,1810596,6.8534,6.72703,6.72703,7.38908,0.155142,1,1,0,3.45587,0,VGG19,8,81,1810596
Job147,2934155000,2944972561,11648113,830552,8.63438,8.4701,8.4207,9.91157,0.129935,1,1,0,3.75313,0,GNMT,8,60,830552
Job148,2945207000,2945803113,1130655,534542,2.11518,1.78033,2.11518,2.03814,0.472772,1,1,0,2.78134,0,ResNeXt,4,35,534542
Job149,2946168000,2946337655,896233,726578,0.88684,0.896672,0.874859,1.12098,1.24796,1,1,0,3.13128,0,GNMT,8,57,726578
Job150,2946220000,2947064233,1529728,685495,1.86192,1.80082,1.77846,2.12622,0.557899,1,1,0,2.6288,0,ResNet50,8,51,685495
Job151,2952863000,2952863000,542669,542669,1,1,1,1.17375,1,1,1,0,2,0,ResNeXt,4,37,542669
Job152,2954185000,2954185000,2187032,2187032,1,1,1,1.03813,1,1,1,0,2.16279,0,ResNeXt,4,85,2187032
Job153,2956016000,2956016000,735281,735281,1,1,1,1.37364,1,1,1,0,2.48421,0,GNMT,2,59,735281
Job154,2957978000,2957978000,542669,542669,1,1,1,1.17375,1,1,1,0,2,0,ResNeXt,4,36,542669
Job155,2959789000,2959789000,619096,619096,1,1,1,1.08032,1,1,1,0,2,0,GPT2_SMALL,4,47,619096
Job156,2961491000,2961491000,402704,402704,1,1,1,1.24919,1,1,1,0,2,0,ResNeXt,4,20,402704
Job157,3001313000,3001313000,1820140,1820140,1,1,1,1.0267,1,1,1,0,2,0,GPT2_SMALL,8,82,1820140
Job158,3092743000,3092743000,1034320,1034320,1,1,1,1.04658,1,1,1,0,2,0,GPT2_SMALL,4,67,1034320
Job159,3114922000,3114922000,618206,618206,1,1,1,1.53895,1,1,1,0,2,0,VGG19,2,46,618206
Job160,3121192000,3121192000,4640364,4640364,0.918765,0.891608,0.891608,0.91445,1.09097,1,1,0,2.25014,0,ResNet50,8,114,4640364
Job161,3124550000,3124570000,1160763,1140763,0.734861,0.734861,0.734861,0.881759,1.47415,1,1,0,3,0,VGG19,8,70,1140763
Job162,3126174000,3126194000,635387,615387,0.658245,0.803951,0.658245,1.21065,1.93705,1,1,0,2,0,VGG19,16,45,615387
Job163,3127478000,3127498000,478483,458483,0.538776,0.634442,0.520984,0.766579,2.21139,1,1,0,2.40019,0,ResNet50,16,27,458483
Job164,3127765000,3127956483,602817,411334,0.700412,0.850988,0.677311,0.912911,1.52632,1,1,0,2.31765,0,GPT2_SMALL,16,24,411334
Job165,3128750000,3128770000,701861,681861,0.313283,0.354513,0.307468,0.36867,3.47064,1,1,0,3.64238,0,BERTLARGE,16,50,681861
Job166,3128751000,3129451861,1072258,371397,0.92578,1.09,0.91162,1.18129,1.26904,1,1,0,3.72475,0,BERTLARGE,16,15,371397
Job167,3129000000,3129823258,1244243,420985,0.880829,1.08532,0.874779,1.16241,1.31093,1,1,0,3.90285,0,BERTLARGE,16,25,420985
Job168,3129498000,3130244243,1297088,550845,1.67058,1.27221,1.64067,1.7148,0.757677,1,1,0,3.66663,0,VGG19,8,39,550845
Job169,3129898000,3131441590,1953005,409415,1.76005,2.22081,1.72063,2.60606,0.734977,1,1,0,3.59699,0,ResNet50,16,23,409415
Job170,3130698000,3130718000,723590,703590,0.545527,0.376169,0.542668,0.399646,1.99778,1,1,0,4.13279,0,ResNeXt,8,53,703590
Job171,3130699000,3131851005,1543904,391899,1.37033,1.60186,1.25314,1.6859,0.796252,1,1,0,3.44329,0,GPT2_SMALL,16,18,391899
Job172,3132172000,3132242904,802168,731264,0.229457,0.283472,0.229036,0.288368,4.60049,1,1,0,5.05598,0,GPT2_SMALL,16,58,731264
Job173,3132172000,3132974168,1164941,362773,0.823807,1.01489,0.813778,1.08688,1.45315,1,1,0,4.72714,0,BERTLARGE,16,14,362773
Job174,3132173000,3133336941,1842088,678147,0.988097,1.19309,0.942761,1.44085,1.42634,1,1,0,4.0917,0,VGG19,16,49,678147
Job175,3132197000,3134015088,3284223,1466135,1.70408,1.12326,1.49624,1.20574,0.609005,1,1,0,3.15129,0,GNMT,8,77,1466135
Job176,3137506000,3137506000,201075166,201075166,1,1,1,1.00036,1,1,1,0,2.997,0,BERTLARGE,1,349,201075166
Job177,3196570000,3196570000,137242138,137242138,1,1,1,1.00123,1,1,1,0,3.5286,0,VGG19,1,326,137242138
Job178,3217920000,3217920000,173854738,173854738,1,1,1,1.00041,1,1,1,0,3.23412,0,BERTLARGE,1,341,173854738
Job179,3239916000,3239916000,274251961,274251961,1,1,1,1.0002,1,1,1,0,2.63997,0,ResNet50,1,365,274251961
Job180,3408446000,3408446000,15413752,15413752,1,1,1,1.00469,1,1,1,0,2,0,BERTLARGE,1,203,15413752
Job181,3423978000,3423978000,36322632,36322632,1,1,1,1.00554,1,1,1,0,2,0,GNMT,4,265,36322632
Job182,3460408000,3460408000,13448512,13448512,1,1,1,1.00538,1,1,1,0,2,0,BERTLARGE,1,193,13448512
Job183,3474009000,3474009000,41850955,41850955,1,1,1,1.0017,1,1,1,0,1.95957,0,BERTLARGE,4,272,41850955
Job184,3616615000,3616615000,217085953,217085953,1,1,1,1.00078,1,1,1,0,2.60668,0,VGG19,1,356,217085953
Job185,3639104000,3639104000,428880985,428880985,1,1,1,1.00047,1,1,1,0,2.86858,0,GNMT,1,371,428880985
Job186,3779296000,3779296000,45975845,45975845,1,1,1,1.00437,1,1,1,0,4.95001,0,GNMT,1,274,45975845
Job187,3780153000,3780153000,46820893,46820893,1,1,1,1.00429,1,1,1,0,4.98752,0,GNMT,1,275,46820893
Job188,3798223000,3798223000,251858080,251858080,1,1,1,1.00029,1,1,1,0,3.2857,0,BERTLARGE,1,361,251858080
Job189,3807786000,3807786000,47912725,47912725,1,1,0.929206,1.00511,1,1,1,0,4.30631,0,VGG19,4,278,47912725
Job190,3902531000,3902531000,411220186,411220186,1,1,1,1.00011,1,1,1,0,3.82566,0,GPT2_SMALL,1,370,411220186
Job191,4012992000,4012992000,1176331,1176331,1,1,1,1.16704,1,1,1,0,4,0,VGG19,1,71,1176331
Job192,4019602000,4019602000,31606588,31606588,1,1,1,1.00228,1,1,1,0,4.13577,0,BERTLARGE,1,258,31606588
Job193,4026321000,4026321000,714226,714226,1,1,1,1.08343,1,1,1,0,5,0,ResNet50,1,54,714226
Job194,4027222000,4027222000,4704502,4704502,1,1,0.801569,1.00988,1,1,1,0,5,0,GPT2_SMALL,4,119,4704502
Job195,4059434000,4059434000,54473070,54473070,1,1,1,1.00093,1,1,1,0,3.67691,0,ResNeXt,1,286,54473070
Job196,4065958000,4065958000,133639770,133639770,1,1,1,1.00034,1,1,1,0,4.24855,0,GPT2_SMALL,1,324,133639770
Job197,4075698000,4075698000,920674,920674,1,1,1,1.06353,1,1,1,0,4,0,ResNet50,1,66,920674
Job198,4077353000,4077353000,8118624,8118624,1,1,1,1.02526,1,1,1,0,4,0,GNMT,4,162,8118624
Job199,4086003000,4086003000,869961,869961,1,1,1,1.29852,1,1,1,0,4,0,GNMT,1,63,869961
Job200,4086889000,4086889000,24937219,24937219,1,1,1,1.00286,1,1,1,0,4,0,BERTLARGE,4,246,24937219
Job201,4134129000,4134129000,57087964,57087964,1,1,1,1.00126,1,1,1,0,5.1907,0,BERTLARGE,1,289,57087964
Job202,4162101000,4162101000,56647535,56647535,1,1,1,1.00298,1,1,1,0,6.05718,0,VGG19,1,288,56647535
Job203,4163083000,4163083000,37473230,37473230,1,1,1,1.00135,1,1,1,0,7.03328,0,ResNeXt,1,266,37473230
Job204,4164732000,4164732000,175140340,175140340,1,1,1,1.00096,1,1,1,0,4.65438,0,VGG19,1,342,175140340
Job205,4165826000,4165826000,68035834,68035834,1,1,1,1.00106,1,1,1,0,5.85655,0,BERTLARGE,1,294,68035834
Job206,4167022000,4167022000,1891861,1891861,1,1,1,1.09769,1,1,1,0,8,0,VGG19,1,84,1891861
Job207,4169101000,4169101000,6102739,6102739,1,1,0.502932,1.0118,1,1,1,0,8,0,BERTLARGE,4,137,6102739
Job208,4175393000,4175393000,917326,917326,1,1,1,1.08505,1,1,1,0,8,0,BERTLARGE,1,65,917326
Job209,4176798000,4176798000,7024779,7024779,1,1,0.502545,1.01023,1,1,1,0,8,0,BERTLARGE,4,149,7024779
Job210,4215881000,4215881000,198719718,198719718,1,1,1,1.00101,1,1,1,0,3.797,0,GNMT,1,346,198719718
Job211,4220247000,4220247000,201634590,201634590,1,1,1,1.00025,1,1,1,0,3.74916,0,ResNeXt,1,350,201634590
Job212,4249251000,4249251000,12228580,12228580,1,1,1,1.00591,1,1,1,0,5,0,BERTLARGE,1,181,12228580
Job213,4350971000,4350971000,478030,478030,1,1,1,1.11773,1,1,1,0,3,0,ResNeXt,1,31,478030
Job214,4352303000,4352303000,8810537,8810537,1,1,1,1.0092,1,1,1,0,3,0,ResNeXt,4,167,8810537
Job215,4361645000,4361645000,606607,606607,1,1,1,1.49188,1,1,1,0,3,0,GNMT,1,44,606607
Job216,4366614000,4366614000,6495357,6495357,1,1,1,1.03894,1,1,1,0,3,0,VGG19,4,143,6495357
Job217,4381709000,4381709000,202066629,202066629,1,1,1,1.00099,1,1,1,0,3.27221,0,GNMT,1,351,202066629
Job218,4383960000,4383960000,3647899,3647899,1,1,1,1.01531,1,1,1,0,4.99644,0,ResNet50,1,98,3647899
Job219,4383973000,4383973000,3882615,3882615,1,1,1,1.05431,1,1,1,0,4.9362,0,GNMT,1,100,3882615
Job220,4388422000,4388422000,24097040,24097040,1,1,0.80692,1.00459,1,1,1,0,4.96151,0,ResNet50,4,242,24097040
Job221,4388839000,4388839000,8800483,8800483,1,1,0.801296,1.00815,1,1,1,0,5,0,BERTLARGE,4,166,8800483
Job222,4397894000,4397894000,2737954,2737954,1,1,1,1.02697,1,1,1,0,5,0,BERTLARGE,1,90,2737954
Job223,4400888000,4400888000,12646115,12646115,1,1,0.809181,1.00566,1,1,1,0,4.9486,0,BERTLARGE,4,184,12646115
Job224,4413169000,4413169000,3431350,3431350,1,1,1,1.0214,1,1,1,0,3.52365,0,BERTLARGE,1,97,3431350
Job225,4416689000,4416689000,31410857,31410857,1,1,1,1.00351,1,1,1,0,2.16531,0,ResNet50,4,256,31410857
Job226,4460882000,4460882000,8722666,8722666,1,1,1,1.00831,1,1,1,0,2,0,BERTLARGE,1,165,8722666
Job227,4469854000,4469854000,17349555,17349555,1,1,1,1.00412,1,1,1,0,2.26644,0,BERTLARGE,4,220,17349555
Job228,4482581000,4482581000,146957550,146957550,1,1,1,1.00034,1,1,1,0,3.36652,0,ResNeXt,1,331,146957550
Job229,4487834000,4487834000,6307090,6307090,1,1,1,1.0088,1,1,1,0,3.76805,0,ResNet50,1,141,6307090
Job230,4491695000,4491695000,242157952,242157952,1,0.942475,1,0.942739,1,1,1,0,3.48822,0,BERTLARGE,1,359,242157952
Job231,4491743000,4491743000,8340964,8340964,1,1,1,1.0206,1,1,1,0,4.97471,0,VGG19,1,163,8340964
Job232,4494352000,4494352000,17339195,17339195,1,1,0.802604,1.00412,1,1,1,0,4.98783,0,BERTLARGE,4,219,17339195
Job233,4500295000,4500295000,16511417,16511417,1,1,0.854696,1.01496,1,1,1,0,4.6902,0,VGG19,4,211,16511417
Job234,4517152000,4517152000,6277334,6277334,1,1,1,1.02756,1,1,1,0,4,0,VGG19,1,140,6277334
Job235,4523500000,4523500000,16954694,16954694,1,1,1,1.00476,1,1,1,0,4,0,ResNeXt,4,215,16954694
Job236,4574425000,4574425000,4341142,4341142,1,1,1,1.01283,1,1,1,0,4,0,ResNet50,1,103,4341142
Job237,4596224000,4596224000,2465899,2465899,1,1,0.691256,1.11946,1,1,1,0,3,0,VGG19,8,89,2465899
Job238,4603400000,4603400000,6673066,6673066,1,1,1,1.00831,1,1,1,0,3,0,ResNet50,1,146,6673066
Job239,4610421000,4610421000,16884976,16884976,1,1,1,1.01199,1,1,1,0,3,0,GNMT,4,214,16884976
Job240,4627517000,4627517000,6229649,6229649,1,1,1,1.03317,1,1,1,0,2.3245,0,GNMT,1,139,6229649
Job241,4633765000,4633765000,19453295,19453295,1,1,1,1.00415,1,1,1,0,2,0,ResNeXt,4,230,19453295
Job242,4656005000,4656005000,897834408,229135716,1.74487,1.34329,1.11642,1.34369,0.574497,1,1,2,7.03751,0,GNMT,8,357,228692927
Job243,4665293000,4665293000,4542898,4542898,1,1,1,1.01226,1,1,1,0,3,0,ResNet50,1,110,4542898
Job244,4670306000,4670306000,11868440,11868440,1,0.793738,1,0.804499,1,1,1,0,3.84581,0,GNMT,4,179,11868440
Job245,4672136000,4733872952,503829368,209207054,1.40542,1.42941,1.06794,1.42972,0.711975,1,1,1,4.51319,0,BERTLARGE,8,352,209108915
Job246,4682533000,4682533000,4469590,4469590,1,0.890481,1,0.903422,1,1,1,0,4,0,BERTLARGE,1,108,4469590
Job247,4687303000,4687303000,13986549,13986549,1,0.731916,0.808494,0.741359,1,1,1,0,4.96425,0,VGG19,4,196,13986549
Job248,4687803000,4687803000,161513758,161513758,1,0.635831,1,0.635968,1,1,1,0,5.48233,0,ResNet50,1,338,161513758
Job249,4705635000,4705635000,74423789,74423789,1,0.755203,1,0.756496,1,1,1,0,5.23273,0,VGG19,1,295,74423789
Job250,4737428000,4737428000,49721950,49721950,1,0.68514,1,0.685616,1,1,1,0,5.42025,0,ResNeXt,1,281,49721950
Job251,4759163000,4808859011,204736327,155040316,0.588689,0.651407,0.470871,0.651676,1.69948,1,1,0,5.61194,0,ResNet50,8,336,155040316
Job252,4802626000,4802626000,4729150,4729150,1,0.602184,1,0.607748,1,1,1,0,5.73314,0,BERTLARGE,1,121,4729150
Job253,4803888000,4803888000,4951011,4951011,1,0.607524,1,0.62034,1,1,1,0,5.70029,0,VGG19,1,124,4951011
Job254,4808965000,4808965000,12832595,12832595,0.754086,0.487196,0.669712,0.488516,1.32793,1,1,0,5.98371,0,BERTLARGE,4,187,12832595
Job255,4809174000,4821797595,25134877,12511282,1.46342,0.955655,1.21101,0.957331,0.684018,1,1,0,6.64545,0,GPT2_SMALL,4,183,12511282
Job256,4822017000,4822017000,4450350,4450350,1,0.523939,1,0.527063,1,1,1,0,6.70429,0,ResNeXt,1,107,4450350
Job257,4823333000,4823333000,4690590,4690590,1,0.512225,1,0.515057,1,1,1,0,6.90554,0,ResNeXt,1,117,4690590
Job258,4827248000,4834308877,21107006,14046129,0.967141,0.680452,0.801042,0.685834,1.04047,1,1,0,7.56547,0,VGG19,4,198,14046129
Job259,4827686000,4827686000,49286350,49286350,1,0.443171,1,0.443372,1,1,1,0,6.92062,0,ResNeXt,1,280,49286350
Job260,4828399000,4848355006,33633977,13677971,1.60004,1.07642,1.34729,1.07887,0.626127,1,1,0,7.31782,0,BERTLARGE,4,194,13677971
Job261,4842667000,4842667000,199057373,199057373,1,0.511632,1,0.511722,1,1,1,0,4.90267,0,BERTLARGE,2,347,199057373
Job262,4850225000,4963899327,959435558,348805828,1.01152,0.846383,0.752624,0.846579,0.990693,1,1,2,7.32539,0,VGG19,8,368,348237762
Job263,5191085000,5191105000,906536935,530831346,0.477389,0.491698,0.398852,0.491768,2.22614,0.863985,0.591956,7,9.10084,0,VGG19,8,374,499689764
Job264,5191127000,5191147000,1251294277,430567342,0.916122,0.89334,0.721403,0.89337,1.09181,1,1,1,8.05888,0,GPT2_SMALL,8,372,430499934
Job265,5191385000,5276915000,1334137342,316139525,1.40919,1.33866,1.08787,1.33877,0.710188,1,1,2,7.76472,0,BERTLARGE,8,366,315941795
Job266,5192642000,5276915000,1745608658,381457300,1.70632,1.60204,1.27772,1.60242,0.588502,1,1,5,7.19336,0,VGG19,8,369,380038120
Job267,5225649000,5355419000,178882206,49112206,3.63681,0.777952,3.64232,0.778138,0.274967,1,1,0,12.0885,0,ResNet50,1,279,49112206
Job268,5251012000,5355419000,109092539,4685539,23.2271,5.25744,23.2828,5.30044,0.043057,1,1,0,12.5067,0,VGG19,1,116,4685539
Job269,5253126000,5355419000,106875780,4582780,23.2628,5.13595,23.3212,5.14956,0.0429884,1,1,0,12.5931,0,ResNet50,1,111,4582780
Job270,5257856000,5355419000,109310093,11747093,3.19486,1.98672,2.90284,1.98962,0.314418,1,1,0,12.8831,0,ResNeXt,4,178,11747093
Job271,5276895000,5355419000,201974726,123450726,0.263269,0.298445,0.253953,0.298466,3.79961,1,1,0,12.889,0,GPT2_SMALL,8,321,123450726
Job272,5286677000,5404531206,213013066,95158860,0.360693,0.403268,0.350359,0.403354,2.77521,1,1,0,12.7911,0,ResNeXt,8,308,95158860
Job273,5286924000,5478869726,1670756817,94419841,6.7295,6.26824,4.98891,6.27294,0.149144,1,1,1,7.12122,0,GNMT,8,306,94199204
Job274,5342462000,5355419000,17585378,4628378,3.74154,0.703195,3.79947,0.704486,0.26731,1,1,0,15.985,0,GPT2_SMALL,1,113,4628378
Job275,5342493000,5367166093,36402126,11729033,0.82444,0.547375,0.815129,0.548037,1.21909,1,1,0,15.3074,0,ResNeXt,4,177,11729033
Job276,5347297000,5378895126,43546771,11948645,0.990677,0.627684,0.979607,0.628681,1.01624,1,1,0,14.9826,0,ResNet50,4,180,11948645
Job277,5355399000,5360001780,10170746,5567966,1.77842,0.330126,1.82665,0.330617,0.562421,1,1,0,15.8125,0,GPT2_SMALL,1,131,5567966
Job278,5361092000,5390843771,43015342,13263571,0.944457,0.547701,0.931152,0.548198,1.06286,1,1,0,13.9852,0,BERTLARGE,4,190,13263571
Job279,5368937000,5499690066,152975426,22222360,1.1832,1.20929,1.16621,1.21037,0.848743,1,1,0,11.8556,0,ResNeXt,8,237,22222360
Job280,5368975000,5521912426,166088995,13151569,2.21611,2.25504,2.18011,2.25903,0.454956,1,1,0,11.6812,0,ResNet50,8,189,13151569
Job281,5428346000,5535063995,119694500,12976505,1.72409,1.70506,1.70506,1.70694,0.582836,1,1,0,10.8722,0,BERTLARGE,8,188,12976505
Job282,5526404000,5548040500,25590271,3953771,1.49513,1.48692,1.48692,1.51,0.705513,1,1,0,9.18391,0,VGG19,8,101,3953771
Job283,5595272000,5595292000,5369870,5349870,1.00374,0.324737,1.00374,0.325639,0.996276,1,1,0,7.74394,0,GPT2_SMALL,1,129,5349870
Job284,5596647000,5596647000,4873762,4873762,1,0.32067,1,0.322195,1,1,1,0,7.9655,0,BERTLARGE,1,123,4873762
Job285,5600810000,5600810000,17227701,17227701,0.505612,0.289432,0.504067,0.290621,1.99181,1,1,0,7.99186,0,VGG19,4,217,17227701
Job286,5601661000,5601661000,16693384,16693384,0.502045,0.286666,0.501879,0.286893,1.99459,1,1,0,7.98103,0,GPT2_SMALL,4,212,16693384
Job287,5700612000,5700632000,6345151,6325151,1.00316,0.329965,1.00316,0.333433,0.996848,1,1,0,7.70923,0,GNMT,1,142,6325151
Job288,5702457000,5702457000,5963401,5963401,1,0.323085,1,0.326624,1,1,1,0,7.98745,0,GNMT,1,135,5963401
Job289,5707032000,5707032000,15919589,15919589,0.514701,0.292483,0.510714,0.293797,1.95752,1,1,0,7.89169,0,VGG19,4,206,15919589
Job290,5708442000,5708442000,12806865,12806865,0.504798,0.289647,0.504798,0.29125,2,1,1,0,8,0,VGG19,4,186,12806865
Job291,5778841000,5778861000,31547247,31527247,1.00063,0.314839,1.00063,0.315369,0.999366,1,1,0,8.64196,0,VGG19,1,257,31527247
Job292,5791684000,5791684000,113428969,113428969,1,0.34392,1,0.343977,1,1,1,0,9.32646,0,ResNet50,1,316,113428969
Job293,5792349000,5792349000,850582,850582,1,0.333046,1,0.342694,1,1,1,0,9,0,BERTLARGE,1,61,850582
Job294,5793333000,5793333000,2931268,2931268,0.503957,0.299607,0.448356,0.301023,2,1,1,0,9,0,GPT2_SMALL,4,93,2931268
Job295,5797043000,5797043000,343426117,343426117,1,0.363515,1,0.363536,1,1,1,0,8.69048,0,ResNet50,1,367,343426117
Job296,5797300000,5797300000,889082,889082,1,0.349422,1,0.374182,1,1,1,0,10.7492,0,VGG19,1,64,889082
Job297,5797523000,5797523000,266631769,266631769,1,0.350656,1,0.350748,1,1,1,0,9.11536,0,GNMT,1,363,266631769
Job298,5798233000,5798233000,2941312,2941312,0.445897,0.3003,0.380083,0.306559,2.33333,0.5,0,0,11,0,GNMT,4,94,2941312
Job299,5810936000,5810936000,11196154,11196154,1,0.340861,1,0.341433,1,1,1,0,9.82567,0,ResNet50,1,174,11196154
Job300,5811121000,5811121000,403766,403766,1,0.486215,1,0.609863,1,1,1,0,10,0,VGG19,1,21,403766
Job301,5811581000,5811581000,2735493,2735493,0.503451,0.337105,0.403818,0.340087,2,0.5,0,0,10,0,BERTLARGE,4,91,2752315
Job302,5814467000,5814467000,379921,379921,1,0.39214,1,0.415741,1,1,1,0,10,0,ResNet50,1,16,379921
Job303,5815637000,5815637000,5725186,5725186,0.504128,0.33654,0.403629,0.337453,2,0.5,0,0,10,0,GPT2_SMALL,4,132,5701324
Job304,5851054000,5851054000,6502981,6502981,1,0.365604,1,0.366738,1,1,1,0,9,0,ResNet50,1,144,6502981
Job305,5857784000,5857784000,723162,723162,1,0.396328,1,0.436616,1,1,1,0,10.0113,0,VGG19,1,56,723162
Job306,5857843000,5857843000,13887072,13887072,0.513058,0.338152,0.412777,0.339807,1.96297,0.5,0,0,9.7736,0,GNMT,4,195,13887072
Job307,5858440000,5858460000,601870,581870,1.03437,0.365076,1.03437,0.376577,0.96677,1,1,0,10.1116,0,ResNeXt,1,41,581870
Job308,5862253000,5862253000,17192750,17192750,1,0.343628,1,0.343974,1,1,1,0,9.99803,0,ResNeXt,1,216,17192750
Job309,5871764000,5871764000,8062642,8062642,1,0.357985,1,0.359132,1,1,1,0,9.95276,0,BERTLARGE,1,161,8062642
Job310,5880007000,5880007000,13425024,13425024,0.487978,0.33354,0.388637,0.334207,2.0647,0.5,0,0,10.376,0,ResNeXt,4,192,13366172
Job311,5882197000,5882197000,17608857,17608857,1,0.340648,1,0.341971,1,1,1,0,10.411,0,GNMT,1,222,17608857
Job312,5886194000,5886214000,59084910,59064910,1.00034,0.363582,1.00034,0.363695,0.999662,1,1,0,8.67783,0,ResNeXt,1,290,59064910
Job313,5944998000,5944998000,3830806,3830806,1,0.374274,1,0.375957,1,1,1,0,8.07333,0,GPT2_SMALL,1,99,3830806
Job314,5948959000,5948959000,9777553,9777553,0.589448,0.353567,0.506303,0.356707,1.71429,1,1,0,8,0,VGG19,4,172,9777553
Job315,5958884000,5958884000,4397602,4397602,1,0.36404,1,0.365427,1,1,1,0,9.2455,0,GPT2_SMALL,1,106,4397602
Job316,5958987000,5958987000,4610626,4610626,1,0.36372,1,0.365039,1,1,1,0,9.2601,0,GPT2_SMALL,1,112,4610626
Job317,5962099000,5962099000,160250057,160250057,1,0.365472,1,0.365613,1,1,1,0,8.77114,0,VGG19,1,337,160250057
Job318,5963581000,5963581000,11374354,11374354,0.544897,0.342764,0.44725,0.34324,1.84636,0.5,0,0,9.00146,0,GPT2_SMALL,4,175,11326756
Job319,5987939000,5987939000,154075765,154075765,1,0.377718,1,0.377769,1,1,1,0,8.44551,0,ResNet50,1,334,154075765
Job320,6011345000,6011345000,5018510,5018510,1,0.364928,1,0.370313,1,1,1,0,10,0,GNMT,1,127,5018510
Job321,6016364000,6016364000,13336426,13336426,0.44484,0.314373,0.37221,0.314715,2.26183,0.5,0,0,10.8154,0,GPT2_SMALL,4,191,13280584
Job322,6018962000,6018982000,18817717,18797717,0.437587,0.313457,0.365016,0.313877,2.29078,1,1,0,11,0,ResNeXt,4,226,18797717
Job323,6029564000,6029564000,4712464,4712464,1,0.329147,1,0.330808,1,1,1,0,11.029,0,BERTLARGE,1,120,4712464
Job324,6034413000,6037779717,16145939,12779222,0.614898,0.415715,0.496958,0.416576,1.63157,1,1,0,10.2085,0,ResNeXt,4,185,12779222
Job325,6194368000,6194388000,145892052,145872052,1.00014,0.455236,1.00014,0.455475,0.999863,1,1,0,6.34926,0,VGG19,1,329,145872052
Job326,6194627000,6194627000,140750030,140750030,1,0.453951,1,0.454025,1,1,1,0,6.39856,0,ResNeXt,1,328,140750030
Job327,6220192000,6220192000,9256012,9256012,1,0.458622,1,0.459875,1,1,1,0,7,0,ResNet50,1,169,9256012
Job328,6229580000,6229580000,18200639,18200639,0.701271,0.422531,0.572913,0.423613,1.42857,1,1,0,7,0,ResNet50,4,224,18200639
Job329,6248338000,6248338000,6754910,6754910,1,0.464572,1,0.471052,1,1,1,0,7.00073,0,GNMT,1,147,6754910
Job330,6255088000,6255088000,21885272,21885272,0.701913,0.42329,0.573657,0.424933,1.42859,1,1,0,7.00022,0,GNMT,4,236,21885272
Job331,6498622000,6498642000,1102404365,578406393,1.30286,1.18928,0.944416,1.18944,0.768394,1,1,4,4.04088,0,ResNet50,8,375,577805213
Job332,6559995000,6560015000,22858216,22838216,0.914859,0.543416,0.807931,0.544841,1.09352,1,1,0,4.95988,0,ResNet50,4,240,22838216
Job333,6564692000,6564692000,231630,231630,1,0.61129,1,0.704964,1,1,1,0,5,0,ResNeXt,1,7,231630
Job334,6565117000,6565117000,721480,721480,0.81034,0.516475,0.81034,0.534074,1.25,1,1,0,5,0,GPT2_SMALL,4,55,721480
Job335,6565979000,6565979000,462190,462190,1,0.58005,1,0.619176,1,1,1,0,5,0,ResNeXt,1,28,462190
Job336,6566627000,6566627000,1257574,1257574,0.8059,0.509321,0.8059,0.518996,1.25,1,1,0,5,0,GPT2_SMALL,4,74,1257574
Job337,6568202000,6568202000,128899,128899,1,0.682215,1,0.96235,1,1,1,0,5,0,ResNet50,1,3,128899
Job338,6568501000,6568501000,1872720,1872720,0.81746,0.528205,0.81746,0.559783,1.25,1,1,0,5,0,GNMT,4,83,1872720
Job339,6570398000,6570398000,133950,133950,1,0.663529,1,0.884013,1,1,1,0,5,0,ResNeXt,1,4,133950
Job340,6570670000,6570670000,525244,525244,0.814272,0.522913,0.814272,0.548027,1.25,1,1,0,5,0,GPT2_SMALL,4,34,525244
Job341,6574159000,6574159000,150725212,150725212,1,0.54387,1,0.544201,1,1,1,0,5.85191,0,VGG19,1,332,150725212
Job342,6574940000,6574940000,154727953,154727953,1,0.541047,1,0.541151,1,1,1,0,5.86078,0,ResNet50,1,335,154727953
Job343,6656261000,6656261000,167373154,167373154,1,0.477227,1,0.477324,1,1,1,0,6.23536,0,BERTLARGE,1,339,167373154
Job344,6673017000,6673037000,568587990,213527298,1.38226,1.36185,1.05027,1.3621,0.724917,1,1,4,5.08124,0,BERTLARGE,8,354,213133760
Job345,6742142000,6742142000,214878220,214878220,1,0.48882,1,0.488882,1,1,1,0,5.30737,0,ResNet50,1,355,214878220
Job346,6912649000,6912649000,88190,88190,1,0.674442,1,1.09675,1,1,1,0,6,0,ResNeXt,1,1,88190
Job347,6914424000,6914424000,235772,235772,1,0.756643,1,1.64604,1,1,1,0,6,0,VGG19,1,8,235772
Job348,6916594000,6916614000,1234585,1214585,0.404093,0.433229,0.338932,0.465929,2.76857,1,1,0,6.78616,0,GNMT,8,73,1214585
Job349,6916858000,6916858000,1766350,1766350,1,0.423757,1,0.428938,1,1,1,0,6.54949,0,ResNeXt,1,79,1766350
Job350,6987521000,6987541000,22659679,22639679,0.49561,0.473137,0.473137,0.474425,2.0236,1,1,0,4.24372,0,ResNet50,8,238,22639679
Job351,6993675000,6993695000,16788700,16768700,0.432094,0.427576,0.427576,0.428417,2.32039,1,1,0,4.69551,0,BERTLARGE,8,213,16768700
Job352,6998504000,7010180679,34506631,22829952,0.767498,0.739958,0.739958,0.742027,1.30661,1,1,0,4.09721,0,ResNet50,8,239,22829952
Job353,7018786000,7018806000,24266852,24246852,0.56992,0.55864,0.55864,0.559249,1.75611,1,1,0,3.58618,0,GPT2_SMALL,8,245,24246852
Job354,7066224000,7066244000,1360162,1340162,0.684678,0.684678,0.684678,0.701393,1.47794,1,1,0,3,0,GPT2_SMALL,8,76,1340162
Job355,7069146000,7069166000,176705768,81359788,1.0121,1.04689,0.785355,1.04719,0.989184,1,1,1,5.53773,0,GPT2_SMALL,8,297,81291420
Job356,7070488000,7070508000,7776534,7756534,1.00258,0.60892,1.00258,0.611113,0.997428,1,1,0,5.40526,0,GPT2_SMALL,1,158,7756534
Job357,7072684000,7072684000,98230198,98230198,1,0.456877,1,0.457235,1,1,1,0,6.85127,0,VGG19,1,310,98230198
Job358,7072917000,7072917000,97884877,97884877,1,0.456687,1,0.457046,1,1,1,0,6.85665,0,VGG19,1,309,97884877
Job359,7078470000,7078470000,17333284,17333284,0.764886,0.462581,0.583399,0.46315,1.3082,1,1,0,6.86398,0,GPT2_SMALL,4,218,17333284
Job360,7086458000,7146279010,146870015,87049005,0.730901,0.774529,0.583488,0.77506,1.36933,1,1,0,5.78885,0,ResNet50,8,302,87049005
Job361,7090173000,7090173000,20500670,20500670,1,0.442505,1,0.442986,1,1,1,0,7.3835,0,ResNeXt,1,233,20500670
Job362,7108442000,7108442000,37817010,37817010,1,0.456674,1,0.456927,1,1,1,0,7.05901,0,GPT2_SMALL,1,267,37817010
Job363,7158204000,7158204000,7331754,7331754,1,0.410264,1,0.411319,1,1,1,0,7.51799,0,GPT2_SMALL,1,152,7331754
Job364,7161738000,7170914198,18933421,9757223,0.729117,0.763804,0.638452,0.770017,1.38944,1,1,0,6.16396,0,GNMT,8,170,9757223
Job365,7273750000,7273750000,170197901,170197901,1,1,1,1.00118,1,1,1,0,3.34121,0,GNMT,1,340,170197901
Job366,7294486000,7294486000,117793702,117793702,1,1,1,1.00047,1,1,1,0,3.56442,0,ResNet50,1,318,117793702
Job367,7371078000,7371078000,84313936,84313936,1,1,1,1.00065,1,1,1,0,3.79898,0,ResNet50,1,299,84313936
Job368,7371765000,7371765000,23345248,23345248,1,1,0.801373,1.00864,1,1,1,0,5,0,GNMT,4,241,23345248
Job369,7410341000,7410341000,14262234,14262234,1,1,1,1.01195,1,1,1,0,4.13593,0,VGG19,1,200,14262234
Job370,7666551000,7666551000,44147269,44147269,1,1,1,1.00554,1,1,1,0,1,0,VGG19,4,273,44147269
Job371,7737258000,7737258000,115956676,115956676,1,1,1,1.00145,1,1,1,0,1.62743,0,VGG19,1,317,115956676
Job372,7796379000,7796379000,25074946,25074946,1,1,1,1.00288,1,1,1,0,2.84537,0,BERTLARGE,1,247,25074946
Job373,7800205000,7800205000,21197630,21197630,1,1,1,1.00238,1,1,1,0,3,0,ResNeXt,1,235,21197630
Job374,7832134000,7832134000,86676358,86676358,1,1,1,1.00063,1,1,1,0,1.6428,0,ResNet50,1,301,86676358
Job375,7850188000,7850188000,4123485,4123485,1,1,1,1.04257,1,1,1,0,3.57589,0,VGG19,1,102,4123485
Job376,7850840000,7850840000,4682806,4682806,1,1,1,1.04461,1,1,1,0,3.49418,0,GNMT,1,115,4682806
Job377,7854372000,7854372000,21006455,21006455,1,1,1,1.00384,1,1,1,0,2.05478,0,ResNeXt,4,234,21006455
Job378,7875681000,7875681000,4821718,4821718,1,1,1,1.04327,1,1,1,0,2,0,GNMT,1,122,4821718
Job379,7939057000,7939057000,9765802,9765802,1,1,1,1.01754,1,1,1,0,1,0,VGG19,1,171,9765802

Makespan,7948822,avgJCT,84120,FairnessT,101.382,avg_gpu_load,16.4406,yield_per_job,0.113456,mean_n_avg,6.43281,maxFairT,23.2628,minFairT,0.229457,dFair,0.342975,dFairSq,1.86475,FairnessN,32.1672,maxFairN,9.1185,minFairN,0.283472,dfairN,0.322854,dfairNSq,0.850548,avg_frag_w_q,2.63183
Fairness
Mm,1/n,1/n-Down,GPU_load,GPU_share
1.22147,0.979759,1.17035,1.05111,1.08111
Fairness CV
1.51584,0.867874,1.57537,0.882498
Locality
dist,bit
0.974575,0.956707
