0 ResNeXt 1 2386873
692508 GNMT 1 64912
693465 GPT2-SMALL 1 74074
700184 GNMT 1 64800
702519 VGG19-I 1 80727
702623 ResNeXt 1 54154
702647 VGG19-I 1 46445
703804 VGG19-I 1 35913
704157 ResNeXt 1 47963
704211 ResNeXt 1 50489
704277 ResNeXt 1 50575
704322 ResNeXt 1 50596
935443 BERTLARGE 1 31576
936318 GPT2-SMALL 1 46620
937852 ResNeXt 1 66467
937881 GPT2-SMALL 1 46458
938013 BERTLARGE 1 32024
938045 BERTLARGE 1 31998
938098 VGG19-I 1 56630
938122 GNMT 1 40487
938124 GPT2-SMALL 1 46622
950514 BERTLARGE 1 32119
959226 ResNeXt 1 83237
959813 ResNeXt 1 81952
959961 VGG19-I 1 72703
959988 ResNeXt 1 85926
960533 VGG19-I 1 71521
960557 ResNeXt 1 84782
960688 GNMT 1 53220
968461 BERTLARGE 1 40149
968494 GNMT 1 50740
968537 VGG19-I 1 71859
968876 GNMT 1 50888
973737 VGG19-I 1 70429
973794 GNMT 1 52125
973843 ResNet50 1 63267
973917 ResNeXt 1 114080
1019246 ResNeXt 1 65989
1025014 ResNet50 1 61811
1045076 GPT2-SMALL 1 57212
1045121 VGG19-I 1 114221
1045268 GNMT 1 51330
1045332 ResNeXt 1 86444
1045378 ResNet50 1 107815
1045484 GPT2-SMALL 1 59353
1115892 GPT2-SMALL 1 97980
1127726 GPT2-SMALL 1 59716
1128429 ResNet50 1 64367
1141343 ResNeXt 1 81115
1363610 GNMT 1 86974
1364010 ResNet50 1 109842
1364166 ResNeXt 1 140480
1364215 ResNeXt 1 145910
1364634 BERTLARGE 1 67938
1364674 BERTLARGE 1 67017
1365085 BERTLARGE 1 68558
1365133 ResNet50 1 109152
1366664 BERTLARGE 1 24572
1369214 BERTLARGE 1 69293
1370259 GPT2-SMALL 1 102541
1371329 VGG19-I 1 76868
1372083 ResNet50 1 110569
1377964 GPT2-SMALL 1 61815
1379065 GNMT 1 55469
1379124 VGG19-I 1 76854
1379163 GNMT 1 93644
1379822 GPT2-SMALL 1 104018
1380533 GPT2-SMALL 1 100332
1380601 ResNet50 1 66400
1649713 GPT2-SMALL 1 57987
1650270 BERTLARGE 1 39322
1713851 GNMT 1 60451
1723735 ResNeXt 1 97244
1724107 VGG19-I 1 82078
1724234 GNMT 1 55269
1756247 GPT2-SMALL 1 64593
1756336 VGG19-I 1 73395
1756465 BERTLARGE 1 41925
1756951 VGG19-I 1 72342
1759465 GPT2-SMALL 1 57750
1759514 GNMT 1 52787
1796013 GNMT 1 35087
1803723 GPT2-SMALL 1 58613
1812619 BERTLARGE 1 45067
1813380 BERTLARGE 1 39527
1814188 ResNeXt 1 84173
1815073 GPT2-SMALL 1 58082
1815106 ResNet50 1 61949
1840262 ResNeXt 1 48709
1841148 ResNeXt 1 80629
1842296 GPT2-SMALL 1 54331
1843485 ResNeXt 1 85432
1843797 VGG19-I 1 70349
1843826 VGG19-I 1 77473
1845029 GNMT 1 47172
1845055 GPT2-SMALL 1 54169
1845155 ResNet50 1 60537
1884456 BERTLARGE 1 20642
1885074 GPT2-SMALL 1 55078
1885275 BERTLARGE 1 37026
1885759 BERTLARGE 1 26358
1885871 GNMT 1 47821
1924037 ResNet50 1 59129
1924080 GPT2-SMALL 1 53102
1924178 ResNeXt 1 78357
1924510 GPT2-SMALL 1 30061
1947736 VGG19-I 1 66097
1948832 BERTLARGE 1 37238
1948890 VGG19-I 1 102588
1948921 GNMT 1 60195
1948976 BERTLARGE 1 36829
1983651 GNMT 1 61109
1983676 ResNeXt 1 98631
1983789 GNMT 1 59518
2000369 BERTLARGE 1 36887
2000423 GNMT 1 47399
2001271 VGG19-I 1 66721
2001469 GPT2-SMALL 1 71088
2004771 BERTLARGE 1 37367
2004882 ResNet50 1 55202
2006944 ResNeXt 1 72140
2007032 VGG19-I 1 66793
2007337 GNMT 1 30785
2064588 ResNeXt 1 78481
2064663 VGG19-I 1 67554
2064685 GNMT 1 47910
2064700 ResNet50 1 58955
2064721 BERTLARGE 1 37381
2064774 VGG19-I 1 67668
2064804 ResNeXt 1 79393
2064853 GPT2-SMALL 1 54628
2064933 BERTLARGE 1 37161
2114922 ResNet50 1 60007
2115165 GPT2-SMALL 1 54643
2172316 ResNeXt 1 82257
2172564 ResNeXt 1 82465
2172625 BERTLARGE 1 40028
2172645 GPT2-SMALL 1 55698
2172676 ResNet50 1 61245
2172694 GNMT 1 52056
2172923 BERTLARGE 1 36453
2172972 GNMT 1 43155
2173001 GNMT 1 56587
2173031 VGG19-I 1 66062
2173049 GPT2-SMALL 1 51782
2173074 VGG19-I 1 78319
2173360 BERTLARGE 1 38621
2173406 ResNeXt 1 61652
2173422 ResNeXt 1 60976
2173441 GNMT 1 35983
2173457 GNMT 1 35833
2173473 ResNeXt 1 61651
2187581 GNMT 1 68387
2187649 BERTLARGE 1 41754
2187692 VGG19-I 1 93509
2187765 ResNeXt 1 114437
2187789 GPT2-SMALL 1 49691
2188020 ResNeXt 1 72413
2188368 ResNet50 1 76012
2188404 ResNeXt 1 95551
2188470 GPT2-SMALL 1 87285
2188521 VGG19-I 1 90852
2188558 ResNet50 1 78220
2188579 BERTLARGE 1 59501
2189171 BERTLARGE 1 32034
2189203 ResNeXt 1 104692
2190224 VGG19-I 1 57703
2190363 GNMT 1 40742
2190390 ResNet50 1 50458
2190690 GNMT 1 54415
2190741 BERTLARGE 1 56028
2190766 GPT2-SMALL 1 52190
2190792 ResNet50 1 54895
2190820 ResNet50 1 53000
2190842 ResNet50 1 54548
2242801 GNMT 1 42398
2261388 VGG19-I 1 58496
2261556 ResNeXt 1 68798
2263181 GPT2-SMALL 1 49897
2337833 ResNet50 1 78276
2337931 GPT2-SMALL 1 72813
2338000 GPT2-SMALL 1 71999
2338014 ResNet50 1 77824
2338520 VGG19-I 1 92766
2338520 BERTLARGE 1 50897
2338523 GNMT 1 65317
2339516 GNMT 1 64258
2339582 GNMT 1 66753
2340710 GPT2-SMALL 1 47310
2341237 ResNet50 1 51549
2346279 ResNeXt 1 104771
2365085 ResNeXt 1 72590
2365136 VGG19-I 1 60533
2365166 VGG19-I 1 63472
2365216 VGG19-I 1 63217
2365283 GPT2-SMALL 1 50996
2365361 ResNet50 1 54698
2446882 VGG19-I 1 60974
2447006 BERTLARGE 1 35375
2447047 BERTLARGE 1 34779
2447098 VGG19-I 1 63550
2447173 ResNeXt 1 71336
2447570 VGG19-I 1 60330
2447984 ResNeXt 1 71411
2448098 ResNeXt 1 72561
2448286 VGG19-I 1 92144
2448350 BERTLARGE 1 34948
2448408 ResNet50 1 82190
2448513 GPT2-SMALL 1 49026
2449372 GNMT 1 65478
2449374 ResNeXt 1 108705
2540036 VGG19-I 1 92891
2540054 GPT2-SMALL 1 75805
2540082 ResNeXt 1 71245
2540101 GNMT 1 66904
2540127 GPT2-SMALL 1 50563
2540146 GPT2-SMALL 1 49357
2540165 ResNet50 1 81828
2540211 ResNeXt 1 126068
2540234 GPT2-SMALL 1 49488
2540255 ResNet50 1 81537
2540874 GPT2-SMALL 1 76509
2540895 GNMT 1 66425
2540915 GNMT 1 66382
2540933 ResNet50 1 83491
2540954 ResNeXt 1 72146
2540974 GPT2-SMALL 1 49470
2540997 ResNet50 1 52849
2541123 GNMT 1 43448
2541384 VGG19-I 1 63446
2541410 BERTLARGE 1 51542
2541437 VGG19-I 1 102969
2541458 ResNeXt 1 105322
2541497 BERTLARGE 1 50355
2541522 VGG19-I 1 60457
2541540 ResNeXt 1 73247
2541568 GNMT 1 65674
2541597 BERTLARGE 1 33393
2542284 VGG19-I 1 92091
2542338 ResNet50 1 53785
2542376 BERTLARGE 1 34300
2542410 GPT2-SMALL 1 48733
2542486 BERTLARGE 1 50407
2542569 GNMT 1 42652
2542620 GPT2-SMALL 1 48225
2542691 VGG19-I 1 62066
2542714 ResNeXt 1 69640
2542835 BERTLARGE 1 50018
2543494 GNMT 1 63237
2543520 GPT2-SMALL 1 47814
2543577 VGG19-I 1 60643
2543646 ResNet50 1 54549
2543660 BERTLARGE 1 34808
2620322 GNMT 1 43266
2621068 GNMT 1 43091
2621092 ResNeXt 1 76260
2621138 ResNet50 1 55835
2621167 ResNet50 1 83878
2621224 ResNeXt 1 74497
2621341 BERTLARGE 1 35663
2621469 VGG19-I 1 65755
2621469 ResNet50 1 129928
2621486 ResNeXt 1 209445
2621551 ResNeXt 1 77455
2621596 GNMT 1 48017
2621635 ResNeXt 1 78968
2936715 BERTLARGE 1 50886
2937962 ResNet50 1 52958
2938096 GPT2-SMALL 1 48194
3004791 GPT2-SMALL 1 140580
3004946 ResNeXt 1 122168
3230517 BERTLARGE 1 51804
3230616 GNMT 1 67040
3231114 GNMT 1 66514
3231784 ResNet50 1 82020
3231820 ResNet50 1 80375
3231995 ResNet50 1 53265
3233169 GNMT 1 66100
3233546 BERTLARGE 1 52053
3235308 VGG19-I 1 60837
3235631 ResNeXt 1 108942
3235634 GNMT 1 66825
3450444 ResNet50 1 294
3450450 GPT2-SMALL 1 325
3450455 VGG19-I 1 344
3450459 ResNet50 1 358
3450464 GNMT 1 322
3450470 GPT2-SMALL 1 347
3450475 GPT2-SMALL 1 276
3450489 VGG19-I 1 378
3450499 BERTLARGE 1 223
3450503 VGG19-I 1 344
3450508 GNMT 1 263
3450513 VGG19-I 1 427
3450518 GPT2-SMALL 1 327
3450522 ResNet50 1 288
3450527 ResNeXt 1 498
3450531 BERTLARGE 1 213
3450536 GNMT 1 52
3450541 ResNet50 1 324
3451867 BERTLARGE 1 39696
3451871 GNMT 1 234
3451876 ResNeXt 1 17
3451881 ResNeXt 1 11
3451890 GPT2-SMALL 1 311
3451895 ResNeXt 1 77820
3451900 VGG19-I 1 65810
3451905 ResNet50 1 57786
3451910 ResNeXt 1 78186
3451915 BERTLARGE 1 37242
3451921 ResNet50 1 313
3451927 ResNeXt 1 55029
3451932 ResNet50 1 38976
3451937 GPT2-SMALL 1 36444
3451942 BERTLARGE 1 23734
3451946 BERTLARGE 1 5
3451951 ResNet50 1 37321
3451956 ResNet50 1 34673
3451961 ResNet50 1 60807
3451966 ResNet50 1 59524
3525863 ResNeXt 1 475
3525868 BERTLARGE 1 5
3525872 ResNet50 1 357
3525876 GPT2-SMALL 1 324
3525881 VGG19-I 1 386
3525907 GNMT 1 138
3525912 BERTLARGE 1 237
3525916 VGG19-I 1 376
3525920 GPT2-SMALL 1 276
3525925 ResNet50 1 304
3527621 VGG19-I 1 152770
3527677 GNMT 1 152734
3527697 VGG19-I 1 88180
3533676 VGG19-I 1 1434
3533684 ResNet50 1 1026
3533689 BERTLARGE 1 809
3533693 ResNet50 1 790
3533698 BERTLARGE 1 484
3533703 ResNet50 1 1123
3533709 GPT2-SMALL 1 701
3533714 ResNet50 1 878
3533718 GNMT 1 507
3533723 GPT2-SMALL 1 835
3533727 ResNet50 1 884
3533732 GPT2-SMALL 1 869
3533736 GPT2-SMALL 1 981
3533741 ResNet50 1 706
3533745 GPT2-SMALL 1 805
3533750 BERTLARGE 1 381
3533755 GPT2-SMALL 1 570
3533759 VGG19-I 1 679
3533763 BERTLARGE 1 408
3533769 GNMT 1 1239
3533774 VGG19-I 1 961
3533778 GPT2-SMALL 1 943
3533783 GPT2-SMALL 1 490
3533787 BERTLARGE 1 743
3533791 VGG19-I 1 1030
3533797 ResNet50 1 901
3533801 ResNet50 1 846
3533806 BERTLARGE 1 488
3533812 GNMT 1 659
3533817 GPT2-SMALL 1 921
3533822 ResNeXt 1 1362
3533827 ResNet50 1 524
3533832 BERTLARGE 1 558
3533839 ResNeXt 1 792
3533845 GNMT 1 613
3533852 ResNet50 1 578
3533860 GPT2-SMALL 1 801
3533865 GPT2-SMALL 1 849
3533871 BERTLARGE 1 580
3533876 ResNet50 1 930
3533881 ResNet50 1 1788
3533886 BERTLARGE 1 505
3533891 VGG19-I 1 945
3533896 ResNeXt 1 759
3533903 ResNeXt 1 714
3533908 VGG19-I 1 1173
3533913 ResNeXt 1 1513
3533918 GNMT 1 782
3533923 BERTLARGE 1 490
3533930 BERTLARGE 1 639
3533935 ResNeXt 1 1055
3533940 GPT2-SMALL 1 537
3533945 GNMT 1 808
3533950 VGG19-I 1 1095
3533954 VGG19-I 1 961
3533959 ResNeXt 1 1136
3533964 ResNet50 1 667
3533969 BERTLARGE 1 398
3533974 GNMT 1 465
3533979 GNMT 1 831
3597266 ResNet50 1 1628
3597273 GNMT 1 810
3597280 GNMT 1 930
3597287 GPT2-SMALL 1 946
3597294 ResNet50 1 737
3597300 GNMT 1 501
3597307 ResNeXt 1 2827
3597313 GPT2-SMALL 1 1009
3597320 VGG19-I 1 951
3597326 ResNet50 1 1134
3597332 GPT2-SMALL 1 544
3597339 ResNet50 1 925
3597346 GNMT 1 982
3597352 GPT2-SMALL 1 654
3597358 ResNet50 1 1362
3597365 GNMT 1 798
3597371 BERTLARGE 1 786
3597377 BERTLARGE 1 645
3597384 ResNeXt 1 1689
3597391 ResNet50 1 1179
3597397 GPT2-SMALL 1 940
3597404 GNMT 1 822
3597411 ResNeXt 1 1423
3597419 ResNet50 1 1176
3597425 GPT2-SMALL 1 555
3597432 VGG19-I 1 664
3597438 BERTLARGE 1 696
3597445 VGG19-I 1 3770
3597452 GNMT 1 932
3597458 BERTLARGE 1 652
3597465 GNMT 1 992
3597471 GNMT 1 493
3597478 GNMT 1 530
3597485 GNMT 1 652
3597495 GPT2-SMALL 1 1022
3597502 BERTLARGE 1 666
3597510 GPT2-SMALL 1 660
3597516 GPT2-SMALL 1 550
3597522 GNMT 1 585
3597528 ResNet50 1 1104
3597535 BERTLARGE 1 714
3597541 GNMT 1 1013
3597549 BERTLARGE 1 688
3597556 GNMT 1 957
3597562 ResNeXt 1 907
3597568 GPT2-SMALL 1 1750
3597575 GPT2-SMALL 1 548
3597581 GNMT 1 827
3597589 VGG19-I 1 1091
3597596 GPT2-SMALL 1 1019
3597603 GPT2-SMALL 1 1123
3597610 VGG19-I 1 1418
3597617 BERTLARGE 1 398
3597625 VGG19-I 1 1205
3597631 VGG19-I 1 922
3597638 GNMT 1 602
3597646 ResNet50 1 1070
3597653 GNMT 1 784
3597659 VGG19-I 1 1395
3597666 BERTLARGE 1 621
3619959 GPT2-SMALL 1 656
3619964 BERTLARGE 1 694
3619970 VGG19-I 1 1032
3619976 GNMT 1 858
3619984 BERTLARGE 1 744
3619993 BERTLARGE 1 743
3619999 ResNet50 1 1166
3620005 VGG19-I 1 1155
3620011 BERTLARGE 1 390
3620017 ResNet50 1 1124
3620023 GNMT 1 964
3620030 GNMT 1 674
3620038 GPT2-SMALL 1 780
3620044 GNMT 1 983
3620050 ResNeXt 1 988
3620056 ResNeXt 1 857
3620063 ResNeXt 1 1057
3620069 VGG19-I 1 1221
3620075 GPT2-SMALL 1 776
3620081 ResNeXt 1 1663
3620087 GNMT 1 660
3620093 ResNet50 1 1257
3620099 BERTLARGE 1 904
3620106 ResNet50 1 975
3620111 BERTLARGE 1 1170
3620117 BERTLARGE 1 537
3620123 ResNeXt 1 964
3620129 GPT2-SMALL 1 806
3620135 VGG19-I 1 1235
3620141 GNMT 1 691
3620147 BERTLARGE 1 505
3620152 VGG19-I 1 817
3620158 GNMT 1 1314
3620164 GPT2-SMALL 1 751
3620170 GPT2-SMALL 1 1181
3620176 GPT2-SMALL 1 624
3620181 GNMT 1 1029
3620188 GPT2-SMALL 1 1096
3620194 ResNeXt 1 2451
3620201 GPT2-SMALL 1 716
3620207 ResNet50 1 1125
3620212 GNMT 1 970
3620218 ResNeXt 1 1575
3620224 ResNeXt 1 782
3620234 GPT2-SMALL 1 10510
3620240 VGG19-I 1 13351
3620245 GPT2-SMALL 1 663
3620251 ResNeXt 1 989
3620257 ResNet50 1 969
3620263 BERTLARGE 1 408
3620269 VGG19-I 1 1947
3620276 ResNet50 1 1111
3620282 ResNeXt 1 1377
3620289 ResNet50 1 1494
3620299 VGG19-I 1 958
3620304 BERTLARGE 1 496
3620310 ResNet50 1 1213
3620316 ResNeXt 1 994
3620322 ResNet50 1 1177
3620329 GNMT 1 998
3622997 ResNeXt 1 1056
3623003 GPT2-SMALL 1 1389
3623009 ResNet50 1 1260
3623015 GNMT 1 966
3623023 ResNeXt 1 1479
3623029 BERTLARGE 1 514
3623035 VGG19-I 1 839
3623041 GPT2-SMALL 1 732
3623047 ResNet50 1 922
3623053 GNMT 1 547
3623059 VGG19-I 1 853
3623065 ResNet50 1 9347
3623071 VGG19-I 1 1296
3623077 GNMT 1 1338
3623082 GNMT 1 1110
3623088 GPT2-SMALL 1 739
3623094 VGG19-I 1 1100
3623101 VGG19-I 1 1083
3623107 VGG19-I 1 1543
3623112 ResNeXt 1 1822
3623118 GNMT 1 1059
3623124 ResNeXt 1 1627
3623130 GPT2-SMALL 1 976
3623137 GPT2-SMALL 1 685
3623143 GNMT 1 546
3623149 BERTLARGE 1 689
3623154 ResNet50 1 647
3623160 ResNet50 1 1222
3623166 GPT2-SMALL 1 696
3623172 ResNeXt 1 1210
3623177 ResNeXt 1 2869
3623183 ResNet50 1 620
3623195 VGG19-I 1 822
3623201 ResNet50 1 1583
3623208 GPT2-SMALL 1 698
3623214 ResNet50 1 1210
3623219 ResNet50 1 2245
3623225 ResNet50 1 9990
3623231 ResNet50 1 1330
3623238 ResNeXt 1 1112
3623244 GNMT 1 718
3623250 ResNet50 1 717
3623257 VGG19-I 1 840
3623263 ResNeXt 1 1501
3623269 VGG19-I 1 716
3623276 GNMT 1 721
3623283 ResNeXt 1 1440
3623289 ResNet50 1 621
3623297 GPT2-SMALL 1 23016
3623303 GNMT 1 1089
3623309 GNMT 1 521
3623316 ResNet50 1 670
3623323 ResNet50 1 1113
3623329 VGG19-I 1 804
3623335 GNMT 1 550
3623341 BERTLARGE 1 627
3623347 GNMT 1 837
3623354 ResNeXt 1 878
3623360 ResNeXt 1 1748
3625107 BERTLARGE 1 727
3625113 GPT2-SMALL 1 579
3625120 GNMT 1 825
3625125 VGG19-I 1 1660
3625132 VGG19-I 1 4089
3625139 BERTLARGE 1 412
3625145 GNMT 1 888
3625152 ResNeXt 1 1461
3625159 GNMT 1 512
3625165 ResNeXt 1 1065
3625172 GPT2-SMALL 1 912
3625178 ResNeXt 1 1226
3625186 BERTLARGE 1 454
3625191 GPT2-SMALL 1 729
3625202 VGG19-I 1 1357
3625208 GNMT 1 514
3625215 VGG19-I 1 690
3625221 ResNet50 1 1144
3625228 VGG19-I 1 1280
3625237 ResNeXt 1 834
3625243 BERTLARGE 1 896
3625249 GPT2-SMALL 1 626
3625255 ResNet50 1 633
3625261 ResNeXt 1 823
3625268 ResNeXt 1 1330
3625275 ResNet50 1 1213
3625281 ResNet50 1 1467
3625288 ResNet50 1 1133
3625294 ResNet50 1 1287
3625301 ResNet50 1 920
3625308 GNMT 1 500
3625315 ResNet50 1 1084
3625321 ResNet50 1 1044
3625328 ResNet50 1 673
3625334 ResNeXt 1 853
3625340 BERTLARGE 1 389
3625346 GNMT 1 512
3625353 GPT2-SMALL 1 777
3625359 VGG19-I 1 869
3625366 BERTLARGE 1 754
3625373 GPT2-SMALL 1 703
3625379 BERTLARGE 1 652
3625386 BERTLARGE 1 600
3625393 BERTLARGE 1 1050
3625399 GNMT 1 1032
3625406 BERTLARGE 1 374
3625412 ResNet50 1 1015
3625418 GNMT 1 1975
3625426 VGG19-I 1 735
3625432 VGG19-I 1 813
3625439 ResNet50 1 1702
3625446 BERTLARGE 1 483
3625452 VGG19-I 1 739
3625460 GNMT 1 501
3625465 VGG19-I 1 858
3625472 VGG19-I 1 822
3625479 VGG19-I 1 761
3625485 GPT2-SMALL 1 925
3625492 VGG19-I 1 750
3625498 GNMT 1 997
3626625 ResNeXt 1 2339
3626631 ResNeXt 1 1342
3626637 ResNet50 1 635
3626644 VGG19-I 1 711
3626650 ResNeXt 1 904
3626656 VGG19-I 1 779
3626663 ResNet50 1 644
3626669 GPT2-SMALL 1 566
3626675 ResNet50 1 1258
3626681 ResNet50 1 897
3626687 VGG19-I 1 1886
3626693 BERTLARGE 1 1128
3626699 VGG19-I 1 1115
3626705 ResNet50 1 689
3626712 GPT2-SMALL 1 567
3626718 BERTLARGE 1 607
3626725 BERTLARGE 1 395
3626746 ResNet50 1 699
3626752 ResNet50 1 1229
3626758 GPT2-SMALL 1 578
3626766 GPT2-SMALL 1 671
3626772 GPT2-SMALL 1 640
3626778 ResNeXt 1 812
3626784 ResNet50 1 1014
3626793 ResNeXt 1 1471
3626799 BERTLARGE 1 442
3626806 BERTLARGE 1 494
3626813 VGG19-I 1 802
3626821 ResNeXt 1 820
3626828 BERTLARGE 1 457
3626834 GPT2-SMALL 1 581
3626841 GPT2-SMALL 1 929
3626847 ResNet50 1 704
3626854 ResNeXt 1 910
3626861 VGG19-I 1 1107
3626868 GPT2-SMALL 1 611
3626874 GPT2-SMALL 1 604
3626880 GNMT 1 801
3626888 ResNeXt 1 1367
3626894 GNMT 1 522
3626902 ResNeXt 1 862
3626909 VGG19-I 1 725
3626916 VGG19-I 1 679
3626923 VGG19-I 1 709
3626928 GNMT 1 783
3626934 GNMT 1 510
3626940 BERTLARGE 1 410
3626947 BERTLARGE 1 581
3626953 BERTLARGE 1 393
3626962 GNMT 1 587
3626976 GPT2-SMALL 1 572
3626984 GPT2-SMALL 1 735
3626989 GNMT 1 864
3626995 GPT2-SMALL 1 617
3627002 GPT2-SMALL 1 4407
3627008 BERTLARGE 1 638
3627020 GNMT 1 559
3627028 GNMT 1 652
3627034 ResNeXt 1 1207
3627041 VGG19-I 1 799
3629558 VGG19-I 1 1310
3629566 ResNeXt 1 1035
3629572 VGG19-I 1 783
3629579 ResNeXt 1 1015
3629586 ResNet50 1 16358
3629593 BERTLARGE 1 8382
3629599 VGG19-I 1 1336
3629606 VGG19-I 1 712
3629614 ResNet50 1 794
3629621 VGG19-I 1 950
3629629 GPT2-SMALL 1 879
3629635 ResNeXt 1 1362
3629641 BERTLARGE 1 738
3629655 VGG19-I 1 670
3629661 ResNet50 1 625
3629668 ResNet50 1 2228
3629674 ResNeXt 1 936
3629680 GPT2-SMALL 1 912
3629687 GNMT 1 518
3629693 VGG19-I 1 789
3629699 VGG19-I 1 823
3629705 GNMT 1 594
3629711 ResNeXt 1 957
3629718 VGG19-I 1 1087
3629724 ResNet50 1 1670
3629730 ResNet50 1 646
3629737 GPT2-SMALL 1 585
3629743 ResNeXt 1 1661
3629749 BERTLARGE 1 560
3629755 GPT2-SMALL 1 641
3629761 GNMT 1 836
3629767 VGG19-I 1 957
3629773 GPT2-SMALL 1 1536
3629781 ResNet50 1 650
3629788 ResNet50 1 776
3629794 BERTLARGE 1 445
3629800 BERTLARGE 1 857
3629806 BERTLARGE 1 1340
3629812 GNMT 1 640
3629818 ResNeXt 1 1135
3629825 ResNeXt 1 831
3629831 GPT2-SMALL 1 22613
3629838 GNMT 1 664
3629844 BERTLARGE 1 15936
3629850 GNMT 1 632
3629856 ResNeXt 1 1135
3629862 ResNeXt 1 1067
3629868 VGG19-I 1 1077
3629875 ResNeXt 1 913
3629880 ResNet50 1 1332
3629886 ResNeXt 1 1454
3629892 BERTLARGE 1 472
3629899 GPT2-SMALL 1 1455
3629905 BERTLARGE 1 555
3629911 GNMT 1 573
3629917 GPT2-SMALL 1 1026
3629923 ResNeXt 1 811
3629930 ResNet50 1 752
3629935 GNMT 1 850
3629942 ResNeXt 1 1120
3629986 ResNeXt 1 25021
3629992 ResNeXt 1 29621
3629999 VGG19-I 1 25581
3630005 ResNeXt 1 31964
3630011 GNMT 1 20571
3630017 ResNeXt 1 33960
3630023 BERTLARGE 1 19615
3630029 GNMT 1 22944
3630035 VGG19-I 1 35191
3630042 VGG19-I 1 33414
3630048 GNMT 1 28731
3688412 GNMT 1 816
3688419 ResNet50 1 959
3688885 GNMT 1 760
3688891 ResNeXt 1 1094
3688904 VGG19-I 1 999
3690769 BERTLARGE 1 10
3690774 VGG19-I 1 11
3690781 ResNeXt 1 2045
3690963 ResNet50 1 1746
3690981 ResNeXt 1 1521
3690987 GNMT 1 1044
3691540 GPT2-SMALL 1 735
3691546 BERTLARGE 1 584
3691552 GNMT 1 586
3693745 ResNet50 1 1754
3693752 GNMT 1 1436
3693759 ResNet50 1 1954
3693765 ResNet50 1 1393
3693773 ResNeXt 1 1445
3693780 VGG19-I 1 1565
3693884 BERTLARGE 1 1626
3693892 GPT2-SMALL 1 1707
3693898 ResNeXt 1 3915
3693904 VGG19-I 1 2648
3693910 ResNet50 1 2312
3693916 VGG19-I 1 3731
3698050 GPT2-SMALL 1 1031
3698055 VGG19-I 1 1329
3698124 GPT2-SMALL 1 1541
3698124 BERTLARGE 1 693
3698130 VGG19-I 1 1242
3698135 VGG19-I 1 1464
3698141 ResNeXt 1 2053
3699291 GPT2-SMALL 1 2643
3699297 GNMT 1 3474
3699303 GNMT 1 2931
3699308 VGG19-I 1 3858
3699314 GNMT 1 1939
3699320 BERTLARGE 1 2447
3699326 VGG19-I 1 2971
3699331 BERTLARGE 1 1492
3699336 GNMT 1 1950
3699342 GNMT 1 2438
3705593 ResNet50 1 8129
3705597 GPT2-SMALL 1 6962
3705653 GNMT 1 5165
3705661 BERTLARGE 1 4033
3705666 GPT2-SMALL 1 5154
3705672 GPT2-SMALL 1 7647
3705678 ResNeXt 1 8144
3705683 GNMT 1 5945
3705689 GNMT 1 5280
3705695 ResNeXt 1 8882
3705702 BERTLARGE 1 4296
3705707 BERTLARGE 1 4299
3772943 GNMT 1 4540
3772948 GNMT 1 4868
3772953 GNMT 1 4791
3772958 GNMT 1 5713
3772963 ResNeXt 1 9931
3772968 ResNet50 1 6482
3772972 ResNeXt 1 7670
3772977 GNMT 1 4312
3772981 VGG19-I 1 6186
3772986 ResNeXt 1 7678
3782885 GPT2-SMALL 1 3854
3782891 VGG19-I 1 1397
3782897 GNMT 1 1077
3782902 GPT2-SMALL 1 1247
3782907 VGG19-I 1 1391
3782912 ResNet50 1 1279
3782918 BERTLARGE 1 765
3782923 GPT2-SMALL 1 1183
3782928 ResNeXt 1 1767
3782932 GPT2-SMALL 1 1139
3786362 ResNet50 1 206
3786367 GPT2-SMALL 1 16
3786373 BERTLARGE 1 14
3786377 GPT2-SMALL 1 11
3786382 GPT2-SMALL 1 33
3786387 BERTLARGE 1 42
3786392 ResNet50 1 19
3786397 GPT2-SMALL 1 29
3786402 VGG19-I 1 24
3786407 ResNeXt 1 39
3790511 BERTLARGE 1 715
3790516 GPT2-SMALL 1 1482
3790523 GNMT 1 921
3790527 GPT2-SMALL 1 977
3790533 ResNet50 1 1175
3790538 ResNeXt 1 1978
3790543 GPT2-SMALL 1 1470
3790548 ResNet50 1 1516
3790554 GNMT 1 796
3790559 GPT2-SMALL 1 1350
4136953 ResNet50 1 1786
4136958 BERTLARGE 1 844
4136964 VGG19-I 1 1377
4136970 ResNet50 1 1780
4136975 VGG19-I 1 1246
4136981 GNMT 1 955
4136987 BERTLARGE 1 761
4136995 ResNet50 1 1364
4137000 GNMT 1 1009
4137007 GNMT 1 953
4139496 BERTLARGE 1 2425
4139503 VGG19-I 1 4006
4139509 ResNeXt 1 3252
4139515 GPT2-SMALL 1 2574
4139520 ResNeXt 1 3264
4139526 ResNeXt 1 3365
4142494 GPT2-SMALL 1 2771
4142499 BERTLARGE 1 2057
4142505 GPT2-SMALL 1 2220
4142510 GPT2-SMALL 1 2328
4142515 BERTLARGE 1 1488
4142521 GNMT 1 2061
4148087 ResNet50 1 3770
4148092 BERTLARGE 1 2364
4148097 GPT2-SMALL 1 3918
4148102 ResNet50 1 3831
4148106 VGG19-I 1 6532
4148110 GNMT 1 3042
4217965 GNMT 1 2409
4217970 GNMT 1 2441
4217974 ResNet50 1 2005
4217978 GPT2-SMALL 1 1783
4217983 GPT2-SMALL 1 1628
4217987 ResNeXt 1 3980
4219587 GPT2-SMALL 1 3425
4219591 ResNeXt 1 3961
4219596 BERTLARGE 1 1504
4219600 BERTLARGE 1 7031
4219604 GNMT 1 8748
4219609 VGG19-I 1 13921
4219729 GNMT 1 3303
4219734 ResNeXt 1 8095
4219738 ResNet50 1 6308
4219743 ResNeXt 1 5513
4219748 VGG19-I 1 4514
4219752 VGG19-I 1 7163
4219756 VGG19-I 1 4801
4219761 ResNet50 1 6738
4219767 ResNet50 1 4451
4219773 ResNeXt 1 8245
4221207 GPT2-SMALL 1 5760
4221212 ResNeXt 1 8244
4221217 ResNet50 1 6500
4221221 VGG19-I 1 5388
4221227 GNMT 1 5050
4221232 ResNeXt 1 8120
4221237 GPT2-SMALL 1 5600
4221242 BERTLARGE 1 3775
4221246 ResNet50 1 6288
4221251 VGG19-I 1 5775
4221334 GPT2-SMALL 1 16226
4221339 VGG19-I 1 21335
4221344 VGG19-I 1 18174
4221348 VGG19-I 1 22035
4221353 VGG19-I 1 20814
4221361 GPT2-SMALL 1 16134
4221366 VGG19-I 1 20046
4221371 ResNet50 1 17665
4221376 VGG19-I 1 30236
4221380 VGG19-I 1 14751
4301346 GNMT 1 11499
4301352 ResNet50 1 12424
4301356 ResNeXt 1 16589
4301361 VGG19-I 1 15214
4301366 VGG19-I 1 17348
4301371 ResNet50 1 16708
4301375 ResNeXt 1 22053
4301382 GNMT 1 12330
4301387 GNMT 1 13343
4301399 ResNeXt 1 18232
4301404 ResNeXt 1 16981
4301408 GPT2-SMALL 1 794
4301413 VGG19-I 1 18366
4301417 GPT2-SMALL 1 11714
4301421 ResNeXt 1 18757
4301426 ResNet50 1 15857
4301431 GNMT 1 9939
4301435 GNMT 1 1658
4301439 ResNeXt 1 19869
4301444 ResNet50 1 14870
4301449 ResNeXt 1 16893
4301454 ResNeXt 1 16411
4301458 VGG19-I 1 15095
4301463 GNMT 1 19828
4301467 ResNet50 1 13141
4301480 VGG19-I 1 18405
4301485 ResNet50 1 15374
4301489 BERTLARGE 1 10160
4301493 ResNeXt 1 17373
4301498 ResNet50 1 16274
4301502 VGG19-I 1 19328
4301507 VGG19-I 1 18458
4301512 BERTLARGE 1 10101
4301517 ResNeXt 1 16621
4301521 GPT2-SMALL 1 15067
4301526 ResNet50 1 16502
4301530 GPT2-SMALL 1 11350
4301535 VGG19-I 1 17925
4301540 ResNet50 1 12350
4301546 ResNeXt 1 19934
4301550 GNMT 1 8977
4301555 ResNet50 1 15671
4301559 GPT2-SMALL 1 10059
4301563 VGG19-I 1 14823
4301568 ResNeXt 1 18767
4301573 ResNet50 1 14387
4301578 VGG19-I 1 14453
4301583 VGG19-I 1 13436
4301587 GPT2-SMALL 1 11388
4301592 GPT2-SMALL 1 11526
4381304 ResNeXt 1 88661
4381909 GPT2-SMALL 1 55026
4392419 ResNet50 1 69700
4392508 GPT2-SMALL 1 65953
4392600 BERTLARGE 1 44396
4392735 ResNet50 1 2429
4392739 BERTLARGE 1 1738
4392744 GPT2-SMALL 1 3600
4392749 VGG19-I 1 3187
4392753 VGG19-I 1 2766
4392759 ResNeXt 1 4535
4392764 GNMT 1 2114
4392769 GPT2-SMALL 1 2337
4392773 BERTLARGE 1 1539
4392777 ResNeXt 1 4802
4392782 ResNet50 1 2719
4392786 ResNet50 1 2434
4392791 GNMT 1 1858
4392795 ResNet50 1 2890
4392801 VGG19-I 1 3125
4392806 GPT2-SMALL 1 2417
4392810 ResNeXt 1 3126
4392815 VGG19-I 1 2670
4392820 GPT2-SMALL 1 2235
4392825 ResNet50 1 2337
4392831 GPT2-SMALL 1 2106
4392838 ResNet50 1 3466
4392843 GPT2-SMALL 1 2195
4392848 GNMT 1 2053
4392853 GNMT 1 2306
4392857 VGG19-I 1 2609
4392864 VGG19-I 1 3620
4392873 GPT2-SMALL 1 2384
4392880 VGG19-I 1 2563
4392889 ResNeXt 1 3202
4392899 GPT2-SMALL 1 3030
4392908 ResNeXt 1 3104
4392916 GPT2-SMALL 1 2144
4392924 ResNet50 1 2362
4392930 VGG19-I 1 3082
4392936 ResNeXt 1 3015
4392941 GNMT 1 1880
4392945 ResNeXt 1 3730
4392950 GPT2-SMALL 1 2183
4392957 ResNeXt 1 3309
4392962 VGG19-I 1 3798
4392966 VGG19-I 1 2700
4392971 BERTLARGE 1 1547
4392981 BERTLARGE 1 1647
4392985 ResNeXt 1 4482
4392990 GNMT 1 1979
4392994 ResNet50 1 2351
4393002 ResNet50 1 2367
4393006 ResNeXt 1 3561
4394344 GNMT 1 53615
4396163 VGG19-I 1 117961
4396216 GNMT 1 56212
4396266 ResNet50 1 69346
4429649 GPT2-SMALL 1 99320
4438111 GNMT 1 82679
4649759 ResNet50 1 6154
4649764 VGG19-I 1 6151
4649769 BERTLARGE 1 4830
4649774 VGG19-I 1 9564
4649778 GNMT 1 6421
4649784 GPT2-SMALL 1 7312
4649789 BERTLARGE 1 3701
4649795 GNMT 1 6800
4649799 ResNeXt 1 10764
4649804 ResNeXt 1 7732
4649808 BERTLARGE 1 3683
4649813 ResNet50 1 8833
4649818 ResNeXt 1 7985
4649823 GPT2-SMALL 1 6427
4649828 BERTLARGE 1 5131
4649832 BERTLARGE 1 5335
4649839 ResNet50 1 5875
4649844 ResNet50 1 7453
4649848 VGG19-I 1 7679
4649853 GNMT 1 6882
4649859 GPT2-SMALL 1 8126
4649864 ResNeXt 1 7932
4649868 GNMT 1 4751
4649873 GNMT 1 4595
4649878 GNMT 1 6398
4649882 GPT2-SMALL 1 7951
4649886 VGG19-I 1 6825
4649891 GPT2-SMALL 1 5429
4649895 BERTLARGE 1 4122
4649901 GNMT 1 4772
4649905 BERTLARGE 1 4212
4649910 BERTLARGE 1 3694
4649914 GNMT 1 5310
4649919 BERTLARGE 1 3803
4649924 ResNeXt 1 7964
4649928 BERTLARGE 1 3677
4649933 GNMT 1 5038
4649937 VGG19-I 1 6498
4649942 ResNet50 1 5641
4649948 GNMT 1 4556
4649952 GNMT 1 10590
4649956 BERTLARGE 1 6030
4649961 BERTLARGE 1 5906
4649965 GPT2-SMALL 1 7813
4649970 VGG19-I 1 6735
4649974 ResNeXt 1 11618
4649980 GPT2-SMALL 1 8138
4649985 ResNeXt 1 11455
4649989 ResNeXt 1 8286
4649994 ResNet50 1 8740
6125167 ResNeXt 1 93897
6125172 BERTLARGE 1 44023
6125177 BERTLARGE 1 47467
6125182 GPT2-SMALL 1 63809
6125186 VGG19-I 1 76603
6125191 GPT2-SMALL 1 55550
6125196 ResNeXt 1 61320
6125202 BERTLARGE 1 33127
6125206 GPT2-SMALL 1 48864
6125210 ResNet50 1 45357
6125216 BERTLARGE 1 30690
6125220 VGG19-I 1 56071
6125225 ResNeXt 1 63135
6125229 GPT2-SMALL 1 44769
6125233 VGG19-I 1 61557
6125238 BERTLARGE 1 29580
6125243 GPT2-SMALL 1 42977
6125247 BERTLARGE 1 26818
6125252 GPT2-SMALL 1 40756
6125256 GNMT 1 36389
6137489 ResNet50 1 11
6137494 GNMT 1 5
6137498 BERTLARGE 1 4
6137504 GPT2-SMALL 1 6
6137509 ResNeXt 1 12
6137514 ResNet50 1 6
6137518 GPT2-SMALL 1 10
6137523 ResNet50 1 5
6137527 BERTLARGE 1 4
6137533 ResNet50 1 5
6137538 ResNet50 1 398
6137543 VGG19-I 1 16
6137548 GPT2-SMALL 1 5
6137552 GNMT 1 4
6137557 VGG19-I 1 13
6137562 ResNeXt 1 12
6137566 GPT2-SMALL 1 410
6137571 ResNeXt 1 36
6137576 ResNet50 1 18
6137581 VGG19-I 1 5
6540021 ResNet50 1 74000
6540027 ResNeXt 1 59064
6540033 BERTLARGE 1 24149
6540040 GNMT 1 32780
6540047 BERTLARGE 1 28724
6540054 GPT2-SMALL 1 39878
6540060 BERTLARGE 1 26591
6540067 ResNet50 1 41831
6540074 GPT2-SMALL 1 39220
6540081 GPT2-SMALL 1 41121
6540088 ResNet50 1 36267
6540094 GNMT 1 27284
6540100 GPT2-SMALL 1 39605
6540106 BERTLARGE 1 25105
6540112 BERTLARGE 1 33509
6540118 GPT2-SMALL 1 41955
6555604 GPT2-SMALL 1 40440
6555611 BERTLARGE 1 31542
6555618 GNMT 1 50035
6555624 VGG19-I 1 41701
6555637 VGG19-I 1 53554
6555657 GPT2-SMALL 1 41268
6555663 VGG19-I 1 49855
6555670 ResNet50 1 49015
6555678 ResNeXt 1 48667
6555684 ResNeXt 1 67403
6555690 GPT2-SMALL 1 28474
6555697 BERTLARGE 1 28449
6555703 GPT2-SMALL 1 27350
