Job#,Admitted_time,Scheduled_time,JCT,Running_time,fairness(Mm),fairness(1/n),fairness(1/n-down),fairness(GPU_load),fairness(GPU_share),locality(dist),locality(bit),yield_count,n_avg,promote_count,model,gpu_req,rank_irt,ideal_run_time
Job1,0,0,2234257258,2234257258,0.908126,0.847885,1,0.8479,1.10117,1,1,0,5.61979,0,GPT2_SMALL,8,731,2234257258
Job2,664859000,664859000,5534377988,1791749487,1.37456,1.13018,0.952535,1.13021,0.730797,0.912325,0.80675,16,27.6881,0,ResNet50,8,723,1783754210
Job3,1041729000,1041729000,7944343988,2644998430,1.39315,1.19558,1.02587,1.19559,0.716957,0.829124,0.715206,14,24.8573,0,GPT2_SMALL,8,732,2648120146
Job4,1041744000,1041744000,8222463228,2669297390,1.48141,1.25287,1.07725,1.25289,0.675452,1,1,12,24.3209,0,ResNeXt,8,733,2667697010
Job5,1316312000,1316312000,12160256147,4629752531,1.70332,1.32165,1.28662,1.32167,0.587272,0.995845,0.987536,3,17.3576,0,ResNet50,8,734,4628368762
Job6,1489167000,1489167000,5287441272,1134051494,1.68747,1.58883,1.30175,1.58889,0.593463,0.979524,0.938572,5,30.4886,0,ResNeXt,8,718,1132481510
Job7,1647288000,1647288000,497250170,497250170,0.690981,0.640581,0.657548,0.640644,1.44729,1,1,0,12.9275,0,BERTLARGE,8,682,497250170
Job8,1750290000,1750290000,286040460,286040460,0.630736,0.597898,0.600226,0.598039,1.58568,1,1,0,14.1636,0,ResNeXt,8,627,286040460
Job9,1781851000,1781871000,2124899202,561768920,1.3306,1.29603,1.21672,1.29614,0.752256,1,1,3,26.45,0,ResNet50,8,697,561317866
Job10,1791691000,1791711000,402345374,402325374,0.548704,0.53781,0.53781,0.537844,1.82257,1,1,0,15.8065,0,GPT2_SMALL,8,669,402325374
Job11,1803137000,1803157000,139693465,139673465,0.573861,0.565685,0.565685,0.565861,1.74299,1,1,0,15.0318,0,BERTLARGE,8,569,139673465
Job12,1809323000,1809343000,450325,430325,0.782137,0.782137,0.782137,0.903102,1.34906,1,1,0,12,0,BERTLARGE,8,79,430325
Job13,1814484000,1814504000,273060200,273040200,0.548811,0.546677,0.546677,0.5468,1.82246,1,1,0,15.5526,0,ResNeXt,8,624,273040200
Job14,1821512000,1821532000,270857399,270837399,0.544374,0.543196,0.543196,0.543338,1.83737,1,1,0,15.6527,0,ResNet50,8,622,270837399
Job15,1821790000,1821810000,443477151,443457151,0.511154,0.502984,0.502984,0.503058,1.95664,1,1,0,16.9024,0,ResNet50,8,673,443457151
Job16,1823616000,2092369399,1883342695,492276661,1.32867,1.31136,1.23068,1.3116,0.755508,1,1,6,26.5251,0,VGG19,8,680,490573642
Job17,1906385000,2036330460,954304260,485201782,0.741699,0.710882,0.684963,0.710907,1.34947,1,1,6,24.4291,0,GPT2_SMALL,8,677,484795402
Job18,1906430000,1942830465,521066625,484666160,0.490006,0.473446,0.473446,0.473494,2.04105,1,1,0,19.3044,0,ResNeXt,8,676,484666160
Job19,2083057000,8628716246,8616863004,2069173582,2.15844,1.7589,1.52445,1.75892,0.463317,1,1,1,23.2209,0,GPT2_SMALL,8,728,2069106190
Job20,2084031000,2084051000,288118880,288098880,0.431517,0.422769,0.422769,0.422839,2.31792,1,1,0,20.1115,0,ResNeXt,8,631,288098880
Job21,2126509000,5492280736,4508037391,723386683,1.86255,1.9593,1.57597,1.95941,0.537762,0.99945,0.99835,7,33.6659,0,ResNet50,8,713,722315641
Job22,2143060000,2143080000,324737538,324717538,0.377931,0.372726,0.372479,0.372746,2.64622,1,1,0,22.8236,0,GPT2_SMALL,8,645,324717538
Job23,2144150000,2144538170,872606450,382969842,0.732328,0.738326,0.710088,0.738397,1.36721,1,1,3,27.3089,0,ResNeXt,8,664,382568710
Job24,2146104000,2146124000,363373321,363353321,0.368121,0.363467,0.361761,0.363563,2.71775,1,1,0,23.5083,0,VGG19,8,651,363353321
Job25,2151555000,2151575000,368419590,368399590,0.364824,0.360766,0.358676,0.360859,2.74229,1,1,0,23.7104,0,VGG19,8,654,368399590
Job26,2153518000,2234257258,449922778,369183520,0.420104,0.418928,0.405023,0.418972,2.38084,1,1,0,25.5814,0,ResNeXt,8,656,369183520
Job27,2172908000,2194036374,384499131,363370757,0.375457,0.374229,0.368729,0.374325,2.66467,1,1,0,24.4041,0,VGG19,8,652,363370757
Job28,2238914000,2265267151,415430984,368800918,0.355744,0.362106,0.342312,0.362121,2.81281,1,1,3,27.9886,0,GPT2_SMALL,8,655,368597632
Job29,2240657000,3016756450,1289402054,407804240,0.931318,0.980843,0.906757,0.980927,1.07466,1,1,2,29.6643,0,ResNeXt,8,671,407537290
Job30,2246008000,2467797538,716561854,380076862,0.577544,0.590694,0.564446,0.590732,1.7335,1,1,4,28.4242,0,BERTLARGE,8,663,379685780
Job31,2268494000,6636162490,7300219400,1929614463,1.68737,1.46731,1.23383,1.46734,0.593868,0.756815,0.345834,10,26.1174,0,BERTLARGE,8,724,1925657720
Job32,2344261000,8730453275,8705099534,2144012379,2.19275,1.75466,1.53309,1.75474,0.456114,1,1,1,22.5147,0,GNMT,8,729,2143791710
Job33,2350449000,5950756192,4797034344,1069304084,1.43068,1.46394,1.18919,1.46399,0.708323,0.662401,0,1,32.495,0,ResNeXt,8,715,1055257090
Job34,2388124000,3449159258,1657696117,595203195,0.795569,0.844123,0.77333,0.844179,1.26375,0.862039,0.724078,3,30.7774,0,ResNet50,8,703,592101228
Job35,2388155000,3438732999,1633064062,582486063,0.799942,0.847828,0.778588,0.847944,1.25049,1,1,0,30.6176,0,VGG19,8,698,582486063
Job36,2399142000,3706958695,3275109729,607880115,1.40021,1.57676,1.23947,1.57686,0.721734,0.668491,0.438705,5,37.3393,0,ResNet50,8,705,601612324
Job37,2399509000,6199236988,4940864042,1122253143,1.42084,1.43275,1.17148,1.4328,0.704147,1,1,3,31.96,0,ResNet50,8,717,1121800828
Job38,2402444000,2402464000,352099349,317718359,0.310004,0.328809,0.305095,0.328848,3.23439,1,1,5,30.9575,0,ResNet50,8,640,316965193
Job39,2457996000,2457996000,146454073,146454073,0.553596,0.295953,0.541617,0.296099,1.80771,1,1,0,31.4114,0,VGG19,4,572,146454073
Job40,2480747000,2480767000,157566112,157546112,0.522931,0.286956,0.511268,0.28706,1.91346,1,1,0,33.2755,0,GNMT,4,588,157546112
Job41,2480788000,2480808000,36447460,36427460,0.296141,0.306725,0.29608,0.307017,3.38417,1,1,0,28.7871,0,ResNeXt,8,411,36427460
Job42,2530035000,2530035000,96093085,96093085,0.485496,0.276192,0.477106,0.276385,2.06244,1,1,0,35.6788,0,VGG19,4,516,96093085
Job43,2530285000,2530305000,98087334,98067334,0.48442,0.275679,0.476295,0.275715,2.06482,1,1,0,35.7083,0,GPT2_SMALL,4,525,98067334
Job44,2531100000,2531100000,85695480,85695480,0.487812,0.276692,0.478981,0.276871,2.05243,1,1,0,35.5353,0,GNMT,4,476,85695480
Job45,2546447000,2546467000,78742024,78722024,0.464438,0.268405,0.459318,0.268588,2.15608,1,1,0,37.0718,0,GNMT,4,467,78722024
Job46,2549354000,2549354000,25688680,25688680,0.506647,0.285461,0.499727,0.286096,1.9814,1,1,0,34.1521,0,GNMT,4,387,25688680
Job47,2562009000,8986072988,8706717007,2250082180,2.18373,1.73297,1.52226,1.73301,0.463843,0.677224,0.0316728,2,21.8857,0,ResNeXt,8,730,2221460310
Job48,2563486000,2754543349,565173069,374115720,0.437446,0.455665,0.428082,0.455706,2.28649,1,1,0,30.0028,0,ResNeXt,8,660,374115720
Job49,2563593000,2654880165,464165198,372878033,0.357107,0.371524,0.35154,0.371584,2.80135,1,1,0,30.1104,0,GNMT,8,658,372878033
Job50,2564020000,2654344984,462417914,372092930,0.356224,0.370666,0.350701,0.370689,2.80764,1,1,0,30.1252,0,BERTLARGE,8,657,372092930
Job51,2564767000,2564787000,76551248,76531248,0.447554,0.261843,0.446265,0.262022,2.2376,1,1,0,38.1592,0,GNMT,4,465,76531248
Job52,2564786000,2564787000,82456600,82455600,0.450439,0.262758,0.448925,0.262925,2.22302,1,1,0,37.9194,0,GNMT,4,472,82455600
Job53,2564810000,2564830000,80185776,80165776,0.448852,0.262079,0.447422,0.262118,2.22861,1,1,0,38.017,0,GPT2_SMALL,4,469,80165776
Job54,2566204000,2566224000,4766074,4746074,0.21887,0.251853,0.218835,0.252484,4.60492,1,1,0,39.3131,0,GPT2_SMALL,8,228,4746074
Job55,2566286000,2566306000,4958905,4938905,0.226556,0.260471,0.226525,0.264122,4.60628,1,1,0,39.3174,0,VGG19,8,231,4938905
Job56,2569396000,2569396000,74549968,74549968,0.449258,0.262771,0.447757,0.262956,2.22919,1,1,0,38.0234,0,GNMT,4,461,74549968
Job57,2572327000,2572347000,5269847,5249847,0.225651,0.259891,0.225576,0.263308,4.61291,1,1,0,39.3723,0,VGG19,8,244,5249847
Job58,2572349000,2572369000,4516063,4496063,0.220664,0.254463,0.22063,0.25634,4.63706,1,1,0,39.5965,0,ResNet50,8,222,4496063
Job59,2581800000,2581820000,4502016,4482016,0.229858,0.264419,0.229858,0.266454,4.45073,1,1,0,38,0,ResNet50,8,221,4482016
Job60,2587753000,2587773000,6807256,6787256,0.222496,0.259028,0.222018,0.261015,4.60065,1,1,0,39.3057,0,GNMT,8,270,6787256
Job61,2592282000,2592282000,54405458,54405458,0.452192,0.265507,0.450161,0.26565,2.2139,1,1,0,37.8063,0,ResNet50,4,431,54405458
Job62,2592304000,2592324000,62576165,62556165,0.46361,0.268896,0.460268,0.269178,2.16151,1,1,0,37.0247,0,VGG19,4,442,62556165
Job63,2592352000,2592352000,54229529,54229529,0.452741,0.265984,0.450714,0.266302,2.21422,1,1,0,37.8113,0,VGG19,4,430,54229529
Job64,2592415000,2594560256,61130058,58984802,0.477765,0.277619,0.474618,0.277758,2.09519,1,1,0,37.1586,0,ResNet50,4,436,58984802
Job65,2608949000,2608969000,2951149,2931149,0.449358,0.276374,0.449358,0.282821,2.337,1,1,0,40,0,VGG19,4,206,2931149
Job66,2642838000,2642858000,116053318,116033318,0.568699,0.300395,0.567663,0.300481,1.75912,1,1,0,29.9648,0,ResNet50,4,548,116033318
Job67,2642860000,2642880000,134599380,134579380,0.289012,0.303138,0.288098,0.30317,3.46093,1,1,0,29.5157,0,GPT2_SMALL,8,565,134579380
Job68,2642880000,2642880000,111771158,111771158,0.567167,0.29983,0.566198,0.299918,1.7639,1,1,0,30.0376,0,ResNet50,4,547,111771158
Job69,2642898000,2642918000,128592328,128572328,0.574879,0.302433,0.573401,0.302576,1.74065,1,1,0,29.672,0,GNMT,4,559,128572328
Job70,2687731000,2758891318,659346972,400624851,0.465561,0.497187,0.455131,0.497229,2.15125,1,1,4,30.7841,0,ResNeXt,8,668,400090760
Job71,2777213000,2962569854,671946258,384411311,0.489481,0.527616,0.478867,0.527699,2.04492,1,1,1,31.0567,0,GNMT,8,665,384191075
Job72,2777242000,2777262000,367341078,363437485,0.304008,0.312698,0.297889,0.312718,3.29076,1,1,1,28.8528,0,BERTLARGE,8,650,363338945
Job73,2777269000,2777459380,419631614,377892119,0.321897,0.336745,0.311932,0.336799,3.11322,1,1,3,30.3241,0,GNMT,8,661,377228171
Job74,2816171000,2816171000,6113099,6113099,0.578733,0.297911,0.57843,0.298947,1.73648,1,1,0,29.5358,0,BERTLARGE,4,259,6113099
Job75,2816200000,2816220000,1925200,1905200,0.599905,0.319921,0.599905,0.330919,1.74637,1,1,0,30,0,GNMT,4,193,1905200
Job76,2821607000,2821627000,18322675,18302675,0.547584,0.288553,0.547436,0.288877,1.82943,1,1,0,31.1428,0,BERTLARGE,4,371,18302675
Job77,2821611000,2821627000,18015593,17999593,0.549838,0.290482,0.549688,0.291627,1.82995,1,1,0,31.1454,0,VGG19,4,368,17999593
Job78,2823568000,2823568000,36934117,36934117,0.558389,0.291721,0.55812,0.292283,1.79611,1,1,0,30.5487,0,VGG19,4,412,36934117
Job79,2835723000,2835743000,95192275,95172275,0.587269,0.302438,0.586288,0.302544,1.70361,1,1,0,29.0159,0,ResNet50,4,512,95172275
Job80,2872930000,2872950000,3114798,3094798,0.575657,0.304155,0.570496,0.305528,1.74837,1,1,0,30.1873,0,GPT2_SMALL,4,208,3094798
Job81,2872964000,2872964000,1415680,1415680,1,0.310643,1,0.314438,1,1,1,0,30,0,ResNet50,1,185,1415680
Job82,2874551000,2874551000,3111213,3111213,0.581975,0.31421,0.581862,0.322129,1.77926,1,1,0,30.2535,0,VGG19,4,209,3111213
Job83,2875256000,2875276000,19458781,19438781,0.579529,0.303682,0.579313,0.30484,1.73475,1,1,0,29.5322,0,VGG19,4,381,19438781
Job84,2878204000,2878204000,5564812,5564812,0.568705,0.299987,0.568705,0.300733,1.76471,1,1,0,30,0,GPT2_SMALL,4,254,5564812
Job85,2893118000,2893118000,6189312,6189312,0.589139,0.30915,0.589012,0.31227,1.72068,1,1,0,29.258,0,GNMT,4,260,6189312
Job86,2964419000,2964419000,2883485,2883485,0.649952,0.340267,0.649952,0.35033,1.58824,1,1,0,27,0,VGG19,4,204,2883485
Job87,2984229000,2984229000,9867784,9867784,0.630719,0.321774,0.630719,0.322258,1.58824,1,1,0,27,0,GPT2_SMALL,4,310,9867784
Job88,3058681000,3058681000,578711937,486336149,0.65445,0.362615,0.641169,0.36267,1.52918,1,1,1,31.5747,0,VGG19,4,678,486071989
Job89,3064454000,3064474000,502326069,487934002,0.550767,0.309279,0.54091,0.309287,1.81722,1,1,6,32.3836,0,GPT2_SMALL,4,679,487533226
Job90,3075445000,3075445000,201900545,201900545,0.481924,0.284647,0.474672,0.284745,2.07631,1,1,0,35.8369,0,VGG19,4,608,201900545
Job91,3078170000,3078190000,224308915,220012837,0.49319,0.290868,0.48667,0.290899,2.02893,1,1,1,35.6365,0,ResNeXt,4,613,219912071
Job92,3078186000,3078190000,208734218,208730218,0.481709,0.284807,0.475016,0.284825,2.07618,1,1,0,35.7931,0,GPT2_SMALL,4,610,208730218
Job93,3078791000,3078811000,448750,428750,1.04665,0.376748,1.04665,0.393376,0.955432,1,1,0,29,0,ResNeXt,1,77,428750
Job94,3083907000,3639408333,1803303704,593175899,0.783106,0.863812,0.750598,0.863832,1.27616,0.886781,0.660344,10,34.405,0,GPT2_SMALL,8,704,593586948
Job95,3091811000,3091831000,102089788,102069788,0.432189,0.264784,0.430726,0.26486,2.31522,1,1,0,39.5002,0,ResNet50,4,535,102069788
Job96,3092234000,3092234000,102818936,102818936,0.431937,0.264832,0.430612,0.264968,2.31772,1,1,0,39.5225,0,GNMT,4,538,102818936
Job97,3093291000,3093311000,98839891,98819891,0.430304,0.264112,0.429212,0.264189,2.32541,1,1,0,39.6407,0,ResNet50,4,527,98819891
Job98,3093660000,3093660000,121871,121871,0.757125,0.554949,0.757125,0.875042,1.94118,1,1,0,33,0,ResNeXt,4,2,121871
Job99,3093838000,3093838000,261712,261712,0.817766,0.642771,0.817749,1.26332,1.94505,1,1,0,33.0677,0,GNMT,4,35,261712
Job100,3094082000,3094099712,545326333,451773685,0.657063,0.365441,0.644271,0.3655,1.52319,1,1,1,31.8772,0,VGG19,4,674,451508969
Job101,3094311000,3094311000,198715001,198715001,0.474589,0.28275,0.469285,0.282848,2.10845,1,1,0,36.2489,0,VGG19,4,607,198715001
Job102,3095787000,7400512458,6987786782,2040048422,1.74407,1.4487,1.20853,1.44874,0.581366,0.719695,0.179065,6,24.4276,0,ResNet50,8,726,2012057547
Job103,3098091000,5546961091,3991663723,1034531774,1.21816,1.25044,0.983,1.25047,0.821204,0.978999,0.951354,2,33.3758,0,BERTLARGE,8,714,1034216945
Job104,3101498000,3101518000,93963187,93943187,0.425779,0.262857,0.425293,0.262937,2.35022,1,1,0,40.0079,0,ResNet50,4,507,93943187
Job105,3101505000,3101525000,93984093,93964093,0.426138,0.263137,0.425651,0.263317,2.35016,1,1,0,40.0069,0,VGG19,4,508,93964093
Job106,3101512000,3101532000,89376162,89356162,0.424978,0.262337,0.4245,0.262373,2.35376,1,1,0,40.068,0,GPT2_SMALL,4,492,89356162
Job107,3134865000,3134885000,1093988,1073988,1.01862,0.316937,1.01862,0.336431,0.981718,1,1,0,39,0,GNMT,1,171,1073988
Job108,3140207000,3140227000,108093982,108073982,0.462065,0.279941,0.457008,0.280021,2.16538,1,1,0,37.2259,0,ResNet50,4,545,108073982
Job109,3140238000,3140258000,87137939,87117939,0.446681,0.274024,0.443097,0.274085,2.23974,1,1,0,38.3926,0,BERTLARGE,4,481,87117939
Job110,3140287000,3140307000,93954541,93934541,0.451696,0.276008,0.447663,0.276073,2.21492,1,1,0,38.0011,0,ResNeXt,4,506,93934541
Job111,3140308000,3140328000,128205521,128185521,0.473561,0.284483,0.46773,0.284636,2.11378,1,1,0,36.3882,0,VGG19,4,557,128185521
Job112,3149851000,3149871000,379272,359272,1.05567,0.322813,1.05567,0.343857,0.947267,1,1,0,42,0,BERTLARGE,1,53,359272
Job113,3232813000,3232813000,314642,314642,1,0.336411,1,0.353743,1,1,1,0,34,0,GPT2_SMALL,1,47,314642
Job114,3247844000,3247864000,474672,454672,1.04399,0.462136,1.04399,0.573881,0.957866,1,1,0,32.9627,0,GNMT,1,84,454672
Job115,3249085000,3249085000,511105,511105,1,0.428189,1,0.514375,1,1,1,0,32.1861,0,GNMT,1,89,511105
Job116,3249501000,3249501000,320510,320510,1,0.350799,1,0.371258,1,1,1,0,32.2967,0,ResNeXt,1,49,320510
Job117,3251164000,3251164000,202300393,202300393,0.534059,0.300028,0.532711,0.300137,1.8735,1,1,0,31.9302,0,VGG19,4,609,202300393
Job118,3266329000,3266349000,513741,493741,1.04051,0.444929,1.04051,0.538141,0.96107,1,1,0,33,0,GNMT,1,87,493741
Job119,3280601000,3280621000,272862319,272842319,0.563995,0.309817,0.559911,0.309845,1.77329,1,1,0,30.3681,0,ResNeXt,4,623,272842319
Job120,3280643000,3280643000,154027,154027,0.656846,0.44423,0.656562,0.558917,1.97089,1,1,0,33.5261,0,BERTLARGE,4,7,154027
Job121,3280676000,3280696000,31363843,31343843,0.511662,0.292338,0.511395,0.292532,1.95659,1,1,0,33.3006,0,BERTLARGE,4,402,31343843
Job122,3280683000,3280696000,102700412,102687412,0.513351,0.29082,0.512951,0.290858,1.94841,1,1,0,33.153,0,GPT2_SMALL,4,537,102687412
Job123,3281209000,3281209000,841931,841931,0.522058,0.317047,0.522058,0.325775,2,1,1,0,34,0,BERTLARGE,4,144,841931
Job124,3291146000,6131951712,3908830291,1066681988,1.18635,1.20144,0.949871,1.20147,0.843457,0.943204,0.829612,2,32.8128,0,BERTLARGE,8,716,1066058270
Job125,3291383000,3291403000,147349999,147329999,0.264187,0.295262,0.263673,0.295418,3.79017,1,1,0,32.2838,0,VGG19,8,574,147329999
Job126,3291423000,3302478915,294294186,255529970,0.329955,0.359506,0.327515,0.359594,3.03767,1,1,2,29.9588,0,GNMT,8,618,255087230
Job127,3318504000,3318504000,2973329,2973329,0.509041,0.290909,0.50899,0.294074,2.00153,1,1,0,34.0295,0,ResNet50,4,207,2973329
Job128,3318637000,3318657000,366701,346701,0.808447,0.599601,0.808372,0.996076,1.924,1,1,0,34.6019,0,VGG19,4,51,346701
Job129,3318783000,3318783000,106128539,106128539,0.526745,0.295301,0.525894,0.295359,1.89905,1,1,0,32.3362,0,BERTLARGE,4,544,106128539
Job130,3322170000,3322190000,44981239,44961239,0.507268,0.288079,0.506982,0.288227,1.97308,1,1,0,33.5763,0,ResNeXt,4,421,44961239
Job131,3328735000,3328735000,1013950,1013950,1,0.292587,1,0.296901,1,1,1,0,35,0,ResNeXt,1,168,1013950
Job132,3522136000,3530059054,719719808,588210349,0.345566,0.3626,0.333274,0.362608,2.89017,0.883115,0.649344,5,31.1676,0,GPT2_SMALL,8,700,588984806
Job133,3522176000,3553463319,874424479,590194532,0.399758,0.424424,0.382368,0.424434,2.50139,0.915397,0.74619,11,32.9339,0,GPT2_SMALL,8,701,590258308
Job134,3538671000,3585717186,1227662374,620193042,0.526963,0.573574,0.500926,0.573645,1.98923,0.902124,0.706373,14,35.2099,0,VGG19,8,702,591841930
Job135,3631837000,7340373042,6165429277,1986369750,1.56799,1.31829,1.08414,1.31833,0.645514,0.750553,0.282476,5,24.6315,0,ResNet50,8,725,1962568689
Job136,3631840000,7400512458,6617065280,2043687814,1.75103,1.43463,1.19604,1.43467,0.57914,0.723634,0.174676,7,23.3349,0,ResNet50,8,727,2015350930
Job137,3636408000,3636408000,4596678,4596678,1,0.322233,1,0.323271,1,1,1,0,27.867,0,GPT2_SMALL,1,225,4596678
Job138,3648508000,3648508000,5012582,5012582,1,0.315758,1,0.316672,1,1,1,0,34.7145,0,GPT2_SMALL,1,235,5012582
Job139,3648548000,3648548000,5521310,5521310,1,0.316043,1,0.316957,1,1,1,0,34.5148,0,ResNeXt,1,253,5521310
Job140,3648604000,3648604000,5491855,5491855,1,0.316174,1,0.317178,1,1,1,0,34.5594,0,ResNet50,1,251,5491855
Job141,3648638000,3648638000,5092534,5092534,1,0.316678,1,0.3181,1,1,1,0,34.8307,0,BERTLARGE,1,237,5092534
Job142,3648668000,3648688000,5463762,5443762,1.00367,0.317321,1.00367,0.318338,0.99634,1,1,0,34.5825,0,ResNet50,1,250,5443762
Job143,3648710000,3648710000,4883246,4883246,1,0.315476,1,0.316413,1,1,1,0,34.9448,0,GPT2_SMALL,1,230,4883246
Job144,3648743000,3648743000,5511937,5511937,1,0.322149,1,0.325959,1,1,1,0,34.4699,0,GNMT,1,252,5511937
Job145,3648776000,3648776000,5433799,5433799,1,0.322162,1,0.326028,1,1,1,0,34.5409,0,GNMT,1,249,5433799
Job146,3648808000,3648808000,5056670,5056670,1,0.315736,1,0.316732,1,1,1,0,34.8518,0,ResNeXt,1,236,5056670
Job147,3674569000,3674569000,654403,654403,1,0.344916,1,0.355213,1,1,1,0,27,0,ResNet50,1,108,654403
Job148,3707364000,3707364000,6535450,6535450,1,0.339885,1,0.340697,1,1,1,0,26,0,GPT2_SMALL,1,266,6535450
Job149,3718043000,3718043000,7103557,7103557,1,0.330715,1,0.331564,1,1,1,0,31.6888,0,ResNet50,1,277,7103557
Job150,3718070000,3718070000,6274506,6274506,1,0.335833,1,0.339467,1,1,1,0,31.9093,0,GNMT,1,261,6274506
Job151,3718098000,3718098000,7196245,7196245,1,0.33534,1,0.338495,1,1,1,0,31.6322,0,GNMT,1,278,7196245
Job152,3718138000,3718138000,8081714,8081714,1,0.334761,1,0.337112,1,1,1,0,31.0052,0,VGG19,1,296,8081714
Job153,3718200000,3718220000,6907954,6887954,1.0029,0.33126,1.0029,0.33199,0.997105,1,1,0,31.7962,0,GPT2_SMALL,1,273,6887954
Job154,3718228000,3718228000,6638210,6638210,1,0.334345,1,0.337205,1,1,1,0,31.9056,0,VGG19,1,267,6638210
Job155,3718255000,3718255000,6533092,6533092,1,0.331056,1,0.332267,1,1,1,0,31.9321,0,BERTLARGE,1,265,6533092
Job156,3790105000,3790105000,5771098,5771098,1,0.341121,1,0.342577,1,1,1,0,26,0,BERTLARGE,1,255,5771098
Job157,3802692000,3802712000,324642529,260780187,0.309187,0.340922,0.298925,0.340939,3.23446,0.910017,0.743104,5,35.4007,0,GPT2_SMALL,8,619,260801706
Job158,3851952000,4887210704,1993792901,523466679,0.90168,1.06548,0.7614,1.06551,1.10743,0.88193,0.645789,3,42.4586,0,GPT2_SMALL,8,690,524266534
Job159,3852038000,4103125487,1759432481,513931748,0.774592,0.942514,0.664653,0.942571,1.29461,0.99948,0.99844,10,43.9041,0,ResNeXt,8,686,512588600
Job160,3854332000,3854332000,38685590,38685590,1,0.267004,1,0.267089,1,1,1,0,38.1414,0,GPT2_SMALL,1,414,38685590
Job161,3854361000,3854361000,40021894,40021894,1,0.266599,1,0.266726,1,1,1,0,38.1773,0,BERTLARGE,1,416,40021894
Job162,3855149000,3855169000,90764242,90744242,0.460087,0.262581,0.450059,0.262642,2.17454,1,1,0,37.7996,0,ResNeXt,4,496,90744242
Job163,3855153000,3855169000,46824388,46808388,0.458383,0.262338,0.44156,0.262442,2.16968,0.5,0,0,38.304,0,BERTLARGE,4,423,47103475
Job164,3855158000,3855178000,219002032,218982032,0.44712,0.259187,0.439617,0.259248,2.23766,1,1,0,38.6934,0,GNMT,4,612,218982032
Job165,3855163000,3855178000,275605980,250402935,0.516577,0.29364,0.505595,0.293674,1.94032,1,1,4,37.0941,0,ResNet50,4,616,249881249
Job166,3858780000,3858800000,86210413,86190413,0.458001,0.261956,0.448327,0.262019,2.18451,1,1,0,37.9471,0,ResNeXt,4,477,86190413
Job167,3873252000,3873252000,93345785,93345785,0.448759,0.259121,0.441685,0.259297,2.23158,1,1,0,38.5452,0,VGG19,4,504,93345785
Job168,3873278000,3873298000,88349620,88329620,0.44779,0.258687,0.440364,0.258748,2.23431,1,1,0,38.6328,0,ResNeXt,4,490,88329620
Job169,3873304000,3873304000,93558172,93558172,0.448261,0.25872,0.441209,0.258753,2.23145,1,1,0,38.5411,0,GPT2_SMALL,4,505,93558172
Job170,3874480000,3874500000,264055033,231938858,0.535409,0.304127,0.524101,0.304144,1.87271,0.764939,0.529878,2,37.0264,0,GPT2_SMALL,4,615,231347128
Job171,3874561000,3874561000,5171082,5171082,1,0.256671,1,0.257256,1,1,1,0,43.6918,0,GPT2_SMALL,1,241,5171082
Job172,3875172000,3875172000,5134090,5134090,1,0.256461,1,0.257167,1,1,1,0,44.2825,0,ResNet50,1,239,5134090
Job173,3875344000,3875344000,4970738,4970738,1,0.256062,1,0.256668,1,1,1,0,44.3991,0,GPT2_SMALL,1,232,4970738
Job174,3876291000,3876291000,5012098,5012098,1,0.255854,1,0.256574,1,1,1,0,44.9709,0,ResNet50,1,234,5012098
Job175,3876362000,3876362000,5229772,5229772,1,0.261239,1,0.263876,1,1,1,0,44.944,0,GNMT,1,243,5229772
Job176,3876401000,3876401000,5210261,5210261,1,0.260055,1,0.262259,1,1,1,0,44.9438,0,VGG19,1,242,5210261
Job177,3880063000,3880063000,5904586,5904586,1,0.258178,1,0.258992,1,1,1,0,42.7931,0,BERTLARGE,1,257,5904586
Job178,3880113000,3880133000,6304635,6284635,1.00318,0.26302,1.00318,0.265234,0.996828,1,1,0,42.6476,0,GNMT,1,262,6284635
Job179,3880142000,3880142000,6790270,6790270,1,0.257606,1,0.258099,1,1,1,0,42.4326,0,ResNeXt,1,271,6790270
Job180,3891204000,4088947961,1557125557,508215471,0.659654,0.821356,0.575064,0.821377,1.51652,0.87977,0.807788,10,45.3047,0,GPT2_SMALL,8,683,508061704
Job181,3901171000,3901191000,8127630,8107630,1.00247,0.259662,1.00247,0.260081,0.997539,1,1,0,38.6375,0,ResNeXt,1,297,8107630
Job182,3902120000,3902120000,6923458,6923458,1,0.259485,1,0.259932,1,1,1,0,38.6688,0,GPT2_SMALL,1,274,6923458
Job183,3933460000,3933460000,96035475,96035475,0.427554,0.251946,0.424401,0.252018,2.35553,0.5,0,0,40.3417,0,ResNet50,4,513,95420075
Job184,3937581000,3937601000,96509595,96489595,0.422529,0.249843,0.419146,0.24989,2.36771,1,1,0,40.5845,0,BERTLARGE,4,519,96489595
Job185,3937605000,3937605000,94979888,94979888,0.422807,0.249971,0.419503,0.250103,2.36802,1,1,0,40.5737,0,GNMT,4,510,94979888
Job186,3937626000,3937646000,96996960,96976960,0.42541,0.251581,0.421971,0.251653,2.3674,0.5,0,0,40.5822,0,ResNet50,4,518,96355520
Job187,3949509000,3949509000,9013677,9013677,1,0.260142,1,0.261652,1,1,1,0,39.7842,0,GNMT,1,306,9013677
Job188,3949581000,3949581000,7068367,7068367,1,0.257128,1,0.257644,1,1,1,0,40,0,ResNet50,1,276,7068367
Job189,3966675000,3966675000,1115945,1115945,0.531523,0.315524,0.531474,0.338845,2.12729,1,1,0,36.1677,0,VGG19,4,173,1115945
Job190,3969453000,3969473000,94747474,94727474,0.428678,0.253872,0.423542,0.253947,2.3343,1,1,0,40.1731,0,ResNet50,4,509,94727474
Job191,3969461000,3969473000,862219,850219,0.411377,0.254964,0.410863,0.260443,2.5628,1,1,0,44.2398,0,BERTLARGE,4,145,850219
Job192,3969469000,3969489000,889555,869555,0.417875,0.259262,0.417396,0.265478,2.53715,1,1,0,44.1762,0,ResNeXt,4,148,869555
Job193,3969480000,3969489000,744700,735700,0.40116,0.248799,0.400968,0.252685,2.59321,1,1,0,44.6457,0,GPT2_SMALL,4,121,735700
Job194,3969487000,3969507000,886524,866524,0.406963,0.25101,0.406582,0.254324,2.54024,1,1,0,44.2232,0,GPT2_SMALL,4,147,866524
Job195,3969494000,3969507000,82697390,82684390,0.422219,0.251562,0.417756,0.251597,2.3792,0.5,0,0,40.885,0,GPT2_SMALL,4,471,82337170
Job196,3969501000,3969521000,33602824,33582824,0.428153,0.251167,0.427216,0.251373,2.34001,1,1,0,39.8912,0,ResNet50,4,405,33582824
Job197,3969508000,3969521000,761606,748606,0.403962,0.250694,0.403891,0.25455,2.58412,0.333333,0,0,44.7011,0,GPT2_SMALL,4,123,745654
Job198,3969518000,3969538000,79547197,79527197,0.419331,0.250185,0.415106,0.250376,2.389,1,1,0,41.0373,0,VGG19,4,468,79527197
Job199,3969524000,3969544000,588856,568856,0.428732,0.270352,0.428732,0.280705,2.55715,1,1,0,45,0,ResNeXt,4,98,568856
Job200,3998057000,3998077000,93279097,93259097,0.451676,0.263019,0.442707,0.263078,2.21502,1,1,0,38.4268,0,ResNeXt,4,503,93259097
Job201,3998061000,3998077000,822707,806707,0.415484,0.257688,0.41527,0.263561,2.54479,1,1,0,44.1431,0,BERTLARGE,4,136,806707
Job202,3998066000,3998086000,90881961,90861961,0.449582,0.262555,0.440925,0.26274,2.22758,1,1,0,38.6218,0,VGG19,4,497,90861961
Job203,3998070000,3998090000,34969123,34949123,0.393918,0.241306,0.391226,0.241424,2.54174,1,1,0,43.532,0,BERTLARGE,4,407,34949123
Job204,3998403000,3998430000,104722487,98465308,0.4974,0.285945,0.485901,0.286135,2.02409,0.996793,0.995189,2,37.4633,0,VGG19,4,524,97932121
Job205,3998410000,3998430000,88136864,88116864,0.447446,0.261817,0.438973,0.261973,2.23772,1,1,0,38.785,0,GNMT,4,488,88116864
Job206,4019169000,4019189000,36361755,36341755,1.00055,0.258273,1.00055,0.258374,0.99945,1,1,0,40.4204,0,ResNet50,1,410,36341755
Job207,4019192000,4019192000,25580810,25580810,1,0.252559,1,0.252673,1,1,1,0,41.8221,0,GPT2_SMALL,1,386,25580810
Job208,4021979000,4021999000,727260,707260,0.411059,0.260836,0.404855,0.265214,2.53439,1,1,0,45,0,GPT2_SMALL,4,115,707260
Job209,4028299000,4028319000,802867,782867,0.42009,0.268178,0.413853,0.275573,2.54114,1,1,0,45,0,ResNeXt,4,132,782867
Job210,4040670000,4040690000,762475,742475,0.471468,0.286889,0.461898,0.29478,2.24262,1,1,0,40,0,BERTLARGE,4,122,742475
Job211,4045918000,4045938000,73989268,73969268,0.525486,0.290824,0.521593,0.29095,1.90434,1,1,0,32.6245,0,ResNet50,4,460,73969268
Job212,4108910000,4108930000,654738,634738,0.603486,0.329792,0.603486,0.33762,1.7108,1,1,0,30,0,GPT2_SMALL,4,104,634738
Job213,4110150000,4110170000,30075616,30055616,0.561992,0.301092,0.56157,0.301696,1.78461,1,1,0,30.3815,0,GNMT,4,399,30055616
Job214,4113353000,4113353000,594922,594922,0.568243,0.315369,0.568243,0.323256,1.82353,1,1,0,31,0,GPT2_SMALL,4,102,594922
Job215,4114173000,4114173000,701816,701816,0.625823,0.371514,0.625734,0.415504,1.83619,1,1,0,31.2206,0,GNMT,4,113,701816
Job216,4114720000,4114740000,626839,606839,0.612717,0.351546,0.612615,0.374659,1.77908,1,1,0,31.247,0,ResNet50,4,103,606839
Job217,4116915000,4116915000,584968,584968,0.551887,0.310457,0.551878,0.318231,1.88132,1,1,0,31.9829,0,GPT2_SMALL,4,100,584968
Job218,4116925000,4116945000,843664,823664,0.584918,0.332924,0.584815,0.348031,1.82267,1,1,0,31.7439,0,ResNet50,4,138,823664
Job219,4117716000,4117736000,33117368,33097368,0.560791,0.297933,0.559776,0.29847,1.78796,1,1,0,30.469,0,GNMT,4,404,33097368
Job220,4119529000,4119549000,33019241,32999241,0.280847,0.29727,0.280308,0.297976,3.58124,1,1,0,30.5178,0,VGG19,8,403,32999241
Job221,4132895000,4132915000,1358676,1338676,0.295044,0.310405,0.295044,0.313799,3.47746,1,1,0,30,0,GPT2_SMALL,8,181,1338676
Job222,4135387000,4135407000,31080872,31060872,0.554112,0.291962,0.553195,0.292511,1.80991,1,1,0,30.8395,0,GNMT,4,401,31060872
Job223,4139317000,4139337000,751434,731434,0.555033,0.300287,0.554628,0.305914,1.85732,1,1,0,32.4624,0,GPT2_SMALL,4,120,731434
Job224,4139370000,4139390000,3471033,3451033,0.303095,0.314948,0.302356,0.322652,3.48957,1,1,0,29.9079,0,VGG19,8,212,3451033
Job225,4139403000,4139423000,837370,817370,0.287535,0.304661,0.28746,0.313456,3.73847,1,1,0,32.5633,0,BERTLARGE,8,137,817370
Job226,4139582000,4139602000,760060,740060,0.315114,0.331707,0.314794,0.351658,3.7021,0.666667,0,0,32.353,0,ResNet50,8,119,730190
Job227,4143355000,4143355000,259012,259012,0.674872,0.394918,0.674872,0.450041,1.70588,0.5,0,0,29,0,ResNeXt,4,33,258224
Job228,4144317000,4144317000,92609752,92609752,0.56408,0.2922,0.561597,0.292274,1.78133,0.5,0,0,30.4165,0,ResNeXt,4,501,92201684
Job229,4144325000,4144345000,75178698,75158698,0.284263,0.294156,0.283622,0.29421,3.51946,1,1,0,29.991,0,GPT2_SMALL,8,462,75158698
Job230,4146314000,4146334000,87804055,87784055,0.281853,0.291694,0.280664,0.291769,3.55019,1,1,0,30.3114,0,BERTLARGE,8,484,87784055
Job231,4146324000,4146344000,52609093,52589093,0.556514,0.290288,0.556048,0.290678,1.80061,1,1,0,30.6477,0,VGG19,4,429,52589093
Job232,4147317000,4147337000,52573666,52553666,0.277669,0.289226,0.277403,0.289301,3.60376,1,1,0,30.673,0,GPT2_SMALL,8,428,52553666
Job233,4196514000,4196514000,746619,746619,0.556408,0.304194,0.556398,0.313275,1.88122,1,1,0,31.9812,0,BERTLARGE,4,124,746619
Job234,4196528000,4196548000,904245,884245,0.626933,0.361991,0.626853,0.401076,1.82952,1,1,0,31.8102,0,VGG19,4,153,884245
Job235,4197742000,4197762000,788052,768052,0.284555,0.294077,0.284487,0.299366,3.68109,1,1,0,32.1118,0,GPT2_SMALL,8,127,768052
Job236,4197757000,4197777000,843715,823715,0.290417,0.300751,0.290343,0.309252,3.69816,1,1,0,32.206,0,BERTLARGE,8,139,823715
Job237,4198476000,4198476000,778392,778392,0.554837,0.307164,0.553977,0.321102,1.94686,0.5,0,0,33.1524,0,ResNet50,4,131,774104
Job238,4198481000,4198501000,789148,769148,0.566113,0.313489,0.565241,0.327813,1.89856,1,1,0,33.1703,0,ResNet50,4,129,769148
Job239,4198967000,4198987000,1550869,1530869,0.287636,0.298277,0.286588,0.305926,3.70765,1,1,0,32.0463,0,ResNet50,8,188,1530869
Job240,4198976000,4198996000,915072,895072,0.582689,0.32728,0.582353,0.352494,1.92854,1,1,0,33.54,0,GNMT,4,155,895072
Job241,4199011000,4199011000,934557,934557,0.583932,0.331558,0.583447,0.362898,1.96349,1,1,0,33.4121,0,VGG19,4,161,934557
Job242,4199019000,4199039000,1360592,1340592,0.273443,0.28426,0.272588,0.2871,3.73466,0.666667,0,0,32.3202,0,GPT2_SMALL,8,182,1347592
Job243,4223011000,4223031000,470323,450323,0.599441,0.344191,0.597964,0.363097,1.80158,1,1,0,32.074,0,BERTLARGE,4,83,450323
Job244,4223030000,4223031000,436819,435819,0.57357,0.330732,0.572479,0.349562,1.88896,1,1,0,32.2537,0,BERTLARGE,4,81,435819
Job245,4223085000,4223105000,1263899,1243899,0.564185,0.313171,0.563688,0.31879,1.82029,1,1,0,31.4711,0,BERTLARGE,4,178,1243899
Job246,4223101000,4223105000,1171235,1167235,0.556098,0.309511,0.555673,0.315442,1.85028,1,1,0,31.5875,0,BERTLARGE,4,176,1167235
Job247,4223125000,4223145000,47813950,47793950,0.509828,0.271228,0.507539,0.271352,1.96306,1,1,0,33.5368,0,ResNeXt,4,424,47793950
Job248,4223135000,4223145000,101763592,101753592,0.443107,0.251597,0.431801,0.251722,2.25927,0.5,0,0,39.4179,0,GNMT,4,534,101753592
Job249,4224458000,4224478000,113619175,98622646,0.253499,0.289894,0.247614,0.289978,3.97917,0.835881,0.507642,1,39.8924,0,ResNeXt,8,523,97858830
Job250,4224467000,4224487000,161118023,104696742,0.34454,0.399808,0.338443,0.400006,3.02634,0.80685,0.420551,3,40.3,0,GNMT,8,531,100566773
Job251,4225071000,4225091000,360868,340868,0.466475,0.481845,0.466365,0.657404,3.84627,1,1,0,34.6225,0,GNMT,8,50,340868
Job252,4225077000,4225097000,767932,747932,0.344909,0.359139,0.344455,0.396197,3.82118,0.666667,0,0,33.3968,0,GNMT,8,117,716516
Job253,4225083000,4225103000,248634,228634,0.313414,0.326578,0.313408,0.348232,3.78374,1,1,0,34.9759,0,GPT2_SMALL,8,24,228634
Job254,4225089000,4225109000,469135,449135,0.463551,0.478859,0.463337,0.65472,3.855,1,1,0,34.248,0,VGG19,8,82,449135
Job255,4226103000,4226123000,63021226,63001226,0.24087,0.262952,0.235855,0.263095,4.22652,0.666667,0,0,36.7013,0,ResNet50,8,440,61984049
Job256,4226110000,4226130000,61338094,61318094,0.23815,0.259314,0.233434,0.259366,4.2015,1,1,0,36.4463,0,GPT2_SMALL,8,439,61318094
Job257,4228923000,4228943000,933970,913970,1.02188,0.317412,1.02188,0.336677,0.978586,1,1,0,34,0,VGG19,1,159,913970
Job258,4229900000,4229920000,145302137,137313043,0.454137,0.263884,0.446145,0.263918,2.20411,1,1,1,40.3603,0,BERTLARGE,4,567,137220971
Job259,4229907000,4236926752,285577913,137278826,0.440951,0.519671,0.42942,0.519777,2.28344,0.940058,0.820173,4,41.461,0,ResNeXt,8,566,136429180
Job260,4240093000,4240113000,889630,869630,1.023,0.287111,1.023,0.291854,0.977519,1,1,0,34,0,ResNeXt,1,149,869630
Job261,4242220000,4242240000,1035588,1015588,1.01969,0.298273,1.01969,0.304581,0.980687,1,1,0,33,0,BERTLARGE,1,169,1015588
Job262,4260851000,4260871000,148386695,119427565,0.506037,0.304349,0.50221,0.304393,1.98908,0.998345,0.99669,8,42.334,0,BERTLARGE,4,550,118693147
Job263,4260898000,4260898000,28601529,28601529,0.42679,0.248798,0.419919,0.249326,2.40084,0.5,0,0,41.4845,0,VGG19,4,395,28055373
Job264,4260919000,4260939000,27829109,27809109,0.419981,0.244418,0.413236,0.244942,2.39326,1,1,0,41.3818,0,VGG19,4,392,27809109
Job265,4261242000,4261242000,87540529,87540529,0.403393,0.242917,0.399539,0.242972,2.49132,0.5,0,0,42.7611,0,ResNeXt,4,482,87154817
Job266,4261289000,4261309000,1170350,1150350,1.01739,0.27369,1.01739,0.276951,0.982911,1,1,0,37.2339,0,ResNeXt,1,174,1150350
Job267,4261467000,4261467000,273797,273797,1,0.565304,1,0.962936,1,1,1,0,38,0,GNMT,1,39,273797
Job268,4269338000,4269358000,2165634,2145634,1.00932,0.264295,1.00932,0.265781,0.990765,1,1,0,37.8879,0,GPT2_SMALL,1,198,2145634
Job269,4269508000,4269508000,50900993,50900993,0.387147,0.237769,0.383931,0.238039,2.5906,1,1,0,44.4099,0,VGG19,4,426,50900993
Job270,4270878000,4270878000,491911,491911,1,0.347071,1,0.393858,1,1,1,0,38.1239,0,VGG19,1,85,491911
Job271,4272625000,4272645000,56402280,56382280,0.382216,0.236137,0.380249,0.236335,2.62208,1,1,0,44.8222,0,GNMT,4,432,56382280
Job272,4272639000,4272645000,59244221,59238221,0.382914,0.236366,0.381015,0.236595,2.6182,1,1,0,44.7362,0,VGG19,4,437,59238221
Job273,4272918000,4272938000,87826783,87806783,0.395845,0.241053,0.393451,0.241107,2.52764,1,1,0,43.2413,0,ResNeXt,4,486,87806783
Job274,4272940000,4272940000,88043165,88043165,0.39624,0.241359,0.393849,0.241521,2.52795,1,1,0,43.2362,0,VGG19,4,487,88043165
Job275,4273663000,4273683000,109183027,99131801,0.439263,0.267681,0.436856,0.267841,2.29216,1,1,2,43.1543,0,VGG19,4,526,98603389
Job276,4274163000,4274183000,81174776,81154776,0.394096,0.24054,0.391678,0.240682,2.54125,1,1,0,43.479,0,GNMT,4,470,81154776
Job277,4274523000,4274543000,3484722,3464722,1.00577,0.243277,1.00577,0.244505,0.994261,1,1,0,43.6468,0,BERTLARGE,1,213,3464722
Job278,4275002000,4275002000,2253774,2253774,1,0.252119,1,0.256958,1,1,1,0,44,0,VGG19,1,200,2253774
Job279,4279398000,4279418000,96359413,96339413,0.39662,0.241833,0.394375,0.2419,2.52305,1,1,0,43.1449,0,ResNet50,4,517,96339413
Job280,4279433000,4279453000,56705968,56685968,0.38189,0.2363,0.380329,0.236497,2.62429,1,1,0,44.812,0,GNMT,4,433,56685968
Job281,4279459000,4279479000,58573347,58553347,0.382426,0.236215,0.380822,0.236283,2.61685,1,1,0,44.6891,0,BERTLARGE,4,435,58553347
Job282,4279470000,4287448094,99238547,91193344,0.431885,0.263392,0.429511,0.263448,2.31922,1,1,1,43.1423,0,ResNeXt,4,498,91092800
Job283,4279487000,4346212000,1212793736,535044786,0.940856,0.61038,0.800102,0.610414,1.06516,0.993312,0.986623,8,48.2661,0,ResNet50,4,694,533956691
Job284,4288661000,4288681000,5442648,5422648,1.00369,0.24359,1.00369,0.244191,0.996325,1,1,0,44.2552,0,ResNet50,1,248,5422648
Job285,4296678000,4296698000,2121335,2101335,1.00952,0.259615,1.00952,0.265076,0.990572,1,1,0,44.5285,0,VGG19,1,196,2101335
Job286,4296948000,4296948000,582750,582750,1,0.257231,1,0.263078,1,1,1,0,45.9237,0,ResNeXt,1,99,582750
Job287,4296948000,4296948000,538276,538276,1,0.260505,1,0.267628,1,1,1,0,46,0,ResNet50,1,94,538276
Job288,4299314000,4299334000,2221950,2201950,1.00908,0.246498,1.00908,0.247883,0.990999,1,1,0,46.2927,0,ResNeXt,1,199,2201950
Job289,4299349000,4299349000,841312,841312,1,0.256209,1,0.261945,1,1,1,0,46.8562,0,BERTLARGE,1,143,841312
Job290,4299392000,4299392000,3712910,3712910,1,0.243015,1,0.243819,1,1,1,0,45.7298,0,ResNeXt,1,215,3712910
Job291,4299427000,4299427000,3480160,3480160,1,0.243352,1,0.244292,1,1,1,0,45.8253,0,ResNet50,1,214,3480160
Job292,4303415000,4303435000,1031767,1011767,1.01977,0.29027,1.01977,0.307576,0.980616,1,1,0,44,0,GNMT,1,166,1011767
Job293,4305325000,4338032347,238057100,190039910,0.518066,0.309938,0.506651,0.310037,1.95463,0.94741,0.89482,7,42.5628,0,VGG19,4,605,187814509
Job294,4305333000,4320408993,177670267,147898570,0.498638,0.300872,0.486495,0.300908,2.01103,1,1,4,42.0945,0,BERTLARGE,4,575,147531243
Job295,4305383000,4305403000,2536647,2516647,1.00795,0.252509,1.00795,0.257639,0.992116,1,1,0,46,0,GNMT,1,201,2516647
Job296,4309540000,4309560000,943404,923404,0.38982,0.24738,0.38982,0.250403,2.64852,1,1,0,46,0,GPT2_SMALL,4,160,923404
Job297,4317095000,4338077175,151811448,99230383,0.326509,0.392454,0.318767,0.392657,3.14098,0.938347,0.815041,6,41.8379,0,GNMT,8,521,96915944
Job298,4346192000,4346212000,694099,674099,0.465883,0.283597,0.465883,0.292087,2.28514,1,1,0,40,0,BERTLARGE,4,110,674099
Job299,4348379000,4348399000,662902,642902,0.466202,0.286275,0.466136,0.296563,2.3128,1,1,0,40.5469,0,ResNeXt,4,107,642902
Job300,4348420000,4348440000,42398970,42378970,0.408029,0.246532,0.407035,0.246598,2.45238,1,1,0,41.8121,0,GPT2_SMALL,4,417,42378970
Job301,4350132000,4350152000,111596466,105997329,0.44139,0.265074,0.429122,0.265125,2.26873,1,1,1,41.7668,0,ResNeXt,4,543,105896582
Job302,4354484000,4354504000,94452212,89738240,0.44176,0.264959,0.430174,0.265108,2.27223,0.5,0,1,41.753,0,GNMT,4,494,89516752
Job303,4354492000,4354512000,811136,791136,0.488503,0.312057,0.488503,0.33807,2.40967,0.5,0,0,42,0,GNMT,4,133,791136
Job304,4357040000,4357060000,723403,703403,0.456973,0.281194,0.456973,0.290258,2.34509,1,1,0,41,0,ResNeXt,4,114,703403
Job305,4359888000,4359908000,82811521,82791521,0.418773,0.250759,0.407752,0.25082,2.38928,1,1,0,41.7261,0,ResNeXt,4,473,82791521
Job306,4360539000,4360744783,694511699,527513667,0.640362,0.374194,0.599872,0.37421,1.57123,0.986531,0.973062,31,37.5408,0,ResNeXt,4,691,524327819
Job307,4369542000,4369562000,39682720,39662720,0.40338,0.243391,0.4013,0.243511,2.49305,0.5,0,0,42.6232,0,ResNeXt,4,415,39488156
Job308,4369554000,4369574000,15461240,15441240,0.387949,0.239948,0.387631,0.240695,2.59838,1,1,0,44.2661,0,GNMT,4,349,15441240
Job309,4369564000,4369584000,19203275,19183275,0.391261,0.240377,0.390674,0.240591,2.56163,1,1,0,43.6588,0,BERTLARGE,4,379,19183275
Job310,4369603000,4369623000,6440856,6420856,0.376206,0.236355,0.376086,0.236755,2.67012,1,1,0,45.5479,0,GPT2_SMALL,4,263,6420856
Job311,4369858000,4369878000,30584771,30564771,0.396448,0.240112,0.395924,0.240246,2.52595,1,1,0,43.0262,0,BERTLARGE,4,400,30564771
Job312,4370317000,4370337000,4713972,4693972,0.379116,0.239679,0.379116,0.241027,2.6944,0.5,0,0,46,0,ResNet50,4,226,4664564
Job313,4375846000,4375866000,26421580,26401580,0.403792,0.242361,0.403466,0.242606,2.4827,1,1,0,42.2721,0,ResNet50,4,388,26401580
Job314,4379107000,4385035240,79082589,73154349,0.228852,0.27375,0.220673,0.274,4.38206,1,1,0,41.7596,0,VGG19,8,457,73154349
Job315,4379272000,4379292000,11305589,11285589,0.406361,0.246232,0.406009,0.247544,2.49311,1,1,0,42.4951,0,VGG19,4,315,11285589
Job316,4388844000,4388864000,148506,128506,0.606289,0.395032,0.606289,0.450149,2.08696,1,1,0,41,0,GPT2_SMALL,4,3,128506
Job317,4389094000,4409237695,154306458,125829752,0.251716,0.298935,0.243704,0.298962,3.95978,0.680344,0.0410332,3,42.6325,0,GPT2_SMALL,8,555,126278584
Job318,4389127000,4411371810,174063679,133203406,0.270733,0.320825,0.263076,0.320981,3.72334,1,1,3,42.5609,0,VGG19,8,563,132351022
Job319,4390681000,4390701000,20670810,20650810,0.414976,0.246329,0.410316,0.246464,2.41293,1,1,0,41.5263,0,GPT2_SMALL,4,382,20650810
Job320,4390704000,4390724000,28177312,28157312,0.421574,0.250233,0.412141,0.250411,2.37599,1,1,0,41.3468,0,ResNeXt,4,396,28157312
Job321,4390963000,4390983000,817315,797315,0.431557,0.262215,0.431557,0.269152,2.46752,1,1,0,43,0,ResNeXt,4,135,797315
Job322,4396518000,4396538000,3632122,3612122,0.225575,0.266243,0.225572,0.270204,4.91656,0.666667,0,0,42.0227,0,GNMT,8,211,3416486
Job323,4401476000,4401496000,915803,895803,0.440087,0.267544,0.436376,0.273223,2.38393,1,1,0,41.7964,0,BERTLARGE,4,156,895803
Job324,4401674000,4401694000,76526760,76506760,1.00026,0.258741,1.00026,0.258804,0.999739,1,1,0,41.729,0,BERTLARGE,1,464,76506760
Job325,4402256000,4402256000,23782786,23782786,1,0.258678,1,0.258807,1,1,1,0,40.9899,0,GPT2_SMALL,1,385,23782786
Job326,4403968000,4403988000,1285972,1265972,0.430383,0.262949,0.422688,0.267341,2.41424,1,1,0,42.4705,0,ResNeXt,4,180,1265972
Job327,4403999000,4404019000,605003,585003,0.448815,0.278558,0.441318,0.287992,2.40271,1,1,0,43,0,BERTLARGE,4,101,585003
Job328,4409377000,4409377000,69587991,69587991,1,0.259864,1,0.260058,1,1,1,0,41.7902,0,GNMT,1,453,69587991
Job329,4410278000,4410278000,76894234,76894234,1,0.25827,1,0.25831,1,1,1,0,41.8141,0,GPT2_SMALL,1,466,76894234
Job330,4414926000,4414946000,82968966,82948966,1.00024,0.254273,1.00024,0.254404,0.999759,1,1,0,42.2844,0,VGG19,1,474,82948966
Job331,4416392000,4416392000,76465150,76465150,1,0.256226,1,0.256269,1,1,1,0,42.0642,0,ResNeXt,1,463,76465150
Job332,4433259000,4433279000,305938,285938,0.597367,0.389585,0.572573,0.453046,2.13629,1,1,0,41,0,ResNet50,4,43,285938
Job333,4435381000,4435381000,1507134,1507134,1,0.27811,1,0.287028,1,1,1,0,43.9204,0,VGG19,1,187,1507134
Job334,4435393000,4435393000,4432511,4432511,1,0.264269,1,0.266949,1,1,1,0,42.9501,0,VGG19,1,218,4432511
Job335,4435430000,4435450000,1786650,1766650,0.424639,0.262867,0.398786,0.26466,2.39149,1,1,0,43.8105,0,GPT2_SMALL,4,192,1766650
Job336,4435440000,4435460000,12737472,12717472,0.416269,0.254475,0.39515,0.254709,2.40739,1,1,0,43.1841,0,GPT2_SMALL,4,321,12717472
Job337,4438849000,4438869000,4757665,4737665,0.420707,0.258129,0.400746,0.259679,2.40978,1,1,0,43.2085,0,ResNet50,4,227,4737665
Job338,4440329000,4440349000,188252893,188232893,0.406357,0.240929,0.399219,0.241004,2.46279,1,1,0,42.6208,0,VGG19,4,606,188232893
Job339,4441204000,4441224000,95172688,95152688,0.404692,0.240978,0.39271,0.241027,2.47226,1,1,0,43.3203,0,ResNeXt,4,511,95152688
Job340,4445329000,4445349000,4455213,4435213,0.424497,0.262704,0.405772,0.26653,2.43472,1,1,0,43.5411,0,VGG19,4,219,4435213
Job341,4445329000,4445349000,2774387,2754387,0.411629,0.255306,0.394125,0.256988,2.46746,1,1,0,44.1479,0,BERTLARGE,4,203,2754387
Job342,4447693000,4448177472,944499069,524652536,0.728227,0.48355,0.609099,0.483577,1.37655,0.863268,0.794902,4,50.3681,0,ResNet50,4,689,523440059
Job343,4449786000,4474394000,717733349,509546549,0.634216,0.392742,0.54535,0.392785,1.58052,1,1,5,44.0149,0,GNMT,4,684,508442168
Job344,4454751000,4703670913,1064976851,528865247,0.848542,0.553592,0.702063,0.553649,1.17924,0.855157,0.710313,1,48.7928,0,GNMT,4,692,528644728
Job345,4459151000,4459171000,164531215,164511215,0.405014,0.239247,0.399341,0.239275,2.46977,1,1,0,42.5878,0,ResNeXt,4,597,164511215
Job346,4474237000,4474257000,1773611,1753611,0.421464,0.268655,0.403115,0.271582,2.4312,1,1,0,43.7373,0,BERTLARGE,4,190,1753611
Job347,4474369000,4474389000,9243171,9223171,0.414239,0.253445,0.399338,0.253941,2.42508,1,1,0,42.8623,0,BERTLARGE,4,307,9223171
Job348,4474374000,4474394000,1439682,1419682,0.417607,0.266646,0.39976,0.268938,2.44179,1,1,0,44,0,GPT2_SMALL,4,186,1419682
Job349,4477154000,4477174000,128502150,128482150,0.200842,0.235669,0.198844,0.235718,4.98255,1,1,0,42.7839,0,ResNeXt,8,558,128482150
Job350,4477187000,4478220760,239292663,131697281,0.386249,0.45605,0.378039,0.456224,2.61923,0.974337,0.933408,4,41.3314,0,GNMT,8,561,130335200
Job351,4480939000,4480959000,298069189,134630333,0.494688,0.575789,0.478637,0.576081,2.03248,0.994889,0.984667,1,39.5321,0,VGG19,8,564,134106246
Job352,4489026000,4489046000,29503969,29483969,0.379481,0.2252,0.373893,0.225619,2.6488,1,1,0,45.7356,0,VGG19,4,397,29483969
Job353,4489035000,4489055000,35452701,35432701,0.382631,0.2263,0.377167,0.226653,2.62465,1,1,0,45.2927,0,VGG19,4,409,35432701
Job354,4489129000,4489149000,161880137,161860137,0.404296,0.238606,0.399272,0.238692,2.47565,1,1,0,42.6212,0,VGG19,4,592,161860137
Job355,4490252000,4515484913,156190123,124996752,0.252145,0.297351,0.249259,0.297394,3.97106,1,1,1,42.6659,0,BERTLARGE,8,553,124898075
Job356,4490282000,4528276626,184200445,129978031,0.290337,0.343392,0.28573,0.343441,3.45399,0.989145,0.967435,3,42.2775,0,BERTLARGE,8,560,129673745
Job357,4490311000,4518549969,160842870,126627801,0.256866,0.303077,0.253674,0.303121,3.89802,1,1,1,42.6155,0,BERTLARGE,8,556,126528740
Job358,4491079000,4491079000,28003550,28003550,1,0.223364,1,0.223453,1,1,1,0,45.8205,0,ResNeXt,1,394,28003550
Job359,4500549000,4500549000,27707626,27707626,1,0.227097,1,0.227231,1,1,1,0,44.7209,0,BERTLARGE,1,391,27707626
Job360,4531476000,4531496000,168881604,168861604,0.42201,0.250703,0.414501,0.25072,2.36999,1,1,0,41.0246,0,GPT2_SMALL,4,600,168861604
Job361,4537390000,4537410000,89452041,89432041,0.408226,0.240915,0.40657,0.241073,2.45358,1,1,0,41.8903,0,VGG19,4,493,89432041
Job362,4537406000,4537426000,92451832,92431832,0.408142,0.241072,0.406142,0.241198,2.45327,1,1,0,41.9203,0,GNMT,4,502,92431832
Job363,4537420000,4537440000,87017205,86997205,0.408388,0.240818,0.406891,0.24098,2.45272,1,1,0,41.8594,0,VGG19,4,480,86997205
Job364,4581602000,4581622000,21127471,21107471,1.00095,0.243696,1.00095,0.24417,0.999053,1,1,0,42,0,VGG19,1,384,21107471
Job365,4615192000,4615212000,88347987,88327987,0.435868,0.263002,0.422245,0.263057,2.29532,1,1,0,40.2889,0,BERTLARGE,4,489,88327987
Job366,4615203000,4615223000,88467913,88447913,0.435969,0.263055,0.422337,0.263118,2.29492,1,1,0,40.2825,0,ResNeXt,4,491,88447913
Job367,4615213000,4615233000,103883168,103863168,0.446161,0.267245,0.431233,0.267383,2.24374,1,1,0,39.4727,0,GNMT,4,540,103863168
Job368,4620548000,4620568000,660516228,660496228,0.945738,0.278381,1.00003,0.278387,1.05738,1,1,0,50.604,0,ResNet50,1,709,660496228
Job369,4620551000,4620568000,658776168,658759168,0.945704,0.278489,1.00003,0.278498,1.05742,1,1,0,50.5503,0,BERTLARGE,1,708,658759168
Job370,4627795000,4627795000,37583698,37583698,1,0.259601,1,0.259683,1,1,1,0,41.3819,0,GPT2_SMALL,1,413,37583698
Job371,4628200000,4628200000,35211630,35211630,1,0.259395,1,0.259491,1,1,1,0,41.4367,0,ResNeXt,1,408,35211630
Job372,4653521000,4653541000,168702432,168682432,0.513161,0.299401,0.493086,0.299425,1.94896,1,1,0,34.4856,0,GPT2_SMALL,4,599,168682432
Job373,4653547000,4700357604,824797624,523235643,0.653085,0.442451,0.524388,0.442468,1.53185,1,1,2,51.1255,0,BERTLARGE,4,688,523052235
Job374,4664407000,4664407000,133318,133318,1,0.355318,1,0.404752,1,1,1,0,41,0,GPT2_SMALL,1,4,133318
Job375,4666128000,4666128000,144148,144148,1,0.37027,1,0.431187,1,1,1,0,40,0,ResNet50,1,6,144148
Job376,4813310000,4813310000,5356819,5356819,0.529354,0.317644,0.510643,0.31899,1.90106,1,1,0,33.5106,0,BERTLARGE,4,247,5356819
Job377,4816866000,4816886000,16396831,16376831,0.503281,0.308316,0.488494,0.308955,1.99364,1,1,0,34.964,0,ResNet50,4,354,16376831
Job378,4816881000,4816886000,17222109,17217109,0.506188,0.310154,0.491228,0.31152,1.98955,1,1,0,34.8699,0,VGG19,4,359,17217109
Job379,4816910000,4816930000,18569243,18549243,0.50749,0.309356,0.49199,0.309723,1.97422,1,1,0,34.6586,0,BERTLARGE,4,376,18549243
Job380,4817201000,4817201000,9225243,9225243,0.492001,0.304216,0.478343,0.304932,2.04054,1,1,0,35.6835,0,BERTLARGE,4,308,9225243
Job381,4817384000,4817404000,170401722,170381722,0.56254,0.333168,0.529164,0.333198,1.77786,1,1,0,32.134,0,GPT2_SMALL,4,601,170381722
Job382,4867836000,4867836000,14733070,14733070,1,0.328663,1,0.328999,1,1,1,0,32.3322,0,GPT2_SMALL,1,340,14733070
Job383,4867967000,4867967000,107550,107550,1,0.477332,1,0.614695,1,1,1,0,33,0,ResNeXt,1,1,107550
Job384,4877783000,4877783000,714711714,676667385,1.00269,0.300427,1.05705,0.300433,0.998106,1,1,8,53.3804,0,GPT2_SMALL,1,710,676135818
Job385,4884671000,4884671000,293085478,293085478,0.92678,0.28473,1,0.28475,1.07902,1,1,0,54.6568,0,BERTLARGE,1,632,293085478
Job386,5005193000,5005213000,1536257428,1243903549,1.20677,0.414902,1.23635,0.414925,0.829547,1,1,6,38.2027,0,GNMT,1,719,1242579730
Job387,5005198000,5005213000,1568042456,1262620543,1.21385,0.420225,1.24298,0.420247,0.824551,1,1,5,37.7729,0,GNMT,1,720,1261516619
Job388,5005221000,5005221000,643038978,586740550,1.03478,0.306147,1.09751,0.306157,0.967773,1,1,9,55.6416,0,BERTLARGE,1,699,585906238
Job389,5005226000,5005226000,788512456,634998651,1.18424,0.358759,1.24215,0.358767,0.844691,1,1,3,50.5783,0,GPT2_SMALL,1,707,634799018
Job390,5005264000,5005264000,279936538,279936538,0.871269,0.243359,0.92094,0.243369,1.14778,1,1,0,73.8385,0,GPT2_SMALL,1,626,279936538
Job391,5005269000,5005269000,320840730,320840730,0.885489,0.243153,0.928393,0.24319,1.1294,1,1,0,73.2481,0,GNMT,1,644,320840730
Job392,5005274000,5005274000,320173230,320173230,0.885203,0.243065,0.928191,0.243075,1.1297,1,1,0,73.2616,0,ResNeXt,1,643,320173230
Job393,5010383000,5010403000,18350336,18330336,0.512228,0.331288,0.439075,0.332489,1.96277,1,1,0,39,0,GNMT,4,372,18330336
Job394,5042694000,5042694000,394703369,393730790,0.909281,0.247887,0.975722,0.247895,1.09998,1,1,1,69.8769,0,ResNeXt,1,666,393660270
Job395,5042959000,5042979000,348578931,347765190,0.896833,0.241095,0.925002,0.241103,1.11528,1,1,1,73.7012,0,ResNeXt,1,647,347694350
Job396,5043007000,5043007000,406942630,397078037,0.933111,0.255461,1.01224,0.255469,1.07265,1,1,5,68.9084,0,ResNeXt,1,667,396723550
Job397,5048066000,5048066000,145760582,145760582,0.829228,0.235419,0.832665,0.235436,1.20601,1,1,0,81.6698,0,GPT2_SMALL,1,571,145760582
Job398,5048073000,5048073000,362824713,361852134,0.901348,0.24295,0.94013,0.242962,1.10976,1,1,1,72.5443,0,BERTLARGE,1,649,361759492
Job399,5048078000,5048078000,147656729,147656729,0.828834,0.235319,0.832178,0.235382,1.20675,1,1,0,81.729,0,VGG19,1,576,147656729
Job400,5048082000,5048082000,148873510,148873510,0.828485,0.235033,0.831787,0.235054,1.2071,1,1,0,81.7568,0,ResNet50,1,583,148873510
Job401,5048088000,5048088000,286353070,286353070,0.871647,0.233868,0.870007,0.233877,1.14728,1,1,0,78.162,0,ResNeXt,1,628,286353070
Job402,5048093000,5048093000,296665701,296665701,0.876163,0.234698,0.876688,0.234735,1.14144,1,1,0,77.5711,0,GNMT,1,634,296665701
Job403,5048097000,5048117000,287407215,287387215,0.87218,0.23395,0.870683,0.23396,1.14658,1,1,0,78.107,0,ResNet50,1,630,287387215
Job404,5048102000,5048117000,296439007,296424007,0.876059,0.234599,0.876507,0.234609,1.1415,1,1,0,77.5864,0,ResNet50,1,633,296424007
Job405,5052757000,5052757000,159709630,159709630,0.821192,0.231364,0.819519,0.23138,1.21781,1,1,0,82.9803,0,ResNeXt,1,591,159709630
Job406,5052761000,5052761000,170404444,170404444,0.821045,0.230196,0.819459,0.230218,1.21805,1,1,0,82.9879,0,BERTLARGE,1,602,170404444
Job407,5052766000,5052766000,163651673,163651673,0.820837,0.231031,0.819187,0.231096,1.21854,1,1,0,83.0275,0,GNMT,1,595,163651673
Job408,5052771000,5052771000,163988442,163988442,0.8208,0.230956,0.819149,0.231011,1.21855,1,1,0,83.0284,0,VGG19,1,596,163988442
Job409,5052776000,5052776000,313485948,312807750,0.884868,0.236249,0.890024,0.236258,1.13039,1,1,1,76.5868,0,ResNeXt,1,637,312737230
Job410,5052782000,5052782000,320381733,319587992,0.88774,0.237071,0.896139,0.237084,1.12681,1,1,1,76.0934,0,BERTLARGE,1,642,319495708
Job411,5052788000,5052808000,316906844,316208646,0.886158,0.236599,0.892752,0.236607,1.12872,1,1,1,76.3545,0,GPT2_SMALL,1,639,316141742
Job412,5052793000,5052808000,317836360,317143162,0.886478,0.236692,0.893531,0.2367,1.12832,1,1,1,76.2862,0,GPT2_SMALL,1,641,317076258
Job413,5053704000,5053704000,269635741,269635741,0.863755,0.232216,0.858097,0.232256,1.15785,1,1,0,79.2534,0,GNMT,1,621,269635741
Job414,5053710000,5053710000,572687610,518151406,1.03598,0.30325,1.10703,0.303261,0.966831,1,1,9,57.9268,0,BERTLARGE,1,687,517317508
Job415,5053793000,5053793000,148819923,148819923,0.821327,0.232303,0.819047,0.232376,1.21783,1,1,0,83.0436,0,GNMT,1,582,148819923
Job416,5053883000,5053883000,161993230,161993230,0.819504,0.230542,0.81734,0.230559,1.22032,1,1,0,83.2015,0,ResNeXt,1,594,161993230
Job417,5053888000,5053888000,315796268,315118070,0.885713,0.236403,0.891936,0.236412,1.12931,1,1,1,76.4213,0,ResNeXt,1,638,315047230
Job418,5056907000,5056907000,346413593,345441014,0.896587,0.240486,0.92581,0.240493,1.11557,1,1,1,73.671,0,GPT2_SMALL,1,646,345374214
Job419,5056911000,5056911000,944138261,689438734,1.31757,0.407459,1.37093,0.407489,0.759814,1,1,4,47.7651,0,VGG19,1,712,688683480
Job420,5065688000,5065688000,307570099,306776358,0.882967,0.234916,0.889407,0.234924,1.13281,1,1,1,76.6711,0,GPT2_SMALL,1,636,306710358
Job421,5065929000,5065929000,351281424,350308845,0.89805,0.241443,0.938636,0.241452,1.11378,1,1,1,72.6632,0,ResNet50,1,648,350233036
Job422,5065933000,5065933000,946253987,688917206,1.32146,0.408949,1.37486,0.408985,0.757473,1,1,3,47.3634,0,GNMT,1,711,688255735
Job423,5066052000,5066072000,307337691,306523950,0.882951,0.234893,0.889449,0.234902,1.13285,1,1,1,76.6739,0,ResNeXt,1,635,306453150
Job424,5075849000,5075869000,807479637,611696552,1.26029,0.380885,1.32039,0.380895,0.793669,1,1,2,49.834,0,ResNet50,1,706,611545765
Job425,5079311000,5079331000,90137560,90117560,0.195591,0.222265,0.195462,0.222309,5.11639,1,1,0,87.0554,0,ResNeXt,4,495,90117560
Job426,5079330000,5079350000,304300401,104952670,0.685386,0.680831,0.651377,0.680954,1.46777,0.334108,0.00116243,1,76.124,0,ResNeXt,4,541,104389475
Job427,5079345000,5079365000,86344716,86324716,0.194629,0.221232,0.194513,0.221272,5.10915,0.5,0,0,86.9272,0,BERTLARGE,4,479,86869299
Job428,5079363000,5079383000,87807835,87787835,0.195841,0.222595,0.195726,0.222657,5.11133,1,1,0,86.9637,0,ResNet50,4,485,87787835
Job429,5079388000,5079408000,91116309,91096309,0.195826,0.222526,0.195706,0.222659,5.11757,1,1,0,87.0715,0,VGG19,4,499,91096309
Job430,5079409000,5079429000,192627638,97171950,0.41075,0.449126,0.409053,0.449241,2.47165,0.525597,0.0511947,6,83.6397,0,ResNet50,4,515,95801687
Job431,5079434000,5079454000,87444808,87424808,0.195841,0.222603,0.195732,0.222665,5.11135,1,1,0,86.9615,0,ResNet50,4,483,87424808
Job432,5079452000,5079472000,84886908,84866908,0.195841,0.222625,0.195732,0.222652,5.10841,1,1,0,86.9118,0,GPT2_SMALL,4,475,84866908
Job433,5080812000,5236636877,256103421,100278544,0.549922,0.581458,0.543244,0.581519,1.81909,1,1,0,79.95,0,GPT2_SMALL,4,529,100278544
Job434,5081005000,5081025000,86219117,86199117,0.194009,0.220518,0.193961,0.220558,5.12548,0.5,0,0,87.1748,0,BERTLARGE,4,478,86742907
Job435,5081047000,5272036638,293720256,102730618,0.662451,0.66822,0.636058,0.668387,1.52054,0.5,0,0,76.9739,0,ResNet50,4,536,102072266
Job436,5081053000,5243176083,262493305,100370222,0.568691,0.597276,0.559773,0.597385,1.75953,1,1,0,79.4738,0,ResNeXt,4,530,100370222
Job437,5081060000,5264360415,285462691,102162276,0.635236,0.648625,0.614635,0.648744,1.58215,0.5,0,0,77.6742,0,ResNeXt,4,533,101712080
Job438,5081067000,5233416533,251701171,99351638,0.542843,0.575946,0.537149,0.576052,1.84333,1,1,0,80.2308,0,ResNeXt,4,528,99351638
Job439,5081075000,5296952182,326361420,110484238,0.739059,0.700422,0.680388,0.700491,1.35349,1,1,0,73.8296,0,GPT2_SMALL,4,546,110484238
Job440,5081080000,5243350172,263175199,100905027,0.567726,0.595811,0.55858,0.595907,1.76239,1,1,0,79.4211,0,BERTLARGE,4,532,100905027
Job441,5081087000,5281084228,305885460,105888232,0.688076,0.678717,0.651073,0.678838,1.46061,0.5,0,0,75.8063,0,ResNeXt,4,542,105421604
Job442,5081137000,5370649360,465824091,166091021,0.991253,0.739347,0.771164,0.739401,1.01367,0.331948,0,1,62.1255,0,GPT2_SMALL,4,598,165326512
Job443,5124732000,5167544318,139628415,93724589,0.313621,0.339813,0.312262,0.340014,3.28568,0.498376,0,3,83.576,0,VGG19,4,500,91147945
Job444,5124741000,5230833660,203595854,97503194,0.455321,0.477927,0.450783,0.47805,2.21239,0.5,0,0,79.3252,0,ResNet50,4,520,96878378
Job445,5151915000,5151935000,1004579,984579,0.241769,0.271033,0.24175,0.290085,5.27437,0.333333,0,0,91.4931,0,VGG19,4,164,970305
Job446,5151927000,5151947000,844741,824741,0.202786,0.228469,0.20278,0.232951,5.27141,0.25,0,0,91.7898,0,BERTLARGE,4,142,829499
Job447,5151958000,5151978000,717198,697198,0.201791,0.227416,0.20179,0.230785,5.25932,0.25,0,0,91.9735,0,GPT2_SMALL,4,112,694462
Job448,5151977000,5151997000,972867,952867,0.20457,0.230562,0.204552,0.235037,5.27143,0.333333,0,0,91.5034,0,ResNeXt,4,162,949019
Job449,5159050000,5159070000,71783660,70843006,0.203591,0.222192,0.203375,0.222248,4.95197,0.487111,0.0105472,2,85.3918,0,ResNeXt,4,454,70332830
Job450,5159070000,5164338908,69203841,63138087,0.218664,0.239205,0.218458,0.239296,4.58911,1,1,1,85.5902,0,ResNet50,4,443,63007835
Job451,5166756000,5166776000,66180572,65301726,0.202786,0.219942,0.202583,0.219994,4.91157,0.5,0,1,84.7051,0,BERTLARGE,4,446,65620939
Job452,5166763000,5167170835,69873877,68475877,0.207205,0.224016,0.206918,0.22416,4.85309,1,1,1,84.3035,0,GNMT,4,450,68255344
Job453,5166770000,5166790000,774318,754318,0.204425,0.230948,0.204391,0.234163,5.16808,0.333333,0,0,90.2021,0,GPT2_SMALL,4,126,751342
Job454,5166778000,5167519349,76572172,73876198,0.211712,0.227744,0.211265,0.227792,4.73289,1,1,1,83.572,0,BERTLARGE,4,459,73784619
Job455,5167549000,5167569000,65867533,65783195,0.202878,0.219832,0.202675,0.22001,4.96456,0.993244,0.986488,1,84.5904,0,VGG19,4,445,65507361
Job456,5167563000,5167583000,1010165,990165,0.234175,0.26219,0.234159,0.279873,5.34286,1,1,0,92.6701,0,VGG19,4,165,990165
Job457,5167579000,5167599000,2012289,1992289,0.195518,0.220658,0.195459,0.222619,5.31135,0.5,0,0,91.227,0,ResNeXt,4,194,1983857
Job458,5167593000,5167613000,929184,909184,0.195163,0.219768,0.19516,0.222187,5.34498,1,1,0,92.8651,0,GPT2_SMALL,4,158,909184
Job459,5167606000,5167626000,986333,966333,0.235582,0.263691,0.235571,0.282047,5.34428,1,1,0,92.7376,0,VGG19,4,163,966333
Job460,5167621000,5167641000,816846,796846,0.196668,0.221386,0.196668,0.224182,5.33664,1,1,0,93,0,GPT2_SMALL,4,134,796846
Job461,5168670000,5168690000,897625,877625,0.249622,0.280133,0.249618,0.303165,5.16846,1,1,0,89.8674,0,VGG19,4,151,877625
Job462,5175459000,5175479000,67717083,67697083,0.205285,0.219381,0.20489,0.219432,4.87535,1,1,0,83.0653,0,BERTLARGE,4,449,67697083
Job463,5175466000,5175486000,1069379,1049379,0.246682,0.277988,0.246682,0.296768,5.07966,0.5,0,0,88,0,VGG19,4,170,1033857
Job464,5178470000,5178490000,1033624,1013624,0.236861,0.265222,0.236861,0.279569,5.01862,0.5,0,0,87,0,GNMT,4,167,1013624
Job465,5181467000,5181487000,885921,865921,0.212747,0.239083,0.212747,0.243763,5.00211,0.5,0,0,87,0,BERTLARGE,4,150,870939
Job466,5185959000,5185979000,890670,870670,0.223906,0.251289,0.223906,0.259338,5.00273,0.5,0,0,87,0,ResNet50,4,146,865790
Job467,5187429000,5187449000,928686,908686,0.113934,0.249123,0.113934,0.25691,10.0149,0.5,0,0,87,0,ResNeXt,8,157,898330
Job468,5189850000,5335524215,219407401,73733186,0.441705,0.778088,0.401545,0.77864,2.40722,0.5,0,0,66.9787,0,GNMT,8,452,69517118
Job469,5206703000,5206723000,77883928,73571116,0.236561,0.243319,0.235732,0.243354,4.25102,0.333333,0,1,76.773,0,GPT2_SMALL,4,458,73195132
Job470,5206711000,5212486630,72088731,66313101,0.241399,0.248756,0.240602,0.248825,4.16479,0.333333,0,0,77.2232,0,ResNeXt,4,447,66021005
Job471,5206720000,5228273841,90232182,68678341,0.296456,0.302854,0.295277,0.303102,3.38248,1,1,0,75.8502,0,VGG19,4,451,68678341
Job472,5278010000,5343546305,213218804,147682499,0.585596,0.412526,0.485156,0.412583,1.70815,1,1,0,50.6061,0,BERTLARGE,4,577,147682499
Job473,5281799000,5328336854,166191509,119653655,0.513037,0.38362,0.439281,0.383718,1.9629,0.5,0,0,54.1325,0,ResNet50,4,551,118886735
Job474,5283484000,5391557931,246391933,138318002,0.423067,0.562541,0.34076,0.562798,2.51023,0.5,0,0,47.1921,0,GNMT,8,562,130398926
Job475,5450612000,5450612000,20670709,20670709,1,0.34563,1,0.34679,1,1,1,0,36,0,GNMT,1,383,20670709
Job476,5563908000,5563908000,138390,138390,1,0.499178,1,0.598029,1,1,1,0,30,0,GPT2_SMALL,1,5,138390
Job477,5567563000,5567583000,564388712,530890341,0.356117,0.364653,0.297625,0.364664,2.80498,0.809782,0.429346,15,30.3282,0,GPT2_SMALL,8,693,531506326
Job478,5567756000,5567776000,938630916,548517948,0.669618,0.668732,0.561026,0.668794,1.51973,0.718837,0.15651,13,26.384,0,ResNet50,8,695,539089127
Job479,5568270000,5568290000,76863625,76843625,0.173207,0.356716,0.145136,0.356842,6.09708,0.8,0,0,30.9334,0,BERTLARGE,16,456,72828089
Job480,5568668000,5568668000,189895,189895,1,0.416695,1,0.473887,1,1,1,0,33,0,ResNet50,1,10,189895
Job481,5633673000,5633693000,249623155,222133441,0.176624,0.371576,0.145263,0.371603,5.71402,0.834743,0.173716,6,33.1816,0,GPT2_SMALL,16,614,220141949
Job482,5633727000,5633747000,65964100,65944100,0.179226,0.348851,0.154798,0.348991,5.8931,0.8,0,0,29.0076,0,BERTLARGE,16,441,62498693
Job483,5712233000,5712253000,97355174,97335174,0.16887,0.33538,0.143428,0.335435,5.92416,1,1,0,29.6501,0,GPT2_SMALL,16,522,97335174
Job484,5787697000,5872048479,577678161,389394875,0.583737,0.592128,0.485823,0.592288,1.78833,0.912725,0.738174,9,27.0969,0,VGG19,8,659,373178507
Job485,5790160000,5790160000,138378679,138378679,1,0.331818,1,0.331862,1,1,1,0,38.9212,0,ResNet50,1,568,138378679
Job486,5791389000,5791389000,45375006,45375006,0.498056,0.302982,0.415406,0.303144,2.0185,0.5,0,0,41.1478,0,ResNeXt,4,422,45175250
Job487,5791398000,5791418000,410235,390235,0.627551,0.361889,0.56557,0.386123,1.7367,1,1,0,34.8537,0,BERTLARGE,4,64,390235
Job488,5791406000,5791418000,434997,422997,0.64287,0.380088,0.582652,0.420504,1.77182,0.5,0,0,34.7983,0,ResNet50,4,75,420989
Job489,5791418000,5791438000,404019,384019,0.627119,0.36254,0.565757,0.387264,1.74106,1,1,0,34.9362,0,BERTLARGE,4,61,384019
Job490,5791430000,5791438000,416033,408033,0.639703,0.379688,0.580353,0.422059,1.78968,0.5,0,0,34.8393,0,ResNet50,4,72,406121
Job491,5793309000,5793329000,447985,427985,0.655192,0.386344,0.593556,0.426836,1.7349,0.5,0,0,34.6918,0,ResNet50,4,76,425945
Job492,5793327000,5793329000,60562819,60560819,0.481598,0.302421,0.403726,0.302587,2.0918,0.5,0,0,42.4271,0,ResNet50,4,438,60173003
Job493,5793350000,5793370000,404466,384466,0.607258,0.344292,0.545702,0.358332,1.74144,1,1,0,34.9184,0,GPT2_SMALL,4,62,384466
Job494,5793367000,5793370000,67484595,67481595,0.4794,0.30186,0.401229,0.301956,2.08709,1,1,0,42.3985,0,BERTLARGE,4,448,67481595
Job495,5800031000,5800031000,147916995,147916995,1,0.335876,1,0.336028,1,1,1,0,39.2523,0,GNMT,1,579,147916995
Job496,5800035000,5800035000,149434204,149434204,1,0.336189,1,0.336231,1,1,1,0,39.1493,0,ResNet50,1,585,149434204
Job497,5800038000,5800058000,150102750,150082750,1.00013,0.33653,1.00013,0.336584,0.999867,1,1,0,39.0905,0,BERTLARGE,1,586,150082750
Job498,5800042000,5800058000,148379790,148363790,1.00011,0.335838,1.00011,0.335877,0.999892,1,1,0,39.2258,0,ResNeXt,1,581,148363790
Job499,5800045000,5800058000,148221356,148208356,1.00009,0.335813,1.00009,0.335868,0.999912,1,1,0,39.2355,0,BERTLARGE,1,580,148208356
Job500,5800048000,5800058000,144973010,144963010,1.00007,0.335049,1.00007,0.335084,0.999931,1,1,0,39.339,0,GPT2_SMALL,1,570,144963010
Job501,5800052000,5800058000,147853710,147847710,1.00004,0.335652,1.00004,0.335687,0.999959,1,1,0,39.2544,0,GPT2_SMALL,1,578,147847710
Job502,5800055000,5800058000,149307522,149304522,1.00002,0.336328,1.00002,0.336456,0.99998,1,1,0,39.1583,0,VGG19,1,584,149304522
Job503,5803968000,5803968000,146788192,146788192,1,0.337814,1,0.33787,1,1,1,0,39.0075,0,BERTLARGE,1,573,146788192
Job504,5814759000,5814779000,71351548,71331548,0.488075,0.311517,0.400137,0.311626,2.05005,1,1,0,42.5261,0,ResNeXt,4,455,71331548
Job505,5814775000,5814779000,396307,392307,0.493541,0.337914,0.428281,0.359737,2.25574,1,1,0,45.2153,0,BERTLARGE,4,69,392307
Job506,5814785000,5814805000,57624142,57604142,0.462936,0.303528,0.38873,0.303656,2.16175,1,1,0,43.7847,0,ResNeXt,4,434,57604142
Job507,5814793000,5814805000,34895241,34883241,0.443002,0.29611,0.37904,0.296723,2.26617,1,1,0,45.0614,0,VGG19,4,406,34883241
Job508,5814800000,5814820000,389293,369293,0.524536,0.362197,0.457311,0.391455,2.17273,1,1,0,45.3553,0,ResNeXt,4,54,369293
Job509,5815033000,5815053000,578878,558878,0.322098,0.404846,0.278413,0.470681,4.29681,1,1,0,44.5089,0,GNMT,8,97,558878
Job510,5817552000,5817552000,524800,524800,0.552248,0.398933,0.489593,0.470458,2.31003,0.5,0,0,45.6357,0,GNMT,4,91,524800
Job511,5817555000,5817575000,63671113,63651113,0.479139,0.308945,0.396421,0.30931,2.09125,1,1,0,42.9966,0,VGG19,4,444,63651113
Job512,5817905000,5817905000,434618,434618,0.494676,0.350758,0.436531,0.38493,2.36768,1,1,0,46.3792,0,ResNet50,4,80,434618
Job513,5817912000,5817932000,578541,558541,0.589852,0.434059,0.527611,0.531047,2.25921,1,1,0,46.024,0,VGG19,4,96,558541
Job514,5820003000,5820023000,523688,503688,0.590008,0.425194,0.521664,0.507624,2.17768,1,1,0,45,0,GNMT,4,88,503688
Job515,5821159000,5821179000,433540,413540,0.519356,0.357631,0.450501,0.383012,2.1597,1,1,0,45,0,ResNeXt,4,73,413540
Job516,5821866000,5821886000,48971699,48951699,0.461719,0.303472,0.388096,0.303606,2.16752,1,1,0,43.8605,0,BERTLARGE,4,425,48951699
Job517,5821967000,5821967000,551229,551229,0.580427,0.428418,0.5199,0.528385,2.33962,0.5,0,0,46,0,VGG19,4,95,545301
Job518,5826495000,5826495000,45553479,45553479,0.475624,0.311776,0.398575,0.312297,2.14983,0.5,0,0,43.63,0,VGG19,4,420,44680841
Job519,5848430000,5848430000,2588188,2588188,0.459303,0.310344,0.391318,0.313362,2.22473,0.5,0,0,44.4861,0,ResNeXt,4,202,2577128
Job520,5852408000,5852428000,902166,882166,0.450988,0.312702,0.39103,0.317771,2.28559,1,1,0,45.9723,0,GPT2_SMALL,4,152,882166
Job521,5852417000,5852428000,2156552,2145552,0.476516,0.324809,0.407302,0.334897,2.21202,0.5,0,0,44.5171,0,GNMT,4,197,2145552
Job522,5852424000,5852444000,905809,885809,0.461328,0.321716,0.401008,0.331165,2.28631,1,1,0,45.9783,0,ResNeXt,4,154,885809
Job523,5929901000,5929901000,4591296,4591296,0.567266,0.362306,0.457996,0.368115,1.79758,1,1,0,38.0345,0,GNMT,4,224,4591296
Job524,5929915000,5929935000,398640,378640,0.763298,0.564808,0.666523,0.788141,1.71346,1,1,0,37.8835,0,GNMT,4,58,378640
Job525,5929927000,5929935000,254532,246532,0.606339,0.408617,0.507015,0.441221,1.80551,1,1,0,38.6621,0,GPT2_SMALL,4,28,246532
Job526,5929945000,5929965000,277321,257321,0.673952,0.469761,0.573414,0.543754,1.7361,1,1,0,38.7375,0,ResNeXt,4,32,257321
Job527,5929955000,5929965000,5887545,5877545,0.550275,0.353241,0.446374,0.355588,1.83289,1,1,0,38.5528,0,ResNet50,4,256,5877545
Job528,5929967000,5929987000,258979,238979,0.670675,0.466182,0.570012,0.534655,1.73193,1,1,0,38.8143,0,BERTLARGE,4,26,238979
Job529,5930615000,5930615000,212404,212404,0.546268,0.383884,0.468894,0.418717,2.0604,1,1,0,41.5829,0,GPT2_SMALL,4,20,212404
Job530,5930639000,5930659000,303460,283460,0.639046,0.471885,0.563534,0.569257,1.96482,1,1,0,41.9947,0,ResNet50,4,42,283460
Job531,5930646000,5930659000,403008,390008,0.687433,0.520751,0.611235,0.702229,1.96724,1,1,0,41.0966,0,GNMT,4,63,390008
Job532,5930652000,5930672000,240936,220936,0.572821,0.409411,0.498795,0.444151,1.96385,1,1,0,42.4748,0,GPT2_SMALL,4,22,220936
Job533,5930658000,5930672000,397512,383512,0.693583,0.526925,0.617491,0.717013,1.96165,1,1,0,41.108,0,GNMT,4,60,383512
Job534,5930664000,5930684000,307177,287177,0.635994,0.469258,0.560773,0.56404,1.9681,1,1,0,42.0041,0,ResNet50,4,44,287177
Job535,5930671000,5930684000,445429,432429,0.730589,0.559601,0.651007,0.806137,1.91825,0.5,0,0,40.426,0,VGG19,4,78,428789
Job536,5930676000,5930696000,258979,238979,0.602231,0.438092,0.528572,0.498031,1.97323,1,1,0,42.4223,0,BERTLARGE,4,27,238979
Job537,5931779000,5931779000,373768,373768,0.667713,0.511409,0.59699,0.704082,2.07043,0.5,0,0,41.6848,0,GNMT,4,55,373768
Job538,5931793000,5931813000,5134395,5114395,0.528219,0.345949,0.435092,0.347615,1.90581,1,1,0,39.5385,0,BERTLARGE,4,238,5114395
Job539,5931807000,5931813000,253267,247267,0.570677,0.411697,0.497589,0.465537,2.06578,1,1,0,42.2627,0,BERTLARGE,4,29,247267
Job540,5931820000,5931840000,271411,251411,0.593985,0.4301,0.519593,0.484754,1.98241,1,1,0,42.5515,0,BERTLARGE,4,30,251411
Job541,5931863000,5931863000,263636,263636,0.592555,0.445752,0.528532,0.547597,2.17992,1,1,0,43.022,0,ResNet50,4,37,263636
Job542,5931875000,5931895000,242403,222403,0.600634,0.443031,0.531646,0.50925,2.01647,1,1,0,43.2487,0,BERTLARGE,4,23,222403
Job543,5931888000,5931895000,398717,391717,0.730103,0.575246,0.660438,0.886637,2.00534,1,1,0,41.3039,0,VGG19,4,67,391717
Job544,5931903000,5931923000,253843,233843,0.613185,0.452679,0.542168,0.528372,2.00218,1,1,0,42.9532,0,ResNeXt,4,25,233843
Job545,5931933000,5931933000,394629,394629,0.732006,0.573691,0.659398,0.887908,1.99394,0.5,0,0,40.7023,0,VGG19,4,66,391717
Job546,5933501000,5933521000,393768,373768,0.696698,0.536571,0.625934,0.737586,1.99486,1,1,0,41.9784,0,GNMT,4,56,373768
Job547,5933508000,5933521000,215778,202778,0.631512,0.470283,0.55999,0.570098,2.01473,0.5,0,0,42.5319,0,ResNeXt,4,13,202238
Job548,5933514000,5933534000,5948344,5928344,0.517732,0.343832,0.431288,0.346032,1.94918,1,1,0,39.9761,0,ResNet50,4,258,5928344
Job549,5933520000,5933534000,432929,418929,0.712191,0.559306,0.645904,0.815896,2.04897,0.5,0,0,42.1582,0,VGG19,4,74,415549
Job550,5933526000,5933546000,233074,213074,0.635471,0.472132,0.563488,0.563894,1.97272,1,1,0,42.6847,0,ResNeXt,4,21,213074
Job551,5933537000,5933546000,212872,203872,0.547826,0.394936,0.479621,0.431812,2.07843,1,1,0,42.8445,0,GPT2_SMALL,4,15,203872
Job552,5933544000,5933564000,5174824,5154824,0.519036,0.347272,0.434352,0.351996,1.96421,1,1,0,40.1903,0,GNMT,4,240,5154824
Job553,5933822000,5933842000,225294,205294,0.59421,0.422299,0.514996,0.462175,1.90594,1,1,0,41.7824,0,GPT2_SMALL,4,17,205294
Job554,5933829000,5933842000,216872,203872,0.57586,0.409591,0.499342,0.448588,1.9688,1,1,0,41.8194,0,GPT2_SMALL,4,16,203872
Job555,5933841000,5933861000,5350216,5330216,0.524336,0.348981,0.43719,0.353594,1.94269,0.25,0,0,39.8894,0,GNMT,4,245,5330216
Job556,5934106000,5934106000,191074,191074,0.560535,0.395686,0.483193,0.437377,2.03282,1,1,0,40.9529,0,GPT2_SMALL,4,11,191074
Job557,5934115000,5934135000,398477,378477,0.777585,0.617007,0.706023,0.990267,1.89209,1,1,0,40.4038,0,VGG19,4,57,378477
Job558,5934876000,5934896000,417013,397013,0.739849,0.584898,0.672206,0.888135,1.98497,1,1,0,41.7225,0,VGG19,4,71,397013
Job559,5934890000,5934896000,397717,391717,0.718319,0.570139,0.653956,0.875738,2.06064,1,1,0,41.8146,0,VGG19,4,68,391717
Job560,5934896000,5934916000,338552,318552,0.757845,0.602399,0.690181,0.93521,1.95825,1,1,0,41.6606,0,GNMT,4,48,318552
Job561,5935146000,5935146000,195340,195340,0.530445,0.382097,0.463764,0.419905,2.15811,1,1,0,42.7164,0,GPT2_SMALL,4,12,195340
Job562,5935152000,5935172000,222450,202450,0.584445,0.41888,0.509334,0.458632,1.94672,1,1,0,42.4638,0,GPT2_SMALL,4,14,202450
Job563,5935182000,5935182000,209100,209100,0.572598,0.418716,0.50303,0.488281,2.11801,0.5,0,0,42.1907,0,BERTLARGE,4,18,209971
Job564,5935345000,5935365000,402449,382449,0.774416,0.61202,0.701431,0.971755,1.88839,1,1,0,40.3937,0,VGG19,4,59,382449
Job565,5935579000,5935579000,261158,261158,0.617071,0.458003,0.545134,0.567475,2.07215,1,1,0,41.5077,0,ResNet50,4,34,261158
Job566,5935586000,5935606000,229971,209971,0.637764,0.464419,0.558891,0.542342,1.90364,1,1,0,41.676,0,BERTLARGE,4,19,209971
Job567,5935592000,5935606000,361784,347784,0.721428,0.559858,0.649404,0.8108,1.96108,1,1,0,41.0783,0,GNMT,4,52,347784
Job568,5935833000,5935840158,8554922,8547764,0.528278,0.34622,0.436383,0.347349,1.90142,1,1,0,39.1978,0,ResNeXt,4,303,8547764
Job569,5935839000,5935842545,265316,261771,0.60617,0.422178,0.516671,0.476075,1.89718,1,1,0,39.4504,0,BERTLARGE,4,36,261771
Job570,5936119000,5936139000,8616545,8596545,0.535286,0.351593,0.442539,0.35512,1.89353,1,1,0,39.1308,0,VGG19,4,304,8596545
Job571,5936126000,5936139000,265663,252663,0.60214,0.437739,0.527683,0.50452,2.00039,0.5,0,0,41.9247,0,ResNeXt,4,31,251903
Job572,5936132000,5936152000,8502400,8482400,0.533552,0.350319,0.441073,0.35323,1.8954,1,1,0,39.1556,0,GNMT,4,302,8482400
Job573,5936140000,5936152000,289187,277187,0.585872,0.42287,0.511676,0.479156,2.01225,1,1,0,41.8702,0,ResNeXt,4,41,277187
Job574,5936810000,5936830000,329479,309479,0.619773,0.455109,0.545783,0.536649,1.98527,1,1,0,42.0726,0,ResNet50,4,46,309479
Job575,5936817000,5936830000,287988,274988,0.567934,0.408868,0.495955,0.454809,2.02924,0.5,0,0,42.2271,0,BERTLARGE,4,40,276275
Job576,5936862000,5936882000,413256,393256,0.690136,0.524864,0.616031,0.703584,1.96373,1,1,0,41.4177,0,GNMT,4,70,393256
Job577,5939249000,5939249000,391632,391632,0.685762,0.513713,0.60548,0.696413,1.93647,0.5,0,0,39.6375,0,GNMT,4,65,391632
Job578,5939260000,5939280000,318328,298328,0.667006,0.478927,0.577604,0.573906,1.82753,1,1,0,39.8189,0,ResNet50,4,45,298328
Job579,5939266000,5939280000,8745976,8731976,0.563635,0.357194,0.457166,0.35837,1.7814,1,1,0,37.4332,0,ResNeXt,4,305,8731976
Job580,5939514000,5939514000,8440313,8440313,0.568361,0.361511,0.461798,0.36532,1.782,1,1,0,37.401,0,VGG19,4,300,8440313
Job581,5939834000,5939854000,286351,266351,0.662733,0.462425,0.564706,0.531357,1.75884,1,1,0,39,0,ResNeXt,4,38,266351
Job582,5940394000,5940414000,8492089,8472089,0.58747,0.366888,0.47465,0.370788,1.72306,1,1,0,36.4595,0,VGG19,4,301,8472089
Job583,5978106000,5978126000,103964516,103944516,0.194356,0.353137,0.181743,0.353456,5.61259,0.666667,0,0,25.5146,0,VGG19,16,514,95506938
Job584,5979697000,5979717000,104068052,104048052,0.179103,0.325255,0.167621,0.325387,5.61373,0.8,0,0,25.4978,0,ResNet50,16,539,103592604
Job585,5980037000,5980057000,125512068,125492068,0.182253,0.334015,0.170493,0.334131,5.51571,0.666667,0,0,25.0629,0,ResNet50,16,554,124942636
Job586,6126496000,6126496000,210337750,210337750,1,0.453427,1,0.453498,1,1,1,0,21.3945,0,BERTLARGE,1,611,210337750
Job587,6180675000,6180675000,1088186,1088186,1,0.47758,1,0.515686,1,1,1,0,23,0,VGG19,1,172,1088186
Job588,6182230000,6182230000,493430,493430,1,0.457377,1,0.477668,1,1,1,0,23.9331,0,GPT2_SMALL,1,86,493430
Job589,6182263000,6182283000,845646,825646,1.02422,0.459323,1.02422,0.471048,0.976349,1,1,0,23.5445,0,GPT2_SMALL,1,140,825646
Job590,6186924000,6186924000,711532,711532,1,0.462247,1,0.484897,1,1,1,0,23,0,BERTLARGE,1,116,711532
Job591,6189276000,6189276000,1651341,1651341,1,0.467862,1,0.495966,1,1,1,0,23,0,GNMT,1,189,1651341
Job592,6364450000,6364470000,4854468,4834468,0.438587,0.445799,0.409385,0.451185,2.31554,1,1,0,21.19,0,ResNet50,8,229,4834468
Job593,6364453000,6364473000,5016220,4996220,0.442823,0.449997,0.413379,0.458218,2.31087,1,1,0,21.151,0,GNMT,8,233,4996220
Job594,6389950000,6389970000,4292588,4272588,0.443902,0.45131,0.414171,0.457564,2.29221,1,1,0,20.9993,0,ResNet50,8,216,4272588
Job595,6389953000,6389973000,4524859,4504859,0.448643,0.456001,0.418612,0.465381,2.28625,1,1,0,20.948,0,GNMT,8,223,4504859
Job596,6434406000,6434406000,684745,684745,1,0.571591,1,0.686143,1,1,1,0,20.9942,0,GNMT,1,111,684745
Job597,6434410000,6434410000,1252900,1252900,1,0.502076,1,0.516972,1,1,1,0,20.5433,0,BERTLARGE,1,179,1252900
Job598,6439738000,6439738000,729710,729710,1,0.503603,1,0.521733,1,1,1,0,20.9945,0,ResNeXt,1,118,729710
Job599,6439742000,6439742000,1764604,1764604,1,0.498163,1,0.508485,1,1,1,0,20.4113,0,BERTLARGE,1,191,1764604
Job600,6443594000,6443594000,521854,521854,1,0.513929,1,0.54336,1,1,1,0,20.8908,0,ResNet50,1,90,521854
Job601,6443651000,6443651000,1171324,1171324,1,0.503651,1,0.519719,1,1,1,0,20.3969,0,BERTLARGE,1,177,1171324
Job602,6482634000,6482654000,4309900,4289900,0.467135,0.474604,0.433548,0.480584,2.17169,1,1,0,20,0,ResNeXt,8,217,4289900
Job603,6622026000,6622046000,14136490,14116490,0.505657,0.50547,0.50547,0.506867,1.983,1,1,0,16.8857,0,BERTLARGE,8,327,14116490
Job604,6653448000,6653468000,18003939,17983939,0.4749,0.473497,0.473497,0.476796,2.12214,1,1,0,18.1122,0,VGG19,8,367,17983939
Job605,6653452000,6653472000,18394796,18374796,0.476099,0.474575,0.474575,0.477819,2.11641,1,1,0,18.0673,0,VGG19,8,374,18374796
Job606,6655123000,6655143000,9802855,9782855,0.450255,0.450254,0.450254,0.451855,2.23068,1,1,0,18.9996,0,BERTLARGE,8,309,9782855
Job607,6655127000,6655147000,10224577,10204577,0.455765,0.455712,0.455712,0.461121,2.22577,1,1,0,18.9584,0,VGG19,8,311,10204577
Job608,6713875000,6713895000,7812374,7792374,0.492665,0.492292,0.492292,0.493765,2.03609,1,1,0,17.3643,0,GPT2_SMALL,8,285,7792374
Job609,6713878000,6713898000,7845066,7825066,0.492684,0.492313,0.492313,0.49378,2.03598,1,1,0,17.3632,0,GPT2_SMALL,8,286,7825066
Job610,6718838000,6718858000,12020726,12000726,0.480354,0.479736,0.479736,0.480644,2.08609,1,1,0,17.7842,0,GPT2_SMALL,8,318,12000726
Job611,6722012000,6722032000,7850350,7830350,0.480082,0.480072,0.480072,0.486016,2.11143,1,1,0,17.9934,0,GNMT,8,287,7830350
Job612,6722064000,6722084000,7862898,7842898,0.475168,0.475156,0.475156,0.476519,2.11124,1,1,0,17.9918,0,GPT2_SMALL,8,288,7842898
Job613,6733559000,6733579000,1509301341,1298268987,0.648217,0.600819,0.590603,0.600882,1.5613,0.950135,0.925203,8,16.9335,0,VGG19,8,722,1282911978
Job614,6733841000,6733861000,1364233021,1281634443,0.602714,0.553777,0.566456,0.553802,1.66061,1,1,8,15.9867,0,ResNeXt,8,721,1280565810
Job615,6737193000,6737213000,11255860,11235860,0.440305,0.440022,0.440022,0.441352,2.27995,1,1,0,19.4266,0,BERTLARGE,8,314,11235860
Job616,6737197000,6737217000,11540840,11520840,0.441614,0.441334,0.441334,0.443539,2.27887,1,1,0,19.4164,0,ResNet50,8,316,11520840
Job617,6743643000,6743663000,11759230,11739230,0.454719,0.453525,0.453525,0.454878,2.2071,1,1,0,18.842,0,BERTLARGE,8,317,11739230
Job618,6812291000,6812311000,7495390,7475390,0.451205,0.4512,0.4512,0.453305,2.22899,1,1,0,18.9973,0,BERTLARGE,8,281,7475390
Job619,6812294000,6812314000,8232133,8212133,0.457132,0.456682,0.456682,0.459999,2.20669,1,1,0,18.8212,0,ResNet50,8,298,8212133
Job620,6812308000,6812328000,7500314,7480314,0.450212,0.450208,0.450208,0.451491,2.22897,1,1,0,18.9971,0,GPT2_SMALL,8,282,7480314
Job621,6860337000,6860357000,183591259,183571259,0.247877,0.467999,0.247645,0.468057,4.03506,1,1,0,17.1669,0,GPT2_SMALL,16,604,183571259
Job622,6969161000,6969181000,8325354,8305354,0.453472,0.430848,0.453416,0.433766,2.22441,1,1,0,18.9554,0,ResNet50,8,299,8305354
Job623,6969165000,6969185000,7953747,7933747,0.452595,0.430124,0.452595,0.433169,2.22967,1,1,0,19,0,ResNet50,8,293,7933747
Job624,7004634000,7004654000,7323772,7303772,0.456445,0.433804,0.456396,0.439004,2.22445,1,1,0,18.9616,0,GNMT,8,279,7303772
Job625,7004638000,7004658000,7042780,7022780,0.451382,0.428919,0.451382,0.430943,2.22895,1,1,0,19,0,BERTLARGE,8,275,7022780
Job626,7064023000,7064043000,7417407,7397407,0.477954,0.477953,0.477953,0.481991,2.11184,1,1,0,17.9992,0,ResNet50,8,280,7397407
Job627,7064029000,7064049000,7569946,7549946,0.48293,0.482899,0.482899,0.491143,2.10945,1,1,0,17.9791,0,VGG19,8,284,7549946
Job628,7075879000,7075899000,154841414,154821414,0.234932,0.38767,0.234464,0.387928,4.26215,1,1,0,18.1526,0,VGG19,16,587,154821414
Job629,7083499000,7083519000,158754500,158734500,0.23644,0.388097,0.235768,0.388349,4.23482,1,1,0,18.0516,0,VGG19,16,590,158734500
Job630,7087538000,7147503344,219167037,158647733,0.341452,0.568059,0.335442,0.568171,2.93152,1,1,1,17.5201,0,BERTLARGE,16,589,158550649
Job631,7087704000,7230720414,312808458,162271799,0.51624,0.872585,0.495866,0.873232,1.94284,1,1,1,16.5713,0,VGG19,16,593,161985468
Job632,7259410000,7259410000,287288510,287288510,1,0.610882,1,0.610948,1,1,1,0,14.1345,0,ResNeXt,1,629,287288510
Job633,7260600000,7260620000,7867811,7847811,0.447768,0.409167,0.431704,0.414844,2.27618,1,1,0,20.1296,0,VGG19,8,289,7847811
Job634,7260608000,7260628000,7545245,7525245,0.446959,0.408617,0.431054,0.414524,2.28227,1,1,0,20.18,0,VGG19,8,283,7525245
Job635,7260626000,7260646000,7940908,7920908,0.446117,0.407445,0.429991,0.41167,2.27379,1,1,0,20.111,0,GNMT,8,292,7920908
Job636,7260633000,7260653000,7940908,7920908,0.446169,0.407479,0.430028,0.411704,2.27352,1,1,0,20.1092,0,GNMT,8,291,7920908
Job637,7264186000,7264206000,846915,826915,0.512432,0.47741,0.498372,0.560564,2.40663,1,1,0,21.6541,0,VGG19,8,141,826915
Job638,7264192000,7264212000,553960,533960,0.453089,0.419669,0.439815,0.445709,2.41693,1,1,0,22,0,BERTLARGE,8,92,533960
Job639,7415110000,7415130000,7902667,7882667,0.649677,0.653057,0.612653,0.660149,1.54831,1,1,0,14,0,ResNet50,8,290,7882667
Job640,7501427000,7501447000,7957897,7937897,0.607852,0.611389,0.576403,0.624005,1.66734,1,1,0,14.9992,0,VGG19,8,294,7937897
Job641,7501433000,7501453000,8004827,7984827,0.603966,0.607496,0.572372,0.613549,1.66662,1,1,0,14.9934,0,ResNet50,8,295,7984827
Job642,7554085000,7554085000,657922,657922,1,0.712132,1,0.75721,1,1,1,0,13.9954,0,ResNet50,1,109,657922
Job643,7554088000,7554088000,768671,768671,1,0.754844,1,0.939331,1,1,1,0,13.852,0,GNMT,1,128,768671
Job644,7557366000,7557366000,772714,772714,1,0.715409,1,0.76643,1,1,1,0,13.8258,0,BERTLARGE,1,130,772714
Job645,7557416000,7557416000,638128,638128,1,0.754846,1,0.94257,1,1,1,0,14,0,VGG19,1,106,638128
Job646,7568941000,7568941000,27929630,27929630,1,0.682307,1,0.683148,1,1,1,0,14.1781,0,ResNeXt,1,393,27929630
Job647,7570115000,7570115000,29867536,29867536,1,0.68361,1,0.684737,1,1,1,0,14.107,0,BERTLARGE,1,398,29867536
Job648,7593650000,7593670000,3212399,3192399,0.617616,0.624461,0.558935,0.658127,1.67531,1,1,0,15.9139,0,VGG19,8,210,3192399
Job649,7593654000,7593674000,2935800,2915800,0.602924,0.610124,0.544791,0.624796,1.68541,1,1,0,16,0,ResNeXt,8,205,2915800
Job650,7597707000,7597707000,158590,158590,1,0.768575,1,1.01665,1,1,1,0,14,0,ResNeXt,1,8,158590
Job651,7601779000,7601779000,160894,160894,1,0.809137,1,1.26744,1,1,1,0,13,0,BERTLARGE,1,9,160894
Job652,7659405000,7659405000,26803712,26803712,1,0.701156,1,0.704258,1,1,1,0,13.1659,0,VGG19,1,389,26803712
Job653,7659410000,7659410000,4447029,4447029,1,0.702014,1,0.721182,1,1,1,0,14,0,VGG19,1,220,4447029
Job654,7698718000,7698738000,117231505,117211505,0.319788,0.592734,0.318629,0.592962,3.12845,1,1,0,13.3466,0,BERTLARGE,16,549,117211505
Job655,7701903000,7701923000,13977676,13957676,0.586932,0.546473,0.583208,0.552153,1.71733,1,1,0,14.7126,0,VGG19,8,326,13957676
Job656,7712323000,7712343000,10616887,10596887,0.545269,0.511969,0.543853,0.518549,1.85524,1,1,0,15.841,0,VGG19,8,312,10596887
Job657,7712326000,7712346000,10659710,10639710,0.542358,0.508978,0.540912,0.512157,1.85426,1,1,0,15.8334,0,ResNet50,8,313,10639710
Job658,7713033000,7713053000,5374463,5354463,0.529237,0.499339,0.528766,0.511854,1.93568,1,1,0,16.5299,0,VGG19,8,246,5354463
Job659,7893754000,7893774000,430775334,416932400,0.462214,0.470016,0.397868,0.470056,2.16641,0.714896,0.572345,1,22.1031,0,BERTLARGE,8,672,416414870
Job660,7893853000,7893873000,499036179,482817314,0.482902,0.4868,0.416868,0.486853,2.08545,0.694926,0.491544,1,21.2243,0,ResNeXt,8,675,479490080
Job661,7920197000,7920197000,402425852,402425852,1,0.446733,1,0.446816,1,1,1,0,22.6553,0,VGG19,1,670,402425852
Job662,7922517000,7922537000,511578402,492261988,0.489931,0.491713,0.420656,0.491749,2.04529,0.652587,0.420978,3,21.0427,0,BERTLARGE,8,681,491296445
Job663,7922535000,7922555000,706181246,511985451,0.722129,0.706618,0.623789,0.706651,1.38484,0.954986,0.924976,3,18.7957,0,GPT2_SMALL,8,685,511989202
Job664,7922550000,7922570000,807903275,545939804,0.822067,0.792669,0.707001,0.792825,1.21812,1,1,3,17.8166,0,GNMT,8,696,545276987
Job665,7923137000,7923157000,276823720,276803720,0.40414,0.421555,0.350406,0.421605,2.4748,1,1,0,24.2637,0,BERTLARGE,8,625,276803720
Job666,7923152000,7923172000,252786944,252766944,0.400701,0.41897,0.346675,0.419153,2.49719,1,1,0,24.5372,0,VGG19,8,617,252766944
Job667,7923395000,7923415000,265620000,265600000,0.40283,0.420584,0.348814,0.420616,2.4827,1,1,0,24.3729,0,GPT2_SMALL,8,620,265600000
Job668,7945789000,7945789000,379003546,379003546,1,0.447805,1,0.447843,1,1,1,0,22.7822,0,BERTLARGE,1,662,379003546
Job669,8020046000,8020066000,655119,635119,0.54143,0.549103,0.515983,0.70449,2.46774,1,1,0,23,0,VGG19,8,105,635119
Job670,8023278000,8023298000,768453,748453,0.512827,0.520489,0.487498,0.633381,2.47921,1,1,0,23,0,VGG19,8,125,748453
Job671,8068263000,8068263000,366087304,366087304,1,0.496752,1,0.496789,1,1,1,0,20.7216,0,ResNet50,1,653,366087304
Job672,8130538000,8130538000,15318886,15318886,1,0.355088,1,0.355465,1,1,1,0,58.8726,0,GPT2_SMALL,1,346,15318886
Job673,8131067000,8131087000,17997842,17977842,1.00111,0.361364,1.00111,0.362821,0.998889,1,1,0,56.7393,0,GNMT,1,366,17977842
Job674,8131073000,8131087000,14680590,14666590,1.00095,0.353412,1.00095,0.354025,0.999046,1,1,0,60.2073,0,BERTLARGE,1,338,14666590
Job675,8131083000,8131087000,17562212,17558212,1.00023,0.35996,1.00023,0.361441,0.999772,1,1,0,57.3468,0,GNMT,1,364,17558212
Job676,8131094000,8131094000,18364622,18364622,1,0.359959,1,0.360282,1,1,1,0,56.213,0,GPT2_SMALL,1,373,18364622
Job677,8131100000,8131100000,16297865,16297865,1,0.356707,1,0.358027,1,1,1,0,58.9126,0,VGG19,1,353,16297865
Job678,8131110000,8131110000,18076786,18076786,1,0.359161,1,0.359488,1,1,1,0,56.6386,0,GPT2_SMALL,1,369,18076786
Job679,8131115000,8131115000,15110934,15110934,1,0.353005,1,0.353383,1,1,1,0,60.0111,0,GPT2_SMALL,1,345,15110934
Job680,8131121000,8131121000,17751646,17751646,1,0.358643,1,0.359164,1,1,1,0,57.0983,0,BERTLARGE,1,365,17751646
Job681,8131132000,8131152000,16727346,16707346,1.0012,0.35631,1.0012,0.356658,0.998804,1,1,0,58.4118,0,GPT2_SMALL,1,356,16707346
Job682,8131139000,8131152000,14748106,14735106,1.00088,0.354728,1.00088,0.356171,0.999119,1,1,0,60.2967,0,VGG19,1,341,14735106
Job683,8131144000,8131152000,18305150,18297150,1.00044,0.360011,1.00044,0.360368,0.999563,1,1,0,56.2994,0,ResNeXt,1,370,18297150
Job684,8131151000,8131152000,14998847,14997847,1.00007,0.352939,1.00007,0.353396,0.999933,1,1,0,60.1396,0,ResNet50,1,344,14997847
Job685,8131156000,8131156000,18915498,18915498,1,0.36352,1,0.364923,1,1,1,0,55.3321,0,GNMT,1,378,18915498
Job686,8131163000,8131163000,19336774,19336774,1,0.363045,1,0.36342,1,1,1,0,54.6452,0,ResNet50,1,380,19336774
Job687,8131168000,8131168000,18767999,18767999,1,0.362702,1,0.363886,1,1,1,0,55.5632,0,VGG19,1,377,18767999
Job688,8131174000,8131174000,14157762,14157762,1,0.35468,1,0.356466,1,1,1,0,60.4948,0,GNMT,1,329,14157762
Job689,8131179000,8131199000,14480185,14460185,1.00138,0.355192,1.00138,0.356943,0.998619,1,1,0,60.4458,0,GNMT,1,332,14460185
Job690,8131190000,8131199000,14488381,14479381,1.00062,0.352587,1.00062,0.353059,0.999379,1,1,0,60.4568,0,ResNet50,1,334,14479381
Job691,8131195000,8131199000,14653382,14649382,1.00027,0.352404,1.00027,0.352793,0.999727,1,1,0,60.4052,0,GPT2_SMALL,1,336,14649382
Job692,8131200000,8131200000,14664598,14664598,1,0.35231,1,0.352698,1,1,1,0,60.4039,0,GPT2_SMALL,1,337,14664598
Job693,8131207000,8131207000,17339710,17339710,1,0.357348,1,0.35772,1,1,1,0,57.6466,0,ResNeXt,1,361,17339710
Job694,8131213000,8131213000,13718104,13718104,1,0.352184,1,0.352682,1,1,1,0,60.5843,0,ResNet50,1,325,13718104
Job695,8131218000,8131218000,16119235,16119235,1,0.354676,1,0.355106,1,1,1,0,59.1477,0,ResNet50,1,351,16119235
Job696,8132378000,8132378000,16145940,16145940,1,0.357906,1,0.3595,1,1,1,0,58.5243,0,GNMT,1,352,16145940
Job697,8132383000,8132403000,15010208,14990208,1.00133,0.355203,1.00133,0.356624,0.998668,1,1,0,60.1002,0,VGG19,1,343,14990208
Job698,8132389000,8132403000,14728857,14714857,1.00095,0.354988,1.00095,0.356708,0.999049,1,1,0,60.4428,0,GNMT,1,339,14714857
Job699,8132394000,8132403000,17478358,17469358,1.00052,0.360029,1.00052,0.360437,0.999485,1,1,0,56.3531,0,ResNet50,1,362,17469358
Job700,8132400000,8132403000,16958323,16955323,1.00018,0.359814,1.00018,0.361104,0.999823,1,1,0,57.2338,0,VGG19,1,357,16955323
Job701,8132406000,8132406000,16049254,16049254,1,0.355492,1,0.355853,1,1,1,0,58.6371,0,GPT2_SMALL,1,350,16049254
Job702,8132412000,8132412000,15320154,15320154,1,0.353651,1,0.354026,1,1,1,0,59.6527,0,GPT2_SMALL,1,347,15320154
Job703,8132418000,8132418000,13611361,13611361,1,0.350407,1,0.350904,1,1,1,0,61.5714,0,ResNet50,1,323,13611361
Job704,8132423000,8132423000,14761144,14761144,1,0.352744,1,0.353351,1,1,1,0,60.385,0,BERTLARGE,1,342,14761144
Job705,8132430000,8132450000,12460750,12440750,1.00161,0.350226,1.00161,0.350723,0.998395,1,1,0,61.9863,0,ResNeXt,1,319,12440750
Job706,8132437000,8132450000,14431385,14418385,1.0009,0.35216,1.0009,0.352633,0.999099,1,1,0,60.7477,0,ResNet50,1,331,14418385
Job707,8132448000,8132450000,14313630,14311630,1.00014,0.35162,1.00014,0.352055,0.99986,1,1,0,60.8606,0,ResNeXt,1,330,14311630
Job708,8132455000,8132455000,14487592,14487592,1,0.351978,1,0.352448,1,1,1,0,60.6712,0,ResNet50,1,335,14487592
Job709,8132461000,8132461000,12586320,12586320,1,0.352408,1,0.354392,1,1,1,0,61.9761,0,GNMT,1,320,12586320
Job710,8132469000,8132469000,13566407,13566407,1,0.35231,1,0.353857,1,1,1,0,61.5829,0,VGG19,1,322,13566407
Job711,8132481000,8132481000,18535888,18535888,1,0.36387,1,0.364385,1,1,1,0,54.3428,0,BERTLARGE,1,375,18535888
Job712,8187422000,8187442000,1378807,1358807,0.473845,0.485257,0.430976,0.521999,2.30454,1,1,0,22,0,GNMT,8,183,1358807
Job713,8188891000,8188911000,43902984,43882984,0.455376,0.466548,0.408799,0.467193,2.23571,0.4,0,0,21.1813,0,ResNet50,8,418,43175116
Job714,8192123000,8192143000,43779518,43759518,0.449494,0.460361,0.403135,0.46059,2.22605,1,1,0,21.108,0,GPT2_SMALL,8,419,43759518
Job715,8280703000,8280723000,1197486,1177486,0.554554,0.566106,0.492072,0.603175,1.93634,0.4,0,0,19,0,ResNet50,8,175,1160539
Job716,8289042000,8289062000,52911046,52891046,0.532342,0.540357,0.479669,0.540982,1.90517,0.4,0,0,17.981,0,ResNeXt,8,427,52204130
Job717,8350326000,8350346000,6882040,6862040,0.536839,0.540539,0.512914,0.545379,1.902,0.4,0,0,16.9772,0,ResNeXt,8,269,6774200
Job718,8350483000,8350503000,7188343,7168343,0.566204,0.569978,0.540973,0.579163,1.89698,0.5,0,0,16.9355,0,GNMT,8,268,6768809
Job719,8382958000,8382978000,7839791,7819791,0.621695,0.625583,0.593709,0.639001,1.8844,0.5,0,0,16.8315,0,VGG19,8,272,6798745
Job720,8382995000,8383015000,6518600,6498600,0.529275,0.532987,0.505718,0.536369,1.90459,0.4,0,0,17,0,BERTLARGE,8,264,6483455
Job721,8449506000,8449526000,126735364,126715364,0.678694,0.675773,0.675773,0.676494,1.56383,0.5,0,0,13.3522,0,GNMT,8,552,119461532
Job722,8474395000,8474415000,14994595,14974595,0.570987,0.570769,0.570769,0.575148,1.86868,0.5,0,0,15.9111,0,GNMT,8,328,14127485
Job723,8474470000,8474490000,15350395,15330395,0.57268,0.572256,0.572256,0.576555,1.86287,0.666667,0,0,15.8668,0,GNMT,8,333,14462885
Job724,8474528000,8474548000,13737200,13717200,0.534688,0.534688,0.534688,0.536297,1.87961,0.666667,0,0,16,0,BERTLARGE,8,324,13685030
Job725,8548692000,8548712000,552126,532126,0.649459,0.649459,0.649459,0.687759,1.5874,0.666667,0,0,14,0,GPT2_SMALL,8,93,534750
Job726,8620864000,8620884000,1410844,1390844,0.667624,0.667624,0.667624,0.682923,1.50773,0.666667,0,0,13,0,GPT2_SMALL,8,184,1398116
Job727,8634510000,8634530000,2050176,2030176,0.728925,0.728925,0.728925,0.764249,1.39799,1,1,0,12,0,ResNet50,8,195,2030176
Job728,8786545000,8786565000,174914880,174894880,0.772929,0.772929,0.772929,0.773315,1.29397,1,1,0,11,0,ResNeXt,8,603,174894880
Job729,9299379000,9299399000,17070496,17050496,0.856919,0.856496,0.856496,0.865178,1.16897,1,1,0,9.95284,0,GNMT,8,358,17050496
Job730,9300184000,9300204000,17634631,17614631,0.911447,0.91073,0.91073,0.920235,1.16509,0.666667,0,0,9.92236,0,GNMT,8,355,16616153
Job731,9375505000,9375525000,28536343,28516343,0.930707,0.929446,0.844569,0.935541,1.14037,0.666667,0,0,10.6957,0,GNMT,8,390,26892809
Job732,9387390000,9387390000,17315116,17315116,1,0.836556,1,0.844718,1,1,1,0,11.833,0,GNMT,1,360,17315116
Job733,9387696000,9387716000,17576757,17556757,0.836558,0.839593,0.725815,0.850281,1.19836,1,1,0,11.7734,0,VGG19,8,363,17556757
Job734,9387747000,9387747000,15392564,15392564,1,0.83082,1,0.838439,1,1,1,0,12,0,VGG19,1,348,15392564

Makespan,13476568,avgJCT,290994,FairnessT,19.2458,avg_gpu_load,108.706,yield_per_job,0.675749,mean_n_avg,40.2892,maxFairT,2.19275,minFairT,0.113934,dFair,0.382986,dFairSq,0.464229,FairnessN,8.93106,maxFairN,1.9593,minFairN,0.219381,dfairN,0.621221,dfairNSq,0.638902,avg_frag_w_q,2.90903
Fairness
Mm,1/n,1/n-Down,GPU_load,GPU_share
0.655393,0.403199,0.629982,0.42223,2.0188
Fairness CV
0.474606,0.565698,0.458236,0.581302
Locality
dist,bit
0.931899,0.857786
