Job#, Admitted_time, Scheduled_time, JCT, Running_time, Init_time, Fairness
Job1, 0, 0, 3755000, 3755000, 40, 1.024
Job2, 363000, 363000, 5574000, 5574000, 48, 0.982
Job3, 489000, 489000, 3141000, 3141000, 138, 0.916
Job4, 1049000, 1049000, 1330000, 1330000, 73, 0.85
Job5, 1221000, 1221000, 2885000, 2885000, 74, 1.019
Job6, 1353000, 1353000, 5069000, 5069000, 131, 0.927
Job7, 1625000, 1625000, 2251000, 2251000, 75, 0.964
Job8, 1850000, 1850000, 2344000, 2344000, 57, 0.885
Job9, 2222000, 2222000, 4541000, 4541000, 111, 0.941
Job10, 2421000, 2421000, 2975000, 2975000, 37, 1.027
Job11, 2453000, 4195000, 24529000, 4437000, 144, 1.677
Job12, 3002000, 3002000, 3439000, 3439000, 39, 0.945
Job13, 3696000, 3696000, 4339000, 4339000, 73, 0.995
Job14, 3768000, 3768000, 6047000, 6047000, 114, 0.989
Job15, 4286000, 5397000, 4830000, 3719000, 54, 1.295
Job16, 4653000, 4653000, 5554000, 5554000, 75, 1.042
Job17, 4868000, 8020000, 10130000, 6978000, 55, 0.7
Job18, 5187000, 25394000, 22163000, 1956000, 108, 3.051
Job19, 5397000, 5397000, 4201000, 4201000, 66, 0.998
Job20, 5593000, 5593000, 2030000, 2030000, 34, 1.047
Job21, 6143000, 6143000, 2349000, 2349000, 47, 0.932
Job22, 6256000, 6423000, 5870000, 5703000, 125, 0.869
Job23, 6362000, 6442000, 2866000, 2786000, 68, 0.99
Job24, 6509000, 6764000, 1517000, 1262000, 85, 1.031
Job25, 6600000, 8020000, 4375000, 2955000, 64, 0.787
Job26, 6785000, 7624000, 2097000, 1258000, 33, 1.727
Job27, 7111000, 8027000, 5463000, 4547000, 70, 1.169
Job28, 7163000, 8027000, 4320000, 3456000, 68, 1.266
Job29, 7375000, 8027000, 7005000, 6353000, 49, 1.071
Job30, 7557000, 8027000, 2835000, 2365000, 69, 1.247
Job31, 7995000, 8036000, 2160000, 2119000, 62, 0.975
Job32, 8362000, 8362000, 5260000, 5260000, 42, 1.058
Job33, 8399000, 8493000, 3121000, 3027000, 77, 1.035
Job34, 8761000, 8761000, 3973000, 3973000, 45, 1.005
Job35, 9127000, 9127000, 5655000, 5655000, 69, 0.948
Job36, 9251000, 9817000, 2936000, 2370000, 40, 0.62
Job37, 9752000, 9753000, 1129000, 1128000, 38, 0.95
Job38, 10015000, 10015000, 1673000, 1673000, 53, 1.014
Job39, 10312000, 10882000, 4157000, 3587000, 84, 0.853
Job40, 10540000, 10976000, 3277000, 2841000, 91, 0.838
Job41, 10896000, 10976000, 5492000, 5412000, 83, 0.684
Job42, 11158000, 12128000, 3568000, 2598000, 48, 0.865
Job43, 11233000, 11484000, 1558000, 1307000, 38, 1.251
Job44, 11337000, 11521000, 1776000, 1592000, 39, 1.088
Job45, 11555000, 11690000, 6456000, 6321000, 53, 1.027
Job46, 11672000, 12188000, 3458000, 2942000, 45, 0.723
Job47, 11714000, 12188000, 6403000, 5929000, 52, 1.035
Job48, 11838000, 12792000, 2975000, 2021000, 57, 0.857
Job49, 11981000, 13819000, 3317000, 1479000, 109, 1.449
Job50, 12163000, 14471000, 4728000, 2420000, 71, 1.236
Job51, 12355000, 14727000, 5325000, 2953000, 134, 1.13
Job52, 12432000, 12433000, 1417000, 1416000, 45, 1.017
Job53, 12539000, 12540000, 3864000, 3863000, 41, 0.964
Job54, 12655000, 14814000, 7047000, 4888000, 61, 1.004
Job55, 12985000, 15000000, 3352000, 1337000, 54, 0.799
Job56, 13347000, 13624000, 2627000, 2350000, 35, 1.151
Job57, 13505000, 15132000, 4207000, 2580000, 85, 1.038
Job58, 13823000, 13850000, 5772000, 5745000, 37, 1.062
Job59, 14481000, 14783000, 2799000, 2497000, 63, 1.064
Job60, 14944000, 16338000, 6412000, 5018000, 38, 0.502
Job61, 15304000, 17682000, 7638000, 5260000, 82, 0.646
Job62, 15452000, 15452000, 1756000, 1756000, 55, 1.034
Job63, 15555000, 15555000, 3698000, 3698000, 50, 0.99
Job64, 15555000, 15555000, 3253000, 3253000, 38, 0.949
Job65, 15557000, 15557000, 4126000, 4126000, 32, 1.073
Job66, 15557000, 15975000, 3050000, 2632000, 73, 1.142
Job67, 15557000, 15975000, 2430000, 2012000, 46, 1.155
Job68, 15586000, 16390000, 2070000, 1266000, 81, 1.034
Job69, 15795000, 16405000, 4826000, 4216000, 48, 1.1
Job70, 15795000, 16893000, 4372000, 3274000, 45, 1.33
Job71, 15796000, 16893000, 3460000, 2363000, 49, 1.469
Job72, 15796000, 16893000, 3135000, 2038000, 57, 1.556
Job73, 16670000, 16893000, 3815000, 3592000, 43, 1.125
Job74, 16763000, 17210000, 1523000, 1076000, 48, 1.37
Job75, 17119000, 18287000, 3762000, 2594000, 83, 0.629
Job76, 17424000, 17425000, 2874000, 2873000, 122, 0.988
Job77, 17655000, 17657000, 5769000, 5767000, 68, 0.991
Job78, 18284000, 20882000, 8157000, 5559000, 89, 0.793
Job79, 18684000, 18809000, 5449000, 5324000, 88, 1.009
Job80, 18722000, 19258000, 5065000, 4527000, 64, 1.757
Job81, 18756000, 19703000, 3108000, 2161000, 17, 1.459
Job82, 19066000, 19066000, 2435000, 2435000, 12, 1.058
Job83, 19206000, 26983000, 14927000, 7150000, 48, 1.25
Job84, 19368000, 19596000, 3345000, 3117000, 71, 1.153
Job85, 19550000, 19703000, 2700000, 2547000, 56, 1.073
Job86, 19960000, 21357000, 2664000, 1267000, 47, 0.829
Job87, 20423000, 20486000, 5087000, 5024000, 55, 1.051
Job88, 20619000, 22625000, 3035000, 1029000, 86, 2.056
Job89, 20717000, 20717000, 3468000, 3468000, 75, 1.007
Job90, 20984000, 21502000, 4016000, 3498000, 45, 1.304
Job91, 21482000, 22943000, 2887000, 1426000, 132, 0.872
Job92, 21760000, 21865000, 2464000, 2359000, 54, 1.129
Job93, 21969000, 21969000, 1139000, 1139000, 40, 1.049
Job94, 22014000, 27351000, 6399000, 1062000, 40, 2.747
Job95, 22611000, 22625000, 5231000, 5217000, 48, 0.873
Job96, 22863000, 23425000, 1831000, 1269000, 65, 1.175
Job97, 22889000, 23655000, 1811000, 1045000, 108, 1.152
Job98, 22897000, 24134000, 2420000, 1183000, 39, 1.709
Job99, 22952000, 22952000, 2283000, 2283000, 96, 1.012
Job100, 22971000, 24370000, 2413000, 1014000, 52, 1.01