Job#, Admitted_time, Scheduled_time, JCT, Running_time, Init_time, Fairness
Job1, 0, 0, 3747000, 3747000, 30, 1.022
Job2, 363000, 363000, 5596000, 5596000, 50, 0.986
Job3, 489000, 489000, 3178000, 3178000, 92, 0.926
Job4, 1049000, 1049000, 1364000, 1364000, 79, 0.872
Job5, 1221000, 1221000, 2919000, 2919000, 131, 1.031
Job6, 1353000, 1353000, 4976000, 4976000, 127, 0.91
Job7, 1625000, 1625000, 2251000, 2251000, 79, 0.964
Job8, 1850000, 1850000, 2481000, 2481000, 126, 0.937
Job9, 2222000, 2222000, 4349000, 4349000, 104, 0.905
Job10, 2421000, 2421000, 2959000, 2959000, 30, 1.021
Job11, 2453000, 5419000, 7118000, 4152000, 160, 0.732
Job12, 3002000, 3002000, 3430000, 3430000, 47, 0.942
Job13, 3696000, 3696000, 4363000, 4363000, 102, 1
Job14, 3768000, 3768000, 5493000, 5493000, 80, 0.903
Job15, 4286000, 4286000, 3842000, 3842000, 34, 1.03
Job16, 4653000, 4653000, 5283000, 5283000, 85, 0.991
Job17, 4868000, 4868000, 11176000, 7023000, 47, 0.788
Job18, 5187000, 8111000, 4807000, 1883000, 126, 0.771
Job19, 5397000, 5397000, 4357000, 4333000, 73, 1.035
Job20, 5593000, 5593000, 2050000, 2050000, 34, 1.057
Job21, 6143000, 6143000, 3604000, 2445000, 71, 1.479
Job22, 6256000, 6330000, 7851000, 5889000, 100, 1.073
Job23, 6362000, 6433000, 4656000, 2940000, 61, 1.608
Job24, 6509000, 6572000, 1326000, 1263000, 80, 0.917
Job25, 6600000, 9572000, 5925000, 2953000, 48, 1.103
Job26, 6785000, 7645000, 2148000, 1288000, 35, 1.769
Job27, 7111000, 7836000, 6997000, 4631000, 75, 1.497
Job28, 7163000, 7836000, 4401000, 3707000, 89, 1.289
Job29, 7375000, 7836000, 8704000, 6409000, 51, 1.331
Job30, 7557000, 7836000, 3574000, 2468000, 70, 1.571
Job31, 7995000, 8060000, 3921000, 2209000, 61, 1.771
Job32, 8362000, 9995000, 6573000, 4940000, 42, 1.323
Job33, 8399000, 9750000, 4464000, 3113000, 73, 1.481
Job34, 8761000, 9995000, 5138000, 3904000, 42, 1.3
Job35, 9127000, 9995000, 6539000, 5671000, 52, 1.096
Job36, 9251000, 9995000, 3074000, 2330000, 33, 0.782
Job37, 9752000, 9755000, 1129000, 1126000, 49, 0.95
Job38, 10015000, 10015000, 1662000, 1662000, 51, 1.008
Job39, 10312000, 12326000, 5452000, 3438000, 141, 1.085
Job40, 10540000, 12326000, 4640000, 2854000, 145, 1.134
Job41, 10896000, 12527000, 8044000, 4358000, 77, 1.012
Job42, 11158000, 12527000, 4069000, 2700000, 47, 0.983
Job43, 11233000, 11233000, 1319000, 1319000, 36, 1.059
Job44, 11337000, 11337000, 1561000, 1561000, 44, 0.957
Job45, 11555000, 11556000, 6348000, 6347000, 50, 1.009
Job46, 11672000, 14108000, 5388000, 2952000, 55, 1.06
Job47, 11714000, 11714000, 6246000, 6246000, 53, 1.01
Job48, 11838000, 13522000, 3738000, 2054000, 74, 1.068
Job49, 11981000, 13522000, 3017000, 1476000, 98, 1.255
Job50, 12163000, 15000000, 5191000, 2354000, 65, 1.246
Job51, 12355000, 15182000, 5820000, 2993000, 115, 1.158
Job52, 12432000, 12432000, 1361000, 1361000, 45, 0.977
Job53, 12539000, 12539000, 4279000, 3989000, 39, 1.067
Job54, 12655000, 15765000, 7976000, 4866000, 46, 1.086
Job55, 12985000, 16045000, 4393000, 1333000, 52, 0.961
Job56, 13347000, 13347000, 3698000, 2268000, 19, 1.616
Job57, 13523000, 15229000, 4305000, 2599000, 80, 0.947
Job58, 13823000, 13900000, 5725000, 5648000, 35, 1.053
Job59, 14481000, 16210000, 4282000, 2553000, 48, 1.625
Job60, 14944000, 17380000, 7472000, 5036000, 44, 0.541
Job61, 15304000, 18323000, 8592000, 5573000, 82, 0.681
Job62, 15452000, 15667000, 2793000, 1733000, 28, 1.645
Job63, 15555000, 17830000, 6062000, 3787000, 87, 1.623
Job64, 15555000, 17355000, 5250000, 3450000, 55, 1.531
Job65, 15557000, 17830000, 6161000, 3888000, 57, 1.602
Job66, 15557000, 17355000, 4433000, 2635000, 72, 1.66
Job67, 15557000, 16080000, 3165000, 2025000, 42, 1.504
Job68, 15586000, 17061000, 2735000, 1260000, 87, 1.329
Job69, 15795000, 17830000, 6408000, 4336000, 70, 1.461
Job70, 15795000, 17830000, 5415000, 3380000, 44, 1.647
Job71, 15796000, 17355000, 3866000, 2307000, 81, 1.641
Job72, 15796000, 17047000, 3199000, 1948000, 34, 1.588
Job73, 16670000, 17904000, 5020000, 3747000, 24, 1.48
Job74, 16763000, 17355000, 1712000, 1120000, 78, 1.54
Job75, 17119000, 18911000, 5318000, 3526000, 83, 0.826
Job76, 17424000, 17961000, 3968000, 3395000, 74, 1.364
Job77, 17655000, 18177000, 7603000, 6808000, 92, 1.306
Job78, 18284000, 23012000, 10884000, 5358000, 112, 1.435
Job79, 18684000, 18723000, 8835000, 5496000, 88, 1.635
Job80, 18722000, 20632000, 5888000, 3959000, 172, 2.042
Job81, 18756000, 18764000, 3252000, 2163000, 25, 1.526
Job82, 19066000, 19066000, 2286000, 2286000, 13, 0.993
Job83, 19206000, 25374000, 13189000, 7021000, 121, 1.154
Job84, 19368000, 19549000, 3241000, 2949000, 58, 1.117
Job85, 19550000, 20632000, 4977000, 3476000, 72, 1.977
Job86, 19960000, 21609000, 3051000, 1402000, 59, 0.898
Job87, 20423000, 23051000, 6404000, 3677000, 56, 1.408
Job88, 20619000, 21592000, 2816000, 1034000, 83, 1.876
Job89, 20717000, 20806000, 4841000, 3796000, 68, 1.406
Job90, 20984000, 21212000, 3461000, 3146000, 52, 1.124
Job91, 21482000, 22438000, 1568000, 612000, 74, 0.485
Job92, 21760000, 22418000, 2780000, 2122000, 80, 1.274
Job93, 21969000, 22204000, 1303000, 1068000, 62, 1.2
Job94, 22014000, 24325000, 3359000, 1048000, 37, 0.806
Job95, 22611000, 25259000, 7796000, 5148000, 38, 1.384
Job96, 22863000, 23051000, 1372000, 1184000, 98, 0.892
Job97, 22889000, 23436000, 1534000, 987000, 86, 1.014
Job98, 22897000, 24236000, 2485000, 1146000, 20, 1.885
Job99, 22952000, 22952000, 2471000, 2247000, 39, 1.095
Job100, 22971000, 23898000, 2151000, 1224000, 267, 1.025