0 ResNeXt 8 1208
143 BERTLARGE 8 504
2044 ResNet50 16 3792
3321 BERTLARGE 16 2165
3416 ResNet50 4 2940
3667 BERTLARGE 16 2186
3796 GNMT 8 1417
4172 GPT2-SMALL 16 3220
4173 ResNet50 16 3813
4187 GNMT 8 677
4592 VGG19-I 16 3296
4990 BERTLARGE 16 2157
7103 GPT2-SMALL 8 755
8066 GPT2-SMALL 8 701
9937 BERTLARGE 1 722
9937 VGG19-I 1 1215
9937 BERTLARGE 1 789
9937 ResNeXt 1 1880
13332 ResNet50 1 1431
14994 GPT2-SMALL 16 814
15832 ResNeXt 8 1439
17225 GNMT 1 758
17758 ResNet50 16 3918
17931 GPT2-SMALL 8 845
18252 ResNeXt 8 1509
18252 VGG19-I 8 865
18329 GNMT 1 2079
18710 ResNeXt 1 1770
19163 ResNeXt 2 1686
19321 ResNet50 8 2085
19856 VGG19-I 8 1709
20109 GNMT 8 1474
20293 GNMT 8 966
20452 VGG19-I 8 1145
21281 VGG19-I 1 978
21672 ResNet50 1 1318
22007 GNMT 1 860
22592 GPT2-SMALL 16 3085
23770 GPT2-SMALL 4 973
24146 ResNet50 16 3317
24880 BERTLARGE 8 987
25026 ResNeXt 8 2214
26549 ResNet50 16 3359
26991 ResNeXt 8 3237
27655 VGG19-I 8 622
28832 ResNet50 8 704
28851 ResNet50 16 1536
29986 ResNeXt 1 1132
30117 ResNeXt 8 1547
30418 VGG19-I 1 1284