0 GPT2-SMALL 4 2588
363 ResNeXt 4 6140
489 VGG19-I 4 2352
1049 VGG19-I 4 975
1221 BERTLARGE 1 1488
1353 VGG19-I 4 3856
1625 VGG19-I 1 2089
1850 VGG19-I 4 1774
2222 VGG19-I 4 3368
2421 GPT2-SMALL 4 2038
2453 ResNet50 16 3058
3002 ResNeXt 1 4080
3696 BERTLARGE 2 2133
3768 VGG19-I 4 4233
4286 BERTLARGE 2 1819
4653 ResNet50 1 4496
4868 ResNeXt 8 7536
5187 ResNet50 16 1281
5397 GNMT 1 2771
5593 BERTLARGE 1 1007
6143 BERTLARGE 4 1104
6256 VGG19-I 4 4506
6362 ResNet50 1 2421
6509 GNMT 4 712
6600 ResNeXt 8 3135
6785 BERTLARGE 1 616
7111 VGG19-I 1 4345
7163 ResNet50 1 2863
7375 ResNeXt 1 7376
7557 ResNet50 1 1892
7995 ResNeXt 1 2459
8362 GPT2-SMALL 1 3883
8399 GNMT 1 1945
8761 ResNeXt 1 4435
9127 VGG19-I 1 5589
9251 GPT2-SMALL 8 1544
9752 ResNeXt 1 1293
10015 ResNet50 1 1359
10312 GNMT 4 2057
10540 GNMT 4 1654
10896 GNMT 4 3191
11158 ResNeXt 4 2867
11233 GPT2-SMALL 1 946
11337 ResNeXt 1 1797
11555 ResNet50 1 5314
11672 BERTLARGE 4 1402
11714 ResNeXt 1 6973
11838 VGG19-I 4 1433
11981 ResNet50 4 1060
12163 ResNet50 4 1816
12355 ResNet50 4 2281
12432 ResNeXt 1 1526
12539 ResNeXt 1 4498
12655 ResNeXt 4 5405
12985 ResNeXt 8 1372
13347 GPT2-SMALL 2 1637
13505 GNMT 4 1517
13823 BERTLARGE 1 2893
14481 ResNet50 2 2093
14944 GPT2-SMALL 8 3331
15304 GNMT 8 2710
15452 GPT2-SMALL 1 1303
15555 ResNet50 1 3138
15555 ResNeXt 1 3839
15557 BERTLARGE 1 2036
15557 GNMT 1 1707
15557 VGG19-I 1 1867
15586 GNMT 4 704
15795 ResNet50 1 3693
15795 GPT2-SMALL 1 2556
15796 VGG19-I 1 2109
15796 BERTLARGE 1 1048
16670 GPT2-SMALL 1 2639
16763 ResNet50 1 901
17119 GNMT 8 1481
17424 GNMT 1 1872
17655 GNMT 1 3884
18284 GNMT 8 2834
18684 GNMT 2 3293
18722 ResNeXt 2 3176
18756 GPT2-SMALL 2 1526
19066 GPT2-SMALL 1 1779
19206 ResNet50 16 5313
19368 ResNet50 1 2426
19550 ResNet50 2 2001
19960 BERTLARGE 8 557
20423 VGG19-I 4 2625
20619 GNMT 4 561
20717 GNMT 1 2241
20984 VGG19-I 1 2807
21482 VGG19-I 8 740
21760 ResNet50 1 1813
21969 BERTLARGE 1 547
22014 GPT2-SMALL 16 662
22611 BERTLARGE 4 2506
22863 BERTLARGE 4 497
22889 VGG19-I 4 684
22897 GPT2-SMALL 4 759
22952 ResNeXt 1 2507
22971 ResNeXt 8 1033