0 BERTLARGE 1 526819
219316 ResNeXt 4 1967777
251674 BERTLARGE 1 12668
251699 BERTLARGE 1 12603
256418 VGG19-I 1 10686
256458 GPT2-SMALL 1 9284
256459 ResNet50 1 12406
258863 BERTLARGE 1 6052
258886 GPT2-SMALL 1 8955
258888 GNMT 1 9589
259585 ResNet50 1 9615
259600 GPT2-SMALL 1 9173
259609 VGG19-I 1 10728
262503 GPT2-SMALL 1 9254
262517 BERTLARGE 1 6088
262523 ResNet50 1 10007
268877 BERTLARGE 4 38833
273432 VGG19-I 4 57640
274530 GNMT 4 48738
276110 GNMT 4 111905
276551 BERTLARGE 4 39745
281743 GPT2-SMALL 1 182
282919 GNMT 1 133
308826 GNMT 1 17152
309095 ResNeXt 1 27347
310067 ResNeXt 1 28559
310087 GNMT 1 16685
313418 ResNet50 1 400
313482 GPT2-SMALL 1 302
314356 BERTLARGE 1 337
314378 ResNet50 1 567
315822 ResNeXt 1 176
315831 BERTLARGE 1 86
328412 VGG19-I 1 21304
328414 BERTLARGE 1 11755
338459 BERTLARGE 4 90518
338689 GPT2-SMALL 4 146307
338704 VGG19-I 4 147645
350148 GNMT 1 188
351656 GPT2-SMALL 4 133520
365624 BERTLARGE 4 44848
368092 ResNeXt 4 165804
396126 BERTLARGE 1 25988
397046 ResNet50 1 426
397048 GPT2-SMALL 1 318
397938 ResNeXt 1 607
397948 VGG19-I 1 559
399449 ResNeXt 1 159
399469 BERTLARGE 1 66
409806 GPT2-SMALL 1 17403
409827 GPT2-SMALL 1 17453
428472 ResNet50 4 112936
438136 ResNeXt 4 201636
439115 VGG19-I 1 428
439116 VGG19-I 1 344
439582 ResNeXt 4 211394
440805 VGG19-I 1 413
440805 GNMT 1 239
441599 GPT2-SMALL 1 466
441617 ResNeXt 1 493
442462 GNMT 1 102
442490 ResNet50 1 111
445554 GNMT 2 3122
450983 ResNeXt 1 98
460482 GPT2-SMALL 1 179
461297 BERTLARGE 1 95
469774 ResNeXt 1 196
484123 VGG19-I 1 345
484124 VGG19-I 1 430
485979 GPT2-SMALL 1 514
485985 GPT2-SMALL 1 459
487832 BERTLARGE 1 559
487832 VGG19-I 1 321
499454 GPT2-SMALL 1 14986
521591 ResNeXt 1 190
552756 VGG19-I 1 22969
554478 ResNeXt 1 242
559930 ResNet50 1 20059
569878 GNMT 1 385
569878 GPT2-SMALL 1 402
571052 ResNet50 1 20330
571334 BERTLARGE 1 330
571340 ResNet50 1 413
572455 BERTLARGE 1 101
572455 GPT2-SMALL 1 112
574098 GNMT 1 82
580807 GNMT 2 160368
587485 GNMT 2 160990
595709 ResNet50 2 211627
622457 GNMT 1 143
623877 GPT2-SMALL 1 396
623877 ResNet50 1 375
625627 BERTLARGE 1 349
625627 GPT2-SMALL 1 402
626440 ResNet50 1 118
626447 ResNeXt 1 151
627202 VGG19-I 1 376
627202 ResNet50 1 329
627863 VGG19-I 1 837
627867 BERTLARGE 1 308
629646 GNMT 1 87
629646 BERTLARGE 1 80
657398 ResNeXt 1 518
657399 GPT2-SMALL 1 339
658517 ResNeXt 1 762
658521 BERTLARGE 1 394
659653 ResNeXt 1 185
659662 BERTLARGE 1 70
667980 BERTLARGE 1 12543
667990 GPT2-SMALL 1 18272
690574 ResNet50 1 323
690574 GNMT 1 250
691411 GPT2-SMALL 1 440
691428 VGG19-I 1 557
692519 ResNeXt 1 176
692521 GNMT 1 102
693194 GPT2-SMALL 4 135500
693196 GPT2-SMALL 4 132002
714019 ResNet50 2 65037
742611 BERTLARGE 1 199
742612 BERTLARGE 1 235
743400 GNMT 1 373
743407 GNMT 1 454
744196 GPT2-SMALL 1 160
744215 ResNeXt 1 131
795060 GPT2-SMALL 1 44
828976 ResNet50 1 296
828977 BERTLARGE 1 224
829807 GNMT 1 390
829807 VGG19-I 1 518
830633 BERTLARGE 1 70
830633 ResNet50 1 109
834663 BERTLARGE 1 39
842166 GPT2-SMALL 1 54
856170 GPT2-SMALL 1 56
879707 GNMT 1 123
883158 GPT2-SMALL 1 159
916193 ResNeXt 1 462
916194 VGG19-I 1 318
917921 GPT2-SMALL 1 410
917930 ResNeXt 1 1177
919650 ResNeXt 1 160
919650 GPT2-SMALL 1 111
977077 ResNeXt 1 20942
996104 GPT2-SMALL 2 170994
1002029 GNMT 1 279
1002029 BERTLARGE 1 189
1002907 ResNet50 1 444
1002908 ResNet50 1 404
1004053 GPT2-SMALL 1 164
1004053 VGG19-I 1 200
1059373 VGG19-I 1 538
1060037 VGG19-I 1 733
1070705 ResNeXt 1 25802
1070705 GNMT 1 12833
1070742 GNMT 1 12810
1070743 GPT2-SMALL 1 14978
1085610 VGG19-I 1 20977
1085610 VGG19-I 1 21467
1088034 BERTLARGE 1 175
1088035 GPT2-SMALL 1 247
1088036 VGG19-I 1 19074
1088037 GPT2-SMALL 1 15399
1089176 GPT2-SMALL 1 432
1089177 GNMT 1 375
1089801 ResNet50 4 1638
1090064 GNMT 4 2695
1090067 BERTLARGE 4 2132
1090959 ResNeXt 1 155
1090959 VGG19-I 1 120
1092500 GPT2-SMALL 1 164
1094822 VGG19-I 4 1542
1095151 ResNeXt 1 195
1095151 GPT2-SMALL 1 131
1108307 VGG19-I 4 129635
1110690 VGG19-I 1 176
1115331 BERTLARGE 1 318
1116016 BERTLARGE 1 95
1122029 GNMT 4 114608
1122645 BERTLARGE 4 2163
1122645 GPT2-SMALL 4 3058
1128228 VGG19-I 1 161
1128229 ResNeXt 1 190
1148546 ResNet50 1 21901
1148547 VGG19-I 1 24684
1151950 GNMT 1 13980
1174925 BERTLARGE 1 250
1174926 GPT2-SMALL 1 239
1176018 ResNet50 4 142040
1176043 GNMT 1 358
1176043 BERTLARGE 1 270
1176822 GNMT 1 96
1176826 ResNeXt 1 121
1179128 GPT2-SMALL 4 134478
1184261 GPT2-SMALL 1 19661
1184265 ResNeXt 1 27780
1196785 GPT2-SMALL 1 18772
1196788 GNMT 1 16557
1208986 VGG19-I 1 487
1209585 BERTLARGE 1 434
1210474 ResNeXt 1 240
1221987 ResNeXt 4 199826
1222004 VGG19-I 4 135359
1231012 ResNet50 1 43
1267367 ResNet50 1 352
1267367 BERTLARGE 1 182
1268247 ResNet50 1 352
1268248 GPT2-SMALL 1 378
1269352 ResNet50 1 110
1269352 VGG19-I 1 116
1281443 ResNeXt 1 26340
1281444 ResNeXt 1 27557
1282384 BERTLARGE 1 12912
1282399 BERTLARGE 1 12686
1305672 GPT2-SMALL 4 133541
1307066 GNMT 4 116067
1307455 BERTLARGE 1 11862
1307455 ResNeXt 1 25045
1319234 ResNet50 4 156771
1322235 ResNeXt 4 194700
1322761 ResNet50 1 20965
1322761 ResNet50 1 20800
1330834 GNMT 4 110560
1330843 VGG19-I 4 137819
1347431 ResNeXt 1 542
1347431 GNMT 1 219
1348306 ResNeXt 1 677
1348310 GNMT 1 375
1349147 GPT2-SMALL 1 163
1349156 ResNeXt 1 186
1356767 ResNeXt 1 215
1362294 BERTLARGE 1 13450
1362333 ResNet50 1 21343
1367542 GPT2-SMALL 1 142
1388150 ResNeXt 4 215419
1422424 ResNeXt 2 41643
1434067 VGG19-I 1 341
1434068 VGG19-I 1 308
1434841 VGG19-I 1 457
1439828 GPT2-SMALL 1 934
1440727 GNMT 1 31
1441957 ResNet50 1 130
1520171 GNMT 1 390
1520172 ResNeXt 1 461
1520981 VGG19-I 1 490
1520982 ResNeXt 1 702
1524507 BERTLARGE 1 94
1524507 ResNeXt 1 159
1560242 ResNet50 1 180
1560243 ResNet50 1 170
1560439 ResNet50 1 167
1560442 VGG19-I 1 187
1564783 ResNet50 1 157
1564785 GNMT 1 114
1565311 VGG19-I 1 169
1565312 GNMT 1 107
1565365 ResNet50 4 112974
1566328 GNMT 2 169177
1571362 GNMT 1 20872
1571375 ResNet50 1 21017
1571742 BERTLARGE 4 90940
1584497 GPT2-SMALL 1 148
1596172 ResNet50 4 135390
1610864 GNMT 1 13523
1610875 BERTLARGE 1 10688
1630983 ResNeXt 1 18244
1630997 BERTLARGE 1 10569
1631317 GPT2-SMALL 4 3136
1631322 GPT2-SMALL 4 3739
1636092 BERTLARGE 1 107
1637827 ResNet50 1 208
1641516 VGG19-I 4 129346
1647890 BERTLARGE 4 977
1650530 BERTLARGE 1 90
1651211 BERTLARGE 4 991
1653932 GPT2-SMALL 1 156
1663845 ResNeXt 1 467
1663849 VGG19-I 1 379
1664217 BERTLARGE 1 11844
1664218 BERTLARGE 1 11783
1664314 BERTLARGE 1 261
1664336 VGG19-I 1 520
1664865 BERTLARGE 1 80
1664935 BERTLARGE 1 70
1666058 ResNeXt 1 357
1666061 BERTLARGE 1 187
1666448 ResNet50 1 424
1666484 GNMT 1 325
1667028 GNMT 1 102
1667045 ResNeXt 1 142
1667778 GPT2-SMALL 1 19440
1667783 GNMT 1 17071
1668328 VGG19-I 1 604
1668328 ResNeXt 1 375
1668723 GNMT 1 304
1669022 GNMT 1 360
1669232 GNMT 1 82
1669602 ResNet50 1 102
1669689 ResNet50 1 309
1669689 GNMT 1 243
1670135 ResNeXt 1 900
1670140 ResNeXt 1 702
1670824 ResNet50 1 81
1671012 GPT2-SMALL 1 240
1687101 GNMT 4 9370
1687106 GNMT 4 9514
1692841 VGG19-I 1 331
1692841 GNMT 1 283
1694285 GPT2-SMALL 1 466
1695296 BERTLARGE 4 86929
1695401 ResNet50 1 224
1696457 ResNeXt 1 28205
1696457 GPT2-SMALL 1 19134
1703711 GNMT 1 355
1706916 BERTLARGE 1 233
1708939 VGG19-I 1 204
1716607 ResNeXt 1 22575
1716609 GPT2-SMALL 1 15780
1721528 GPT2-SMALL 4 127645
1722100 ResNet50 4 140603
1742631 GPT2-SMALL 1 404
1742631 ResNeXt 1 545
1743219 GNMT 1 601
1743558 ResNeXt 1 734
1744212 ResNeXt 1 220
1744366 VGG19-I 1 204
1761459 BERTLARGE 1 90
1772541 BERTLARGE 1 96
1773563 GPT2-SMALL 1 175
1777206 GPT2-SMALL 4 1552
1777206 VGG19-I 4 2016
1779450 VGG19-I 1 481
1779450 ResNeXt 1 370
1780230 ResNeXt 1 202
1780533 ResNet50 1 2344
1781618 ResNet50 1 502
1781694 VGG19-I 1 674
1783886 VGG19-I 1 172
1784253 GNMT 1 11170
1784253 ResNet50 1 14070
1784521 ResNeXt 1 159
1819146 BERTLARGE 1 12822
1820628 VGG19-I 1 22697
1821515 GNMT 4 41908
1821516 GPT2-SMALL 4 57604
1847078 BERTLARGE 2 134043
1893400 ResNet50 1 166
1903163 VGG19-I 1 307
1903163 GNMT 1 230
1903166 GNMT 1 124
1903168 BERTLARGE 1 83
1903363 GNMT 1 164
1904022 ResNet50 1 329
1904023 ResNeXt 1 515
1904135 VGG19-I 1 15469
1904139 VGG19-I 1 15473
1904819 GPT2-SMALL 1 87
1904826 BERTLARGE 1 69
1905347 GPT2-SMALL 1 17115
1905356 ResNeXt 1 24955
1907469 BERTLARGE 1 13484
1907471 VGG19-I 1 23855
1920806 GPT2-SMALL 4 1496
1922368 GNMT 4 1394
1924082 ResNet50 1 140
1925728 GNMT 1 121
1927711 ResNeXt 4 16780
1927712 ResNeXt 4 16534
1932851 GNMT 4 53135
1936352 ResNet50 4 66693
1944519 ResNeXt 1 194
1944519 ResNeXt 1 178
1952494 ResNeXt 1 929
1952494 GPT2-SMALL 1 261
1953257 GPT2-SMALL 1 360
1954011 VGG19-I 1 128
1954015 ResNet50 1 1020
1955838 GNMT 1 89
2013026 GNMT 1 16103
2013046 GNMT 1 16241
2017157 ResNeXt 1 26692
2017175 ResNeXt 1 26886
2019651 BERTLARGE 1 37
2023250 VGG19-I 1 211
2036839 ResNet50 4 146017
2038889 GNMT 1 349
2038890 VGG19-I 1 440
2040253 BERTLARGE 1 275
2040254 ResNeXt 1 495
2041070 BERTLARGE 1 67
2041072 GNMT 1 90
2059484 ResNet50 1 31586
2063814 GPT2-SMALL 4 115959
2097269 ResNet50 4 140104
2120166 ResNeXt 1 53
2129028 ResNet50 1 230
2129029 GPT2-SMALL 1 238
2129794 ResNeXt 1 553
2129795 ResNet50 1 571
2130596 VGG19-I 1 147
2130596 BERTLARGE 1 63
2161106 VGG19-I 1 5998
2161107 GPT2-SMALL 1 5093
2161132 GNMT 1 17176
2161132 GPT2-SMALL 1 19472
2161425 BERTLARGE 1 5484
2161425 ResNet50 1 8572
2161666 GPT2-SMALL 1 5236
2161666 GNMT 1 4583
2243780 ResNeXt 1 490
2245191 BERTLARGE 1 246
2245805 ResNeXt 1 187
2246061 BERTLARGE 1 121
2246699 ResNet50 1 98
2247257 GPT2-SMALL 1 23944
2247257 BERTLARGE 1 12563
2247322 VGG19-I 1 22324
2247429 ResNeXt 1 40276
2248491 BERTLARGE 1 12771
2256854 ResNet50 1 456
2257491 ResNet50 1 540
2257600 ResNet50 1 449
2258228 ResNeXt 1 220
2258236 BERTLARGE 1 316
2265370 ResNet50 1 156
2275305 ResNeXt 1 171
2300579 GPT2-SMALL 1 250
2302096 VGG19-I 1 1167
2302903 ResNet50 1 588
2304330 ResNeXt 1 664
2305057 VGG19-I 1 144
2305501 BERTLARGE 1 64
2352993 BERTLARGE 4 49709
2359902 VGG19-I 4 83731
2360615 ResNet50 1 21493
2360616 GNMT 4 74533
2360616 GNMT 4 70841
2360616 BERTLARGE 4 39886
2360617 GPT2-SMALL 4 89444
2360617 GNMT 4 55369
2360619 VGG19-I 4 61076
2360619 GNMT 4 40607
2360620 BERTLARGE 4 41345
2360620 BERTLARGE 4 40949
2360624 GNMT 4 99001
2360625 GNMT 4 70798
2360646 ResNeXt 4 105884
2360646 GPT2-SMALL 4 66148
2361910 ResNeXt 2 298391
2386703 ResNeXt 4 210609
2387145 VGG19-I 1 722
2388654 BERTLARGE 1 563
2388848 ResNeXt 1 579
2389673 ResNet50 1 248
2390478 VGG19-I 1 483
2391840 ResNet50 1 13223
2426731 ResNeXt 1 210
2443492 ResNeXt 1 181
2443902 VGG19-I 1 202
2446086 VGG19-I 1 199
2446921 ResNet50 1 151
2450733 ResNeXt 1 176
2453436 ResNet50 1 138
2457354 GPT2-SMALL 1 138
2462488 ResNet50 1 156
2473450 VGG19-I 1 149
2475834 ResNet50 1 177
2475912 VGG19-I 1 251
2478146 ResNeXt 1 906
2478174 GNMT 1 236
2478991 BERTLARGE 1 218
2480391 ResNet50 1 88
2480402 GNMT 1 321
2481894 GNMT 1 106
2483036 BERTLARGE 1 58
2485837 GPT2-SMALL 1 115
2495057 GNMT 1 15293
2505721 BERTLARGE 1 11948
2518377 VGG19-I 2 295970
2521710 VGG19-I 1 151
2545486 GPT2-SMALL 1 22430
2545511 ResNeXt 1 32581
2546184 ResNeXt 1 32070
2548010 ResNet50 1 24886
2551437 GNMT 1 19054
2551448 ResNet50 1 23809
2556984 GNMT 1 232
2556984 GNMT 1 261
2558957 GNMT 1 369
2560341 GPT2-SMALL 1 330
2560836 GPT2-SMALL 1 100
2561632 GPT2-SMALL 1 108
2561761 GPT2-SMALL 1 21944
2561775 GPT2-SMALL 1 22372
2574992 BERTLARGE 4 89482
2579225 GPT2-SMALL 4 149891
2584996 GPT2-SMALL 4 155215
2591838 GPT2-SMALL 4 155460
2627476 VGG19-I 1 110
2636760 GNMT 4 99771
2643932 GPT2-SMALL 1 419
2643932 GPT2-SMALL 1 267
2644740 GPT2-SMALL 1 514
2644741 BERTLARGE 1 274
2645584 VGG19-I 1 152
2647005 ResNeXt 1 125
2711038 VGG19-I 1 41800
2724456 ResNeXt 4 211031
2728286 VGG19-I 2 245878
2730105 VGG19-I 1 284
2730105 GNMT 1 186
2731218 ResNeXt 1 940
2731220 ResNeXt 1 940
2733271 ResNeXt 1 328
2733271 ResNeXt 1 244
2737914 VGG19-I 1 23559
2737938 GNMT 1 16897
2738675 VGG19-I 1 23531
2738683 GNMT 1 16832
2738836 ResNeXt 1 27703
2738836 ResNeXt 1 27993
2758115 ResNet50 1 16834
2758116 GNMT 1 11130
2763018 ResNeXt 4 279928
2765561 BERTLARGE 4 49825
2771035 VGG19-I 1 146
2777686 GNMT 4 1382
2778950 VGG19-I 4 1649
2779788 VGG19-I 4 79678
2781033 ResNeXt 1 187
2781613 GPT2-SMALL 1 157
2804852 GPT2-SMALL 1 112
2810910 GPT2-SMALL 1 791
2817422 ResNeXt 1 354
2817422 GNMT 1 185
2820995 ResNet50 4 151926
2821065 BERTLARGE 1 631
2821066 ResNeXt 1 1142
2821972 GPT2-SMALL 1 12929
2821972 ResNet50 1 13936
2822496 ResNet50 1 184
2822497 VGG19-I 1 126
2824613 GPT2-SMALL 1 16190
2824613 GPT2-SMALL 1 14279
2827652 GNMT 4 60317
2831461 GNMT 1 17787
2831484 GNMT 1 17454
2831570 GNMT 1 17214
2836521 GNMT 4 56715
2840204 BERTLARGE 4 972
2843377 GNMT 4 1239
2843510 GNMT 4 1205
2843698 BERTLARGE 1 101
2847585 GNMT 1 127
2847602 BERTLARGE 4 1289
2850589 BERTLARGE 1 230
2850589 VGG19-I 1 415
2851413 BERTLARGE 1 261
2851413 ResNeXt 1 1173
2872525 ResNeXt 1 218
2889050 ResNeXt 1 221
2903670 BERTLARGE 1 221
2903670 VGG19-I 1 361
2904763 GPT2-SMALL 1 626
2905857 ResNet50 1 374
2905860 BERTLARGE 1 8697
2905861 GNMT 1 11286
2907149 ResNet50 1 127
2907150 ResNet50 1 91
2917307 BERTLARGE 1 92
2922459 BERTLARGE 4 973
2926520 VGG19-I 4 1529
2926554 ResNeXt 1 228
2926839 GPT2-SMALL 1 134
2929326 ResNeXt 1 168
2931823 GNMT 1 27957
2931840 GNMT 1 28599
2971942 BERTLARGE 2 95874
2973384 BERTLARGE 4 87631
2974036 GNMT 2 80359
2974311 GNMT 4 110813
2989074 BERTLARGE 1 8932
2989075 ResNeXt 1 18543
2989749 ResNeXt 1 588
2989749 GNMT 1 308
2991493 GPT2-SMALL 1 479
2991502 GPT2-SMALL 1 369
2992589 BERTLARGE 1 58
2992597 BERTLARGE 1 111
2998773 ResNeXt 1 28950
2998774 BERTLARGE 1 13608
3006294 BERTLARGE 4 1224
3007080 ResNet50 4 1834
3009423 BERTLARGE 1 87
3011743 BERTLARGE 1 85
3015111 ResNeXt 1 196
3021108 BERTLARGE 4 8231
3021160 ResNeXt 1 219
3025374 GPT2-SMALL 4 27477
3027806 VGG19-I 4 31387
3039620 ResNeXt 1 197
3067820 GPT2-SMALL 1 138
3072212 VGG19-I 1 16269
3072212 GNMT 1 11626
3075816 GPT2-SMALL 1 246
3075817 GNMT 1 207
3076202 GNMT 4 50722
3076911 ResNeXt 1 492
3076916 GNMT 1 349
3078014 VGG19-I 1 116
3078015 ResNeXt 1 221
3078614 VGG19-I 4 74371
3079751 ResNeXt 1 28098
3082227 ResNeXt 4 135602
3089337 GPT2-SMALL 4 15180
3089347 GPT2-SMALL 4 15233
3090328 GPT2-SMALL 1 209
3092021 VGG19-I 1 24781
3101746 ResNeXt 1 76
3105066 VGG19-I 4 136291
3107496 GNMT 1 10889
3111466 VGG19-I 1 191
3111473 ResNeXt 1 268
3118878 ResNet50 4 138288
3124356 ResNeXt 1 224170
3127777 GPT2-SMALL 4 123948
3127782 VGG19-I 4 129891
3155472 GNMT 1 151
3156583 VGG19-I 1 180
3160079 VGG19-I 1 176
3161823 BERTLARGE 1 162
3161824 GPT2-SMALL 1 257
3162926 GPT2-SMALL 1 443
3164916 GPT2-SMALL 1 83
3164923 ResNeXt 1 684
3165986 ResNeXt 1 104
3166639 GPT2-SMALL 1 106
3181240 ResNet50 1 177
3211834 ResNet50 1 144
3248557 VGG19-I 1 376
3249378 GNMT 1 360
3249391 VGG19-I 1 615
3250492 VGG19-I 1 217
3250494 GPT2-SMALL 1 569
3291296 VGG19-I 1 158
3295263 ResNeXt 1 196
3301266 BERTLARGE 1 85
3303882 VGG19-I 1 160
3322005 VGG19-I 1 178
3360917 GNMT 1 17295
3360972 GPT2-SMALL 1 24287
3363744 GPT2-SMALL 1 17865
3363770 GPT2-SMALL 1 17366
3370186 GPT2-SMALL 1 450
3370867 GNMT 1 431
3371599 VGG19-I 1 162
3373719 BERTLARGE 1 182
3373719 ResNet50 1 286
3373813 VGG19-I 1 328
3373815 ResNet50 1 279
3374153 GPT2-SMALL 1 340
3374154 ResNet50 1 428
3374219 ResNet50 1 432
3374277 GNMT 1 560
3374724 VGG19-I 1 127
3374735 ResNeXt 1 122
3374854 GNMT 1 85
3375160 VGG19-I 1 125
3378909 ResNeXt 1 385
3378943 ResNeXt 1 557
3379909 ResNeXt 1 725
3379909 BERTLARGE 1 287
3380732 VGG19-I 1 124
3380738 BERTLARGE 1 88
3386654 GNMT 4 9209
3386668 ResNeXt 4 16970
3388149 GPT2-SMALL 4 62471
3392448 GPT2-SMALL 4 64622
3402416 VGG19-I 1 229
3402436 BERTLARGE 1 186
3421105 BERTLARGE 1 200
3421106 GPT2-SMALL 1 347
3421884 GPT2-SMALL 1 514
3421886 GPT2-SMALL 1 457
3422717 GPT2-SMALL 1 97
3422723 GPT2-SMALL 1 11496
3427083 GNMT 1 17461
3427084 ResNet50 1 20728
3427409 VGG19-I 1 18234
3427409 ResNeXt 1 21290
3447594 BERTLARGE 4 8478
3447596 BERTLARGE 4 8519
3452699 BERTLARGE 4 84648
3452703 BERTLARGE 4 85388
3466111 VGG19-I 1 157
3466114 BERTLARGE 1 97
3475965 VGG19-I 1 175
3483417 ResNeXt 1 363
3483503 ResNeXt 1 31168
3484764 BERTLARGE 1 11706
3507025 BERTLARGE 2 29466
3507742 BERTLARGE 1 10272
3508198 VGG19-I 1 335
3508198 ResNet50 1 277
3509050 VGG19-I 1 522
3509076 GPT2-SMALL 1 414
3510028 ResNet50 1 102
3510079 VGG19-I 1 136
3510476 GNMT 1 13107
3511775 BERTLARGE 2 33360
3512167 ResNet50 1 19834
3512172 BERTLARGE 1 12464
3516797 ResNeXt 1 26914
3516818 ResNet50 1 19855
3527660 GNMT 4 733
3529150 ResNeXt 1 217
3530044 BERTLARGE 4 770
3531413 ResNet50 1 18756
3533663 ResNeXt 1 501
3535913 BERTLARGE 4 89557
3536814 BERTLARGE 4 89931
3540721 BERTLARGE 4 90794
3544128 VGG19-I 4 132495
3546896 ResNeXt 1 27612
3547060 ResNeXt 1 27818
3550915 ResNet50 1 24906
3550979 GNMT 1 19905
3557255 ResNeXt 1 362
3557256 ResNet50 1 361
3558297 BERTLARGE 1 266
3558450 ResNeXt 2 278074
3559452 GPT2-SMALL 1 23283
3560045 ResNet50 1 95
3562157 GNMT 1 21690
3562846 GPT2-SMALL 1 1615
3562905 GNMT 1 19401
3563086 GPT2-SMALL 1 22371
3565489 VGG19-I 1 182
3567183 GPT2-SMALL 1 48
3568059 GNMT 1 6939
3572596 BERTLARGE 4 90035
3572781 GPT2-SMALL 4 138879
3580339 ResNet50 1 104
3581457 BERTLARGE 1 36
3582036 GPT2-SMALL 4 131827
3583142 ResNet50 4 142805
3583917 ResNet50 1 8180
3589929 GPT2-SMALL 4 141342
3592464 VGG19-I 4 142424
3592543 ResNeXt 4 209148
3593888 GPT2-SMALL 1 101
3596562 VGG19-I 4 142441
3601029 GPT2-SMALL 1 18824
3601042 ResNeXt 1 27098
3601773 VGG19-I 1 16038
3603702 GNMT 1 17129
3603725 GNMT 1 16960
3606502 ResNet50 1 20310
3606503 ResNeXt 1 18846
3619932 ResNeXt 4 22848
3622365 ResNet50 1 14709
3623827 VGG19-I 1 368
3623885 ResNet50 1 21888
3623891 ResNet50 1 530
3623916 GNMT 4 12521
3624965 GNMT 1 372
3625578 GPT2-SMALL 1 104
3625591 BERTLARGE 1 335
3626130 ResNeXt 1 27101
3626705 GNMT 4 108530
3628737 ResNet50 1 168
3629107 ResNeXt 1 27598
3630114 VGG19-I 1 286
3630868 ResNet50 4 15129
3632956 GNMT 1 100
3637157 GPT2-SMALL 4 67690
3640316 GNMT 4 11881
3643498 GPT2-SMALL 1 338
3645233 ResNet50 1 184
3647424 ResNeXt 1 651
3647424 GNMT 1 287
3648283 ResNeXt 1 717
3648286 VGG19-I 1 468
3649388 GNMT 1 87
3649391 BERTLARGE 1 159
3651050 BERTLARGE 1 98
3652534 ResNeXt 4 97840
3652823 GPT2-SMALL 2 242019
3653187 ResNeXt 1 450
3653192 ResNet50 1 560
3654013 ResNeXt 1 675
3654028 VGG19-I 1 666
3654525 BERTLARGE 4 86473
3654706 ResNeXt 4 198985
3655114 GNMT 1 83
3655118 BERTLARGE 1 60
3662832 ResNeXt 1 186
3672278 VGG19-I 1 23500
3672278 GNMT 1 16769
3673999 VGG19-I 1 23462
3680694 ResNet50 1 513
3680694 ResNeXt 1 381
3682303 VGG19-I 1 644
3682946 VGG19-I 1 5893
3684065 ResNeXt 1 157
3691446 VGG19-I 1 105
3696926 GNMT 4 8101
3696930 BERTLARGE 4 6434
3698209 BERTLARGE 1 8847
3698209 GNMT 1 11067
3699634 ResNeXt 2 331938
3699858 BERTLARGE 1 16422
3699860 ResNeXt 1 31907
3711187 ResNet50 1 175
3714878 GNMT 4 12646
3715545 ResNet50 4 16000
3719651 GPT2-SMALL 1 235
3734123 BERTLARGE 1 124
3737869 ResNeXt 1 188
3738571 VGG19-I 1 27941
3738580 VGG19-I 1 23450
3739840 ResNeXt 1 514
3743782 GNMT 4 114357
3743803 GPT2-SMALL 4 134018
3744449 GNMT 1 124
3763121 BERTLARGE 1 189
3765683 BERTLARGE 1 137
3766321 GPT2-SMALL 4 134170
3767636 BERTLARGE 1 16278
3767699 ResNeXt 1 28517
3767820 GNMT 1 266
3768263 ResNet50 1 387
3768265 BERTLARGE 1 134
3768325 VGG19-I 1 616
3769332 VGG19-I 1 108
3769346 BERTLARGE 1 326
3770168 GPT2-SMALL 1 104
3776283 VGG19-I 1 157
3778315 ResNeXt 4 198133
3788454 BERTLARGE 1 122
3788455 BERTLARGE 1 90
3790286 ResNet50 1 142
3790295 GNMT 1 101
3792131 ResNet50 1 20311
3792141 VGG19-I 1 22935
3794017 ResNeXt 4 197034
3798799 GPT2-SMALL 4 128428
3804618 ResNet50 1 140
3807516 ResNet50 4 39393
3809034 ResNet50 1 52
3816980 VGG19-I 4 144873
3817009 GNMT 4 119177
3836438 GNMT 1 161
3837962 ResNet50 1 133
3852866 ResNet50 1 365
3852867 ResNet50 1 508
3853696 GNMT 1 15658
3854563 BERTLARGE 1 300
3854568 ResNeXt 1 564
3855336 GPT2-SMALL 1 104
3855340 VGG19-I 1 119
3858116 VGG19-I 1 236
3877453 GNMT 2 194539
3930763 VGG19-I 1 147
3931618 BERTLARGE 1 91
3939267 ResNet50 1 21449
3939287 ResNeXt 1 28957
3943265 GPT2-SMALL 1 228
3943266 VGG19-I 1 363
3944029 ResNeXt 1 778
3944034 BERTLARGE 1 236
3945440 ResNeXt 1 125
3945441 BERTLARGE 1 144
3948161 GNMT 1 16165
3948161 GPT2-SMALL 1 18380
3948643 ResNeXt 1 28425
3948683 VGG19-I 1 23952
3954988 VGG19-I 1 153
3957067 GPT2-SMALL 1 18650
3959751 GPT2-SMALL 1 134
3966520 BERTLARGE 4 87264
3966537 ResNet50 4 142859
3974226 BERTLARGE 1 88
3974498 GPT2-SMALL 4 66256
3974528 GPT2-SMALL 4 62885
3980444 BERTLARGE 4 86177
3980486 ResNet50 1 149
3982911 GNMT 1 17868
3982911 VGG19-I 1 24585
3983943 BERTLARGE 1 49
3986839 ResNeXt 1 11962
3995806 ResNet50 1 64
3997243 ResNet50 1 254
3997243 ResNet50 1 282
3998473 ResNet50 1 150
3999267 ResNeXt 1 676
3999273 GPT2-SMALL 1 495
3999556 GNMT 1 6783
4000652 BERTLARGE 1 88
4000652 VGG19-I 1 156
4010110 GPT2-SMALL 1 156
4010260 VGG19-I 4 142147
4011215 BERTLARGE 1 101
4014603 VGG19-I 1 446
4028354 VGG19-I 1 27864
4029438 ResNeXt 1 31572
4030059 BERTLARGE 1 309
4030059 ResNeXt 1 434
4030894 BERTLARGE 1 359
4030925 VGG19-I 1 571
4032656 GPT2-SMALL 1 175
4032657 BERTLARGE 1 139
4033191 GPT2-SMALL 1 25056
4033191 BERTLARGE 1 13663
4040789 VGG19-I 4 101550
4058834 ResNeXt 4 207017
4061631 GNMT 4 114954
4062870 BERTLARGE 1 105
4066328 BERTLARGE 4 88498
4067888 VGG19-I 1 138
4078122 ResNeXt 4 197342
4085610 ResNeXt 1 352
4085613 BERTLARGE 1 459
4086722 BERTLARGE 1 240
4086722 GPT2-SMALL 1 334
4087783 BERTLARGE 1 1203
4087790 ResNet50 1 116
4094914 ResNeXt 4 129634
4104147 GNMT 1 16836
4104148 ResNeXt 1 27353
4106572 GNMT 1 15317
4106578 GPT2-SMALL 1 17555
4115907 ResNeXt 1 361
4115907 GNMT 1 228
4116253 BERTLARGE 2 97865
4117802 GNMT 1 17322
4117804 GPT2-SMALL 1 19110
4117898 VGG19-I 1 413
4117910 ResNeXt 1 705
4118675 ResNet50 1 115
4119226 ResNet50 1 98
4120739 ResNet50 1 20621
4120741 ResNet50 1 20304
4129096 VGG19-I 4 65385
4129470 GPT2-SMALL 4 11275
4138291 VGG19-I 4 65805
4143244 VGG19-I 4 13719
4144172 ResNeXt 4 100614
4144185 ResNeXt 4 96440
4145359 GNMT 4 57046
4145383 GNMT 4 56031
4146773 ResNeXt 1 372
4147098 VGG19-I 1 398
4147819 VGG19-I 1 398
4148419 BERTLARGE 1 131
4148589 BERTLARGE 1 226
4148976 BERTLARGE 1 86
4151178 ResNet50 1 108
4151184 GPT2-SMALL 1 121
4151999 VGG19-I 1 159
4154787 GNMT 1 120
4161226 VGG19-I 1 168
4163718 VGG19-I 1 169
4177967 GNMT 1 11517
4177968 ResNeXt 1 19196
4187899 ResNet50 1 132
4188241 BERTLARGE 1 40
4195333 GPT2-SMALL 4 13746
4195336 VGG19-I 4 12003
4195859 GPT2-SMALL 1 17300
4195860 ResNeXt 1 24905
4197102 GPT2-SMALL 1 7664
4202757 ResNeXt 1 401
4203089 ResNeXt 1 371
4203877 BERTLARGE 1 108
4204165 BERTLARGE 1 231
4204166 ResNet50 1 433
4205269 BERTLARGE 1 66
4205269 ResNet50 1 100
4208152 ResNeXt 1 151
4213644 ResNet50 1 147
4214060 GPT2-SMALL 1 22562
4219964 BERTLARGE 4 7224
4224911 GPT2-SMALL 1 137
4225012 GNMT 1 129
4225014 GPT2-SMALL 1 159
4228408 ResNet50 1 194
4230304 ResNeXt 4 20852
4236540 VGG19-I 1 156
4239094 VGG19-I 1 206
4239690 BERTLARGE 1 118
4239788 VGG19-I 1 162
4241787 GPT2-SMALL 1 125
4244520 ResNet50 2 205425
4247852 GNMT 1 255
4247852 VGG19-I 1 315
4248547 GPT2-SMALL 1 141
4248638 ResNeXt 1 561
4250010 ResNet50 1 138
4250477 BERTLARGE 1 83
4250659 GNMT 1 87
4250673 GPT2-SMALL 1 332
4251421 ResNet50 1 171
4251787 GNMT 1 81
4259983 GPT2-SMALL 1 213
4264552 ResNeXt 1 27172
4264577 BERTLARGE 1 12699
4277990 ResNet50 1 20969
4277992 ResNet50 1 20937
4278531 GNMT 1 17326
4278531 ResNet50 1 21272
4287927 GPT2-SMALL 1 15256
4288685 ResNeXt 1 402
4288686 GPT2-SMALL 1 339
4289677 ResNeXt 4 210199
4289764 VGG19-I 1 495
4289765 ResNeXt 1 523
4291263 BERTLARGE 1 75
4291263 ResNet50 1 113
4297167 ResNet50 1 13427
4301044 GPT2-SMALL 1 17649
4301048 ResNet50 1 19578
4308272 GPT2-SMALL 4 13504
4313711 BERTLARGE 1 46
4317309 GNMT 4 11544
4318309 GPT2-SMALL 1 8418
4323810 ResNet50 1 271
4323811 BERTLARGE 1 180
4324607 GPT2-SMALL 4 10939
4324906 ResNet50 1 413
4324906 GNMT 1 294
4326680 ResNeXt 1 136
4326684 ResNet50 1 113
4328608 BERTLARGE 4 7600
4329179 ResNeXt 1 179
4329587 BERTLARGE 1 76
4330248 ResNet50 1 319
4330869 GNMT 1 209
4331950 ResNeXt 1 552
4332712 ResNet50 1 410
4333800 ResNeXt 1 152
4333805 GPT2-SMALL 1 96
4335883 ResNet50 1 308
4335902 ResNeXt 1 355
4336507 GNMT 1 316
4336573 GPT2-SMALL 1 149
4336905 GPT2-SMALL 1 335
4338644 GPT2-SMALL 1 269
4339571 BERTLARGE 1 167
4339713 BERTLARGE 1 250
4340472 GPT2-SMALL 1 392
4341281 BERTLARGE 1 66
4341738 GPT2-SMALL 1 97
4345678 GNMT 1 17084
4345679 VGG19-I 1 24077
4351510 GPT2-SMALL 1 23175
4351522 BERTLARGE 1 15738
4356330 ResNet50 1 306
4356331 BERTLARGE 1 176
4357094 ResNeXt 1 548
4357107 ResNeXt 1 542
4358193 ResNet50 1 94
4358198 GNMT 1 79
4360425 ResNeXt 4 102197
4360425 ResNeXt 4 96701
4362907 VGG19-I 1 293
4363237 VGG19-I 1 340
4364310 ResNet50 1 487
4364310 GNMT 1 318
4364435 GPT2-SMALL 1 17085
4364435 GPT2-SMALL 1 17007
4364901 VGG19-I 1 20531
4364903 BERTLARGE 1 11467
4365068 VGG19-I 1 117
4365070 GPT2-SMALL 1 110
4368189 ResNet50 4 12959
4369114 GPT2-SMALL 1 266
4369115 ResNeXt 1 421
4369903 GPT2-SMALL 1 369
4369904 ResNet50 1 413
4370694 GNMT 1 92
4370695 GPT2-SMALL 1 113
4371271 BERTLARGE 4 42051
4373711 GNMT 4 54212
4375374 GPT2-SMALL 1 302
4375374 GNMT 1 230
4376184 BERTLARGE 1 290
4376187 GPT2-SMALL 1 391
4376515 ResNet50 4 11938
4376969 VGG19-I 1 130
4376970 BERTLARGE 1 70
4381717 VGG19-I 4 132002
4383498 ResNeXt 1 30178
4383498 BERTLARGE 1 14030
4385427 BERTLARGE 1 93
4386282 ResNeXt 4 195291
4386516 GPT2-SMALL 4 124021
4386526 VGG19-I 4 135569
4392647 ResNet50 1 242
4395791 VGG19-I 4 130790
4399695 GNMT 1 16771
4399695 GNMT 1 16595
4408517 GPT2-SMALL 1 18952
4408520 ResNeXt 1 27300
4409989 ResNeXt 4 97892
4422354 ResNeXt 4 169085
4424925 ResNeXt 4 151094
4433325 ResNet50 4 147011
4441407 ResNet50 4 140278
4442906 BERTLARGE 1 12611
4442913 GNMT 1 15943
4449172 GNMT 1 123
4454351 BERTLARGE 1 97
4459459 ResNet50 1 148
4461435 ResNeXt 1 413
4461436 ResNet50 1 275
4462335 GPT2-SMALL 1 126
4463447 BERTLARGE 1 247
4463452 GPT2-SMALL 1 363
4464543 GPT2-SMALL 1 93
4464553 BERTLARGE 1 65
4469635 VGG19-I 4 132064
4483117 GPT2-SMALL 1 126
4494225 ResNet50 1 241
4494226 VGG19-I 1 320
4494585 ResNet50 1 369
4494628 ResNet50 1 361
4495098 BERTLARGE 1 62
4495127 GNMT 1 79
4499680 GNMT 1 112
4527004 GNMT 4 61423
4546987 GPT2-SMALL 1 15270
4546987 ResNeXt 1 21911
4548220 GPT2-SMALL 1 246
4548221 BERTLARGE 1 175
4548989 ResNet50 1 369
4548996 ResNeXt 1 503
4550098 ResNet50 1 99
4551846 ResNeXt 4 82760
4552723 ResNeXt 1 367
4560222 ResNeXt 1 190
4561355 ResNet50 1 118
4564268 BERTLARGE 1 91
4566782 VGG19-I 4 2774
4566784 VGG19-I 4 2980
4568455 ResNeXt 1 19602
4568459 BERTLARGE 1 10261
4569354 BERTLARGE 1 12082
4569354 VGG19-I 1 21790
4571304 GPT2-SMALL 1 129
4571315 GPT2-SMALL 1 137
4571366 GPT2-SMALL 1 115
4573592 ResNet50 1 145
4574969 ResNeXt 4 105391
4575469 VGG19-I 1 21931
4575469 GNMT 1 15675
4577225 GPT2-SMALL 1 109
4579654 BERTLARGE 1 156
4580884 ResNeXt 1 196
4581065 VGG19-I 1 221
4581519 GNMT 1 38
4581522 ResNeXt 1 231
4582002 GNMT 1 36
4589360 GPT2-SMALL 4 8316
4590543 GPT2-SMALL 4 10093
4590591 GNMT 1 104
4590591 BERTLARGE 1 69
4591376 VGG19-I 1 209
4591377 GNMT 1 105
4592173 GNMT 1 33
4592173 VGG19-I 1 52
4592449 ResNet50 4 66459
4594351 ResNet50 1 137
4594647 VGG19-I 1 175
4594662 ResNet50 1 2650
4594822 BERTLARGE 1 124
4595932 ResNet50 1 61
4595938 GPT2-SMALL 1 152
4596431 GNMT 1 35
4598745 GPT2-SMALL 4 64324
4615073 BERTLARGE 1 12771
4615077 BERTLARGE 1 12826
4617772 ResNet50 1 53
4620531 GPT2-SMALL 1 78
4620533 ResNet50 1 66
4627626 GPT2-SMALL 1 55
4627834 ResNet50 1 63
4639376 ResNeXt 4 214923
4639444 GNMT 4 115435
4649140 BERTLARGE 1 40
4660733 VGG19-I 1 77
4660738 VGG19-I 1 88
4672112 BERTLARGE 1 45
4673853 GPT2-SMALL 1 16620
4673854 ResNeXt 1 24128
4677759 GNMT 1 65
4689121 BERTLARGE 1 46
4690226 ResNeXt 1 148
4690548 ResNeXt 1 154
4690813 ResNet50 1 167
4691954 ResNet50 1 57
4691966 VGG19-I 1 192
4692564 GPT2-SMALL 1 45
4695290 BERTLARGE 4 90396
4695321 GPT2-SMALL 4 127255
4716661 ResNet50 1 1551
4717360 VGG19-I 1 14316
4717366 ResNet50 1 12959
4720701 VGG19-I 1 220
4722543 ResNet50 1 133
4722724 BERTLARGE 1 111
4723209 VGG19-I 1 57
4723233 ResNeXt 1 304
4724015 VGG19-I 1 50
4725074 GNMT 1 7706
4725728 VGG19-I 1 10551
4725732 ResNet50 1 9432
4725741 ResNeXt 1 12598
4727850 ResNeXt 1 12688
4732988 ResNeXt 1 7204
4733622 ResNet50 4 6207
4734179 ResNeXt 1 17
4734943 BERTLARGE 1 932
4740627 ResNet50 4 4966
4741730 ResNeXt 4 87451
4742015 GNMT 1 56
4743241 BERTLARGE 4 38183
4748288 ResNeXt 4 87774
4748520 ResNet50 1 51
4757441 GPT2-SMALL 1 8999
4759087 VGG19-I 1 11234
4765129 GNMT 1 4954
4765923 GNMT 1 5113
4766517 GPT2-SMALL 1 5294
4767247 BERTLARGE 1 2349
4773262 VGG19-I 1 23081
4773701 BERTLARGE 1 16454
4796912 ResNeXt 1 19
4797574 VGG19-I 1 1674
4799360 VGG19-I 1 12
4804855 GPT2-SMALL 4 55550
4810870 BERTLARGE 4 39728
4811198 ResNet50 4 69780
4820618 BERTLARGE 1 14053
4820620 GPT2-SMALL 1 20685
4827988 GPT2-SMALL 1 66
4829390 BERTLARGE 4 2943
4829442 GNMT 1 40
4829445 VGG19-I 1 62
4831679 GNMT 4 45287
4831786 ResNet50 4 61551
4836102 BERTLARGE 1 28
4836320 GPT2-SMALL 4 44348
4842455 BERTLARGE 4 87627
4845985 GNMT 1 48
4847776 VGG19-I 1 131
4847985 ResNet50 4 73936
4848096 GPT2-SMALL 1 219
4848212 BERTLARGE 1 162
4849339 VGG19-I 4 67298
4849926 ResNeXt 1 76
4849935 GPT2-SMALL 1 156
4851639 GNMT 1 44
4857458 BERTLARGE 1 48
4861801 ResNeXt 1 154
4861801 BERTLARGE 1 126
4862783 GNMT 1 140
4863621 VGG19-I 1 1046
4865148 ResNet50 1 129
4866679 ResNet50 1 113
4867324 ResNet50 4 53218
4878738 ResNet50 1 1472
4880508 GPT2-SMALL 1 12
4883150 GPT2-SMALL 1 54
4883868 GNMT 1 51
4884276 ResNeXt 1 107
4885620 GPT2-SMALL 1 1362
4887117 GNMT 1 946
4887404 ResNet50 1 7
4887894 ResNet50 1 1526
4889718 BERTLARGE 1 8
4890294 BERTLARGE 1 8
4891412 GPT2-SMALL 1 1428
4893429 GPT2-SMALL 1 141
4893434 BERTLARGE 1 89
4893571 BERTLARGE 1 5
4893905 GNMT 1 156
4894232 GPT2-SMALL 1 153
4894350 GPT2-SMALL 1 57
4894407 VGG19-I 1 1660
4895128 BERTLARGE 1 30
4896296 GNMT 1 9
4897447 GNMT 4 88531
4899336 ResNeXt 1 59
4900251 BERTLARGE 1 28
4900790 ResNet50 1 60
4905368 BERTLARGE 1 13474
4905375 VGG19-I 1 23880
4906218 GPT2-SMALL 1 50
4910570 ResNet50 1 141
4910787 GPT2-SMALL 1 19889
4911112 VGG19-I 1 24012
4931024 BERTLARGE 4 47145
4933348 ResNet50 1 15083
4936560 VGG19-I 4 65782
4936615 GNMT 1 43
4937415 ResNet50 4 74333
4940965 VGG19-I 1 78
4941906 GNMT 1 8897
4942991 ResNeXt 1 104
4943145 GPT2-SMALL 1 23401
4944021 ResNeXt 4 5328
4944021 GPT2-SMALL 4 3376
4945011 VGG19-I 1 135
4945011 ResNet50 1 124
4945235 ResNeXt 4 4960
4945241 VGG19-I 4 3277
4950105 GPT2-SMALL 1 19714
4951575 BERTLARGE 4 6534
4953676 BERTLARGE 1 105
4954271 VGG19-I 1 72
4954272 ResNeXt 1 71
4955329 VGG19-I 4 10676
4955659 ResNeXt 1 407
4956425 ResNeXt 1 67
4959394 BERTLARGE 1 34285
4959394 ResNeXt 1 71757
4960238 GPT2-SMALL 1 44
4961281 ResNet50 1 21279
4961283 GPT2-SMALL 1 19441
4965668 GPT2-SMALL 1 71
4970727 ResNet50 1 90
4973656 GNMT 1 67
4978057 BERTLARGE 1 38
4980426 GNMT 1 105
4980426 BERTLARGE 1 65
4981227 BERTLARGE 1 98
4981232 GPT2-SMALL 1 126
4981713 VGG19-I 1 55
4981713 BERTLARGE 1 30
4986899 GPT2-SMALL 4 66133
4986899 BERTLARGE 4 41681
4993941 ResNet50 1 12237
4999439 GPT2-SMALL 1 6848
5006402 BERTLARGE 1 13080
5006913 BERTLARGE 1 12985
5008474 BERTLARGE 1 2183
5009189 ResNeXt 4 88378
5009302 VGG19-I 4 60664
5013472 BERTLARGE 4 40526
5022963 GNMT 4 3011
5025795 BERTLARGE 1 37
5028303 ResNeXt 1 34819
5028815 GPT2-SMALL 1 23762
5033338 ResNeXt 4 184457
5033390 VGG19-I 1 78
5034359 VGG19-I 1 78
5042510 GPT2-SMALL 1 62
5060912 VGG19-I 4 151477
5069252 ResNet50 1 21247
5069907 ResNeXt 1 28089
5074648 ResNeXt 1 90
5080325 VGG19-I 1 91
5092476 GNMT 1 50
5096136 GNMT 4 53345
5099213 GPT2-SMALL 1 50
5109039 GNMT 1 31
5109224 ResNet50 4 61566
5110027 VGG19-I 4 115414
5110031 VGG19-I 4 57887
5142942 GNMT 1 1192
5153067 ResNeXt 1 271
5153067 ResNeXt 1 260
5153571 GPT2-SMALL 1 242
5153575 GPT2-SMALL 1 272
5154418 ResNet50 1 45
5154419 VGG19-I 1 54
5160154 VGG19-I 1 9
5183860 VGG19-I 1 100
5198852 ResNet50 1 125
5199420 ResNet50 1 49
5200413 GPT2-SMALL 1 109
5200413 VGG19-I 1 128
5200903 ResNet50 1 127
5200909 GNMT 1 145
5201407 VGG19-I 1 135
5201408 VGG19-I 1 52
5202078 GNMT 4 2739
5202154 ResNet50 4 3640
5202794 ResNeXt 4 10992
5202797 VGG19-I 4 3276
5202844 ResNet50 4 165402
5206623 BERTLARGE 1 48
5206855 ResNet50 1 69
5207321 GNMT 1 45
5208382 GNMT 1 80
5208382 ResNet50 1 89
5209594 ResNet50 1 193
5209779 ResNeXt 1 286
5210688 ResNet50 1 63
5210691 VGG19-I 1 62
5212571 ResNeXt 1 28107
5212571 VGG19-I 1 23847
5212891 GNMT 1 55
5217024 ResNeXt 1 27877
5217024 GPT2-SMALL 1 19276
5218045 GPT2-SMALL 1 49679
5218046 BERTLARGE 1 34154
5221097 VGG19-I 4 138004
5229011 VGG19-I 4 134874
5281170 VGG19-I 4 3242
5300019 GNMT 1 16983
5300411 GPT2-SMALL 1 19973
5302207 GNMT 4 2759
5302254 GPT2-SMALL 1 48
5306770 VGG19-I 1 86
5308693 VGG19-I 1 28116
5308695 ResNet50 1 24283
5313532 BERTLARGE 1 12764
5313533 GPT2-SMALL 1 18656
5317383 ResNeXt 1 27928
5320434 VGG19-I 1 24131
5326064 ResNet50 1 20225
5326083 ResNet50 1 20369
5327676 VGG19-I 4 65534
5328783 BERTLARGE 1 119
5329721 ResNet50 1 127
5329908 VGG19-I 1 161
5330395 VGG19-I 1 48
5330418 GNMT 1 153
5331563 VGG19-I 1 81
5371839 GPT2-SMALL 1 18794
5371839 VGG19-I 1 22703
5376241 GPT2-SMALL 4 131759
5376257 BERTLARGE 4 91354
5376990 GNMT 4 58843
5377007 BERTLARGE 4 42547
5377437 GNMT 4 54880
5391494 ResNet50 1 23018
5391494 GNMT 1 18293
5395000 BERTLARGE 1 17252
5395001 VGG19-I 1 30440
5424883 ResNet50 1 92
5424896 GPT2-SMALL 1 69
5425393 ResNeXt 4 204018
5425623 GNMT 4 112697
5425719 ResNet50 1 149
5425719 ResNet50 1 92
5426621 BERTLARGE 1 98
5426621 ResNeXt 1 334
5427507 BERTLARGE 1 24
5427507 ResNeXt 1 65
5441443 GPT2-SMALL 1 23738
5441570 ResNet50 1 25931
5454052 ResNeXt 1 32973
5454357 GPT2-SMALL 1 23055
5465672 GNMT 1 17237
5465993 GPT2-SMALL 1 19624
5472497 ResNeXt 1 28390
5472498 VGG19-I 1 23811
5473262 GPT2-SMALL 1 20136
5474184 VGG19-I 1 98
5475281 GNMT 4 122706
5477249 VGG19-I 1 24135
5477514 GNMT 4 123607
5480665 GPT2-SMALL 4 136333
5493447 BERTLARGE 4 44396
5499044 GNMT 4 116919
5499387 ResNet50 4 74880
5499387 GNMT 4 54281
5499896 GPT2-SMALL 4 62923
5502743 BERTLARGE 4 44717
5503175 GPT2-SMALL 1 111
5503175 VGG19-I 1 106
5503396 VGG19-I 4 64442
5503656 BERTLARGE 1 101
5503662 GPT2-SMALL 1 161
5504800 BERTLARGE 1 26
5504820 ResNeXt 1 72
5505020 ResNet50 1 20390
5505020 VGG19-I 1 22774
5508235 BERTLARGE 1 12987
5510669 ResNet50 1 20190
5513576 ResNeXt 4 209965
5530356 ResNeXt 4 104585
5530424 GPT2-SMALL 4 64832
5562330 GNMT 1 68
5567082 GPT2-SMALL 1 47
5586235 BERTLARGE 1 81
5586237 GPT2-SMALL 1 152
5586666 GNMT 1 147
5586704 ResNet50 1 298
5586735 ResNeXt 1 253
5588162 GNMT 1 42
5588165 GPT2-SMALL 1 37
5589123 GNMT 1 64
5589711 VGG19-I 1 68
5591973 BERTLARGE 1 100
5596569 ResNet50 1 56
5598411 GNMT 1 69
5606601 ResNet50 4 66525
5610165 GNMT 1 61
5612266 VGG19-I 1 199
5622843 BERTLARGE 1 43
5626634 ResNeXt 1 94
5633391 BERTLARGE 1 12808
5633502 BERTLARGE 1 13868
5671643 GNMT 1 159
5673180 ResNet50 1 223
5673395 ResNet50 1 179
5674818 ResNeXt 1 81
5674826 VGG19-I 1 199
5675571 BERTLARGE 1 45
5676163 GNMT 1 35
5676172 GPT2-SMALL 1 82
5679140 ResNeXt 1 93
5690078 BERTLARGE 1 34
5691643 BERTLARGE 1 84
5705248 ResNet50 1 76
5757645 BERTLARGE 1 87
5759180 GNMT 1 66
5759372 ResNeXt 1 242
5759377 ResNet50 1 238
5760174 VGG19-I 1 64
5760175 VGG19-I 1 69
5762912 GNMT 1 16544
5762914 GNMT 1 16320
5812560 BERTLARGE 1 83
5812561 ResNeXt 1 226
5813370 ResNeXt 1 244
5814308 VGG19-I 1 194
5814448 GPT2-SMALL 1 48
5814985 GPT2-SMALL 1 52
5819022 BERTLARGE 1 93
5819022 GNMT 1 98
5819691 GNMT 1 182
5819695 ResNet50 1 189
5820161 VGG19-I 1 58
5820168 GPT2-SMALL 1 45
5830938 GPT2-SMALL 1 18859
5830939 GNMT 1 16605
5833126 BERTLARGE 1 13492
5833143 BERTLARGE 1 13491
5867365 VGG19-I 4 68063
5867383 ResNeXt 4 95004
5869646 GNMT 4 54469
5869869 GNMT 4 53104
5871616 ResNeXt 1 198
5871617 VGG19-I 1 155
5872223 VGG19-I 1 169
5872225 ResNet50 1 170
5872732 ResNeXt 1 69
5872732 ResNet50 1 50
5887068 GPT2-SMALL 1 104
5887069 GPT2-SMALL 1 85
5891812 ResNet50 1 86
5891812 GPT2-SMALL 1 79
5892365 ResNeXt 1 293
5892365 VGG19-I 1 152
5892927 VGG19-I 1 66
5893036 GNMT 1 40
5955730 GPT2-SMALL 1 82
5956591 ResNeXt 1 125
5959190 ResNet50 1 76
5960475 VGG19-I 1 76
5972799 ResNet50 1 187
5972799 BERTLARGE 1 60
5973321 VGG19-I 1 241
5973322 ResNeXt 1 328
5974302 VGG19-I 1 60
5974309 GNMT 1 37
5987096 ResNet50 1 9341
5987750 VGG19-I 1 10498
5999106 VGG19-I 1 2905
6000093 ResNeXt 4 86318
6000849 BERTLARGE 4 39629
6003339 GNMT 4 49123
6007600 ResNet50 1 16803
6008657 BERTLARGE 1 17132
6009718 GPT2-SMALL 1 15574
6010074 GPT2-SMALL 1 15782
6019535 GNMT 1 19434
6022256 VGG19-I 1 124
6022256 ResNeXt 1 122
6022937 ResNeXt 1 305
6022937 GPT2-SMALL 1 199
6023597 GNMT 1 46
6023610 VGG19-I 1 49
6024171 ResNeXt 1 12376
6024179 BERTLARGE 1 6021
6043848 VGG19-I 4 135911
6048024 VGG19-I 4 123695
6049141 VGG19-I 1 19259
6049141 BERTLARGE 1 10720
6057524 ResNeXt 1 25331
6057548 BERTLARGE 1 11787
6058251 GPT2-SMALL 1 125
6058251 GNMT 1 99
6058934 BERTLARGE 1 195
6058934 ResNet50 1 204
6059966 GPT2-SMALL 1 63
6059971 ResNeXt 1 97
6060604 VGG19-I 1 26759
6060811 BERTLARGE 1 11833
6065873 GPT2-SMALL 1 112
6065994 GPT2-SMALL 1 168
6066169 GPT2-SMALL 1 187
6066452 BERTLARGE 1 114
6066496 GNMT 1 69
6066759 VGG19-I 1 69
6068401 GPT2-SMALL 1 152
6068493 VGG19-I 1 136
6068702 GPT2-SMALL 1 201
6068750 GNMT 1 183
6069134 ResNet50 4 144188
6069201 GNMT 1 65
6069208 ResNeXt 1 112
6069250 VGG19-I 4 131416
6083650 GNMT 4 115456
6086175 GPT2-SMALL 1 18683
6086314 GNMT 1 16495
6103719 GNMT 1 84
6104131 GPT2-SMALL 1 82
6104500 ResNet50 1 266
6104504 BERTLARGE 1 90
6115474 ResNeXt 4 202362
6122092 ResNet50 1 58
6122142 GNMT 1 49
6127246 ResNet50 4 97640
6133054 ResNeXt 4 203074
6133139 ResNet50 4 151102
6134724 VGG19-I 4 135117
6134728 GNMT 4 111772
6166505 ResNeXt 1 54
6166510 ResNeXt 1 220
6166534 GNMT 1 46
6175066 VGG19-I 1 28641
6175069 GNMT 1 25333
6184166 BERTLARGE 1 13645
6184167 ResNeXt 1 28750
6185771 BERTLARGE 1 18029
6186011 GNMT 1 23325
6186475 BERTLARGE 1 18647
6186678 BERTLARGE 1 18646
6205706 BERTLARGE 4 88659
6210317 BERTLARGE 4 86217
6210513 GPT2-SMALL 4 127233
6310861 GPT2-SMALL 1 154
6310861 VGG19-I 1 86
6311058 VGG19-I 4 139304
6311061 ResNet50 4 139081
6389644 ResNet50 1 48
6390607 GPT2-SMALL 1 165
6391128 VGG19-I 1 79
6391528 ResNet50 4 150237
6391532 GNMT 4 118080
6400671 ResNeXt 1 95
6400672 ResNet50 1 62
6400778 BERTLARGE 1 53
6400781 ResNeXt 1 105
6400805 GNMT 4 18859
6400832 ResNet50 1 73
6400832 GPT2-SMALL 1 59
6400856 BERTLARGE 1 50
6400926 BERTLARGE 1 34
6400928 VGG19-I 1 61
6417468 VGG19-I 1 87
6419521 ResNeXt 2 339507
6419769 VGG19-I 4 3409
6419775 ResNeXt 4 5098
6424459 ResNet50 1 73
6424505 ResNet50 1 83
6429910 GNMT 1 41635
6429919 ResNeXt 1 67560
6430165 ResNeXt 1 28126
6430228 GNMT 2 192398
6430422 ResNeXt 1 28914
6431557 VGG19-I 1 90
6431942 ResNet50 1 181
6431942 BERTLARGE 1 82
6432576 ResNeXt 1 30003
6432578 BERTLARGE 1 14450
6437336 BERTLARGE 1 32088
6437338 ResNet50 1 50371
6441054 GPT2-SMALL 1 17790
6441059 BERTLARGE 1 13977
6447826 VGG19-I 1 29056
6448012 ResNeXt 1 34315
6449208 ResNeXt 1 265
6449211 ResNeXt 1 252
6449212 GPT2-SMALL 1 24254
6449433 GPT2-SMALL 1 24635
6449856 ResNeXt 1 107
6450087 ResNet50 1 74
6462101 BERTLARGE 4 44252
6462106 VGG19-I 4 67657
6462488 VGG19-I 4 148280
6462515 ResNet50 4 146559
6468018 ResNet50 1 16262
6468018 GNMT 1 13118
6468333 ResNet50 4 143222
6479542 ResNeXt 1 21653
6479711 GNMT 1 12606
6479879 GPT2-SMALL 4 131106
6481379 ResNeXt 4 208428
6481700 BERTLARGE 1 10221
6481700 BERTLARGE 1 10254
6481867 ResNet50 4 150032
6487491 GPT2-SMALL 4 4854
6487495 GNMT 4 4160
6488215 GNMT 1 155
6488215 ResNeXt 1 144
6488893 GNMT 1 129
6488901 GNMT 1 138
6490246 ResNet50 1 430
6490247 BERTLARGE 1 40
6490265 GNMT 4 2790
6492062 VGG19-I 4 122963
6492146 BERTLARGE 4 2266
6494968 BERTLARGE 1 55
6495709 GPT2-SMALL 1 95
6495710 GNMT 1 118
6497011 GNMT 1 78
6497214 GPT2-SMALL 1 8669
6497218 BERTLARGE 1 6125
6497664 GPT2-SMALL 1 18216
6497668 BERTLARGE 1 12218
6499108 BERTLARGE 1 5921
6499715 ResNeXt 4 7320
6499717 GNMT 4 4188
6502024 BERTLARGE 4 3117
6502676 GPT2-SMALL 4 5017
6502825 BERTLARGE 4 2130
6502828 GNMT 4 2801
6505275 BERTLARGE 1 5814
6505283 ResNet50 1 9175
6505455 GNMT 1 7611
6507065 VGG19-I 1 95
6507343 ResNeXt 1 87
6507474 ResNeXt 1 76
6512847 GPT2-SMALL 4 58634
6512848 BERTLARGE 4 79777
6517232 GPT2-SMALL 1 192
6517484 GPT2-SMALL 1 73
6517485 GPT2-SMALL 1 79
6521844 ResNeXt 4 98027
6521855 GNMT 4 54995
6532476 BERTLARGE 4 58444
6532776 GPT2-SMALL 4 58028
6533296 BERTLARGE 4 38428
6534514 GPT2-SMALL 1 14517
6534515 ResNet50 1 15854
6534656 ResNeXt 1 19577
6534657 ResNet50 1 14730
6535080 ResNet50 1 14403
6535081 VGG19-I 1 16112
6537630 ResNet50 1 219
6537630 ResNeXt 1 197
6538474 GPT2-SMALL 1 209
6538476 GPT2-SMALL 1 175
6538909 BERTLARGE 1 8090
6538910 GNMT 1 10337
6552690 GNMT 4 3873
6552894 GPT2-SMALL 4 5668
6552896 ResNeXt 4 8691
6553670 GNMT 4 3893
6554537 ResNeXt 4 7430
6554951 GPT2-SMALL 1 58
6554951 ResNet50 1 129
6555338 GNMT 4 3849
6557206 ResNeXt 4 6720
6557778 BERTLARGE 1 53
6559367 ResNeXt 1 263
6560605 ResNeXt 1 81
6561226 GNMT 1 66
6562351 GPT2-SMALL 1 87
6562461 GPT2-SMALL 1 141
6572542 GPT2-SMALL 4 4235
6574419 BERTLARGE 1 6092
6574426 GNMT 1 7755
6574833 GNMT 1 7722
6577600 ResNet50 1 14040
6577605 BERTLARGE 1 9020
6577816 ResNeXt 1 18820
6577820 GPT2-SMALL 1 13135
6581488 VGG19-I 1 70069
6581489 ResNeXt 1 69036
6583588 ResNeXt 1 96862
6583588 GPT2-SMALL 1 51018
6584791 GPT2-SMALL 2 134433
6585245 ResNet50 1 110
6585245 VGG19-I 1 133
6585602 BERTLARGE 1 87
6588028 ResNeXt 1 57
6591789 BERTLARGE 1 32619
6591790 ResNet50 1 50169
6600148 GPT2-SMALL 1 133
6611728 VGG19-I 1 101
6611728 GNMT 1 57
6621644 GNMT 1 120
6621645 GPT2-SMALL 1 251
6622613 VGG19-I 1 233
6622613 ResNet50 1 190
6623563 ResNet50 1 63
6625026 ResNet50 1 59
6631279 GNMT 4 50495
6636792 VGG19-I 4 58092
6642379 ResNet50 4 3517
6643842 GNMT 1 16720
6644171 VGG19-I 1 23018
6648404 VGG19-I 4 3401
6649867 ResNet50 1 196
6650154 GPT2-SMALL 4 57002
6650792 GPT2-SMALL 4 3159
6650987 GNMT 1 46
6652401 GNMT 4 2829
6653099 ResNet50 1 96
6654977 GPT2-SMALL 1 71
6655919 GNMT 1 147
6657102 ResNet50 1 101
6659376 GPT2-SMALL 1 89
6659693 ResNeXt 4 26746
6662980 BERTLARGE 1 57
6664201 BERTLARGE 1 33
6664485 BERTLARGE 1 37
6668807 VGG19-I 4 63076
6671391 VGG19-I 1 22472
6671395 ResNet50 1 24641
6673304 ResNet50 1 92
6677852 GPT2-SMALL 1 12900
6677854 GPT2-SMALL 1 13126
6680860 GNMT 1 49
6686557 GPT2-SMALL 1 238
6688327 VGG19-I 4 63792
6692008 ResNet50 1 64
6692009 ResNeXt 1 86
6692268 BERTLARGE 1 43
6695125 GNMT 4 3928
6695202 ResNet50 4 69535
6696715 BERTLARGE 1 77
6697676 ResNet50 4 5301
6700044 VGG19-I 1 87
6703060 ResNeXt 1 892
6706468 BERTLARGE 1 68
6707952 GNMT 1 154
6707952 GNMT 1 127
6709571 BERTLARGE 1 126
6710257 GNMT 1 132
6712138 GPT2-SMALL 1 39
6713377 ResNet50 1 80
6714300 GNMT 1 61
6716123 GNMT 1 64
6719753 ResNet50 4 66820
6721526 BERTLARGE 1 52
6726597 ResNet50 4 7700
6727697 GNMT 4 2974
6731922 ResNet50 1 75
6733296 ResNeXt 1 114
6734310 BERTLARGE 1 37
6735912 GPT2-SMALL 1 85
6738900 GNMT 1 87
6755143 GPT2-SMALL 1 98
6768654 GPT2-SMALL 1 63
6775111 VGG19-I 1 62
6784324 ResNeXt 1 86
6794608 GPT2-SMALL 1 223
6794608 ResNeXt 1 245
6795277 ResNet50 1 207
6795280 GNMT 1 208
6796315 ResNeXt 1 86
6796316 GPT2-SMALL 1 61
6805129 GNMT 1 50
6871624 BERTLARGE 1 8939
6871627 ResNet50 1 14104
6880948 BERTLARGE 1 104
6880948 ResNet50 1 98
6881799 VGG19-I 1 210
6881801 BERTLARGE 1 107
6883024 VGG19-I 1 85
6883032 BERTLARGE 1 23
6888749 GPT2-SMALL 4 4739
6890032 ResNet50 4 5294
6896091 VGG19-I 1 90
6898675 GPT2-SMALL 1 55
6922653 ResNet50 1 5231
6922772 GNMT 1 1223
6922772 ResNeXt 1 1863
6925547 BERTLARGE 2 470
6925550 VGG19-I 2 1143
6928879 VGG19-I 2 2435
6931812 GNMT 1 222
6951540 BERTLARGE 1 12492
6968087 BERTLARGE 1 69
6968088 GPT2-SMALL 1 137
6969308 GNMT 1 161
6969308 ResNet50 1 161
6970684 BERTLARGE 1 52
6970690 ResNeXt 1 110
6975081 GPT2-SMALL 2 2462
6980215 VGG19-I 1 66
6980890 ResNet50 1 6788
6986209 GNMT 1 15214
6986210 GNMT 1 14736
6989384 BERTLARGE 1 62
7001441 ResNet50 1 233
7001442 GPT2-SMALL 1 146
7002711 ResNeXt 1 346
7004540 GPT2-SMALL 1 93
7008630 VGG19-I 4 64528
7011993 GNMT 1 167
7011995 ResNet50 1 196
7012292 GPT2-SMALL 1 2589
7012708 BERTLARGE 1 188
7012709 ResNeXt 1 293
7017171 ResNet50 1 2669
7024101 GNMT 1 214
7028519 ResNeXt 1 288
7028864 ResNeXt 1 495
7029385 GNMT 1 60
7029781 ResNet50 1 279
7029788 ResNeXt 1 1839
7029788 GNMT 1 1116
7029830 BERTLARGE 1 189
7029831 GNMT 1 310
7029847 GNMT 1 270
7030529 VGG19-I 1 234
7030589 ResNet50 1 1299
7030837 GNMT 1 35
7031156 GNMT 1 217
7031160 VGG19-I 1 306
7031494 GPT2-SMALL 2 852
7031495 BERTLARGE 2 591
7031847 BERTLARGE 1 61
7031857 GPT2-SMALL 1 173
7032151 BERTLARGE 1 7
7032786 VGG19-I 1 45
7032805 ResNet50 1 57
7034133 ResNet50 1 1271
7035712 BERTLARGE 1 18
7037847 GPT2-SMALL 1 208
7037847 GNMT 1 152
7040827 GPT2-SMALL 1 159
7040827 ResNet50 1 111
7041037 VGG19-I 1 273
7041107 VGG19-I 1 200
7041385 ResNeXt 1 193
7041396 ResNet50 1 62
7048263 VGG19-I 1 1655
7050050 GNMT 1 30
7053431 ResNet50 1 17050
7053433 GPT2-SMALL 1 15780
7053436 ResNeXt 1 206
7053441 VGG19-I 1 166
7053743 ResNeXt 1 313
7053747 ResNet50 1 218
7054105 BERTLARGE 1 43
7054210 ResNet50 1 84
7072848 GNMT 1 18631
7072849 BERTLARGE 1 14233
7096433 BERTLARGE 1 11426
7096437 ResNet50 1 18928
7101413 GNMT 1 56
7129256 GNMT 1 38
7130172 VGG19-I 1 1271
7132190 GPT2-SMALL 1 30
7337415 VGG19-I 4 102224
7337591 GPT2-SMALL 4 101512
7364538 VGG19-I 2 10355
7364539 ResNet50 2 9759
7742218 VGG19-I 1 25863
7742218 GNMT 1 18436
7753204 GPT2-SMALL 1 80
7770158 GNMT 2 2974
7770158 GPT2-SMALL 2 3427
7772019 GNMT 1 1044
7774433 GNMT 1 1023
7774723 GNMT 1 1070
7775393 VGG19-I 1 99
7775395 GPT2-SMALL 1 99
7776478 GNMT 1 8
7781473 ResNet50 1 107982
7781473 GPT2-SMALL 1 99855
7781994 GPT2-SMALL 1 72537
7781996 ResNeXt 1 101237
7782507 GNMT 1 1038
7784396 GNMT 1 42
7858722 GPT2-SMALL 1 44354
7874425 ResNeXt 2 11344
7885618 VGG19-I 1 62
7910536 GNMT 1 1181
7912285 VGG19-I 1 15
