0 ResNet50 16 1078271
90831 GPT2-SMALL 16 827879
625599 BERTLARGE 8 658973
627118 GNMT 8 463536
864658 BERTLARGE 8 440791
907145 BERTLARGE 1 282632
907188 GPT2-SMALL 1 420906
907214 ResNeXt 1 643170
907234 BERTLARGE 1 309679
908373 VGG19-I 1 248026
911148 GNMT 4 23568
923812 ResNeXt 8 478436
933311 ResNeXt 1 251537
939432 GNMT 4 4757
939485 BERTLARGE 4 1837
939533 BERTLARGE 4 24695
954744 VGG19-I 16 27
957461 GPT2-SMALL 8 303036
957799 ResNeXt 8 470897
957949 GPT2-SMALL 8 300518
958206 GPT2-SMALL 8 302967
958789 GNMT 8 151319
965408 GNMT 8 337661
973926 BERTLARGE 8 102101
976273 GPT2-SMALL 16 27
979275 ResNet50 16 26766
980335 ResNet50 16 52253
980386 GPT2-SMALL 16 41505
983159 GNMT 8 103967
988785 BERTLARGE 8 175007
989062 ResNet50 8 324696
1017595 ResNeXt 1 88078
1018516 GPT2-SMALL 4 46300
1018786 ResNeXt 4 84941
1026555 GPT2-SMALL 4 3353
1026912 ResNeXt 1 8312
1027921 ResNet50 4 6522
1047577 ResNet50 4 10437
1050302 ResNet50 16 31
1051024 GPT2-SMALL 16 18595
1051258 BERTLARGE 8 142070
1052790 GPT2-SMALL 8 250854
1055110 VGG19-I 4 59839
1055810 GPT2-SMALL 4 23230
1089118 BERTLARGE 8 87176
1089178 GNMT 8 155254
1089256 VGG19-I 4 27222
1095703 VGG19-I 4 3706
1098649 GNMT 8 161324
1115291 ResNeXt 1 276165
1119236 GNMT 4 102684
1130207 GPT2-SMALL 16 75248
1132891 ResNet50 8 115801
1137823 ResNet50 16 45727
1138894 VGG19-I 8 103660
1141162 BERTLARGE 8 430726
1145183 VGG19-I 1 211961
1146097 VGG19-I 4 82964
1176721 ResNeXt 4 12609
1190331 BERTLARGE 4 27101
1194392 BERTLARGE 1 35593
1208341 ResNeXt 8 375962
1221256 VGG19-I 4 40455
1221387 ResNet50 4 39
1221737 GNMT 4 4597
1222886 GNMT 4 14578
1267558 GNMT 8 136128
1268358 GPT2-SMALL 4 51629
1268764 ResNeXt 4 48135
1272334 GNMT 4 6080
1272358 ResNeXt 1 30385
1272384 VGG19-I 1 25918
1272580 VGG19-I 1 15454
1272593 VGG19-I 1 25789
1272765 ResNet50 1 14042
1278513 GNMT 8 372983
1278789 ResNeXt 8 269889
1278867 GNMT 4 49825
1278966 GNMT 4 17737
1280734 GNMT 4 27046
1281443 GPT2-SMALL 1 133221
1288347 GNMT 1 7287
1289097 BERTLARGE 8 49555
1289286 BERTLARGE 1 15
1289678 VGG19-I 8 72969
1298783 GNMT 8 487472
1299331 ResNeXt 8 199756
1300314 GPT2-SMALL 8 72708
1300345 BERTLARGE 8 49281
1304616 GPT2-SMALL 8 125148
1307191 ResNeXt 1 39
1311633 GNMT 4 52126
1311659 ResNet50 4 74775
1311696 GPT2-SMALL 4 60993
1311728 ResNet50 4 47107
1311759 GNMT 4 28032
1311783 GPT2-SMALL 4 60756
1311814 GPT2-SMALL 4 39803
1320261 ResNeXt 8 200315
1326729 ResNet50 16 4476
1349940 ResNet50 2 52122
1363483 BERTLARGE 8 60205
1366252 VGG19-I 8 103592
1382873 BERTLARGE 16 3657
1385202 ResNet50 8 625980
1386151 GPT2-SMALL 1 49947
1392459 GPT2-SMALL 1 14836
1395462 BERTLARGE 16 14
1396823 GNMT 4 4650
1397077 BERTLARGE 4 2615
1398459 BERTLARGE 4 2758
1398491 GNMT 4 3151
1400205 GNMT 4 7711
1400970 ResNeXt 4 6441
1405512 ResNeXt 4 72353
1411749 VGG19-I 8 79746
1436092 BERTLARGE 8 89979
1449933 VGG19-I 8 525811
1458646 ResNeXt 8 24
1459041 ResNeXt 4 24130
1459093 VGG19-I 4 15780
1459154 BERTLARGE 4 10403
1459364 VGG19-I 4 26730
1461158 ResNeXt 8 37
1522976 GNMT 4 13537
1525863 GNMT 4 2102
1527111 GNMT 4 4124
1528646 ResNet50 4 1361
1550860 ResNet50 8 508460
1568450 VGG19-I 4 38565
1569221 GPT2-SMALL 4 36422
1569902 GNMT 4 22295
1571951 GNMT 4 29845
1572043 GPT2-SMALL 4 34355
1577787 ResNeXt 8 584362
1577867 ResNeXt 4 47512
1587251 GPT2-SMALL 2 75386
1606856 BERTLARGE 4 18138
1608801 GNMT 4 26969
1614175 GNMT 4 28331
1628101 GNMT 4 17220
1628122 ResNet50 4 34192
1628140 GNMT 4 29191
1628273 ResNet50 4 31017
1628694 ResNet50 2 84704
1629604 ResNet50 4 33168
1629874 VGG19-I 4 8656
1630000 GPT2-SMALL 4 8548
1630591 GPT2-SMALL 4 7769
1631606 VGG19-I 8 95150
1633920 ResNeXt 1 122989
1637405 VGG19-I 16 28433
1639832 GNMT 1 4441
1646952 GNMT 8 110633
1696855 GPT2-SMALL 16 111915
1703969 ResNet50 16 130847
1739191 GNMT 4 5332
1739283 VGG19-I 4 12326
1739460 ResNeXt 4 4655
1740339 GPT2-SMALL 4 5598
1741736 GNMT 4 5150
1757788 GNMT 8 141328
1767371 ResNet50 8 97415
1781187 ResNeXt 4 17877
1800172 VGG19-I 1 36552
1802007 ResNet50 8 135805
1872608 VGG19-I 8 99582
1872762 VGG19-I 8 101293
1880332 GPT2-SMALL 4 49206
1900364 ResNet50 1 7293
1901095 BERTLARGE 1 5574
1901098 GNMT 1 3749
1902175 GPT2-SMALL 8 113516
1903437 ResNeXt 1 46973
1952649 GNMT 1 18519
1972042 GPT2-SMALL 1 7286
1978917 ResNeXt 8 182384
1984268 ResNeXt 8 213079
1986257 BERTLARGE 16 219359
1986678 GNMT 8 87746
2005525 GNMT 2 29972
2005923 ResNeXt 2 56386
2006170 VGG19-I 2 39798
2006196 ResNeXt 2 95517
2006241 VGG19-I 2 36409
2007167 GNMT 8 82140
2007279 GPT2-SMALL 8 82712
2009048 GNMT 1 114884
2009069 GPT2-SMALL 1 98213
2009270 ResNet50 1 138751
2009293 ResNeXt 1 132550
2009341 BERTLARGE 1 90499
2026936 BERTLARGE 4 28415
2026958 BERTLARGE 4 31880
2026978 GNMT 4 36132
2027025 ResNeXt 4 73195
2028974 ResNeXt 8 53630
2029002 GPT2-SMALL 4 58579
2034770 BERTLARGE 8 67501
2034800 GNMT 8 87205
2035208 GNMT 8 98501
2035341 ResNeXt 8 178535
2035488 ResNet50 4 199822
2078464 GPT2-SMALL 16 301543
2153841 ResNet50 8 125075
2174272 BERTLARGE 8 11
2175506 VGG19-I 8 20
2176302 VGG19-I 1 3638
2179289 ResNeXt 1 171189
2179326 ResNeXt 1 111292
2179393 VGG19-I 4 29786
2179436 BERTLARGE 4 28752
2179940 BERTLARGE 1 71552
2180211 GNMT 2 22881
2180244 GNMT 2 34511
2180264 ResNet50 2 31779
2180514 ResNeXt 4 59885
2180598 BERTLARGE 1 68260
2185448 BERTLARGE 16 57
2189133 ResNet50 1 22947
2193116 BERTLARGE 8 62
2197509 VGG19-I 8 254708
2209369 GPT2-SMALL 1 21227
2216660 BERTLARGE 8 150567
2218281 ResNet50 8 203742
2237047 GPT2-SMALL 8 70144
2247928 GNMT 8 118728
2264368 BERTLARGE 1 4667
2264601 VGG19-I 1 481279
2266989 GNMT 8 19
2268918 VGG19-I 8 26
2270893 ResNet50 1 15167
2276237 BERTLARGE 1 8984
2282640 BERTLARGE 1 14290
2289021 GNMT 1 41800
2306177 VGG19-I 8 69081
2306660 BERTLARGE 8 50134
2308721 GNMT 8 27796
2310108 ResNet50 16 93
2325005 ResNet50 8 73497
2331671 GPT2-SMALL 8 218160
2332478 GNMT 8 62564
2332675 GPT2-SMALL 16 109138
2335682 ResNet50 16 43048
2336077 ResNeXt 8 95152
2337396 GPT2-SMALL 16 37800
2339215 GNMT 8 7892
2345054 GNMT 1 12165
2345692 GNMT 1 11001
2346679 GNMT 8 181601
2346693 ResNet50 8 249423
2349981 GNMT 8 273888
2350106 GNMT 8 58465
2352662 GPT2-SMALL 8 54646
2357950 VGG19-I 1 59602
2369322 VGG19-I 1 27782
2383752 GPT2-SMALL 1 6241
2389311 VGG19-I 8 101626
2392128 GNMT 1 6548
2392715 ResNeXt 8 139170
2393092 BERTLARGE 8 68491
2401095 GNMT 8 474980
2407060 GPT2-SMALL 8 152128
2411603 GNMT 8 49476
2433456 ResNet50 4 89762
2433485 VGG19-I 2 62214
2434303 GPT2-SMALL 8 224995
2436828 GNMT 1 111767
2436992 GNMT 1 38527
2447040 VGG19-I 16 8161
2447122 VGG19-I 16 17964
2447200 VGG19-I 16 33174
2455008 ResNet50 2 48920
2462931 BERTLARGE 8 80693
2473299 ResNeXt 8 827944
2477307 GPT2-SMALL 1 38008
2477549 GPT2-SMALL 2 20481
2491147 GNMT 1 20283
2497412 BERTLARGE 2 30842
2506422 BERTLARGE 8 61326
2507895 ResNeXt 8 151787
2507985 ResNet50 8 143231
2509393 GPT2-SMALL 1 34332
2511260 BERTLARGE 1 23472
2511332 GNMT 1 30286
2512801 ResNet50 1 50403
2512974 GNMT 1 48055
2522822 ResNeXt 1 20178
2524589 BERTLARGE 1 16261
2524624 ResNet50 1 27348
2529318 GPT2-SMALL 8 154537
2536491 BERTLARGE 16 69707
2567488 GPT2-SMALL 1 11672
2568594 GPT2-SMALL 4 21878
2569012 ResNeXt 2 24428
2575965 GPT2-SMALL 2 14151
2633031 GPT2-SMALL 1 12783
2659846 GNMT 1 41312
2693649 ResNeXt 4 17357
2695772 GPT2-SMALL 4 8249
2730214 VGG19-I 4 15216
2730348 ResNet50 4 66246
2732750 GNMT 1 10054
2752112 BERTLARGE 8 84929
2763401 ResNet50 2 50349
2763428 GPT2-SMALL 2 41059
2763447 ResNet50 2 50793
2763466 ResNeXt 2 109803
2763489 GNMT 2 28295
2763568 VGG19-I 1 207632
2763608 VGG19-I 4 40534
2763617 GPT2-SMALL 1 119789
2763651 ResNet50 4 56407
2763682 ResNet50 4 66591
2765422 ResNeXt 8 377115
2766714 GPT2-SMALL 8 52485
2766781 BERTLARGE 8 90757
2770141 ResNet50 8 108433
2770171 VGG19-I 8 126946
2779379 BERTLARGE 8 17
2780820 ResNeXt 8 111444
2780830 VGG19-I 4 48873
2781176 ResNeXt 4 45222
2782132 BERTLARGE 1 117316
2782271 GNMT 8 84530
2782459 ResNet50 8 107558
2784015 ResNet50 8 135699
2786482 BERTLARGE 4 20269
2789726 ResNeXt 4 27297
2790051 ResNeXt 1 11776
2795165 GPT2-SMALL 1 21963
2795727 ResNeXt 1 58697
2796629 ResNeXt 1 59739
2804474 ResNet50 1 24665
2809573 BERTLARGE 2 11805
2809680 ResNet50 2 30775
2811228 ResNet50 2 82080
2815016 ResNeXt 1 101714
2815718 GPT2-SMALL 4 45645
2815855 GNMT 1 61579
2837964 ResNeXt 1 191573
2838614 GNMT 4 3437
2838710 ResNet50 4 4165
2841718 VGG19-I 4 207020
2853406 GPT2-SMALL 8 43558
2855572 VGG19-I 4 9430
2856189 VGG19-I 8 24137
2857229 GNMT 4 7514
2859513 GNMT 8 15988
2863315 VGG19-I 1 35818
2864529 ResNeXt 4 158209
2865392 ResNeXt 8 27864
2865779 GPT2-SMALL 8 18720
2866328 VGG19-I 4 79397
2869422 BERTLARGE 4 149750
2872776 BERTLARGE 1 11078
2907787 BERTLARGE 16 6867
2909509 ResNeXt 4 8229
2909670 ResNet50 1 25615
2909799 ResNeXt 1 6937
2915170 GPT2-SMALL 4 196440
2918834 GPT2-SMALL 4 9028
2920521 ResNet50 1 4277
2920551 BERTLARGE 1 2736
2925432 GPT2-SMALL 1 37694
2932265 VGG19-I 1 19496
2935917 GNMT 8 35684
2937171 VGG19-I 1 45607
2952206 ResNeXt 1 109790
2968897 GPT2-SMALL 16 110168
2968952 VGG19-I 16 62647
2991492 GNMT 8 144027
2999882 VGG19-I 1 62205
2999939 VGG19-I 1 46754
2999940 GPT2-SMALL 1 38142
3016869 ResNet50 1 42784
3018634 ResNet50 1 36934
3018745 ResNeXt 1 62607
3018757 GNMT 1 87461
3018768 VGG19-I 1 47924
3018779 VGG19-I 1 76812
3018790 ResNeXt 1 66481
3018800 ResNet50 1 73660
3025326 GPT2-SMALL 8 55
3032046 VGG19-I 1 45482
3032394 GPT2-SMALL 1 28767
3032396 BERTLARGE 1 18765
3032473 ResNet50 1 15908
3038742 ResNet50 8 60
3040294 GPT2-SMALL 8 58444
3040851 BERTLARGE 8 52459
3042309 ResNet50 8 190949
3045176 ResNet50 1 111276
3045538 VGG19-I 8 227181
3045554 ResNet50 1 79470
3045691 ResNeXt 1 56918
3046253 GPT2-SMALL 8 245536
3047411 BERTLARGE 4 591
3070381 GNMT 1 43812
3072306 GPT2-SMALL 8 70229
3072895 GPT2-SMALL 8 169581
3072924 BERTLARGE 8 113053
3072966 GPT2-SMALL 8 761598
3080558 ResNet50 8 377550
3080930 GPT2-SMALL 8 249845
3083133 GNMT 1 5933
3083707 ResNet50 1 24220
3084186 VGG19-I 8 80408
3085527 GNMT 8 133337
3086357 GPT2-SMALL 4 140508
3086767 ResNet50 8 50582
3086991 GNMT 8 290556
3087926 VGG19-I 16 101409
3087985 BERTLARGE 16 89089
3091982 GNMT 1 11177
3095242 ResNet50 1 65477
3097569 GNMT 1 58677
3100708 ResNeXt 1 61463
3105749 GNMT 1 130014
3106644 VGG19-I 1 40410
3109239 VGG19-I 8 83158
3110762 ResNet50 8 210882
3115203 ResNeXt 4 124437
3115203 GPT2-SMALL 8 25
3115555 GPT2-SMALL 4 76582
3122410 VGG19-I 8 52929
3122772 BERTLARGE 8 112504
3124200 GPT2-SMALL 1 13415
3129578 BERTLARGE 1 14817
3137562 ResNet50 8 28
3139875 BERTLARGE 8 2105
3141823 ResNet50 8 153456
3141872 ResNet50 8 205943
3149107 GPT2-SMALL 1 15392
3164013 GPT2-SMALL 1 22324
3164075 ResNeXt 1 62552
3164667 ResNeXt 1 131
3165927 ResNet50 1 95047
3192635 BERTLARGE 1 21893
3192672 GNMT 1 20757
3193345 GPT2-SMALL 1 15165
3193398 BERTLARGE 1 13710
3194982 ResNeXt 8 219261
3195896 ResNet50 8 403523
3215365 ResNeXt 1 33035
3215635 VGG19-I 1 123905
3220828 BERTLARGE 8 291589
3278657 VGG19-I 1 18103
3278808 GPT2-SMALL 1 14595
3282453 ResNeXt 8 142761
3292700 GPT2-SMALL 8 192471
3297459 BERTLARGE 1 203
3298381 GNMT 1 64
3298406 GNMT 1 252
3298427 ResNet50 1 80
3298451 BERTLARGE 1 582
3306705 BERTLARGE 1 62709
3306779 ResNet50 1 87281
3306823 BERTLARGE 1 58092
3337301 ResNeXt 4 125029
3343321 GPT2-SMALL 1 32866
3344033 BERTLARGE 1 52
3344538 ResNeXt 1 105
3344567 BERTLARGE 1 105
3344593 BERTLARGE 1 52
3344614 GNMT 1 58
3347113 ResNeXt 1 103
3347181 GNMT 1 60
3347204 GNMT 1 78
3347225 BERTLARGE 1 44
3347248 ResNet50 1 121
3371029 VGG19-I 16 44449
3371163 BERTLARGE 16 19888
3385003 VGG19-I 16 72250
3386656 ResNet50 4 8129
3386990 VGG19-I 1 51902
3387403 GPT2-SMALL 8 85934
3387425 BERTLARGE 1 29174
3387465 GPT2-SMALL 1 43996
3389534 ResNet50 16 30944
3391461 ResNeXt 8 18
3392086 GPT2-SMALL 1 97247
3392219 VGG19-I 1 122626
3392726 GPT2-SMALL 1 43020
3392761 BERTLARGE 1 19333
3392783 ResNet50 1 38303
3392805 BERTLARGE 1 32501
3397279 BERTLARGE 4 19841
3397306 ResNet50 4 10300
3397603 ResNet50 8 144690
3398447 ResNeXt 1 31253
3398565 BERTLARGE 8 88658
3429741 ResNet50 1 11332
3430038 ResNeXt 1 19560
3433103 ResNeXt 8 512078
3436169 GNMT 1 67790
3436228 VGG19-I 1 71320
3438615 GPT2-SMALL 1 89835
3438672 ResNeXt 1 132462
3439116 BERTLARGE 1 15879
3455052 ResNeXt 1 120204
3455162 GPT2-SMALL 1 156111
3455187 GPT2-SMALL 1 87734
3467561 ResNeXt 8 360636
3470497 BERTLARGE 16 65836
3470972 GPT2-SMALL 8 419900
3472018 VGG19-I 1 72967
3472124 ResNet50 1 103391
3472150 GPT2-SMALL 1 81955
3472187 ResNeXt 1 77906
3474544 ResNeXt 8 306219
3475884 VGG19-I 1 81
3476354 GPT2-SMALL 8 233365
3485316 ResNeXt 1 48242
3505717 GNMT 1 29092
3513311 GNMT 1 111
3525887 ResNet50 8 136233
3528748 VGG19-I 8 16269
3529465 ResNet50 1 117957
3536016 VGG19-I 8 138339
3537095 ResNet50 1 27737
3537208 BERTLARGE 1 57221
3544364 ResNet50 8 470985
3545168 ResNeXt 8 1217093
3548559 VGG19-I 8 39700
3564517 ResNet50 8 332545
3590785 ResNeXt 8 466538
3598517 BERTLARGE 8 26483
3607277 VGG19-I 1 28711
3607293 GNMT 1 7753
3608382 GNMT 1 11639
3612573 ResNeXt 1 106961
3614006 ResNeXt 1 76688
3621307 ResNeXt 8 219532
3622770 ResNet50 1 27020
3628654 ResNet50 8 131263
3630161 BERTLARGE 16 78040
3630296 GPT2-SMALL 4 361455
3630299 GPT2-SMALL 16 92002
3631726 BERTLARGE 1 7535
3638806 BERTLARGE 8 172971
3644525 ResNeXt 1 60779
3644580 GPT2-SMALL 1 117126
3644612 VGG19-I 1 62811
3644652 GNMT 1 55944
3644679 GPT2-SMALL 1 52813
3645121 VGG19-I 1 21
3645168 ResNet50 1 61
3645275 BERTLARGE 1 74
3645301 ResNeXt 1 85
3645322 GPT2-SMALL 1 224
3645350 BERTLARGE 1 53
3645374 ResNet50 1 70
3645892 VGG19-I 1 107762
3646645 ResNeXt 1 117
3650317 GPT2-SMALL 1 76711
3650507 VGG19-I 8 23337
3650647 ResNet50 8 16133
3650734 ResNeXt 8 615295
3651297 ResNeXt 8 123418
3652282 GNMT 1 84044
3652319 ResNeXt 1 111777
3655958 ResNet50 8 649992
3658931 ResNet50 16 91125
3667381 GPT2-SMALL 8 122718
3688229 GNMT 4 144686
3715968 GPT2-SMALL 8 71646
3719046 GPT2-SMALL 16 164659
3719188 VGG19-I 16 101742
3719990 BERTLARGE 1 6930
3721983 ResNet50 8 154683
3722078 ResNet50 8 129133
3733311 GPT2-SMALL 4 165417
3744545 VGG19-I 8 11524
3771385 ResNet50 4 39966
3773122 GNMT 4 22812
3773564 VGG19-I 4 38746
3776247 ResNeXt 8 452599
3787455 GPT2-SMALL 1 23190
3788071 GNMT 1 81
3788114 ResNeXt 1 888
3788840 GNMT 1 21469
3791017 GNMT 8 397415
3791274 ResNet50 8 601817
3791381 VGG19-I 8 501555
3791454 ResNeXt 8 750238
3796901 BERTLARGE 8 177940
3796995 ResNet50 8 297599
3797919 ResNeXt 8 401562
3797987 BERTLARGE 8 176563
3798169 BERTLARGE 8 116703
3799089 ResNet50 1 4268
3812600 ResNet50 4 20536
3813436 GNMT 4 21937
3816514 GPT2-SMALL 4 25762
3821766 GNMT 1 99006
3821789 GNMT 1 165927
3821820 GNMT 1 182601
3823488 VGG19-I 1 202486
3823510 GPT2-SMALL 4 92156
3823538 BERTLARGE 4 66424
3823554 VGG19-I 1 358410
3823579 ResNeXt 1 258431
3823596 GNMT 4 69168
3823620 GPT2-SMALL 4 120836
3824300 VGG19-I 1 476179
3824337 ResNet50 1 291076
3824395 GNMT 2 70077
3824989 BERTLARGE 2 76232
3825056 GPT2-SMALL 1 401407
3825208 GPT2-SMALL 2 92363
3825227 GPT2-SMALL 2 90243
3825248 GNMT 2 45692
3825270 ResNet50 2 138471
3825295 ResNet50 2 123720
3848639 BERTLARGE 8 180082
3854493 VGG19-I 1 16702
3856902 VGG19-I 8 132902
3859740 VGG19-I 8 236430
3860112 ResNet50 4 304710
3862014 GPT2-SMALL 1 109349
3862062 ResNeXt 1 203812
3864284 GNMT 1 26651
3868601 VGG19-I 8 281087
3869006 ResNet50 16 196755
3871263 GPT2-SMALL 1 17679
3872248 VGG19-I 8 85614
3877061 GPT2-SMALL 1 8782
3877906 ResNet50 1 86
3877928 VGG19-I 1 103
3877960 GPT2-SMALL 1 79
3878018 GPT2-SMALL 1 80
3879503 VGG19-I 1 105
3903412 GNMT 1 110699
3903538 VGG19-I 2 54736
3961825 VGG19-I 4 26819
3961846 VGG19-I 4 26022
3962220 ResNet50 4 38570
3962282 GPT2-SMALL 4 31631
3962439 GPT2-SMALL 4 17768
3964272 ResNet50 4 18982
3964997 GNMT 4 21290
3965240 ResNeXt 4 31170
3973237 GPT2-SMALL 2 78565
3980330 ResNeXt 1 24519
3986215 BERTLARGE 1 21107
3986651 GPT2-SMALL 4 22934
3990796 ResNet50 4 38879
3996243 GNMT 1 46058
4001385 ResNeXt 4 82210
4002509 GPT2-SMALL 8 305723
4024773 VGG19-I 8 129799
4032405 GPT2-SMALL 4 18461
4041691 GNMT 1 7303
4046691 ResNeXt 4 63352
4056617 ResNeXt 8 193743
4066380 ResNet50 8 119360
4067397 ResNeXt 4 60401
4067569 VGG19-I 4 38763
4067628 ResNet50 4 71411
4070625 VGG19-I 16 146294
4070994 GPT2-SMALL 16 173743
4071830 ResNet50 8 306381
4076694 GPT2-SMALL 8 532144
4080802 GNMT 8 101922
4080827 ResNeXt 8 165464
4080861 GNMT 8 100772
4082387 BERTLARGE 8 149967
4099715 ResNet50 8 143325
4113661 GPT2-SMALL 4 32791
4114407 ResNet50 1 106025
4114435 GPT2-SMALL 1 260531
4114463 GNMT 1 117794
4116480 ResNet50 4 25046
4122089 ResNeXt 1 68629
4134950 BERTLARGE 4 130423
4135064 ResNet50 4 332551
4137779 GNMT 4 36495
4139052 GNMT 8 125849
4149473 ResNet50 8 178819
4153713 BERTLARGE 8 6687
4165412 ResNet50 8 142883
4166064 GNMT 4 22406
4182129 BERTLARGE 8 101372
4183389 GPT2-SMALL 1 34110
4196800 GPT2-SMALL 8 130220
4197925 GNMT 1 50694
4201113 GNMT 1 29174
4214528 GNMT 2 21402
4215209 GNMT 4 17726
4215340 GNMT 4 15238
4216471 VGG19-I 2 31068
4221719 ResNet50 8 350021
4224315 VGG19-I 4 17586
4224357 ResNet50 4 26161
4224598 BERTLARGE 4 12197
4227203 BERTLARGE 8 3215
4235713 VGG19-I 1 49535
4237272 ResNeXt 8 3901
4237606 BERTLARGE 1 3152
4241533 BERTLARGE 8 120499
4243771 VGG19-I 8 23796
4248915 VGG19-I 4 17359
4249143 VGG19-I 4 31299
4249305 ResNet50 4 25652
4250955 ResNet50 8 16431
4251303 BERTLARGE 1 14801
4253126 GPT2-SMALL 1 24717
4256204 ResNet50 8 165833
4268554 VGG19-I 1 10579
4275790 BERTLARGE 8 158634
4286708 GPT2-SMALL 16 66336
4286738 GNMT 8 557786
4286764 BERTLARGE 8 433573
4286947 VGG19-I 1 50851
4287589 VGG19-I 8 473927
4287970 ResNet50 1 3125
4292211 GPT2-SMALL 16 101831
4297009 ResNet50 1 18848
4299107 GPT2-SMALL 1 8480
4302914 ResNet50 1 21410
4303037 GNMT 8 246265
4318702 BERTLARGE 1 29826
4318769 GPT2-SMALL 1 55511
4328564 GPT2-SMALL 2 183119
4332930 BERTLARGE 1 39562
4333315 ResNeXt 1 61100
4333315 BERTLARGE 1 16460
4334148 ResNeXt 1 66020
4335271 GNMT 4 29779
4336240 BERTLARGE 4 13922
4337610 GPT2-SMALL 2 98650
4337844 VGG19-I 4 19831
4346287 ResNet50 1 12164
4361465 BERTLARGE 8 106153
4364027 BERTLARGE 8 115225
4367584 ResNet50 4 22809
4368561 ResNet50 1 18843
4371445 GPT2-SMALL 1 120591
4377033 ResNet50 8 324657
4380132 VGG19-I 1 73108
4380133 VGG19-I 1 67577
4380194 ResNet50 1 56390
4380195 GPT2-SMALL 1 46147
4380195 BERTLARGE 1 31071
4380197 ResNeXt 1 90565
4380197 BERTLARGE 1 38862
4380197 GNMT 1 36152
4380198 ResNet50 1 64121
4382214 ResNeXt 8 400181
4391442 GNMT 1 5709
4394335 VGG19-I 16 101869
4401413 GPT2-SMALL 4 18360
4401445 BERTLARGE 4 6880
4411665 ResNeXt 4 11063
4411680 GNMT 1 41060
4416863 GNMT 4 9724
4419426 ResNeXt 4 28027
4419510 BERTLARGE 1 15528
4446303 GPT2-SMALL 1 48182
4447165 GPT2-SMALL 1 8937
4448972 ResNeXt 8 1078864
4456542 BERTLARGE 4 7122
4456926 GPT2-SMALL 4 16002
4458207 GNMT 4 8631
4459194 VGG19-I 4 5766
4459359 ResNet50 8 170715
4460553 ResNeXt 4 8447
4461407 ResNet50 4 7229
4461468 BERTLARGE 4 4723
4470732 ResNet50 8 674178
4484852 GNMT 4 8677
4484906 ResNet50 4 17656
4499058 BERTLARGE 4 7517
4507849 GNMT 8 257415
4512381 ResNeXt 4 13868
4512943 GNMT 4 12720
4513916 ResNeXt 4 21120
4514711 ResNeXt 4 22118
4532871 ResNet50 8 30722
4535517 ResNet50 1 23062
4536309 GNMT 8 71215
4552147 GNMT 4 11538
4562986 ResNeXt 8 58011
4569569 BERTLARGE 4 9236
4569911 ResNet50 4 22523
4570021 GNMT 4 11653
4570583 GNMT 4 4794
4583684 ResNeXt 8 165533
4583919 GNMT 1 119141
4583942 GPT2-SMALL 4 43320
4584791 VGG19-I 8 20812
4586225 ResNet50 2 78390
4586609 GNMT 2 16798
4589412 GNMT 1 7914
4590113 GNMT 8 130408
4592354 ResNet50 1 47106
4592759 ResNet50 1 6611
4595126 ResNet50 4 3407
4600500 ResNet50 16 121213
4600777 ResNeXt 8 904979
4600994 ResNet50 8 319449
4601679 VGG19-I 1 8191
4606833 GNMT 1 23986
4610682 BERTLARGE 8 194292
4614898 GNMT 1 9577
4617049 VGG19-I 8 68367
4624172 BERTLARGE 1 10923
4624351 ResNet50 1 8936
4624372 GPT2-SMALL 1 9413
4624487 ResNeXt 1 48689
4629817 ResNet50 1 10524
4629837 GPT2-SMALL 1 8608
4631852 ResNet50 1 9502
4633564 VGG19-I 1 26392
4637056 ResNeXt 1 8413
4641339 BERTLARGE 4 115319
4641404 BERTLARGE 4 187565
4656745 ResNeXt 4 15672
4656983 VGG19-I 4 24019
4658658 GPT2-SMALL 4 39871
4663547 VGG19-I 8 508477
4666487 GNMT 2 6448
4680002 GNMT 1 80431
4680333 GNMT 4 45099
4686349 ResNeXt 8 392573
4696166 GPT2-SMALL 8 107940
4714080 ResNeXt 8 160495
4726342 VGG19-I 4 2998
4735555 BERTLARGE 4 2197
4741358 BERTLARGE 4 7335
4741907 GNMT 4 7890
4743046 GNMT 4 8851
4756412 ResNet50 8 5044
4766830 GPT2-SMALL 1 16532
4770140 VGG19-I 8 162254
4770545 BERTLARGE 8 110747
4771686 VGG19-I 8 216977
4788270 VGG19-I 16 111571
4825223 GNMT 8 136010
4825503 VGG19-I 8 174578
4841195 GPT2-SMALL 1 33876
4842446 VGG19-I 8 8208
4848169 VGG19-I 2 52879
4854954 ResNeXt 2 31537
4856177 ResNeXt 2 30856
4860879 ResNet50 16 25
4861054 ResNet50 16 31
4862711 ResNeXt 8 35155
4862989 GPT2-SMALL 1 76005
4863804 BERTLARGE 2 9825
4863827 BERTLARGE 2 13819
4863925 ResNet50 16 228735
4864934 VGG19-I 1 22439
4866975 GPT2-SMALL 1 47592
4887742 BERTLARGE 8 123572
4888000 GPT2-SMALL 4 4604
4888187 BERTLARGE 4 10339
4891948 VGG19-I 16 182113
4893717 GPT2-SMALL 4 2716
4897415 BERTLARGE 1 6154
4902213 ResNet50 4 99346
4904801 VGG19-I 8 102551
4908480 GNMT 4 118050
4910392 GNMT 4 14049
4920304 ResNeXt 8 408202
4927109 VGG19-I 1 29117
4927463 GPT2-SMALL 16 34
4927476 GPT2-SMALL 16 31
4940264 ResNet50 1 5820
4940846 BERTLARGE 16 118092
4946009 ResNet50 8 312000
4951679 ResNeXt 1 70838
4951922 GNMT 1 19086
4954435 ResNeXt 1 74532
4955245 GNMT 1 18255
4958104 BERTLARGE 8 407226
4960069 BERTLARGE 8 89540
4980765 GPT2-SMALL 8 44340
4985112 GNMT 8 119389
5004792 GPT2-SMALL 1 48647
5022791 ResNeXt 8 12566
5023336 GPT2-SMALL 1 5073
5030182 ResNet50 8 50523
5030461 VGG19-I 8 1399
5030891 VGG19-I 1 20525
5032760 VGG19-I 1 7739
5035104 ResNet50 16 85899
5036483 ResNeXt 8 2180
5048814 ResNet50 8 32
5051996 GPT2-SMALL 16 73416
5052157 BERTLARGE 8 50286
5052611 GPT2-SMALL 16 121414
5103628 ResNeXt 8 262267
5108409 GNMT 8 120308
5110183 GPT2-SMALL 8 527342
5159449 GNMT 8 75803
5159505 GPT2-SMALL 16 60218
5163928 ResNet50 16 95919
5185955 GNMT 8 86687
5188141 GNMT 8 448206
5190027 GNMT 4 403650
5190132 VGG19-I 4 587170
5195715 VGG19-I 8 247410
5195754 BERTLARGE 8 232812
5199667 BERTLARGE 2 11962
5201263 GNMT 8 121944
5201652 GPT2-SMALL 16 23
5201716 GPT2-SMALL 16 20
5202138 VGG19-I 16 13
5202548 VGG19-I 16 12
5205719 BERTLARGE 8 935
5207004 ResNet50 4 76268
5207678 BERTLARGE 16 32
5208559 ResNet50 16 50
5208811 VGG19-I 16 46
5209704 VGG19-I 8 15784
5261788 GPT2-SMALL 2 42373
5261834 GPT2-SMALL 4 31574
5285332 VGG19-I 8 92701
5285936 ResNet50 8 41742
5288235 ResNeXt 8 11739
5300707 BERTLARGE 16 18
5301621 GPT2-SMALL 16 50
5319206 VGG19-I 1 16480
5336798 ResNet50 8 44108
5340976 BERTLARGE 4 99609
5344676 GNMT 1 8865
5347595 VGG19-I 1 159705
5359605 ResNet50 16 141
5362764 ResNeXt 8 153349
5363685 ResNeXt 8 178744
5364331 VGG19-I 8 15681
5364639 VGG19-I 8 10402
5365099 VGG19-I 8 98909
5367772 GNMT 1 5873
5375311 VGG19-I 1 29117
5378674 BERTLARGE 8 50511
5385743 GNMT 8 23713
5391552 ResNeXt 8 34470
5394157 VGG19-I 8 83726
5412207 GNMT 1 384
5412872 BERTLARGE 1 403
5430327 BERTLARGE 1 451
5440461 GNMT 8 74853
5443296 ResNeXt 8 55382
5444055 ResNeXt 8 189069
5446267 VGG19-I 8 25258
5458342 BERTLARGE 8 809
5459994 BERTLARGE 8 113234
5464339 ResNet50 4 26292
5464996 ResNet50 4 22184
5465023 GPT2-SMALL 4 10060
5466404 VGG19-I 2 20491
5466796 ResNeXt 8 143427
5466934 ResNeXt 8 323068
5467832 GNMT 2 16589
5470740 GPT2-SMALL 8 2395
5487147 BERTLARGE 1 6430
5499441 ResNet50 8 26683
5501303 VGG19-I 1 34
5514442 ResNeXt 1 26375
5517504 ResNet50 1 41385
5517508 BERTLARGE 1 25149
5517513 ResNet50 1 37541
5517517 VGG19-I 1 41251
5517520 BERTLARGE 1 22120
5517525 ResNet50 1 33346
5517529 GNMT 1 25522
5517532 GNMT 1 23961
5517537 GPT2-SMALL 1 26163
5517541 ResNet50 1 26791
5517545 GPT2-SMALL 1 32431
5517549 BERTLARGE 1 20819
5517554 VGG19-I 1 35565
5517557 ResNet50 1 29896
5517561 VGG19-I 1 31750
5517569 VGG19-I 1 28035
5517573 ResNet50 1 22923
5517577 ResNet50 1 29789
5518051 ResNet50 1 41110
5518055 GNMT 1 31810
5518062 ResNet50 1 36439
5518067 BERTLARGE 1 21782
5518071 ResNet50 1 32832
5518074 ResNeXt 1 41739
5518082 VGG19-I 1 31610
5518085 GPT2-SMALL 1 24278
5518090 GPT2-SMALL 1 22548
5518093 GPT2-SMALL 1 21276
5518097 ResNeXt 1 51863
5518101 ResNet50 1 19513
5518104 GPT2-SMALL 1 16884
5518109 ResNeXt 1 26021
5518113 ResNeXt 1 24095
5518116 GPT2-SMALL 1 15100
5518120 ResNet50 1 16488
5518123 ResNet50 1 14948
5518127 GPT2-SMALL 1 13869
5518131 GPT2-SMALL 1 12402
5518135 BERTLARGE 1 9262
5518138 ResNet50 1 13230
5518142 BERTLARGE 1 8417
5518146 VGG19-I 1 15004
5526801 GNMT 1 4606
5526815 VGG19-I 1 8309
5526834 VGG19-I 4 3766
5526852 BERTLARGE 4 2445
5529352 GPT2-SMALL 8 46887
5529680 VGG19-I 1 1812
5529704 ResNeXt 1 1498
5529720 VGG19-I 1 1837
5529735 GPT2-SMALL 1 1357
5529796 ResNeXt 1 2026
5529831 BERTLARGE 1 948
5529849 ResNeXt 1 1526
5529864 GPT2-SMALL 1 1395
5549090 ResNeXt 8 26229
5550284 GPT2-SMALL 1 13881
5554988 GPT2-SMALL 1 9227
5561338 BERTLARGE 8 140954
5582734 BERTLARGE 1 15101
5588755 VGG19-I 1 46157
5588759 BERTLARGE 1 25077
5588763 GNMT 1 30874
5588767 ResNeXt 1 47903
5588771 VGG19-I 1 39156
5588774 GNMT 1 27231
5588778 ResNeXt 1 41578
5588781 ResNet50 1 29793
5588785 VGG19-I 1 32045
5588789 BERTLARGE 1 16670
5588793 BERTLARGE 1 15545
5588797 ResNet50 1 22953
5588801 BERTLARGE 1 13609
5588805 ResNet50 1 19782
5588808 GNMT 1 14645
5588812 ResNeXt 1 26096
5588820 VGG19-I 1 18407
5588824 GNMT 1 13447
5588827 GNMT 1 11874
5588831 GPT2-SMALL 1 13787
5588834 ResNeXt 1 17823
5588838 GNMT 1 11729
5588855 GNMT 1 10779
5588859 GNMT 1 10878
5588862 ResNet50 1 13484
5588866 BERTLARGE 1 8446
5588869 GNMT 1 9457
5613170 ResNet50 8 666597
5632789 GPT2-SMALL 8 244840
5780030 ResNet50 8 470115
5780236 ResNeXt 8 1130905
5794502 BERTLARGE 16 108964
5797517 ResNeXt 8 146
5797615 GNMT 8 65
5798310 ResNeXt 4 65117
5800622 ResNet50 8 129
5806358 ResNet50 16 50258
5809368 GNMT 8 49063
5810914 BERTLARGE 16 31337
5810949 BERTLARGE 16 42687
5845450 GPT2-SMALL 8 14920
5847662 BERTLARGE 8 48656
5847663 GNMT 1 23935
5847684 GPT2-SMALL 1 13590
5847687 VGG19-I 8 79336
5847740 ResNeXt 8 67305
5847741 GNMT 8 92060
5847784 ResNet50 8 338221
5847791 ResNet50 8 44471
5847902 ResNet50 8 36992
5847905 ResNet50 1 86786
5847912 ResNeXt 1 73739
5852599 ResNeXt 8 954485
5860132 GPT2-SMALL 8 197573
5865533 GNMT 8 28937
5869997 BERTLARGE 8 167785
5873363 GNMT 1 20273
5875430 ResNet50 1 3340
5875449 ResNet50 1 2075
5875466 GNMT 1 2550
5879434 GNMT 8 237079
5883014 ResNet50 8 589970
5884203 VGG19-I 8 282121
5889941 GNMT 8 13405
5891583 BERTLARGE 8 12495
5895959 ResNet50 4 426090
5899508 ResNet50 8 71917
5900449 BERTLARGE 8 142469
5900690 ResNet50 8 76838
5902744 GNMT 8 169798
5902747 GNMT 8 162565
5903175 ResNeXt 8 912652
5913106 ResNeXt 1 8181
5915645 ResNeXt 8 124178
5940117 BERTLARGE 4 112098
5940846 BERTLARGE 8 35288
5944557 GNMT 8 505269
5950177 GPT2-SMALL 8 95573
5968370 BERTLARGE 8 52363
5973771 VGG19-I 8 78415
5979660 GNMT 8 13685
5980437 ResNet50 8 197766
5980836 VGG19-I 8 15702
5982237 VGG19-I 8 626945
5985678 GPT2-SMALL 8 162124
5986549 GPT2-SMALL 16 58
5992636 GNMT 8 80887
5999937 GNMT 8 13597
6000700 VGG19-I 8 77141
6001133 ResNeXt 8 192988
6003186 GNMT 8 187106
6013251 VGG19-I 1 37460
6025708 BERTLARGE 16 341840
6037453 GPT2-SMALL 8 89692
6047954 ResNet50 8 193743
6049554 GPT2-SMALL 8 279786
6051458 GNMT 8 203073
6051551 BERTLARGE 8 10657
6065531 ResNet50 8 196335
6066166 VGG19-I 8 174781
6067661 BERTLARGE 8 311315
6070461 VGG19-I 1 20638
6070834 VGG19-I 1 62904
6070908 GPT2-SMALL 1 53258
6070974 GNMT 1 20360
6071006 GNMT 1 18022
6071043 GPT2-SMALL 1 14410
6071513 VGG19-I 1 31000
6071589 BERTLARGE 1 18652
6071859 GPT2-SMALL 1 26321
6075047 GNMT 8 104367
6076536 GNMT 8 36772
6083668 ResNeXt 1 17935
6086466 BERTLARGE 8 52641
6096014 ResNet50 8 195563
6096721 GNMT 8 13649
6097229 GPT2-SMALL 8 30
6099921 GPT2-SMALL 8 128183
6134323 ResNet50 8 458289
6136105 ResNet50 8 113814
6138924 GPT2-SMALL 16 71628
6139637 GNMT 1 45013
6139976 GNMT 1 22287
6146279 ResNeXt 8 1177144
6149231 GNMT 8 68184
6150822 BERTLARGE 8 48895
6152351 GPT2-SMALL 8 231032
6153156 GPT2-SMALL 1 11737
6155067 ResNet50 8 291244
6156512 ResNeXt 8 383297
6156734 ResNeXt 8 671287
6158027 ResNet50 8 102727
6162382 ResNet50 8 92533
6162691 BERTLARGE 8 15001
6168544 VGG19-I 8 128560
6170127 GPT2-SMALL 16 231851
6171691 ResNeXt 1 71107
6211863 ResNet50 8 24760
6234706 GNMT 8 485239
6261184 ResNeXt 1 1820
6261214 ResNet50 1 1543
6261229 GPT2-SMALL 1 1394
6261263 ResNet50 1 1502
6261672 VGG19-I 16 223133
6281472 VGG19-I 16 215496
6287354 GPT2-SMALL 16 227405
6323229 ResNet50 8 41867
6325660 BERTLARGE 8 24664
6329219 ResNeXt 8 64930
6407455 ResNeXt 8 32801
6407484 ResNeXt 8 1176288
6423089 VGG19-I 16 7119
6444118 VGG19-I 2 42769
6444149 GNMT 2 30130
6444172 GPT2-SMALL 2 43648
6444194 ResNet50 2 40633
6444225 ResNet50 2 48683
6444263 ResNet50 2 42329
6444283 BERTLARGE 2 24922
6444309 GNMT 2 36000
6444362 GNMT 2 35344
6444385 VGG19-I 2 61076
6450577 ResNeXt 8 123642
6452716 GNMT 1 120792
6455239 ResNeXt 2 27534
6455244 ResNeXt 2 28842
6455401 GPT2-SMALL 2 20209
6456259 GPT2-SMALL 2 16176
6456877 VGG19-I 2 21611
6459849 ResNeXt 2 28263
6463556 BERTLARGE 2 10374
6463956 BERTLARGE 2 9878
6464110 GPT2-SMALL 2 18460
6465489 GNMT 2 16199
6465527 GPT2-SMALL 2 12975
6465679 ResNeXt 2 33031
6465828 ResNet50 2 16146
6465859 ResNet50 2 15750
6466193 BERTLARGE 2 14072
6466380 GNMT 2 18370
6472119 ResNeXt 8 127880
6473055 GNMT 8 48756
6482964 GNMT 8 92973
6483849 ResNet50 8 189725
6483911 BERTLARGE 8 123156
6487609 ResNet50 8 141098
6503287 GNMT 1 20793
6505546 ResNeXt 8 221641
6508749 BERTLARGE 8 95214
6527082 GNMT 8 67861
6533913 VGG19-I 8 107209
6534395 ResNeXt 8 136555
6557238 ResNeXt 1 22746
6557503 ResNet50 8 27
6577738 VGG19-I 8 76099
6590054 ResNet50 2 21953
6590235 VGG19-I 1 9324
6590247 GNMT 8 270245
6590395 BERTLARGE 1 5686
6590976 ResNeXt 2 27902
6591710 GNMT 4 74804
6592273 VGG19-I 2 20289
6595053 GNMT 4 81584
6598615 GPT2-SMALL 16 52071
6598677 BERTLARGE 16 34228
6598739 ResNet50 16 63655
6601028 VGG19-I 2 20069
6601088 ResNet50 2 20726
6602626 GNMT 2 19606
6604126 GPT2-SMALL 2 21806
6607899 VGG19-I 8 93770
6608326 GNMT 2 13203
6617556 ResNeXt 2 36067
6622767 GPT2-SMALL 8 26188
6646846 BERTLARGE 1 15053
6648542 GPT2-SMALL 8 124466
6653202 VGG19-I 4 86840
6653463 ResNet50 8 184109
6654361 VGG19-I 16 562808
6654732 GNMT 1 8600
6660391 VGG19-I 8 238792
6690954 ResNeXt 8 173170
6699214 ResNet50 2 10887
6699398 GPT2-SMALL 2 18541
6699403 GNMT 2 10900
6699862 ResNet50 2 20733
6700137 BERTLARGE 2 6602
6700387 GNMT 2 14155
6700569 VGG19-I 2 19319
6701212 BERTLARGE 2 14043
6701398 ResNet50 2 17857
6702702 BERTLARGE 2 11149
6739666 BERTLARGE 4 100348
6739705 GPT2-SMALL 4 93536
6739770 ResNet50 4 94053
6739832 ResNet50 4 93860
6739915 ResNet50 4 93761
6740206 VGG19-I 8 434876
6742350 VGG19-I 1 1151
6743211 ResNet50 1 1002
6748395 ResNet50 1 33924
6748488 ResNeXt 1 55377
6778679 GNMT 4 3009
6778766 GNMT 4 102213
6778767 VGG19-I 4 3735
6797830 GPT2-SMALL 8 170671
6822247 BERTLARGE 8 2702
6830503 GNMT 8 54402
6854435 VGG19-I 8 120656
6896383 VGG19-I 8 3534
6904656 GNMT 8 85165
6915870 ResNeXt 4 4692
6921303 GNMT 2 99577
6922323 BERTLARGE 8 97705
6922699 BERTLARGE 8 2031
6927320 ResNeXt 8 64749
6928604 VGG19-I 1 28290
6939207 BERTLARGE 2 22919
6939249 ResNeXt 4 31899
6945219 VGG19-I 1 911
6959091 GNMT 4 23034
6963464 VGG19-I 8 444908
6994164 BERTLARGE 1 6013
7002295 ResNeXt 4 8614
7002441 ResNet50 4 8347
7004767 BERTLARGE 4 1037
7004812 VGG19-I 4 9746
7006588 BERTLARGE 4 20
7010573 ResNeXt 8 388543
7011182 ResNet50 4 13563
7016611 ResNeXt 4 1739
7017031 BERTLARGE 16 9785
7017280 ResNeXt 4 2183
7017307 VGG19-I 16 6696
7022231 GPT2-SMALL 8 34230
7022267 ResNet50 4 353793
7024742 BERTLARGE 8 62792
7038101 GNMT 4 15278
7038509 GPT2-SMALL 4 9343
7040725 GPT2-SMALL 4 9011
7043724 ResNet50 2 18725
7046185 GPT2-SMALL 8 84795
7046201 GNMT 4 9757
7046282 BERTLARGE 1 17928
7048841 VGG19-I 8 496488
7057085 BERTLARGE 1 1482
7064376 ResNet50 1 10923
7090354 ResNet50 2 28710
7097900 GNMT 1 2453
7098507 GNMT 1 22126
7100853 GPT2-SMALL 16 118250
7107101 GPT2-SMALL 16 161506
7114765 VGG19-I 8 39516
7115684 GPT2-SMALL 4 109065
7115793 GPT2-SMALL 4 106684
7117878 ResNet50 8 43898
7125250 ResNet50 1 24540
7127882 ResNet50 1 23069
7128217 VGG19-I 1 17069
7141312 ResNeXt 8 312681
7141740 BERTLARGE 1 34174
7145655 ResNet50 8 389820
7148891 BERTLARGE 8 129392
7154601 GPT2-SMALL 8 78772
7176822 BERTLARGE 8 244533
7182756 BERTLARGE 16 99123
7187091 BERTLARGE 16 16
7187425 BERTLARGE 16 85801
7204186 ResNet50 1 27417
7223607 VGG19-I 16 8905
7224336 VGG19-I 16 8574
7252691 ResNeXt 8 81706
7272827 BERTLARGE 8 1942
7306460 BERTLARGE 4 6568
7307439 BERTLARGE 1 10069
7318788 ResNet50 1 15356
7323681 BERTLARGE 4 2635
7324834 ResNeXt 1 21173
7327018 GNMT 8 82022
7327311 GNMT 4 813
7330748 ResNeXt 8 181373
7335333 ResNeXt 4 1700
7337752 GNMT 1 19349
7343479 ResNeXt 8 940
7343484 ResNet50 16 670
7343490 VGG19-I 16 517
7347181 GNMT 4 15851
7355170 ResNet50 1 15575
7359302 VGG19-I 16 10257
7359428 VGG19-I 8 16246
7360671 VGG19-I 16 52883
7364474 BERTLARGE 8 43764
7376307 VGG19-I 8 92449
7377399 ResNet50 8 113577
7378177 BERTLARGE 1 10046
7381517 ResNeXt 2 24948
7405905 BERTLARGE 1 1911
7406275 ResNet50 1 2897
7412688 GNMT 8 74594
7416950 VGG19-I 1 3241
7416956 GPT2-SMALL 1 2639
7429616 VGG19-I 1 5447
7429623 BERTLARGE 1 2290
7430257 ResNet50 4 2673
7430263 GNMT 8 1323
7430270 BERTLARGE 16 1116
7430275 VGG19-I 16 1565
7430282 GPT2-SMALL 16 2048
7431539 ResNeXt 1 7122
7433827 VGG19-I 1 3314
7477041 BERTLARGE 2 16278
7537598 BERTLARGE 1 17183
7539292 ResNet50 1 27608
7539403 GPT2-SMALL 16 8993
7603257 GPT2-SMALL 8 40891
7607291 BERTLARGE 4 28699
7612384 GNMT 2 14562
7621222 ResNeXt 1 38668
7635021 ResNet50 16 26
7635356 BERTLARGE 16 74
7643996 VGG19-I 1 18104
7661567 GNMT 8 30029
7671334 BERTLARGE 8 193
7680476 VGG19-I 1 2111
7680480 BERTLARGE 4 1085
7681869 ResNet50 1 1917
7681873 VGG19-I 4 2695
7681877 ResNeXt 8 4922
7681881 ResNet50 16 4712
7681885 VGG19-I 16 8132
7681889 BERTLARGE 16 13392
7687131 GNMT 1 4780
7688275 GPT2-SMALL 16 5480
7689425 ResNet50 1 1834
7689430 VGG19-I 4 1614
7689434 GNMT 8 1430
7689438 ResNet50 16 2423
7689442 VGG19-I 16 2593
7689450 VGG19-I 16 2728
7689813 BERTLARGE 8 20594
7690051 GNMT 1 12759
7691799 ResNeXt 1 2467
7691803 ResNeXt 4 4400
7691807 ResNeXt 8 10370
7691811 VGG19-I 16 19806
7691814 ResNet50 16 12063
7692033 VGG19-I 2 33810
7695632 ResNet50 8 60279
7707789 GNMT 2 19869
7708133 ResNet50 1 17123
7708175 BERTLARGE 1 10431
7708187 BERTLARGE 1 10538
7708187 ResNeXt 2 15286
7708779 ResNet50 16 58
7709269 BERTLARGE 16 23
7710073 ResNet50 2 16479
7710293 GPT2-SMALL 2 11770
7711306 BERTLARGE 16 23
7713105 GPT2-SMALL 16 2116
7713672 BERTLARGE 1 1147
7713676 BERTLARGE 4 1246
7713680 VGG19-I 8 1589
7713684 ResNet50 16 3522
7713689 ResNet50 16 1862
7713694 VGG19-I 1 2013
7713699 ResNeXt 4 2835
7713703 BERTLARGE 8 1057
7713707 GPT2-SMALL 16 1589
7713712 BERTLARGE 16 1469
7714385 GPT2-SMALL 1 23376
7716120 GPT2-SMALL 16 28
7718445 ResNet50 8 50180
7733320 ResNeXt 8 29252
7754075 GNMT 1 1332
7754079 ResNet50 4 3600
7754084 VGG19-I 8 3708
7754087 VGG19-I 16 5072
7754091 VGG19-I 16 9003
7754231 GPT2-SMALL 1 3221
7760257 ResNeXt 1 4643
7760261 ResNeXt 4 8188
7760265 ResNet50 8 4029
7760269 GPT2-SMALL 16 3338
7760273 GPT2-SMALL 16 3081
7760281 GPT2-SMALL 16 5118
7767497 ResNeXt 1 7503
7879851 ResNet50 16 485
7893514 BERTLARGE 4 29
7951593 ResNeXt 8 43862
7963184 ResNet50 4 52
7963833 BERTLARGE 1 19745
7975639 ResNet50 8 29969
7978586 GNMT 8 34837
8000620 BERTLARGE 1 44058
8283515 ResNeXt 8 182641
8295461 BERTLARGE 8 10790
8297451 ResNet50 2 4
8297518 BERTLARGE 4 1
8297616 BERTLARGE 2 49231
8297670 GNMT 4 138283
8297777 GPT2-SMALL 16 2
8297832 GPT2-SMALL 16 2
8297870 BERTLARGE 16 1
8297903 GPT2-SMALL 16 6
8298713 BERTLARGE 1 1605
8307883 VGG19-I 16 1
8308037 GPT2-SMALL 4 29023
8308093 ResNeXt 4 5
8315428 BERTLARGE 8 10241
8317868 VGG19-I 8 92803
8325386 VGG19-I 1 2
8326470 ResNet50 1 6126
8342306 VGG19-I 8 2066
8350994 ResNet50 1 14175
8368030 GNMT 8 48811
8387339 GPT2-SMALL 8 2951
8387422 ResNet50 8 1897
8387445 GPT2-SMALL 8 1498
8388752 GNMT 1 36296
8398248 ResNeXt 1 4
8398327 ResNet50 1 4
8398449 BERTLARGE 1 3
8398836 GPT2-SMALL 1 4
8398974 GNMT 2 31
8399036 VGG19-I 4 29
8399151 VGG19-I 2 3
8399183 ResNeXt 4 5
8399653 ResNet50 4 4
8399980 ResNet50 8 3
8400293 BERTLARGE 16 1
8400356 BERTLARGE 16 1
8400394 ResNet50 16 1
8400905 GPT2-SMALL 8 1
8400986 ResNeXt 1 38
8401038 ResNeXt 2 46
8401078 GPT2-SMALL 8 2
8403978 VGG19-I 8 1218
8405151 VGG19-I 8 1
8406954 ResNeXt 8 2
8482270 ResNet50 1 683
8482522 BERTLARGE 1 427
8482751 GNMT 1 571
8482862 GNMT 1 3
8482949 BERTLARGE 1 2
8482983 GNMT 1 412
8483037 VGG19-I 1 1
8483063 BERTLARGE 1 1
8483206 GPT2-SMALL 1 420
8483231 ResNet50 1 470
8483533 GPT2-SMALL 1 444
8483590 ResNet50 1 5
8483632 VGG19-I 1 1
8483664 VGG19-I 1 4
8483692 BERTLARGE 1 333
8483756 VGG19-I 1 3
8483790 ResNeXt 1 952
8483833 BERTLARGE 1 463
8484596 GPT2-SMALL 1 672
8484641 ResNet50 1 1
8484685 GPT2-SMALL 1 4
8484725 VGG19-I 1 5
8484756 ResNeXt 1 1154
8484779 GPT2-SMALL 1 816
8484801 VGG19-I 1 4
8485014 GNMT 1 2
8485051 ResNet50 1 843
8485123 VGG19-I 1 761
8485142 GNMT 1 2
8485164 ResNet50 1 4
8485183 VGG19-I 1 765
8485214 ResNet50 1 682
8485236 ResNeXt 1 919
8485261 ResNeXt 1 5
8485306 GPT2-SMALL 1 3
8485337 ResNet50 1 5
8485391 GPT2-SMALL 1 1
8485418 ResNet50 1 4
8485442 ResNet50 1 443
8485478 ResNeXt 1 3
8485508 ResNet50 1 748
8485538 GNMT 1 409
8485570 GNMT 1 366
8485593 ResNet50 1 2
8485651 BERTLARGE 1 1
8485681 ResNet50 1 720
8485710 VGG19-I 1 3
8485729 VGG19-I 1 1176
8485754 GNMT 1 2
8485772 VGG19-I 1 795
8485795 GNMT 1 2
8485826 ResNeXt 1 5
8485850 BERTLARGE 1 1
8485879 ResNeXt 1 5
8485892 BERTLARGE 1 1
8486074 ResNet50 1 5
8486091 BERTLARGE 1 364
8486120 GPT2-SMALL 1 3
8486137 ResNet50 1 637
8486161 ResNet50 1 3
8486202 BERTLARGE 1 427
8486229 ResNet50 1 1
8486244 BERTLARGE 1 1
8486261 VGG19-I 1 789
8486285 ResNet50 1 2
8486307 GPT2-SMALL 1 469
8486335 GNMT 1 430
8486361 BERTLARGE 1 493
8486382 ResNet50 1 4
8486425 VGG19-I 1 2
8486447 GPT2-SMALL 1 2
8488276 GPT2-SMALL 1 2679
8492027 ResNet50 1 4
8492133 VGG19-I 1 1
8492190 BERTLARGE 1 545
8492254 BERTLARGE 1 3
8492779 VGG19-I 1 596
8492813 ResNet50 1 4
8492852 BERTLARGE 1 3
8492939 VGG19-I 1 595
8492974 ResNeXt 1 1
8493384 VGG19-I 1 515
8493434 ResNet50 1 611
8493453 GPT2-SMALL 1 7
8493473 GPT2-SMALL 1 5
8493493 GPT2-SMALL 1 3
8493512 VGG19-I 1 5
8493530 GPT2-SMALL 1 502
8493555 GNMT 1 2
8493571 GNMT 1 695
8493594 GPT2-SMALL 1 6
8493619 ResNeXt 1 2
8493640 VGG19-I 1 786
8493671 BERTLARGE 1 441
8493706 GPT2-SMALL 1 410
8493737 GNMT 1 465
8493755 GNMT 1 2
8493771 GNMT 1 2
8493812 GPT2-SMALL 1 3
8497473 VGG19-I 8 25646
8497813 ResNet50 8 19112
8497919 VGG19-I 1 1
8528929 ResNeXt 8 35952
8556196 GNMT 1 699
8556254 ResNeXt 1 1094
