0 duration 1 1881
0 duration 1 1864
288 duration 1 1508
288 duration 1 1623
288 duration 1 1484
1458 duration 1 1789
1458 duration 1 1756
1458 duration 1 1155
1458 duration 1 1399
1458 duration 1 1178
1458 duration 1 1558
6228 duration 2 3756
6228 duration 2 3787
6228 duration 2 4339
6228 duration 2 4344
6228 duration 2 7107
6228 duration 2 6844
6229 duration 2 5162
6229 duration 2 5764
6229 duration 2 6686
6229 duration 2 4369
6229 duration 2 3886
6229 duration 2 5986
6230 duration 2 4378
6230 duration 2 7200
6230 duration 2 6802
6230 duration 2 6026
11296 duration 2 7086
11297 duration 2 3294
11297 duration 2 5812
11297 duration 2 5524
11297 duration 2 7037
11857 duration 2 4418
11911 duration 1 4908
11911 duration 1 5117
11911 duration 1 5049
11911 duration 1 5243
11911 duration 1 4987
11911 duration 1 5230
11911 duration 1 5361
11911 duration 1 4683
11911 duration 1 4461
11912 duration 1 6979
11912 duration 1 4692
11912 duration 1 4475
11912 duration 1 4882
11912 duration 1 4681
11912 duration 1 4567
11912 duration 1 4203
11912 duration 1 4697
11912 duration 1 4167
11912 duration 1 4759
11912 duration 1 4843
11912 duration 1 4423
11912 duration 1 4899
11912 duration 1 4947
11912 duration 1 4526
11912 duration 1 4253
11913 duration 1 5064
11913 duration 1 4684
11913 duration 1 6048
11913 duration 1 6059
11913 duration 1 6466
11913 duration 1 5600
11913 duration 1 7023
11913 duration 1 6275
11913 duration 1 6530
11914 duration 1 7156
11914 duration 1 5562
11914 duration 1 6281
11914 duration 1 7015
11914 duration 1 6919
11914 duration 1 6629
11914 duration 1 5866
11915 duration 1 5690
11915 duration 1 6057
11916 duration 1 6988
12267 duration 1 974
12268 duration 1 3006
12268 duration 1 960
12268 duration 1 996
12269 duration 1 1870
12318 duration 2 6372
12319 duration 2 2601
12321 duration 2 6836
13343 duration 4 2491
13343 duration 4 2713
13343 duration 4 3301
13343 duration 4 3417
13343 duration 4 2655
13343 duration 4 5708
13343 duration 4 5881
13343 duration 4 5327
13343 duration 4 5596
13343 duration 4 6151
13344 duration 4 3870
13344 duration 4 5682
14453 duration 4 4034
14454 duration 4 4120
14455 duration 4 6327
