0 duration 1 2514
40 duration 1 1610
60 duration 1 1605
314 duration 1 2613
793 duration 1 4353
1691 duration 1 2517
4494 duration 1 2456
4589 duration 1 2238
4778 duration 4 1101
5117 duration 1 2585
5655 duration 1 2516
6093 duration 1 2629
7567 duration 1 1960
7750 duration 1 2400
7926 duration 1 2613
8388 duration 1 969
8613 duration 4 6767
9084 duration 1 2607
9243 duration 4 7073
10476 duration 1 1228
10479 duration 1 1259
10955 duration 1 2528
11570 duration 4 7124
12588 duration 1 2867
13493 duration 1 3993
13645 duration 1 2599
14101 duration 1 1982
14201 duration 4 916
14652 duration 4 916
15071 duration 1 2662
15230 duration 4 3932
15568 duration 4 2352
17074 duration 1 2405
17423 duration 1 2173
17859 duration 2 5182
17913 duration 1 2529
18101 duration 1 2910
18194 duration 1 1513
18390 duration 1 2592
18501 duration 4 2281
18766 duration 1 2572
18908 duration 1 1957
19130 duration 1 2576
19761 duration 1 2452
20282 duration 1 2615
20720 duration 1 2917
21135 duration 1 2557
21226 duration 1 2538
21636 duration 4 1976
21827 duration 4 2179
22092 duration 1 2623
22305 duration 4 2163
22492 duration 1 2953
22584 duration 4 1990
22805 duration 1 2554
23591 duration 4 6380
23688 duration 1 2448
23826 duration 1 996
24499 duration 1 1870
24557 duration 1 1596
24669 duration 4 6720
24773 duration 1 1089
25066 duration 1 2718
25454 duration 1 900
25731 duration 1 1723
25776 duration 1 2626
25838 duration 1 2601
26100 duration 4 6761
26430 duration 1 2621
27163 duration 4 1510
27246 duration 1 5456
27744 duration 1 2936
27839 duration 1 2532
28217 duration 1 3147
28605 duration 1 2622
28821 duration 1 2546
29526 duration 1 2680
30621 duration 1 2628
31541 duration 4 6919
31643 duration 1 2859
31852 duration 1 2392
32497 duration 1 3495
32560 duration 1 3339
33896 duration 1 2608
33956 duration 1 2445
34104 duration 1 2185
34211 duration 4 1270
34266 duration 1 2485
34294 duration 4 1287
34350 duration 4 6874
34469 duration 1 2052
34569 duration 4 1355
34677 duration 4 1206
34706 duration 1 1998
34783 duration 1 5269
35070 duration 1 2542
35205 duration 4 7130
35364 duration 4 1266
36412 duration 4 1258
36917 duration 1 1358
