0 duration 1 5101
394 duration 1 2927
2508 duration 1 947
3669 duration 1 1169
4063 duration 1 955
4667 duration 1 2531
5496 duration 4 992
6535 duration 1 902
6866 duration 1 940
7308 duration 1 1056
7312 duration 1 1057
7317 duration 1 974
7675 duration 1 1707
7707 duration 1 922
7708 duration 1 929
7962 duration 1 925
7962 duration 1 929
7996 duration 1 1268
7996 duration 1 1190
8238 duration 1 1244
8239 duration 1 1579
8388 duration 1 1407
8389 duration 1 1201
8389 duration 1 1183
8537 duration 1 1760
8955 duration 1 2779
8982 duration 1 2022
8982 duration 1 1715
8982 duration 1 1728
8982 duration 1 1969
8983 duration 1 1709
8983 duration 1 1885
8983 duration 1 1730
8984 duration 1 1895
8984 duration 1 1864
8984 duration 1 2305
8984 duration 1 1709
8985 duration 1 1724
8985 duration 1 1728
8985 duration 1 1738
8985 duration 1 1888
8985 duration 1 1950
8986 duration 1 1744
8986 duration 1 1591
8986 duration 1 1913
8986 duration 1 1732
9439 duration 1 1945
10075 duration 1 6807
10270 duration 1 2990
11080 duration 1 1023
11455 duration 1 912
11806 duration 1 2615
12137 duration 2 986
13321 duration 1 978
13575 duration 1 1077
13828 duration 1 4810
14758 duration 4 6214
15307 duration 1 1851
15824 duration 1 1341
17036 duration 1 1852
17647 duration 1 1398
18257 duration 1 941
18638 duration 1 1414
18941 duration 1 950
19126 duration 1 4044
20102 duration 1 948
20813 duration 1 1129
21699 duration 16 2991
22406 duration 1 1060
23421 duration 4 1275
23902 duration 1 1160
24669 duration 1 2111
25022 duration 1 1452
25334 duration 1 2968
26149 duration 1 954
27599 duration 1 2049
28910 duration 1 1915
30690 duration 1 956
31040 duration 1 1037
31750 duration 1 1199
32126 duration 1 1239
32818 duration 8 5716
34011 duration 8 5612
34515 duration 1 5665
34703 duration 1 2685
34905 duration 1 2706
35137 duration 1 997
35381 duration 1 3394
35482 duration 1 5342
35601 duration 1 943
35788 duration 2 1141
35969 duration 1 1609
36196 duration 1 1217
37560 duration 1 2631
37778 duration 1 6404
37926 duration 1 978
38047 duration 1 920
38148 duration 1 2826
41267 duration 1 1046
41267 duration 1 1093
