0 duration 8 1096
143 duration 8 1085
2044 duration 16 5112
3321 duration 16 4664
3416 duration 4 3734
3667 duration 16 4709
3796 duration 8 2359
4172 duration 16 4828
4173 duration 16 5140
4187 duration 8 1127
4592 duration 16 5222
4990 duration 16 4647
7103 duration 8 1125
8066 duration 8 1045
9937 duration 1 1339
9937 duration 1 1260
9937 duration 1 1464
9937 duration 1 1655
13332 duration 1 1679
14994 duration 16 1221
15832 duration 8 1306
17225 duration 1 1098
17758 duration 16 5282
17931 duration 8 1260
18252 duration 8 1369
18252 duration 8 1258
18329 duration 1 3009
18710 duration 1 1558
19163 duration 2 1499
19321 duration 8 2663
19856 duration 8 2484
20109 duration 8 2453
20293 duration 8 1608
20452 duration 8 1665
21281 duration 1 1015
21672 duration 1 1547
22007 duration 1 1245
22592 duration 16 4625
23770 duration 4 1362
24146 duration 16 4472
24880 duration 8 2123
25026 duration 8 2009
26549 duration 16 4528
26991 duration 8 2936
27655 duration 8 905
28832 duration 8 900
28851 duration 16 2071
29986 duration 1 997
30117 duration 8 1404
30418 duration 1 1332
