0 duration 8 1096
30 duration 8 1093
120 duration 8 1081
172 duration 8 1085
968 duration 8 1038
1458 duration 8 1178
2453 duration 16 5112
2453 duration 16 5600
3986 duration 16 4918
3986 duration 16 4664
3986 duration 16 4979
4046 duration 8 926
4100 duration 4 3734
4400 duration 16 5287
4400 duration 16 4629
4400 duration 16 4709
4400 duration 16 6069
4400 duration 16 4747
4555 duration 8 2359
4641 duration 8 5253
4643 duration 8 5789
5007 duration 16 4828
5007 duration 16 4954
5007 duration 16 5217
5007 duration 16 5140
5007 duration 16 5155
5013 duration 8 1444
5025 duration 8 1127
5055 duration 16 5431
5176 duration 8 4594
5510 duration 16 5222
5510 duration 16 5706
5988 duration 16 5348
5988 duration 16 4647
7381 duration 8 6303
7546 duration 8 3213
8524 duration 8 1125
9060 duration 1 1712
9567 duration 1 4206
9679 duration 8 1045
10606 duration 1 1625
11889 duration 1 1674
11924 duration 1 1339
11924 duration 1 1464
11924 duration 1 1457
11924 duration 1 1260
11925 duration 1 1650
11925 duration 1 1638
11925 duration 1 1464
11925 duration 1 1680
11925 duration 1 1585
11925 duration 1 1655
14870 duration 1 1777
15688 duration 16 6662
15998 duration 1 1679
16385 duration 1 1627
16386 duration 1 1607
17993 duration 16 1221
18556 duration 1 1249
18888 duration 16 6659
18999 duration 8 1306
18999 duration 8 4918
19404 duration 8 1728
20670 duration 1 1098
20709 duration 16 7200
20709 duration 16 5374
21310 duration 16 5282
21435 duration 1 1647
21438 duration 1 4230
21517 duration 8 1260
21902 duration 8 1283
21902 duration 8 1154
21903 duration 8 1369
21903 duration 8 1426
21903 duration 8 1247
21903 duration 8 1258
21970 duration 2 1473
21977 duration 1 1618
21995 duration 1 3009
22033 duration 8 1232
22449 duration 1 5144
22452 duration 1 1558
22487 duration 8 1061
22984 duration 1 1859
22996 duration 2 1499
23014 duration 1 1473
23185 duration 8 2482
23185 duration 8 2663
23185 duration 8 3108
23645 duration 8 3397
23828 duration 8 2484
23976 duration 8 1610
23976 duration 8 1599
24131 duration 8 2453
24148 duration 8 2460
24351 duration 8 1636
24351 duration 8 1608
24542 duration 8 1642
24542 duration 8 1612
24542 duration 8 1665
