0 duration 1 1866
3117 duration 1 946
3121 duration 1 981
3136 duration 1 992
3151 duration 1 943
3181 duration 1 942
3823 duration 1 1040
3826 duration 1 1063
3847 duration 1 1000
3849 duration 1 1000
3851 duration 1 992
4178 duration 1 952
4186 duration 1 955
4201 duration 1 952
4208 duration 1 955
4224 duration 1 962
4233 duration 1 958
4244 duration 1 971
4311 duration 1 1051
4321 duration 1 968
4531 duration 8 1706
4687 duration 1 942
5569 duration 1 1518
5653 duration 1 1570
5721 duration 1 1585
5880 duration 1 975
5893 duration 1 975
5930 duration 1 998
5942 duration 1 995
5955 duration 1 1202
6276 duration 1 924
6285 duration 1 924
6297 duration 1 928
6307 duration 1 914
6355 duration 1 901
6369 duration 1 902
6382 duration 1 901
6397 duration 1 921
6414 duration 1 903
6781 duration 1 952
6850 duration 1 953
7026 duration 1 963
7034 duration 1 1987
7055 duration 1 971
7086 duration 1 956
7180 duration 1 1156
7193 duration 1 1148
7205 duration 1 1461
7217 duration 1 1140
7223 duration 1 969
7252 duration 1 1161
7277 duration 1 1602
7421 duration 1 1019
7445 duration 1 1197
7464 duration 1 1207
7472 duration 1 1174
7524 duration 1 1034
7567 duration 1 943
7586 duration 1 942
7601 duration 1 1031
7628 duration 1 937
7861 duration 1 1072
8090 duration 1 916
8097 duration 1 911
8110 duration 1 908
8118 duration 1 909
8154 duration 1 1870
8284 duration 1 1085
9132 duration 1 1451
9220 duration 1 1199
9253 duration 1 2014
9279 duration 1 1216
9306 duration 1 1214
9375 duration 1 1713
12894 duration 1 988
17790 duration 1 3078
18489 duration 1 3806
18898 duration 1 951
19052 duration 1 906
19106 duration 1 3000
21003 duration 1 900
23224 duration 1 1091
23966 duration 1 1203
23982 duration 1 1431
23991 duration 1 1221
24007 duration 1 1228
24050 duration 1 1437
24274 duration 1 1775
26405 duration 1 1184
26471 duration 1 1186
26480 duration 1 1163
26517 duration 1 1176
26541 duration 1 1190
27498 duration 1 1979
29941 duration 1 979
30307 duration 1 957
30340 duration 1 956
30359 duration 1 950
30378 duration 1 961
30418 duration 1 1059
