0 duration 4 2085
1666 duration 8 1780
2382 duration 4 1182
3578 duration 1 1207
4950 duration 1 5502
4953 duration 1 4030
4958 duration 1 6519
4960 duration 1 6585
6383 duration 1 1047
8179 duration 1 4694
8180 duration 1 4742
8663 duration 1 4504
9295 duration 1 1394
9763 duration 1 1128
9883 duration 1 1851
10299 duration 1 1137
10358 duration 1 1222
10365 duration 1 3884
10365 duration 1 1553
10576 duration 1 1425
10695 duration 1 3031
10764 duration 1 972
10770 duration 1 1512
10815 duration 1 1020
10868 duration 1 2886
11065 duration 1 1182
11068 duration 1 905
11211 duration 1 1858
11253 duration 1 923
11321 duration 1 1728
11531 duration 1 2729
11769 duration 1 5219
11827 duration 1 2107
11828 duration 1 2583
11889 duration 1 1216
11889 duration 1 1113
11890 duration 1 1394
12229 duration 1 1002
12757 duration 1 1069
12757 duration 1 1318
12758 duration 1 1675
12873 duration 1 2548
12874 duration 1 1119
12960 duration 1 903
13034 duration 1 2221
13094 duration 1 1272
13094 duration 1 1102
13097 duration 1 1580
13098 duration 1 1136
13098 duration 1 1049
13565 duration 1 1913
13737 duration 1 908
13764 duration 1 914
13817 duration 1 1047
13817 duration 1 1048
13877 duration 1 1409
13946 duration 1 1162
13978 duration 1 1129
14123 duration 1 967
14221 duration 1 1954
14245 duration 1 6913
14299 duration 1 1116
14300 duration 1 1725
14340 duration 1 921
14416 duration 1 1088
14416 duration 1 2318
14418 duration 1 1230
14801 duration 1 959
14802 duration 1 944
14842 duration 1 2750
14842 duration 1 2297
15002 duration 1 2220
15068 duration 1 900
15239 duration 1 1882
15364 duration 1 1417
15365 duration 1 1478
15508 duration 1 902
15613 duration 1 941
15662 duration 1 932
15789 duration 1 2055
15873 duration 1 933
15896 duration 1 926
16473 duration 4 1241
18347 duration 1 4546
19247 duration 1 6752
20860 duration 1 1192
21465 duration 1 907
21824 duration 1 1200
22173 duration 1 1554
22377 duration 1 986
23268 duration 1 1292
24608 duration 1 1683
25067 duration 8 1887
25810 duration 1 4508
27212 duration 1 913
28251 duration 1 4849
30341 duration 1 1617
31351 duration 1 921
32877 duration 1 962
34506 duration 1 4326
