0 duration 8 3481
303 duration 4 6674
387 duration 4 6509
387 duration 4 6689
394 duration 8 1108
422 duration 8 1132
465 duration 8 1084
514 duration 4 4945
514 duration 4 4915
590 duration 4 963
1569 duration 4 2137
1578 duration 4 3583
1812 duration 4 977
1829 duration 4 1165
2226 duration 4 960
3681 duration 4 3125
3872 duration 4 4164
5374 duration 1 1130
5374 duration 1 1166
5375 duration 1 1162
5375 duration 1 1156
5375 duration 1 1133
5694 duration 1 1287
5694 duration 1 1283
5695 duration 1 1271
5695 duration 1 1243
6321 duration 1 3665
6325 duration 4 4319
6417 duration 1 1139
6422 duration 1 1130
6423 duration 1 1136
6440 duration 1 1214
6537 duration 1 1363
6759 duration 1 1420
6851 duration 4 6850
6851 duration 4 6864
7080 duration 1 3488
7203 duration 4 6455
7533 duration 4 3236
7614 duration 4 3082
7656 duration 8 6425
7669 duration 8 4719
8032 duration 8 5412
8192 duration 4 2899
8231 duration 1 915
8246 duration 4 4990
8253 duration 4 6857
8257 duration 1 913
8277 duration 4 5186
8357 duration 1 902
8369 duration 1 1032
8397 duration 1 931
8648 duration 4 7037
8692 duration 4 1905
8692 duration 4 1228
8696 duration 4 1108
8736 duration 8 6243
8789 duration 4 2282
8816 duration 8 997
8843 duration 1 2543
8879 duration 1 6541
8908 duration 1 6508
8995 duration 4 1695
9041 duration 4 1079
9174 duration 4 1450
9242 duration 4 3467
9295 duration 1 2837
9880 duration 1 3582
10734 duration 4 1157
10751 duration 4 2064
10752 duration 4 1450
11641 duration 4 2123
12325 duration 4 6091
12361 duration 4 5721
12361 duration 4 6339
12364 duration 4 901
12467 duration 8 5933
12544 duration 4 5764
13667 duration 1 2297
14509 duration 16 5451
15244 duration 4 5390
15343 duration 4 6167
15343 duration 4 3425
15375 duration 4 4459
15497 duration 4 946
15872 duration 4 1087
15881 duration 4 1138
15889 duration 4 1130
15900 duration 4 1399
15901 duration 4 1381
15917 duration 4 1388
17872 duration 8 1111
17989 duration 8 1068
18416 duration 8 1070
19202 duration 8 2090
19210 duration 8 1499
19480 duration 8 1341
19503 duration 8 1659
19518 duration 8 1345
19587 duration 8 1614
