0 duration 1 996
398 duration 1 1007
7563 duration 4 2075
10787 duration 1 924
10789 duration 1 931
10806 duration 1 900
10811 duration 1 902
10857 duration 1 936
10857 duration 1 927
10858 duration 1 968
10861 duration 1 926
10863 duration 1 938
10864 duration 1 928
10925 duration 1 900
10926 duration 1 986
10928 duration 1 913
10930 duration 1 912
10933 duration 1 923
10937 duration 1 907
10940 duration 1 902
10941 duration 1 900
10953 duration 1 923
10975 duration 1 929
10975 duration 1 921
10976 duration 1 926
10977 duration 1 1937
11118 duration 1 909
11118 duration 1 923
11119 duration 1 918
11119 duration 1 903
11120 duration 1 927
11122 duration 1 947
11138 duration 1 930
11138 duration 1 902
11138 duration 1 2073
11138 duration 1 958
11138 duration 1 906
11141 duration 1 937
11195 duration 1 901
11195 duration 1 908
11196 duration 1 920
11196 duration 1 955
11197 duration 1 907
11447 duration 1 933
11447 duration 1 908
11447 duration 1 900
11448 duration 1 914
11598 duration 1 945
11599 duration 1 924
11599 duration 1 945
11599 duration 1 906
11600 duration 1 906
11710 duration 1 947
11711 duration 1 926
11711 duration 1 932
11711 duration 1 912
11712 duration 1 918
11717 duration 1 901
11717 duration 1 902
11717 duration 1 955
11784 duration 1 951
11784 duration 1 933
11784 duration 1 929
11784 duration 1 918
11853 duration 1 920
11853 duration 1 916
11853 duration 1 930
11853 duration 1 904
11854 duration 1 954
11855 duration 1 1953
11855 duration 1 910
11877 duration 1 928
11877 duration 1 919
11878 duration 1 956
11878 duration 1 937
11879 duration 1 941
11880 duration 1 903
11880 duration 1 923
11880 duration 1 917
11880 duration 1 971
11882 duration 1 910
12991 duration 1 948
12991 duration 1 1353
12991 duration 1 905
12991 duration 1 914
12992 duration 1 929
12992 duration 1 979
13337 duration 1 5550
14433 duration 1 970
14434 duration 1 906
14517 duration 1 932
14517 duration 1 906
14605 duration 1 907
14666 duration 1 925
14666 duration 1 906
14668 duration 1 1047
16961 duration 1 4606
18006 duration 1 4584
19438 duration 1 2646
26877 duration 16 4919
