0 duration 1 2985
608 duration 1 1398
893 duration 4 2174
1039 duration 4 1986
1121 duration 1 4875
1142 duration 4 2980
1187 duration 1 5287
1246 duration 4 2133
1305 duration 1 1111
1347 duration 1 1174
1508 duration 1 1321
1516 duration 1 1296
1552 duration 4 2225
1702 duration 1 1267
1703 duration 1 1272
1742 duration 4 1962
2577 duration 1 7200
2709 duration 4 2607
2861 duration 4 2550
3134 duration 4 3396
3356 duration 4 2726
7174 duration 1 4622
7188 duration 1 5715
8103 duration 1 2078
8190 duration 1 4686
8265 duration 4 1830
8349 duration 1 1134
8458 duration 4 1449
8513 duration 4 3911
8603 duration 1 1185
8655 duration 1 3172
8792 duration 4 1833
9016 duration 4 1942
9131 duration 4 1789
10001 duration 4 1077
10005 duration 4 1084
10120 duration 1 1096
10340 duration 1 3797
11543 duration 1 2069
11623 duration 4 2813
11774 duration 1 1681
11843 duration 4 3056
13748 duration 8 6791
15146 duration 8 1086
16794 duration 4 3473
17066 duration 4 3916
18732 duration 1 4262
20035 duration 1 3124
20252 duration 1 4850
20401 duration 4 2633
20810 duration 1 5005
20831 duration 1 5871
20890 duration 4 1274
21845 duration 4 1410
22018 duration 1 1017
22042 duration 4 2600
22093 duration 1 947
22177 duration 1 999
22436 duration 1 1398
22583 duration 1 1217
22618 duration 4 2056
22742 duration 1 1206
23054 duration 1 1069
23212 duration 1 1245
23343 duration 1 1201
23548 duration 1 1084
23642 duration 1 1078
23768 duration 1 6345
24296 duration 1 1097
24330 duration 4 1714
24401 duration 1 1078
24430 duration 4 1811
24436 duration 4 1778
26736 duration 1 1087
26773 duration 4 1633
27233 duration 4 1632
27304 duration 1 1162
27377 duration 8 2408
27701 duration 8 1734
28609 duration 1 1146
28639 duration 4 2057
29182 duration 1 1208
29217 duration 4 1956
29608 duration 1 3111
29713 duration 4 953
29786 duration 4 949
30001 duration 1 1232
30062 duration 1 2039
30158 duration 4 1757
30192 duration 1 5196
30533 duration 4 1482
30588 duration 1 1090
30873 duration 1 1109
30914 duration 4 2170
30998 duration 4 1712
32060 duration 4 2144
32199 duration 4 2383
36185 duration 8 2443
36245 duration 8 2458
36629 duration 8 6889
