0 duration 1 7020
11 duration 1 4085
1551 duration 1 5135
1552 duration 1 5142
1696 duration 1 6398
1752 duration 1 6326
1787 duration 1 6400
2258 duration 1 6314
2892 duration 1 6098
4458 duration 1 6719
6732 duration 1 7124
6948 duration 1 6370
7315 duration 1 7008
7497 duration 1 3968
7521 duration 1 6767
7793 duration 1 5983
8050 duration 1 5796
8214 duration 1 5866
8581 duration 1 5941
8975 duration 1 5925
8977 duration 1 6008
9309 duration 1 5942
9688 duration 1 6132
9690 duration 1 5883
9693 duration 1 4774
9787 duration 1 5473
9804 duration 1 5170
9807 duration 1 5410
10284 duration 1 5492
10956 duration 1 5683
11495 duration 1 5665
11502 duration 1 5460
12109 duration 1 5555
12115 duration 1 5397
12119 duration 1 5391
12126 duration 1 5334
12132 duration 1 5546
12643 duration 1 5658
12646 duration 1 5956
16690 duration 1 5479
18117 duration 1 5906
18118 duration 1 4053
18658 duration 1 922
19226 duration 1 927
19227 duration 1 916
19246 duration 1 962
19261 duration 1 979
19271 duration 1 1183
19290 duration 1 911
19291 duration 1 2410
19291 duration 1 2998
19291 duration 1 3871
19711 duration 1 936
19712 duration 1 968
19748 duration 1 1141
19748 duration 1 995
19789 duration 1 1425
19790 duration 1 1300
19790 duration 1 1361
20233 duration 1 1418
20233 duration 1 1270
22632 duration 1 921
22649 duration 1 980
22668 duration 1 986
22705 duration 1 1136
23166 duration 1 1029
23176 duration 1 1089
23176 duration 1 1844
23177 duration 1 1115
23177 duration 1 1307
23187 duration 1 1311
23187 duration 1 1212
23188 duration 1 2378
23188 duration 1 1908
23715 duration 1 2109
23715 duration 1 1964
23716 duration 1 2155
23716 duration 1 1876
23716 duration 1 2191
23716 duration 1 2263
23716 duration 1 2211
23716 duration 1 1736
23716 duration 1 2026
24242 duration 1 6594
24317 duration 1 978
24317 duration 1 1063
24318 duration 1 1003
24318 duration 1 994
24318 duration 1 965
24318 duration 1 967
24318 duration 1 1052
24319 duration 1 963
24319 duration 1 1059
24319 duration 1 979
24340 duration 1 6842
26011 duration 1 1506
26011 duration 1 1473
26011 duration 1 1374
26012 duration 1 1360
26012 duration 1 1262
