0 duration 4 3622
363 duration 4 5594
489 duration 4 3188
1049 duration 4 1322
1221 duration 1 2759
1353 duration 4 5225
1625 duration 1 2167
1850 duration 4 2404
2222 duration 4 4564
2421 duration 4 2852
2453 duration 16 4123
3002 duration 1 3591
3696 duration 2 4295
3768 duration 4 5736
4286 duration 2 3662
4653 duration 1 5274
4868 duration 8 6836
5187 duration 16 1728
5397 duration 1 4010
5593 duration 1 1868
6143 duration 4 2302
6256 duration 4 6106
6362 duration 1 2841
6509 duration 4 1159
6600 duration 8 2844
6785 duration 1 1143
7111 duration 1 4506
7163 duration 1 3359
7375 duration 1 6491
7557 duration 1 2220
7995 duration 1 2164
8362 duration 1 4924
8399 duration 1 2815
8761 duration 1 3903
9127 duration 1 5796
9251 duration 8 2301
9752 duration 1 1138
10015 duration 1 1595
10312 duration 4 3346
10540 duration 4 2690
10896 duration 4 5189
11158 duration 4 2612
11233 duration 1 1200
11337 duration 1 1582
11555 duration 1 6234
11672 duration 4 2924
11714 duration 1 6137
11838 duration 4 1943
11981 duration 4 1347
12163 duration 4 2307
12355 duration 4 2897
12432 duration 1 1343
12539 duration 1 3959
12655 duration 4 4924
12985 duration 8 1245
13347 duration 2 2239
13505 duration 4 2468
13823 duration 1 5364
14481 duration 2 2560
14944 duration 8 4964
15304 duration 8 4510
15452 duration 1 1653
15555 duration 1 3681
15555 duration 1 3379
15557 duration 1 3776
15557 duration 1 2471
15557 duration 1 1937
15586 duration 4 1145
15795 duration 1 4333
15795 duration 1 3242
15796 duration 1 2188
15796 duration 1 1944
16670 duration 1 3347
16763 duration 1 1057
17119 duration 8 2466
17424 duration 1 2709
17655 duration 1 5621
18284 duration 8 4717
18684 duration 2 5204
18722 duration 2 2824
18756 duration 2 2087
19066 duration 1 2257
19206 duration 16 7163
19368 duration 1 2846
19550 duration 2 2448
19960 duration 8 1198
20423 duration 4 3557
20619 duration 4 913
20717 duration 1 3243
20984 duration 1 2911
21482 duration 8 1076
21760 duration 1 2127
21969 duration 1 1015
22014 duration 16 993
22611 duration 4 5226
22863 duration 4 1037
22889 duration 4 928
22897 duration 4 1063
22952 duration 1 2207
22971 duration 8 937
