0 duration 4 3622
543 duration 4 5594
732 duration 4 3188
1573 duration 4 1322
1830 duration 1 2759
2029 duration 4 5225
2437 duration 1 2167
2775 duration 4 2404
3333 duration 4 4564
3631 duration 4 2852
3678 duration 16 4123
4503 duration 1 3591
5543 duration 2 4295
5652 duration 4 5736
6428 duration 2 3662
6979 duration 1 5274
7301 duration 8 6836
7779 duration 16 1728
8095 duration 1 4010
8389 duration 1 1868
9213 duration 4 2302
9383 duration 4 6106
9542 duration 1 2841
9763 duration 4 1159
9900 duration 8 2844
10177 duration 1 1143
10665 duration 1 4506
10744 duration 1 3359
11062 duration 1 6491
11335 duration 1 2220
11991 duration 1 2164
12542 duration 1 4924
12598 duration 1 2815
13141 duration 1 3903
13690 duration 1 5796
13875 duration 8 2301
14627 duration 1 1138
15022 duration 1 1595
15468 duration 4 3346
15809 duration 4 2690
16343 duration 4 5189
16736 duration 4 2612
16848 duration 1 1200
17005 duration 1 1582
17331 duration 1 6234
17507 duration 4 2924
17571 duration 1 6137
17756 duration 4 1943
17971 duration 4 1347
18243 duration 4 2307
18532 duration 4 2897
18647 duration 1 1343
18808 duration 1 3959
18981 duration 4 4924
19476 duration 8 1245
20020 duration 2 2239
20256 duration 4 2468
20734 duration 1 5364
21721 duration 2 2560
22416 duration 8 4964
22955 duration 8 4510
23178 duration 1 1653
23331 duration 1 3681
23332 duration 1 3379
23334 duration 1 3776
23334 duration 1 2471
23334 duration 1 1937
23379 duration 4 1145
23692 duration 1 4333
23692 duration 1 3242
23693 duration 1 2188
23693 duration 1 1944
25004 duration 1 3347
25144 duration 1 1057
25678 duration 8 2466
26135 duration 1 2709
26482 duration 1 5621
27425 duration 8 4717
28025 duration 2 5204
28082 duration 2 2824
28133 duration 2 2087
28598 duration 1 2257
28808 duration 16 7163
29052 duration 1 2846
29324 duration 2 2448
29940 duration 8 1198
30633 duration 4 3557
30928 duration 4 913
31075 duration 1 3243
31475 duration 1 2911
32222 duration 8 1076
32639 duration 1 2127
32952 duration 1 1015
33020 duration 16 993
33916 duration 4 5226
34294 duration 4 1037
34332 duration 4 928
34344 duration 4 1063
34427 duration 1 2207
34455 duration 8 937
