max schd: 0.009656, max dp: 0.001587, max job: 52
Job#,Admitted_time,Scheduled_time,JCT,Running_time,fairness(Mm),fairness(1/n),fairness(1/n-down),fairness(GPU_load),fairness(GPU_share),locality(dist),locality(bit),cold_count,wave,gpu_usg,n_avg,round_out,#shuffle,locality(content),iq_ignore,dist_expand,unlucky_expand,lucky_expand,lucky_shrink,model,gpu_req,k_val,rank_irt,ideal_run_time,ooit_inc_p_gpu
Job1,0,0,5094160,5094160,1.00006,1.00006,1.00006,1.02625,1,1,1,1,1,8,1,0,1,1,0,0,0,0,0,GNMT,8,8,157,5093840,0.142
Job2,5355000,5355000,3916107,3916107,1.00025,1.00025,1.00025,1.01031,1,1,1,1,1,8,1,0,1,1,0,0,0,0,0,GPT2_SMALL,8,32,142,3915128,0.139
Job3,20913000,20913000,3968709,3968709,1.00015,1.00015,1.00015,1.02336,1,1,1,1,1,8,1,0,1,1,0,0,0,0,0,ResNet50,8,16,143,3968112,0.13
Job4,29818000,29818000,4923517,4923517,1.00006,1.00006,1.00006,1.02719,1,1,1,1,1,8,1,0,1,1,0,0,0,0,0,GNMT,8,8,154,4923208,0.142
Job5,74931000,74931000,983215,983215,1.00006,1.00006,1.00006,1.15244,1,1,1,1,1,8,1,0,1,1,0,0,0,0,0,GNMT,8,8,65,983160,0.142
Job6,77100000,77100000,1699680,1699680,1.00049,1.00049,1.00049,1.05976,1,1,1,1,1,8,1,0,1,1,0,0,0,0,0,VGG19,8,4,120,1698840,0.136
Job7,160167000,160167000,606170587,605957427,0.961561,0.735233,0.891182,0.735349,0.948263,0.970383,0.949033,43,2.90545,3.58751,10.2709,0,43,1.00035,0,40,40,0,0,GNMT,8,8,427,298084496,0.142
Job8,160191000,160191000,176595842,176595842,0.572335,0.508213,0.571218,0.508323,1.75144,1,1,5,1.02553,7.8979,7.99896,0,5,1,0,0,0,0,0,ResNeXt,8,4,329,173955840,0.13
Job9,160297000,160297000,271107584,271089095,0.828577,0.724817,0.822405,0.724893,1.19942,1,1,5,1.62643,5.49427,7.91844,0,5,1.00007,0,0,0,0,0,GPT2_SMALL,8,32,349,187356152,0.139
Job10,160319000,160319000,325314297,325314297,0.938795,0.769465,0.909601,0.769536,1.05399,1,1,7,1.86316,4.59875,8.51568,0,7,1,0,0,0,0,0,GPT2_SMALL,8,32,355,189011128,0.139
Job11,160345000,160359052,275197120,275183068,0.832195,0.724308,0.825119,0.724383,1.19398,1,1,5,1.63737,5.45051,7.95413,0,5,1.00005,0,0,0,0,0,GPT2_SMALL,8,32,353,188706264,0.139
Job12,160398000,160401563,381012691,380975251,0.974753,0.775965,0.931148,0.776084,1.03693,1,1,8,1.97669,4.30456,9.07915,0,8,1.0001,0,0,0,0,0,ResNeXt,8,4,374,202847220,0.13
Job13,160726000,160746556,499533,478977,0.721884,0.721884,0.721884,0.83676,1.49154,1,1,1,1,8,7,0,1,1.04292,0,0,0,0,0,VGG19,8,4,32,478776,0.136
Job14,161931000,161949064,512924707,512824570,0.644377,1.0281,0.620722,1.0282,1.16906,0.993606,0.980506,19,4.10575,4.69391,9.30961,0,19,1.0002,0,6,6,0,0,BERTLARGE,16,8,371,199752264,0.083
Job15,167532000,167568691,4308662,4271971,0.518247,0.46609,0.517625,0.472738,1.95915,1,1,1,1,8,8.90275,0,1,1.00859,0,0,0,0,0,GNMT,8,8,145,4271704,0.142
Job16,167549000,167595223,1583977,1537754,0.527898,0.475727,0.527898,0.481365,1.94164,0.5,0,1,1,8,9,0,1,1.03006,0,0,0,0,0,GPT2_SMALL,8,32,111,1519768,0.139
Job17,169535000,169537866,463418611,463369976,0.917988,0.73031,0.881622,0.730358,1.0317,1,1,11,2.26209,4.12987,9.3653,0,11,1.0001,0,0,0,0,0,BERTLARGE,8,16,413,252591888,0.142
Job18,174264000,174266932,199677,196745,0.552571,0.503162,0.552571,0.562717,1.97063,0.666667,0,1,1,8,9,0,1,1.0149,0,0,0,0,0,BERTLARGE,8,16,5,201680,0.142
Job19,252350000,252366091,4904001,4887910,0.509748,0.458959,0.509748,0.460641,1.99344,0.5,0,1,1,8,9,0,1,1.00329,0,0,0,0,0,GPT2_SMALL,8,32,151,4829720,0.139
Job20,382593000,382617197,1046555564,1045888996,1.23808,0.632875,0.826902,0.632909,0.763379,1,1,37,6.65855,1.40194,29.3697,1,37,1.00064,0,0,0,0,0,ResNet50,8,16,362,193995600,0.13
Job21,424438000,424519253,559405337,558853766,0.639052,0.783645,0.530004,0.783787,1.05262,0.9892,0.9784,49,7.74821,2.60467,17.5597,0,49,1.00099,0,12,12,0,0,VGG19,16,2,297,135355474,0.075
Job22,424461000,424502953,81208993,80988853,0.324202,0.46858,0.312754,0.468904,3.04884,0.994741,0.989483,5,1.96643,9.62249,11.8563,0,5,1.00272,0,0,0,0,0,ResNet50,16,8,260,49373216,0.066
Job23,424483000,424490755,148793793,148786038,0.414323,0.623753,0.405882,0.623886,1.82095,0.750498,0.500996,5,3.339,5.716,11.7077,0,5,1.00005,0,10,10,0,0,BERTLARGE,16,8,284,70493640,0.083
Job24,425350000,425459971,942429,832458,0.44256,0.333446,0.44256,0.338112,2.3555,0.5,0,1,1,8,12,0,1,1.1321,0,0,0,0,0,GPT2_SMALL,8,32,47,822936,0.139
Job25,427759000,427778124,371038,351914,1.055,0.336753,1.055,0.347475,0.948458,1,1,1,1,1,12,0,1,1.05434,0,0,0,0,0,GPT2_SMALL,1,256,18,351696,1
Job26,429661000,429678399,376331,358932,1.0486,0.357461,1.0486,0.380983,0.953767,1,1,1,1,1,12,0,1,1.04847,0,0,0,0,0,ResNet50,1,128,20,358888,1
Job27,430684000,430689249,1718266,1713017,1.00372,0.320239,1.00372,0.324778,0.996945,1,1,1,1,1,11.4194,0,1,1.00306,0,0,0,0,0,ResNeXt,1,32,121,1711896,1
Job28,438428000,438458020,266632,236612,1.05652,0.481376,1.05652,0.556764,0.986012,0.333333,0,1,1,4,10,0,1,1.12687,0,0,0,0,0,ResNeXt,4,8,9,234632,0.253
Job29,438781000,438960241,723775,544534,1.20079,0.461116,1.20079,0.471326,0.835947,0.333333,0,1,1,4,10,0,1,1.32916,0,0,0,0,0,GPT2_SMALL,4,64,35,545872,0.26
Job30,459722000,459739279,1410760604,1409062765,1.15259,0.704804,0.858402,0.70483,0.847639,0.987457,0.974913,14,7.42147,1.18941,34.4903,3,14,1.0012,0,15,15,0,0,ResNeXt,8,4,389,214491264,0.13
Job31,459727000,459739279,996820900,996103594,1.07717,0.582437,0.759599,0.582451,0.81102,0.971965,0.94393,21,6.98456,1.31961,31.3985,1,21,1.00072,0,3,3,0,0,BERTLARGE,8,16,351,188113104,0.142
Job32,459767000,459793481,906796706,906042167,1.00561,0.538068,0.70779,0.538098,0.795589,0.912379,0.824757,22,6.83135,1.36177,29.9078,1,22,1.00083,0,15,15,0,0,VGG19,8,4,361,192847928,0.136
Job33,459770000,459792360,1545809777,1543416735,1.13116,0.716108,0.855922,0.716138,0.817208,1,1,10,7.56663,1.10834,35.1343,4,10,1.00155,0,0,0,0,0,ResNet50,8,16,400,231393072,0.13
Job34,459774000,459779354,1709399255,1687355947,1.15934,0.763418,0.896072,0.763443,0.839811,0.962807,0.925978,19,7.54392,1.11975,35.3894,12,19,1.01306,0,11,11,0,0,ResNeXt,8,4,408,242637060,0.13
Job35,664541000,664595419,704565,650146,0.535777,0.455971,0.534698,0.497856,2.13618,0.5,0,1,1,8,10.4408,0,1,1.0837,0,1,1,0,0,GNMT,8,8,40,641896,0.142
Job36,664935000,664954182,435914,416732,0.525222,0.449951,0.524357,0.49887,2.27156,0.666667,0,1,1,8,10.7124,0,1,1.04603,0,3,3,0,0,VGG19,8,4,27,404312,0.136
Job37,685120000,685124185,219509,215324,0.566598,0.515123,0.566598,0.567018,1.96187,0.666667,0,1,1,8,9,0,1,1.01944,0,0,0,0,0,GPT2_SMALL,8,32,6,213208,0.139
Job38,685529000,685532894,1064908148,1064590825,0.935182,0.671942,0.834301,0.671959,1.00645,1,1,13,7.82481,1.04397,38.9143,1,13,1.0003,0,0,0,0,0,GPT2_SMALL,8,32,299,147636728,0.139
Job39,685551000,685558497,1093244187,1092908629,0.936278,0.678099,0.83758,0.678115,1.00478,1,1,12,7.84552,1.03862,38.943,1,12,1.00031,0,0,0,0,0,GPT2_SMALL,8,32,302,150859576,0.139
Job40,685573000,685657665,1204600877,1198995398,0.776676,0.5783,0.701328,0.578336,0.99971,0.991356,0.983744,10,7.91525,1.02583,39.0344,6,10,1.00468,0,3,3,0,0,GNMT,8,8,370,198125168,0.142
Job41,685594000,685598606,1094962161,1093716745,0.936421,0.678567,0.837902,0.678583,1.00463,0.986177,0.972796,5,7.87159,1.03906,38.9443,1,5,1.00114,0,2,2,0,0,GPT2_SMALL,8,32,303,151033784,0.139
Job42,685632000,685645617,992719757,990260903,0.7971,0.560273,0.706115,0.560303,0.984313,0.998255,0.99651,8,7.88483,1.03403,38.7813,4,8,1.00248,0,1,1,0,0,VGG19,8,4,318,163216984,0.136
Job43,688352000,688361590,186230,176640,0.799203,0.462883,0.799203,0.568943,1.47545,1,1,1,1,4,14,0,1,1.05429,0,0,0,0,0,ResNeXt,4,8,4,176584,0.253
Job44,689701000,689717635,204073410,203491570,0.484507,0.68496,0.470333,0.685236,2.07667,0.956661,0.913323,53,4.99314,3.72481,20.7351,0,53,1.00286,2,31,31,0,0,ResNet50,16,8,257,47189328,0.066
Job45,689724000,689857041,192155089,191381941,0.369306,0.527042,0.359348,0.52723,1.82037,0.670013,0.449181,59,5.63372,3.31621,20.3913,0,59,1.00404,1,94,94,0,0,VGG19,16,2,273,59118754,0.075
Job46,689746000,689868931,177203680,176362052,0.434273,0.631283,0.426086,0.631373,2.23128,0.506983,0.0452287,24,4.30553,4.16957,19.7287,0,24,1.00477,5,77,77,0,0,GPT2_SMALL,16,16,258,47466016,0.072
Job47,691795000,691959026,334524,170498,1.31768,0.660866,1.31748,0.775815,0.966492,0.333333,0,1,1,4,17.0703,0,1,1.96204,0,3,3,0,0,ResNeXt,4,8,3,169328,0.253
Job48,692106000,692178129,423619,351490,0.333625,0.27286,0.333398,0.280447,3.18982,0.333333,0,1,1,8,17.3119,0,1,1.20521,0,4,4,0,0,BERTLARGE,8,16,22,361360,0.142
Job49,692421000,692476061,1504653,1449592,0.282556,0.229189,0.282494,0.230559,3.65419,0.333333,0,1,1,8,17.0722,0,1,1.03798,0,3,3,0,0,GPT2_SMALL,8,32,103,1432664,0.139
Job50,694484000,694564495,1617331,1536836,0.303344,0.246401,0.303344,0.250019,3.58976,0.285714,0,1,1,8,17,0,1,1.05238,0,0,0,0,0,VGG19,8,4,109,1481176,0.136
Job51,696484000,696613738,1401078,1271340,0.300766,0.245746,0.300534,0.249688,3.54521,0.285714,0,1,1,8,17.5953,0,1,1.10205,0,3,3,0,0,ResNet50,8,16,95,1259280,0.13
Job52,697051000,697098990,1161818,1113828,0.284945,0.233261,0.284761,0.237554,3.77218,0.285714,0,1,1,8,17.7179,0,1,1.04309,0,4,4,0,0,ResNet50,8,16,80,1103376,0.13
Job53,698615000,698774874,1377452,1217578,0.315623,0.258577,0.3148,0.265045,3.49686,0.285714,0,1,1,8,17.8501,0,1,1.1313,0,10,10,0,0,GNMT,8,8,88,1200328,0.142
Job54,699333000,699380756,2237951,2144700,0.329539,0.272858,0.32933,0.277252,3.59614,0.309558,0,3,1.21734,7.13066,18.9573,0,3,1.04348,0,22,22,0,0,GNMT,8,8,122,1712224,0.142
Job55,699481000,699589329,1016901,908572,0.26593,0.219983,0.265664,0.222,3.77883,0.25,0,1,1,8,19.0515,0,1,1.11923,0,14,14,0,0,BERTLARGE,8,16,62,936208,0.142
Job56,700154000,700164568,2746536,2735968,0.32918,0.269714,0.328285,0.270831,2.9923,0.333333,0,2,1.52086,5.91656,18.3274,0,2,1.00386,0,11,11,0,0,BERTLARGE,8,16,127,2085904,0.142
Job57,700284000,700415028,1884904,1753876,0.30334,0.250764,0.303014,0.255178,3.70744,0.5,0,2,1.09009,7.63963,18.7962,0,2,1.07471,0,3,3,0,0,GNMT,8,8,114,1588128,0.142
Job58,709407000,709532095,31862423,31737328,0.535291,0.222216,0.535172,0.222325,1.88915,0.25,0,1,1,4,17.0732,0,1,1.00394,0,32,32,0,0,VGG19,4,8,247,31417456,0.258
Job59,713792000,713829753,1074117,1036364,0.289122,0.243068,0.289122,0.248408,3.85941,0.333333,0,1,1,8,18,0,1,1.03643,0,0,0,0,0,VGG19,8,4,69,1000024,0.136
Job60,714902000,715045620,1257448,1113828,0.303475,0.254973,0.303475,0.259713,3.54314,0.333333,0,1,1,8,18,0,1,1.12894,0,0,0,0,0,ResNet50,8,16,81,1103376,0.13
Job61,761374000,761404952,553224796,553111254,0.715023,0.966117,0.647277,0.966184,1.31354,0.976864,0.959011,16,13.1329,1.38217,37.8012,0,16,1.00021,0,8,8,0,0,GPT2_SMALL,16,16,264,50910736,0.072
Job62,761395000,761440000,481049264,480545566,0.561868,0.748324,0.506582,0.748475,1.06552,0.991406,0.988542,28,14.8117,1.16572,36.5356,0,28,1.00105,0,1,1,0,0,VGG19,16,2,272,58601828,0.075
Job63,761418000,761482995,505159023,504993970,0.570746,0.76372,0.515562,0.763871,1.04254,0.990922,0.981844,24,14.999,1.12512,36.9408,0,24,1.00033,0,6,6,0,0,VGG19,16,2,275,59801412,0.075
Job64,761440000,761490392,749140326,748982174,0.768679,1.08097,0.704826,1.08103,1.21559,0.954569,0.914221,27,14.6609,1.19026,40.1056,0,27,1.00021,0,11,11,0,0,GPT2_SMALL,16,16,274,59666992,0.072
Job65,761462000,761473593,475419445,475407852,0.726734,0.96717,0.655059,0.967248,1.29282,0.863493,0.726987,11,12.66,1.4175,36.4273,0,11,1.00002,0,22,22,0,0,GPT2_SMALL,16,16,255,44865808,0.072
Job66,769372000,769536456,1194182,1029726,0.261598,0.185452,0.261438,0.187637,4.1373,0.666667,0,1,1,8,21.6047,0,1,1.15971,0,47,47,0,0,ResNeXt,8,4,70,1010784,0.13
Job67,769390000,769540366,388358,237992,0.504769,0.371842,0.504706,0.409049,3.00621,0.4,0,1,1,8,22.0782,0,1,1.63181,0,5,5,0,0,VGG19,8,4,8,232472,0.136
Job68,769748000,769778358,333740,303382,0.344946,0.254975,0.344897,0.283091,4.46183,0.5,0,1,1,8,22.091,0,1,1.10007,0,0,0,0,0,GNMT,8,8,13,300632,0.142
Job69,772693000,772738134,1215426,1170292,0.247657,0.174749,0.247657,0.178077,4.49337,0.285714,0,1,1,8,21,0,1,1.03857,0,0,0,0,0,GNMT,8,8,83,1153792,0.142
Job70,774276000,774334650,935189,876539,0.239755,0.168333,0.239755,0.169523,4.374,0.285714,0,1,1,8,21,0,1,1.06691,0,0,0,0,0,GPT2_SMALL,8,32,51,866488,0.139
Job71,778230000,778293072,1019388,956316,0.249146,0.17556,0.249146,0.178324,4.37793,0.285714,0,1,1,8,21,0,1,1.06595,0,0,0,0,0,ResNet50,8,16,64,947472,0.13
Job72,779879000,779977180,1146460,1048280,0.260825,0.184038,0.260766,0.186888,4.29058,0.285714,0,1,1,8,21.1208,0,1,1.09366,0,14,14,0,0,VGG19,8,4,71,1011480,0.136
Job73,780887000,780970919,1187384,1103465,0.231087,0.165859,0.23088,0.167615,4.66779,0.4,0,1,1,8,22.6231,0,1,1.07605,0,76,76,0,0,ResNeXt,8,4,78,1083060,0.13
Job74,781150000,781280555,977229,846674,0.229193,0.164925,0.229147,0.166102,4.40516,0.5,0,1,1,8,22.8845,0,1,1.1542,0,0,0,0,0,BERTLARGE,8,16,54,872336,0.142
Job75,781210000,781344215,1782773,1648558,0.323938,0.231021,0.323304,0.234979,3.49054,0.515783,0,2,1.45265,6.1894,21.9993,0,2,1.08141,0,7,7,0,0,GNMT,8,8,94,1231352,0.142
Job76,783887000,784021912,1012535,877623,0.249029,0.174862,0.249029,0.17614,4.04487,0.333333,0,1,1,8,21,0,1,1.15372,0,0,0,0,0,BERTLARGE,8,16,59,904272,0.142
Job77,785741000,785775285,1071773,1037488,0.239369,0.168404,0.239369,0.170413,4.51738,0.333333,0,1,1,8,21,0,1,1.03305,0,0,0,0,0,ResNeXt,8,4,72,1018392,0.13
Job78,786949000,787028970,207132,127162,0.464958,0.334249,0.464958,0.356698,2.86495,0.333333,0,1,1,8,21,0,1,1.62888,0,0,0,0,0,GPT2_SMALL,8,32,1,126104,0.139
Job79,787451000,787657129,1362293,1156164,0.245599,0.173554,0.245458,0.174487,4.06359,0.333333,0,1,1,8,21.5588,0,1,1.17829,0,9,9,0,0,BERTLARGE,8,16,87,1191696,0.142
Job80,788067000,788119068,186915,134847,0.36505,0.265614,0.365002,0.282473,3.53929,0.333333,0,1,1,8,22.0798,0,1,1.38613,0,0,0,0,0,BERTLARGE,8,16,2,137808,0.142
Job81,788239000,788239963,32647032,32547478,0.346101,0.245516,0.345415,0.245691,2.43546,0.253015,0.00402003,2,2.02412,3.98794,22.0965,0,2,1.00306,0,49,49,0,0,VGG19,8,4,231,19323896,0.136
Job82,803078000,803213437,244589571,244403109,0.758954,0.516836,0.722336,0.516882,1.16798,0.939969,0.879939,17,6.21462,1.46892,30.0987,0,17,1.00076,0,3,3,0,0,BERTLARGE,8,16,263,50660560,0.142
Job83,803485000,803487241,326781955,326770478,0.765083,0.514709,0.703025,0.514786,1.0313,1,1,7,7.35708,1.16073,34.8109,0,7,1.00004,0,0,0,0,0,VGG19,8,4,276,60170264,0.136
Job84,849033000,849186266,1737766,1584500,0.227184,0.165253,0.227107,0.16676,4.81,0.333333,0,1,1,8,23.7468,0,1,1.09673,0,11,11,0,0,VGG19,8,4,112,1527000,0.136
Job85,849473000,849542645,1478808,1409163,0.210751,0.153569,0.210711,0.155018,5.05525,0.4,0,1,1,8,23.8776,0,1,1.04942,0,4,4,0,0,ResNet50,8,16,102,1395696,0.13
Job86,851127000,851189770,1432555,1369785,0.218233,0.157462,0.218233,0.159035,4.88716,0.4,0,1,1,8,23,0,1,1.04582,0,0,0,0,0,ResNet50,8,16,99,1356720,0.13
Job87,854203000,854212387,1731349,1721962,0.212758,0.15361,0.212758,0.155402,5.0834,0.4,0,1,1,8,23,0,1,1.00545,0,0,0,0,0,GNMT,8,8,119,1696712,0.142
Job88,866371000,866385942,565576775,565222365,0.505266,0.739787,0.483899,0.739913,1.1531,0.996517,0.995357,3,15.9443,1.01393,42.7762,1,3,1.00063,0,1,1,0,0,VGG19,16,2,277,61600788,0.075
Job89,866392000,866401000,605073444,605064444,0.700381,1.03276,0.672351,1.03283,1.33181,0.968908,0.937815,11,14.9722,1.16273,42.9548,0,11,1.00001,0,2,2,0,0,GPT2_SMALL,16,16,256,47177104,0.072
Job90,866401000,866732554,1355140,1023586,0.294068,0.201542,0.293904,0.205515,4.18002,0.881769,0.763537,2,1.23646,7.05415,28.2582,0,2,1.32391,0,1,1,0,0,GNMT,8,8,50,843552,0.142
Job91,866414000,866414000,646814983,646568788,0.540949,0.804162,0.520497,0.804213,1.21295,0.997351,0.995482,6,15.736,1.05346,43.0955,1,6,1.00038,0,2,2,0,0,BERTLARGE,16,8,280,64928568,0.083
Job92,866436000,866436000,632601849,632440106,0.538791,0.798666,0.517997,0.798718,1.21786,0.994132,0.992176,4,15.6232,1.05884,43.08,1,4,1.00026,0,1,1,0,0,BERTLARGE,16,8,278,63832104,0.083
Job93,866460000,866460000,667749157,667581483,0.727615,1.08693,0.700951,1.08714,1.26328,0.969067,0.946203,6,15.4991,1.09606,43.0816,0,6,1.00025,0,11,11,0,0,ResNet50,16,8,261,49866352,0.066
Job94,866761000,866917316,867208,710892,0.262706,0.181034,0.262627,0.1845,4.7249,0.591253,0,2,1.18099,7.27603,28.5268,0,2,1.21989,0,14,14,0,0,ResNet50,8,16,38,596688,0.13
Job95,867360000,867628208,18112009,17843801,0.370241,0.250398,0.369953,0.250543,2.56017,0.88837,0.711781,4,3.28638,3.34152,28.0184,0,4,1.01503,0,2,2,0,0,BERTLARGE,8,16,187,7898256,0.142
Job96,869528000,869551871,10173286,10149415,0.330095,0.224297,0.329994,0.224669,3.10362,0.357953,0.0369302,3,2.07386,3.92614,28.5338,0,3,1.00235,0,3,3,0,0,ResNeXt,8,4,155,4925100,0.13
Job97,872362000,872364704,372008,369304,0.354043,0.128889,0.354043,0.131859,3.1988,0.333333,0,1,1,4,29,0,1,1.00732,0,0,0,0,0,ResNet50,4,32,23,370920,0.255
Job98,874643000,874662376,700698116,700610814,0.717314,1.08567,0.693606,1.08574,1.29748,0.989603,0.98403,7,15.2475,1.11576,43.2993,0,7,1.00012,0,4,4,0,0,GPT2_SMALL,16,16,266,52533088,0.072
Job99,894766000,894906292,1263298,1123006,0.216254,0.149512,0.21619,0.151848,5.19559,0.4,0,1,1,8,26.309,0,1,1.12493,0,5,5,0,0,GNMT,8,8,82,1107256,0.142
Job100,895639000,895727388,291409477,291321089,0.761666,0.539562,0.723794,0.539652,1.21692,0.93513,0.87026,5,7.48104,1.12974,40.8201,0,5,1.0003,0,4,4,0,0,ResNet50,8,16,254,44464176,0.13
Job101,922907000,923018418,1608021,1496603,0.177722,0.123214,0.177722,0.123612,5.58427,0.4,0,1,1,8,27,0,1,1.07445,0,0,0,0,0,BERTLARGE,8,16,113,1542992,0.142
Job102,929244000,929270962,1150924683,1147303501,0.762688,0.650521,0.754181,0.650535,1.23361,0.997022,0.994045,6,7.85378,1.04549,43.0925,3,6,1.00316,0,1,1,0,0,GPT2_SMALL,8,32,312,159395768,0.139
Job103,934655000,934670706,1367992220,1347072620,0.811829,0.705046,0.801279,0.705073,1.19616,1,1,8,7.7781,1.05548,41.9776,6,8,1.01553,0,0,0,0,0,ResNeXt,8,4,340,183085440,0.13
Job104,935524000,935558079,1983231281,1440050920,0.941169,0.845292,0.928576,0.845339,0.822593,0.994559,0.989118,13,7.95647,1.01088,40.8915,11,13,1.3772,0,1,1,0,0,GNMT,8,8,402,235152312,0.142
Job105,949204000,949567780,1660168,1296388,0.200549,0.14606,0.199892,0.14775,5.54295,0.5,0,1,1,8,32.0492,0,1,1.28061,0,0,0,0,0,GNMT,8,8,96,1277888,0.142
Job106,949260000,949342171,2530771,2448600,0.219654,0.161172,0.218816,0.162517,4.88472,0.343737,0,2,1.62505,5.4998,33.1749,0,2,1.03356,0,4,4,0,0,GNMT,8,8,118,1681200,0.142
Job107,950402000,950872671,1035237165,1034443671,0.700798,0.593673,0.69531,0.593688,1.20287,1,1,2,8,1,43.6786,1,2,1.00077,0,0,0,0,0,BERTLARGE,8,16,305,153430608,0.142
Job108,950424000,950872671,1122862658,1118047410,0.742079,0.636163,0.736063,0.636195,1.23969,0.997271,0.995791,7,7.87783,1.04119,43.3999,3,7,1.00431,1,2,2,0,0,ResNet50,8,16,311,158254608,0.13
Job109,950518000,951790771,3349666513,2262625166,1.28778,1.16904,1.26807,1.16907,0.753358,0.998943,0.997886,17,7.95729,1.01385,40.2178,14,17,1.48043,0,5,5,0,0,ResNeXt,8,4,426,295630584,0.13
Job110,950579000,951790771,2393789597,1751739269,1.10944,1.00768,1.0949,1.00769,0.848563,0.999081,0.998161,15,7.80087,1.05254,40.1877,9,15,1.36652,0,1,1,0,0,GPT2_SMALL,8,32,409,244844792,0.139
Job111,950600000,951790771,3032337846,2078086040,1.24927,1.13573,1.23096,1.13575,0.751501,0.998275,0.997244,15,7.98313,1.00962,39.6827,12,15,1.4592,0,3,3,0,0,GPT2_SMALL,8,32,421,279381528,0.139
Job112,953459000,953472053,674620999,674445125,0.675872,1.07155,0.670498,1.07162,1.37686,0.996842,0.993684,4,15.3437,1.10689,45.1509,0,4,1.00026,0,2,2,0,0,GPT2_SMALL,16,16,262,50177344,0.072
Job113,953481000,953487611,708911465,708904854,0.496076,0.792638,0.492229,0.792684,1.32419,0.995171,0.990343,3,15.5763,1.06744,45.0085,0,3,1.00001,0,1,1,0,0,BERTLARGE,16,8,285,72045240,0.083
Job114,975689000,976008457,2578217,2258760,0.26246,0.191106,0.26246,0.192966,3.60172,0.5,0,1,2,4,37,0,1,1.14143,0,0,0,0,0,GNMT,8,8,97,1308912,0.142
Job115,978710000,978789297,1029713840,1025495910,0.633637,0.541111,0.629245,0.541138,1.23743,0.988461,0.977842,6,7.90585,1.02768,43.8298,3,6,1.00411,0,2,2,0,0,VGG19,8,4,325,168097240,0.136
Job116,1017009000,1017209715,1696161,1495446,0.147204,0.109116,0.147204,0.109645,7.24925,0.4,0,1,1,8,37,0,1,1.13422,0,0,0,0,0,ResNeXt,8,4,105,1467264,0.13
Job117,1021128000,1021358073,1490261915,1260239720,0.887498,0.788272,0.874088,0.788288,1.06454,0.997494,0.994988,9,7.57495,1.11378,41.3128,6,9,1.18252,0,1,1,0,0,GPT2_SMALL,8,32,344,185744728,0.139
Job118,1023904000,1024010985,2869925,2762940,0.230644,0.172311,0.230644,0.173667,4.06483,0.333333,0,1,2,4,38,0,1,1.03872,0,0,0,0,0,GNMT,8,8,115,1588128,0.142
Job119,1032786000,1032886212,1472222802,1148584803,0.865468,0.769494,0.852299,0.769511,0.989581,0.996683,0.993367,12,7.5544,1.12135,41.3507,9,12,1.28177,5,1,1,0,0,BERTLARGE,8,16,350,188017296,0.142
Job120,1032917000,1033143569,1042487,815918,0.170574,0.128478,0.170567,0.13,6.79425,0.285714,0,1,1,8,39.0657,0,1,1.27769,0,0,0,0,0,VGG19,8,4,44,788088,0.136
Job121,1033891000,1033959487,1091550124,1089761881,0.75253,0.656728,0.746924,0.656743,1.2498,1,1,4,7.8346,1.04135,43.6021,2,4,1.00164,0,0,0,0,0,GPT2_SMALL,8,32,301,150859576,0.139
Job122,1036193000,1036285660,650080693,649984342,0.477219,0.779591,0.476061,0.779639,1.38058,0.993942,0.987883,4,15.5678,1.08309,46.0064,0,4,1.00015,0,2,2,0,0,BERTLARGE,16,8,281,66831864,0.083
Job123,1036216000,1036246087,589029653,588907792,0.650308,1.04726,0.64908,1.04748,1.41412,0.957343,0.915534,3,15.309,1.09973,46.3889,0,3,1.00021,0,2,2,0,0,ResNet50,16,8,253,44129872,0.066
Job124,1036246000,1036370414,1005194032,1003690241,0.672532,0.582076,0.668738,0.58209,1.26019,0.999582,0.999372,4,7.86749,1.03642,44.087,1,4,1.0015,0,1,1,0,0,BERTLARGE,8,16,306,153462544,0.142
Job125,1036268000,1047667571,1004484639,992388690,0.630694,0.545834,0.627143,0.545862,1.24237,0.983719,0.967438,3,7.86975,1.03256,44.0912,1,3,1.01219,0,6,6,0,0,VGG19,8,4,319,163554936,0.136
Job126,1036305000,1534209157,2219245235,1615268761,1.07835,0.987914,1.0649,0.987954,0.853707,0.992575,0.98515,10,7.87576,1.05334,40.5937,5,10,1.37392,0,1,1,0,0,ResNet50,8,16,398,231100752,0.13
Job127,1036326000,1628079999,2377932870,1738822027,1.14287,1.0469,1.12725,1.04694,0.850212,0.996175,0.994263,12,7.80519,1.05731,40.1374,5,12,1.36755,0,24,24,0,0,ResNeXt,8,4,403,236573484,0.13
Job128,1036368000,1513549012,1730704287,1249921920,0.954183,0.86198,0.941345,0.862021,0.820339,1,1,4,7.9627,1.00932,41.0666,2,4,1.38465,2,0,0,0,0,VGG19,8,4,372,201548760,0.136
Job129,1036388000,1513228983,2137962514,1616872061,1.11614,1.02176,1.103,1.0218,0.869616,1,1,15,7.89779,1.02555,40.8451,5,15,1.32228,0,0,0,0,0,ResNeXt,8,4,387,213616344,0.13
Job130,1037155000,1266850191,1865925116,1397188749,1.06133,0.964538,1.04786,0.964582,0.864399,0.989054,0.978108,6,7.91243,1.02189,41.1906,4,6,1.33549,0,1,1,0,0,ResNet50,8,16,364,194619216,0.13
Job131,1046277000,1046414569,363645,226076,0.247854,0.192687,0.247854,0.202901,6.76956,0.4,0,1,1,8,49,0,1,1.60851,0,0,0,0,0,VGG19,8,4,7,221016,0.136
Job132,1059747000,1513228983,1723596349,1246493639,0.935728,0.848859,0.923302,0.848914,0.828518,0.997968,0.996952,7,7.94184,1.01911,41.0141,4,7,1.38276,0,1,1,0,0,GNMT,8,8,379,204934936,0.142
Job133,1060260000,1130266955,1320066541,1234139871,0.803144,0.714193,0.793382,0.714227,1.14721,0.999749,0.999624,6,7.74765,1.06506,41.987,3,6,1.06962,0,1,1,0,0,ResNet50,8,16,333,178405200,0.13
Job134,1271430000,2169173255,5959510761,2010207684,1.97764,1.20658,1.28141,1.2066,0.502083,0.998163,0.996325,33,6.22797,2.50153,33.0602,19,33,2.96462,0,4,4,0,0,ResNeXt,8,4,434,633102444,0.13
Job135,1277193000,1277213079,440807144,440787065,0.693474,0.598113,0.691418,0.598186,1.32877,1,1,2,7.71291,1.07177,44.7672,0,2,1.00005,0,0,0,0,0,ResNet50,8,16,279,64166544,0.13
Job136,1282302000,1282327309,1097477385,1087054447,0.773041,0.718301,0.764994,0.718343,1.1918,1,1,4,7.7165,1.07088,40.8749,2,4,1.00959,0,0,0,0,0,ResNet50,8,16,310,158020752,0.13
Job137,1298414000,1298682372,929475815,918238714,0.650033,0.602146,0.644497,0.602183,1.20907,0.999624,0.999436,5,7.74395,1.06697,41.6483,2,5,1.01224,0,1,1,0,0,VGG19,8,4,307,155908056,0.136
Job138,1305782000,1305883740,168585559,168335106,0.582188,0.473337,0.581857,0.473393,1.47373,0.987757,0.983676,3,7.57607,1.13047,47.0276,0,3,1.00149,0,1,1,0,0,BERTLARGE,8,16,246,27762448,0.142
Job139,1455865000,1456036821,1691504,1519683,0.142117,0.116522,0.142101,0.116835,7.40874,0.439134,0,2,1.3652,6.53922,45.4037,0,2,1.11306,0,2,2,0,0,GPT2_SMALL,8,32,90,1214904,0.139
Job140,1458680000,2080168683,3325862598,2292945904,1.25012,1.16844,1.22644,1.16847,0.778212,1,1,23,7.68363,1.08943,38.0208,16,23,1.45048,0,0,0,0,0,ResNeXt,8,4,430,321026088,0.13
Job141,1458685000,1780556161,3002548573,2255292249,1.11718,1.0544,1.1012,1.05441,0.842536,1,1,21,7.86511,1.05354,38.885,17,21,1.33133,0,0,0,0,0,GPT2_SMALL,8,32,429,315573240,0.139
Job142,1464009000,1474367559,1114716394,1100125466,0.797145,0.773673,0.789937,0.773694,1.18564,0.997481,0.994962,6,7.54501,1.12131,38.9221,2,6,1.01326,0,1,1,0,0,GPT2_SMALL,8,32,317,163184792,0.139
Job143,1474834000,1474889507,19124104,19068597,0.387577,0.324236,0.387577,0.324649,2.54814,0.5,0,1,4,2,46,0,1,1.00291,0,0,0,0,0,ResNeXt,8,4,152,4894668,0.13
Job144,1523000000,1523033470,644254424,644220954,0.788167,0.772343,0.784898,0.772379,1.19502,0.967655,0.935309,2,7.74124,1.06469,40.5771,0,2,1.00005,0,1,1,0,0,GPT2_SMALL,8,32,290,91062680,0.139
Job145,1532466000,1697547726,1819368672,1515484511,0.836074,0.817035,0.829439,0.817083,0.932955,0.98163,0.964896,11,7.80675,1.05568,38.5,6,11,1.20052,0,4,4,0,0,GNMT,8,8,416,256496824,0.142
Job146,1551836000,1551848674,1298384593,1293975966,0.773647,0.762101,0.767583,0.762119,1.09339,0.998243,0.996679,5,7.94637,1.02201,38.951,1,5,1.00341,0,4,4,0,0,BERTLARGE,8,16,366,195458384,0.142
Job147,1565151000,1565182571,268181,236610,0.963986,0.142024,0.963986,0.147492,1.10285,1,1,1,1,1,45,0,1,1.13343,0,0,0,0,0,VGG19,1,32,11,236560,1
Job148,1567573000,1567656495,11574745,11491250,0.812333,0.093782,0.812243,0.0938086,1.23178,1,1,1,1,1,44.6711,0,1,1.00727,0,0,0,0,0,BERTLARGE,1,128,217,11491000,1
Job149,1623613000,1686273693,1881173708,1795730205,0.938002,0.918346,0.929934,0.91838,1.03492,1,1,11,7.83404,1.04149,37.8003,5,11,1.04758,0,0,0,0,0,ResNeXt,8,4,406,240887220,0.13
Job150,1655445000,1655458684,42102726,42089042,0.855655,0.106995,0.855343,0.107014,1.16933,1,1,1,1,1,42.1249,0,1,1.00033,0,0,0,0,0,VGG19,1,32,251,42076432,1
Job151,1674772000,1674847547,9582005,9487270,0.236034,0.235352,0.236034,0.236106,3.85021,0.686101,0.372203,2,2.74441,3.25559,43.0003,0,2,1.00999,0,1,1,0,0,GNMT,8,8,147,4364776,0.142
Job152,1678349000,1686273693,1388736764,1370880262,0.723102,0.71563,0.7183,0.715665,1.08319,0.98709,0.97418,3,7.89672,1.02582,38.7658,1,3,1.01303,0,1,1,0,0,VGG19,8,4,396,224512312,0.136
Job153,1722444000,1722486559,1305645409,1305602850,0.856816,0.848006,0.85087,0.848055,1.06812,1,1,1,8,1,38.7223,0,1,1.00003,0,0,0,0,0,ResNet50,8,16,334,178405200,0.13
Job154,1722447000,1722526685,1126480121,1126089364,0.784631,0.778876,0.778725,0.778898,1.07705,0.998338,0.997506,3,7.94701,1.01699,38.4287,0,3,1.00035,2,1,1,0,0,BERTLARGE,8,16,327,169430544,0.142
Job155,1835122000,1835160574,10607988,10569414,0.878017,0.11248,0.876022,0.112569,1.14073,1,1,1,1,1,41.3106,0,1,1.00365,0,0,0,0,0,ResNeXt,1,32,203,10562232,1
Job156,1839525000,1839595166,1392014826,1381904684,0.834481,0.822498,0.82857,0.822542,1.10247,0.995449,0.990897,4,7.85164,1.05074,38.3202,1,4,1.00732,0,1,1,0,0,ResNet50,8,16,369,197367024,0.13
Job157,1839529000,1839695625,1379406562,1370621139,0.857607,0.845491,0.851582,0.845512,1.09726,0.994858,0.992973,6,7.89049,1.04369,38.3596,2,6,1.00641,0,2,2,0,0,GPT2_SMALL,8,32,357,190056376,0.139
Job158,1839665000,2080168683,4046474337,2663510860,1.41185,1.31859,1.38497,1.31862,0.687313,0.999792,0.999377,21,7.94141,1.01792,37.6458,18,21,1.51923,0,1,1,0,0,ResNeXt,8,4,431,349312632,0.13
Job159,1839690000,1839734920,1346661003,1345408509,0.840782,0.82932,0.834989,0.82934,1.11969,0.995575,0.99115,5,7.82753,1.05639,38.4577,2,5,1.00093,0,1,1,0,0,GPT2_SMALL,8,32,354,188749816,0.139
Job160,1874662000,1874731445,1235065189,1234875604,0.880321,0.869346,0.874131,0.869392,1.10282,0.982906,0.965574,3,7.86015,1.03871,38.4984,0,3,1.00015,0,14,14,0,0,ResNeXt,8,4,323,165218052,0.13
Job161,1886264000,1886314319,1145412792,1145362473,0.721467,0.713128,0.716095,0.713185,1.07223,0.997677,0.996903,2,7.98142,1.00929,38.5335,0,2,1.00004,0,1,1,0,0,GNMT,8,8,345,186909992,0.142
Job162,2055340000,2055528809,1385999744,1372643093,0.731643,0.715222,0.725948,0.71527,1.06729,0.982863,0.969175,8,7.8606,1.05231,37.157,2,8,1.00973,0,11,11,0,0,GNMT,8,8,399,231336360,0.142
Job163,2057158000,2057173160,11102610,11087450,0.840899,0.117112,0.830295,0.117192,1.19051,1,1,1,1,1,43.4676,0,1,1.00137,0,0,0,0,0,ResNet50,1,128,214,11085800,1
Job164,2063247000,2063257000,7356022,7346022,0.745243,0.11518,0.74495,0.115242,1.34436,1,1,1,1,1,48.4821,0,1,1.00136,0,0,0,0,0,GPT2_SMALL,1,256,179,7341008,1
Job165,2063257000,2063306664,8703431,8653767,0.755449,0.116243,0.754943,0.116359,1.3275,1,1,1,1,1,48.0969,0,1,1.00574,0,0,0,0,0,ResNeXt,1,32,191,8647896,1
Job166,2063266000,2063321769,8626247,8570478,0.755502,0.116329,0.755038,0.116446,1.32744,1,1,1,1,1,48.1287,0,1,1.00651,0,0,0,0,0,ResNeXt,1,32,189,8564664,1
Job167,2063274000,2063277176,6395456,6392280,0.740783,0.115061,0.740661,0.115131,1.35272,1,1,1,1,1,48.7303,0,1,1.0005,0,0,0,0,0,GPT2_SMALL,1,256,167,6387920,1
Job168,2063284000,2063313681,10823199,10793518,0.772166,0.116175,0.769722,0.116256,1.29706,1,1,1,1,1,46.9718,0,1,1.00275,0,0,0,0,0,ResNet50,1,128,207,10791912,1
Job169,2063314000,2063384547,11003519,10932972,0.777582,0.116754,0.774803,0.116841,1.28831,1,1,1,1,1,46.8466,0,1,1.00645,0,0,0,0,0,VGG19,1,32,211,10929712,1
Job170,2063323000,2063435939,8701967,8589028,0.760287,0.11692,0.759801,0.117022,1.31799,1,1,1,1,1,48.1026,0,1,1.01315,0,0,0,0,0,ResNet50,1,128,190,8587752,1
Job171,2063334000,2063354849,11256575,11235726,0.778255,0.116425,0.774862,0.116516,1.28773,1,1,1,1,1,46.6489,0,1,1.00186,0,0,0,0,0,ResNeXt,1,32,215,11228088,1
Job172,2063344000,2063405838,10120526,10058688,0.767722,0.116317,0.766068,0.116404,1.30476,1,1,1,1,1,47.3626,0,1,1.00615,0,0,0,0,0,ResNet50,1,128,201,10057192,1
Job173,2063361000,2063550840,11120173,10930333,0.788667,0.118194,0.785508,0.118288,1.2708,1,1,1,1,1,46.7316,0,1,1.01737,0,0,0,0,0,ResNeXt,1,32,210,10922904,1
Job174,2134997000,2135002899,1135959272,1135918568,0.829558,0.813397,0.823548,0.81345,1.11184,0.992839,0.986489,4,7.83201,1.0714,37.6328,0,4,1.00004,0,5,5,0,0,ResNet50,8,16,322,165016944,0.13
Job175,2135003000,2135032387,1073980094,1073941378,0.726217,0.713009,0.721315,0.713054,1.07881,0.983888,0.967775,2,7.8711,1.03222,37.8819,0,2,1.00004,0,13,13,0,0,VGG19,8,4,332,176952728,0.136
Job176,2227070000,2227889815,1390500082,1389680267,0.797056,0.772981,0.789707,0.772999,1.06555,1,1,6,7.78346,1.05414,36.7501,0,6,1.00059,0,0,0,0,0,BERTLARGE,8,16,390,215641936,0.142
Job177,2227073000,2227889815,1918892613,1877507293,0.9296,0.878126,0.915861,0.878156,1.04315,1,1,9,7.95094,1.01226,38.485,7,9,1.02204,0,0,0,0,0,ResNeXt,8,4,410,245052600,0.13
Job178,2497147000,2497174021,1090652092,1090602205,0.706514,0.682269,0.69933,0.682309,1.11348,0.993083,0.989625,5,7.71532,1.08673,37.2668,0,5,1.00005,0,40,40,0,0,VGG19,8,4,352,188403000,0.136
Job179,2497150000,2497154000,1250921359,1243288344,0.742737,0.712929,0.736013,0.712981,1.04292,1,1,3,7.92265,1.01934,37.3974,1,3,1.00614,0,0,0,0,0,GNMT,8,8,378,204624696,0.142
Job180,2497154000,2497174021,1367951426,1367931405,0.91799,0.8767,0.909718,0.876742,1.05637,1,1,2,7.91689,1.02078,37.5945,0,2,1.00001,0,0,0,0,0,ResNeXt,8,4,336,180057456,0.13
Job181,2497157000,2497379787,1008968217,1008471734,0.763859,0.738768,0.756842,0.738791,1.1154,0.995802,0.991809,5,7.713,1.07713,37.6435,0,5,1.00049,0,2,2,0,0,BERTLARGE,8,16,313,159402640,0.142
Job182,2497167000,2497202052,1155564003,1155528951,0.721317,0.694828,0.714334,0.694882,1.07997,0.999129,0.998257,6,7.79361,1.0516,37.3337,0,6,1.00003,0,1,1,0,0,GNMT,8,8,365,195100328,0.142
Job183,2497171000,2505008802,1226779419,1216608341,0.729046,0.700357,0.722348,0.700395,1.0785,0.989158,0.978117,10,7.79939,1.05748,37.366,4,10,1.00836,0,3,3,0,0,VGG19,8,4,377,204613240,0.136
Job184,2497175000,2497190255,1037003568,1036988313,0.803536,0.776536,0.795662,0.776559,1.17729,0.955965,0.91193,4,7.59374,1.14205,37.4788,0,4,1.00001,0,3,3,0,0,GPT2_SMALL,8,32,308,156521336,0.139
Job185,2497178000,2511389915,1582312479,1557163080,0.890172,0.837978,0.877604,0.837995,1.05419,0.998828,0.997655,6,7.98593,1.00703,38.8427,4,6,1.01615,0,1,1,0,0,GPT2_SMALL,8,32,381,208914392,0.139
Job186,2572871000,2573044500,12583644,12410144,0.925658,0.118807,0.925512,0.11888,1.08097,1,1,1,1,1,39.4652,0,1,1.01398,0,0,0,0,0,ResNet50,1,128,220,12408296,1
Job187,2672335000,2672538487,1585287,1381800,0.5367,0.137989,0.5367,0.138399,1.88855,0.5,0,1,1,2,39,0,1,1.14726,0,0,0,0,0,GPT2_SMALL,2,128,101,1381584,0.5
Job188,2674123000,2674286026,517826,354800,0.753981,0.207986,0.753981,0.214003,1.48454,0.5,0,1,1,2,39,0,1,1.45949,0,0,0,0,0,VGG19,2,16,19,354672,0.5
Job189,2676113000,2676131250,1502356314,1363946559,0.780813,0.726894,0.767661,0.72694,0.992534,1,1,8,7.94611,1.01718,39.3553,5,8,1.10148,0,0,0,0,0,GNMT,8,8,395,223890600,0.142
Job190,2714355000,2714541984,717150484,716917837,0.482647,0.926132,0.477878,0.926288,1.2317,0.929084,0.866186,5,14.8333,1.18193,37.9029,0,5,1.00032,0,23,23,0,0,VGG19,16,2,288,89207004,0.075
Job191,2714838000,2714863411,1585855187,1541769538,0.874779,0.811479,0.860311,0.811495,1.07407,0.997863,0.996681,8,7.93629,1.02175,39.5802,4,8,1.02859,0,2,2,0,0,GPT2_SMALL,8,32,383,209611224,0.139
Job192,2714962000,2918755281,1844070379,1630947080,0.959954,0.884586,0.940278,0.884618,1.01394,0.992705,0.98541,15,7.70216,1.09635,38.4325,8,15,1.13067,0,1,1,0,0,ResNeXt,8,4,397,229699656,0.13
Job193,2755141000,3031676792,1833536391,1515820296,0.829063,0.762251,0.811378,0.762292,0.948661,1,1,14,7.69883,1.10452,38.2161,7,14,1.2096,0,0,0,0,0,GNMT,8,8,420,266207336,0.142
Job194,2755164000,2755164000,1423402056,1379692774,0.867989,0.805521,0.8527,0.805562,1.05746,0.99884,0.99768,10,7.94735,1.01753,39.2902,6,10,1.03168,1,2,2,0,0,ResNet50,8,16,359,191267280,0.13
Job195,2755181000,2755396679,1046970207,1045291928,0.793121,0.752109,0.78511,0.752131,1.07111,0.999743,0.999486,5,7.79311,1.05442,37.0024,2,5,1.00161,0,1,1,0,0,BERTLARGE,8,16,316,162213008,0.142
Job196,2768063000,2768063503,11433305,11432802,0.801255,0.10031,0.801255,0.100372,1.24995,1,1,1,1,1,45,0,1,1.00004,0,0,0,0,0,VGG19,1,32,216,11429392,1
Job197,2835064000,2835102947,10838631,10799684,0.804389,0.102694,0.804384,0.102762,1.24516,1,1,1,1,1,44.9878,0,1,1.00361,0,0,0,0,0,VGG19,1,32,208,10796464,1
Job198,2835196000,2835199277,10915568,10912291,0.802508,0.102766,0.802501,0.102883,1.24908,1,1,1,1,1,44.9809,0,1,1.0003,0,0,0,0,0,GNMT,1,64,209,10910144,1
Job199,2872407000,3109727189,4034707155,2107351985,1.64449,1.15012,1.22003,1.15014,0.590019,0.971657,0.914972,29,7.11446,1.67337,32.7578,25,29,1.91459,0,12,12,0,0,GPT2_SMALL,8,32,433,454329912,0.139
Job200,3108710000,3108969029,703366,444337,0.198251,0.193226,0.198251,0.195481,5.3346,0.5,0,1,1,8,38,0,1,1.58296,0,0,0,0,0,BERTLARGE,8,16,29,457168,0.142
Job201,3110654000,3110746406,474845,382439,0.162039,0.157834,0.162039,0.160069,6.62216,0.666667,0,1,1,8,37,0,1,1.24162,0,0,0,0,0,BERTLARGE,8,16,26,393296,0.142
Job202,3111308000,3111494584,680770,494186,0.208235,0.202917,0.20821,0.208831,6.00415,0.666667,0,1,1,8,37.2244,0,1,1.37756,0,25,25,0,0,VGG19,8,4,31,478776,0.136
Job203,3111836000,3111988770,544418,391648,0.186122,0.181297,0.186095,0.183683,5.95898,0.666667,0,1,1,8,37.2806,0,1,1.39007,0,0,0,0,0,GPT2_SMALL,8,32,24,387416,0.139
Job204,3112424000,3112746157,756763,434606,0.265649,0.259044,0.265641,0.267751,4.84373,0.666667,0,1,1,8,37.9551,0,1,1.74126,0,0,0,0,0,VGG19,8,4,28,421496,0.136
Job205,3112458000,3112719756,798940,537184,0.183841,0.179149,0.18383,0.180853,5.6632,0.5,0,1,1,8,37.9047,0,1,1.48727,0,0,0,0,0,BERTLARGE,8,16,36,552976,0.142
Job206,3113289000,3113622679,20996290,20662611,0.23828,0.451936,0.23828,0.452326,4.04578,0.333333,0,1,4,4,37,0,1,1.01615,0,0,0,0,0,GPT2_SMALL,16,16,161,5395984,0.072
Job207,3210681000,3210712982,6024232,5992250,1.00536,0.127624,1.00536,0.127719,0.994691,1,1,1,1,1,35.5057,0,1,1.00534,0,0,0,0,0,BERTLARGE,1,128,164,5992120,1
Job208,3212144000,3212169027,1755901722,1688593818,0.88711,0.792472,0.861381,0.792504,1.04382,0.996386,0.992773,22,7.59043,1.11558,36.0734,14,22,1.03986,0,3,3,0,0,ResNet50,8,16,414,254369424,0.13
Job209,3212196000,3218935562,3215542593,2384376269,1.1443,1.01507,1.0832,1.01509,0.856365,0.995889,0.987667,27,7.56051,1.23258,35.6335,21,27,1.34859,0,173,173,0,0,ResNeXt,8,4,432,374951592,0.13
Job210,3268135000,3268214782,812609449,812335017,0.542477,0.986415,0.530647,0.986571,1.07692,0.996039,0.993904,3,15.9238,1.02443,38.7013,0,3,1.00034,0,2,2,0,0,VGG19,16,2,287,89151760,0.075
Job211,3287263000,3287298711,11370088,11334377,0.224767,0.212297,0.224765,0.212674,3.76483,0.25,0,1,2,4,33.9905,0,1,1.00315,0,27,27,0,0,VGG19,8,4,170,6779576,0.136
Job212,3287371000,3287658961,266523094,266180981,0.685764,0.654255,0.684689,0.654376,1.43615,0.843824,0.687648,5,6.18187,1.56563,33.1171,0,5,1.00129,0,6,6,0,0,ResNeXt,8,4,267,52958208,0.13
Job213,3301946000,3301969646,1399487959,1364710063,0.705717,0.632009,0.684211,0.632046,1.12129,1,1,10,7.61319,1.14482,37.2953,5,10,1.02548,0,0,0,0,0,GNMT,8,8,411,246910408,0.142
Job214,3303214000,3303215672,2271867844,1959094463,1.10944,0.998046,1.07936,0.998079,0.874281,1,1,16,7.94937,1.01266,37.0476,14,16,1.15965,0,0,0,0,0,ResNeXt,8,4,415,255730428,0.13
Job215,3357373000,3357409135,46893253,46857118,0.447492,0.422661,0.447492,0.423157,1.88743,0.5,0,1,4,2,34,0,1,1.00077,0,0,0,0,0,GNMT,8,8,223,13982216,0.142
Job216,3418249000,3418258073,657320637,657311564,0.781111,0.707901,0.763695,0.707933,1.07915,1,1,1,8,1,39.7359,0,1,1.00001,0,0,0,0,0,BERTLARGE,8,16,293,97510672,0.142
Job217,3438853000,3439130706,1072033142,1069143063,0.78708,0.708621,0.766704,0.708656,1.24174,0.998747,0.997912,11,7.53161,1.1742,39.1881,3,11,1.0027,0,1,1,0,0,ResNeXt,8,4,315,160626624,0.13
Job218,3519384000,3519410841,642386759,642324288,0.772641,0.700013,0.759681,0.700082,1.18999,1,1,3,7.88647,1.04006,41.8966,0,3,1.0001,0,0,0,0,0,ResNet50,8,16,289,90904080,0.13
Job219,3522763000,3522791051,673531055,673241921,0.657299,0.595857,0.646912,0.595925,1.17985,1,1,2,7.89632,1.02592,42.0843,0,2,1.00043,0,0,0,0,0,GNMT,8,8,295,111444112,0.142
Job220,3524516000,3524519245,748147188,748143943,0.806038,0.731255,0.794588,0.731308,1.20594,0.999588,0.998764,4,7.86982,1.04431,42.171,0,4,1,0,1,1,0,0,ResNeXt,8,4,294,100538640,0.13
Job221,3526416000,3526422035,573868907,573862872,0.66812,0.605296,0.657149,0.605356,1.17292,1,1,2,7.86403,1.03399,41.5192,0,2,1.00001,0,0,0,0,0,VGG19,8,4,292,94733016,0.136
Job222,3576448000,3576457232,4397607,4388375,1.00213,0.137083,1.00213,0.137232,0.997901,1,1,1,1,1,33,0,1,1.0021,0,0,0,0,0,BERTLARGE,1,128,148,4388280,1
Job223,3582929000,3582986632,1039359808,1030871693,0.771734,0.687344,0.748935,0.687362,1.22826,0.979359,0.958717,15,7.51723,1.17355,39.1451,4,15,1.00823,0,4,4,0,0,GPT2_SMALL,8,32,314,159569976,0.139
Job224,3582934000,3582938128,952052427,939855253,0.644776,0.577806,0.628952,0.577839,1.22534,0.954952,0.918439,8,7.57903,1.14365,40.0553,2,8,1.01298,0,28,28,0,0,VGG19,8,4,328,170142136,0.136
Job225,3582958000,3583077316,1073732141,1058570881,0.719543,0.638681,0.696218,0.638697,1.19431,0.98175,0.9635,6,7.54295,1.16297,38.7561,1,6,1.01432,0,7,7,0,0,BERTLARGE,8,16,335,179107152,0.142
Job226,3582963000,3583233909,1126570629,1092027776,0.730853,0.646958,0.706047,0.646973,1.17945,0.949915,0.909951,11,7.49575,1.18263,38.3399,4,11,1.03163,0,6,6,0,0,BERTLARGE,8,16,348,187314704,0.142
Job227,3582984000,3582986632,1369739757,1318959849,0.846146,0.744751,0.817301,0.744788,1.0973,0.993129,0.988606,21,7.47537,1.14825,36.9882,12,21,1.0385,0,6,6,0,0,ResNet50,8,16,376,203973456,0.13
Job228,3582989000,3583013840,1333583523,1293714481,0.853343,0.750849,0.82409,0.750866,1.10952,0.99961,0.99922,12,7.42546,1.14773,37.1476,7,12,1.03082,0,1,1,0,0,GPT2_SMALL,8,32,367,196066552,0.139
Job229,3583108000,3583142370,848195629,847735713,0.6519,1.17448,0.64015,1.17455,1.43633,0.96904,0.952499,4,14.6671,1.27766,41.2361,0,4,1.00054,0,2,2,0,0,GPT2_SMALL,16,16,286,72334672,0.072
Job230,3583113000,3583219311,695282803,694909301,0.704186,1.2789,0.697338,1.27918,1.30684,0.998043,0.996085,4,15.3598,1.10644,42.9614,0,4,1.00054,0,1,1,0,0,ResNet50,16,8,265,52332032,0.066
Job231,3687097000,3687123927,608589019,608438228,0.462637,0.840185,0.458679,0.840336,1.26575,0.98341,0.96682,3,15.6973,1.05181,43.707,0,3,1.00025,0,36,36,0,0,VGG19,16,2,283,68427368,0.075
Job232,3708743000,3708751691,10802209,10793518,0.902581,0.107204,0.902553,0.107273,1.10876,1,1,1,1,1,39.9487,0,1,1.00081,0,0,0,0,0,ResNet50,1,128,206,10791912,1
Job233,3709297000,3709304778,41616226,41608448,0.921158,0.107297,0.920837,0.107317,1.08649,1,1,1,1,1,39.1345,0,1,1.00019,0,0,0,0,0,ResNeXt,1,32,250,41580024,1
Job234,3722974000,3722989970,25155687,25139717,0.398639,0.369139,0.398629,0.369844,2.1245,1,1,2,4.15785,1.96054,39.0365,0,2,1.00064,0,0,0,0,0,GNMT,8,8,180,7389616,0.142
Job235,3770565000,3770883305,620043264,617609260,0.587595,0.529491,0.577928,0.529549,1.34747,1,1,6,7.46211,1.15529,42.8592,3,6,1.00394,0,0,0,0,0,GNMT,8,8,296,112762632,0.142
Job236,3775859000,3775868372,606159266,605377670,0.704612,0.635629,0.693683,0.635689,1.31245,1,1,3,7.53648,1.11588,43.0642,1,3,1.00129,0,0,0,0,0,ResNet50,8,16,291,91391280,0.13
Job237,3789637000,3789665463,26896258,26623744,0.439729,0.412503,0.439621,0.413073,2.26033,0.933873,0.873006,7,5.71889,1.85941,44.221,0,7,1.01024,0,2,2,0,0,ResNet50,8,16,165,6306672,0.13
Job238,3789674000,3789891661,16876507,16141888,0.330296,0.305984,0.330234,0.306401,3.08626,0.87984,0.759681,3,3.48418,2.62136,44.3219,0,3,1.04551,0,3,3,0,0,ResNeXt,8,4,160,5256048,0.13
Job239,3789702000,3789704393,31603314,31600921,0.448982,0.420598,0.448746,0.421103,2.15225,0.924548,0.849096,3,5.84068,1.76619,43.8955,0,3,1.00008,0,1,1,0,0,ResNet50,8,16,178,7300560,0.13
Job240,3789708000,3789990697,32046666,31763969,0.42903,0.401825,0.428781,0.402036,2.11847,0.918513,0.837026,6,6.16565,1.75551,43.8555,0,6,1.0089,0,2,2,0,0,BERTLARGE,8,16,184,7706640,0.142
Job241,3789730000,3789830395,23123248,22931086,0.414616,0.38859,0.414551,0.388865,2.20742,0.841161,0.734343,6,6.00159,1.80625,44.3713,0,6,1.00838,0,5,5,0,0,BERTLARGE,8,16,162,5694672,0.142
Job242,3789758000,3789815438,19241172,19169671,0.341474,0.318096,0.341417,0.318301,2.87123,0.471997,0,2,3.66396,2.33604,44.4201,0,2,1.00373,0,5,5,0,0,GPT2_SMALL,8,32,163,5744312,0.139
Job243,3801434000,3801434420,14290612,14290192,0.6376,0.153121,0.637414,0.153318,1.52401,0.883344,0.766688,2,1.76669,1.23331,44.4997,0,2,1.00003,0,5,5,0,0,GNMT,2,32,193,9140160,0.5
Job244,3802514000,3802520083,10351708,10345625,0.805402,0.0970682,0.805262,0.0971,1.24246,1,1,1,1,1,44.7629,0,1,1.00059,0,0,0,0,0,BERTLARGE,1,128,202,10345400,1
Job245,3805670000,3805766259,27156895,27060636,0.861474,0.101375,0.859615,0.101404,1.16205,1,1,1,1,1,42.0737,0,1,1.00356,0,0,0,0,0,ResNeXt,1,32,245,27042168,1
Job246,3812322000,3812337723,24359021,24256621,0.38914,0.361127,0.388688,0.361825,2.21436,0.886342,0.829513,3,5.21264,1.95257,41.0468,0,3,1.00422,0,1,1,0,0,GNMT,8,8,171,6986304,0.142
Job247,3814339000,3836682445,2140298454,1716901212,1.09307,0.988613,1.06277,0.988654,0.839171,1,1,4,7.91111,1.02222,37.8917,2,4,1.24661,0,0,0,0,0,ResNet50,8,16,405,239246736,0.13
Job248,3832416000,3865105426,2220525273,1766563321,0.935408,0.84651,0.91006,0.846552,0.828023,0.998917,0.997833,7,7.95081,1.01555,37.923,4,7,1.25697,0,1,1,0,0,GNMT,8,8,424,289645968,0.142
Job249,3883599000,3883610426,1414548975,1363812471,0.950844,0.836807,0.914429,0.836826,0.988988,0.998472,0.996945,17,7.88899,1.03233,37.196,10,17,1.0372,0,1,1,0,0,GPT2_SMALL,8,32,346,187181944,0.139
Job250,3883651000,3883722317,1383710573,1380487990,0.57474,1.00996,0.552365,1.01005,1.01657,0.99977,0.999309,10,15.8058,1.02791,37.1317,4,10,1.00233,0,1,1,0,0,VGG19,16,2,304,151916836,0.075
Job251,3883717000,3883856515,1714939656,1389949957,1.01888,0.908082,0.985386,0.908102,0.829673,0.999968,0.999903,8,7.93216,1.01747,37.4503,5,8,1.23381,0,1,1,0,0,BERTLARGE,8,16,382,209158928,0.142
Job252,3883778000,4197704683,2032606735,1664390445,1.13958,1.02911,1.10651,1.02915,0.850906,1,1,3,7.92737,1.01816,37.8408,1,3,1.22123,0,0,0,0,0,ResNeXt,8,4,392,218515896,0.13
Job253,3884293000,3884320165,53512331,53485166,0.770391,0.0887697,0.769527,0.08878,1.29882,1,1,1,1,1,46.834,0,1,1.00051,0,0,0,0,0,VGG19,1,32,268,53469136,1
Job254,3884671000,3884759943,10055577,9966634,0.812817,0.0951427,0.812293,0.0952057,1.23235,1,1,1,1,1,44.7896,0,1,1.00892,0,0,0,0,0,VGG19,1,32,199,9963664,1
Job255,3890725000,3890837684,8553162,8331617,0.221538,0.204971,0.221489,0.205439,3.81408,0.41121,0,2,2.93452,3.06548,45.9926,0,2,1.02659,0,1,1,0,0,VGG19,8,4,141,3864024,0.136
Job256,3892754000,3899278162,1277336564,1242107048,0.925668,0.811127,0.889263,0.811174,0.994772,0.988585,0.978295,16,7.86583,1.04744,36.599,8,16,1.02836,0,6,6,0,0,ResNet50,8,16,331,176690256,0.13
Job257,3892761000,4197704683,2199816933,1806562369,1.13378,1.02669,1.10266,1.02672,0.85584,0.996596,0.993192,6,7.95895,1.02047,37.802,3,6,1.21768,0,3,3,0,0,ResNeXt,8,4,404,237554916,0.13
Job258,3905355000,4302683335,2143728956,1743876256,0.932244,0.843739,0.906449,0.84377,0.839638,1,1,5,7.95988,1.01003,37.8357,3,5,1.22929,0,0,0,0,0,VGG19,8,4,422,281362712,0.136
Job259,3905626000,4302683335,2231966522,1822333169,0.903121,0.817612,0.877385,0.81765,0.864127,0.996744,0.993488,10,7.93624,1.04423,37.5579,7,10,1.22479,0,1,1,0,0,GNMT,8,8,428,304909776,0.142
Job260,3905975000,3905987962,1284797982,1160798076,0.857771,0.752226,0.824379,0.752268,0.915281,0.994585,0.98917,17,7.86827,1.03696,36.5946,10,17,1.10682,0,5,5,0,0,VGG19,8,4,360,191730968,0.136
Job261,3976766000,3976790940,13623672,13598732,0.739356,0.0873769,0.73928,0.0874161,1.35477,1,1,1,1,1,48.8662,0,1,1.00183,0,0,0,0,0,VGG19,1,32,221,13594672,1
Job262,3978804000,3978840365,10907650,10871285,0.453823,0.107634,0.453809,0.107703,2.19375,1,1,2,1.38552,1.61448,49.0819,0,2,1.00335,0,0,0,0,0,ResNet50,2,64,192,8855912,0.5
Job263,3982045000,3982107870,9351542,9288672,0.745432,0.0889735,0.745255,0.0890752,1.34633,1,1,1,1,1,48.8076,0,1,1.00677,0,0,0,0,0,GNMT,1,64,194,9286848,1
Job264,3994708000,3994978474,714811,444337,0.163266,0.147704,0.163266,0.148997,6.49242,0.4,0,1,1,8,47,0,1,1.60871,0,0,0,0,0,BERTLARGE,8,16,30,457168,0.142
Job265,4011578000,4011616586,140746889,140683038,0.542424,0.495423,0.542037,0.49565,1.45472,0.981863,0.972795,3,7.76761,1.09891,47.7123,0,3,1.00045,0,5,5,0,0,GNMT,8,8,243,24607936,0.142
Job266,4011616000,4011646711,145115988,145078597,0.619251,0.565737,0.618818,0.565936,1.50059,0.963028,0.926056,3,7.64435,1.13382,47.6908,0,3,1.00026,0,6,6,0,0,ResNet50,8,16,240,22208880,0.13
Job267,4011624000,4011627747,163434979,163431232,0.584844,0.534475,0.584319,0.534549,1.46287,1,1,2,7.55361,1.1116,47.4199,0,2,1.00002,0,0,0,0,0,BERTLARGE,8,16,244,26580816,0.142
Job268,4091231000,4091258201,177863045,177751874,0.569252,0.521331,0.568088,0.521477,1.39543,0.998626,0.995879,3,7.56769,1.12971,44.5864,0,3,1.00063,0,1,1,0,0,VGG19,8,4,248,31684920,0.136
Job269,4122773000,4122777443,103068283,103063840,0.502288,0.459946,0.501118,0.460141,1.57558,1,1,2,6.90822,1.27294,44.6648,0,2,1.00004,0,0,0,0,0,VGG19,8,4,237,20807448,0.136
Job270,4148442000,4148745161,49262683,48959522,0.513407,0.471186,0.512974,0.471362,1.88673,0.993732,0.981196,4,6.38357,1.51716,45.0846,0,4,1.00619,0,1,1,0,0,GPT2_SMALL,8,32,195,9620440,0.139
Job271,4148445000,4148464295,48269730,48171625,0.500661,0.459582,0.500282,0.459766,1.76732,0.996008,0.993346,3,6.48707,1.41317,45.1478,0,3,1.00204,0,1,1,0,0,BERTLARGE,8,16,196,9654736,0.142
Job272,4175200000,4175315956,136609638,136493682,0.686406,0.626737,0.682635,0.626953,1.43212,1,1,5,7.40872,1.24798,41.5755,0,5,1.00085,0,0,0,0,0,ResNeXt,8,4,238,21727368,0.13
Job273,4178119000,4178160838,111758350,111716512,0.578493,0.529364,0.577792,0.529602,1.36285,1,1,2,7.38367,1.15408,42.5796,0,2,1.00037,0,0,0,0,0,VGG19,8,4,235,20526776,0.136
Job274,4213355000,4213378835,36963261,36903184,0.367011,0.335419,0.366843,0.335708,2.21494,0.669312,0.338625,3,5.14265,1.87322,42.656,0,3,1.00163,0,2,2,0,0,VGG19,8,4,205,10714712,0.136
Job275,4213358000,4213495229,58377924,58202170,0.556404,0.508972,0.556105,0.509305,1.77377,0.816539,0.633078,3,6.41457,1.48466,43.1634,0,3,1.00302,0,4,4,0,0,ResNeXt,8,4,212,11011500,0.13
Job276,4246393000,4246409385,48994825,48978440,0.526248,0.483174,0.524902,0.483359,1.8325,0.917757,0.890343,3,6.39893,1.56475,42.2824,0,3,1.00033,0,1,1,0,0,GPT2_SMALL,8,32,200,9968856,0.139
Job277,4246396000,4246417365,54262781,54170142,0.533479,0.490374,0.531415,0.490707,1.86838,0.954869,0.909739,4,6.17367,1.61947,41.766,0,4,1.00171,0,4,4,0,0,ResNeXt,8,4,213,11068560,0.13
Job278,4246400000,4246405395,56283335,56185572,0.525383,0.482574,0.522744,0.482885,1.89726,0.984602,0.957407,4,6.15834,1.65701,41.4998,0,4,1.00174,0,8,8,0,0,ResNeXt,8,4,218,11741868,0.13
Job279,4268263000,4268271046,7105643,7082104,0.252647,0.231195,0.25249,0.232177,3.60891,0.372805,0,2,2.98244,3.01756,43.225,0,2,1.00332,0,2,2,0,0,GNMT,8,8,136,3046256,0.142
Job280,4301968000,4301979010,466774750,466763740,0.508558,0.917615,0.506181,0.917707,1.36225,0.810407,0.662993,10,12.6499,1.60857,30.6311,0,10,1.00002,0,5,5,0,0,BERTLARGE,16,8,282,67783512,0.083
Job281,4418515000,4418525952,3569204,3558252,1.00327,0.13629,1.00327,0.136918,0.996932,1,1,1,1,1,32,0,1,1.00308,0,0,0,0,0,GNMT,1,64,140,3557568,1
Job282,4482771000,4482919922,15387658,15238736,0.292786,0.275,0.292763,0.275369,3.48987,0.333333,0,2,1.97419,4.10322,30.9204,0,2,1.00977,0,11,11,0,0,ResNeXt,8,4,185,7713432,0.13
Job283,4483899000,4483962537,13862057,13798520,0.288534,0.271061,0.288534,0.271268,3.42866,0.333333,0,1,2,4,31,0,1,1.0046,0,0,0,0,0,GPT2_SMALL,8,32,172,7007320,0.139
Job284,4497858000,4497863620,1155422627,1155417007,0.798604,0.721052,0.777777,0.72111,0.966556,1,1,1,8,1,35.728,0,1,1,0,0,0,0,0,GNMT,8,8,347,187220232,0.142
Job285,4498477000,4498479348,1201286860,1201284512,0.782663,0.708181,0.762144,0.708236,0.989167,1,1,2,7.93371,1.01657,35.9727,0,2,1,0,0,0,0,0,GNMT,8,8,368,197287520,0.142
Job286,4499776000,4499796522,9853868,9833346,1.00239,0.135969,1.00239,0.136101,0.997917,1,1,1,1,1,32.1277,0,1,1.00209,0,0,0,0,0,VGG19,1,32,197,9830416,1
Job287,4508372000,4508373432,421318938,421317506,0.541658,0.959246,0.539885,0.959358,1.27144,0.765385,0.530769,7,12.1184,1.53024,30.01,0,7,1,0,13,13,0,0,BERTLARGE,16,8,271,58556664,0.083
Job288,4561175000,4561243763,4542743,4473980,1.01552,0.144052,1.01552,0.144349,0.984863,1,1,1,1,1,30,0,1,1.01537,0,0,0,0,0,ResNet50,1,128,149,4473320,1
Job289,4569282000,4569331474,6472936,6423462,1.0079,0.1406,1.0079,0.140967,0.992357,1,1,1,1,1,30.3311,0,1,1.0077,0,0,0,0,0,GNMT,1,64,168,6422208,1
Job290,4573612000,4573771052,17737921,17578869,0.177443,0.313497,0.177293,0.314219,3.79719,0.358597,0,2,3.69684,4.60632,29.9701,0,2,1.00905,0,2,2,0,0,VGG19,16,2,183,7631346,0.075
Job291,4659719000,4659781817,1522864726,1509053718,0.90404,0.830359,0.881797,0.830393,1.07759,1,1,10,7.80407,1.0937,36.6972,7,10,1.00915,0,0,0,0,0,ResNeXt,8,4,385,211839876,0.13
Job292,4659728000,4659777942,1369005728,1368684537,0.879906,0.811099,0.863456,0.811142,1.04268,1,1,5,7.92986,1.02077,37.4822,1,5,1.00023,0,0,0,0,0,ResNet50,8,16,358,190429296,0.13
Job293,4671558000,4671623340,881065,815725,0.169852,0.154046,0.169852,0.155185,5.96652,0.333333,0,1,1,8,29,0,1,1.0801,0,0,0,0,0,BERTLARGE,8,16,49,840400,0.142
Job294,4690686000,4690687880,1389481897,1389142860,0.919785,0.850231,0.90437,0.85027,1.05527,1,1,5,7.91751,1.02687,37.6357,1,5,1.00024,0,0,0,0,0,ResNeXt,8,4,341,183770160,0.13
Job295,4690690000,4690694622,1388054949,1387651110,0.923968,0.854094,0.908481,0.854133,1.05006,1,1,4,7.92436,1.02172,37.6405,1,4,1.00029,0,0,0,0,0,ResNeXt,8,4,338,182727864,0.13
Job296,4690744000,4690799709,290588517,290517840,0.452611,0.797291,0.451218,0.797403,1.5547,0.739752,0.481384,8,11.2586,1.83776,30.5567,0,8,1.00024,0,4,4,0,0,BERTLARGE,16,8,259,47467896,0.083
Job297,4690748000,4690799709,312929313,312706121,0.397037,0.701675,0.395601,0.701879,1.58284,0.727003,0.468135,8,10.9625,1.87845,30.4665,0,8,1.00071,0,35,35,0,0,VGG19,16,2,270,58538692,0.075
Job298,4690765000,4690767137,1387117091,1386795695,0.924321,0.854417,0.908825,0.854457,1.04919,0.989633,0.979267,3,7.91707,1.02073,37.6432,1,3,1.00023,0,1,1,0,0,ResNeXt,8,4,337,182522448,0.13
Job299,4690768000,4691038060,1157452346,1157182286,0.765878,0.704669,0.751361,0.70471,1.02129,1,1,1,8,1,37.4855,0,1,1.00023,0,0,0,0,0,VGG19,8,4,342,185012024,0.136
Job300,4915428000,4915448038,40319525,40299487,0.425108,0.387795,0.424078,0.38794,2.32651,0.869195,0.753022,6,3.7325,2.71169,30.9768,0,6,1.0005,0,2,2,0,0,GPT2_SMALL,8,32,222,13844984,0.139
Job301,4915431000,4915513600,51522597,51237627,0.502329,0.456583,0.500529,0.456887,1.98754,0.834842,0.741219,5,3.76437,2.38081,30.3293,0,5,1.00556,0,10,10,0,0,ResNeXt,8,4,227,15336648,0.13
Job302,4918853000,4918927996,819292,744296,0.162233,0.144481,0.162198,0.145481,6.53298,0.4,0,1,1,8,32.3677,0,1,1.10076,0,0,0,0,0,GPT2_SMALL,8,32,43,735832,0.139
Job303,4919371000,4919401043,869600,839557,0.159252,0.141911,0.159218,0.143669,6.93828,0.333333,0,1,1,8,32.3465,0,1,1.03578,0,29,29,0,0,ResNeXt,8,4,48,824388,0.13
Job304,4935211000,4935251773,392687,351914,1.11655,0.164555,1.11655,0.166933,0.896169,1,1,1,1,1,31.416,0,1,1.11586,0,0,0,0,0,GPT2_SMALL,1,256,15,351696,1
Job305,4935454000,4935473151,10225293,10137623,0.438819,0.210758,0.436809,0.211063,2.23352,0.829772,0.744658,2,1.74466,2.51068,32.4519,0,2,1.00865,0,9,9,0,0,VGG19,4,8,169,6542704,0.258
Job306,4935590000,4935603687,7426987,7413300,1.00199,0.134655,1.00199,0.134814,0.998157,1,1,1,1,1,32.9348,0,1,1.00185,0,0,0,0,0,ResNet50,1,128,181,7412200,1
Job307,4936088000,4936289811,7269431,7067620,1.02886,0.138393,1.02886,0.138578,0.972238,1,1,1,1,1,32.9532,0,1,1.02855,0,0,0,0,0,VGG19,1,32,174,7065520,1
Job308,4986122000,4986230688,1242841471,1224764351,0.83229,0.772692,0.808515,0.772728,1.17392,0.998659,0.997318,10,7.6025,1.16614,37.8564,6,10,1.01476,0,149,149,0,0,ResNeXt,8,4,339,182792532,0.13
Job309,4987946000,4987947711,1143195454,1140865274,0.808702,0.763572,0.800877,0.763618,1.13975,0.994789,0.989579,8,7.84252,1.06112,39.125,4,8,1.00204,0,2,2,0,0,ResNet50,8,16,320,164256912,0.13
Job310,4987995000,4988002523,1252852292,1231319924,0.795623,0.736279,0.770137,0.736296,1.19369,0.99645,0.989846,15,7.5815,1.19806,37.7038,6,15,1.01749,0,10,10,0,0,GPT2_SMALL,8,32,363,194193816,0.139
Job311,4988004000,4988006145,1391057924,1246888787,0.843459,0.751767,0.784121,0.751797,1.16912,0.980377,0.951548,18,7.33424,1.41007,35.8197,10,18,1.11562,0,44,44,0,0,ResNeXt,8,4,394,222936144,0.13
Job312,4988028000,4988033000,1238595041,1200388307,0.698395,0.648695,0.678863,0.64874,1.13512,0.999294,0.997883,13,7.63962,1.14451,37.901,9,13,1.03183,0,37,37,0,0,GNMT,8,8,391,216739568,0.142
Job313,4988033000,4988169198,1141242734,1138739272,0.752446,0.710605,0.74536,0.710623,1.12813,0.995625,0.99125,7,7.85412,1.04959,39.1473,4,7,1.0022,0,1,1,0,0,BERTLARGE,8,16,330,176041296,0.142
Job314,5011001000,5011010613,1100744197,1099549072,0.747187,0.707538,0.742336,0.707557,1.13488,0.996672,0.993344,5,7.87221,1.04193,39.5106,2,5,1.00109,0,1,1,0,0,BERTLARGE,8,16,326,168919568,0.142
Job315,5011005000,5011010613,1178325566,1149408062,0.669096,0.626463,0.65607,0.626506,1.19129,0.998079,0.994237,13,7.70244,1.16333,38.5433,9,13,1.02516,0,1,1,0,0,GNMT,8,8,384,209805704,0.142
Job316,5011008000,5011061220,1093307767,1091996511,0.744721,0.705576,0.74033,0.705595,1.13879,0.994694,0.989389,5,7.89118,1.04312,39.5821,2,5,1.0012,0,1,1,0,0,BERTLARGE,8,16,324,167929552,0.142
Job317,5013351000,5013361218,533743628,533733410,0.556923,1.04308,0.554418,1.04318,1.17872,1,1,2,15.4827,1.06467,40.0373,0,2,1.00002,0,0,0,0,0,BERTLARGE,16,8,269,54150120,0.083
Job318,5013355000,5013366074,536919747,536908673,0.760272,1.42407,0.75685,1.42422,1.22391,0.997102,0.994205,3,15.4034,1.105,40.0549,0,3,1.00002,0,1,1,0,0,GPT2_SMALL,16,16,249,39887632,0.072
Job319,5013571000,5013573369,1644906120,1088455447,1.0755,0.858749,0.892285,0.858807,0.783677,0.988853,0.96656,23,6.75887,1.59423,32.2353,7,23,1.51123,0,1,1,0,0,GNMT,8,8,417,257458568,0.142
Job320,5013575000,5013799156,1256834733,1233532361,0.779242,0.713778,0.746141,0.713794,1.22169,0.999092,0.998185,17,7.53166,1.25173,37.388,7,17,1.01889,0,1,1,0,0,GPT2_SMALL,8,32,373,202773560,0.139
Job321,5013578000,5298147975,1565064720,1193443542,1.04519,0.875204,0.909935,0.875241,0.94533,0.962878,0.915912,29,6.77921,1.5375,33.3418,9,29,1.31139,0,41,41,0,0,ResNeXt,8,4,401,232202688,0.13
Job322,5013592000,5298147975,1467114245,1100259201,0.873386,0.759946,0.79095,0.759997,0.949136,0.977607,0.949331,26,6.967,1.45203,34.6486,8,26,1.33343,0,11,11,0,0,GNMT,8,8,407,241015848,0.142
Job323,5013596000,5013598641,1326622383,1206886855,0.7983,0.716575,0.747772,0.716604,1.23549,0.952527,0.911765,22,7.20099,1.43365,36.4064,10,22,1.09921,0,264,264,0,0,ResNeXt,8,4,393,219352776,0.13
Job324,5013599000,5013619328,1220163505,1202052533,0.803278,0.745253,0.779538,0.745271,1.18062,0.959586,0.917927,13,7.5856,1.17131,37.9545,6,13,1.01507,0,14,14,0,0,GPT2_SMALL,8,32,343,185614072,0.139
Job325,5091727000,5091749381,1670493,1648112,0.878078,0.110621,0.878078,0.111507,1.15104,1,1,1,1,1,42,0,1,1.01358,0,0,0,0,0,GNMT,1,64,117,1647808,1
Job326,5094087000,5094103422,2110774,2094352,0.224037,0.106142,0.224037,0.106517,4.63036,0.25,0,1,1,4,42,0,1,1.00784,0,0,0,0,0,VGG19,4,8,126,2073904,0.258
Job327,5165785000,5165869136,101268182,101028393,0.676944,0.634022,0.676688,0.634189,1.25664,0.996882,0.993764,2,7.95635,1.04365,43.4663,0,2,1.00237,0,1,1,0,0,BERTLARGE,8,16,228,15530960,0.142
Job328,5165794000,5165805478,100409840,100398362,0.698501,0.654224,0.698236,0.654403,1.20691,1,1,1,8,1,43.4704,0,1,1.00011,0,0,0,0,0,BERTLARGE,8,16,225,14924176,0.142
Job329,5187585000,5187653798,8581423,8512625,0.856969,0.102307,0.85685,0.10235,1.16765,1,1,1,1,1,42.3811,0,1,1.00808,0,0,0,0,0,BERTLARGE,1,128,188,8512440,1
Job330,5196135000,5196155822,77955183,77934361,0.564618,0.529143,0.564391,0.529294,1.5426,0.950689,0.901379,3,7.43315,1.27099,43.7225,0,3,1.00027,0,2,2,0,0,BERTLARGE,8,16,224,14253520,0.142
Job331,5196139000,5196155822,97825454,97808632,0.644904,0.605455,0.643875,0.605737,1.51516,1,1,2,6.91302,1.27175,42.9663,0,2,1.00017,0,0,0,0,0,ResNeXt,8,4,229,15979524,0.13
Job332,5196143000,5196166423,117624467,117601044,0.578325,0.542921,0.576451,0.543159,1.36377,1,1,2,7.32651,1.16837,42.1657,0,2,1.0002,0,0,0,0,0,VGG19,8,4,239,21861400,0.136
Job333,5512413000,5575183507,1055013576,873302826,0.857037,0.71489,0.733297,0.714953,0.986442,0.915328,0.821143,30,6.4691,1.64228,30.5314,8,30,1.20807,0,33,33,0,0,GNMT,8,8,386,212163528,0.142
Job334,5512423000,5512578778,985091596,945892202,0.838418,0.719028,0.738108,0.719067,1.17864,0.952175,0.91129,18,6.72442,1.58209,31.7273,8,18,1.04144,0,217,217,0,0,ResNeXt,8,4,356,189358236,0.13
Job335,5512446000,5512565822,567784924,567582008,0.755,1.44744,0.751446,1.44788,1.2184,0.997617,0.996028,3,15.3131,1.10671,39.8349,0,3,1.00036,0,2,2,0,0,ResNet50,16,8,252,42791360,0.066
Job336,5512545000,5752865139,1247259905,894148381,1.09207,0.778128,0.797134,0.778191,0.807942,0.968809,0.906426,12,6.4479,2.04279,27.2106,4,12,1.39491,0,8,8,0,0,GNMT,8,8,418,258870160,0.142
Job337,5512555000,5598656656,1109488091,879620727,0.953731,0.770891,0.790364,0.770939,1.01091,0.926547,0.832414,25,6.27069,1.87269,29.5789,7,25,1.26133,0,19,19,0,0,ResNet50,8,16,388,213639504,0.13
Job338,5512574000,5752865139,1207391216,931978381,1.01936,0.76401,0.782808,0.764073,0.847029,0.957193,0.914386,19,6.52429,1.84361,27.9035,5,19,1.29551,0,3,3,0,0,GNMT,8,8,412,248849408,0.142
Job339,5512593000,5550274747,948581224,866638784,0.728592,0.631238,0.648657,0.631278,1.14745,0.883481,0.778757,23,6.79811,1.57117,32.3239,7,23,1.09455,0,129,129,0,0,VGG19,8,4,375,203668120,0.136
Job340,5598465000,5598474163,81299843,81290680,0.53843,0.525943,0.538209,0.526385,1.49485,1,1,4,6.97275,1.25681,42.8409,0,4,1.00011,0,0,0,0,0,GNMT,8,8,230,15983264,0.142
Job341,5598669000,5598889335,126987142,126766807,0.678691,0.662182,0.677955,0.662317,1.39894,1,1,2,7.187,1.20325,41.9732,0,2,1.00174,0,0,0,0,0,GPT2_SMALL,8,32,233,20116472,0.139
Job342,5604021000,5604054941,148844139,148810198,0.665679,0.649047,0.664643,0.649157,1.43233,1,1,6,7.28727,1.24143,41.61,0,6,1.00023,0,0,0,0,0,GPT2_SMALL,8,32,242,24253912,0.139
Job343,5655691000,5655893244,1079867,877623,0.12301,0.120215,0.122835,0.12078,8.23457,0.666667,0,1,1,8,45.6599,0,1,1.23045,0,12,12,0,0,BERTLARGE,8,16,58,904272,0.142
Job344,5655735000,5655905091,4693565,4523474,0.233084,0.227981,0.23296,0.228447,4.11594,0.647967,0.316753,3,2.63351,3.36649,45.6936,0,3,1.0376,0,1,1,0,0,BERTLARGE,8,16,124,2022032,0.142
Job345,5656172000,5656219983,2280905,2161413,0.152825,0.149591,0.152792,0.149975,6.79751,0.410477,0,2,1.61485,5.54058,46.6189,0,2,1.05528,0,5,5,0,0,GPT2_SMALL,8,32,106,1476216,0.139
Job346,5656243000,5656460638,1300841,1083203,0.149406,0.146306,0.149396,0.14695,7.1803,0.607738,0,2,1.35357,6.58572,47.1398,0,2,1.20092,0,2,2,0,0,GPT2_SMALL,8,32,52,866488,0.139
Job347,5656270000,5656302853,4965473,4932620,0.223911,0.218989,0.223778,0.219716,4.74743,0.5,0,3,2.71217,3.7772,45.5757,0,3,1.00666,0,23,23,0,0,ResNeXt,8,4,129,2258496,0.13
Job348,5656562000,5656653124,4798546,4707422,0.23262,0.227497,0.232474,0.228908,3.99959,0.691658,0.383316,2,2.76663,3.23337,45.4219,0,2,1.01936,0,4,4,0,0,GNMT,8,8,128,2162072,0.142
Job349,5725891000,5725964117,1276305,1203188,0.133431,0.130208,0.133431,0.131482,8.37966,0.5,0,1,1,8,40,0,1,1.06077,0,0,0,0,0,VGG19,8,4,85,1160408,0.136
Job350,5741964000,5742018127,2035258,1981131,0.204125,0.199655,0.204077,0.201434,5.4911,0.955042,0.865127,2,1.86513,4.53949,44.747,0,2,1.02732,0,1,1,0,0,ResNet50,8,16,79,1083888,0.13
Job351,5741968000,5742141740,4338873,4165133,0.234795,0.229269,0.234538,0.230426,3.67592,0.703028,0.406056,2,2.81211,3.18789,43.2904,0,2,1.04171,0,5,5,0,0,VGG19,8,4,123,2008152,0.136
Job352,5741972000,5742048503,10677111,10561233,0.28631,0.279045,0.285777,0.279352,3.24648,1,1,3,3.70361,2.85889,41.4063,0,3,1.01097,0,0,0,0,0,BERTLARGE,8,16,144,4097872,0.142
Job353,5741979000,5742064276,1750867,1665591,0.202098,0.197723,0.202097,0.198666,4.75578,0.5,0,1,2,4,44.9937,0,1,1.0512,0,0,0,0,0,BERTLARGE,8,16,57,904272,0.142
Job354,5741983000,5742095921,1838645,1725724,0.204895,0.200451,0.20489,0.201373,4.68743,0.5,0,1,2,4,44.9485,0,1,1.06543,0,0,0,0,0,BERTLARGE,8,16,61,936208,0.142
Job355,5741986000,5741989641,5063326,5025073,0.225427,0.220042,0.225135,0.221292,4.46923,0.951645,0.854936,3,2.65641,3.77878,42.9579,0,3,1.00761,0,1,1,0,0,GNMT,8,8,132,2472312,0.142
Job356,5852934000,5852996767,823161814,792286144,0.925094,0.742232,0.758114,0.74226,0.979047,0.924442,0.826157,22,6.2838,1.89033,23.6389,4,22,1.03897,0,8,8,0,0,BERTLARGE,8,16,380,206731792,0.142
Job357,5852939000,5954637454,985589388,789963100,1.18507,0.791451,0.80663,0.791534,0.758918,0.972226,0.944451,9,5.84754,2.40924,20.7872,1,9,1.24764,0,1,1,0,0,GNMT,8,8,419,264609600,0.142
Job358,5884348000,5886139337,659038069,629823915,0.83626,0.720548,0.737072,0.720578,1.16687,0.804827,0.609654,23,5.8872,1.958,25.4706,3,23,1.04638,0,28,28,0,0,GPT2_SMALL,8,32,309,158002104,0.139
Job359,5986407000,5986558326,7091044,6921256,0.36582,0.345934,0.364408,0.347204,2.92719,0.784731,0.569462,7,4.82756,2.43892,44.4393,0,7,1.02453,0,41,41,0,0,ResNeXt,8,4,125,2037864,0.13
Job360,5986480000,5986813949,9766609,9265402,0.371678,0.348875,0.36995,0.350503,2.43862,0.861481,0.722962,4,5.07344,2.1472,43.3001,0,4,1.05409,0,2,2,0,0,GNMT,8,8,135,2860112,0.142
Job361,5986652000,5986715419,3499779,3436360,0.344451,0.336393,0.343816,0.339328,3.12657,0.883791,0.767582,3,3.53516,2.46484,46.5943,0,3,1.01846,0,6,6,0,0,ResNet50,8,16,77,1064400,0.13
Job362,5986668000,5986668000,3951118,3918294,0.305816,0.297103,0.305302,0.300036,3.21713,0.954053,0.93108,3,3.48191,2.51809,46.458,0,3,1.00838,0,2,2,0,0,GNMT,8,8,100,1370960,0.142
Job363,5986821000,5986832278,4074570,4063292,0.293267,0.283876,0.292888,0.286471,3.33966,0.850818,0.701636,3,3.40327,2.59673,46.4889,0,3,1.00278,0,19,19,0,0,GNMT,8,8,104,1464032,0.142
Job364,5986890000,5986996275,1779218,1672943,0.202487,0.198218,0.202364,0.199083,4.97004,0.5,0,1,2,4,47.6009,0,1,1.06353,0,2,2,0,0,GPT2_SMALL,8,32,53,866488,0.139
Job365,5986930000,5987292571,2826559,2463988,0.306884,0.300474,0.306787,0.301725,3.29206,0.782677,0.565353,2,3.13071,2.86929,47.3973,0,2,1.14715,0,2,2,0,0,GPT2_SMALL,8,32,60,910040,0.139
Job366,5987005000,5987136193,3703929,3572736,0.327618,0.317988,0.327351,0.320049,3.17288,0.867151,0.734303,2,3.46861,2.53139,46.8182,0,2,1.03672,0,51,51,0,0,ResNeXt,8,4,84,1155336,0.13
Job367,5987023000,5987046000,2780662,2757662,0.274146,0.268457,0.274091,0.269471,3.82855,0.813949,0.627898,3,3.20968,2.92865,47.4638,0,3,1.00834,0,3,3,0,0,GPT2_SMALL,8,32,68,997144,0.139
Job368,5987046000,5987161532,3730159,3614627,0.326482,0.316538,0.326198,0.318974,3.14417,0.875228,0.750456,2,3.50091,2.49909,46.7812,0,2,1.03196,0,12,12,0,0,ResNet50,8,16,86,1181328,0.13
Job369,5987156000,5987156000,2494199,2478740,0.28983,0.283889,0.2898,0.286333,3.65089,0.435142,0,2,3.2217,2.7783,47.6067,0,2,1.00624,0,7,7,0,0,ResNeXt,8,4,55,881448,0.13
Job370,5990021000,5990021265,4213287,4213022,0.156485,0.286184,0.156334,0.287179,4.95781,0.593102,0.186203,4,4.92549,4.21387,42.3993,0,4,1.00006,0,6,6,0,0,BERTLARGE,16,8,108,1478472,0.083
Job371,5990307000,5990377681,5809223,5738542,0.135866,0.249131,0.135701,0.249678,5.67032,0.61044,0.11312,4,4.47691,4.98301,41.5207,0,4,1.01232,0,5,5,0,0,BERTLARGE,16,8,131,2368056,0.083
Job372,5990363000,5990513210,128841690,128592524,0.553181,1.00652,0.54189,1.00746,1.71063,0.952204,0.885082,4,13.0149,1.76293,35.7295,0,4,1.00194,0,2,2,0,0,ResNet50,16,8,226,15085168,0.066
Job373,6015721000,6015759563,3429051,3390488,0.192609,0.302793,0.191282,0.306036,5.29669,1,1,1,4,4,48.5492,0,1,1.01137,0,0,0,0,0,ResNet50,16,8,63,945248,0.066
Job374,6015734000,6015886096,6044777,5892681,0.297457,0.46491,0.29618,0.469241,3.49427,0.934263,0.868525,3,6.74288,2.62856,49.3046,0,3,1.02581,0,1,1,0,0,ResNet50,16,8,74,1045888,0.066
Job375,6015747000,6015786771,4669828,4630057,0.243378,0.380085,0.242075,0.383834,4.29731,0.833153,0.666307,3,5.63123,3.18439,49.2644,0,3,1.00859,0,5,5,0,0,ResNet50,16,8,67,995568,0.066
Job376,6015774000,6015803323,9968569,9921289,0.291581,0.46234,0.290587,0.463436,2.51375,1,1,5,11.7531,1.88578,48.382,0,5,1.00477,0,0,0,0,0,BERTLARGE,16,8,116,1643976,0.083
Job377,6015801000,6015847667,17297666,17250999,0.35242,0.579085,0.348435,0.579861,2.77179,1,1,7,11.3647,2.25695,44.8391,0,7,1.00271,0,0,0,0,0,GPT2_SMALL,16,16,133,2529088,0.072
Job378,6016618000,6016707395,5301992,5162091,0.303723,0.470122,0.303364,0.475178,3.31416,0.891385,0.782769,2,7.13108,2.43446,50.397,0,2,1.0271,0,7,7,0,0,ResNet50,16,8,56,894928,0.066
Job379,6016631000,6016701419,8655010,8584591,0.356924,0.560597,0.356243,0.564989,2.85375,0.961667,0.923335,4,10.1145,2.11207,49.1349,0,4,1.0082,0,0,0,0,0,ResNet50,16,8,93,1227040,0.066
Job380,6016645000,6016797238,4051001,3898763,0.230824,0.356938,0.230537,0.3582,4.39646,0.41159,0,4,5.83421,3.24683,50.7136,0,4,1.03905,0,3,3,0,0,GPT2_SMALL,16,16,46,817840,0.072
Job381,6016658000,6016710378,9112829,8883538,0.294062,0.463916,0.293366,0.465124,2.5,0.793509,0.587017,4,11.9839,1.8932,48.8816,0,4,1.02581,0,5,5,0,0,BERTLARGE,16,8,107,1478472,0.083
Job382,6017287000,6017292294,14280786,14275492,0.323833,0.526741,0.320438,0.529083,3.04967,1,1,3,11.7223,2.43508,45.5819,0,3,1.00037,0,0,0,0,0,ResNet50,16,8,130,2313952,0.066
Job383,6017304000,6017331789,5806414,5778625,0.298152,0.462011,0.297891,0.466464,3.3965,0.610462,0.220924,2,7.1163,2.44185,50.3596,0,2,1.00481,0,7,7,0,0,ResNet50,16,8,66,985504,0.066
Job384,6017321000,6017443735,6959126,6791960,0.289644,0.451593,0.289243,0.455436,2.28919,0.820057,0.640113,3,12.4447,1.69799,49.7982,0,3,1.02461,0,18,18,0,0,VGG19,16,2,89,1211204,0.075
Job385,6017336000,6017359558,4827036,4591958,0.219361,0.339028,0.219246,0.340247,3.35896,0.5,0,2,6.99573,2.50213,50.8286,0,2,1.05119,0,10,10,0,0,BERTLARGE,16,8,73,1023336,0.083
Job386,6017350000,6017350664,8047049,7914480,0.312221,0.490619,0.311602,0.491819,3.09497,0.731189,0.462378,3,10.1651,2.30457,49.2548,0,3,1.01675,0,7,7,0,0,GPT2_SMALL,16,16,91,1217872,0.072
Job387,6021550000,6021674499,6926748,6802249,0.294001,0.486846,0.292876,0.488219,3.29573,0.802073,0.604145,3,7.23759,2.68908,45.1019,0,3,1.0183,0,2,2,0,0,GPT2_SMALL,16,16,92,1217872,0.072
Job388,6021563000,6021663976,7516378,7045795,0.289243,0.48108,0.287981,0.482315,3.48196,0.553276,0.0990787,4,7.05842,3.00345,44.7185,0,4,1.06679,1,4,4,0,0,GPT2_SMALL,16,16,98,1351216,0.072
Job389,6223996000,6224004500,245110,236610,1.03614,0.274352,1.03614,0.297675,0.965322,1,1,1,1,1,23.9714,0,1,1.03592,0,0,0,0,0,VGG19,1,32,10,236560,1
Job390,6224003000,6224006887,273819,269932,1.01463,0.258923,1.01463,0.277276,0.985804,1,1,1,1,1,23.8696,0,1,1.0144,0,0,0,0,0,VGG19,1,32,12,269872,1
Job391,6224552000,6224558235,1052940,1046705,1.0066,0.217133,1.0066,0.220544,0.994078,1,1,1,1,1,23,0,1,1.00596,0,0,0,0,0,ResNeXt,1,32,75,1046040,1
Job392,6226047000,6226322257,3488397,3213140,1.0864,0.23125,1.0864,0.231773,0.921094,1,1,1,1,1,23.5428,0,1,1.08567,0,0,0,0,0,GPT2_SMALL,1,256,137,3210960,1
Job393,6226756000,6226941655,4507963,4322308,1.04315,0.230573,1.04315,0.231997,0.958816,1,1,1,1,1,23.0661,0,1,1.04295,0,0,0,0,0,GNMT,1,64,146,4321472,1
Job394,6226937000,6226941655,5186526,5181871,1.00109,0.221832,1.00109,0.222976,0.999102,1,1,1,1,1,22.726,0,1,1.0009,0,0,0,0,0,GNMT,1,64,158,5180864,1
Job395,6253239000,6253309455,7292623,7222168,0.232805,0.232805,0.232805,0.233117,4.18143,0.4,0,1,1,8,19,0,1,1.00976,0,0,0,0,0,BERTLARGE,8,16,182,7451152,0.142
Job396,6261555000,6261591231,4908147,4871916,0.246309,0.246309,0.246309,0.247239,4.19105,0.4,0,1,1,8,19,0,1,1.00744,0,0,0,0,0,ResNeXt,8,4,150,4776744,0.13
Job397,6292335000,6292346620,7277954,7266334,1.00175,0.264981,1.00175,0.265609,0.998403,1,1,1,1,1,18,0,1,1.0016,0,0,0,0,0,ResNet50,1,128,177,7265256,1
Job398,6304524000,6304628638,645944773,645840135,1.19118,0.902007,0.903533,0.902127,0.777078,0.975321,0.950642,8,4.73053,3.37504,10.9297,0,8,1.00016,0,1,1,0,0,VGG19,8,4,425,294399640,0.136
Job399,6313392000,6313410750,414534472,414323241,0.887667,0.809681,0.802295,0.809748,1.05177,0.645458,0.420489,12,4.795,2.96918,14.1165,0,12,1.00051,0,15,15,0,0,BERTLARGE,8,16,321,164735952,0.142
Job400,6313399000,6313417015,661135861,661117846,1.30562,0.982093,0.992284,0.98215,0.763109,0.868342,0.635167,10,5.12006,3.43952,10.5097,0,10,1.00003,0,6,6,0,0,GPT2_SMALL,8,32,423,285304600,0.139
Job401,6315625000,6315638181,365095,351914,1.0381,0.248267,1.0381,0.254143,0.963897,1,1,1,1,1,22.7864,0,1,1.03746,0,0,0,0,0,GPT2_SMALL,1,256,16,351696,1
Job402,6315654000,6315674858,7048966,7028108,1.00365,0.223346,1.00365,0.223587,0.997041,1,1,1,1,1,22.3852,0,1,1.00297,0,0,0,0,0,GPT2_SMALL,1,256,173,7023312,1
Job403,6315674000,6315674858,7188376,7187518,1.00032,0.224695,1.00032,0.225541,0.999881,1,1,1,1,1,22.3777,0,1,1.00012,0,0,0,0,0,GNMT,1,64,176,7186112,1
Job404,6320304000,6320305324,9890658,9889334,1.00082,0.223689,1.00082,0.223861,0.999866,1,1,1,1,1,21.5012,0,1,1.00013,0,0,0,0,0,GPT2_SMALL,1,256,198,9882576,1
Job405,6393863000,6393901923,5086901,5047978,0.458221,0.238083,0.452915,0.238809,2.18627,0.25,0,1,1,4,20.0618,0,1,1.00771,0,4,4,0,0,ResNet50,4,32,156,5074440,0.255
Job406,6395313000,6395351344,2919307,2880963,0.23341,0.242485,0.230449,0.244006,4.46096,0.4,0,1,1,8,20.6044,0,1,1.01331,0,7,7,0,0,ResNeXt,8,4,134,2825292,0.13
Job407,6396468000,6396496909,11998155,11969246,1.00256,0.244716,1.00256,0.245041,0.997591,1,1,1,1,1,19.6268,0,1,1.00242,0,0,0,0,0,ResNet50,1,128,219,11967464,1
Job408,6402910000,6402928244,3274062,3255818,0.474688,0.250334,0.463953,0.251778,2.15933,0.333333,0,1,1,4,20,0,1,1.0056,0,0,0,0,0,ResNeXt,4,8,138,3216848,0.253
Job409,6422312000,6422403921,474360,382439,0.311005,0.311005,0.311005,0.319811,3.40404,0.4,0,1,1,8,19,0,1,1.24035,0,0,0,0,0,BERTLARGE,8,16,25,393296,0.142
Job410,6427569000,6427705230,792364,656134,0.316225,0.316072,0.316072,0.321066,3.35002,0.285714,0,1,1,8,18.214,0,1,1.20763,0,7,7,0,0,GPT2_SMALL,8,32,41,648728,0.139
Job411,6464658000,6464660410,19747078,19744668,1.00081,0.282927,1.00081,0.283065,0.999878,1,1,1,1,1,16.8127,0,1,1.00012,0,0,0,0,0,GPT2_SMALL,1,256,232,19731152,1
Job412,6488452000,6488544778,808143,715365,0.350349,0.350349,0.350349,0.362123,3.14736,0.333333,0,1,1,8,16,0,1,1.12969,0,0,0,0,0,ResNeXt,8,4,42,702660,0.13
Job413,6490600000,6490681473,402014,320541,0.37785,0.37785,0.37785,0.393379,2.83498,0.333333,0,1,1,8,16,0,1,1.25417,0,0,0,0,0,BERTLARGE,8,16,14,329424,0.142
Job414,6517287000,6517390039,578325,475286,0.377411,0.377411,0.377411,0.388047,2.73944,0.333333,0,1,1,8,15,0,1,1.21679,0,0,0,0,0,BERTLARGE,8,16,33,489104,0.142
Job415,6541345000,6541416412,1103780,1032368,0.320075,0.320075,0.320075,0.324021,3.11767,0.333333,0,1,1,8,15,0,1,1.06917,0,0,0,0,0,BERTLARGE,8,16,76,1063952,0.142
Job416,6780848000,6780888999,10841815,10800816,0.76215,0.76215,0.76215,0.767003,1.32829,0.666667,0,1,1,8,6,0,1,1.0038,0,0,0,0,0,ResNet50,8,16,204,10691472,0.13
Job417,6821520000,6821524724,356638,351914,1.01405,0.896044,1.01405,0.979738,0.986754,1,1,1,1,1,6.24854,0,1,1.01342,0,0,0,0,0,GPT2_SMALL,1,256,17,351696,1
Job418,6821788000,6821788000,7856067,7856067,1.0002,0.858596,1.0002,0.870006,1,1,1,1,1,1,7.02925,0,1,1,0,0,0,0,0,GNMT,1,64,186,7854528,1
Job419,6827292000,6827292000,7119368,7119368,1.00015,0.839798,1.00015,0.846287,1,1,1,1,1,1,7.93714,0,1,1,0,0,0,0,0,ResNet50,1,128,175,7118312,1
Job420,6827318000,6827326286,6385487,6377201,1.00198,0.837472,1.00198,0.845792,0.998702,1,1,1,1,1,8.1557,0,1,1.0013,0,0,0,0,0,ResNeXt,1,32,166,6372888,1
Job421,6827835000,6827876484,3543650,3502166,1.01214,0.832317,1.01214,0.84623,0.988293,1,1,1,1,1,8.93663,0,1,1.01185,0,0,0,0,0,VGG19,1,32,139,3501136,1
Job422,6827998000,6828005167,1510013,1502846,1.00506,0.811608,1.00506,0.843338,0.995254,1,1,1,1,1,10,0,1,1.00477,0,0,0,0,0,VGG19,1,32,110,1502416,1
Job423,6839449000,6839449948,21130373,21129425,0.91443,0.913638,0.913638,0.91661,1.11605,0.666667,0,1,1,8,5.02684,0,1,1.00004,0,21,21,0,0,ResNeXt,8,4,236,20711700,0.13
Job424,6850910000,6850914555,567091,562536,0.794672,0.794672,0.794672,0.909359,1.32262,0.666667,0,1,1,8,6,0,1,1.0081,0,0,0,0,0,ResNet50,8,16,37,557712,0.13
Job425,7375403000,7375403000,817365,817365,1.00072,1.00072,1.00072,1.1019,1,1,1,1,1,8,1,0,1,1,0,0,0,0,0,ResNeXt,8,4,45,816780,0.13
Job426,7382041000,7382041000,20493274,20493274,1.00015,1.00015,1.00015,1.00333,1,1,1,1,1,1,1.992,0,1,1,0,0,0,0,0,ResNet50,1,128,234,20490216,1
Job427,7382205000,7382205000,23756839,23756839,1.00068,1.00068,1.00068,1.00385,1,1,1,1,1,1,1.85572,0,1,1,0,0,0,0,0,ResNeXt,1,32,241,23740632,1
Job428,7419700000,7419700000,4918056,4918056,1.00025,1.00025,1.00025,1.00825,1,1,1,1,1,8,1,0,1,1,0,0,0,0,0,GPT2_SMALL,8,32,153,4916824,0.139
Job429,7449386000,7449386000,148325689,148325689,1.00006,1.00006,1.00006,1.00094,1,1,1,1,1,8,1.49797,0,1,1,0,0,0,0,0,GNMT,8,8,300,148316136,0.142
Job430,7474507000,7474507000,5187238,5187238,1.00006,1.00006,1.00006,1.02577,1,1,1,1,1,8,2,0,1,1,0,0,0,0,0,GNMT,8,8,159,5186912,0.142
Job431,7529889000,7529889000,135920181,135920181,1.00079,1.00079,1.00079,1.00134,1,1,1,1,1,8,1.5098,0,1,1,0,0,0,0,0,ResNeXt,8,4,298,135813132,0.13
Job432,7531755000,7531755000,493250,493250,1.00002,1.00002,1.00002,1.0764,1,1,1,1,1,1,3.47897,0,1,1,0,0,0,0,0,BERTLARGE,1,128,34,493240,1
Job433,7532012000,7532012000,358932,358932,1.00012,1.00012,1.00012,1.22132,1,1,1,1,1,1,3.6582,0,1,1,0,0,0,0,0,ResNet50,1,128,21,358888,1
Job434,7653411000,7653411000,616884,616884,1.00006,1.00006,1.00006,1.07313,1,1,1,1,1,8,2,0,1,1,0,0,0,0,0,BERTLARGE,8,16,39,616848,0.142

Makespan,7665809,avgJCT,512399,FairnessT,16.0771,avg_gpu_load,251.904,cold_per_job,5.56452,avg_wave,4.95535,avg_effi_gpu_load,0,avg_fair_gpu_load,0,avg_gpu_usg,2.96838,mean_n_avg,33.0643,avg_shuffle,5.56452,maxFairT,1.97764,minFairT,0.12301,dfairT,0.3716,dfairSq,0.46128,FairnessN,16.5655,maxFairN,1.44744,minFairN,0.0873769,dfairN,0.478701,dfairNSq,0.559654,avg_frag_w_q,0.0292436
Fairness
Mm,1/n,1/n-Down,GPU_load,GPU_share
0.660213,0.535916,0.639348,0.541109,2.04605
Fairness CV
0.472525,0.583656,0.452887,0.583923
Locality
dist,bit,con
0.831173,0.701989,1.07263
