0 GNMT 8 2553
5355 GPT2-SMALL 8 2823
20913 ResNet50 8 3178
29818 GNMT 8 2471
74931 GNMT 8 436
77100 VGG19-I 8 1118
160167 GNMT 8 153664
160191 ResNeXt 8 182839
160297 GPT2-SMALL 8 137624
160319 GPT2-SMALL 8 138832
160345 GPT2-SMALL 8 138616
160398 ResNeXt 8 213220
160726 VGG19-I 8 267
161931 BERTLARGE 16 77224
167532 GNMT 8 2130
167549 GPT2-SMALL 8 1083
169535 BERTLARGE 8 126525
174264 BERTLARGE 8 75
252350 GPT2-SMALL 8 3514
382593 ResNet50 8 159191
424438 VGG19-I 16 68537
424461 ResNet50 16 39149
424483 BERTLARGE 16 27240
425350 GPT2-SMALL 8 569
427759 GPT2-SMALL 1 104
429661 ResNet50 1 219
430684 ResNeXt 1 1885
438428 ResNeXt 4 170
438781 GPT2-SMALL 4 328
459722 ResNeXt 8 225464
459727 BERTLARGE 8 94222
459767 VGG19-I 8 134602
459770 ResNet50 8 189894
459774 ResNeXt 8 255057
664541 GNMT 8 262
664935 VGG19-I 8 213
685120 GPT2-SMALL 8 99
685529 GPT2-SMALL 8 108434
685551 GPT2-SMALL 8 110795
685573 GNMT 8 102111
685594 GPT2-SMALL 8 110922
685632 VGG19-I 8 113912
688352 ResNeXt 4 111
689701 ResNet50 16 37410
689724 VGG19-I 16 29897
689746 GPT2-SMALL 16 34136
691795 ResNeXt 4 97
692106 BERTLARGE 8 148
692421 GPT2-SMALL 8 1004
694484 VGG19-I 8 966
696484 ResNet50 8 958
697051 ResNet50 8 824
698615 GNMT 8 549
699333 GNMT 8 816
699481 BERTLARGE 8 440
700154 BERTLARGE 8 1019
700284 GNMT 8 750
709407 VGG19-I 4 26656
713792 VGG19-I 8 631
714902 ResNet50 8 819
761374 GPT2-SMALL 16 36615
761395 VGG19-I 16 29636
761418 VGG19-I 16 30243
761440 GPT2-SMALL 16 42920
761462 GPT2-SMALL 16 32268
769372 ResNeXt 8 981
769390 VGG19-I 8 95
769748 GNMT 8 82
772693 GNMT 8 527
774276 GPT2-SMALL 8 598
778230 ResNet50 8 693
779879 VGG19-I 8 637
780887 ResNeXt 8 1059
781150 BERTLARGE 8 415
781210 GNMT 8 561
783887 BERTLARGE 8 419
785741 ResNeXt 8 992
786949 GPT2-SMALL 8 53
787451 BERTLARGE 8 561
788067 BERTLARGE 8 38
788239 VGG19-I 8 13428
803078 BERTLARGE 8 25349
803485 VGG19-I 8 41952
849033 VGG19-I 8 1000
849473 ResNet50 8 1058
851127 ResNet50 8 1036
854203 GNMT 8 808
866371 VGG19-I 16 31155
866392 GPT2-SMALL 16 33930
866401 GNMT 8 367
866414 BERTLARGE 16 25088
866436 BERTLARGE 16 24659
866460 ResNet50 16 39540
866761 ResNet50 8 416
867360 BERTLARGE 8 3931
869528 ResNeXt 8 5098
872362 ResNet50 4 229
874643 GPT2-SMALL 16 37779
894766 GNMT 8 501
895639 ResNet50 8 36424
922907 BERTLARGE 8 739
929244 GPT2-SMALL 8 117061
934655 ResNeXt 8 192438
935524 GNMT 8 121203
949204 GNMT 8 591
949260 GNMT 8 799
950402 BERTLARGE 8 76846
950424 ResNet50 8 129855
950518 ResNeXt 8 310783
950579 GPT2-SMALL 8 179849
950600 GPT2-SMALL 8 205230
953459 GPT2-SMALL 16 36096
953481 BERTLARGE 16 27836
975689 GNMT 8 601
978710 VGG19-I 8 117319
1017009 ResNeXt 8 1463
1021128 GPT2-SMALL 8 136432
1023904 GNMT 8 746
1032786 BERTLARGE 8 94169
1032917 VGG19-I 8 483
1033891 GPT2-SMALL 8 110795
1036193 BERTLARGE 16 25824
1036216 ResNet50 16 34984
1036246 BERTLARGE 8 76859
1036268 VGG19-I 8 114145
1036305 ResNet50 8 189651
1036326 ResNeXt 8 248681
1036368 VGG19-I 8 140678
1036388 ResNeXt 8 224543
1037155 ResNet50 8 159701
1046277 VGG19-I 8 86
1059747 GNMT 8 105618
1060260 ResNet50 8 146393
1271430 ResNeXt 8 665643
1277193 ResNet50 8 52602
1282302 ResNet50 8 129657
1298414 VGG19-I 8 108808
1305782 BERTLARGE 8 13882
1455865 GPT2-SMALL 8 841
1458680 ResNeXt 8 337487
1458685 GPT2-SMALL 8 231814
1464009 GPT2-SMALL 8 119863
1474834 ResNeXt 8 5066
1523000 GPT2-SMALL 8 66872
1532466 GNMT 8 132215
1551836 BERTLARGE 8 97889
1565151 VGG19-I 1 143
1567573 BERTLARGE 1 6307
1623613 ResNeXt 8 253217
1655445 VGG19-I 1 40334
1674772 GNMT 8 2180
1678349 VGG19-I 8 156713
1722444 ResNet50 8 146393
1722447 BERTLARGE 8 84855
1835122 ResNeXt 1 12095
1839525 ResNet50 8 161965
1839529 GPT2-SMALL 8 139591
1839665 ResNeXt 8 367230
1839690 GPT2-SMALL 8 138655
1874662 ResNeXt 8 173652
1886264 GNMT 8 96328
2055340 GNMT 8 119234
2057158 ResNet50 1 9577
2063247 GPT2-SMALL 1 5662
2063257 ResNeXt 1 9876
2063266 ResNeXt 1 9781
2063274 GPT2-SMALL 1 4911
2063284 ResNet50 1 9331
2063314 VGG19-I 1 10415
2063323 ResNet50 1 7408
2063334 ResNeXt 1 12842
2063344 ResNet50 1 8659
2063361 ResNeXt 1 12495
2134997 ResNet50 8 135407
2135003 VGG19-I 8 123504
2227070 BERTLARGE 8 108007
2227073 ResNeXt 8 257598
2497147 VGG19-I 8 131498
2497150 GNMT 8 105463
2497154 ResNeXt 8 189253
2497157 BERTLARGE 8 79825
2497167 GNMT 8 100545
2497171 VGG19-I 8 142817
2497175 GPT2-SMALL 8 114947
2497178 GPT2-SMALL 8 153467
2572871 ResNet50 1 10638
2672335 GPT2-SMALL 2 961
2674123 VGG19-I 2 253
2676113 GNMT 8 115395
2714355 VGG19-I 16 45147
2714838 GPT2-SMALL 8 153957
2714962 ResNeXt 8 241455
2755141 GNMT 8 137219
2755164 ResNet50 8 156957
2755181 BERTLARGE 8 81240
2768063 VGG19-I 1 10888
2835064 VGG19-I 1 10281
2835196 GNMT 1 7199
2872407 GPT2-SMALL 8 333789
3108710 BERTLARGE 8 202
3110654 BERTLARGE 8 176
3111308 VGG19-I 8 268
3111836 GPT2-SMALL 8 246
3112424 VGG19-I 8 226
3112458 BERTLARGE 8 241
3113289 GPT2-SMALL 16 3843
3210681 BERTLARGE 1 3289
3212144 ResNet50 8 208763
3212196 ResNeXt 8 394190
3268135 VGG19-I 16 45119
3287263 VGG19-I 8 4666
3287371 ResNeXt 8 55606
3301946 GNMT 8 127265
3303214 ResNeXt 8 268828
3357373 GNMT 8 7141
3418249 BERTLARGE 8 48823
3438853 ResNeXt 8 168824
3519384 ResNet50 8 74550
3522763 GNMT 8 57408
3524516 ResNeXt 8 105639
3526416 VGG19-I 8 66086
3576448 BERTLARGE 1 2305
3582929 GPT2-SMALL 8 117188
3582934 VGG19-I 8 118748
3582958 BERTLARGE 8 89712
3582963 BERTLARGE 8 93815
3582984 ResNet50 8 167386
3582989 GPT2-SMALL 8 144017
3583108 GPT2-SMALL 16 52037
3583113 ResNet50 16 41501
3687097 VGG19-I 16 34615
3708743 ResNet50 1 9300
3709297 ResNeXt 1 47865
3722974 GNMT 8 3744
3770565 GNMT 8 58082
3775859 ResNet50 8 74952
3789637 ResNet50 8 5098
3789674 ResNeXt 8 5448
3789702 ResNet50 8 5909
3789708 BERTLARGE 8 3829
3789730 BERTLARGE 8 2826
3789758 GPT2-SMALL 8 4165
3801434 GNMT 2 5568
3802514 BERTLARGE 1 5690
3805670 ResNeXt 1 31101
3812322 GNMT 8 3536
3814339 ResNet50 8 196345
3832416 GNMT 8 149307
3883599 GPT2-SMALL 8 137473
3883651 VGG19-I 16 76931
3883717 BERTLARGE 8 104759
3883778 ResNeXt 8 229693
3884293 VGG19-I 1 51267
3884671 VGG19-I 1 9481
3890725 VGG19-I 8 2629
3892754 ResNet50 8 144981
3892761 ResNeXt 8 249714
3905355 VGG19-I 8 196415
3905626 GNMT 8 157181
3905975 VGG19-I 8 133823
3976766 VGG19-I 1 12991
3978804 ResNet50 2 7453
3982045 GNMT 1 6085
3994708 BERTLARGE 8 203
4011578 GNMT 8 12619
4011616 ResNet50 8 18150
4011624 BERTLARGE 8 13291
4091231 VGG19-I 8 22059
4122773 VGG19-I 8 14464
4148442 GPT2-SMALL 8 7017
4148445 BERTLARGE 8 4801
4175200 ResNeXt 8 22767
4178119 VGG19-I 8 14267
4213355 VGG19-I 8 7415
4213358 ResNeXt 8 11498
4246393 GPT2-SMALL 8 7278
4246396 ResNeXt 8 11560
4246400 ResNeXt 8 12266
4268263 GNMT 8 1498
4301968 BERTLARGE 16 26190
4418515 GNMT 1 2253
4482771 ResNeXt 8 8029
4483899 GPT2-SMALL 8 5112
4497858 GNMT 8 96488
4498477 GNMT 8 101674
4499776 VGG19-I 1 9354
4508372 BERTLARGE 16 22618
4561175 ResNet50 1 3780
4569282 GNMT 1 4176
4573612 VGG19-I 16 3801
4659719 ResNeXt 8 222676
4659728 ResNet50 8 156268
4671558 BERTLARGE 8 397
4690686 ResNeXt 8 193159
4690690 ResNeXt 8 192063
4690744 BERTLARGE 16 18329
4690748 VGG19-I 16 29603
4690765 ResNeXt 8 191846
4690768 VGG19-I 8 129131
4915428 GPT2-SMALL 8 10139
4915431 ResNeXt 8 16048
4918853 GPT2-SMALL 8 505
4919371 ResNeXt 8 787
4935211 GPT2-SMALL 1 120
4935454 VGG19-I 4 5503
4935590 ResNet50 1 6380
4936088 VGG19-I 1 6714
4986122 ResNeXt 8 192131
4987946 ResNet50 8 134770
4987995 GPT2-SMALL 8 142634
4988004 ResNeXt 8 234341
4988028 GNMT 8 111711
4988033 BERTLARGE 8 88161
5011001 BERTLARGE 8 84602
5011005 GNMT 8 108134
5011008 BERTLARGE 8 84099
5013351 BERTLARGE 16 20913
5013355 GPT2-SMALL 16 28677
5013571 GNMT 8 132710
5013575 GPT2-SMALL 8 148940
5013578 ResNeXt 8 244088
5013592 GNMT 8 124231
5013596 ResNeXt 8 230573
5013599 GPT2-SMALL 8 136335
5091727 GNMT 1 1017
5094087 VGG19-I 4 1701
5165785 BERTLARGE 8 7749
5165794 BERTLARGE 8 7442
5187585 BERTLARGE 1 4623
5196135 BERTLARGE 8 7111
5196139 ResNeXt 8 16724
5196143 VGG19-I 8 15198
5512413 GNMT 8 109352
5512423 ResNeXt 8 199034
5512446 ResNet50 16 33914
5512545 GNMT 8 133438
5512555 ResNet50 8 175328
5512574 GNMT 8 128268
5512593 VGG19-I 8 142160
5598465 GNMT 8 8170
5598669 GPT2-SMALL 8 14748
5604021 GPT2-SMALL 8 17775
5655691 BERTLARGE 8 420
5655735 BERTLARGE 8 983
5656172 GPT2-SMALL 8 1046
5656243 GPT2-SMALL 8 608
5656270 ResNeXt 8 2293
5656562 GNMT 8 1043
5725891 VGG19-I 8 741
5741964 ResNet50 8 801
5741968 VGG19-I 8 1333
5741972 BERTLARGE 8 2031
5741979 BERTLARGE 8 423
5741983 BERTLARGE 8 448
5741986 GNMT 8 1205
5852934 BERTLARGE 8 103541
5852939 GNMT 8 136395
5884348 GPT2-SMALL 8 116033
5986407 ResNeXt 8 2062
5986480 GNMT 8 1403
5986652 ResNet50 8 797
5986668 GNMT 8 639
5986821 GNMT 8 685
5986890 GPT2-SMALL 8 595
5986930 GPT2-SMALL 8 640
5987005 ResNeXt 8 1133
5987023 GPT2-SMALL 8 675
5987046 ResNet50 8 885
5987156 ResNeXt 8 847
5990021 BERTLARGE 16 549
5990307 BERTLARGE 16 894
5990363 ResNet50 16 11894
6015721 ResNet50 16 652
6015734 ResNet50 16 734
6015747 ResNet50 16 689
6015774 BERTLARGE 16 614
6015801 GPT2-SMALL 16 1777
6016618 ResNet50 16 614
6016631 ResNet50 16 876
6016645 GPT2-SMALL 16 548
6016658 BERTLARGE 16 547
6017287 ResNet50 16 1741
6017304 ResNet50 16 685
6017321 VGG19-I 16 547
6017336 BERTLARGE 16 376
6017350 GPT2-SMALL 16 840
6021550 GPT2-SMALL 16 837
6021563 GPT2-SMALL 16 940
6223996 VGG19-I 1 155
6224003 VGG19-I 1 167
6224552 ResNeXt 1 1104
6226047 GPT2-SMALL 1 2403
6226756 GNMT 1 2776
6226937 GNMT 1 3355
6253239 BERTLARGE 8 3709
6261555 ResNeXt 8 4942
6292335 ResNet50 1 6226
6304524 VGG19-I 8 205520
6313392 BERTLARGE 8 82499
6313399 GPT2-SMALL 8 209581
6315625 GPT2-SMALL 1 171
6315654 GPT2-SMALL 1 5599
6315674 GNMT 1 4699
6320304 GPT2-SMALL 1 7696
6393863 ResNet50 4 4166
6395313 ResNeXt 8 2890
6396468 ResNet50 1 10242
6402910 ResNeXt 4 3462
6422312 BERTLARGE 8 175
6427569 GPT2-SMALL 8 426
6464658 GPT2-SMALL 1 15738
6488452 ResNeXt 8 659
6490600 BERTLARGE 8 144
6517287 BERTLARGE 8 214
6541345 BERTLARGE 8 498
6780848 ResNet50 8 8689
6821520 GPT2-SMALL 1 122
6821788 GNMT 1 5166
6827292 ResNet50 1 6072
6827318 ResNeXt 1 7246
6827835 VGG19-I 1 3280
6827998 VGG19-I 1 1375
6839449 ResNeXt 8 21699
6850910 ResNet50 8 372
7375403 ResNeXt 8 778
7382041 ResNet50 1 17745
7382205 ResNeXt 1 27294
7419700 GPT2-SMALL 8 3567
7449386 GNMT 8 76418
7474507 GNMT 8 2606
7529889 ResNeXt 8 142732
7531755 BERTLARGE 1 204
7532012 ResNet50 1 200
7653411 BERTLARGE 8 287
