0 duration 1 14709
5 duration 1 14482
44085 duration 1 146
44474 duration 1 129
44483 duration 1 9810
44483 duration 1 70
44483 duration 1 158
44489 duration 1 11324
44491 duration 1 9494
44491 duration 1 70
224977 duration 1 13498
224982 duration 1 13069
224993 duration 1 5184
224993 duration 1 82
224993 duration 1 91
224995 duration 1 8382
224995 duration 1 78
224995 duration 1 86
224997 duration 1 76
224997 duration 1 74
224998 duration 1 5480
224999 duration 1 10465
224999 duration 1 137
225000 duration 1 128
291261 duration 4 339695
343901 duration 4 234939
343908 duration 4 235258
810547 duration 4 104642
810587 duration 4 99486
810899 duration 4 97350
960915 duration 2 110617
960919 duration 2 101372
960922 duration 2 253960
960927 duration 2 175300
960931 duration 2 182163
960934 duration 2 486498
960939 duration 2 273350
960943 duration 2 262940
960947 duration 2 756454
960951 duration 2 197392
960954 duration 2 157636
960957 duration 2 440093
960961 duration 2 209136
960964 duration 2 215713
960968 duration 2 565260
960972 duration 2 251069
960976 duration 2 262487
960984 duration 2 270634
960987 duration 2 281761
960991 duration 2 786523
960994 duration 2 343700
960998 duration 2 343945
961002 duration 2 853029
961006 duration 2 39301
961009 duration 2 39716
961013 duration 2 101659
961016 duration 2 46946
961019 duration 2 47021
961024 duration 2 122836
961028 duration 2 83261
961031 duration 2 79819
961034 duration 2 212987
961038 duration 2 98372
961041 duration 2 113462
961045 duration 2 293626
961048 duration 2 141255
961052 duration 2 136388
961055 duration 2 403611
961058 duration 2 218073
961061 duration 2 219249
961065 duration 2 526030
961069 duration 2 169014
961072 duration 2 174007
961075 duration 2 467815
961078 duration 2 361272
961082 duration 2 374424
961085 duration 2 942695
961089 duration 2 250536
961092 duration 2 282562
961097 duration 2 686106
961101 duration 2 57754
961104 duration 2 65645
961108 duration 2 111903
961112 duration 2 90790
961115 duration 2 77741
961119 duration 2 213701
961123 duration 2 119764
961126 duration 2 124701
961130 duration 2 278614
961133 duration 2 159424
961136 duration 2 155080
961140 duration 2 377961
961143 duration 2 179029
961147 duration 2 178982
961151 duration 2 456852
961154 duration 2 217323
961157 duration 2 228833
961161 duration 2 660767
961164 duration 2 253025
961168 duration 2 255473
961171 duration 2 1098044
961174 duration 2 310376
961177 duration 2 290232
961180 duration 2 1399561
961184 duration 2 47344
961187 duration 2 41003
961191 duration 2 101912
961194 duration 2 89294
961198 duration 2 68559
961201 duration 2 156694
961205 duration 2 91678
961208 duration 2 92092
961212 duration 2 231889
961216 duration 2 112668
961219 duration 2 108145
961222 duration 2 269690
961225 duration 2 135920
961229 duration 2 153915
961232 duration 2 333032
961236 duration 2 168674
961242 duration 2 463135
961246 duration 2 268985
961250 duration 2 189913
961253 duration 2 597663
961256 duration 2 237448
961260 duration 2 214832
961263 duration 2 526313
961266 duration 2 47465
961270 duration 2 84478
961273 duration 2 95528
961278 duration 2 79264
961281 duration 2 69083
961284 duration 2 166885
961288 duration 2 97327
961291 duration 2 97338
961295 duration 2 230588
961298 duration 2 116341
961301 duration 2 119674
961308 duration 2 137446
961312 duration 2 135547
961315 duration 2 359304
961319 duration 2 174725
961322 duration 2 510066
961326 duration 2 399986
961329 duration 2 212540
961332 duration 2 185719
961339 duration 2 224505
961344 duration 2 216958
1743019 duration 2 91430
1743023 duration 2 256130
1743027 duration 2 82984
1743032 duration 2 2583252
1743035 duration 2 530795
1743050 duration 2 138279
1743055 duration 2 137945
1743062 duration 2 463063
1743094 duration 2 821796
1743098 duration 2 1152745
1743101 duration 2 454428
1743108 duration 2 33236
1743113 duration 2 89987
1743116 duration 2 136198
1743120 duration 2 66277
1743123 duration 2 62497
1743128 duration 2 152315
1743132 duration 2 82346
1743146 duration 2 214626
1743150 duration 2 123925
1743173 duration 2 159319
1743181 duration 2 435455
1743195 duration 2 407063
1829608 duration 2 47988
1829615 duration 2 195332
1829650 duration 2 481547
1829662 duration 2 371402
1829674 duration 2 1401528
1829685 duration 2 1798344
1829703 duration 2 1521845
1829713 duration 2 1171105
1837870 duration 1 54420
1837879 duration 1 57154
1837897 duration 1 56266
1837905 duration 1 58817
1837914 duration 1 55457
1837923 duration 1 58644
1837932 duration 1 60353
1837940 duration 1 51461
1837952 duration 1 48548
1837961 duration 1 81588
1837970 duration 1 51582
1837979 duration 1 48737
1837988 duration 1 54073
1837997 duration 1 51432
1838005 duration 1 49936
1838021 duration 1 45163
1838029 duration 1 51643
1838038 duration 1 44690
1838047 duration 1 52462
1838056 duration 1 53568
1838064 duration 1 48051
1838073 duration 1 54295
1838088 duration 1 54924
1838098 duration 1 49408
1838106 duration 1 45818
1838115 duration 1 56462
1838124 duration 1 51476
1838134 duration 1 69366
1838145 duration 1 69516
1838157 duration 1 87784
1838168 duration 1 123313
1838184 duration 1 74849
1838202 duration 1 63491
1838213 duration 1 82160
1838225 duration 1 72350
1838233 duration 1 75689
1838241 duration 1 103726
1838251 duration 1 106115
1838267 duration 1 83913
1838295 duration 1 62998
1838322 duration 1 72429
1838349 duration 1 82059
1838362 duration 1 105846
1838372 duration 1 80792
1838380 duration 1 76999
1838390 duration 1 66982
1838417 duration 1 64680
1838431 duration 1 69488
1838449 duration 1 112671
1838466 duration 1 125163
1838475 duration 1 124609
1838483 duration 1 122421
1838518 duration 1 113456
1838526 duration 1 117995
1838534 duration 1 120121
1838543 duration 1 117216
1838568 duration 1 114498
1838602 duration 1 94008
1838620 duration 1 110983
1838636 duration 1 114360
1838645 duration 1 112449
1838663 duration 1 170383
1838680 duration 1 81703
1838688 duration 1 108795
1838697 duration 1 114754
1838706 duration 1 109525
1838724 duration 1 211341
1838733 duration 1 166620
1838742 duration 1 178845
1838772 duration 1 242228
1838781 duration 1 232137
1838808 duration 1 212211
1838818 duration 1 247579
1838826 duration 1 153285
1838841 duration 1 196804
1838849 duration 1 144264
1838858 duration 1 163024
1838866 duration 1 310689
1838875 duration 1 186065
1838917 duration 1 162523
1838935 duration 1 197067
1838953 duration 1 200382
1838963 duration 1 116928
1838977 duration 1 168878
1838986 duration 1 175773
1838994 duration 1 171967
1839003 duration 1 206865
1892775 duration 1 196
1892778 duration 1 197
1892782 duration 1 197
1892786 duration 1 197
1892791 duration 1 218
1892799 duration 1 205
1892804 duration 1 146
1892808 duration 1 2802
1892811 duration 1 157
1892814 duration 1 178
1892818 duration 1 182
1892822 duration 1 167
1892826 duration 1 149
1892830 duration 1 158
1892834 duration 1 175
1892838 duration 1 209
1892842 duration 1 148
1892846 duration 1 183
1892850 duration 1 145
1892857 duration 1 617
1892860 duration 1 145
1892866 duration 1 156
1892870 duration 1 158
1892874 duration 1 210
1892878 duration 1 164
1892881 duration 1 166
1892885 duration 1 163
1892889 duration 1 164
1892892 duration 1 159
1892897 duration 1 152
1892901 duration 1 178
1892905 duration 1 188
1892908 duration 1 214
1892912 duration 1 163
1892916 duration 1 29470
1892919 duration 1 165
1892923 duration 1 186
1892933 duration 1 2625
1892936 duration 1 167
1892940 duration 1 169
1892944 duration 1 211
1892948 duration 1 184
1892951 duration 1 201
1892955 duration 1 166
1892958 duration 1 178
1892962 duration 1 147
1892966 duration 1 161
1892970 duration 1 165
1892974 duration 1 153
1892977 duration 1 165
1892981 duration 1 161
1892985 duration 1 179
1892989 duration 1 176
1892992 duration 1 162
1892996 duration 1 172
1893000 duration 1 153
1893004 duration 1 175
1893007 duration 1 162
1893011 duration 1 165
1893014 duration 1 141
1893019 duration 1 3091
1893022 duration 1 157
1893026 duration 1 168
1893030 duration 1 204
1893034 duration 1 171
1893038 duration 1 170
1893041 duration 1 26
1893045 duration 1 222
1893050 duration 1 160
1893053 duration 1 185
1893057 duration 1 152
1893060 duration 1 167
1893067 duration 1 181
1893071 duration 1 162
1893074 duration 1 157
1893078 duration 1 168
1893082 duration 1 158
1893085 duration 1 170
1893090 duration 1 153
1893093 duration 1 158
1893097 duration 1 384
1893100 duration 1 190
1893104 duration 1 159
1893108 duration 1 150
1893112 duration 1 169
1893115 duration 1 163
1893119 duration 1 14565
1893123 duration 1 140
1893126 duration 1 177
1893130 duration 1 162
1893135 duration 1 194
1893138 duration 1 158
1893142 duration 1 164
1893145 duration 1 167
1893149 duration 1 155
1893153 duration 1 179
1893157 duration 1 175
1893160 duration 1 174
1893163 duration 1 147
1893167 duration 1 170
1893172 duration 1 156
1893176 duration 1 160
1893180 duration 1 164
1893183 duration 1 201
1893188 duration 1 178
1893192 duration 1 159
1893202 duration 1 31
1893207 duration 1 492
1893211 duration 1 175
1893214 duration 1 164
1893218 duration 1 151
1893222 duration 1 182
1893226 duration 1 806
1893230 duration 1 192
1893233 duration 1 179
1893236 duration 1 150
1893240 duration 1 182
1893244 duration 1 512
1893247 duration 1 180
1893251 duration 1 159
1900640 duration 2 101628
1900652 duration 2 143042
1900659 duration 2 73625
1900702 duration 2 89290
1900738 duration 2 149681
1900771 duration 2 172829
1900816 duration 2 24157
1900917 duration 2 88352
1901081 duration 2 79708
1968642 duration 1 203
1968651 duration 1 170
1968726 duration 1 206
1968746 duration 1 200
1968754 duration 1 186
1968764 duration 1 201
1968800 duration 1 200
1968809 duration 1 158
1968818 duration 1 176
1968837 duration 1 187
1968846 duration 1 178
1968861 duration 1 140
1968870 duration 1 182
1968878 duration 1 157
1968921 duration 1 167
1968998 duration 1 181
1968998 duration 1 177
1969008 duration 1 168
1969047 duration 1 216
1969057 duration 1 152
1969066 duration 1 156
1969075 duration 1 208
1969084 duration 1 183
1969092 duration 1 204
1969104 duration 1 196
1969115 duration 1 180
1969123 duration 1 163
1969132 duration 1 193
1969142 duration 1 188
1969153 duration 1 152
1971859 duration 1 209
1971870 duration 1 211
1971874 duration 1 211
1971879 duration 1 212
1971884 duration 1 154
1971887 duration 1 207
1971891 duration 1 261
1971905 duration 1 167
1971909 duration 1 170
1971914 duration 1 204
1971918 duration 1 196
1971922 duration 1 195
1971961 duration 1 374
1971966 duration 1 167
1971969 duration 1 173
1971973 duration 1 192
1971977 duration 1 188
1971981 duration 1 192
1972005 duration 1 181
1972012 duration 1 180
1972016 duration 1 169
1972020 duration 1 181
1972023 duration 1 170
1972027 duration 1 203
1972030 duration 1 174
1972034 duration 1 224
1972053 duration 1 168
1972058 duration 1 156
1972062 duration 1 151
1972066 duration 1 163
1972072 duration 1 185
1972076 duration 1 162
1972081 duration 1 156
1972090 duration 1 195
1972094 duration 1 171
1972099 duration 1 208
1972102 duration 1 194
1972106 duration 1 206
1972110 duration 1 199
1972113 duration 1 161
1972140 duration 1 177
1972144 duration 1 183
1972148 duration 1 164
1972195 duration 1 177
1972199 duration 1 152
1972203 duration 1 174
1972207 duration 1 188
1972212 duration 1 173
1972221 duration 1 180
1972226 duration 1 156
1972230 duration 1 165
1972234 duration 1 148
1972251 duration 1 175
1972254 duration 1 163
1972258 duration 1 175
1972261 duration 1 144
1972267 duration 1 189
1972275 duration 1 164
1972309 duration 1 187
1972313 duration 1 187
1972317 duration 1 190
1972323 duration 1 168
1972328 duration 1 144
1972335 duration 1 173
1972342 duration 1 181
1972346 duration 1 150
1972351 duration 1 38
1972356 duration 1 158
1972359 duration 1 237
1972363 duration 1 158
1972367 duration 1 157
1972370 duration 1 161
1972374 duration 1 165
1972395 duration 1 179
1972399 duration 1 204
1972410 duration 1 185
1972415 duration 1 205
1972418 duration 1 145
1972424 duration 1 187
1972428 duration 1 158
1972432 duration 1 158
1972436 duration 1 161
1972440 duration 1 156
1972444 duration 1 141
1972448 duration 1 152
1972451 duration 1 182
1972455 duration 1 148
1972459 duration 1 156
1972463 duration 1 302
1972466 duration 1 185
1972470 duration 1 171
1972481 duration 1 146
1972485 duration 1 155
1972490 duration 1 178
1972493 duration 1 148
1972497 duration 1 185
1972501 duration 1 202
1972505 duration 1 150
1972509 duration 1 164
1972513 duration 1 157
1972517 duration 1 206
1972521 duration 1 187
1972556 duration 1 152
1972569 duration 1 187
1972573 duration 1 31
1972580 duration 1 158
1972583 duration 1 148
1972587 duration 1 191
1972605 duration 1 160
1972609 duration 1 171
1972613 duration 1 173
1972617 duration 1 159
1972620 duration 1 191
1972624 duration 1 156
1972628 duration 1 214
1972632 duration 1 154
1972636 duration 1 182
2058764 duration 4 22707
2058768 duration 4 25617
2058772 duration 4 33332
2058783 duration 4 34850
2058789 duration 4 24864
2058809 duration 4 2421023
2058813 duration 4 64906
2058820 duration 4 67179
2058831 duration 4 121018
2058838 duration 4 59915
2058845 duration 4 63441
2058849 duration 4 70723
2058853 duration 4 139324
2058857 duration 4 1003756
2058861 duration 4 2643004
2058865 duration 4 129345
2058876 duration 4 87624
2058880 duration 4 156626
2058903 duration 4 93627
2058912 duration 4 114819
2058917 duration 4 101773
2058929 duration 4 112956
2058934 duration 4 164853
2058938 duration 4 169929
2058951 duration 4 204731
2058966 duration 4 223466
2058994 duration 4 1803169
2058998 duration 4 298588
2059002 duration 4 318452
2059011 duration 4 289827
2059016 duration 4 516862
2059025 duration 4 40794
2059044 duration 4 131351
2059048 duration 4 64567
2059051 duration 4 165840
2059074 duration 2 289104
2059088 duration 4 190277
2059092 duration 4 273742
2059112 duration 4 210023
2059119 duration 4 467472
2230160 duration 4 42956
2230170 duration 4 1419768
2230181 duration 4 44076
2230217 duration 4 92018
2230228 duration 4 122017
2230248 duration 4 1666038
2230277 duration 4 266363
2230302 duration 4 238228
2230313 duration 4 1845110
2230316 duration 4 511977
2230343 duration 4 599104
2230354 duration 4 73036
2230368 duration 4 421121
2230403 duration 4 496321
2230414 duration 4 1398008
2230422 duration 4 465906
2230425 duration 4 1465560
2394699 duration 4 33429
2394703 duration 4 33957
2394707 duration 4 80489
2394710 duration 4 69025
2394714 duration 4 69466
2394718 duration 4 274666
2394724 duration 4 113797
2394728 duration 4 267518
2394735 duration 4 476994
2394739 duration 4 515843
2394742 duration 4 41559
2394746 duration 4 31145
2394750 duration 4 72484
2394754 duration 4 59990
2394757 duration 4 62993
2394761 duration 4 144579
2394765 duration 4 94886
2394768 duration 4 92792
2394772 duration 4 218470
2394775 duration 4 204066
2394783 duration 4 1335552
2394791 duration 4 265183
2394794 duration 4 628493
2423887 duration 1 181
2423891 duration 1 179
2423894 duration 1 180
2423898 duration 1 200
2423902 duration 1 184
2423906 duration 1 392
2423910 duration 1 177
2423914 duration 1 188
2423917 duration 1 202
2423922 duration 1 233
2423932 duration 1 181
2423937 duration 1 170
2423941 duration 1 182
2423945 duration 1 875
2423949 duration 1 211
2423952 duration 1 180
2423957 duration 1 176
2423960 duration 1 178
2423964 duration 1 368
2423968 duration 1 242
2423972 duration 1 202
2423976 duration 1 204
2423980 duration 1 172
2423985 duration 1 183
2423991 duration 1 405
2424000 duration 1 166
2424004 duration 1 209
2424008 duration 1 215
2424012 duration 1 198
2424016 duration 1 199
2424020 duration 1 198
2424024 duration 1 193
2424027 duration 1 183
2424031 duration 1 221
2424036 duration 1 182
2424040 duration 1 176
2424044 duration 1 158
2424048 duration 1 163
2424053 duration 1 175
2424057 duration 1 204
2424061 duration 1 341
2424069 duration 1 161
2424074 duration 1 251
2424077 duration 1 220
2424082 duration 1 162
2424086 duration 1 208
2424090 duration 1 166
2424094 duration 1 201
2424098 duration 1 204
2424102 duration 1 179
2424107 duration 1 200
2424111 duration 1 193
2424115 duration 1 196
2424119 duration 1 207
2424122 duration 1 205
2424126 duration 1 174
2424138 duration 1 174
2424142 duration 1 172
2424146 duration 1 202
2424152 duration 1 165
2424156 duration 1 153
2424160 duration 1 181
2424164 duration 1 169
2424168 duration 1 170
2424173 duration 1 195
2424177 duration 1 199
2424182 duration 1 52
2424186 duration 1 188
2424189 duration 1 199
2424194 duration 1 191
2424198 duration 1 194
2424207 duration 1 157
2424211 duration 1 174
2424215 duration 1 303
2424218 duration 1 166
2424222 duration 1 372
2424226 duration 1 203
2424230 duration 1 334
2424234 duration 1 206
2424238 duration 1 177
2424242 duration 1 168
2424246 duration 1 169
2424250 duration 1 168
2424255 duration 1 174
2424261 duration 1 156
2424265 duration 1 172
2424275 duration 1 159
2424279 duration 1 156
2424283 duration 1 156
2424287 duration 1 169
2424291 duration 1 1099
2424295 duration 1 296
2424299 duration 1 163
2424303 duration 1 182
2424307 duration 1 175
2424311 duration 1 198
2424316 duration 1 177
2424323 duration 1 151
2424327 duration 1 184
2424330 duration 1 198
2424344 duration 1 195
2424348 duration 1 169
2424352 duration 1 208
2424356 duration 1 211
2424360 duration 1 160
2424364 duration 1 29
2424369 duration 1 197
2424373 duration 1 161
2424377 duration 1 178
2424381 duration 1 886
2424386 duration 1 176
2424390 duration 1 166
2424393 duration 1 199
2424397 duration 1 534
2424401 duration 1 432
2424413 duration 1 293
2424417 duration 1 224
2424421 duration 1 549
2424425 duration 1 1035
2676485 duration 4 120182
3027026 duration 1 327446
3027029 duration 1 335438
3027040 duration 1 346050
3027056 duration 1 308990
3027074 duration 1 288624
3027077 duration 1 270672
3027084 duration 1 326483
3027101 duration 1 309401
3027105 duration 1 260857
3027116 duration 1 406575
3027124 duration 1 403709
3027128 duration 1 418923
3027131 duration 1 363877
3027136 duration 1 344287
3027139 duration 1 376585
3027142 duration 1 344595
3027147 duration 1 363850
3027155 duration 1 345516
3027160 duration 1 359199
3027164 duration 1 339235
3027178 duration 1 318618
3027190 duration 1 311837
3027197 duration 1 323624
3027220 duration 1 386494
3027224 duration 1 342503
3027242 duration 1 444551
3027246 duration 1 449114
3027250 duration 1 393361
3027254 duration 1 430805
3027257 duration 1 382448
3027261 duration 1 420741
3027265 duration 1 398094
3027273 duration 1 376989
3027281 duration 1 384992
3027293 duration 1 360357
3027300 duration 1 362441
3027307 duration 1 363545
3027312 duration 1 375189
3027327 duration 1 377418
3027331 duration 1 377543
3027334 duration 1 349684
3027337 duration 1 350460
3027345 duration 1 510863
3027348 duration 1 496189
3027352 duration 1 517607
3027371 duration 1 433851
3027386 duration 1 401848
3027415 duration 1 425287
3027494 duration 1 294592
3027497 duration 1 382849
3027506 duration 1 455045
3027512 duration 1 278454
3027535 duration 1 460618
3027541 duration 1 333397
3027548 duration 1 255198
3027556 duration 1 279340
3027559 duration 1 311086
3027563 duration 1 328339
3027571 duration 1 365535
3027578 duration 1 400647
3027578 duration 1 328306
3027582 duration 1 342449
3027586 duration 1 310604
3027590 duration 1 191721
3027593 duration 1 223224
3027605 duration 1 340858
3027608 duration 1 282918
3027611 duration 1 489859
3027612 duration 1 274596
3027616 duration 1 380598
3027620 duration 1 366467
3027624 duration 1 257739
3027627 duration 1 392487
3027630 duration 1 227552
3027634 duration 1 320401
3027641 duration 1 316404
3027645 duration 1 310042
3027649 duration 1 319769
3027656 duration 1 195321
3027660 duration 1 307412
3027663 duration 1 196640
3027671 duration 1 180075
3027675 duration 1 175915
3027680 duration 1 186062
3027684 duration 1 188914
3027692 duration 1 315380
3027696 duration 1 181111
3027696 duration 1 180105
3027699 duration 1 173803
3027700 duration 1 175851
3027703 duration 1 178355
3027703 duration 1 166999
3027707 duration 1 177335
3027707 duration 1 172207
3027710 duration 1 305926
3027711 duration 1 186052
3027714 duration 1 314127
3027714 duration 1 155959
3027718 duration 1 291851
3027718 duration 1 149093
3027722 duration 1 184915
3027831 duration 1 173954
3027835 duration 1 205391
3027839 duration 1 180984
3027843 duration 1 212125
3027847 duration 1 177356
3027851 duration 1 173380
3027855 duration 1 167189
3027859 duration 1 177824
3027862 duration 1 167322
3027866 duration 1 163046
3027870 duration 1 186566
3027874 duration 1 149850
3027882 duration 1 164835
3027886 duration 1 177214
3027889 duration 1 173333
3027894 duration 1 172526
3027902 duration 1 182453
3027906 duration 1 185467
3027910 duration 1 177500
3027914 duration 1 191299
3027918 duration 1 191617
3027922 duration 1 180745
3027926 duration 1 178579
3702243 duration 1 289
3702247 duration 1 202
3702251 duration 1 190
3702255 duration 1 194
3702258 duration 1 174
3702262 duration 1 202
3702265 duration 1 221
3702269 duration 1 198
3702274 duration 1 149
3702279 duration 1 209
3702282 duration 1 162
3702287 duration 1 157
3702291 duration 1 180
3702295 duration 1 185
3702299 duration 1 209
3702302 duration 1 213
3702308 duration 1 155
3702317 duration 1 186
3702321 duration 1 187
3702325 duration 1 181
3702330 duration 1 194
3702335 duration 1 181
3702340 duration 1 189
3702344 duration 1 189
3702348 duration 1 188
3702356 duration 1 209
3702360 duration 1 290
3702364 duration 1 174
3702368 duration 1 202
3702373 duration 1 173
3702376 duration 1 187
3702380 duration 1 235
3702385 duration 1 182
3702389 duration 1 304
3702394 duration 1 180
3702399 duration 1 203
3702402 duration 1 182
3702406 duration 1 356
3702410 duration 1 284
3702414 duration 1 223
3702418 duration 1 185
3702422 duration 1 317
3702427 duration 1 175
3702430 duration 1 280
3702434 duration 1 345
3702438 duration 1 210
3702442 duration 1 200
3702446 duration 1 183
3702451 duration 1 205
3702455 duration 1 168
3702459 duration 1 197
3702463 duration 1 217
3702466 duration 1 190
3702470 duration 1 180
3702474 duration 1 234
3702479 duration 1 210
3702482 duration 1 164
3702487 duration 1 337
3702491 duration 1 179
3702495 duration 1 273
3702499 duration 1 189
3702503 duration 1 190
3702507 duration 1 290
3702511 duration 1 186
3702515 duration 1 234
3702518 duration 1 399
3702522 duration 1 231
3702526 duration 1 191
3702539 duration 1 208
3702542 duration 1 194
3702547 duration 1 208
3702552 duration 1 319
3702556 duration 1 329
3702561 duration 1 311
3702568 duration 1 322
3702572 duration 1 228
3702576 duration 1 239
3702580 duration 1 193
3702584 duration 1 186
3702587 duration 1 277
3702591 duration 1 217
3702597 duration 1 215
3702601 duration 1 301
3702607 duration 1 285
3702611 duration 1 286
3702615 duration 1 252
3702619 duration 1 266
3702623 duration 1 191
3702627 duration 1 194
3702633 duration 1 208
3702637 duration 1 205
3702640 duration 1 233
3702645 duration 1 303
3702648 duration 1 348
3702652 duration 1 182
3702657 duration 1 194
3702665 duration 1 227
3702670 duration 1 223
3702673 duration 1 192
3702677 duration 1 206
3702681 duration 1 205
3702685 duration 1 331
3702689 duration 1 231
3702693 duration 1 293
3702697 duration 1 312
3702701 duration 1 192
3702706 duration 1 195
3702710 duration 1 192
3702713 duration 1 288
3702717 duration 1 291
3702721 duration 1 213
3702724 duration 1 205
3702728 duration 1 251
3702732 duration 1 194
3702735 duration 1 208
3702739 duration 1 232
3702743 duration 1 181
3702747 duration 1 306
3702751 duration 1 223
3702757 duration 1 228
3702761 duration 1 257
3702765 duration 1 207
3702768 duration 1 322
3702772 duration 1 184
3702913 duration 1 194
3702917 duration 1 213
3702923 duration 1 184
3702926 duration 1 172
3702930 duration 1 204
3702935 duration 1 223
3702941 duration 1 177
3702944 duration 1 184
3702948 duration 1 211
3702952 duration 1 165
3702956 duration 1 196
3702959 duration 1 193
3702963 duration 1 182
3702967 duration 1 164
3702971 duration 1 190
3702975 duration 1 194
3702979 duration 1 179
3702982 duration 1 191
3702986 duration 1 217
3702989 duration 1 200
3702993 duration 1 216
3702997 duration 1 154
3703001 duration 1 223
3703005 duration 1 166
3703008 duration 1 198
3703013 duration 1 181
3703016 duration 1 213
3703020 duration 1 183
3703024 duration 1 244
3703028 duration 1 214
3703031 duration 1 231
3703037 duration 1 149
3703040 duration 1 185
3703044 duration 1 188
3703048 duration 1 200
3703052 duration 1 158
3703056 duration 1 197
3703060 duration 1 187
3703064 duration 1 217
3703069 duration 1 192
3703073 duration 1 221
3703076 duration 1 199
3703080 duration 1 330
3703083 duration 1 200
3703088 duration 1 181
3703092 duration 1 173
3703098 duration 1 187
3703101 duration 1 273
3703105 duration 1 215
3703108 duration 1 204
3703113 duration 1 176
3703116 duration 1 188
3703120 duration 1 177
3703124 duration 1 197
3703127 duration 1 170
3703131 duration 1 202
3703136 duration 1 204
3703140 duration 1 210
3703143 duration 1 217
3703147 duration 1 211
3703150 duration 1 187
3703154 duration 1 174
3703158 duration 1 198
3703161 duration 1 175
3703165 duration 1 190
3703169 duration 1 201
3703173 duration 1 207
3703177 duration 1 187
3703184 duration 1 212
3703187 duration 1 204
3703191 duration 1 181
3703195 duration 1 213
3703199 duration 1 184
3703202 duration 1 185
3703207 duration 1 252
3703212 duration 1 358
3703216 duration 1 224
3703220 duration 1 189
3703223 duration 1 227
3703227 duration 1 209
3703232 duration 1 192
3703236 duration 1 207
3703239 duration 1 170
3703244 duration 1 190
3703248 duration 1 207
3703251 duration 1 277
3703255 duration 1 219
3703259 duration 1 199
3703263 duration 1 211
3703268 duration 1 215
3703273 duration 1 252
3703278 duration 1 225
3703282 duration 1 196
3703285 duration 1 205
3703290 duration 1 221
3703293 duration 1 170
3703298 duration 1 208
3703302 duration 1 246
3703305 duration 1 172
3703309 duration 1 193
3703313 duration 1 305
3703317 duration 1 191
3703320 duration 1 219
3703325 duration 1 212
3703329 duration 1 305
3703333 duration 1 286
3703336 duration 1 308
3703340 duration 1 291
3703344 duration 1 286
3703348 duration 1 308
3703352 duration 1 211
3703355 duration 1 188
3703359 duration 1 198
3703363 duration 1 183
3703368 duration 1 296
3703376 duration 1 205
3703379 duration 1 335
3703383 duration 1 214
3703387 duration 1 200
3703391 duration 1 197
3703395 duration 1 243
3703399 duration 1 199
3703403 duration 1 325
3703406 duration 1 201
3703410 duration 1 215
3703414 duration 1 304
3721468 duration 4 103938
3721472 duration 4 102731
3721476 duration 4 113076
3721479 duration 4 73357
3721483 duration 4 68721
3721486 duration 4 74109
3721490 duration 4 56900
3721494 duration 4 80128
3721497 duration 4 81543
3721505 duration 4 140972
3721516 duration 4 75680
3721520 duration 4 110283
3721523 duration 4 65991
3721528 duration 4 103760
3721535 duration 4 160911
3721539 duration 4 141306
3721546 duration 4 120241
3721561 duration 4 175990
3721565 duration 4 152493
3721569 duration 4 69906
3867085 duration 1 183
3867091 duration 1 184
3867095 duration 1 171
3867101 duration 1 182
3867105 duration 1 189
3867109 duration 1 193
3867113 duration 1 206
3867116 duration 1 1620
3867120 duration 1 209
3867125 duration 1 211
3867128 duration 1 193
3867133 duration 1 195
3867138 duration 1 224
3867142 duration 1 173
3867146 duration 1 173
3867152 duration 1 1712
3867158 duration 1 222
3867162 duration 1 184
3867165 duration 1 614
3867169 duration 1 200
3867173 duration 1 166
3867177 duration 1 200
3867181 duration 1 202
3867185 duration 1 174
3867189 duration 1 180
3867192 duration 1 181
3867196 duration 1 197
3890306 duration 4 319078
3890310 duration 4 52349
3898346 duration 1 173
3898350 duration 1 171
3916141 duration 4 78347
3916148 duration 4 107015
3916153 duration 4 30323
3916168 duration 4 29500
3916171 duration 4 75252
3916176 duration 4 28072
4098889 duration 1 1314
4098892 duration 1 260
4098896 duration 1 228
4098949 duration 1 174
4098953 duration 1 204
4098957 duration 1 212
4098960 duration 1 180
4098963 duration 1 191
4098967 duration 1 191
4442523 duration 4 28897
4442527 duration 4 37000
4442532 duration 4 45359
4442540 duration 4 81869
4442544 duration 4 89461
4442548 duration 4 125389
4442551 duration 4 131895
4442555 duration 4 156622
4443276 duration 4 58455
4443281 duration 4 211695
4469179 duration 1 176
4469184 duration 1 182
4469189 duration 1 181
4469193 duration 1 222
4469196 duration 1 307
4469201 duration 1 258
4469204 duration 1 300
4469208 duration 1 466
4469211 duration 1 369
4469215 duration 1 399
4469218 duration 1 554
4469222 duration 1 484
4469225 duration 1 526
4495016 duration 1 209
4495019 duration 1 193
4495023 duration 1 225
4495026 duration 1 218
4495030 duration 1 276
4495034 duration 1 289
4495037 duration 1 341
4495041 duration 1 369
4495044 duration 1 411
4495048 duration 1 437
4495052 duration 1 475
4495056 duration 1 516
4495188 duration 1 193
4496464 duration 4 26069
4496468 duration 4 34320
4496472 duration 4 39155
4496476 duration 4 31470
4496480 duration 4 38702
4496484 duration 4 43206
4496488 duration 4 89311
4496492 duration 4 108894
4496496 duration 4 122456
4496502 duration 4 138122
4496507 duration 4 106879
4497393 duration 4 127924
4688355 duration 1 209
4688359 duration 1 224
4688363 duration 1 188
4688366 duration 1 249
4688370 duration 1 236
4688373 duration 1 180
4688376 duration 1 184
4688380 duration 1 186
4688384 duration 1 187
4688387 duration 1 195
4688391 duration 1 214
4688394 duration 1 200
4688397 duration 1 200
4760859 duration 4 8035
4828477 duration 1 269
4828480 duration 1 287
4828484 duration 1 286
4828488 duration 1 281
4828491 duration 1 282
4828496 duration 1 300
4828499 duration 1 304
4828503 duration 1 309
4844223 duration 1 201
4844229 duration 1 209
4844233 duration 1 188
4844237 duration 1 197
4844240 duration 1 236
4844244 duration 1 242
4844247 duration 1 552
4844251 duration 1 338
4844254 duration 1 358
4844258 duration 1 394
4844262 duration 1 433
4844267 duration 1 473
4844275 duration 1 504
4869504 duration 4 59990
4869508 duration 4 54410
4869513 duration 4 70586
4869518 duration 4 92297
4869523 duration 4 117596
4869526 duration 4 144641
4869532 duration 4 167595
4869942 duration 4 21210
4869946 duration 4 21780
4869949 duration 4 26271
4869953 duration 4 26775
4869956 duration 4 33666
4869961 duration 4 35552
4869964 duration 4 39627
4869968 duration 4 53727
4869972 duration 4 55888
4869975 duration 4 62590
4869979 duration 4 74248
4871806 duration 4 18760
4871810 duration 4 19280
4913765 duration 1 268
4913797 duration 1 174
4913816 duration 1 208
4913828 duration 1 168
4913832 duration 1 201
4927098 duration 1 260
4927102 duration 1 221
4927106 duration 1 218
4927109 duration 1 272
4927113 duration 1 325
4927117 duration 1 382
4927121 duration 1 427
4927124 duration 1 559
4927128 duration 1 183
4927132 duration 1 158
4927136 duration 1 385
4927139 duration 1 183
4927143 duration 1 175
4927147 duration 1 188
4927152 duration 1 155
4927155 duration 1 150
4927159 duration 1 170
4927163 duration 1 153
5440354 duration 4 1075
5451058 duration 4 1829
5452653 duration 4 1052
5654133 duration 4 137279
5654137 duration 4 121510
5654142 duration 4 113812
5654146 duration 4 135250
5654150 duration 4 122082
5654157 duration 4 121826
5654161 duration 4 109365
5654165 duration 4 129097
5962154 duration 1 257
5962158 duration 1 245
5962162 duration 1 218
5962165 duration 1 236
5962169 duration 1 285
5962173 duration 1 269
5962176 duration 1 207
5962181 duration 1 217
6032596 duration 1 211436
6032602 duration 1 258184
6032607 duration 1 225820
6032636 duration 1 214967
6032642 duration 1 209394
6032648 duration 1 241965
6032653 duration 1 230245
6077614 duration 4 29267
6077626 duration 4 148718
6135356 duration 1 160
6135408 duration 1 172
6138434 duration 1 235
6138439 duration 1 196
6138445 duration 1 201
6138451 duration 1 181
6138463 duration 1 237
6138468 duration 1 203
6138474 duration 1 244
6138479 duration 1 194
6138486 duration 1 240
6138492 duration 1 237
6138503 duration 1 240
6138509 duration 1 234
6138515 duration 1 186
6138522 duration 1 168
6220938 duration 1 243
6220945 duration 1 188
6220950 duration 1 183
6220956 duration 1 216
6220967 duration 1 178
6220972 duration 1 248
6220978 duration 1 182
6220984 duration 1 187
6220989 duration 1 177
6220995 duration 1 173
6221007 duration 1 299
6221013 duration 1 191
6221018 duration 1 222
6221025 duration 1 220
6243271 duration 4 35378
6243281 duration 4 52862
6243323 duration 4 45155
6243333 duration 4 32975
6243387 duration 4 99313
6243429 duration 4 121649
6243485 duration 4 33324
6243696 duration 4 26966
6243761 duration 4 69088
6243919 duration 4 62615
6243939 duration 4 89045
6243969 duration 4 166278
6244040 duration 4 77827
6244050 duration 4 185863
6244079 duration 4 148053
6244112 duration 4 144385
6244131 duration 4 144169
6296786 duration 1 202
6305025 duration 1 235
6305031 duration 1 255
6305036 duration 1 275
6305041 duration 1 240
6305054 duration 1 198
6305061 duration 1 287
6305068 duration 1 213
6305073 duration 1 229
6305081 duration 1 205
6305085 duration 1 219
6305097 duration 1 205
6305102 duration 1 233
6305108 duration 1 217
6305114 duration 1 204
6511321 duration 2 33904
6511327 duration 2 9609
6644057 duration 1 217
6644061 duration 1 273
6644065 duration 1 167
6644068 duration 1 226
6644081 duration 1 231
6644092 duration 1 197
6644096 duration 1 153
6644099 duration 1 154
6644103 duration 1 183
6644106 duration 1 160
6644110 duration 1 190
6644113 duration 1 214
6655554 duration 1 378
6655558 duration 1 226
6655566 duration 1 240
6655574 duration 1 230
6655578 duration 1 386
6655582 duration 1 381
6655594 duration 1 219
6655598 duration 1 432
6655602 duration 1 240
6655615 duration 1 225
6665511 duration 4 3499
6691688 duration 4 149337
6691768 duration 4 171422
7184854 duration 2 246707
7184858 duration 2 147084
7184862 duration 2 165264
7184866 duration 2 146710
7184870 duration 2 192161
7184879 duration 2 191118
7184883 duration 2 167785
7335489 duration 1 213
7335494 duration 1 332
7335498 duration 1 233
7335502 duration 1 467
7335507 duration 1 198
7335515 duration 1 190
7335524 duration 1 445
7335528 duration 1 203
7335533 duration 1 204
7335537 duration 1 170
7335542 duration 1 190
7335546 duration 1 190
7335550 duration 1 190
7335563 duration 1 347
7335567 duration 1 200
7335571 duration 1 209
7363760 duration 1 91852
7363765 duration 1 89102
7363769 duration 1 89263
7363799 duration 1 88333
7363804 duration 1 100979
7363808 duration 1 98618
