0 duration 1 976723
219316 duration 4 1792645
251674 duration 1 23487
251699 duration 1 23367
256418 duration 1 11082
256458 duration 1 11773
256459 duration 1 14553
258863 duration 1 11221
258886 duration 1 11355
258888 duration 1 13876
259585 duration 1 11279
259600 duration 1 11632
259609 duration 1 11125
262503 duration 1 11735
262517 duration 1 11288
262523 duration 1 11739
268877 duration 4 80967
273432 duration 4 78103
274530 duration 4 79249
276110 duration 4 181958
276551 duration 4 82869
281743 duration 1 232
282919 duration 1 193
308826 duration 1 24820
309095 duration 1 24066
310067 duration 1 25132
310087 duration 1 24144
313418 duration 1 470
313482 duration 1 383
314356 duration 1 625
314378 duration 1 666
315822 duration 1 155
315831 duration 1 160
328412 duration 1 22093
328414 duration 1 21795
338459 duration 4 188732
338689 duration 4 204684
338704 duration 4 200059
350148 duration 1 273
351656 duration 4 186795
365624 duration 4 93509
368092 duration 4 151048
396126 duration 1 48182
397046 duration 1 500
397048 duration 1 404
397938 duration 1 535
397948 duration 1 580
399449 duration 1 140
399469 duration 1 124
409806 duration 1 22068
409827 duration 1 22131
428472 duration 4 143429
438136 duration 4 183691
439115 duration 1 444
439116 duration 1 357
439582 duration 4 192580
440805 duration 1 429
440805 duration 1 347
441599 duration 1 592
441617 duration 1 434
442462 duration 1 149
442490 duration 1 131
445554 duration 2 4934
450983 duration 1 87
460482 duration 1 227
461297 duration 1 177
469774 duration 1 173
484123 duration 1 358
484124 duration 1 446
485979 duration 1 652
485985 duration 1 583
487832 duration 1 1038
487832 duration 1 333
499454 duration 1 19003
521591 duration 1 168
552756 duration 1 23819
554478 duration 1 213
559930 duration 1 23530
569878 duration 1 558
569878 duration 1 510
571052 duration 1 23848
571334 duration 1 613
571340 duration 1 485
572455 duration 1 189
572455 duration 1 143
574098 duration 1 120
580807 duration 2 253382
587485 duration 2 254365
595709 duration 2 258821
622457 duration 1 208
623877 duration 1 503
623877 duration 1 441
625627 duration 1 648
625627 duration 1 510
626440 duration 1 139
626447 duration 1 133
627202 duration 1 390
627202 duration 1 387
627863 duration 1 869
627867 duration 1 572
629646 duration 1 126
629646 duration 1 149
657398 duration 1 456
657399 duration 1 431
658517 duration 1 671
658521 duration 1 732
659653 duration 1 163
659662 duration 1 130
667980 duration 1 23255
667990 duration 1 23169
690574 duration 1 380
690574 duration 1 363
691411 duration 1 559
691428 duration 1 578
692519 duration 1 155
692521 duration 1 148
693194 duration 4 189565
693196 duration 4 184671
714019 duration 2 79541
742611 duration 1 369
742612 duration 1 436
743400 duration 1 540
743407 duration 1 657
744196 duration 1 203
744215 duration 1 116
795060 duration 1 57
828976 duration 1 348
828977 duration 1 416
829807 duration 1 565
829807 duration 1 538
830633 duration 1 130
830633 duration 1 128
834663 duration 1 73
842166 duration 1 69
856170 duration 1 72
879707 duration 1 178
883158 duration 1 202
916193 duration 1 407
916194 duration 1 330
917921 duration 1 521
917930 duration 1 1036
919650 duration 1 141
919650 duration 1 141
977077 duration 1 18429
996104 duration 2 233749
1002029 duration 1 404
1002029 duration 1 351
1002907 duration 1 521
1002908 duration 1 474
1004053 duration 1 209
1004053 duration 1 208
1059373 duration 1 558
1060037 duration 1 761
1070705 duration 1 22706
1070705 duration 1 18570
1070742 duration 1 18537
1070743 duration 1 18993
1085610 duration 1 21754
1085610 duration 1 22262
1088034 duration 1 325
1088035 duration 1 314
1088036 duration 1 19780
1088037 duration 1 19527
1089176 duration 1 549
1089177 duration 1 543
1089801 duration 4 2081
1090064 duration 4 4383
1090067 duration 4 4447
1090959 duration 1 137
1090959 duration 1 125
1092500 duration 1 209
1094822 duration 4 2090
1095151 duration 1 172
1095151 duration 1 167
1108307 duration 4 175656
1110690 duration 1 183
1115331 duration 1 590
1116016 duration 1 177
1122029 duration 4 186353
1122645 duration 4 4511
1122645 duration 4 4279
1128228 duration 1 167
1128229 duration 1 168
1148546 duration 1 25691
1148547 duration 1 25598
1151950 duration 1 20230
1174925 duration 1 464
1174926 duration 1 304
1176018 duration 4 180392
1176043 duration 1 519
1176043 duration 1 502
1176822 duration 1 139
1176826 duration 1 107
1179128 duration 4 188136
1184261 duration 1 24931
1184265 duration 1 24447
1196785 duration 1 23804
1196788 duration 1 23958
1208986 duration 1 506
1209585 duration 1 806
1210474 duration 1 212
1221987 duration 4 182042
1222004 duration 4 183412
1231012 duration 1 51
1267367 duration 1 413
1267367 duration 1 338
1268247 duration 1 414
1268248 duration 1 480
1269352 duration 1 130
1269352 duration 1 121
1281443 duration 1 23180
1281444 duration 1 24251
1282384 duration 1 23940
1282399 duration 1 23521
1305672 duration 4 186824
1307066 duration 4 188725
1307455 duration 1 21993
1307455 duration 1 22040
1319234 duration 4 199100
1322235 duration 4 177372
1322761 duration 1 24593
1322761 duration 1 24399
1330834 duration 4 179771
1330843 duration 4 186746
1347431 duration 1 477
1347431 duration 1 317
1348306 duration 1 596
1348310 duration 1 544
1349147 duration 1 207
1349156 duration 1 164
1356767 duration 1 190
1362294 duration 1 24937
1362333 duration 1 25036
1367542 duration 1 181
1388150 duration 4 196247
1422424 duration 2 37021
1434067 duration 1 354
1434068 duration 1 320
1434841 duration 1 474
1439828 duration 1 1185
1440727 duration 1 46
1441957 duration 1 153
1520171 duration 1 565
1520172 duration 1 406
1520981 duration 1 509
1520982 duration 1 618
1524507 duration 1 176
1524507 duration 1 140
1560242 duration 1 212
1560243 duration 1 200
1560439 duration 1 196
1560442 duration 1 194
1564783 duration 1 185
1564785 duration 1 166
1565311 duration 1 176
1565312 duration 1 156
1565365 duration 4 143477
1566328 duration 2 267300
1571362 duration 1 30203
1571375 duration 1 24653
1571742 duration 4 189610
1584497 duration 1 188
1596172 duration 4 171946
1610864 duration 1 19568
1610875 duration 1 19816
1630983 duration 1 16055
1630997 duration 1 19596
1631317 duration 4 4388
1631322 duration 4 5231
1636092 duration 1 199
1637827 duration 1 245
1641516 duration 4 175265
1647890 duration 4 2038
1650530 duration 1 168
1651211 duration 4 2068
1653932 duration 1 198
1663845 duration 1 411
1663849 duration 1 394
1664217 duration 1 21960
1664218 duration 1 21846
1664314 duration 1 484
1664336 duration 1 540
1664865 duration 1 149
1664935 duration 1 131
1666058 duration 1 315
1666061 duration 1 347
1666448 duration 1 498
1666484 duration 1 471
1667028 duration 1 149
1667045 duration 1 125
1667778 duration 1 24650
1667783 duration 1 24702
1668328 duration 1 627
1668328 duration 1 330
1668723 duration 1 440
1669022 duration 1 521
1669232 duration 1 119
1669602 duration 1 120
1669689 duration 1 363
1669689 duration 1 353
1670135 duration 1 792
1670140 duration 1 618
1670824 duration 1 96
1671012 duration 1 305
1687101 duration 4 15237
1687106 duration 4 15470
1692841 duration 1 344
1692841 duration 1 410
1694285 duration 1 591
1695296 duration 4 181249
1695401 duration 1 263
1696457 duration 1 24821
1696457 duration 1 24263
1703711 duration 1 515
1706916 duration 1 433
1708939 duration 1 212
1716607 duration 1 19866
1716609 duration 1 20010
1721528 duration 4 178576
1722100 duration 4 178566
1742631 duration 1 513
1742631 duration 1 480
1743219 duration 1 870
1743558 duration 1 646
1744212 duration 1 194
1744366 duration 1 212
1761459 duration 1 168
1772541 duration 1 179
1773563 duration 1 223
1777206 duration 4 2172
1777206 duration 4 2732
1779450 duration 1 499
1779450 duration 1 326
1780230 duration 1 178
1780533 duration 1 2750
1781618 duration 1 589
1781694 duration 1 699
1783886 duration 1 179
1784253 duration 1 16163
1784253 duration 1 16505
1784521 duration 1 140
1819146 duration 1 23773
1820628 duration 1 23537
1821515 duration 4 68144
1821516 duration 4 80588
1847078 duration 2 269829
1893400 duration 1 195
1903163 duration 1 319
1903163 duration 1 334
1903166 duration 1 180
1903168 duration 1 155
1903363 duration 1 238
1904022 duration 1 387
1904023 duration 1 454
1904135 duration 1 16042
1904139 duration 1 16046
1904819 duration 1 111
1904826 duration 1 129
1905347 duration 1 21702
1905356 duration 1 21961
1907469 duration 1 25000
1907471 duration 1 24738
1920806 duration 4 2094
1922368 duration 4 2267
1924082 duration 1 165
1925728 duration 1 176
1927711 duration 4 15287
1927712 duration 4 15063
1932851 duration 4 86399
1936352 duration 4 84701
1944519 duration 1 171
1944519 duration 1 157
1952494 duration 1 818
1952494 duration 1 331
1953257 duration 1 457
1954011 duration 1 133
1954015 duration 1 1197
1955838 duration 1 129
2013026 duration 1 23302
2013046 duration 1 23501
2017157 duration 1 23489
2017175 duration 1 23660
2019651 duration 1 69
2023250 duration 1 219
2036839 duration 4 185442
2038889 duration 1 506
2038890 duration 1 457
2040253 duration 1 510
2040254 duration 1 436
2041070 duration 1 125
2041072 duration 1 131
2059484 duration 1 37051
2063814 duration 4 162227
2097269 duration 4 177933
2120166 duration 1 47
2129028 duration 1 270
2129029 duration 1 303
2129794 duration 1 487
2129795 duration 1 670
2130596 duration 1 153
2130596 duration 1 118
2161106 duration 1 6220
2161107 duration 1 6459
2161132 duration 1 24855
2161132 duration 1 24691
2161425 duration 1 10168
2161425 duration 1 10055
2161666 duration 1 6640
2161666 duration 1 6633
2243780 duration 1 432
2245191 duration 1 457
2245805 duration 1 165
2246061 duration 1 225
2246699 duration 1 115
2247257 duration 1 30362
2247257 duration 1 23292
2247322 duration 1 23150
2247429 duration 1 35443
2248491 duration 1 23679
2256854 duration 1 535
2257491 duration 1 634
2257600 duration 1 527
2258228 duration 1 194
2258236 duration 1 586
2265370 duration 1 183
2275305 duration 1 151
2300579 duration 1 318
2302096 duration 1 1211
2302903 duration 1 690
2304330 duration 1 585
2305057 duration 1 150
2305501 duration 1 120
2352993 duration 4 103645
2359902 duration 4 113456
2360615 duration 1 25212
2360616 duration 4 121191
2360616 duration 4 115189
2360616 duration 4 83163
2360617 duration 4 125133
2360617 duration 4 90031
2360619 duration 4 82759
2360619 duration 4 66028
2360620 duration 4 86206
2360620 duration 4 85379
2360624 duration 4 160977
2360625 duration 4 115118
2360646 duration 4 96461
2360646 duration 4 92542
2361910 duration 2 265270
2386703 duration 4 191865
2387145 duration 1 749
2388654 duration 1 1045
2388848 duration 1 510
2389673 duration 1 292
2390478 duration 1 501
2391840 duration 1 15511
2426731 duration 1 185
2443492 duration 1 160
2443902 duration 1 210
2446086 duration 1 207
2446921 duration 1 178
2450733 duration 1 155
2453436 duration 1 163
2457354 duration 1 175
2462488 duration 1 184
2473450 duration 1 155
2475834 duration 1 208
2475912 duration 1 261
2478146 duration 1 798
2478174 duration 1 342
2478991 duration 1 405
2480391 duration 1 104
2480402 duration 1 465
2481894 duration 1 154
2483036 duration 1 108
2485837 duration 1 146
2495057 duration 1 22129
2505721 duration 1 22153
2518377 duration 2 345990
2521710 duration 1 157
2545486 duration 1 28442
2545511 duration 1 28672
2546184 duration 1 28222
2548010 duration 1 29192
2551437 duration 1 27572
2551448 duration 1 27929
2556984 duration 1 337
2556984 duration 1 378
2558957 duration 1 535
2560341 duration 1 419
2560836 duration 1 128
2561632 duration 1 137
2561761 duration 1 27826
2561775 duration 1 28368
2574992 duration 4 186571
2579225 duration 4 209698
2584996 duration 4 217147
2591838 duration 4 217489
2627476 duration 1 115
2636760 duration 4 162229
2643932 duration 1 532
2643932 duration 1 339
2644740 duration 1 652
2644741 duration 1 508
2645584 duration 1 158
2647005 duration 1 110
2711038 duration 1 43347
2724456 duration 4 192250
2728286 duration 2 287432
2730105 duration 1 295
2730105 duration 1 270
2731218 duration 1 828
2731220 duration 1 828
2733271 duration 1 289
2733271 duration 1 215
2737914 duration 1 24431
2737938 duration 1 24450
2738675 duration 1 24402
2738683 duration 1 24357
2738836 duration 1 24379
2738836 duration 1 24634
2758115 duration 1 19747
2758116 duration 1 16106
2763018 duration 4 255015
2765561 duration 4 103886
2771035 duration 1 152
2777686 duration 4 2248
2778950 duration 4 2235
2779788 duration 4 107965
2781033 duration 1 165
2781613 duration 1 200
2804852 duration 1 143
2810910 duration 1 1004
2817422 duration 1 312
2817422 duration 1 268
2820995 duration 4 192947
2821065 duration 1 1171
2821066 duration 1 1005
2821972 duration 1 16395
2821972 duration 1 16347
2822496 duration 1 217
2822497 duration 1 131
2824613 duration 1 20530
2824613 duration 1 18106
2827652 duration 4 98077
2831461 duration 1 25739
2831484 duration 1 25256
2831570 duration 1 24910
2836521 duration 4 92219
2840204 duration 4 2028
2843377 duration 4 2016
2843510 duration 4 1960
2843698 duration 1 188
2847585 duration 1 184
2847602 duration 4 2689
2850589 duration 1 428
2850589 duration 1 431
2851413 duration 1 485
2851413 duration 1 1033
2872525 duration 1 192
2889050 duration 1 195
2903670 duration 1 410
2903670 duration 1 375
2904763 duration 1 795
2905857 duration 1 439
2905860 duration 1 16126
2905861 duration 1 16331
2907149 duration 1 149
2907150 duration 1 107
2917307 duration 1 172
2922459 duration 4 2030
2926520 duration 4 2073
2926554 duration 1 201
2926839 duration 1 171
2929326 duration 1 148
2931823 duration 1 40455
2931840 duration 1 41383
2971942 duration 2 192995
2973384 duration 4 182711
2974036 duration 2 126968
2974311 duration 4 180182
2989074 duration 1 16561
2989075 duration 1 16318
2989749 duration 1 518
2989749 duration 1 447
2991493 duration 1 608
2991502 duration 1 468
2992589 duration 1 109
2992597 duration 1 207
2998773 duration 1 25476
2998774 duration 1 25230
3006294 duration 4 2554
3007080 duration 4 2330
3009423 duration 1 162
3011743 duration 1 159
3015111 duration 1 173
3021108 duration 4 17163
3021160 duration 1 193
3025374 duration 4 38441
3027806 duration 4 42530
3039620 duration 1 174
3067820 duration 1 176
3072212 duration 1 16871
3072212 duration 1 16824
3075816 duration 1 313
3075817 duration 1 300
3076202 duration 4 82474
3076911 duration 1 433
3076916 duration 1 506
3078014 duration 1 121
3078015 duration 1 195
3078614 duration 4 100774
3079751 duration 1 24727
3082227 duration 4 123534
3089337 duration 4 21237
3089347 duration 4 21312
3090328 duration 1 266
3092021 duration 1 25698
3101746 duration 1 67
3105066 duration 4 184675
3107496 duration 1 15757
3111466 duration 1 199
3111473 duration 1 236
3118878 duration 4 175627
3124356 duration 1 197270
3127777 duration 4 173404
3127782 duration 4 176003
3155472 duration 1 219
3156583 duration 1 187
3160079 duration 1 183
3161823 duration 1 302
3161824 duration 1 327
3162926 duration 1 562
3164916 duration 1 106
3164923 duration 1 602
3165986 duration 1 92
3166639 duration 1 135
3181240 duration 1 208
3211834 duration 1 169
3248557 duration 1 390
3249378 duration 1 522
3249391 duration 1 638
3250492 duration 1 226
3250494 duration 1 722
3291296 duration 1 164
3295263 duration 1 173
3301266 duration 1 158
3303882 duration 1 166
3322005 duration 1 185
3360917 duration 1 25027
3360972 duration 1 30796
3363744 duration 1 22653
3363770 duration 1 22021
3370186 duration 1 571
3370867 duration 1 625
3371599 duration 1 169
3373719 duration 1 339
3373719 duration 1 336
3373813 duration 1 341
3373815 duration 1 328
3374153 duration 1 432
3374154 duration 1 503
3374219 duration 1 507
3374277 duration 1 811
3374724 duration 1 132
3374735 duration 1 108
3374854 duration 1 124
3375160 duration 1 130
3378909 duration 1 339
3378943 duration 1 491
3379909 duration 1 638
3379909 duration 1 533
3380732 duration 1 129
3380738 duration 1 164
3386654 duration 4 14975
3386668 duration 4 15460
3388149 duration 4 87397
3392448 duration 4 90407
3402416 duration 1 238
3402436 duration 1 345
3421105 duration 1 372
3421106 duration 1 440
3421884 duration 1 652
3421886 duration 1 580
3422717 duration 1 124
3422723 duration 1 14578
3427083 duration 1 25267
3427084 duration 1 24315
3427409 duration 1 18909
3427409 duration 1 18736
3447594 duration 4 17677
3447596 duration 4 17763
3452699 duration 4 176492
3452703 duration 4 178035
3466111 duration 1 163
3466114 duration 1 180
3475965 duration 1 182
3483417 duration 1 320
3483503 duration 1 27428
3484764 duration 1 21703
3507025 duration 2 59317
3507742 duration 1 19045
3508198 duration 1 348
3508198 duration 1 325
3509050 duration 1 542
3509076 duration 1 526
3510028 duration 1 120
3510079 duration 1 142
3510476 duration 1 18966
3511775 duration 2 67155
3512167 duration 1 23266
3512172 duration 1 23110
3516797 duration 1 23685
3516818 duration 1 23291
3527660 duration 4 1193
3529150 duration 1 191
3530044 duration 4 1606
3531413 duration 1 22001
3533663 duration 1 441
3535913 duration 4 186728
3536814 duration 4 187507
3540721 duration 4 189307
3544128 duration 4 179532
3546896 duration 1 24299
3547060 duration 1 24480
3550915 duration 1 29215
3550979 duration 1 28803
3557255 duration 1 319
3557256 duration 1 424
3558297 duration 1 495
3558450 duration 2 247208
3559452 duration 1 29523
3560045 duration 1 112
3562157 duration 1 31386
3562846 duration 1 2049
3562905 duration 1 28074
3563086 duration 1 28367
3565489 duration 1 189
3567183 duration 1 61
3568059 duration 1 10042
3572596 duration 4 187725
3572781 duration 4 194292
3580339 duration 1 123
3581457 duration 1 68
3582036 duration 4 184426
3583142 duration 4 181363
3583917 duration 1 9596
3589929 duration 4 197738
3592464 duration 4 192985
3592543 duration 4 190534
3593888 duration 1 129
3596562 duration 4 193008
3601029 duration 1 23870
3601042 duration 1 23847
3601773 duration 1 16632
3603702 duration 1 24786
3603725 duration 1 24542
3606502 duration 1 23824
3606503 duration 1 16585
3619932 duration 4 20815
3622365 duration 1 17254
3623827 duration 1 382
3623885 duration 1 25675
3623891 duration 1 622
3623916 duration 4 20360
3624965 duration 1 539
3625578 duration 1 132
3625591 duration 1 622
3626130 duration 1 23849
3626705 duration 4 176471
3628737 duration 1 198
3629107 duration 1 24287
3630114 duration 1 297
3630868 duration 4 19215
3632956 duration 1 145
3637157 duration 4 94699
3640316 duration 4 19319
3643498 duration 1 429
3645233 duration 1 217
3647424 duration 1 573
3647424 duration 1 416
3648283 duration 1 631
3648286 duration 1 486
3649388 duration 1 126
3649391 duration 1 295
3651050 duration 1 182
3652534 duration 4 89133
3652823 duration 2 330841
3653187 duration 1 396
3653192 duration 1 658
3654013 duration 1 594
3654028 duration 1 691
3654525 duration 4 180297
3654706 duration 4 181276
3655114 duration 1 121
3655118 duration 1 113
3662832 duration 1 164
3672278 duration 1 24370
3672278 duration 1 24266
3673999 duration 1 24331
3680694 duration 1 602
3680694 duration 1 336
3682303 duration 1 668
3682946 duration 1 6112
3684065 duration 1 139
3691446 duration 1 109
3696926 duration 4 13173
3696930 duration 4 13415
3698209 duration 1 16403
3698209 duration 1 16014
3699634 duration 2 295093
3699858 duration 1 30448
3699860 duration 1 28079
3711187 duration 1 206
3714878 duration 4 20563
3715545 duration 4 20321
3719651 duration 1 298
3734123 duration 1 230
3737869 duration 1 166
3738571 duration 1 28975
3738580 duration 1 24318
3739840 duration 1 453
3743782 duration 4 185946
3743803 duration 4 187492
3744449 duration 1 180
3763121 duration 1 352
3765683 duration 1 255
3766321 duration 4 187704
3767636 duration 1 30180
3767699 duration 1 25095
3767820 duration 1 385
3768263 duration 1 455
3768265 duration 1 249
3768325 duration 1 639
3769332 duration 1 112
3769346 duration 1 605
3770168 duration 1 132
3776283 duration 1 163
3778315 duration 4 180500
3788454 duration 1 227
3788455 duration 1 167
3790286 duration 1 167
3790295 duration 1 147
3792131 duration 1 23825
3792141 duration 1 23784
3794017 duration 4 179498
3798799 duration 4 179672
3804618 duration 1 165
3807516 duration 4 50030
3809034 duration 1 62
3816980 duration 4 196303
3817009 duration 4 193782
3836438 duration 1 234
3837962 duration 1 157
3852866 duration 1 429
3852867 duration 1 597
3853696 duration 1 22658
3854563 duration 1 557
3854568 duration 1 497
3855336 duration 1 132
3855340 duration 1 124
3858116 duration 1 245
3877453 duration 2 307373
3930763 duration 1 153
3931618 duration 1 169
3939267 duration 1 25160
3939287 duration 1 25483
3943265 duration 1 290
3943266 duration 1 377
3944029 duration 1 685
3944034 duration 1 438
3945440 duration 1 110
3945441 duration 1 268
3948161 duration 1 23391
3948161 duration 1 23306
3948643 duration 1 25014
3948683 duration 1 24839
3954988 duration 1 159
3957067 duration 1 23649
3959751 duration 1 171
3966520 duration 4 181946
3966537 duration 4 181432
3974226 duration 1 165
3974498 duration 4 92693
3974528 duration 4 87977
3980444 duration 4 179680
3980486 duration 1 175
3982911 duration 1 25856
3982911 duration 1 25495
3983943 duration 1 92
3986839 duration 1 10527
3995806 duration 1 76
3997243 duration 1 298
3997243 duration 1 331
3998473 duration 1 177
3999267 duration 1 595
3999273 duration 1 628
3999556 duration 1 9816
4000652 duration 1 164
4000652 duration 1 162
4010110 duration 1 198
4010260 duration 4 192610
4011215 duration 1 188
4014603 duration 1 463
4028354 duration 1 28896
4029438 duration 1 27784
4030059 duration 1 573
4030059 duration 1 382
4030894 duration 1 667
4030925 duration 1 593
4032656 duration 1 222
4032657 duration 1 258
4033191 duration 1 31772
4033191 duration 1 25333
4040789 duration 4 137601
4058834 duration 4 188593
4061631 duration 4 186916
4062870 duration 1 196
4066328 duration 4 184519
4067888 duration 1 144
4078122 duration 4 179779
4085610 duration 1 310
4085613 duration 1 852
4086722 duration 1 445
4086722 duration 1 424
4087783 duration 1 2232
4087790 duration 1 137
4094914 duration 4 118097
4104147 duration 1 24362
4104148 duration 1 24071
4106572 duration 1 22164
4106578 duration 1 22261
4115907 duration 1 318
4115907 duration 1 331
4116253 duration 2 197004
4117802 duration 1 25066
4117804 duration 1 24232
4117898 duration 1 429
4117910 duration 1 621
4118675 duration 1 135
4119226 duration 1 115
4120739 duration 1 24189
4120741 duration 1 23817
4129096 duration 4 88597
4129470 duration 4 15774
4138291 duration 4 89167
4143244 duration 4 18590
4144172 duration 4 91660
4144185 duration 4 87857
4145359 duration 4 92758
4145383 duration 4 91108
4146773 duration 1 328
4147098 duration 1 413
4147819 duration 1 413
4148419 duration 1 243
4148589 duration 1 420
4148976 duration 1 161
4151178 duration 1 127
4151184 duration 1 154
4151999 duration 1 165
4154787 duration 1 174
4161226 duration 1 175
4163718 duration 1 176
4177967 duration 1 16666
4177968 duration 1 16893
4187899 duration 1 155
4188241 duration 1 76
4195333 duration 4 19232
4195336 duration 4 16265
4195859 duration 1 21937
4195860 duration 1 21917
4197102 duration 1 9719
4202757 duration 1 353
4203089 duration 1 327
4203877 duration 1 201
4204165 duration 1 429
4204166 duration 1 509
4205269 duration 1 123
4205269 duration 1 118
4208152 duration 1 133
4213644 duration 1 173
4214060 duration 1 28609
4219964 duration 4 15063
4224911 duration 1 174
4225012 duration 1 187
4225014 duration 1 202
4228408 duration 1 228
4230304 duration 4 18997
4236540 duration 1 162
4239094 duration 1 214
4239690 duration 1 219
4239788 duration 1 169
4241787 duration 1 159
4244520 duration 2 251235
4247852 duration 1 370
4247852 duration 1 327
4248547 duration 1 179
4248638 duration 1 494
4250010 duration 1 162
4250477 duration 1 154
4250659 duration 1 127
4250673 duration 1 421
4251421 duration 1 201
4251787 duration 1 118
4259983 duration 1 271
4264552 duration 1 23912
4264577 duration 1 23544
4277990 duration 1 24597
4277992 duration 1 24560
4278531 duration 1 25071
4278531 duration 1 24953
4287927 duration 1 19345
4288685 duration 1 354
4288686 duration 1 431
4289677 duration 4 191492
4289764 duration 1 514
4289765 duration 1 461
4291263 duration 1 140
4291263 duration 1 133
4297167 duration 1 15750
4301044 duration 1 22379
4301048 duration 1 22965
4308272 duration 4 18893
4313711 duration 1 86
4317309 duration 4 18771
4318309 duration 1 10675
4323810 duration 1 318
4323811 duration 1 334
4324607 duration 4 15304
4324906 duration 1 485
4324906 duration 1 426
4326680 duration 1 120
4326684 duration 1 133
4328608 duration 4 15848
4329179 duration 1 158
4329587 duration 1 141
4330248 duration 1 375
4330869 duration 1 303
4331950 duration 1 486
4332712 duration 1 481
4333800 duration 1 134
4333805 duration 1 122
4335883 duration 1 362
4335902 duration 1 313
4336507 duration 1 458
4336573 duration 1 189
4336905 duration 1 425
4338644 duration 1 342
4339571 duration 1 310
4339713 duration 1 465
4340472 duration 1 498
4341281 duration 1 123
4341738 duration 1 123
4345678 duration 1 24721
4345679 duration 1 24968
4351510 duration 1 29387
4351522 duration 1 29179
4356330 duration 1 359
4356331 duration 1 327
4357094 duration 1 483
4357107 duration 1 477
4358193 duration 1 111
4358198 duration 1 115
4360425 duration 4 93102
4360425 duration 4 88095
4362907 duration 1 304
4363237 duration 1 353
4364310 duration 1 572
4364310 duration 1 461
4364435 duration 1 21664
4364435 duration 1 21566
4364901 duration 1 21291
4364903 duration 1 21261
4365068 duration 1 122
4365070 duration 1 140
4368189 duration 4 16458
4369114 duration 1 338
4369115 duration 1 371
4369903 duration 1 468
4369904 duration 1 485
4370694 duration 1 134
4370695 duration 1 144
4371271 duration 4 87678
4373711 duration 4 88149
4375374 duration 1 384
4375374 duration 1 334
4376184 duration 1 538
4376187 duration 1 497
4376515 duration 4 15162
4376969 duration 1 135
4376970 duration 1 130
4381717 duration 4 178864
4383498 duration 1 26557
4383498 duration 1 26013
4385427 duration 1 173
4386282 duration 4 177911
4386516 duration 4 173506
4386526 duration 4 183696
4392647 duration 1 284
4395791 duration 4 177221
4399695 duration 1 24268
4399695 duration 1 24013
4408517 duration 1 24032
4408520 duration 1 24024
4409989 duration 4 89180
4422354 duration 4 154037
4424925 duration 4 137647
4433325 duration 4 186705
4441407 duration 4 178154
4442906 duration 1 23382
4442913 duration 1 23070
4449172 duration 1 179
4454351 duration 1 180
4459459 duration 1 174
4461435 duration 1 364
4461436 duration 1 323
4462335 duration 1 160
4463447 duration 1 458
4463452 duration 1 461
4464543 duration 1 118
4464553 duration 1 121
4469635 duration 4 178947
4483117 duration 1 160
4494225 duration 1 283
4494226 duration 1 332
4494585 duration 1 434
4494628 duration 1 424
4495098 duration 1 115
4495127 duration 1 115
4499680 duration 1 163
4527004 duration 4 99874
4546987 duration 1 19363
4546987 duration 1 19282
4548220 duration 1 312
4548221 duration 1 325
4548989 duration 1 434
4548996 duration 1 443
4550098 duration 1 117
4551846 duration 4 75395
4552723 duration 1 323
4560222 duration 1 168
4561355 duration 1 139
4564268 duration 1 169
4566782 duration 4 3759
4566784 duration 4 4039
4568455 duration 1 17250
4568459 duration 1 19025
4569354 duration 1 22401
4569354 duration 1 22597
4571304 duration 1 164
4571315 duration 1 174
4571366 duration 1 147
4573592 duration 1 171
4574969 duration 4 96012
4575469 duration 1 22743
4575469 duration 1 22682
4577225 duration 1 139
4579654 duration 1 291
4580884 duration 1 173
4581065 duration 1 230
4581519 duration 1 55
4581522 duration 1 204
4582002 duration 1 53
4589360 duration 4 11635
4590543 duration 4 14121
4590591 duration 1 151
4590591 duration 1 129
4591376 duration 1 217
4591377 duration 1 152
4592173 duration 1 48
4592173 duration 1 54
4592449 duration 4 84403
4594351 duration 1 161
4594647 duration 1 182
4594662 duration 1 3109
4594822 duration 1 231
4595932 duration 1 72
4595938 duration 1 194
4596431 duration 1 51
4598745 duration 4 89990
4615073 duration 1 23679
4615077 duration 1 23780
4617772 duration 1 63
4620531 duration 1 100
4620533 duration 1 78
4627626 duration 1 70
4627834 duration 1 75
4639376 duration 4 195795
4639444 duration 4 187698
4649140 duration 1 75
4660733 duration 1 80
4660738 duration 1 92
4672112 duration 1 85
4673853 duration 1 21075
4673854 duration 1 21233
4677759 duration 1 95
4689121 duration 1 86
4690226 duration 1 131
4690548 duration 1 136
4690813 duration 1 197
4691954 duration 1 67
4691966 duration 1 200
4692564 duration 1 58
4695290 duration 4 188476
4695321 duration 4 178030
4716661 duration 1 1820
4717360 duration 1 14846
4717366 duration 1 15202
4720701 duration 1 229
4722543 duration 1 157
4722724 duration 1 207
4723209 duration 1 60
4723233 duration 1 268
4724015 duration 1 52
4725074 duration 1 11151
4725728 duration 1 10942
4725732 duration 1 11064
4725741 duration 1 11087
4727850 duration 1 11166
4732988 duration 1 6340
4733622 duration 4 7883
4734179 duration 1 15
4734943 duration 1 1728
4740627 duration 4 6307
4741730 duration 4 79668
4742015 duration 1 82
4743241 duration 4 79613
4748288 duration 4 79963
4748520 duration 1 60
4757441 duration 1 11411
4759087 duration 1 11650
4765129 duration 1 7169
4765923 duration 1 7399
4766517 duration 1 6714
4767247 duration 1 4356
4773262 duration 1 23935
4773701 duration 1 30507
4796912 duration 1 17
4797574 duration 1 1736
4799360 duration 1 13
4804855 duration 4 77715
4810870 duration 4 82833
4811198 duration 4 88621
4820618 duration 1 26056
4820620 duration 1 26229
4827988 duration 1 84
4829390 duration 4 6137
4829442 duration 1 59
4829445 duration 1 65
4831679 duration 4 73638
4831786 duration 4 78171
4836102 duration 1 52
4836320 duration 4 62044
4842455 duration 4 182703
4845985 duration 1 70
4847776 duration 1 136
4847985 duration 4 93899
4848096 duration 1 278
4848212 duration 1 301
4849339 duration 4 91189
4849926 duration 1 67
4849935 duration 1 198
4851639 duration 1 65
4857458 duration 1 89
4861801 duration 1 136
4861801 duration 1 235
4862783 duration 1 204
4863621 duration 1 1085
4865148 duration 1 152
4866679 duration 1 133
4867324 duration 4 67587
4878738 duration 1 1727
4880508 duration 1 16
4883150 duration 1 69
4883868 duration 1 75
4884276 duration 1 95
4885620 duration 1 1728
4887117 duration 1 1370
4887404 duration 1 9
4887894 duration 1 1791
4889718 duration 1 15
4890294 duration 1 15
4891412 duration 1 1811
4893429 duration 1 180
4893434 duration 1 166
4893571 duration 1 10
4893905 duration 1 226
4894232 duration 1 195
4894350 duration 1 73
4894407 duration 1 1722
4895128 duration 1 56
4896296 duration 1 14
4897447 duration 4 143952
4899336 duration 1 52
4900251 duration 1 52
4900790 duration 1 71
4905368 duration 1 24981
4905375 duration 1 24764
4906218 duration 1 64
4910570 duration 1 166
4910787 duration 1 25220
4911112 duration 1 24901
4931024 duration 4 98298
4933348 duration 1 17693
4936560 duration 4 89135
4936615 duration 1 63
4937415 duration 4 94404
4940965 duration 1 81
4941906 duration 1 12874
4942991 duration 1 92
4943145 duration 1 29673
4944021 duration 4 4854
4944021 duration 4 4724
4945011 duration 1 140
4945011 duration 1 146
4945235 duration 4 4519
4945241 duration 4 4441
4950105 duration 1 24998
4951575 duration 4 13625
4953676 duration 1 196
4954271 duration 1 75
4954272 duration 1 63
4955329 duration 4 14467
4955659 duration 1 359
4956425 duration 1 59
4959394 duration 1 63565
4959394 duration 1 63147
4960238 duration 1 56
4961281 duration 1 24961
4961283 duration 1 24652
4965668 duration 1 91
4970727 duration 1 106
4973656 duration 1 97
4978057 duration 1 71
4980426 duration 1 152
4980426 duration 1 121
4981227 duration 1 182
4981232 duration 1 161
4981713 duration 1 58
4981713 duration 1 56
4986899 duration 4 92521
4986899 duration 4 86906
4993941 duration 1 14355
4999439 duration 1 8684
5006402 duration 1 24251
5006913 duration 1 24075
5008474 duration 1 4048
5009189 duration 4 80513
5009302 duration 4 82201
5013472 duration 4 84497
5022963 duration 4 4897
5025795 duration 1 69
5028303 duration 1 30641
5028815 duration 1 30131
5033338 duration 4 168041
5033390 duration 1 81
5034359 duration 1 81
5042510 duration 1 79
5060912 duration 4 205252
5069252 duration 1 24923
5069907 duration 1 24719
5074648 duration 1 80
5080325 duration 1 95
5092476 duration 1 73
5096136 duration 4 86739
5099213 duration 1 64
5109039 duration 1 45
5109224 duration 4 78189
5110027 duration 4 156386
5110031 duration 4 78437
5142942 duration 1 1726
5153067 duration 1 239
5153067 duration 1 229
5153571 duration 1 308
5153575 duration 1 346
5154418 duration 1 53
5154419 duration 1 57
5160154 duration 1 10
5183860 duration 1 104
5198852 duration 1 147
5199420 duration 1 58
5200413 duration 1 139
5200413 duration 1 133
5200903 duration 1 149
5200909 duration 1 211
5201407 duration 1 140
5201408 duration 1 54
5202078 duration 4 4455
5202154 duration 4 4624
5202794 duration 4 10014
5202797 duration 4 4440
5202844 duration 4 210061
5206623 duration 1 89
5206855 duration 1 81
5207321 duration 1 66
5208382 duration 1 117
5208382 duration 1 105
5209594 duration 1 227
5209779 duration 1 252
5210688 duration 1 75
5210691 duration 1 65
5212571 duration 1 24735
5212571 duration 1 24730
5212891 duration 1 80
5217024 duration 1 24532
5217024 duration 1 24442
5218045 duration 1 62994
5218046 duration 1 63322
5221097 duration 4 186996
5229011 duration 4 182755
5281170 duration 4 4394
5300019 duration 1 24575
5300411 duration 1 25327
5302207 duration 4 4487
5302254 duration 1 62
5306770 duration 1 90
5308693 duration 1 29157
5308695 duration 1 28484
5313532 duration 1 23665
5313533 duration 1 23657
5317383 duration 1 24577
5320434 duration 1 25024
5326064 duration 1 23724
5326083 duration 1 23893
5327676 duration 4 88799
5328783 duration 1 221
5329721 duration 1 149
5329908 duration 1 167
5330395 duration 1 50
5330418 duration 1 222
5331563 duration 1 84
5371839 duration 1 23832
5371839 duration 1 23544
5376241 duration 4 184332
5376257 duration 4 190475
5376990 duration 4 95679
5377007 duration 4 88712
5377437 duration 4 89235
5391494 duration 1 27001
5391494 duration 1 26470
5395000 duration 1 31986
5395001 duration 1 31567
5424883 duration 1 109
5424896 duration 1 88
5425393 duration 4 185861
5425623 duration 4 183246
5425719 duration 1 175
5425719 duration 1 109
5426621 duration 1 182
5426621 duration 1 294
5427507 duration 1 46
5427507 duration 1 58
5441443 duration 1 30101
5441570 duration 1 30418
5454052 duration 1 29017
5454357 duration 1 29235
5465672 duration 1 24942
5465993 duration 1 24884
5472497 duration 1 24984
5472498 duration 1 24693
5473262 duration 1 25533
5474184 duration 1 102
5475281 duration 4 199521
5477249 duration 1 25028
5477514 duration 4 200986
5480665 duration 4 190731
5493447 duration 4 92566
5499044 duration 4 190111
5499387 duration 4 95098
5499387 duration 4 88261
5499896 duration 4 88030
5502743 duration 4 93235
5503175 duration 1 141
5503175 duration 1 110
5503396 duration 4 87319
5503656 duration 1 188
5503662 duration 1 205
5504800 duration 1 50
5504820 duration 1 64
5505020 duration 1 23918
5505020 duration 1 23617
5508235 duration 1 24078
5510669 duration 1 23683
5513576 duration 4 191279
5530356 duration 4 95277
5530424 duration 4 90701
5562330 duration 1 99
5567082 duration 1 60
5586235 duration 1 151
5586237 duration 1 193
5586666 duration 1 213
5586704 duration 1 350
5586735 duration 1 223
5588162 duration 1 62
5588165 duration 1 47
5589123 duration 1 93
5589711 duration 1 71
5591973 duration 1 187
5596569 duration 1 66
5598411 duration 1 100
5606601 duration 4 84487
5610165 duration 1 89
5612266 duration 1 207
5622843 duration 1 80
5626634 duration 1 83
5633391 duration 1 23747
5633502 duration 1 25713
5671643 duration 1 231
5673180 duration 1 262
5673395 duration 1 211
5674818 duration 1 72
5674826 duration 1 207
5675571 duration 1 84
5676163 duration 1 52
5676172 duration 1 105
5679140 duration 1 82
5690078 duration 1 64
5691643 duration 1 157
5705248 duration 1 90
5757645 duration 1 163
5759180 duration 1 96
5759372 duration 1 213
5759377 duration 1 280
5760174 duration 1 67
5760175 duration 1 72
5762912 duration 1 23940
5762914 duration 1 23616
5812560 duration 1 154
5812561 duration 1 199
5813370 duration 1 215
5814308 duration 1 202
5814448 duration 1 62
5814985 duration 1 66
5819022 duration 1 173
5819022 duration 1 143
5819691 duration 1 264
5819695 duration 1 222
5820161 duration 1 61
5820168 duration 1 58
5830938 duration 1 23914
5830939 duration 1 24028
5833126 duration 1 25015
5833143 duration 1 25013
5867365 duration 4 92226
5867383 duration 4 86549
5869646 duration 4 88567
5869869 duration 4 86348
5871616 duration 1 175
5871617 duration 1 161
5872223 duration 1 176
5872225 duration 1 200
5872732 duration 1 61
5872732 duration 1 59
5887068 duration 1 132
5887069 duration 1 109
5891812 duration 1 101
5891812 duration 1 101
5892365 duration 1 258
5892365 duration 1 158
5892927 duration 1 69
5893036 duration 1 58
5955730 duration 1 105
5956591 duration 1 110
5959190 duration 1 90
5960475 duration 1 79
5972799 duration 1 220
5972799 duration 1 113
5973321 duration 1 250
5973322 duration 1 289
5974302 duration 1 63
5974309 duration 1 54
5987096 duration 1 10957
5987750 duration 1 10887
5999106 duration 1 3013
6000093 duration 4 78636
6000849 duration 4 82628
6003339 duration 4 79874
6007600 duration 1 19711
6008657 duration 1 31764
6009718 duration 1 19748
6010074 duration 1 20012
6019535 duration 1 28122
6022256 duration 1 129
6022256 duration 1 108
6022937 duration 1 269
6022937 duration 1 253
6023597 duration 1 67
6023610 duration 1 51
6024171 duration 1 10891
6024179 duration 1 11163
6043848 duration 4 184160
6048024 duration 4 167607
6049141 duration 1 19972
6049141 duration 1 19876
6057524 duration 1 22292
6057548 duration 1 21854
6058251 duration 1 159
6058251 duration 1 144
6058934 duration 1 363
6058934 duration 1 240
6059966 duration 1 81
6059971 duration 1 86
6060604 duration 1 27750
6060811 duration 1 21939
6065873 duration 1 143
6065994 duration 1 214
6066169 duration 1 238
6066452 duration 1 212
6066496 duration 1 101
6066759 duration 1 72
6068401 duration 1 194
6068493 duration 1 142
6068702 duration 1 255
6068750 duration 1 265
6069134 duration 4 183119
6069201 duration 1 95
6069208 duration 1 99
6069250 duration 4 178069
6083650 duration 4 187732
6086175 duration 1 23691
6086314 duration 1 23869
6103719 duration 1 122
6104131 duration 1 105
6104500 duration 1 313
6104504 duration 1 168
6115474 duration 4 184352
6122092 duration 1 69
6122142 duration 1 72
6127246 duration 4 124004
6133054 duration 4 185001
6133139 duration 4 191900
6134724 duration 4 183084
6134728 duration 4 181742
6166505 duration 1 48
6166510 duration 1 194
6166534 duration 1 68
6175066 duration 1 29701
6175069 duration 1 36658
6184166 duration 1 25298
6184167 duration 1 25300
6185771 duration 1 33427
6186011 duration 1 33752
6186475 duration 1 34573
6186678 duration 1 34570
6205706 duration 4 184856
6210317 duration 4 179763
6210513 duration 4 177999
6310861 duration 1 196
6310861 duration 1 90
6311058 duration 4 188758
6311061 duration 4 176633
6389644 duration 1 57
6390607 duration 1 210
6391128 duration 1 82
6391528 duration 4 190802
6391532 duration 4 191999
6400671 duration 1 84
6400672 duration 1 73
6400778 duration 1 99
6400781 duration 1 93
6400805 duration 4 30665
6400832 duration 1 86
6400832 duration 1 75
6400856 duration 1 94
6400926 duration 1 64
6400928 duration 1 64
6417468 duration 1 91
6419521 duration 2 301822
6419769 duration 4 4620
6419775 duration 4 4645
6424459 duration 1 86
6424505 duration 1 98
6429910 duration 1 60246
6429919 duration 1 59453
6430165 duration 1 24751
6430228 duration 2 303990
6430422 duration 1 25445
6431557 duration 1 94
6431942 duration 1 213
6431942 duration 1 153
6432576 duration 1 26403
6432578 duration 1 26792
6437336 duration 1 59492
6437338 duration 1 59086
6441054 duration 1 22558
6441059 duration 1 25915
6447826 duration 1 30132
6448012 duration 1 30198
6449208 duration 1 234
6449211 duration 1 222
6449212 duration 1 30755
6449433 duration 1 31238
6449856 duration 1 95
6450087 duration 1 87
6462101 duration 4 92267
6462106 duration 4 91676
6462488 duration 4 200920
6462515 duration 4 186130
6468018 duration 1 19076
6468018 duration 1 18982
6468333 duration 4 181893
6479542 duration 1 19055
6479711 duration 1 18241
6479879 duration 4 183418
6481379 duration 4 189878
6481700 duration 1 18951
6481700 duration 1 19012
6481867 duration 4 190541
6487491 duration 4 6792
6487495 duration 4 6765
6488215 duration 1 225
6488215 duration 1 127
6488893 duration 1 187
6488901 duration 1 200
6490246 duration 1 505
6490247 duration 1 75
6490265 duration 4 4537
6492062 duration 4 166615
6492146 duration 4 4725
6494968 duration 1 102
6495709 duration 1 121
6495710 duration 1 172
6497011 duration 1 113
6497214 duration 1 10993
6497218 duration 1 11356
6497664 duration 1 23098
6497668 duration 1 22653
6499108 duration 1 10978
6499715 duration 4 6669
6499717 duration 4 6810
6502024 duration 4 6501
6502676 duration 4 7020
6502825 duration 4 4443
6502828 duration 4 4555
6505275 duration 1 10781
6505283 duration 1 10763
6505455 duration 1 11014
6507065 duration 1 99
6507343 duration 1 77
6507474 duration 1 67
6512847 duration 4 82029
6512848 duration 4 166336
6517232 duration 1 244
6517484 duration 1 93
6517485 duration 1 101
6521844 duration 4 89303
6521855 duration 4 89422
6532476 duration 4 121856
6532776 duration 4 81182
6533296 duration 4 80123
6534514 duration 1 18408
6534515 duration 1 18597
6534656 duration 1 17228
6534657 duration 1 17279
6535080 duration 1 16895
6535081 duration 1 16709
6537630 duration 1 258
6537630 duration 1 174
6538474 duration 1 266
6538476 duration 1 223
6538909 duration 1 14999
6538910 duration 1 14958
6552690 duration 4 6298
6552894 duration 4 7930
6552896 duration 4 7918
6553670 duration 4 6331
6554537 duration 4 6769
6554951 duration 1 74
6554951 duration 1 152
6555338 duration 4 6259
6557206 duration 4 6122
6557778 duration 1 100
6559367 duration 1 232
6560605 duration 1 72
6561226 duration 1 96
6562351 duration 1 111
6562461 duration 1 180
6572542 duration 4 5926
6574419 duration 1 11296
6574426 duration 1 11222
6574833 duration 1 11175
6577600 duration 1 16470
6577605 duration 1 16724
6577816 duration 1 16562
6577820 duration 1 16656
6581488 duration 1 72662
6581489 duration 1 60752
6583588 duration 1 85239
6583588 duration 1 64691
6584791 duration 2 183770
6585245 duration 1 130
6585245 duration 1 138
6585602 duration 1 163
6588028 duration 1 51
6591789 duration 1 60477
6591790 duration 1 58849
6600148 duration 1 169
6611728 duration 1 105
6611728 duration 1 83
6621644 duration 1 175
6621645 duration 1 319
6622613 duration 1 242
6622613 duration 1 224
6623563 duration 1 74
6625026 duration 1 70
6631279 duration 4 82106
6636792 duration 4 78716
6642379 duration 4 4467
6643842 duration 1 24194
6644171 duration 1 23870
6648404 duration 4 4609
6649867 duration 1 230
6650154 duration 4 79746
6650792 duration 4 4420
6650987 duration 1 67
6652401 duration 4 4600
6653099 duration 1 113
6654977 duration 1 91
6655919 duration 1 213
6657102 duration 1 119
6659376 duration 1 114
6659693 duration 4 24366
6662980 duration 1 106
6664201 duration 1 62
6664485 duration 1 69
6668807 duration 4 85469
6671391 duration 1 23304
6671395 duration 1 28905
6673304 duration 1 109
6677852 duration 1 16358
6677854 duration 1 16644
6680860 duration 1 72
6686557 duration 1 303
6688327 duration 4 86439
6692008 duration 1 76
6692009 duration 1 76
6692268 duration 1 80
6695125 duration 4 6388
6695202 duration 4 88310
6696715 duration 1 143
6697676 duration 4 6733
6700044 duration 1 91
6703060 duration 1 785
6706468 duration 1 127
6707952 duration 1 224
6707952 duration 1 184
6709571 duration 1 234
6710257 duration 1 192
6712138 duration 1 50
6713377 duration 1 95
6714300 duration 1 89
6716123 duration 1 94
6719753 duration 4 84862
6721526 duration 1 98
6726597 duration 4 9779
6727697 duration 4 4836
6731922 duration 1 88
6733296 duration 1 101
6734310 duration 1 69
6735912 duration 1 109
6738900 duration 1 126
6755143 duration 1 125
6768654 duration 1 80
6775111 duration 1 65
6784324 duration 1 76
6794608 duration 1 284
6794608 duration 1 216
6795277 duration 1 243
6795280 duration 1 301
6796315 duration 1 76
6796316 duration 1 78
6805129 duration 1 73
6871624 duration 1 16574
6871627 duration 1 16544
6880948 duration 1 194
6880948 duration 1 116
6881799 duration 1 218
6881801 duration 1 200
6883024 duration 1 89
6883032 duration 1 44
6888749 duration 4 6630
6890032 duration 4 6724
6896091 duration 1 94
6898675 duration 1 70
6922653 duration 1 6137
6922772 duration 1 1770
6922772 duration 1 1640
6925547 duration 2 947
6925550 duration 2 1337
6928879 duration 2 2847
6931812 duration 1 322
6951540 duration 1 23162
6968087 duration 1 129
6968088 duration 1 174
6969308 duration 1 233
6969308 duration 1 189
6970684 duration 1 98
6970690 duration 1 97
6975081 duration 2 3366
6980215 duration 1 69
6980890 duration 1 7963
6986209 duration 1 22015
6986210 duration 1 21324
6989384 duration 1 116
7001441 duration 1 274
7001442 duration 1 186
7002711 duration 1 305
7004540 duration 1 119
7008630 duration 4 87436
7011993 duration 1 242
7011995 duration 1 231
7012292 duration 1 3284
7012708 duration 1 350
7012709 duration 1 258
7017171 duration 1 3131
7024101 duration 1 310
7028519 duration 1 254
7028864 duration 1 436
7029385 duration 1 88
7029781 duration 1 328
7029788 duration 1 1619
7029788 duration 1 1615
7029830 duration 1 351
7029831 duration 1 450
7029847 duration 1 391
7030529 duration 1 243
7030589 duration 1 1524
7030837 duration 1 52
7031156 duration 1 315
7031160 duration 1 318
7031494 duration 2 1166
7031495 duration 2 1191
7031847 duration 1 114
7031857 duration 1 220
7032151 duration 1 14
7032786 duration 1 47
7032805 duration 1 68
7034133 duration 1 1491
7035712 duration 1 34
7037847 duration 1 265
7037847 duration 1 221
7040827 duration 1 202
7040827 duration 1 131
7041037 duration 1 284
7041107 duration 1 208
7041385 duration 1 170
7041396 duration 1 73
7048263 duration 1 1717
7050050 duration 1 44
7053431 duration 1 20000
7053433 duration 1 20010
7053436 duration 1 182
7053441 duration 1 173
7053743 duration 1 276
7053747 duration 1 256
7054105 duration 1 81
7054210 duration 1 99
7072848 duration 1 26960
7072849 duration 1 26388
7096433 duration 1 21184
7096437 duration 1 22203
7101413 duration 1 82
7129256 duration 1 55
7130172 duration 1 1319
7132190 duration 1 39
7337415 duration 4 138514
7337591 duration 4 142016
7364538 duration 2 12105
7364539 duration 2 11936
7742218 duration 1 26820
7742218 duration 1 26677
7753204 duration 1 102
7770158 duration 2 4699
7770158 duration 2 4685
7772019 duration 1 1511
7774433 duration 1 1481
7774723 duration 1 1549
7775393 duration 1 103
7775395 duration 1 126
7776478 duration 1 12
7781473 duration 1 126663
7781473 duration 1 126617
7781994 duration 1 91977
7781996 duration 1 89089
7782507 duration 1 1502
7784396 duration 1 62
7858722 duration 1 56241
7874425 duration 2 10085
7885618 duration 1 65
7910536 duration 1 1710
7912285 duration 1 16
