0 duration 8 4249
5355 duration 8 4207
20913 duration 8 4059
29818 duration 8 4112
74931 duration 8 726
77100 duration 8 1625
160167 duration 8 255697
160191 duration 8 165835
160297 duration 8 205061
160319 duration 8 206860
160345 duration 8 206539
160398 duration 8 193391
160726 duration 8 388
161931 duration 16 166341
167532 duration 8 3545
167549 duration 8 1614
169535 duration 8 271904
174264 duration 8 162
252350 duration 8 5237
382593 duration 8 203287
424438 duration 16 108564
424461 duration 16 52774
424483 duration 16 58676
425350 duration 8 849
427759 duration 1 132
429661 duration 1 257
430684 duration 1 1659
438428 duration 4 155
438781 duration 4 459
459722 duration 8 204496
459727 duration 8 202485
459767 duration 8 195577
459770 duration 8 242495
459774 duration 8 231337
664541 duration 8 437
664935 duration 8 310
685120 duration 8 148
685529 duration 8 161568
685551 duration 8 165085
685573 duration 8 169914
685594 duration 8 165274
685632 duration 8 165515
688352 duration 4 102
689701 duration 16 50430
689724 duration 16 47358
689746 duration 16 51170
691795 duration 4 89
692106 duration 8 320
692421 duration 8 1496
694484 duration 8 1404
696484 duration 8 1224
697051 duration 8 1053
698615 duration 8 914
699333 duration 8 1358
699481 duration 8 946
700154 duration 8 2191
700284 duration 8 1248
709407 duration 4 36119
713792 duration 8 917
714902 duration 8 1046
761374 duration 16 54887
761395 duration 16 46944
761418 duration 16 47906
761440 duration 16 64338
761462 duration 16 48371
769372 duration 8 890
769390 duration 8 139
769748 duration 8 138
772693 duration 8 877
774276 duration 8 892
778230 duration 8 886
779879 duration 8 927
780887 duration 8 961
781150 duration 8 892
781210 duration 8 935
783887 duration 8 901
785741 duration 8 900
786949 duration 8 80
787451 duration 8 1206
788067 duration 8 83
788239 duration 8 19512
803078 duration 8 54477
803485 duration 8 60957
849033 duration 8 1454
849473 duration 8 1352
851127 duration 8 1324
854203 duration 8 1346
866371 duration 16 49351
866392 duration 16 50862
866401 duration 8 611
866414 duration 16 54041
866436 duration 16 53117
866460 duration 16 53301
866761 duration 8 532
867360 duration 8 8448
869528 duration 8 4624
872362 duration 4 291
874643 duration 16 56631
894766 duration 8 835
895639 duration 8 46514
922907 duration 8 1589
929244 duration 8 174421
934655 duration 8 174542
935524 duration 8 201683
949204 duration 8 985
949260 duration 8 1330
950402 duration 8 165143
950424 duration 8 165826
950518 duration 8 281881
950579 duration 8 267976
950600 duration 8 305793
953459 duration 16 54108
953481 duration 16 59960
975689 duration 8 1001
978710 duration 8 170465
1017009 duration 8 1327
1021128 duration 8 203285
1023904 duration 8 1243
1032786 duration 8 202371
1032917 duration 8 703
1033891 duration 8 165085
1036193 duration 16 55625
1036216 duration 16 47159
1036246 duration 8 165172
1036268 duration 8 165854
1036305 duration 8 242185
1036326 duration 8 225554
1036368 duration 8 204406
1036388 duration 8 203661
1037155 duration 8 203939
1046277 duration 8 125
1059747 duration 8 175750
1060260 duration 8 186944
1271430 duration 8 603739
1277193 duration 8 67173
1282302 duration 8 165572
1298414 duration 8 158099
1305782 duration 8 29834
1455865 duration 8 1254
1458680 duration 8 306101
1458685 duration 8 345403
1464009 duration 8 178596
1474834 duration 8 4595
1523000 duration 8 99640
1532466 duration 8 220006
1551836 duration 8 210364
1565151 duration 1 149
1567573 duration 1 11695
1623613 duration 8 229668
1655445 duration 1 41827
1674772 duration 8 3628
1678349 duration 8 227705
1722444 duration 8 186945
1722447 duration 8 182355
1835122 duration 1 10644
1839525 duration 8 206830
1839529 duration 8 207991
1839665 duration 8 333078
1839690 duration 8 206597
1874662 duration 8 157503
1886264 duration 8 160291
2055340 duration 8 198407
2057158 duration 1 11234
2063247 duration 1 7180
2063257 duration 1 8691
2063266 duration 1 8608
2063274 duration 1 6228
2063284 duration 1 10946
2063314 duration 1 10801
2063323 duration 1 8690
2063334 duration 1 11301
2063344 duration 1 10158
2063361 duration 1 10996
2134997 duration 8 172916
2135003 duration 8 179452
2227070 duration 8 232109
2227073 duration 8 233642
2497147 duration 8 191067
2497150 duration 8 175491
2497154 duration 8 171653
2497157 duration 8 171545
2497167 duration 8 167307
2497171 duration 8 207514
2497175 duration 8 171272
2497178 duration 8 228667
2572871 duration 1 12479
2672335 duration 2 1315
2674123 duration 2 296
2676113 duration 8 192018
2714355 duration 16 71514
2714838 duration 8 229397
2714962 duration 8 219000
2755141 duration 8 228334
2755164 duration 8 200435
2755181 duration 8 174586
2768063 duration 1 11291
2835064 duration 1 10662
2835196 duration 1 10417
2872407 duration 8 497347
3108710 duration 8 436
3110654 duration 8 379
3111308 duration 8 390
3111836 duration 8 368
3112424 duration 8 329
3112458 duration 8 518
3113289 duration 16 5762
3210681 duration 1 6098
3212144 duration 8 266591
3212196 duration 8 357531
3268135 duration 16 71469
3287263 duration 8 6781
3287371 duration 8 50435
3301946 duration 8 211769
3303214 duration 8 243827
3357373 duration 8 11883
3418249 duration 8 104922
3438853 duration 8 153124
3519384 duration 8 95201
3522763 duration 8 95527
3524516 duration 8 95815
3526416 duration 8 96024
3576448 duration 1 4275
3582929 duration 8 174611
3582934 duration 8 172541
3582958 duration 8 192793
3582963 duration 8 201609
3582984 duration 8 213753
3582989 duration 8 214586
3583108 duration 16 78004
3583113 duration 16 55944
3687097 duration 16 54831
3708743 duration 1 10909
3709297 duration 1 42122
3722974 duration 8 6231
3770565 duration 8 96650
3775859 duration 8 95714
3789637 duration 8 6511
3789674 duration 8 4942
3789702 duration 8 7546
3789708 duration 8 8230
3789730 duration 8 6075
3789758 duration 8 6206
3801434 duration 2 8798
3802514 duration 1 10550
3805670 duration 1 27369
3812322 duration 8 5885
3814339 duration 8 250733
3832416 duration 8 248448
3883599 duration 8 204836
3883651 duration 16 121860
3883717 duration 8 225128
3883778 duration 8 208332
3884293 duration 1 53164
3884671 duration 1 9832
3890725 duration 8 3821
3892754 duration 8 185142
3892761 duration 8 226491
3905355 duration 8 285391
3905626 duration 8 261550
3905975 duration 8 194445
3976766 duration 1 13472
3978804 duration 2 9116
3982045 duration 1 8806
3994708 duration 8 437
4011578 duration 8 20999
4011616 duration 8 23178
4011624 duration 8 28564
4091231 duration 8 32052
4122773 duration 8 21017
4148442 duration 8 10456
4148445 duration 8 10319
4175200 duration 8 20650
4178119 duration 8 20731
4213355 duration 8 10774
4213358 duration 8 10429
4246393 duration 8 10845
4246396 duration 8 10485
4246400 duration 8 11126
4268263 duration 8 2494
4301968 duration 16 56414
4418515 duration 1 3261
4482771 duration 8 7283
4483899 duration 8 7618
4497858 duration 8 160557
4498477 duration 8 169187
4499776 duration 1 9701
4508372 duration 16 48721
4561175 duration 1 4434
4569282 duration 1 6043
4573612 duration 16 6022
4659719 duration 8 201968
4659728 duration 8 199555
4671558 duration 8 854
4690686 duration 8 175196
4690690 duration 8 174202
4690744 duration 16 39481
4690748 duration 16 46892
4690765 duration 8 174005
4690768 duration 8 187628
4915428 duration 8 15108
4915431 duration 8 14556
4918853 duration 8 753
4919371 duration 8 714
4935211 duration 1 153
4935454 duration 4 7457
4935590 duration 1 7484
4936088 duration 1 6963
4986122 duration 8 174263
4987946 duration 8 172102
4987995 duration 8 212526
4988004 duration 8 212548
4988028 duration 8 185888
4988033 duration 8 189460
5011001 duration 8 181811
5011005 duration 8 179936
5011008 duration 8 180730
5013351 duration 16 45047
5013355 duration 16 42987
5013571 duration 8 220831
5013575 duration 8 221922
5013578 duration 8 221388
5013592 duration 8 206721
5013596 duration 8 209130
5013599 duration 8 203140
5091727 duration 1 1472
5094087 duration 4 2306
5165785 duration 8 16653
5165794 duration 8 15993
5187585 duration 1 8572
5196135 duration 8 15282
5196139 duration 8 15169
5196143 duration 8 22083
5512413 duration 8 181962
5512423 duration 8 180524
5512446 duration 16 45717
5512545 duration 8 222041
5512555 duration 8 223895
5512574 duration 8 213439
5512593 duration 8 206559
5598465 duration 8 13596
5598669 duration 8 21976
5604021 duration 8 26486
5655691 duration 8 904
5655735 duration 8 2113
5656172 duration 8 1560
5656243 duration 8 906
5656270 duration 8 2080
5656562 duration 8 1736
5725891 duration 8 1077
5741964 duration 8 1024
5741968 duration 8 1937
5741972 duration 8 4365
5741979 duration 8 911
5741983 duration 8 963
5741986 duration 8 2006
5852934 duration 8 222510
5852939 duration 8 226962
5884348 duration 8 172890
5986407 duration 8 1871
5986480 duration 8 2335
5986652 duration 8 1019
5986668 duration 8 1064
5986821 duration 8 1140
5986890 duration 8 888
5986930 duration 8 955
5987005 duration 8 1028
5987023 duration 8 1007
5987046 duration 8 1131
5987156 duration 8 769
5990021 duration 16 1183
5990307 duration 16 1926
5990363 duration 16 16034
6015721 duration 16 880
6015734 duration 16 990
6015747 duration 16 930
6015774 duration 16 1324
6015801 duration 16 2665
6016618 duration 16 829
6016631 duration 16 1182
6016645 duration 16 822
6016658 duration 16 1179
6017287 duration 16 2347
6017304 duration 16 924
6017321 duration 16 868
6017336 duration 16 812
6017350 duration 16 1260
6021550 duration 16 1255
6021563 duration 16 1410
6223996 duration 1 161
6224003 duration 1 174
6224552 duration 1 972
6226047 duration 1 3048
6226756 duration 1 4018
6226937 duration 1 4856
6253239 duration 8 7971
6261555 duration 8 4483
6292335 duration 1 7304
6304524 duration 8 298622
6313392 duration 8 177292
6313399 duration 8 312277
6315625 duration 1 218
6315654 duration 1 7100
6315674 duration 1 6800
6320304 duration 1 9759
6393863 duration 4 5292
6395313 duration 8 2622
6396468 duration 1 12014
6402910 duration 4 3154
6422312 duration 8 377
6427569 duration 8 636
6464658 duration 1 19957
6488452 duration 8 598
6490600 duration 8 311
6517287 duration 8 462
6541345 duration 8 1072
6780848 duration 8 11097
6821520 duration 1 155
6821788 duration 1 7476
6827292 duration 1 7123
6827318 duration 1 6377
6827835 duration 1 3402
6827998 duration 1 1426
6839449 duration 8 19681
6850910 duration 8 476
7375403 duration 8 706
7382041 duration 1 20815
7382205 duration 1 24019
7419700 duration 8 5315
7449386 duration 8 127161
7474507 duration 8 4337
7529889 duration 8 129458
7531755 duration 1 380
7532012 duration 1 235
7653411 duration 8 618
