0 duration 8 2240224
664859 duration 8 1783625
1041729 duration 8 2655201
1041744 duration 8 2658790
1316312 duration 8 4628239
1489167 duration 8 1128636
1647288 duration 8 505166
1750290 duration 8 284985
1781851 duration 8 561189
1791691 duration 8 403361
1803137 duration 8 141841
1809323 duration 8 359
1814484 duration 8 272028
1821512 duration 8 270708
1821790 duration 8 443328
1823616 duration 8 490311
1906385 duration 8 486054
1906430 duration 8 482956
2083057 duration 8 2074629
2084031 duration 8 287037
2126509 duration 8 722186
2143060 duration 8 325545
2144150 duration 8 381195
2146104 duration 8 363091
2151555 duration 8 368137
2153518 duration 8 367854
2172908 duration 8 363108
2238914 duration 8 369543
2240657 duration 8 406082
2246008 duration 8 385712
2268494 duration 8 1956536
2344261 duration 8 2126975
2350449 duration 8 1051666
2388124 duration 8 591972
2388155 duration 8 582223
2399142 duration 8 601483
2399509 duration 8 1121671
2402444 duration 8 316836
2457996 duration 4 149635
2480747 duration 4 157541
2480788 duration 8 36195
2530035 duration 4 98094
2530285 duration 4 96437
2531100 duration 4 85602
2546447 duration 4 78619
2549354 duration 4 25521
2562009 duration 8 2214025
2563486 duration 8 372770
2563593 duration 8 369790
2564020 duration 8 377997
2564767 duration 4 76426
2564786 duration 4 82358
2564810 duration 4 78825
2566204 duration 8 4712
2566286 duration 8 4676
2569396 duration 4 74443
2572327 duration 8 4987
2572349 duration 8 4367
2581800 duration 8 4353
2587753 duration 8 6537
2592282 duration 4 55655
2592304 duration 4 63773
2592352 duration 4 55251
2592415 duration 4 60348
2608949 duration 4 2751
2642838 duration 4 118825
2642860 duration 8 134895
2642880 duration 4 114456
2642898 duration 4 128532
2687731 duration 8 398660
2777213 duration 8 381016
2777242 duration 8 369103
2777269 duration 8 374107
2816171 duration 4 6081
2816200 duration 4 1708
2821607 duration 4 18346
2821611 duration 4 18172
2823568 duration 4 37551
2835723 duration 4 97441
2872930 duration 4 3000
2872964 duration 1 1361
2874551 duration 4 2935
2875256 duration 4 19646
2878204 duration 4 5430
2893118 duration 4 5997
2964419 duration 4 2702
2984229 duration 4 9664
3058681 duration 4 497204
3064454 duration 4 479603
3075445 duration 4 206380
3078170 duration 4 221780
3078186 duration 4 205310
3078791 duration 1 379
3083907 duration 8 595138
3091811 duration 4 104511
3092234 duration 4 102746
3093291 duration 4 101180
3093660 duration 4 42
3093838 duration 4 63
3094082 duration 4 461832
3094311 duration 4 203119
3095787 duration 8 2011928
3098091 duration 8 1050765
3101498 duration 4 96182
3101505 duration 4 95916
3101512 duration 4 87866
3134865 duration 1 874
3140207 duration 4 110666
3140238 duration 4 87595
3140287 duration 4 94686
3140308 duration 4 130938
3149851 duration 1 289
3232813 duration 1 270
3247844 duration 1 256
3249085 duration 1 312
3249501 duration 1 271
3251164 duration 4 206789
3266329 duration 1 295
3280601 duration 4 275179
3280643 duration 4 85
3280676 duration 4 31470
3280683 duration 4 100982
3281209 duration 4 776
3291146 duration 8 1083118
3291383 duration 8 147067
3291423 duration 8 252913
3318504 duration 4 2936
3318637 duration 4 106
3318783 duration 4 106723
3322170 duration 4 45279
3328735 duration 1 964
3522136 duration 8 590523
3522176 duration 8 591800
3538671 duration 8 591580
3631837 duration 8 1962439
3631840 duration 8 2015222
3636408 duration 1 4551
3648508 duration 1 4968
3648548 duration 1 5471
3648604 duration 1 5437
3648638 duration 1 5021
3648668 duration 1 5389
3648710 duration 1 4838
3648743 duration 1 5312
3648776 duration 1 5234
3648808 duration 1 5007
3674569 duration 1 600
3707364 duration 1 6490
3718043 duration 1 7049
3718070 duration 1 6075
3718098 duration 1 6997
3718138 duration 1 7914
3718200 duration 1 6843
3718228 duration 1 6470
3718255 duration 1 6463
3790105 duration 1 5700
3802692 duration 8 261457
3851952 duration 8 525631
3852038 duration 8 510787
3854332 duration 1 38640
3854361 duration 1 39950
3855149 duration 4 91468
3855153 duration 4 47329
3855158 duration 4 219053
3855163 duration 4 256021
3858780 duration 4 86873
3873252 duration 4 95283
3873278 duration 4 89032
3873304 duration 4 92001
3874480 duration 4 227561
3874561 duration 1 5126
3875172 duration 1 5080
3875344 duration 1 4925
3876291 duration 1 4958
3876362 duration 1 5031
3876401 duration 1 5042
3880063 duration 1 5833
3880113 duration 1 6086
3880142 duration 1 6740
3891204 duration 8 509382
3901171 duration 1 8058
3902120 duration 1 6878
3933460 duration 4 97695
3937581 duration 4 97025
3937605 duration 4 94897
3937626 duration 4 98654
3949509 duration 1 8815
3949581 duration 1 7014
3966675 duration 4 893
3969453 duration 4 96985
3969461 duration 4 786
3969469 duration 4 797
3969480 duration 4 679
3969487 duration 4 808
3969494 duration 4 80961
3969501 duration 4 34311
3969508 duration 4 689
3969518 duration 4 81141
3969524 duration 4 493
3998057 duration 4 94005
3998061 duration 4 741
3998066 duration 4 92741
3998070 duration 4 35098
3998403 duration 4 99976
3998410 duration 4 88026
4019169 duration 1 36287
4019192 duration 1 25535
4021979 duration 4 651
4028299 duration 4 709
4040670 duration 4 676
4045918 duration 4 75708
4108910 duration 4 580
4110150 duration 4 29894
4113353 duration 4 541
4114173 duration 4 503
4114720 duration 4 510
4116915 duration 4 531
4116925 duration 4 732
4117716 duration 4 32938
4119529 duration 8 32737
4132895 duration 8 1295
4135387 duration 4 30900
4139317 duration 4 675
4139370 duration 8 3188
4139403 duration 8 754
4139582 duration 8 601
4143355 duration 4 180
4144317 duration 4 92938
4144325 duration 8 75314
4146314 duration 8 89118
4146324 duration 4 53572
4147317 duration 8 52649
4196514 duration 4 680
4196528 duration 4 657
4197742 duration 8 723
4197757 duration 8 759
4198476 duration 4 681
4198481 duration 4 676
4198967 duration 8 1401
4198976 duration 4 696
4199011 duration 4 708
4199019 duration 8 1305
4223011 duration 4 382
4223030 duration 4 367
4223085 duration 4 1182
4223101 duration 4 1105
4223125 duration 4 48137
4223135 duration 4 101680
4224458 duration 8 97424
4224467 duration 8 99590
4225071 duration 8 141
4225077 duration 8 514
4225083 duration 8 182
4225089 duration 8 186
4226103 duration 8 61855
4226110 duration 8 61436
4228923 duration 1 746
4229900 duration 4 138012
4229907 duration 8 135867
4240093 duration 1 820
4242220 duration 1 944
4260851 duration 4 119368
4260898 duration 4 28464
4260919 duration 4 28212
4261242 duration 4 87846
4261289 duration 1 1100
4261467 duration 1 74
4269338 duration 1 2101
4269508 duration 4 51845
4270878 duration 1 324
4272625 duration 4 56252
4272639 duration 4 60377
4272918 duration 4 88504
4272940 duration 4 89856
4273663 duration 4 100664
4274163 duration 4 81056
4274523 duration 1 3393
4275002 duration 1 2086
4279398 duration 4 98638
4279433 duration 4 56556
4279459 duration 4 58850
4279470 duration 4 91819
4279487 duration 4 547204
4288661 duration 1 5368
4296678 duration 1 1934
4296948 duration 1 533
4296948 duration 1 484
4299314 duration 1 2152
4299349 duration 1 771
4299392 duration 1 3663
4299427 duration 1 3426
4303415 duration 1 812
4305325 duration 4 191963
4305333 duration 4 148387
4305383 duration 1 2318
4309540 duration 4 864
4317095 duration 8 95967
4346192 duration 4 608
4348379 duration 4 568
4348420 duration 4 41649
4350132 duration 4 106754
4354484 duration 4 89427
4354492 duration 4 592
4357040 duration 4 629
4359888 duration 4 83444
4360539 duration 4 528892
4369542 duration 4 39757
4369554 duration 4 15261
4369564 duration 4 19233
4369603 duration 4 6272
4369858 duration 4 30685
4370317 duration 4 4669
4375846 duration 4 26950
4379107 duration 8 72892
4379272 duration 4 11301
4388844 duration 4 82
4389094 duration 8 126572
4389127 duration 8 132089
4390681 duration 4 20272
4390704 duration 4 28326
4390963 duration 4 724
4396518 duration 8 3192
4401476 duration 4 830
4401674 duration 1 76435
4402256 duration 1 23738
4403968 duration 4 1197
4403999 duration 4 518
4409377 duration 1 69388
4410278 duration 1 76849
4414926 duration 1 82781
4416392 duration 1 76415
4433259 duration 4 181
4435381 duration 1 1339
4435393 duration 1 4265
4435430 duration 4 1694
4435440 duration 4 12467
4438849 duration 4 4744
4440329 duration 4 192392
4441204 duration 4 95915
4445329 duration 4 4291
4445329 duration 4 2701
4447693 duration 4 536424
4449786 duration 4 508869
4454751 duration 4 529097
4459151 duration 4 165888
4474237 duration 4 1695
4474369 duration 4 9211
4474374 duration 4 1352
4477154 duration 8 127946
4477187 duration 8 129127
4480939 duration 8 133844
4489026 duration 4 29926
4489035 duration 4 36014
4489129 duration 4 165402
4490252 duration 8 126828
4490282 duration 8 131681
4490311 duration 8 128485
4491079 duration 1 27954
4500549 duration 1 27636
4531476 duration 4 166086
4537390 duration 4 91278
4537406 duration 4 92347
4537420 duration 4 88786
4581602 duration 1 20940
4615192 duration 4 88811
4615203 duration 4 89151
4615213 duration 4 103792
4620548 duration 1 660442
4620551 duration 1 658688
4627795 duration 1 37538
4628200 duration 1 35162
4653521 duration 4 165910
4653547 duration 4 526263
4664407 duration 1 88
4666128 duration 1 90
4813310 duration 4 5320
4816866 duration 4 16675
4816881 duration 4 17372
4816910 duration 4 18596
4817201 duration 4 9212
4817384 duration 4 167582
4867836 duration 1 14688
4867967 duration 1 58
4877783 duration 1 676091
4884671 duration 1 293014
5005193 duration 1 1242380
5005198 duration 1 1261317
5005221 duration 1 585835
5005226 duration 1 634754
5005264 duration 1 279891
5005269 duration 1 320641
5005274 duration 1 320123
5010383 duration 4 18153
5042694 duration 1 393610
5042959 duration 1 347644
5043007 duration 1 396674
5048066 duration 1 145715
5048073 duration 1 361688
5048078 duration 1 147489
5048082 duration 1 148819
5048088 duration 1 286303
5048093 duration 1 296466
5048097 duration 1 287333
5048102 duration 1 296370
5052757 duration 1 159660
5052761 duration 1 170334
5052766 duration 1 163453
5052771 duration 1 163821
5052776 duration 1 312687
5052782 duration 1 319424
5052788 duration 1 316097
5052793 duration 1 317031
5053704 duration 1 269437
5053710 duration 1 517246
5053793 duration 1 148620
5053883 duration 1 161943
5053888 duration 1 314997
5056907 duration 1 345329
5056911 duration 1 688516
5065688 duration 1 306665
5065929 duration 1 350179
5065933 duration 1 688056
5066052 duration 1 306403
5075849 duration 1 611491
5079311 duration 4 90835
5079330 duration 4 105234
5079345 duration 4 87344
5079363 duration 4 89872
5079388 duration 4 92981
5079409 duration 4 98087
5079434 duration 4 89500
5079452 duration 4 83450
5080812 duration 4 98612
5081005 duration 4 87217
5081047 duration 4 104514
5081053 duration 4 101179
5081060 duration 4 102533
5081067 duration 4 100151
5081075 duration 4 108652
5081080 duration 4 101467
5081087 duration 4 106275
5081137 duration 4 162608
5124732 duration 4 93034
5124741 duration 4 99190
5151915 duration 4 744
5151927 duration 4 764
5151958 duration 4 638
5151977 duration 4 877
5159050 duration 4 70875
5159070 duration 4 64472
5166756 duration 4 65962
5166763 duration 4 68140
5166770 duration 4 694
5166778 duration 4 74176
5167549 duration 4 66793
5167563 duration 4 765
5167579 duration 4 1921
5167593 duration 4 850
5167606 duration 4 741
5167621 duration 4 739
5168670 duration 4 650
5175459 duration 4 68052
5175466 duration 4 810
5178470 duration 4 816
5181467 duration 4 806
5185959 duration 4 775
5187429 duration 8 783
5189850 duration 8 68781
5206703 duration 4 71967
5206711 duration 4 66525
5206720 duration 4 70038
5278010 duration 4 148538
5281799 duration 4 121749
5283484 duration 8 129190
5450612 duration 1 20472
5563908 duration 1 93
5567563 duration 8 532891
5567756 duration 8 538960
5568270 duration 16 72685
5568668 duration 1 135
5633673 duration 16 220684
5633727 duration 16 62366
5712233 duration 16 97548
5787697 duration 8 372916
5790160 duration 1 138324
5791389 duration 4 45495
5791398 duration 4 322
5791406 duration 4 319
5791418 duration 4 316
5791430 duration 4 304
5793309 duration 4 325
5793327 duration 4 61567
5793350 duration 4 333
5793367 duration 4 67835
5800031 duration 1 147718
5800035 duration 1 149380
5800038 duration 1 150011
5800042 duration 1 148314
5800045 duration 1 148137
5800048 duration 1 144918
5800052 duration 1 147803
5800055 duration 1 149137
5803968 duration 1 146717
5814759 duration 4 71883
5814775 duration 4 325
5814785 duration 4 58034
5814793 duration 4 35452
5814800 duration 4 292
5815033 duration 8 357
5817552 duration 4 326
5817555 duration 4 64893
5817905 duration 4 334
5817912 duration 4 323
5820003 duration 4 305
5821159 duration 4 337
5821866 duration 4 49188
5821967 duration 4 309
5826495 duration 4 45479
5848430 duration 4 2519
5852408 duration 4 823
5852417 duration 4 1948
5852424 duration 4 813
5929901 duration 4 4398
5929915 duration 4 180
5929927 duration 4 198
5929945 duration 4 179
5929955 duration 4 5913
5929967 duration 4 169
5930615 duration 4 165
5930639 duration 4 178
5930646 duration 4 191
5930652 duration 4 173
5930658 duration 4 185
5930664 duration 4 182
5930671 duration 4 190
5930676 duration 4 170
5931779 duration 4 175
5931793 duration 4 5075
5931807 duration 4 178
5931820 duration 4 182
5931863 duration 4 158
5931875 duration 4 153
5931888 duration 4 153
5931903 duration 4 155
5931933 duration 4 153
5933501 duration 4 175
5933508 duration 4 123
5933514 duration 4 5965
5933520 duration 4 177
5933526 duration 4 134
5933537 duration 4 156
5933544 duration 4 4962
5933822 duration 4 157
5933829 duration 4 156
5933841 duration 4 5137
5934106 duration 4 144
5934115 duration 4 139
5934876 duration 4 158
5934890 duration 4 153
5934896 duration 4 120
5935146 duration 4 147
5935152 duration 4 154
5935182 duration 4 141
5935345 duration 4 143
5935579 duration 4 156
5935586 duration 4 140
5935592 duration 4 149
5935833 duration 4 8543
5935839 duration 4 193
5936119 duration 4 8550
5936126 duration 4 174
5936132 duration 4 8294
5936140 duration 4 199
5936810 duration 4 205
5936817 duration 4 208
5936862 duration 4 195
5939249 duration 4 192
5939260 duration 4 194
5939266 duration 4 8729
5939514 duration 4 8390
5939834 duration 4 188
5940394 duration 4 8422
5978106 duration 16 96152
5979697 duration 16 102325
5980037 duration 16 123440
6126496 duration 1 210266
6180675 duration 1 920
6182230 duration 1 448
6182263 duration 1 780
6186924 duration 1 641
6189276 duration 1 1452
6364450 duration 8 4705
6364453 duration 8 4760
6389950 duration 8 4143
6389953 duration 8 4273
6434406 duration 1 486
6434410 duration 1 1181
6439738 duration 1 680
6439742 duration 1 1693
6443594 duration 1 468
6443651 duration 1 1101
6482634 duration 8 4164
6622026 duration 8 14267
6653448 duration 8 17722
6653452 duration 8 18112
6655123 duration 8 9863
6655127 duration 8 9942
6713875 duration 8 7766
6713878 duration 8 7800
6718838 duration 8 11986
6722012 duration 8 7572
6722064 duration 8 7817
6733559 duration 8 1282649
6733841 duration 8 1276232
6737193 duration 8 11340
6737197 duration 8 11391
6743643 duration 8 11850
6812291 duration 8 7518
6812294 duration 8 8083
6812308 duration 8 7453
6860337 duration 16 184015
6969161 duration 8 8176
6969165 duration 8 7804
7004634 duration 8 7049
7004638 duration 8 7059
7064023 duration 8 7268
7064029 duration 8 7288
7075879 duration 16 156035
7083499 duration 16 159985
7087538 duration 16 158329
7087704 duration 16 163267
7259410 duration 1 287239
7260600 duration 8 7586
7260608 duration 8 7263
7260626 duration 8 7662
7260633 duration 8 7662
7264186 duration 8 565
7264192 duration 8 466
7415110 duration 8 7753
7501427 duration 8 7675
7501433 duration 8 7855
7554085 duration 1 604
7554088 duration 1 570
7557366 duration 1 701
7557416 duration 1 470
7568941 duration 1 27880
7570115 duration 1 29797
7593650 duration 8 2930
7593654 duration 8 2794
7597707 duration 1 109
7601779 duration 1 90
7659405 duration 1 26636
7659410 duration 1 4279
7698718 duration 16 117028
7701903 duration 8 13695
7712323 duration 8 10335
7712326 duration 8 10510
7713033 duration 8 5092
7893754 duration 8 423032
7893853 duration 8 477797
7920197 duration 1 402258
7922517 duration 8 499116
7922535 duration 8 513321
7922550 duration 8 540852
7923137 duration 8 281176
7923152 duration 8 252505
7923395 duration 8 266268
7945789 duration 1 378932
8020046 duration 8 373
8023278 duration 8 486
8068263 duration 1 366033
8130538 duration 1 15274
8131067 duration 1 17779
8131073 duration 1 14595
8131083 duration 1 17359
8131094 duration 1 18320
8131100 duration 1 16130
8131110 duration 1 18031
8131115 duration 1 15066
8131121 duration 1 17681
8131132 duration 1 16662
8131139 duration 1 14567
8131144 duration 1 18247
8131151 duration 1 14944
8131156 duration 1 18716
8131163 duration 1 19282
8131168 duration 1 18600
8131174 duration 1 13959
8131179 duration 1 14261
8131190 duration 1 14425
8131195 duration 1 14604
8131200 duration 1 14620
8131207 duration 1 17290
8131213 duration 1 13664
8131218 duration 1 16065
8132378 duration 1 15946
8132383 duration 1 14822
8132389 duration 1 14515
8132394 duration 1 17415
8132400 duration 1 16787
8132406 duration 1 16004
8132412 duration 1 15275
8132418 duration 1 13557
8132423 duration 1 14691
8132430 duration 1 12391
8132437 duration 1 14364
8132448 duration 1 14262
8132455 duration 1 14433
8132461 duration 1 12387
8132469 duration 1 13399
8132481 duration 1 18465
8187422 duration 8 1150
8188891 duration 8 43046
8192123 duration 8 43831
8280703 duration 8 1031
8289042 duration 8 51920
8350326 duration 8 6640
8350483 duration 8 6519
8382958 duration 8 6536
8382995 duration 8 6511
8449506 duration 8 118338
8474395 duration 8 13821
8474470 duration 8 14153
8474528 duration 8 13828
8548692 duration 8 490
8620864 duration 8 1355
8634510 duration 8 1901
8786545 duration 8 174206
9299379 duration 8 16721
9300184 duration 8 16290
9375505 duration 8 26486
9387390 duration 1 17116
9387696 duration 8 17294
9387747 duration 1 15225
