0 duration 1 801510
14987 duration 1 905722
333610 duration 1 238464
337642 duration 1 29697
411449 duration 1 200757
423176 duration 8 2260
428623 duration 1 252600
449352 duration 1 8643
459376 duration 1 7790
501790 duration 4 18937
514234 duration 1 146445
520930 duration 1 7413
528694 duration 4 16447
543023 duration 1 4181
543736 duration 1 54758
543879 duration 1 1608
545712 duration 4 25931
547547 duration 4 29626
554770 duration 1 47821
555814 duration 1 60221
560117 duration 1 6404
560303 duration 1 91804
564407 duration 1 177332
566107 duration 1 104266
566704 duration 4 18399
570420 duration 1 92594
571900 duration 1 1502
573586 duration 4 6860
576731 duration 1 101611
577431 duration 1 4847
577612 duration 1 138128
582485 duration 4 29977
584215 duration 1 123194
585265 duration 1 5672
591096 duration 4 20294
613103 duration 1 873535
614832 duration 1 7627
615312 duration 1 7372
616295 duration 1 7293
622648 duration 4 19594
622933 duration 4 19614
623774 duration 4 20087
650398 duration 1 6905
650662 duration 1 6058
650712 duration 1 6972
657069 duration 4 15744
657823 duration 4 16122
657902 duration 4 15718
666213 duration 1 128086
670037 duration 1 212667
719168 duration 1 93337
720082 duration 1 436798
769562 duration 1 177832
811311 duration 1 85582
832094 duration 1 3206
835575 duration 4 24680
850218 duration 1 127974
860395 duration 1 2858
863388 duration 4 23931
875643 duration 1 602337
905784 duration 1 7603
913581 duration 4 35143
948890 duration 1 5420
954486 duration 4 26253
1656081 duration 1 51679
1656081 duration 1 51408
1656859 duration 1 50173
1658718 duration 1 65890
1736386 duration 8 144
1738609 duration 8 469
1776761 duration 1 63665
1826753 duration 1 17664
1842714 duration 1 40364
1842805 duration 1 52254
1854378 duration 1 2038
1856588 duration 4 14381
1871151 duration 1 2164
1872003 duration 1 5147
1884165 duration 4 32747
1892086 duration 4 9325
1894388 duration 1 135298
1899602 duration 1 47086
1899623 duration 1 877
1902175 duration 4 41970
1904317 duration 1 29959
1918724 duration 1 5829
1924709 duration 4 36384
1928183 duration 1 32172
1930505 duration 1 82713
1932011 duration 1 94511
1951812 duration 1 1145
1953430 duration 4 14416
1976107 duration 1 113279
1988818 duration 1 5666
1994671 duration 4 15866
1995484 duration 1 103339
1998121 duration 1 99615
2010666 duration 1 4917
2015728 duration 4 13838
2106362 duration 8 1171
2142153 duration 8 58
2142729 duration 4 50
2148838 duration 1 187831
2150015 duration 1 278
2155117 duration 1 362
2158243 duration 1 266
2158245 duration 1 168
2158282 duration 1 220
2159287 duration 1 302
2162779 duration 1 117730
2167245 duration 1 250
2168177 duration 1 228
2174541 duration 1 338
2175056 duration 1 993
2175087 duration 1 281
2175091 duration 4 2747
2175485 duration 1 260
2175548 duration 4 4393
2175974 duration 4 7405
2176375 duration 4 4482
2183669 duration 1 299
2189194 duration 1 343
2189751 duration 4 11456
2197400 duration 1 4645
2198108 duration 1 313
2237893 duration 1 35205
2237958 duration 1 40467
2319383 duration 1 15899
2459083 duration 1 17545
2462427 duration 1 11054
2473713 duration 4 27412
2476812 duration 4 36045
2501445 duration 1 12399
2513099 duration 1 14712
2514043 duration 4 30634
2528140 duration 4 38298
2546601 duration 8 271177
2608653 duration 1 150829
2861740 duration 4 175
2862735 duration 4 400
2864189 duration 8 80165
2920880 duration 4 521
2921967 duration 4 488
2923022 duration 8 589
2923274 duration 8 252081
2925215 duration 8 1548
2934155 duration 8 627
2945207 duration 4 459
2946168 duration 8 523
2946220 duration 8 556
2952863 duration 4 467
2954185 duration 4 2126
2956016 duration 2 536
2957978 duration 4 467
2959789 duration 4 564
2961491 duration 4 326
3001313 duration 8 1779
3092743 duration 4 973
3114922 duration 2 405
3121192 duration 8 4511
3124550 duration 8 879
3126174 duration 16 354
3127478 duration 16 326
3127765 duration 16 365
3128750 duration 16 607
3128751 duration 16 296
3129000 duration 16 345
3129498 duration 8 289
3129898 duration 16 277
3130698 duration 8 589
3130699 duration 16 345
3132172 duration 16 686
3132172 duration 16 288
3132173 duration 16 418
3132197 duration 8 1257
3137506 duration 1 201005
3196570 duration 1 137074
3217920 duration 1 173783
3239916 duration 1 274198
3408446 duration 1 15342
3423978 duration 4 36168
3460408 duration 1 13378
3474009 duration 4 42042
3616615 duration 1 216918
3639104 duration 1 428681
3779296 duration 1 45777
3780153 duration 1 46622
3798223 duration 1 251787
3807786 duration 4 48786
3902531 duration 1 411175
4012992 duration 1 1009
4019602 duration 1 31535
4026321 duration 1 660
4027222 duration 4 4584
4059434 duration 1 54423
4065958 duration 1 133595
4075698 duration 1 866
4077353 duration 4 7930
4086003 duration 1 671
4086889 duration 4 25024
4134129 duration 1 57017
4162101 duration 1 56480
4163083 duration 1 37423
4164732 duration 1 174973
4165826 duration 1 67964
4167022 duration 1 1724
4169101 duration 4 6071
4175393 duration 1 847
4176798 duration 4 6999
4215881 duration 1 198521
4220247 duration 1 201585
4249251 duration 1 12158
4350971 duration 1 428
4352303 duration 4 8808
4361645 duration 1 407
4366614 duration 4 6399
4381709 duration 1 201867
4383960 duration 1 3594
4383973 duration 1 3684
4388422 duration 4 24588
4388839 duration 4 8785
4397894 duration 1 2667
4400888 duration 4 12655
4413169 duration 1 3361
4416689 duration 4 32085
4460882 duration 1 8651
4469854 duration 4 17388
4482581 duration 1 146908
4487834 duration 1 6253
4491695 duration 1 242087
4491743 duration 1 8173
4494352 duration 4 17377
4500295 duration 4 16650
4517152 duration 1 6109
4523500 duration 4 17024
4574425 duration 1 4287
4596224 duration 8 2203
4603400 duration 1 6619
4610421 duration 4 16706
4627517 duration 1 6030
4633765 duration 4 19545
4656005 duration 8 226723
4665293 duration 1 4488
4670306 duration 4 11683
4672136 duration 8 212393
4682533 duration 1 4399
4687303 duration 4 14065
4687803 duration 1 161459
4705635 duration 1 74256
4737428 duration 1 49672
4759163 duration 8 154911
4802626 duration 1 4659
4803888 duration 1 4783
4808965 duration 4 12842
4809174 duration 4 12264
4822017 duration 1 4400
4823333 duration 1 4641
4827248 duration 4 14126
4827686 duration 1 49236
4828399 duration 4 13694
4842667 duration 2 200685
4850225 duration 8 347975
5191085 duration 8 499428
5191127 duration 8 431612
5191385 duration 8 320944
5192642 duration 8 379776
5225649 duration 1 49058
5251012 duration 1 4518
5253126 duration 1 4528
5257856 duration 4 11771
5276895 duration 8 123737
5286677 duration 8 94733
5286924 duration 8 93272
5342462 duration 1 4583
5342493 duration 4 11752
5347297 duration 4 12136
5355399 duration 1 5523
5361092 duration 4 13277
5368937 duration 8 22037
5368975 duration 8 13022
5428346 duration 8 13108
5526404 duration 8 3691
5595272 duration 1 5305
5596647 duration 1 4803
5600810 duration 4 17382
5601661 duration 4 16379
5700612 duration 1 6126
5702457 duration 1 5764
5707032 duration 4 16044
5708442 duration 4 12858
5778841 duration 1 31359
5791684 duration 1 113375
5792349 duration 1 780
5793333 duration 4 2839
5797043 duration 1 343372
5797300 duration 1 721
5797523 duration 1 266433
5798233 duration 4 2745
5810936 duration 1 11142
5811121 duration 1 236
5811581 duration 4 2698
5814467 duration 1 326
5815637 duration 4 5565
5851054 duration 1 6449
5857784 duration 1 555
5857843 duration 4 13704
5858440 duration 1 532
5862253 duration 1 17143
5871764 duration 1 7992
5880007 duration 4 13404
5882197 duration 1 17410
5886194 duration 1 59015
5944998 duration 1 3786
5948959 duration 4 9758
5958884 duration 1 4352
5958987 duration 1 4565
5962099 duration 1 160082
5963581 duration 4 11099
5987939 duration 1 154021
6011345 duration 1 4819
6016364 duration 4 13021
6018962 duration 4 18884
6029564 duration 1 4641
6034413 duration 4 12812
6194368 duration 1 145704
6194627 duration 1 140700
6220192 duration 1 9202
6229580 duration 4 18544
6248338 duration 1 6556
6255088 duration 4 21712
6498622 duration 8 577676
6559995 duration 4 23298
6564692 duration 1 182
6565117 duration 4 665
6565979 duration 1 412
6566627 duration 4 1192
6568202 duration 1 75
6568501 duration 4 1675
6570398 duration 1 84
6570670 duration 4 472
6574159 duration 1 150557
6574940 duration 1 154674
6656261 duration 1 167303
6673017 duration 8 216482
6742142 duration 1 214824
6912649 duration 1 38
6914424 duration 1 68
6916594 duration 8 1007
6916858 duration 1 1716
6987521 duration 8 22510
6993675 duration 8 16960
6998504 duration 8 22701
7018786 duration 8 24266
7066224 duration 8 1297
7069146 duration 8 81463
7070488 duration 1 7711
7072684 duration 1 98062
7072917 duration 1 97717
7078470 duration 4 17009
7086458 duration 8 86920
7090173 duration 1 20451
7108442 duration 1 37772
7158204 duration 1 7286
7161738 duration 8 9484
7273750 duration 1 169998
7294486 duration 1 117739
7371078 duration 1 84259
7371765 duration 4 23175
7410341 duration 1 14094
7666551 duration 4 44933
7737258 duration 1 115789
7796379 duration 1 25004
7800205 duration 1 21148
7832134 duration 1 86622
7850188 duration 1 3956
7850840 duration 1 4484
7854372 duration 4 21112
7875681 duration 1 4622
7939057 duration 1 9598
