0 duration 1 2100449
692508 duration 1 93929
693465 duration 1 93926
700184 duration 1 93766
702519 duration 1 83714
702623 duration 1 47656
702647 duration 1 48164
703804 duration 1 37242
704157 duration 1 42208
704211 duration 1 44431
704277 duration 1 44506
704322 duration 1 44525
935443 duration 1 58543
936318 duration 1 59115
937852 duration 1 58491
937881 duration 1 58909
938013 duration 1 59374
938045 duration 1 59326
938098 duration 1 58726
938122 duration 1 58585
938124 duration 1 59117
950514 duration 1 59549
959226 duration 1 73249
959813 duration 1 72118
959961 duration 1 75394
959988 duration 1 75615
960533 duration 1 74168
960557 duration 1 74609
960688 duration 1 77010
968461 duration 1 74437
968494 duration 1 73421
968537 duration 1 74518
968876 duration 1 73635
973737 duration 1 73035
973794 duration 1 75425
973843 duration 1 74213
973917 duration 1 100391
1019246 duration 1 58071
1025014 duration 1 72505
1045076 duration 1 72545
1045121 duration 1 118448
1045268 duration 1 74275
1045332 duration 1 76071
1045378 duration 1 126468
1045484 duration 1 75260
1115892 duration 1 124239
1127726 duration 1 75721
1128429 duration 1 75503
1141343 duration 1 71382
1363610 duration 1 125852
1364010 duration 1 128845
1364166 duration 1 123623
1364215 duration 1 128401
1364634 duration 1 125958
1364674 duration 1 124250
1365085 duration 1 127108
1365133 duration 1 128036
1366664 duration 1 45558
1369214 duration 1 128471
1370259 duration 1 130022
1371329 duration 1 79713
1372083 duration 1 129698
1377964 duration 1 78382
1379065 duration 1 80264
1379124 duration 1 79698
1379163 duration 1 135503
1379822 duration 1 131896
1380533 duration 1 127221
1380601 duration 1 77888
1649713 duration 1 73528
1650270 duration 1 72904
1713851 duration 1 87473
1723735 duration 1 85575
1724107 duration 1 85115
1724234 duration 1 79975
1756247 duration 1 81904
1756336 duration 1 76111
1756465 duration 1 77729
1756951 duration 1 75019
1759465 duration 1 73228
1759514 duration 1 76384
1796013 duration 1 50771
1803723 duration 1 74322
1812619 duration 1 83556
1813380 duration 1 73284
1814188 duration 1 74073
1815073 duration 1 73649
1815106 duration 1 72667
1840262 duration 1 42864
1841148 duration 1 70954
1842296 duration 1 68892
1843485 duration 1 75181
1843797 duration 1 72952
1843826 duration 1 80340
1845029 duration 1 68259
1845055 duration 1 68687
1845155 duration 1 71010
1884456 duration 1 38272
1885074 duration 1 69839
1885275 duration 1 68648
1885759 duration 1 48868
1885871 duration 1 69197
1924037 duration 1 69359
1924080 duration 1 67334
1924178 duration 1 68955
1924510 duration 1 38118
1947736 duration 1 68543
1948832 duration 1 69040
1948890 duration 1 106384
1948921 duration 1 87103
1948976 duration 1 68281
1983651 duration 1 88426
1983676 duration 1 86796
1983789 duration 1 86123
2000369 duration 1 68389
2000423 duration 1 68587
2001271 duration 1 69190
2001469 duration 1 90140
2004771 duration 1 69279
2004882 duration 1 64752
2006944 duration 1 63484
2007032 duration 1 69265
2007337 duration 1 44546
2064588 duration 1 69064
2064663 duration 1 70054
2064685 duration 1 69326
2064700 duration 1 69155
2064721 duration 1 69306
2064774 duration 1 70172
2064804 duration 1 69866
2064853 duration 1 69269
2064933 duration 1 68898
2114922 duration 1 70389
2115165 duration 1 69288
2172316 duration 1 72387
2172564 duration 1 72570
2172625 duration 1 74213
2172645 duration 1 70626
2172676 duration 1 71841
2172694 duration 1 75326
2172923 duration 1 67584
2172972 duration 1 62446
2173001 duration 1 81882
2173031 duration 1 68507
2173049 duration 1 65660
2173074 duration 1 81217
2173360 duration 1 71604
2173406 duration 1 54254
2173422 duration 1 53659
2173441 duration 1 52068
2173457 duration 1 51851
2173473 duration 1 54253
2187581 duration 1 98956
2187649 duration 1 77413
2187692 duration 1 96969
2187765 duration 1 100705
2187789 duration 1 63009
2188020 duration 1 63724
2188368 duration 1 89163
2188404 duration 1 84085
2188470 duration 1 110678
2188521 duration 1 94214
2188558 duration 1 91753
2188579 duration 1 110316
2189171 duration 1 59392
2189203 duration 1 92129
2190224 duration 1 59839
2190363 duration 1 58954
2190390 duration 1 59188
2190690 duration 1 78739
2190741 duration 1 103876
2190766 duration 1 66178
2190792 duration 1 64393
2190820 duration 1 62169
2190842 duration 1 63985
2242801 duration 1 61351
2261388 duration 1 60661
2261556 duration 1 60543
2263181 duration 1 63270
2337833 duration 1 91818
2337931 duration 1 92327
2338000 duration 1 91295
2338014 duration 1 91288
2338520 duration 1 96199
2338520 duration 1 94364
2338523 duration 1 94514
2339516 duration 1 92982
2339582 duration 1 96592
2340710 duration 1 59990
2341237 duration 1 60467
2346279 duration 1 92199
2365085 duration 1 63880
2365136 duration 1 62773
2365166 duration 1 65821
2365216 duration 1 65557
2365283 duration 1 64664
2365361 duration 1 64161
2446882 duration 1 63231
2447006 duration 1 65587
2447047 duration 1 64482
2447098 duration 1 65902
2447173 duration 1 62776
2447570 duration 1 62563
2447984 duration 1 62842
2448098 duration 1 63854
2448286 duration 1 95554
2448350 duration 1 64794
2448408 duration 1 96409
2448513 duration 1 62166
2449372 duration 1 94748
2449374 duration 1 95661
2540036 duration 1 96328
2540054 duration 1 96121
2540082 duration 1 62696
2540101 duration 1 96811
2540127 duration 1 64114
2540146 duration 1 62585
2540165 duration 1 95985
2540211 duration 1 110940
2540234 duration 1 62751
2540255 duration 1 95644
2540874 duration 1 97014
2540895 duration 1 96118
2540915 duration 1 96056
2540933 duration 1 97936
2540954 duration 1 63489
2540974 duration 1 62728
2540997 duration 1 61992
2541123 duration 1 62870
2541384 duration 1 65794
2541410 duration 1 95560
2541437 duration 1 106779
2541458 duration 1 92684
2541497 duration 1 93359
2541522 duration 1 62694
2541540 duration 1 64458
2541568 duration 1 95031
2541597 duration 1 61911
2542284 duration 1 95499
2542338 duration 1 63090
2542376 duration 1 63594
2542410 duration 1 61794
2542486 duration 1 93455
2542569 duration 1 61718
2542620 duration 1 61150
2542691 duration 1 64363
2542714 duration 1 61284
2542835 duration 1 92735
2543494 duration 1 91504
2543520 duration 1 60629
2543577 duration 1 62887
2543646 duration 1 63987
2543660 duration 1 64535
2620322 duration 1 62607
2621068 duration 1 62354
2621092 duration 1 67109
2621138 duration 1 65495
2621167 duration 1 98390
2621224 duration 1 65558
2621341 duration 1 66121
2621469 duration 1 68188
2621469 duration 1 152406
2621486 duration 1 184312
2621551 duration 1 68161
2621596 duration 1 69481
2621635 duration 1 69492
2936715 duration 1 94344
2937962 duration 1 62120
2938096 duration 1 61111
3004791 duration 1 178256
3004946 duration 1 107508
3230517 duration 1 96045
3230616 duration 1 97008
3231114 duration 1 96247
3231784 duration 1 96210
3231820 duration 1 94280
3231995 duration 1 62480
3233169 duration 1 95648
3233546 duration 1 96508
3235308 duration 1 63089
3235631 duration 1 95869
3235634 duration 1 96697
3450444 duration 1 345
3450450 duration 1 413
3450455 duration 1 357
3450459 duration 1 420
3450464 duration 1 466
3450470 duration 1 440
3450475 duration 1 351
3450489 duration 1 393
3450499 duration 1 415
3450503 duration 1 357
3450508 duration 1 381
3450513 duration 1 443
3450518 duration 1 415
3450522 duration 1 338
3450527 duration 1 439
3450531 duration 1 395
3450536 duration 1 76
3450541 duration 1 381
3451867 duration 1 73598
3451871 duration 1 340
3451876 duration 1 15
3451881 duration 1 10
3451890 duration 1 395
3451895 duration 1 68482
3451900 duration 1 68245
3451905 duration 1 67783
3451910 duration 1 68804
3451915 duration 1 69047
3451921 duration 1 368
3451927 duration 1 48426
3451932 duration 1 45719
3451937 duration 1 46212
3451942 duration 1 44003
3451946 duration 1 11
3451951 duration 1 43778
3451956 duration 1 40672
3451961 duration 1 71327
3451966 duration 1 69822
3525863 duration 1 418
3525868 duration 1 10
3525872 duration 1 419
3525876 duration 1 412
3525881 duration 1 401
3525907 duration 1 201
3525912 duration 1 441
3525916 duration 1 390
3525920 duration 1 350
3525925 duration 1 357
3527621 duration 1 158423
3527677 duration 1 221007
3527697 duration 1 91443
3533676 duration 1 1488
3533684 duration 1 1204
3533689 duration 1 1501
3533693 duration 1 927
3533698 duration 1 899
3533703 duration 1 1318
3533709 duration 1 890
3533714 duration 1 1030
3533718 duration 1 735
3533723 duration 1 1059
3533727 duration 1 1038
3533732 duration 1 1102
3533736 duration 1 1245
3533741 duration 1 829
3533745 duration 1 1022
3533750 duration 1 708
3533755 duration 1 723
3533759 duration 1 705
3533763 duration 1 757
3533769 duration 1 1793
3533774 duration 1 997
3533778 duration 1 1196
3533783 duration 1 622
3533787 duration 1 1379
3533791 duration 1 1069
3533797 duration 1 1058
3533801 duration 1 993
3533806 duration 1 906
3533812 duration 1 955
3533817 duration 1 1168
3533822 duration 1 1199
3533827 duration 1 615
3533832 duration 1 1036
3533839 duration 1 697
3533845 duration 1 888
3533852 duration 1 679
3533860 duration 1 1016
3533865 duration 1 1077
3533871 duration 1 1077
3533876 duration 1 1091
3533881 duration 1 2098
3533886 duration 1 938
3533891 duration 1 980
3533896 duration 1 668
3533903 duration 1 629
3533908 duration 1 1217
3533913 duration 1 1332
3533918 duration 1 1132
3533923 duration 1 910
3533930 duration 1 1185
3533935 duration 1 929
3533940 duration 1 682
3533945 duration 1 1170
3533950 duration 1 1136
3533954 duration 1 997
3533959 duration 1 1000
3533964 duration 1 783
3533969 duration 1 738
3533974 duration 1 673
3533979 duration 1 1203
3597266 duration 1 1910
3597273 duration 1 1173
3597280 duration 1 1346
3597287 duration 1 1200
3597294 duration 1 865
3597300 duration 1 725
3597307 duration 1 2488
3597313 duration 1 1280
3597320 duration 1 987
3597326 duration 1 1331
3597332 duration 1 690
3597339 duration 1 1086
3597346 duration 1 1421
3597352 duration 1 830
3597358 duration 1 1598
3597365 duration 1 1156
3597371 duration 1 1458
3597377 duration 1 1197
3597384 duration 1 1487
3597391 duration 1 1384
3597397 duration 1 1192
3597404 duration 1 1190
3597411 duration 1 1253
3597419 duration 1 1380
3597425 duration 1 704
3597432 duration 1 689
3597438 duration 1 1292
3597445 duration 1 3910
3597452 duration 1 1350
3597458 duration 1 1209
3597465 duration 1 1436
3597471 duration 1 714
3597478 duration 1 767
3597485 duration 1 944
3597495 duration 1 1296
3597502 duration 1 1236
3597510 duration 1 837
3597516 duration 1 698
3597522 duration 1 847
3597528 duration 1 1295
3597535 duration 1 1325
3597541 duration 1 1466
3597549 duration 1 1277
3597556 duration 1 1386
3597562 duration 1 799
3597568 duration 1 2219
3597575 duration 1 695
3597581 duration 1 1198
3597589 duration 1 1132
3597596 duration 1 1293
3597603 duration 1 1425
3597610 duration 1 1471
3597617 duration 1 739
3597625 duration 1 1250
3597631 duration 1 957
3597638 duration 1 872
3597646 duration 1 1256
3597653 duration 1 1135
3597659 duration 1 1447
3597666 duration 1 1152
3619959 duration 1 833
3619964 duration 1 1287
3619970 duration 1 1071
3619976 duration 1 1242
3619984 duration 1 1381
3619993 duration 1 1379
3619999 duration 1 1368
3620005 duration 1 1198
3620011 duration 1 724
3620017 duration 1 1319
3620023 duration 1 1395
3620030 duration 1 976
3620038 duration 1 990
3620044 duration 1 1423
3620050 duration 1 870
3620056 duration 1 755
3620063 duration 1 931
3620069 duration 1 1267
3620075 duration 1 984
3620081 duration 1 1464
3620087 duration 1 956
3620093 duration 1 1475
3620099 duration 1 1677
3620106 duration 1 1144
3620111 duration 1 2171
3620117 duration 1 996
3620123 duration 1 849
3620129 duration 1 1023
3620135 duration 1 1281
3620141 duration 1 1000
3620147 duration 1 937
3620152 duration 1 848
3620158 duration 1 1902
3620164 duration 1 953
3620170 duration 1 1498
3620176 duration 1 792
3620181 duration 1 1490
3620188 duration 1 1390
3620194 duration 1 2157
3620201 duration 1 908
3620207 duration 1 1320
3620212 duration 1 1404
3620218 duration 1 1386
3620224 duration 1 689
3620234 duration 1 13327
3620240 duration 1 13846
3620245 duration 1 841
3620251 duration 1 871
3620257 duration 1 1137
3620263 duration 1 758
3620269 duration 1 2020
3620276 duration 1 1304
3620282 duration 1 1212
3620289 duration 1 1753
3620299 duration 1 994
3620304 duration 1 921
3620310 duration 1 1424
3620316 duration 1 875
3620322 duration 1 1381
3620329 duration 1 1445
3622997 duration 1 930
3623003 duration 1 1762
3623009 duration 1 1479
3623015 duration 1 1399
3623023 duration 1 1302
3623029 duration 1 953
3623035 duration 1 871
3623041 duration 1 929
3623047 duration 1 1082
3623053 duration 1 792
3623059 duration 1 885
3623065 duration 1 10965
3623071 duration 1 1344
3623077 duration 1 1937
3623082 duration 1 1607
3623088 duration 1 938
3623094 duration 1 1141
3623101 duration 1 1124
3623107 duration 1 1601
3623112 duration 1 1604
3623118 duration 1 1533
3623124 duration 1 1432
3623130 duration 1 1238
3623137 duration 1 869
3623143 duration 1 791
3623149 duration 1 1279
3623154 duration 1 760
3623160 duration 1 1434
3623166 duration 1 883
3623172 duration 1 1065
3623177 duration 1 2525
3623183 duration 1 728
3623195 duration 1 853
3623201 duration 1 1857
3623208 duration 1 886
3623214 duration 1 1420
3623219 duration 1 2634
3623225 duration 1 11719
3623231 duration 1 1561
3623238 duration 1 979
3623244 duration 1 1040
3623250 duration 1 842
3623257 duration 1 872
3623263 duration 1 1321
3623269 duration 1 743
3623276 duration 1 1044
3623283 duration 1 1268
3623289 duration 1 729
3623297 duration 1 29185
3623303 duration 1 1576
3623309 duration 1 755
3623316 duration 1 787
3623323 duration 1 1306
3623329 duration 1 834
3623335 duration 1 797
3623341 duration 1 1164
3623347 duration 1 1212
3623354 duration 1 773
3623360 duration 1 1539
3625107 duration 1 1348
3625113 duration 1 735
3625120 duration 1 1195
3625125 duration 1 1722
3625132 duration 1 4241
3625139 duration 1 765
3625145 duration 1 1285
3625152 duration 1 1286
3625159 duration 1 741
3625165 duration 1 938
3625172 duration 1 1157
3625178 duration 1 1079
3625186 duration 1 842
3625191 duration 1 925
3625202 duration 1 1408
3625208 duration 1 744
3625215 duration 1 716
3625221 duration 1 1342
3625228 duration 1 1328
3625237 duration 1 734
3625243 duration 1 1662
3625249 duration 1 795
3625255 duration 1 743
3625261 duration 1 725
3625268 duration 1 1171
3625275 duration 1 1424
3625281 duration 1 1721
3625288 duration 1 1330
3625294 duration 1 1510
3625301 duration 1 1080
3625308 duration 1 724
3625315 duration 1 1272
3625321 duration 1 1225
3625328 duration 1 790
3625334 duration 1 751
3625340 duration 1 723
3625346 duration 1 742
3625353 duration 1 986
3625359 duration 1 902
3625366 duration 1 1399
3625373 duration 1 892
3625379 duration 1 1210
3625386 duration 1 1113
3625393 duration 1 1947
3625399 duration 1 1494
3625406 duration 1 695
3625412 duration 1 1191
3625418 duration 1 2858
3625426 duration 1 763
3625432 duration 1 844
3625439 duration 1 1997
3625446 duration 1 896
3625452 duration 1 767
3625460 duration 1 725
3625465 duration 1 890
3625472 duration 1 853
3625479 duration 1 790
3625485 duration 1 1174
3625492 duration 1 778
3625498 duration 1 1444
3626625 duration 1 2059
3626631 duration 1 1181
3626637 duration 1 746
3626644 duration 1 738
3626650 duration 1 796
3626656 duration 1 808
3626663 duration 1 756
3626669 duration 1 718
3626675 duration 1 1476
3626681 duration 1 1053
3626687 duration 1 1956
3626693 duration 1 2093
3626699 duration 1 1157
3626705 duration 1 809
3626712 duration 1 719
3626718 duration 1 1126
3626725 duration 1 733
3626746 duration 1 820
3626752 duration 1 1442
3626758 duration 1 734
3626766 duration 1 852
3626772 duration 1 812
3626778 duration 1 715
3626784 duration 1 1190
3626793 duration 1 1295
3626799 duration 1 821
3626806 duration 1 916
3626813 duration 1 832
3626821 duration 1 722
3626828 duration 1 848
3626834 duration 1 737
3626841 duration 1 1178
3626847 duration 1 826
3626854 duration 1 801
3626861 duration 1 1148
3626868 duration 1 776
3626874 duration 1 767
3626880 duration 1 1160
3626888 duration 1 1203
3626894 duration 1 756
3626902 duration 1 759
3626909 duration 1 752
3626916 duration 1 705
3626923 duration 1 736
3626928 duration 1 1134
3626934 duration 1 738
3626940 duration 1 761
3626947 duration 1 1079
3626953 duration 1 729
3626962 duration 1 850
3626976 duration 1 726
3626984 duration 1 933
3626989 duration 1 1251
3626995 duration 1 783
3627002 duration 1 5589
3627008 duration 1 1184
3627020 duration 1 809
3627028 duration 1 944
3627034 duration 1 1063
3627041 duration 1 829
3629558 duration 1 1359
3629566 duration 1 911
3629572 duration 1 812
3629579 duration 1 894
3629586 duration 1 19189
3629593 duration 1 15542
3629599 duration 1 1386
3629606 duration 1 739
3629614 duration 1 932
3629621 duration 1 986
3629629 duration 1 1115
3629635 duration 1 1199
3629641 duration 1 1369
3629655 duration 1 695
3629661 duration 1 734
3629668 duration 1 2614
3629674 duration 1 824
3629680 duration 1 1157
3629687 duration 1 750
3629693 duration 1 819
3629699 duration 1 854
3629705 duration 1 860
3629711 duration 1 843
3629718 duration 1 1128
3629724 duration 1 1959
3629730 duration 1 758
3629737 duration 1 743
3629743 duration 1 1462
3629749 duration 1 1040
3629755 duration 1 813
3629761 duration 1 1210
3629767 duration 1 993
3629773 duration 1 1948
3629781 duration 1 763
3629788 duration 1 911
3629794 duration 1 826
3629800 duration 1 1590
3629806 duration 1 2485
3629812 duration 1 927
3629818 duration 1 999
3629825 duration 1 732
3629831 duration 1 28674
3629838 duration 1 962
3629844 duration 1 29546
3629850 duration 1 915
3629856 duration 1 999
3629862 duration 1 939
3629868 duration 1 1117
3629875 duration 1 804
3629880 duration 1 1563
3629886 duration 1 1280
3629892 duration 1 876
3629899 duration 1 1845
3629905 duration 1 1029
3629911 duration 1 830
3629917 duration 1 1302
3629923 duration 1 714
3629930 duration 1 883
3629935 duration 1 1231
3629942 duration 1 986
3629986 duration 1 22019
3629992 duration 1 26067
3629999 duration 1 26528
3630005 duration 1 28129
3630011 duration 1 29767
3630017 duration 1 29885
3630023 duration 1 36368
3630029 duration 1 33200
3630035 duration 1 36494
3630042 duration 1 34651
3630048 duration 1 41575
3688412 duration 1 1181
3688419 duration 1 1125
3688885 duration 1 1101
3688891 duration 1 963
3688904 duration 1 1036
3690769 duration 1 19
3690774 duration 1 12
3690781 duration 1 1800
3690963 duration 1 2049
3690981 duration 1 1339
3690987 duration 1 1512
3691540 duration 1 932
3691546 duration 1 1083
3691552 duration 1 848
3693745 duration 1 2058
3693752 duration 1 2079
3693759 duration 1 2293
3693765 duration 1 1635
3693773 duration 1 1272
3693780 duration 1 1623
3693884 duration 1 3016
3693892 duration 1 2165
3693898 duration 1 3446
3693904 duration 1 2747
3693910 duration 1 2712
3693916 duration 1 3870
3698050 duration 1 1308
3698055 duration 1 1379
3698124 duration 1 1955
3698124 duration 1 1286
3698130 duration 1 1288
3698135 duration 1 1519
3698141 duration 1 1807
3699291 duration 1 3352
3699297 duration 1 5027
3699303 duration 1 4242
3699308 duration 1 4001
3699314 duration 1 2807
3699320 duration 1 4538
3699326 duration 1 3081
3699331 duration 1 2768
3699336 duration 1 2822
3699342 duration 1 3529
3705593 duration 1 9536
3705597 duration 1 8829
3705653 duration 1 7475
3705661 duration 1 7478
3705666 duration 1 6536
3705672 duration 1 9697
3705678 duration 1 7167
3705683 duration 1 8603
3705689 duration 1 7641
3705695 duration 1 7817
3705702 duration 1 7965
3705707 duration 1 7972
3772943 duration 1 6570
3772948 duration 1 7045
3772953 duration 1 6933
3772958 duration 1 8268
3772963 duration 1 8740
3772968 duration 1 7604
3772972 duration 1 6750
3772977 duration 1 6240
3772981 duration 1 6415
3772986 duration 1 6757
3782885 duration 1 4888
3782891 duration 1 1449
3782897 duration 1 1559
3782902 duration 1 1582
3782907 duration 1 1443
3782912 duration 1 1501
3782918 duration 1 1419
3782923 duration 1 1501
3782928 duration 1 1555
3782932 duration 1 1445
3786362 duration 1 242
3786367 duration 1 21
3786373 duration 1 26
3786377 duration 1 15
3786382 duration 1 43
3786387 duration 1 79
3786392 duration 1 23
3786397 duration 1 38
3786402 duration 1 25
3786407 duration 1 35
3790511 duration 1 1327
3790516 duration 1 1880
3790523 duration 1 1334
3790527 duration 1 1239
3790533 duration 1 1379
3790538 duration 1 1741
3790543 duration 1 1864
3790548 duration 1 1779
3790554 duration 1 1153
3790559 duration 1 1712
4136953 duration 1 2095
4136958 duration 1 1566
4136964 duration 1 1428
4136970 duration 1 2089
4136975 duration 1 1293
4136981 duration 1 1382
4136987 duration 1 1412
4136995 duration 1 1601
4137000 duration 1 1461
4137007 duration 1 1379
4139496 duration 1 4497
4139503 duration 1 4155
4139509 duration 1 2862
4139515 duration 1 3265
4139520 duration 1 2873
4139526 duration 1 2962
4142494 duration 1 3514
4142499 duration 1 3815
4142505 duration 1 2815
4142510 duration 1 2952
4142515 duration 1 2759
4142521 duration 1 2983
4148087 duration 1 4423
4148092 duration 1 4383
4148097 duration 1 4969
4148102 duration 1 4494
4148106 duration 1 6774
4148110 duration 1 4403
4217965 duration 1 3486
4217970 duration 1 3533
4217974 duration 1 2352
4217978 duration 1 2261
4217983 duration 1 2065
4217987 duration 1 3503
4219587 duration 1 4343
4219591 duration 1 3486
4219596 duration 1 2789
4219600 duration 1 13037
4219604 duration 1 12659
4219609 duration 1 14437
4219729 duration 1 4780
4219734 duration 1 7124
4219738 duration 1 7400
4219743 duration 1 4852
4219748 duration 1 4682
4219752 duration 1 7429
4219756 duration 1 4979
4219761 duration 1 7904
4219767 duration 1 5222
4219773 duration 1 7256
4221207 duration 1 7304
4221212 duration 1 7255
4221217 duration 1 7625
4221221 duration 1 5588
4221227 duration 1 7308
4221232 duration 1 7146
4221237 duration 1 7102
4221242 duration 1 7000
4221246 duration 1 7376
4221251 duration 1 5989
4221334 duration 1 20575
4221339 duration 1 22125
4221344 duration 1 18847
4221348 duration 1 22851
4221353 duration 1 21585
4221361 duration 1 20458
4221366 duration 1 20788
4221371 duration 1 20722
4221376 duration 1 31355
4221380 duration 1 15297
4301346 duration 1 16640
4301352 duration 1 14574
4301356 duration 1 14599
4301361 duration 1 15777
4301366 duration 1 17990
4301371 duration 1 19599
4301375 duration 1 19407
4301382 duration 1 17842
4301387 duration 1 19308
4301399 duration 1 16045
4301404 duration 1 14944
4301408 duration 1 1008
4301413 duration 1 19046
4301417 duration 1 14854
4301421 duration 1 16507
4301426 duration 1 18601
4301431 duration 1 14382
4301435 duration 1 2400
4301439 duration 1 17485
4301444 duration 1 17443
4301449 duration 1 14866
4301454 duration 1 14442
4301458 duration 1 15654
4301463 duration 1 28692
4301467 duration 1 15415
4301480 duration 1 19087
4301485 duration 1 18034
4301489 duration 1 18838
4301493 duration 1 15289
4301498 duration 1 19090
4301502 duration 1 20044
4301507 duration 1 19141
4301512 duration 1 18729
4301517 duration 1 14627
4301521 duration 1 19105
4301526 duration 1 19357
4301530 duration 1 14392
4301535 duration 1 18589
4301540 duration 1 14487
4301546 duration 1 17542
4301550 duration 1 12990
4301555 duration 1 18383
4301559 duration 1 12755
4301563 duration 1 15372
4301568 duration 1 16515
4301573 duration 1 16877
4301578 duration 1 14988
4301583 duration 1 13934
4301587 duration 1 14441
4301592 duration 1 14615
4381304 duration 1 78022
4381909 duration 1 69773
4392419 duration 1 81759
4392508 duration 1 83629
4392600 duration 1 82311
4392735 duration 1 2850
4392739 duration 1 3223
4392744 duration 1 4566
4392749 duration 1 3305
4392753 duration 1 2869
4392759 duration 1 3991
4392764 duration 1 3059
4392769 duration 1 2964
4392773 duration 1 2854
4392777 duration 1 4226
4392782 duration 1 3190
4392786 duration 1 2856
4392791 duration 1 2689
4392795 duration 1 3391
4392801 duration 1 3241
4392806 duration 1 3066
4392810 duration 1 2751
4392815 duration 1 2769
4392820 duration 1 2835
4392825 duration 1 2742
4392831 duration 1 2671
4392838 duration 1 4066
4392843 duration 1 2784
4392848 duration 1 2972
4392853 duration 1 3337
4392857 duration 1 2706
4392864 duration 1 3754
4392873 duration 1 3023
4392880 duration 1 2658
4392889 duration 1 2818
4392899 duration 1 3843
4392908 duration 1 2732
4392916 duration 1 2719
4392924 duration 1 2771
4392930 duration 1 3197
4392936 duration 1 2654
4392941 duration 1 2721
4392945 duration 1 3283
4392950 duration 1 2769
4392957 duration 1 2912
4392962 duration 1 3939
4392966 duration 1 2800
4392971 duration 1 2869
4392981 duration 1 3055
4392985 duration 1 3945
4392990 duration 1 2864
4392994 duration 1 2758
4393002 duration 1 2777
4393006 duration 1 3134
4394344 duration 1 77582
4396163 duration 1 122326
4396216 duration 1 81340
4396266 duration 1 81343
4429649 duration 1 125939
4438111 duration 1 119637
4649759 duration 1 7219
4649764 duration 1 6379
4649769 duration 1 8956
4649774 duration 1 9918
4649778 duration 1 9292
4649784 duration 1 9272
4649789 duration 1 6863
4649795 duration 1 9841
4649799 duration 1 9473
4649804 duration 1 6805
4649808 duration 1 6830
4649813 duration 1 10362
4649818 duration 1 7027
4649823 duration 1 8150
4649828 duration 1 9513
4649832 duration 1 9892
4649839 duration 1 6892
4649844 duration 1 8743
4649848 duration 1 7964
4649853 duration 1 9959
4649859 duration 1 10305
4649864 duration 1 6981
4649868 duration 1 6876
4649873 duration 1 6650
4649878 duration 1 9258
4649882 duration 1 10083
4649886 duration 1 7078
4649891 duration 1 6885
4649895 duration 1 7643
4649901 duration 1 6906
4649905 duration 1 7810
4649910 duration 1 6850
4649914 duration 1 7684
4649919 duration 1 7051
4649924 duration 1 7009
4649928 duration 1 6819
4649933 duration 1 7291
4649937 duration 1 6739
4649942 duration 1 6617
4649948 duration 1 6593
4649952 duration 1 15325
4649956 duration 1 11180
4649961 duration 1 10950
4649965 duration 1 9908
4649970 duration 1 6985
4649974 duration 1 10224
4649980 duration 1 10320
4649985 duration 1 10081
4649989 duration 1 7292
4649994 duration 1 10253
6125167 duration 1 82630
6125172 duration 1 81620
6125177 duration 1 88005
6125182 duration 1 80910
6125186 duration 1 79438
6125191 duration 1 70438
6125196 duration 1 53962
6125202 duration 1 61418
6125206 duration 1 61960
6125210 duration 1 53204
6125216 duration 1 56900
6125220 duration 1 58146
6125225 duration 1 55559
6125229 duration 1 56768
6125233 duration 1 63835
6125238 duration 1 54842
6125243 duration 1 54495
6125247 duration 1 49722
6125252 duration 1 51679
6125256 duration 1 52655
6137489 duration 1 13
6137494 duration 1 8
6137498 duration 1 9
6137504 duration 1 8
6137509 duration 1 11
6137514 duration 1 8
6137518 duration 1 13
6137523 duration 1 6
6137527 duration 1 9
6137533 duration 1 7
6137538 duration 1 468
6137543 duration 1 17
6137548 duration 1 7
6137552 duration 1 7
6137557 duration 1 14
6137562 duration 1 11
6137566 duration 1 521
6137571 duration 1 32
6137576 duration 1 22
6137581 duration 1 6
6540021 duration 1 86802
6540027 duration 1 51977
6540033 duration 1 44773
6540040 duration 1 47434
6540047 duration 1 53256
6540054 duration 1 50566
6540060 duration 1 49300
6540067 duration 1 49068
6540074 duration 1 49732
6540081 duration 1 52142
6540088 duration 1 42542
6540094 duration 1 39481
6540100 duration 1 50220
6540106 duration 1 46545
6540112 duration 1 62127
6540118 duration 1 53200
6555604 duration 1 51279
6555611 duration 1 58480
6555618 duration 1 72402
6555624 duration 1 43244
6555637 duration 1 55536
6555657 duration 1 52328
6555663 duration 1 51700
6555670 duration 1 57495
6555678 duration 1 42827
6555684 duration 1 59315
6555690 duration 1 36106
6555697 duration 1 52745
6555703 duration 1 34681
