0 duration 16 1453510
90831 duration 16 1240992
625599 duration 8 1416133
627118 duration 8 771324
864658 duration 8 947262
907145 duration 1 524000
907188 duration 1 533709
907214 duration 1 565990
907234 duration 1 574145
908373 duration 1 257203
911148 duration 4 38323
923812 duration 8 433942
933311 duration 1 221353
939432 duration 4 7736
939485 duration 4 3831
939533 duration 4 51490
954744 duration 16 44
957461 duration 8 451524
957799 duration 8 427104
957949 duration 8 447772
958206 duration 8 451422
958789 duration 8 251796
965408 duration 8 561869
973926 duration 8 219416
976273 duration 16 41
979275 duration 16 36081
980335 duration 16 70438
980386 duration 16 62217
983159 duration 8 173002
988785 duration 8 376091
989062 duration 8 414637
1017595 duration 1 77509
1018516 duration 4 64774
1018786 duration 4 77382
1026555 duration 4 4691
1026912 duration 1 7315
1027921 duration 4 8283
1047577 duration 4 13255
1050302 duration 16 42
1051024 duration 16 27874
1051258 duration 8 305310
1052790 duration 8 373773
1055110 duration 4 81082
1055810 duration 4 32500
1089118 duration 8 187342
1089178 duration 8 258343
1089256 duration 4 36886
1095703 duration 4 5022
1098649 duration 8 268444
1115291 duration 1 243026
1119236 duration 4 166965
1130207 duration 16 112798
1132891 duration 8 147879
1137823 duration 16 61640
1138894 duration 8 150619
1141162 duration 8 925631
1145183 duration 1 219804
1146097 duration 4 112417
1176721 duration 4 11487
1190331 duration 4 56506
1194392 duration 1 65990
1208341 duration 8 340998
1221256 duration 4 54817
1221387 duration 4 50
1221737 duration 4 7475
1222886 duration 4 23704
1267558 duration 8 226517
1268358 duration 4 72230
1268764 duration 4 43851
1272334 duration 4 9887
1272358 duration 1 26739
1272384 duration 1 26878
1272580 duration 1 16026
1272593 duration 1 26744
1272765 duration 1 16472
1278513 duration 8 620645
1278789 duration 8 244790
1278867 duration 4 81016
1278966 duration 4 28841
1280734 duration 4 43977
1281443 duration 1 168925
1288347 duration 1 10545
1289097 duration 8 106494
1289286 duration 1 29
1289678 duration 8 106024
1298783 duration 8 811154
1299331 duration 8 181179
1300314 duration 8 108335
1300345 duration 8 105906
1304616 duration 8 186472
1307191 duration 1 35
1311633 duration 4 84758
1311659 duration 4 94965
1311696 duration 4 85330
1311728 duration 4 59826
1311759 duration 4 45581
1311783 duration 4 84999
1311814 duration 4 55685
1320261 duration 8 181686
1326729 duration 16 6034
1349940 duration 2 63746
1363483 duration 8 129382
1366252 duration 8 150520
1382873 duration 16 7878
1385202 duration 8 799377
1386151 duration 1 63334
1392459 duration 1 18813
1395462 duration 16 32
1396823 duration 4 7562
1397077 duration 4 5453
1398459 duration 4 5751
1398491 duration 4 5125
1400205 duration 4 12539
1400970 duration 4 5868
1405512 duration 4 65914
1411749 duration 8 115871
1436092 duration 8 193367
1449933 duration 8 764004
1458646 duration 8 22
1459041 duration 4 21983
1459093 duration 4 21383
1459154 duration 4 21691
1459364 duration 4 36220
1461158 duration 8 34
1522976 duration 4 22012
1525863 duration 4 3418
1527111 duration 4 6707
1528646 duration 4 1729
1550860 duration 8 649304
1568450 duration 4 52256
1569221 duration 4 50955
1569902 duration 4 36253
1571951 duration 4 48529
1572043 duration 4 48063
1577787 duration 8 530017
1577867 duration 4 43284
1587251 duration 2 103054
1606856 duration 4 37819
1608801 duration 4 43852
1614175 duration 4 46067
1628101 duration 4 28000
1628122 duration 4 43424
1628140 duration 4 47466
1628273 duration 4 39392
1628694 duration 2 103594
1629604 duration 4 42124
1629874 duration 4 11730
1630000 duration 4 11960
1630591 duration 4 10869
1631606 duration 8 138253
1633920 duration 1 108231
1637405 duration 16 45038
1639832 duration 1 6427
1646952 duration 8 184094
1696855 duration 16 167762
1703969 duration 16 176383
1739191 duration 4 8671
1739283 duration 4 16703
1739460 duration 4 4241
1740339 duration 4 7833
1741736 duration 4 8374
1757788 duration 8 235170
1767371 duration 8 124400
1781187 duration 4 16286
1800172 duration 1 37905
1802007 duration 8 173423
1872608 duration 8 144693
1872762 duration 8 147180
1880332 duration 4 68840
1900364 duration 1 8555
1901095 duration 1 10335
1901098 duration 1 5426
1902175 duration 8 169140
1903437 duration 1 41337
1952649 duration 1 26798
1972042 duration 1 9239
1978917 duration 8 165423
1984268 duration 8 193263
1986257 duration 16 472501
1986678 duration 8 146011
2005525 duration 2 47356
2005923 duration 2 50128
2006170 duration 2 46525
2006196 duration 2 84915
2006241 duration 2 42563
2007167 duration 8 136681
2007279 duration 8 123241
2009048 duration 1 166238
2009069 duration 1 124535
2009270 duration 1 162756
2009293 duration 1 116644
2009341 duration 1 167786
2026936 duration 4 59246
2026958 duration 4 66471
2026978 duration 4 58751
2027025 duration 4 66681
2028974 duration 8 48643
2029002 duration 4 81953
2034770 duration 8 145061
2034800 duration 8 145110
2035208 duration 8 163906
2035341 duration 8 161932
2035488 duration 4 253774
2078464 duration 16 452013
2153841 duration 8 159721
2174272 duration 8 24
2175506 duration 8 30
2176302 duration 1 3773
2179289 duration 1 150647
2179326 duration 1 97937
2179393 duration 4 40361
2179436 duration 4 59949
2179940 duration 1 132658
2180211 duration 2 36153
2180244 duration 2 54528
2180264 duration 2 38866
2180514 duration 4 54556
2180598 duration 1 126555
2185448 duration 16 124
2189133 duration 1 26917
2193116 duration 8 135
2197509 duration 8 370091
2209369 duration 1 26916
2216660 duration 8 323569
2218281 duration 8 260179
2237047 duration 8 104516
2247928 duration 8 197564
2264368 duration 1 8653
2264601 duration 1 499087
2266989 duration 8 32
2268918 duration 8 38
2270893 duration 1 17792
2276237 duration 1 16657
2282640 duration 1 26494
2289021 duration 1 60485
2306177 duration 8 100375
2306660 duration 8 107739
2308721 duration 8 46253
2310108 duration 16 126
2325005 duration 8 93856
2331671 duration 8 325059
2332478 duration 8 104108
2332675 duration 16 163599
2335682 duration 16 58030
2336077 duration 8 86303
2337396 duration 16 56663
2339215 duration 8 13133
2345054 duration 1 17604
2345692 duration 1 15919
2346679 duration 8 302185
2346693 duration 8 318514
2349981 duration 8 455750
2350106 duration 8 97286
2352662 duration 8 81424
2357950 duration 1 61808
2369322 duration 1 28810
2383752 duration 1 7914
2389311 duration 8 147663
2392128 duration 1 9476
2392715 duration 8 126228
2393092 duration 8 147188
2401095 duration 8 790367
2407060 duration 8 226672
2411603 duration 8 82329
2433456 duration 4 113998
2433485 duration 2 72729
2434303 duration 8 335244
2436828 duration 1 161728
2436992 duration 1 55750
2447040 duration 16 12928
2447122 duration 16 28456
2447200 duration 16 52548
2455008 duration 2 59830
2462931 duration 8 173410
2473299 duration 8 750946
2477307 duration 1 48195
2477549 duration 2 27998
2491147 duration 1 29350
2497412 duration 2 62086
2506422 duration 8 131790
2507895 duration 8 137671
2507985 duration 8 182907
2509393 duration 1 43533
2511260 duration 1 43518
2511332 duration 1 43824
2512801 duration 1 59123
2512974 duration 1 69537
2522822 duration 1 17757
2524589 duration 1 30148
2524624 duration 1 32080
2529318 duration 8 230261
2536491 duration 16 150150
2567488 duration 1 14801
2568594 duration 4 30608
2569012 duration 2 21717
2575965 duration 2 19345
2633031 duration 1 16210
2659846 duration 1 59779
2693649 duration 4 15813
2695772 duration 4 11541
2730214 duration 4 20618
2730348 duration 4 84133
2732750 duration 1 14549
2752112 duration 8 182513
2763401 duration 2 61578
2763428 duration 2 56128
2763447 duration 2 62121
2763466 duration 2 97615
2763489 duration 2 44707
2763568 duration 1 215315
2763608 duration 4 54924
2763617 duration 1 151893
2763651 duration 4 71637
2763682 duration 4 84571
2765422 duration 8 342044
2766714 duration 8 78204
2766781 duration 8 195037
2770141 duration 8 138469
2770171 duration 8 184453
2779379 duration 8 37
2780820 duration 8 101080
2780830 duration 4 66224
2781176 duration 4 41198
2782132 duration 1 217504
2782271 duration 8 140659
2782459 duration 8 137352
2784015 duration 8 173288
2786482 duration 4 42261
2789726 duration 4 24868
2790051 duration 1 10363
2795165 duration 1 27850
2795727 duration 1 51654
2796629 duration 1 52571
2804474 duration 1 28933
2809573 duration 2 23764
2809680 duration 2 37639
2811228 duration 2 100384
2815016 duration 1 89509
2815718 duration 4 63858
2815855 duration 1 89106
2837964 duration 1 168585
2838614 duration 4 5590
2838710 duration 4 5290
2841718 duration 4 280513
2853406 duration 8 64902
2855572 duration 4 12779
2856189 duration 8 35072
2857229 duration 4 12219
2859513 duration 8 26605
2863315 duration 1 37144
2864529 duration 4 144129
2865392 duration 8 25273
2865779 duration 8 27893
2866328 duration 4 107583
2869422 duration 4 312229
2872776 duration 1 20539
2907787 duration 16 14792
2909509 duration 4 7497
2909670 duration 1 30047
2909799 duration 1 6105
2915170 duration 4 274820
2918834 duration 4 12631
2920521 duration 1 5017
2920551 duration 1 5074
2925432 duration 1 47797
2932265 duration 1 20218
2935917 duration 8 59379
2937171 duration 1 47295
2952206 duration 1 96616
2968897 duration 16 165143
2968952 duration 16 99233
2991492 duration 8 239661
2999882 duration 1 64507
2999939 duration 1 48484
2999940 duration 1 48365
3016869 duration 1 50186
3018634 duration 1 43324
3018745 duration 1 55095
3018757 duration 1 126557
3018768 duration 1 49698
3018779 duration 1 79655
3018790 duration 1 58504
3018800 duration 1 86404
3025326 duration 8 82
3032046 duration 1 47165
3032394 duration 1 36477
3032396 duration 1 34792
3032473 duration 1 18661
3038742 duration 8 77
3040294 duration 8 87083
3040851 duration 8 112736
3042309 duration 8 243842
3045176 duration 1 130527
3045538 duration 8 330094
3045554 duration 1 93219
3045691 duration 1 50088
3046253 duration 8 365850
3047411 duration 4 1233
3070381 duration 1 63397
3072306 duration 8 104642
3072895 duration 8 252677
3072924 duration 8 242951
3072966 duration 8 1134782
3080558 duration 8 482132
3080930 duration 8 372270
3083133 duration 1 8586
3083707 duration 1 28411
3084186 duration 8 116833
3085527 duration 8 221874
3086357 duration 4 196572
3086767 duration 8 64594
3086991 duration 8 483486
3087926 duration 16 160633
3087985 duration 16 191899
3091982 duration 1 16174
3095242 duration 1 76805
3097569 duration 1 84906
3100708 duration 1 54088
3105749 duration 1 188131
3106644 duration 1 41906
3109239 duration 8 120829
3110762 duration 8 269297
3115203 duration 4 113363
3115203 duration 8 38
3115555 duration 4 107139
3122410 duration 8 76907
3122772 duration 8 241773
3124200 duration 1 17011
3129578 duration 1 27472
3137562 duration 8 37
3139875 duration 8 4525
3141823 duration 8 195964
3141872 duration 8 262990
3149107 duration 1 19518
3164013 duration 1 28308
3164075 duration 1 55046
3164667 duration 1 116
3165927 duration 1 111491
3192635 duration 1 40591
3192672 duration 1 30036
3193345 duration 1 19230
3193398 duration 1 25420
3194982 duration 8 198870
3195896 duration 8 515299
3215365 duration 1 29071
3215635 duration 1 128490
3220828 duration 8 626625
3278657 duration 1 18773
3278808 duration 1 18507
3282453 duration 8 129485
3292700 duration 8 286782
3297459 duration 1 378
3298381 duration 1 94
3298406 duration 1 365
3298427 duration 1 94
3298451 duration 1 1080
3306705 duration 1 116264
3306779 duration 1 102381
3306823 duration 1 107704
3337301 duration 4 113902
3343321 duration 1 41675
3344033 duration 1 97
3344538 duration 1 93
3344567 duration 1 195
3344593 duration 1 98
3344614 duration 1 85
3347113 duration 1 91
3347181 duration 1 87
3347204 duration 1 113
3347225 duration 1 82
3347248 duration 1 143
3371029 duration 16 70408
3371163 duration 16 42840
3385003 duration 16 114445
3386656 duration 4 10325
3386990 duration 1 53823
3387403 duration 8 128043
3387425 duration 1 54089
3387465 duration 1 55788
3389534 duration 16 41713
3391461 duration 8 17
3392086 duration 1 123310
3392219 duration 1 127164
3392726 duration 1 54550
3392761 duration 1 35844
3392783 duration 1 44930
3392805 duration 1 60257
3397279 duration 4 41369
3397306 duration 4 13082
3397603 duration 8 184770
3398447 duration 1 27503
3398565 duration 8 190527
3429741 duration 1 13293
3430038 duration 1 17213
3433103 duration 8 464455
3436169 duration 1 98093
3436228 duration 1 73959
3438615 duration 1 113912
3438672 duration 1 116567
3439116 duration 1 29441
3455052 duration 1 105780
3455162 duration 1 197950
3455187 duration 1 111247
3467561 duration 8 327097
3470497 duration 16 141812
3470972 duration 8 625651
3472018 duration 1 75667
3472124 duration 1 121278
3472150 duration 1 103919
3472187 duration 1 68558
3474544 duration 8 277741
3475884 duration 1 84
3476354 duration 8 347714
3485316 duration 1 42453
3505717 duration 1 42097
3513311 duration 1 161
3525887 duration 8 173970
3528748 duration 8 23639
3529465 duration 1 138364
3536016 duration 8 201007
3537095 duration 1 32536
3537208 duration 1 106089
3544364 duration 8 601448
3545168 duration 8 1103904
3548559 duration 8 57685
3564517 duration 8 424660
3590785 duration 8 423150
3598517 duration 8 56914
3607277 duration 1 29774
3607293 duration 1 11219
3608382 duration 1 16842
3612573 duration 1 94126
3614006 duration 1 67486
3621307 duration 8 199116
3622770 duration 1 31695
3628654 duration 8 167623
3630161 duration 16 168099
3630296 duration 4 505676
3630299 duration 16 137911
3631726 duration 1 13970
3638806 duration 8 371715
3644525 duration 1 53486
3644580 duration 1 148516
3644612 duration 1 65136
3644652 duration 1 80951
3644679 duration 1 66967
3645121 duration 1 22
3645168 duration 1 72
3645275 duration 1 139
3645301 duration 1 75
3645322 duration 1 285
3645350 duration 1 99
3645374 duration 1 83
3645892 duration 1 111750
3646645 duration 1 103
3650317 duration 1 97270
3650507 duration 8 33910
3650647 duration 8 20602
3650734 duration 8 558073
3651297 duration 8 111941
3652282 duration 1 121612
3652319 duration 1 98364
3655958 duration 8 830040
3658931 duration 16 122837
3667381 duration 8 182850
3688229 duration 4 235261
3715968 duration 8 106754
3719046 duration 16 246825
3719188 duration 16 161160
3719990 duration 1 12850
3721983 duration 8 197531
3722078 duration 8 164903
3733311 duration 4 231419
3744545 duration 8 16745
3771385 duration 4 50758
3773122 duration 4 37093
3773564 duration 4 52502
3776247 duration 8 410508
3787455 duration 1 29406
3788071 duration 1 118
3788114 duration 1 782
3788840 duration 1 31066
3791017 duration 8 661299
3791274 duration 8 768521
3791381 duration 8 728760
3791454 duration 8 680466
3796901 duration 8 382394
3796995 duration 8 380034
3797919 duration 8 364217
3797987 duration 8 379436
3798169 duration 8 250795
3799089 duration 1 5007
3812600 duration 4 26081
3813436 duration 4 35670
3816514 duration 4 36042
3821766 duration 1 143263
3821789 duration 1 240097
3821820 duration 1 264225
3823488 duration 1 209979
3823510 duration 4 128927
3823538 duration 4 138496
3823554 duration 1 371672
3823579 duration 1 227420
3823596 duration 4 112468
3823620 duration 4 169050
3824300 duration 1 493798
3824337 duration 1 341433
3824395 duration 2 110722
3824989 duration 2 153457
3825056 duration 1 508985
3825208 duration 2 126261
3825227 duration 2 123363
3825248 duration 2 72194
3825270 duration 2 169351
3825295 duration 2 151310
3848639 duration 8 386997
3854493 duration 1 17320
3856902 duration 8 193107
3859740 duration 8 343534
3860112 duration 4 386982
3862014 duration 1 138655
3862062 duration 1 179355
3864284 duration 1 38564
3868601 duration 8 408420
3869006 duration 16 265227
3871263 duration 1 22418
3872248 duration 8 124398
3877061 duration 1 11136
3877906 duration 1 101
3877928 duration 1 107
3877960 duration 1 101
3878018 duration 1 102
3879503 duration 1 109
3903412 duration 1 160182
3903538 duration 2 63987
3961825 duration 4 36341
3961846 duration 4 35260
3962220 duration 4 48985
3962282 duration 4 44252
3962439 duration 4 24858
3964272 duration 4 24108
3964997 duration 4 34619
3965240 duration 4 28396
3973237 duration 2 107399
3980330 duration 1 21577
3986215 duration 1 39134
3986651 duration 4 32085
3990796 duration 4 49377
3996243 duration 1 66646
4001385 duration 4 74894
4002509 duration 8 455528
4024773 duration 8 188598
4032405 duration 4 25827
4041691 duration 1 10568
4046691 duration 4 57714
4056617 duration 8 175725
4066380 duration 8 152423
4067397 duration 4 55026
4067569 duration 4 52525
4067628 duration 4 90692
4070625 duration 16 231731
4070994 duration 16 260442
4071830 duration 8 391249
4076694 duration 8 792895
4080802 duration 8 169599
4080827 duration 8 150076
4080861 duration 8 167686
4082387 duration 8 322280
4099715 duration 8 183027
4113661 duration 4 45875
4114407 duration 1 124368
4114435 duration 1 330354
4114463 duration 1 170448
4116480 duration 4 31809
4122089 duration 1 60394
4134950 duration 4 271934
4135064 duration 4 422340
4137779 duration 4 59341
4139052 duration 8 209413
4149473 duration 8 228352
4153713 duration 8 14371
4165412 duration 8 182462
4166064 duration 4 36433
4182129 duration 8 217849
4183389 duration 1 43252
4196800 duration 8 194029
4197925 duration 1 73355
4201113 duration 1 42215
4214528 duration 2 33816
4215209 duration 4 28823
4215340 duration 4 24777
4216471 duration 2 36319
4221719 duration 8 446977
4224315 duration 4 23830
4224357 duration 4 33225
4224598 duration 4 25432
4227203 duration 8 6911
4235713 duration 1 51368
4237272 duration 8 3539
4237606 duration 1 5845
4241533 duration 8 258953
4243771 duration 8 34576
4248915 duration 4 23522
4249143 duration 4 42411
4249305 duration 4 32579
4250955 duration 8 20983
4251303 duration 1 27442
4253126 duration 1 31342
4256204 duration 8 211770
4268554 duration 1 10971
4275790 duration 8 340906
4286708 duration 16 99438
4286738 duration 8 928157
4286764 duration 8 931749
4286947 duration 1 52733
4287589 duration 8 688616
4287970 duration 1 3666
4292211 duration 16 152645
4297009 duration 1 22109
4299107 duration 1 10753
4302914 duration 1 25114
4303037 duration 8 409785
4318702 duration 1 55299
4318769 duration 1 70388
4328564 duration 2 250324
4332930 duration 1 73349
4333315 duration 1 53768
4333315 duration 1 30517
4334148 duration 1 58098
4335271 duration 4 48422
4336240 duration 4 29029
4337610 duration 2 134855
4337844 duration 4 26872
4346287 duration 1 14269
4361465 duration 8 228123
4364027 duration 8 247620
4367584 duration 4 28968
4368561 duration 1 22104
4371445 duration 1 152910
4377033 duration 8 414587
4380132 duration 1 75813
4380133 duration 1 70078
4380194 duration 1 66146
4380195 duration 1 58515
4380195 duration 1 57607
4380197 duration 1 79698
4380197 duration 1 72051
4380197 duration 1 52312
4380198 duration 1 75215
4382214 duration 8 362965
4391442 duration 1 8262
4394335 duration 16 161361
4401413 duration 4 25686
4401445 duration 4 14345
4411665 duration 4 10079
4411680 duration 1 59415
4416863 duration 4 15812
4419426 duration 4 25533
4419510 duration 1 28789
4446303 duration 1 61096
4447165 duration 1 11333
4448972 duration 8 978530
4456542 duration 4 14850
4456926 duration 4 22387
4458207 duration 4 14035
4459194 duration 4 7813
4459359 duration 8 218004
4460553 duration 4 7696
4461407 duration 4 9181
4461468 duration 4 9848
4470732 duration 8 860926
4484852 duration 4 14110
4484906 duration 4 22424
4499058 duration 4 15673
4507849 duration 8 428340
4512381 duration 4 12634
4512943 duration 4 20683
4513916 duration 4 19241
4514711 duration 4 20150
4532871 duration 8 39233
4535517 duration 1 27052
4536309 duration 8 118503
4552147 duration 4 18761
4562986 duration 8 52616
4569569 duration 4 19258
4569911 duration 4 28605
4570021 duration 4 18948
4570583 duration 4 7796
4583684 duration 8 150139
4583919 duration 1 172398
4583942 duration 4 60605
4584791 duration 8 30240
4586225 duration 2 95871
4586609 duration 2 26541
4589412 duration 1 11452
4590113 duration 8 217000
4592354 duration 1 55256
4592759 duration 1 7755
4595126 duration 4 4328
4600500 duration 16 163396
4600777 duration 8 820816
4600994 duration 8 407937
4601679 duration 1 8495
4606833 duration 1 34709
4610682 duration 8 417534
4614898 duration 1 13859
4617049 duration 8 99338
4624172 duration 1 20253
4624351 duration 1 10482
4624372 duration 1 11936
4624487 duration 1 42847
4629817 duration 1 12345
4629837 duration 1 10915
4631852 duration 1 11147
4633564 duration 1 27369
4637056 duration 1 7404
4641339 duration 4 240441
4641404 duration 4 391074
4656745 duration 4 14278
4656983 duration 4 32547
4658658 duration 4 55780
4663547 duration 8 738818
4666487 duration 2 10189
4680002 duration 1 116385
4680333 duration 4 73331
4686349 duration 8 356064
4696166 duration 8 160831
4714080 duration 8 145569
4726342 duration 4 4063
4735555 duration 4 4581
4741358 duration 4 15295
4741907 duration 4 12830
4743046 duration 4 14393
4756412 duration 8 6442
4766830 duration 1 20963
4770140 duration 8 235756
4770545 duration 8 237996
4771686 duration 8 315269
4788270 duration 16 176729
4825223 duration 8 226321
4825503 duration 8 253663
4841195 duration 1 42956
4842446 duration 8 11927
4848169 duration 2 61816
4854954 duration 2 28037
4856177 duration 2 27431
4860879 duration 16 34
4861054 duration 16 42
4862711 duration 8 31886
4862989 duration 1 96375
4863804 duration 2 19778
4863827 duration 2 27819
4863925 duration 16 308335
4864934 duration 1 23270
4866975 duration 1 60347
4887742 duration 8 265557
4888000 duration 4 6442
4888187 duration 4 21557
4891948 duration 16 288467
4893717 duration 4 3800
4897415 duration 1 11411
4902213 duration 4 126170
4904801 duration 8 149007
4908480 duration 4 191950
4910392 duration 4 22845
4920304 duration 8 370240
4927109 duration 1 30195
4927463 duration 16 51
4927476 duration 16 47
4940264 duration 1 6828
4940846 duration 16 254372
4946009 duration 8 398425
4951679 duration 1 62338
4951922 duration 1 27618
4954435 duration 1 65589
4955245 duration 1 26416
4958104 duration 8 875130
4960069 duration 8 192422
4980765 duration 8 66067
4985112 duration 8 198664
5004792 duration 1 61685
5022791 duration 8 11398
5023336 duration 1 6433
5030182 duration 8 64519
5030461 duration 8 2034
5030891 duration 1 21285
5032760 duration 1 8026
5035104 duration 16 115792
5036483 duration 8 1978
5048814 duration 8 42
5051996 duration 16 110052
5052157 duration 8 108065
5052611 duration 16 182000
5103628 duration 8 237877
5108409 duration 8 200193
5110183 duration 8 785740
5159449 duration 8 126137
5159505 duration 16 90268
5163928 duration 16 129299
5185955 duration 8 144248
5188141 duration 8 745815
5190027 duration 4 656335
5190132 duration 4 795616
5195715 duration 8 359487
5195754 duration 8 500314
5199667 duration 2 24081
5201263 duration 8 202915
5201652 duration 16 35
5201716 duration 16 30
5202138 duration 16 21
5202548 duration 16 20
5205719 duration 8 2011
5207004 duration 4 96861
5207678 duration 16 69
5208559 duration 16 68
5208811 duration 16 73
5209704 duration 8 22935
5261788 duration 2 57924
5261834 duration 4 44173
5285332 duration 8 134696
5285936 duration 8 53305
5288235 duration 8 10648
5300707 duration 16 40
5301621 duration 16 76
5319206 duration 1 17090
5336798 duration 8 56326
5340976 duration 4 207685
5344676 duration 1 12829
5347595 duration 1 165615
5359605 duration 16 191
5362764 duration 8 139088
5363685 duration 8 162121
5364331 duration 8 22785
5364639 duration 8 15115
5365099 duration 8 143716
5367772 duration 1 8499
5375311 duration 1 30195
5378674 duration 8 108550
5385743 duration 8 39459
5391552 duration 8 31265
5394157 duration 8 121655
5412207 duration 1 557
5412872 duration 1 748
5430327 duration 1 837
5440461 duration 8 124557
5443296 duration 8 50232
5444055 duration 8 171486
5446267 duration 8 36701
5458342 duration 8 1740
5459994 duration 8 243342
5464339 duration 4 33392
5464996 duration 4 28174
5465023 duration 4 14075
5466404 duration 2 23954
5466796 duration 8 130089
5466934 duration 8 293023
5467832 duration 2 26211
5470740 duration 8 3569
5487147 duration 1 11922
5499441 duration 8 34075
5501303 duration 1 36
5514442 duration 1 23210
5517504 duration 1 48545
5517508 duration 1 46628
5517513 duration 1 44036
5517517 duration 1 42778
5517520 duration 1 41011
5517525 duration 1 39115
5517529 duration 1 36931
5517532 duration 1 34673
5517537 duration 1 33175
5517541 duration 1 31427
5517545 duration 1 41123
5517549 duration 1 38600
5517554 duration 1 36881
5517557 duration 1 35069
5517561 duration 1 32925
5517569 duration 1 29073
5517573 duration 1 26889
5517577 duration 1 34943
5518051 duration 1 48223
5518055 duration 1 46030
5518062 duration 1 42744
5518067 duration 1 40384
5518071 duration 1 38512
5518074 duration 1 36731
5518082 duration 1 32780
5518085 duration 1 30785
5518090 duration 1 28592
5518093 duration 1 26979
5518097 duration 1 45640
5518101 duration 1 22889
5518104 duration 1 21410
5518109 duration 1 22899
5518113 duration 1 21204
5518116 duration 1 19147
5518120 duration 1 19341
5518123 duration 1 17535
5518127 duration 1 17586
5518131 duration 1 15726
5518135 duration 1 17173
5518138 duration 1 15519
5518142 duration 1 15606
5518146 duration 1 15560
5526801 duration 1 6666
5526815 duration 1 8617
5526834 duration 4 5104
5526852 duration 4 5099
5529352 duration 8 69863
5529680 duration 1 1880
5529704 duration 1 1319
5529720 duration 1 1906
5529735 duration 1 1721
5529796 duration 1 1783
5529831 duration 1 1759
5529849 duration 1 1343
5529864 duration 1 1770
5549090 duration 8 23790
5550284 duration 1 17602
5554988 duration 1 11701
5561338 duration 8 302911
5582734 duration 1 27999
5588755 duration 1 47865
5588759 duration 1 46493
5588763 duration 1 44676
5588767 duration 1 42155
5588771 duration 1 40605
5588774 duration 1 39404
5588778 duration 1 36589
5588781 duration 1 34948
5588785 duration 1 33231
5588789 duration 1 30907
5588793 duration 1 28821
5588797 duration 1 26925
5588801 duration 1 25232
5588805 duration 1 23205
5588808 duration 1 21192
5588812 duration 1 22965
5588820 duration 1 19089
5588824 duration 1 19459
5588827 duration 1 17183
5588831 duration 1 17483
5588834 duration 1 15685
5588838 duration 1 16973
5588855 duration 1 15598
5588859 duration 1 15741
5588862 duration 1 15817
5588866 duration 1 15659
5588869 duration 1 13685
5613170 duration 8 851245
5632789 duration 8 364812
5780030 duration 8 600338
5780236 duration 8 1025731
5794502 duration 16 234709
5797517 duration 8 133
5797615 duration 8 109
5798310 duration 4 59322
5800622 duration 8 165
5806358 duration 16 67748
5809368 duration 8 81642
5810914 duration 16 67500
5810949 duration 16 91949
5845450 duration 8 22232
5847662 duration 8 104562
5847663 duration 1 34634
5847684 duration 1 17233
5847687 duration 8 115276
5847740 duration 8 61046
5847741 duration 8 153189
5847784 duration 8 431909
5847791 duration 8 56790
5847902 duration 8 47240
5847905 duration 1 101801
5847912 duration 1 64891
5852599 duration 8 865718
5860132 duration 8 294385
5865533 duration 8 48152
5869997 duration 8 360572
5873363 duration 1 29336
5875430 duration 1 3918
5875449 duration 1 2435
5875466 duration 1 3691
5879434 duration 8 394500
5883014 duration 8 753392
5884203 duration 8 409922
5889941 duration 8 22306
5891583 duration 8 26853
5895959 duration 4 541135
5899508 duration 8 91839
5900449 duration 8 306168
5900690 duration 8 98123
5902744 duration 8 282544
5902747 duration 8 270509
5903175 duration 8 827776
5913106 duration 1 7200
5915645 duration 8 112630
5940117 duration 4 233725
5940846 duration 8 75834
5944557 duration 8 840769
5950177 duration 8 142405
5968370 duration 8 112530
5973771 duration 8 113938
5979660 duration 8 22773
5980437 duration 8 252548
5980836 duration 8 22816
5982237 duration 8 910952
5985678 duration 8 241566
5986549 duration 16 87
5992636 duration 8 134596
5999937 duration 8 22626
6000700 duration 8 112086
6001133 duration 8 175041
6003186 duration 8 311345
6013251 duration 1 38847
6025708 duration 16 736325
6037453 duration 8 133642
6047954 duration 8 247411
6049554 duration 8 416882
6051458 duration 8 337914
6051551 duration 8 22902
6065531 duration 8 250720
6066166 duration 8 253958
6067661 duration 8 669016
6070461 duration 1 21402
6070834 duration 1 65232
6070908 duration 1 67532
6070974 duration 1 29461
6071006 duration 1 26078
6071043 duration 1 18272
6071513 duration 1 32147
6071589 duration 1 34581
6071859 duration 1 33376
6075047 duration 8 173668
6076536 duration 8 61189
6083668 duration 1 15783
6086466 duration 8 113126
6096014 duration 8 249734
6096721 duration 8 22713
6097229 duration 8 46
6099921 duration 8 190993
6134323 duration 8 585236
6136105 duration 8 145341
6138924 duration 16 107371
6139637 duration 1 65135
6139976 duration 1 32250
6146279 duration 8 1067670
6149231 duration 8 113459
6150822 duration 8 105077
6152351 duration 8 344239
6153156 duration 1 14883
6155067 duration 8 371919
6156512 duration 8 347651
6156734 duration 8 608858
6158027 duration 8 131183
6162382 duration 8 118165
6162691 duration 8 32239
6168544 duration 8 186799
6170127 duration 16 347545
6171691 duration 1 62575
6211863 duration 8 31619
6234706 duration 8 807439
6261184 duration 1 1602
6261214 duration 1 1811
6261229 duration 1 1768
6261263 duration 1 1763
6261672 duration 16 353444
6281472 duration 16 341346
6287354 duration 16 340881
6323229 duration 8 53465
6325660 duration 8 53003
6329219 duration 8 58892
6407455 duration 8 29751
6407484 duration 8 1066894
6423089 duration 16 11277
6444118 duration 2 49998
6444149 duration 2 47606
6444172 duration 2 59667
6444194 duration 2 49695
6444225 duration 2 59540
6444263 duration 2 51769
6444283 duration 2 50169
6444309 duration 2 56881
6444362 duration 2 55844
6444385 duration 2 71399
6450577 duration 8 112144
6452716 duration 1 174787
6455239 duration 2 24478
6455244 duration 2 25641
6455401 duration 2 27626
6456259 duration 2 22113
6456877 duration 2 25264
6459849 duration 2 25126
6463556 duration 2 20883
6463956 duration 2 19886
6464110 duration 2 25236
6465489 duration 2 25595
6465527 duration 2 17738
6465679 duration 2 29365
6465828 duration 2 19747
6465859 duration 2 19263
6466193 duration 2 28327
6466380 duration 2 29025
6472119 duration 8 115988
6473055 duration 8 81131
6482964 duration 8 154708
6483849 duration 8 242280
6483911 duration 8 264663
6487609 duration 8 180183
6503287 duration 1 30088
6505546 duration 8 201029
6508749 duration 8 204615
6527082 duration 8 112921
6533913 duration 8 155776
6534395 duration 8 123856
6557238 duration 1 20017
6557503 duration 8 35
6577738 duration 8 110573
6590054 duration 2 26849
6590235 duration 1 9670
6590247 duration 8 449688
6590395 duration 1 10542
6590976 duration 2 24805
6591710 duration 4 121632
6592273 duration 2 23719
6595053 duration 4 132657
6598615 duration 16 78055
6598677 duration 16 73728
6598739 duration 16 85807
6601028 duration 2 23461
6601088 duration 2 25348
6602626 duration 2 30979
6604126 duration 2 29809
6607899 duration 8 136249
6608326 duration 2 20861
6617556 duration 2 32064
6622767 duration 8 39021
6646846 duration 1 27910
6648542 duration 8 185455
6653202 duration 4 117669
6653463 duration 8 235108
6654361 duration 16 891488
6654732 duration 1 12445
6660391 duration 8 346965
6690954 duration 8 157066
6699214 duration 2 13316
6699398 duration 2 25346
6699403 duration 2 17223
6699862 duration 2 25357
6700137 duration 2 13290
6700387 duration 2 22366
6700569 duration 2 22585
6701212 duration 2 28270
6701398 duration 2 21840
6702702 duration 2 22443
6739666 duration 4 209227
6739705 duration 4 130858
6739770 duration 4 119448
6739832 duration 4 119203
6739915 duration 4 119077
6740206 duration 8 631875
6742350 duration 1 1194
6743211 duration 1 1176
6748395 duration 1 39793
6748488 duration 1 48732
6778679 duration 4 4893
6778766 duration 4 166199
6778767 duration 4 5062
6797830 duration 8 254301
6822247 duration 8 5808
6830503 duration 8 90525
6854435 duration 8 175314
6896383 duration 8 5136
6904656 duration 8 141716
6915870 duration 4 4275
6921303 duration 2 157333
6922323 duration 8 209970
6922699 duration 8 4366
6927320 duration 8 58728
6928604 duration 1 29337
6939207 duration 2 46136
6939249 duration 4 29060
6945219 duration 1 945
6959091 duration 4 37454
6963464 duration 8 646452
6994164 duration 1 11149
7002295 duration 4 7848
7002441 duration 4 10601
7004767 duration 4 2163
7004812 duration 4 13206
7006588 duration 4 43
7010573 duration 8 352409
7011182 duration 4 17226
7016611 duration 4 1585
7017031 duration 16 21077
7017280 duration 4 1989
7017307 duration 16 10607
7022231 duration 8 51003
7022267 duration 4 449318
7024742 duration 8 134942
7038101 duration 4 24843
7038509 duration 4 13071
7040725 duration 4 12607
7043724 duration 2 22901
7046185 duration 8 126345
7046201 duration 4 15865
7046282 duration 1 33239
7048841 duration 8 721398
7057085 duration 1 2748
7064376 duration 1 12813
7090354 duration 2 35113
7097900 duration 1 3550
7098507 duration 1 32017
7100853 duration 16 177257
7107101 duration 16 242098
7114765 duration 8 57418
7115684 duration 4 152582
7115793 duration 4 149252
7117878 duration 8 56059
7125250 duration 1 28786
7127882 duration 1 27061
7128217 duration 1 17701
7141312 duration 8 283602
7141740 duration 1 63360
7145655 duration 8 497801
7148891 duration 8 278065
7154601 duration 8 117371
7176822 duration 8 525503
7182756 duration 16 213511
7187091 duration 16 35
7187425 duration 16 184816
7204186 duration 1 32161
7223607 duration 16 14107
7224336 duration 16 13582
7252691 duration 8 74108
7272827 duration 8 4174
7306460 duration 4 13696
7307439 duration 1 18668
7318788 duration 1 18013
7323681 duration 4 5495
7324834 duration 1 18633
7327018 duration 8 136486
7327311 duration 4 1322
7330748 duration 8 164506
7335333 duration 4 1549
7337752 duration 1 27999
7343479 duration 8 853
7343484 duration 16 904
7343490 duration 16 819
7347181 duration 4 25775
7355170 duration 1 18270
7359302 duration 16 16248
7359428 duration 8 23606
7360671 duration 16 83768
7364474 duration 8 94049
7376307 duration 8 134329
7377399 duration 8 145039
7378177 duration 1 18626
7381517 duration 2 22179
7405905 duration 1 3543
7406275 duration 1 3399
7412688 duration 8 124125
7416950 duration 1 3361
7416956 duration 1 3347
7429616 duration 1 5649
7429623 duration 1 4246
7430257 duration 4 3395
7430263 duration 8 2203
7430270 duration 16 2405
7430275 duration 16 2479
7430282 duration 16 3071
7431539 duration 1 6268
7433827 duration 1 3437
7477041 duration 2 32769
7537598 duration 1 31859
7539292 duration 1 32385
7539403 duration 16 13481
7603257 duration 8 60928
7607291 duration 4 59839
7612384 duration 2 23009
7621222 duration 1 34028
7635021 duration 16 36
7635356 duration 16 160
7643996 duration 1 18774
7661567 duration 8 49969
7671334 duration 8 416
7680476 duration 1 2190
7680480 duration 4 2263
7681869 duration 1 2249
7681873 duration 4 3653
7681877 duration 8 4465
7681881 duration 16 6352
7681885 duration 16 12882
7681889 duration 16 28847
7687131 duration 1 6918
7688275 duration 16 8215
7689425 duration 1 2152
7689430 duration 4 2187
7689434 duration 8 2381
7689438 duration 16 3267
7689442 duration 16 4108
7689450 duration 16 4322
7689813 duration 8 44258
7690051 duration 1 18463
7691799 duration 1 2171
7691803 duration 4 4009
7691807 duration 8 9406
7691811 duration 16 31373
7691814 duration 16 16262
7692033 duration 2 39525
7695632 duration 8 76977
7707789 duration 2 31394
7708133 duration 1 20086
7708175 duration 1 19340
7708187 duration 1 19539
7708187 duration 2 13590
7708779 duration 16 79
7709269 duration 16 51
7710073 duration 2 20154
7710293 duration 2 16090
7711306 duration 16 50
7713105 duration 16 3173
7713672 duration 1 2128
7713676 duration 4 2598
7713680 duration 8 2309
7713684 duration 16 4748
7713689 duration 16 2510
7713694 duration 1 2088
7713699 duration 4 2583
7713703 duration 8 2272
7713707 duration 16 2382
7713712 duration 16 3165
7714385 duration 1 29641
7716120 duration 16 42
7718445 duration 8 64080
7733320 duration 8 26532
7754075 duration 1 1928
7754079 duration 4 4572
7754084 duration 8 5389
7754087 duration 16 8035
7754091 duration 16 14262
7754231 duration 1 4085
7760257 duration 1 4086
7760261 duration 4 7460
7760265 duration 8 5146
7760269 duration 16 5005
7760273 duration 16 4619
7760281 duration 16 7673
7767497 duration 1 6603
7879851 duration 16 654
7893514 duration 4 62
7951593 duration 8 39783
7963184 duration 4 67
7963833 duration 1 36609
7975639 duration 8 38271
7978586 duration 8 57970
8000620 duration 1 81684
8283515 duration 8 165656
8295461 duration 8 23188
8297451 duration 2 6
8297518 duration 4 3
8297616 duration 2 99103
8297670 duration 4 224849
8297777 duration 16 4
8297832 duration 16 4
8297870 duration 16 2
8297903 duration 16 9
8298713 duration 1 2976
8307883 duration 16 2
8308037 duration 4 40604
8308093 duration 4 5
8315428 duration 8 22010
8317868 duration 8 134843
8325386 duration 1 3
8326470 duration 1 7186
8342306 duration 8 3002
8350994 duration 1 16628
8368030 duration 8 81222
8387339 duration 8 4398
8387422 duration 8 2423
8387445 duration 8 2233
8388752 duration 1 52521
8398248 duration 1 4
8398327 duration 1 5
8398449 duration 1 7
8398836 duration 1 6
8398974 duration 2 50
8399036 duration 4 40
8399151 duration 2 4
8399183 duration 4 5
8399653 duration 4 6
8399980 duration 8 4
8400293 duration 16 4
8400356 duration 16 4
8400394 duration 16 1
8400905 duration 8 2
8400986 duration 1 34
8401038 duration 2 41
8401078 duration 8 3
8403978 duration 8 1771
8405151 duration 8 1
8406954 duration 8 2
8482270 duration 1 802
8482522 duration 1 792
8482751 duration 1 827
8482862 duration 1 5
8482949 duration 1 4
8482983 duration 1 597
8483037 duration 1 2
8483063 duration 1 2
8483206 duration 1 533
8483231 duration 1 552
8483533 duration 1 563
8483590 duration 1 6
8483632 duration 1 1
8483664 duration 1 5
8483692 duration 1 619
8483756 duration 1 4
8483790 duration 1 838
8483833 duration 1 860
8484596 duration 1 853
8484641 duration 1 2
8484685 duration 1 6
8484725 duration 1 6
8484756 duration 1 1016
8484779 duration 1 1035
8484801 duration 1 5
8485014 duration 1 3
8485051 duration 1 990
8485123 duration 1 790
8485142 duration 1 3
8485164 duration 1 5
8485183 duration 1 794
8485214 duration 1 800
8485236 duration 1 809
8485261 duration 1 5
8485306 duration 1 4
8485337 duration 1 6
8485391 duration 1 1
8485418 duration 1 5
8485442 duration 1 520
8485478 duration 1 3
8485508 duration 1 878
8485538 duration 1 593
8485570 duration 1 530
8485593 duration 1 3
8485651 duration 1 2
8485681 duration 1 845
8485710 duration 1 4
8485729 duration 1 1220
8485754 duration 1 3
8485772 duration 1 825
8485795 duration 1 4
8485826 duration 1 5
8485850 duration 1 1
8485879 duration 1 5
8485892 duration 1 1
8486074 duration 1 6
8486091 duration 1 675
8486120 duration 1 5
8486137 duration 1 748
8486161 duration 1 4
8486202 duration 1 793
8486229 duration 1 2
8486244 duration 1 1
8486261 duration 1 819
8486285 duration 1 3
8486307 duration 1 595
8486335 duration 1 623
8486361 duration 1 915
8486382 duration 1 5
8486425 duration 1 3
8486447 duration 1 3
8488276 duration 1 3398
8492027 duration 1 5
8492133 duration 1 1
8492190 duration 1 1012
8492254 duration 1 7
8492779 duration 1 619
8492813 duration 1 5
8492852 duration 1 6
8492939 duration 1 618
8492974 duration 1 1
8493384 duration 1 535
8493434 duration 1 717
8493453 duration 1 10
8493473 duration 1 7
8493493 duration 1 4
8493512 duration 1 6
8493530 duration 1 637
8493555 duration 1 3
8493571 duration 1 1006
8493594 duration 1 8
8493619 duration 1 2
8493640 duration 1 816
8493671 duration 1 819
8493706 duration 1 520
8493737 duration 1 674
8493755 duration 1 3
8493771 duration 1 3
8493812 duration 1 4
8497473 duration 8 37265
8497813 duration 8 24407
8497919 duration 1 2
8528929 duration 8 32609
8556196 duration 1 1012
8556254 duration 1 963
