Job#,Admitted_time,Scheduled_time,JCT,Running_time,fairness(Mm),fairness(1/n),fairness(1/n-down),fairness(GPU_load),fairness(GPU_share),locality(dist),locality(bit),yield_count,n_avg,promote_count,model,gpu_req,rank_irt,ideal_run_time
Job1,0,0,801678111,801678111,0.995952,0.93814,1,0.938325,1.00407,1,1,0,6.22753,0,VGG19,1,377,801678111
Job2,14987000,14987000,905793544,905793544,0.996417,0.944852,1,0.944923,1.0036,1,1,0,6.47387,0,BERTLARGE,1,379,905793544
Job3,333610000,333610000,238513630,238513630,0.999947,0.980947,1,0.98115,1.00005,1,1,0,5.57685,0,ResNeXt,1,358,238513630
Job4,337642000,337642000,29767420,29767420,1,1,1,1.00242,1,1,1,0,4,0,BERTLARGE,1,253,29767420
Job5,411449000,411449000,200828584,200828584,0.990744,0.899055,1,0.899345,1.00935,1,1,0,8.65172,0,BERTLARGE,1,348,200828584
Job6,423176000,423176000,2389013,2389013,1,1,0.413501,1.05755,1,1,1,0,5,0,ResNet50,8,88,2389013
Job7,428623000,428623000,252645374,252645374,0.987154,0.826967,1,0.827091,1.01302,1,1,0,10.8736,0,GPT2_SMALL,1,362,252645374
Job8,449352000,449352000,8692830,8692830,1,1,1,1.00583,1,1,1,0,6,0,ResNeXt,1,164,8692830
Job9,459376000,459376000,7989201,7989201,1,1,1,1.02568,1,1,1,0,6,0,GNMT,1,160,7989201
Job10,501790000,501790000,19294222,19294222,1,1,0.629188,1.00239,1,1,1,0,6.36303,0,GPT2_SMALL,4,228,19294222
Job11,514234000,514234000,146643635,146643635,0.977894,0.769749,1,0.770558,1.02264,1,1,0,13.534,0,GNMT,1,330,146643635
Job12,520930000,520930000,7467187,7467187,1,1,1,1.00742,1,1,1,0,7.02065,0,ResNet50,1,154,7467187
Job13,528694000,528694000,16155050,16155050,1,1,0.554024,1.00686,1,1,1,0,7.24198,0,ResNet50,4,209,16155050
Job14,543023000,543023000,4380383,4380383,1,1,1,1.04784,1,1,1,0,9.0456,0,GNMT,1,104,4380383
Job15,543736000,543736000,54957374,54957374,0.966284,0.759535,1,0.76164,1.03502,1,1,0,14.2804,0,GNMT,1,287,54957374
Job16,543879000,543879000,1775717,1775717,1,1,1,1.10475,1,1,1,0,9.54629,0,VGG19,1,80,1775717
Job17,545712000,545712000,26402800,26402800,0.724822,0.851012,0.338151,0.852277,1.38031,1,1,0,11.8427,0,GPT2_SMALL,4,248,26402800
Job18,547547000,547547000,29012153,29012153,0.647885,0.814676,0.319865,0.8172,1.54555,1,1,0,12.5377,0,ResNet50,4,251,29012153
Job19,554770000,554770000,60527026,48013150,1.22499,0.909227,1.26437,0.909915,0.818776,1,1,2,15.6961,0,ResNeXt,1,277,47871310
Job20,555814000,568822975,73274657,60265682,1.16552,0.85831,1.20696,0.858771,0.85801,1,1,0,16.118,0,GPT2_SMALL,1,291,60265682
Job21,560117000,562220000,8705975,6602975,1.31849,1.02274,1.31849,1.04734,0.758442,1,1,0,14.0412,0,GNMT,1,145,6602975
Job22,560303000,572114800,141471889,92235713,1.50479,1.12298,1.5401,1.12347,0.667282,1,1,5,15.3397,0,ResNet50,1,303,91858672
Job23,564407000,572114800,266584515,177843087,1.48463,1.25842,1.50293,1.25869,0.67534,1,1,7,12.5343,0,GPT2_SMALL,1,343,177376894
Job24,566107000,572123630,160044659,105566660,1.50147,1.1605,1.5325,1.16192,0.673262,1,1,6,14.6863,0,VGG19,1,314,104433532
Job25,566704000,572420000,26353579,18837579,0.378989,0.96499,0.347849,0.973669,2.75519,0.5,0,1,16.803,0,VGG19,4,225,18220701
Job26,570420000,574346532,132013689,93036132,1.38964,1.03802,1.42464,1.0386,0.722511,1,1,4,15.4031,0,BERTLARGE,1,304,92664370
Job27,571900000,572114800,2446532,1631732,1.56404,1.12028,1.57188,1.14922,0.67042,1,1,1,15.4901,0,ResNet50,1,78,1556440
Job28,573586000,576559153,9853076,6879923,0.392872,0.976523,0.353324,0.98436,2.56718,1,1,0,16.3577,0,ResNeXt,4,148,6879923
Job29,576731000,598693374,154548358,101967372,1.48839,1.17044,1.52017,1.17093,0.673875,1,1,4,14.5125,0,ResNet50,1,312,101664952
Job30,577431000,580820000,8404305,5015305,1.55112,1.14409,1.54916,1.17093,0.646361,1,1,0,17.3526,0,VGG19,1,126,5015305
Job31,577612000,623167058,214142259,138319343,1.52637,1.2762,1.54976,1.27659,0.655825,1,1,2,13.2514,0,ResNeXt,1,327,138177790
Job32,582485000,593057579,40682058,30109479,0.330936,0.962733,0.32683,0.968311,3.10003,0.5,0,0,16.9652,0,VGG19,4,252,29534281
Job33,584215000,623167058,188785208,123739642,1.50771,1.24787,1.53034,1.24927,0.665302,1,1,2,13.4382,0,VGG19,1,320,123361893
Job34,585265000,586820000,7281455,5726455,1.11508,0.820688,1.11444,0.825807,0.897864,1,1,0,18.2775,0,ResNet50,1,134,5726455
Job35,591096000,598820000,28191520,20467520,0.339248,0.967988,0.333879,0.974681,2.96962,0.333333,0,0,16.6249,0,GNMT,4,232,20467520
Job36,613103000,623167058,931773989,874835485,1.06484,1.03311,1.06643,1.03334,0.940292,1,1,5,5.12455,0,GNMT,1,378,873733642
Job37,614832000,618020000,11013690,7825690,1.27274,0.966791,1.27042,0.984067,0.787676,1,1,0,17.77,0,GNMT,1,159,7825690
Job38,615312000,619220000,11479018,7571018,1.36805,1.02896,1.36574,1.04774,0.732907,1,1,0,17.8103,0,GNMT,1,156,7571018
Job39,616295000,619287520,10356204,7363684,1.26062,0.94748,1.25854,0.953754,0.794069,1,1,0,17.8982,0,BERTLARGE,1,153,7363684
Job40,622648000,627020000,24136429,19764429,0.383391,0.813612,0.320166,0.820343,2.68228,0.333333,0,0,15.6999,0,VGG19,4,229,19388469
Job41,622933000,630620000,27055668,19368668,0.464617,0.937007,0.364947,0.940591,2.17447,0.333333,0,0,15.4743,0,ResNet50,4,227,19245116
Job42,623774000,639620000,35753553,19907553,0.575787,1.23121,0.458749,1.23423,1.73006,0.333333,0,0,15.6031,0,BERTLARGE,4,231,20032795
Job43,650398000,650420000,7094713,7072713,0.99967,0.841083,1.00311,0.858213,1.00041,1,1,0,15.9783,0,VGG19,1,151,7072713
Job44,650662000,653420000,8866270,6108270,1.41738,1.08867,1.41488,1.09545,0.705666,1,1,0,16.4178,0,ResNeXt,1,138,6108270
Job45,650712000,653420000,9734139,7026139,1.35573,1.02193,1.35306,1.02786,0.737737,1,1,0,16.3857,0,ResNet50,1,150,7026139
Job46,657069000,660020000,18880079,15929079,0.382367,0.791801,0.317302,0.799968,2.69468,0.5,0,0,15.4083,0,VGG19,4,205,15626985
Job47,657823000,666020000,24697874,16500874,0.573401,1.0364,0.398544,1.0384,1.75436,0.333333,0,0,15.1166,0,GPT2_SMALL,4,210,16431736
Job48,657902000,664220000,22221429,15903429,0.471291,0.956748,0.377027,0.966881,2.18579,0.5,0,0,15.2868,0,VGG19,4,204,15601829
Job49,666213000,680123429,142163851,128253422,1.10846,1.05925,1.10846,1.06058,0.902152,1,1,0,10.853,0,VGG19,1,323,128253422
Job50,670037000,681268374,223943624,212712250,1.0528,1.03116,1.0528,1.03137,0.949847,1,1,0,9.55529,0,GPT2_SMALL,1,353,212712250
Job51,719168000,719168000,93535841,93535841,1,1,1,1.00214,1,1,1,0,9.85791,0,GNMT,1,305,93535841
Job52,720082000,720082000,436997208,436997208,1,1,1,1.00046,1,1,1,0,5.87156,0,GNMT,1,373,436997208
Job53,769562000,769562000,177881630,177881630,1,1,1,1.00028,1,1,1,0,7.65205,0,ResNeXt,1,344,177881630
Job54,811311000,811311000,85632110,85632110,1,1,1,1.00059,1,1,1,0,7.64315,0,ResNeXt,1,300,85632110
Job55,832094000,832094000,3256190,3256190,1,1,1,1.01571,1,1,1,0,7,0,ResNeXt,1,96,3256190
Job56,835575000,835575000,24187487,24187487,1,1,0.542067,1.00457,1,1,1,0,7.3946,0,ResNet50,4,244,24187487
Job57,850218000,850218000,128024350,128024350,1,1,1,1.00039,1,1,1,0,6.66345,0,ResNeXt,1,322,128024350
Job58,860395000,860395000,3026339,3026339,1,1,1,1.05891,1,1,1,0,8.01102,0,VGG19,1,95,3026339
Job59,863388000,863388000,24100408,24100408,1,1,0.473059,1.00837,1,1,1,0,8.49289,0,GNMT,4,243,24100408
Job60,875643000,875643000,602386590,602386590,1,1,1,1.00008,1,1,1,0,3.04069,0,ResNeXt,1,376,602386590
Job61,905784000,905784000,7652670,7652670,1,1,1,1.00662,1,1,1,0,7,0,ResNeXt,1,157,7652670
Job62,913581000,913581000,34581369,34581369,1,1,0.648087,1.00709,1,1,1,0,6.18741,0,VGG19,4,261,34581369
Job63,948890000,948890000,5474260,5474260,1,1,1,1.01015,1,1,1,0,5,0,ResNet50,1,130,5474260
Job64,954486000,954486000,26729860,26729860,1,1,0.81846,1.00173,1,1,1,0,4.88876,0,GPT2_SMALL,4,249,26729860
Job65,1656081000,1656081000,51724434,51724434,1,1,1,1.00089,1,1,1,0,3.91516,0,GPT2_SMALL,1,284,51724434
Job66,1656081000,1656081000,51479614,51479614,1,1,1,1.0014,1,1,1,0,3.92427,0,BERTLARGE,1,283,51479614
Job67,1656859000,1656859000,50218050,50218050,1,1,1,1.00091,1,1,1,0,3.96298,0,GPT2_SMALL,1,282,50218050
Job68,1658718000,1658718000,66058310,66058310,1,1,1,1.00256,1,1,1,0,3.21454,0,VGG19,1,293,66058310
Job69,1736386000,1736386000,406998,406998,1,1,1,2.82938,1,1,1,0,1,0,VGG19,8,22,406998
Job70,1738609000,1738609000,598659,598659,1,1,1,1.27739,1,1,1,0,1,0,ResNet50,8,43,598659
Job71,1776761000,1776761000,63863659,63863659,1,1,1,1.00314,1,1,1,0,1.21721,0,GNMT,1,292,63863659
Job72,1826753000,1826753000,17831588,17831588,1,1,1,1.00953,1,1,1,0,1.98263,0,VGG19,1,223,17831588
Job73,1842714000,1842714000,40414190,40414190,1,1,1,1.00125,1,1,1,0,2.64556,0,ResNeXt,1,269,40414190
Job74,1842805000,1842805000,52298838,52298838,1,1,1,1.00088,1,1,1,0,2.55042,0,GPT2_SMALL,1,285,52298838
Job75,1854378000,1854378000,2237376,2237376,1,1,1,1.09817,1,1,1,0,3.01224,0,GNMT,1,87,2237376
Job76,1856588000,1856588000,14662768,14662768,1,1,1,1.00315,1,1,1,0,3.00867,0,GPT2_SMALL,4,201,14662768
Job77,1871151000,1871151000,2209034,2209034,1,1,1,1.02118,1,1,1,0,3.65947,0,GPT2_SMALL,1,86,2209034
Job78,1872003000,1872003000,5200951,5200951,1,1,1,1.01069,1,1,1,0,3.26092,0,ResNet50,1,128,5200951
Job79,1884165000,1884165000,32057615,32057615,1,1,1,1.00344,1,1,1,0,3.67116,0,ResNet50,4,259,32057615
Job80,1892086000,1892086000,9206738,9206738,1,1,1,1.01209,1,1,1,0,3.37836,0,ResNet50,4,168,9206738
Job81,1894388000,1894388000,135352339,135352339,1,1,1,1.00041,1,1,1,0,5.25742,0,ResNet50,1,325,135352339
Job82,1899602000,1899602000,47156086,47156086,1,1,1,1.00153,1,1,1,0,5.56672,0,BERTLARGE,1,276,47156086
Job83,1899623000,1899623000,1076882,1076882,1,1,1,1.22808,1,1,1,0,5,0,GNMT,1,69,1076882
Job84,1902175000,1902175000,41055233,41055233,1,1,0.711923,1.00269,1,1,1,0,5.62293,0,ResNet50,4,271,41055233
Job85,1904317000,1904317000,30127297,30127297,1,1,1,1.00562,1,1,1,0,5.33673,0,VGG19,1,254,30127297
Job86,1918724000,1918724000,5997344,5997344,1,1,1,1.02888,1,1,1,0,5.00206,0,VGG19,1,136,5997344
Job87,1924709000,1924709000,35794153,35794153,1,1,0.649443,1.00685,1,1,1,0,6.17391,0,VGG19,4,264,35794153
Job88,1928183000,1928183000,32371151,32371151,1,1,1,1.00622,1,1,1,0,6.29766,0,GNMT,1,260,32371151
Job89,1930505000,1930505000,82911967,82911967,1,1,1,1.00242,1,1,1,0,5.43497,0,GNMT,1,298,82911967
Job90,1932011000,1932011000,94678473,94678473,1,1,1,1.00178,1,1,1,0,5.48828,0,VGG19,1,307,94678473
Job91,1951812000,1951812000,1199848,1199848,1,1,1,1.04804,1,1,1,0,6,0,ResNet50,1,72,1199848
Job92,1953430000,1953430000,14173889,14173889,1,1,0.800981,1.00782,1,1,1,0,5.00165,0,ResNet50,4,199,14173889
Job93,1976107000,1976107000,113349448,113349448,1,1,1,1.00063,1,1,1,0,4.24295,0,BERTLARGE,1,315,113349448
Job94,1988818000,1988818000,5720590,5720590,1,1,1,1.00971,1,1,1,0,5,0,ResNet50,1,133,5720590
Job95,1994671000,1994671000,16045368,16045368,1,1,0.596718,1.01262,1,1,1,0,6.73745,0,GNMT,4,207,16045368
Job96,1995484000,1995484000,103506454,103506454,1,1,1,1.00163,1,1,1,0,4.00727,0,VGG19,1,313,103506454
Job97,1998121000,1998121000,99685468,99685468,1,1,1,1.00072,1,1,1,0,3.99028,0,BERTLARGE,1,311,99685468
Job98,2010666000,2010666000,4966910,4966910,1,1,1,1.01024,1,1,1,0,6.564,0,ResNeXt,1,125,4966910
Job99,2015728000,2015728000,14020240,14020240,1,1,0.694944,1.01447,1,1,1,0,5.78127,0,GNMT,4,197,14020240
Job100,2106362000,2106362000,1287810,1287810,1,1,1,1.09619,1,1,1,0,1,0,ResNeXt,8,75,1287810
Job101,2142153000,2142153000,103810,103810,1,1,1,1.83839,1,1,1,0,1,0,GPT2_SMALL,8,2,103810
Job102,2142729000,2142729000,158321,158321,1,1,1,3.27644,1,1,1,0,1,0,ResNet50,4,5,158321
Job103,2148838000,2148838000,188030729,188030729,1,0.998969,1,1.00003,1,1,1,0,2.35009,0,GNMT,1,345,188030729
Job104,2150015000,2150015000,477824,477824,1,1,1,1.71988,1,1,1,0,2,0,GNMT,1,30,477824
Job105,2155117000,2155117000,561750,561750,1,1,1,1.55287,1,1,1,0,2,0,GNMT,1,40,561750
Job106,2158243000,2158243000,464801,464801,1,1,1,1.75528,1,1,1,0,3.0583,0,GNMT,1,29,464801
Job107,2158245000,2158245000,217550,217550,1,1,1,1.30114,1,1,1,0,3.82992,0,ResNeXt,1,6,217550
Job108,2158282000,2158282000,274351,274351,1,1,1,1.25074,1,1,1,0,3.6581,0,ResNet50,1,10,274351
Job109,2159287000,2159287000,356461,356461,1,1,1,1.18244,1,1,1,0,2,0,ResNet50,1,13,356461
Job110,2162779000,2162779000,117897940,117897940,1,0.998358,1,0.999783,1,1,1,0,2.99671,0,VGG19,1,319,117897940
Job111,2167245000,2167245000,304849,304849,1,1,1,1.22013,1,1,1,0,3,0,ResNet50,1,11,304849
Job112,2168177000,2168177000,395470,395470,1,1,1,1.74137,1,1,1,0,3,0,VGG19,1,19,395470
Job113,2174541000,2174541000,383114,383114,1,1,1,1.13587,1,1,1,0,3,0,GPT2_SMALL,1,17,383114
Job114,2175056000,2175056000,1042990,1042990,1,1,1,1.05072,1,1,1,0,5.36224,0,ResNeXt,1,68,1042990
Job115,2175087000,2175087000,448357,448357,1,1,1,1.60133,1,1,1,0,5.10339,0,VGG19,1,26,448357
Job116,2175091000,2175091000,2837416,2837416,0.932601,0.936922,0.704691,0.951383,1.07346,1,1,0,5.70389,0,GPT2_SMALL,4,92,2837416
Job117,2175485000,2175485000,331462,331462,1,1,1,1.27701,1,1,1,0,5.96186,0,BERTLARGE,1,12,331462
Job118,2175548000,2175548000,4395701,4395701,0.956883,0.958709,0.73981,0.982275,1.04622,1,1,0,5.4429,0,ResNet50,4,105,4395701
Job119,2175974000,2175974000,8012853,7742437,1.04642,1.04701,0.95305,1.08141,0.990249,1,1,1,4.51412,0,VGG19,4,155,7477765
Job120,2176375000,2177658000,5765431,4482431,1.24394,1.24532,1.05719,1.27562,0.804564,1,1,0,4.88842,0,ResNet50,4,109,4482431
Job121,2183669000,2183669000,498082,498082,1,1,1,1.67096,1,1,1,0,3.63815,0,GNMT,1,33,498082
Job122,2189194000,2189194000,542939,542939,1,1,1,1.58319,1,1,1,0,3,0,GNMT,1,38,542939
Job123,2189751000,2189751000,11454715,11454715,1,1,1,1.00625,1,1,1,0,3.37419,0,BERTLARGE,4,176,11454715
Job124,2197400000,2197400000,4698907,4698907,1,1,1,1.01184,1,1,1,0,3.91217,0,ResNet50,1,118,4698907
Job125,2198108000,2198108000,480504,480504,1,1,1,1.5394,1,1,1,0,5,0,VGG19,1,32,480504
Job126,2237893000,2237893000,35404063,35404063,1,1,1,1.00568,1,1,1,0,3.99816,0,GNMT,1,263,35404063
Job127,2237958000,2237958000,40512778,40512778,1,1,1,1.00113,1,1,1,0,3.87229,0,GPT2_SMALL,1,270,40512778
Job128,2319383000,2319383000,16098189,16098189,1,1,1,1.01258,1,1,1,0,2,0,GNMT,1,208,16098189
Job129,2459083000,2459083000,17594910,17594910,1,1,1,1.00287,1,1,1,0,1.80082,0,ResNeXt,1,221,17594910
Job130,2462427000,2462427000,11125450,11125450,1,1,1,1.0065,1,1,1,0,2,0,BERTLARGE,1,173,11125450
Job131,2473713000,2473713000,27311731,27311731,1,1,1,1.00261,1,1,1,0,1.99509,0,BERTLARGE,4,250,27311731
Job132,2476812000,2476812000,35274059,35274059,1,1,1,1.00313,1,1,1,0,1.98809,0,ResNet50,4,262,35274059
Job133,2501445000,2501445000,12448670,12448670,1,1,1,1.00406,1,1,1,0,1.91863,0,ResNeXt,1,182,12448670
Job134,2513099000,2513099000,14783392,14783392,1,1,1,1.00489,1,1,1,0,1.9899,0,BERTLARGE,1,202,14783392
Job135,2514043000,2514043000,31183564,31183564,1,1,1,1.00148,1,1,1,0,1.99174,0,GPT2_SMALL,4,255,31183564
Job136,2528140000,2528140000,38973280,38973280,1,1,1,1.00118,1,1,1,0,1.96473,0,GPT2_SMALL,4,268,38973280
Job137,2546601000,2546601000,266962625,266962625,1,1,1,1.00029,1,1,1,0,1.64245,0,BERTLARGE,8,364,266962625
Job138,2608653000,2608653000,150996906,150996906,1,1,1,1.00112,1,1,1,0,2,0,VGG19,1,333,150996906
Job139,2861740000,2861740000,253709,253709,1,1,1,1.46335,1,1,1,0,1,0,ResNeXt,4,9,253709
Job140,2862735000,2862735000,634009,634009,1,1,1,1.62325,1,1,1,0,1,0,VGG19,4,48,634009
Job141,2864189000,2864189000,78972965,78972965,0.981915,0.97359,1,0.974516,1.01844,1,1,0,1.32558,0,BERTLARGE,8,296,78972965
Job142,2920880000,2920880000,595946,595946,1,1,1,1.1558,1,1,1,0,2,0,ResNeXt,4,42,595946
Job143,2921967000,2921967000,687200,687200,1,1,1,1.41051,1,1,1,0,2,0,GNMT,4,52,687200
Job144,2923022000,2923022000,851616,851616,0.825144,0.804335,0.804335,1.07036,1.30667,1,1,0,2.70409,0,VGG19,8,62,851616
Job145,2923274000,2923873616,260884924,251928068,1.01074,0.942251,1.03752,0.942412,0.991258,1,1,7,1.46758,0,GPT2_SMALL,8,360,251450308
Job146,2925215000,2926009000,2604596,1810596,1.00785,1.00785,1.00785,1.12211,1.04273,1,1,0,3,0,VGG19,8,81,1810596
Job147,2934155000,2934409000,1084552,830552,0.946523,0.946523,0.946523,1.14667,1.1487,1,1,0,3,0,GNMT,8,60,830552
Job148,2945207000,2945207000,534542,534542,1,1,1,1.17686,1,1,1,0,2,0,ResNeXt,4,35,534542
Job149,2946168000,2946168000,1547454,947454,1.82312,1.76778,1.76778,2.29128,0.754369,1,1,1,2.56512,0,GNMT,8,57,726578
Job150,2946220000,2946409000,874495,685495,0.907866,0.907866,0.907866,1.04951,1.17581,1,1,0,3,0,ResNet50,8,51,685495
Job151,2952863000,2952863000,542669,542669,1,1,1,1.17375,1,1,1,0,2,0,ResNeXt,4,37,542669
Job152,2954185000,2954185000,2187032,2187032,1,1,1,1.03813,1,1,1,0,2.16279,0,ResNeXt,4,85,2187032
Job153,2956016000,2956016000,735281,735281,1,1,1,1.37364,1,1,1,0,2.48421,0,GNMT,2,59,735281
Job154,2957978000,2957978000,542669,542669,1,1,1,1.17375,1,1,1,0,2,0,ResNeXt,4,36,542669
Job155,2959789000,2959789000,619096,619096,1,1,1,1.08032,1,1,1,0,2,0,GPT2_SMALL,4,47,619096
Job156,2961491000,2961491000,402704,402704,1,1,1,1.24919,1,1,1,0,2,0,ResNeXt,4,20,402704
Job157,3001313000,3001313000,1820140,1820140,1,1,1,1.0267,1,1,1,0,2,0,GPT2_SMALL,8,82,1820140
Job158,3092743000,3092743000,1034320,1034320,1,1,1,1.04658,1,1,1,0,2,0,GPT2_SMALL,4,67,1034320
Job159,3114922000,3114922000,618206,618206,1,1,1,1.53895,1,1,1,0,2,0,VGG19,2,46,618206
Job160,3121192000,3121192000,4640364,4640364,0.910232,0.881598,0.881598,0.903923,1.10146,1,1,0,2.27635,0,ResNet50,8,114,4640364
Job161,3124550000,3125832364,2423127,1140763,1.62312,1.45759,1.59658,1.73171,0.659669,1,1,0,2.85901,0,VGG19,8,70,1140763
Job162,3126174000,3127609000,2050387,615387,1.64142,1.92656,1.56829,2.56692,0.843775,1,1,0,2.97782,0,VGG19,16,45,615387
Job163,3127478000,3128224387,1204870,458483,0.988183,1.1193,0.971128,1.27304,1.26185,1,1,0,3.38128,0,ResNet50,16,27,458483
Job164,3127765000,3128682870,1329204,411334,1.01471,1.12357,0.974019,1.17114,1.07492,1,1,0,3.62418,0,GPT2_SMALL,16,24,411334
Job165,3128750000,3131209000,3647928,779513,1.14771,1.35882,1.11199,1.39842,1.09426,1,1,1,5.28941,0,BERTLARGE,16,50,681861
Job166,3128751000,3130009000,1629397,371397,1.09985,1.25887,1.07057,1.33743,1.08456,1,1,0,4.89542,0,BERTLARGE,16,15,371397
Job167,3129000000,3130380397,1801382,420985,0.995591,1.16361,0.970949,1.2237,1.17429,1,1,0,5.15786,0,BERTLARGE,16,25,420985
Job168,3129498000,3129498000,1627559,835177,1.53125,1.04661,1.51845,1.25979,1.42647,1,1,1,5.622,0,VGG19,8,39,550845
Job169,3129898000,3131809000,2320415,409415,1.40935,1.70399,1.39097,1.88383,0.957578,1,1,0,5.50508,0,ResNet50,16,23,409415
Job170,3130698000,3131125559,2795417,787031,1.52325,0.975046,1.48983,1.01505,0.820983,1,1,1,5.97142,0,ResNeXt,8,53,703590
Job171,3130699000,3132397928,2090827,391899,1.02761,1.25174,0.996576,1.28881,1.08292,1,1,0,5.96179,0,GPT2_SMALL,16,18,391899
Job172,3132172000,3134649920,3209184,731264,1.02353,1.20988,0.923856,1.23221,1.0297,1,1,0,5.01399,0,GPT2_SMALL,16,58,731264
Job173,3132172000,3133609000,1799773,362773,0.991962,1.22604,0.968671,1.293,1.22194,1,1,0,6.21437,0,BERTLARGE,16,14,362773
Job174,3132173000,3133971773,2476920,678147,1.00789,1.20303,0.960219,1.38113,1.45439,1,1,0,5.60779,0,VGG19,16,49,678147
Job175,3132197000,3133493417,4650319,1581718,2.07208,1.19774,1.68331,1.26279,0.54917,1,1,1,4.04792,0,GNMT,8,77,1466135
Job176,3137506000,3137506000,201075166,201075166,1,1,1,1.00036,1,1,1,0,3.00533,0,BERTLARGE,1,349,201075166
Job177,3196570000,3196570000,137242138,137242138,1,1,1,1.00123,1,1,1,0,3.5286,0,VGG19,1,326,137242138
Job178,3217920000,3217920000,173854738,173854738,1,1,1,1.00041,1,1,1,0,3.23412,0,BERTLARGE,1,341,173854738
Job179,3239916000,3239916000,274251961,274251961,1,1,1,1.0002,1,1,1,0,2.63997,0,ResNet50,1,365,274251961
Job180,3408446000,3408446000,15413752,15413752,1,1,1,1.00469,1,1,1,0,2,0,BERTLARGE,1,203,15413752
Job181,3423978000,3423978000,36322632,36322632,1,1,1,1.00554,1,1,1,0,2,0,GNMT,4,265,36322632
Job182,3460408000,3460408000,13448512,13448512,1,1,1,1.00538,1,1,1,0,2,0,BERTLARGE,1,193,13448512
Job183,3474009000,3474009000,41850955,41850955,1,1,1,1.0017,1,1,1,0,1.95957,0,BERTLARGE,4,272,41850955
Job184,3616615000,3616615000,217085953,217085953,1,1,1,1.00078,1,1,1,0,2.60668,0,VGG19,1,356,217085953
Job185,3639104000,3639104000,428880985,428880985,1,1,1,1.00047,1,1,1,0,2.86858,0,GNMT,1,371,428880985
Job186,3779296000,3779296000,45975845,45975845,1,1,1,1.00437,1,1,1,0,4.95001,0,GNMT,1,274,45975845
Job187,3780153000,3780153000,46820893,46820893,1,1,1,1.00429,1,1,1,0,4.98752,0,GNMT,1,275,46820893
Job188,3798223000,3798223000,251858080,251858080,1,1,1,1.00029,1,1,1,0,3.2857,0,BERTLARGE,1,361,251858080
Job189,3807786000,3807786000,47912725,47912725,1,1,0.929206,1.00511,1,1,1,0,4.30631,0,VGG19,4,278,47912725
Job190,3902531000,3902531000,411220186,411220186,1,1,1,1.00011,1,1,1,0,3.82566,0,GPT2_SMALL,1,370,411220186
Job191,4012992000,4012992000,1176331,1176331,1,1,1,1.16704,1,1,1,0,4,0,VGG19,1,71,1176331
Job192,4019602000,4019602000,31606588,31606588,1,1,1,1.00228,1,1,1,0,4.13577,0,BERTLARGE,1,258,31606588
Job193,4026321000,4026321000,714226,714226,1,1,1,1.08343,1,1,1,0,5,0,ResNet50,1,54,714226
Job194,4027222000,4027222000,4704502,4704502,1,1,0.801569,1.00988,1,1,1,0,5,0,GPT2_SMALL,4,119,4704502
Job195,4059434000,4059434000,54473070,54473070,1,1,1,1.00093,1,1,1,0,3.67691,0,ResNeXt,1,286,54473070
Job196,4065958000,4065958000,133639770,133639770,1,1,1,1.00034,1,1,1,0,4.24855,0,GPT2_SMALL,1,324,133639770
Job197,4075698000,4075698000,920674,920674,1,1,1,1.06353,1,1,1,0,4,0,ResNet50,1,66,920674
Job198,4077353000,4077353000,8118624,8118624,1,1,1,1.02526,1,1,1,0,4,0,GNMT,4,162,8118624
Job199,4086003000,4086003000,869961,869961,1,1,1,1.29852,1,1,1,0,4,0,GNMT,1,63,869961
Job200,4086889000,4086889000,24937219,24937219,1,1,1,1.00286,1,1,1,0,4,0,BERTLARGE,4,246,24937219
Job201,4134129000,4134129000,57087964,57087964,1,1,1,1.00126,1,1,1,0,5.1907,0,BERTLARGE,1,289,57087964
Job202,4162101000,4162101000,56647535,56647535,1,1,1,1.00298,1,1,1,0,6.05718,0,VGG19,1,288,56647535
Job203,4163083000,4163083000,37473230,37473230,1,1,1,1.00135,1,1,1,0,7.03328,0,ResNeXt,1,266,37473230
Job204,4164732000,4164732000,175140340,175140340,1,1,1,1.00096,1,1,1,0,4.65438,0,VGG19,1,342,175140340
Job205,4165826000,4165826000,68035834,68035834,1,1,1,1.00106,1,1,1,0,5.85655,0,BERTLARGE,1,294,68035834
Job206,4167022000,4167022000,1891861,1891861,1,1,1,1.09769,1,1,1,0,8,0,VGG19,1,84,1891861
Job207,4169101000,4169101000,6102739,6102739,1,1,0.502932,1.0118,1,1,1,0,8,0,BERTLARGE,4,137,6102739
Job208,4175393000,4175393000,917326,917326,1,1,1,1.08505,1,1,1,0,8,0,BERTLARGE,1,65,917326
Job209,4176798000,4176798000,7024779,7024779,1,1,0.502545,1.01023,1,1,1,0,8,0,BERTLARGE,4,149,7024779
Job210,4215881000,4215881000,198719718,198719718,1,1,1,1.00101,1,1,1,0,3.797,0,GNMT,1,346,198719718
Job211,4220247000,4220247000,201634590,201634590,1,1,1,1.00025,1,1,1,0,3.74916,0,ResNeXt,1,350,201634590
Job212,4249251000,4249251000,12228580,12228580,1,1,1,1.00591,1,1,1,0,5,0,BERTLARGE,1,181,12228580
Job213,4350971000,4350971000,478030,478030,1,1,1,1.11773,1,1,1,0,3,0,ResNeXt,1,31,478030
Job214,4352303000,4352303000,8810537,8810537,1,1,1,1.0092,1,1,1,0,3,0,ResNeXt,4,167,8810537
Job215,4361645000,4361645000,606607,606607,1,1,1,1.49188,1,1,1,0,3,0,GNMT,1,44,606607
Job216,4366614000,4366614000,6495357,6495357,1,1,1,1.03894,1,1,1,0,3,0,VGG19,4,143,6495357
Job217,4381709000,4381709000,202066629,202066629,1,1,1,1.00099,1,1,1,0,3.27221,0,GNMT,1,351,202066629
Job218,4383960000,4383960000,3647899,3647899,1,1,1,1.01531,1,1,1,0,4.99644,0,ResNet50,1,98,3647899
Job219,4383973000,4383973000,3882615,3882615,1,1,1,1.05431,1,1,1,0,4.9362,0,GNMT,1,100,3882615
Job220,4388422000,4388422000,24097040,24097040,1,1,0.80692,1.00459,1,1,1,0,4.96151,0,ResNet50,4,242,24097040
Job221,4388839000,4388839000,8800483,8800483,1,1,0.801296,1.00815,1,1,1,0,5,0,BERTLARGE,4,166,8800483
Job222,4397894000,4397894000,2737954,2737954,1,1,1,1.02697,1,1,1,0,5,0,BERTLARGE,1,90,2737954
Job223,4400888000,4400888000,12646115,12646115,1,1,0.809181,1.00566,1,1,1,0,4.9486,0,BERTLARGE,4,184,12646115
Job224,4413169000,4413169000,3431350,3431350,1,1,1,1.0214,1,1,1,0,3.52365,0,BERTLARGE,1,97,3431350
Job225,4416689000,4416689000,31410857,31410857,1,1,1,1.00351,1,1,1,0,2.16531,0,ResNet50,4,256,31410857
Job226,4460882000,4460882000,8722666,8722666,1,1,1,1.00831,1,1,1,0,2,0,BERTLARGE,1,165,8722666
Job227,4469854000,4469854000,17349555,17349555,1,1,1,1.00412,1,1,1,0,2.26644,0,BERTLARGE,4,220,17349555
Job228,4482581000,4482581000,146957550,146957550,1,1,1,1.00034,1,1,1,0,3.36652,0,ResNeXt,1,331,146957550
Job229,4487834000,4487834000,6307090,6307090,1,1,1,1.0088,1,1,1,0,3.76805,0,ResNet50,1,141,6307090
Job230,4491695000,4491695000,242157952,242157952,1,0.942475,1,0.942739,1,1,1,0,3.48822,0,BERTLARGE,1,359,242157952
Job231,4491743000,4491743000,8340964,8340964,1,1,1,1.0206,1,1,1,0,4.97471,0,VGG19,1,163,8340964
Job232,4494352000,4494352000,17339195,17339195,1,1,0.802604,1.00412,1,1,1,0,4.98783,0,BERTLARGE,4,219,17339195
Job233,4500295000,4500295000,16511417,16511417,1,1,0.854696,1.01496,1,1,1,0,4.6902,0,VGG19,4,211,16511417
Job234,4517152000,4517152000,6277334,6277334,1,1,1,1.02756,1,1,1,0,4,0,VGG19,1,140,6277334
Job235,4523500000,4523500000,16954694,16954694,1,1,1,1.00476,1,1,1,0,4,0,ResNeXt,4,215,16954694
Job236,4574425000,4574425000,4341142,4341142,1,1,1,1.01283,1,1,1,0,4,0,ResNet50,1,103,4341142
Job237,4596224000,4596224000,2465899,2465899,1,1,0.691256,1.11946,1,1,1,0,3,0,VGG19,8,89,2465899
Job238,4603400000,4603400000,6673066,6673066,1,1,1,1.00831,1,1,1,0,3,0,ResNet50,1,146,6673066
Job239,4610421000,4610421000,16884976,16884976,1,1,1,1.01199,1,1,1,0,3,0,GNMT,4,214,16884976
Job240,4627517000,4627517000,6229649,6229649,1,1,1,1.03317,1,1,1,0,2.3245,0,GNMT,1,139,6229649
Job241,4633765000,4633765000,19453295,19453295,1,1,1,1.00415,1,1,1,0,2,0,ResNeXt,4,230,19453295
Job242,4656005000,4656005000,228692927,228692927,0.592438,0.599522,0.342555,0.599836,1.68854,1,1,0,5.84184,0,GNMT,8,357,228692927
Job243,4665293000,4665293000,4542898,4542898,1,1,1,1.01226,1,1,1,0,3,0,ResNet50,1,110,4542898
Job244,4670306000,4670306000,11868440,11868440,1,0.793738,1,0.804499,1,1,1,0,3.84581,0,GNMT,4,179,11868440
Job245,4672136000,4734435000,348502770,209403770,0.914155,0.972091,0.575026,0.9723,1.09563,1,1,3,5.79803,0,BERTLARGE,8,352,209108915
Job246,4682533000,4682533000,4469590,4469590,1,0.890481,1,0.903422,1,1,1,0,4,0,BERTLARGE,1,108,4469590
Job247,4687303000,4687303000,13986549,13986549,1,0.731916,0.808494,0.741359,1,1,1,0,4.96425,0,VGG19,4,196,13986549
Job248,4687803000,4687803000,346932753,162041570,2.14801,1.25313,2.14801,1.25338,0.467069,1,1,7,5.80807,0,ResNet50,1,338,161513758
Job249,4705635000,4705635000,106412959,74612959,1.42982,0.984359,1.42982,0.985895,0.701164,1,1,1,5.61033,0,VGG19,1,295,74423789
Job250,4737428000,4766235000,78528950,49721950,1.57936,0.988985,1.57936,0.989612,0.633167,1,1,0,5.97213,0,ResNeXt,1,281,49721950
Job251,4759163000,4928835000,324712316,155040316,1.1476,1.20778,0.750391,1.20836,0.871714,1,1,0,5.5851,0,ResNet50,8,336,155040316
Job252,4802626000,4802626000,4729150,4729150,1,0.560626,1,0.565445,1,1,1,0,7.73314,0,BERTLARGE,1,121,4729150
Job253,4803888000,4803888000,4951011,4951011,1,0.566003,1,0.577111,1,1,1,0,7.70029,0,VGG19,1,124,4951011
Job254,4808965000,4808965000,24416515,13016515,1.22059,0.844171,0.974093,0.846253,0.832678,1,1,2,7.83446,0,BERTLARGE,4,187,12832595
Job255,4809174000,4821435000,24772282,12511282,1.26389,0.875491,1.01135,0.876918,0.792267,1,1,0,7.84527,0,GPT2_SMALL,4,183,12511282
Job256,4822017000,4822017000,9320990,4520990,2.09444,0.881519,2.09444,0.885737,0.485033,1,1,1,9.00472,0,ResNeXt,1,107,4450350
Job257,4823333000,4827435000,8792590,4690590,1.87452,0.767474,1.87452,0.770862,0.533471,1,1,0,9.39392,0,ResNeXt,1,117,4690590
Job258,4827248000,4833946282,32833129,14134847,1.34706,0.966419,1.11869,0.973394,0.752631,1,1,1,8.43491,0,VGG19,4,198,14046129
Job259,4827686000,4827686000,100586197,49498784,2.04085,0.974289,2.04085,0.974764,0.492103,1,1,3,7.02647,0,ResNeXt,1,280,49286350
Job260,4828399000,4846035000,31313971,13677971,1.31641,0.940421,1.09361,0.942435,0.761328,1,1,0,8.39648,0,BERTLARGE,4,194,13677971
Job261,4842667000,4859712971,332348683,199236015,1.66961,1.12182,1.66961,1.12208,0.599479,1,1,2,4.30417,0,BERTLARGE,2,347,199057373
Job262,4850225000,5083875316,581888078,348237762,0.895923,0.694263,0.582077,0.694481,1.11656,1,1,0,5.74417,0,VGG19,8,368,348237762
Job263,5191085000,5191085000,1464926371,502526371,1.51518,1.32941,0.856048,1.32973,0.663905,1,1,10,6.85187,0,VGG19,8,374,499689764
Job264,5191127000,5200035000,997076594,430840522,0.791817,0.849359,0.593311,0.849393,1.26401,1,1,5,7.80797,0,GPT2_SMALL,8,372,430499934
Job265,5191385000,5203035000,641612794,316235324,0.684928,0.660583,0.595578,0.660635,1.4616,1,1,3,6.82075,0,BERTLARGE,8,366,315941795
Job266,5192642000,5290547206,1032054835,385149629,0.95443,1.01347,0.69443,1.01373,1.06232,1,1,18,7.8253,0,VGG19,8,369,380038120
Job267,5225649000,5241435000,64898206,49112206,1.32143,0.475744,1.32143,0.475936,0.756758,1,1,0,6.64965,0,ResNet50,1,279,49112206
Job268,5251012000,5251012000,4685539,4685539,1,0.384663,1,0.390055,1,1,1,0,7.54882,0,VGG19,1,116,4685539
Job269,5253126000,5253126000,4582780,4582780,1,0.378767,1,0.380496,1,1,1,0,7.56113,0,ResNet50,1,111,4582780
Job270,5257856000,5257856000,11747093,11747093,0.626607,0.357129,0.573108,0.358004,1.6,1,1,0,7,0,ResNeXt,4,178,11747093
Job271,5276895000,5514953279,361509005,123450726,0.818389,0.798508,0.760404,0.798591,1.22225,1,1,0,7.70432,0,GPT2_SMALL,8,321,123450726
Job272,5286677000,5377635000,242438315,95425732,0.617438,0.616108,0.594122,0.616285,1.6256,1,1,2,8.58425,0,ResNeXt,8,308,95158860
Job273,5286924000,5352435000,228029279,94420475,0.574652,0.576701,0.555261,0.576992,1.7471,1,1,1,8.73349,0,GNMT,8,306,94199204
Job274,5342462000,5347635000,9801378,4628378,2.11767,0.480814,2.11767,0.481898,0.472217,1,1,0,10.5035,0,GPT2_SMALL,1,113,4628378
Job275,5342493000,5347635000,25371821,11829821,0.818745,0.475452,0.793357,0.476169,1.23716,1,1,1,10.954,0,ResNeXt,4,177,11729033
Job276,5347297000,5352263378,30205731,12209532,0.911112,0.522163,0.89247,0.523158,1.12819,1,1,2,11.3983,0,ResNet50,4,180,11948645
Job277,5355399000,5363235000,13403966,5567966,2.40734,0.516766,2.40734,0.517681,0.415397,1,1,0,11.5053,0,GPT2_SMALL,1,131,5567966
Job278,5361092000,5368802966,45618444,13355909,1.23743,0.66871,1.22895,0.669409,0.816564,1,1,1,11.2333,0,BERTLARGE,4,190,13263571
Job279,5368937000,5406710444,59995804,22222360,0.530746,0.544912,0.524572,0.545471,1.89188,1,1,0,10.3357,0,ResNeXt,8,237,22222360
Job280,5368975000,5389035000,33211569,13151569,0.453001,0.479042,0.452348,0.479942,2.22559,1,1,0,11.2568,0,ResNet50,8,189,13151569
Job281,5428346000,5444235000,28865505,12976505,0.549505,0.548279,0.548279,0.549083,1.82801,1,1,0,8.15083,0,BERTLARGE,8,188,12976505
Job282,5526404000,5529115315,6665086,3953771,0.554586,0.551487,0.551487,0.563762,1.88942,1,1,0,6.40679,0,VGG19,8,101,3953771
Job283,5595272000,5600835000,10912870,5349870,2.03984,0.721966,2.03984,0.724161,0.490235,1,1,0,7.73744,0,GPT2_SMALL,1,129,5349870
Job284,5596647000,5600835000,9061762,4873762,1.8593,0.653713,1.8593,0.657122,0.537838,1,1,0,7.98728,0,BERTLARGE,1,123,4873762
Job285,5600810000,5600835000,30716905,17491905,1.00791,0.597214,0.982362,0.600054,1.01364,1,1,1,7.30676,0,VGG19,4,217,17227701
Job286,5601661000,5606184870,34467384,16743514,1.18915,0.693631,1.16215,0.694274,0.844448,1,1,1,7.11519,0,GPT2_SMALL,4,212,16693384
Job287,5700612000,5705835000,11548151,6325151,1.82575,0.806671,1.82575,0.8181,0.54772,1,1,0,6.57495,0,GNMT,1,142,6325151
Job288,5702457000,5705835000,9341401,5963401,1.56646,0.681848,1.56646,0.69195,0.638384,1,1,0,6.86955,0,GNMT,1,135,5963401
Job289,5707032000,5707032000,25184145,16184145,1.04456,0.635974,1.00423,0.639907,0.978387,1,1,1,6.3369,0,VGG19,4,206,15919589
Job290,5708442000,5712160151,25789273,13071122,1.34901,0.815548,1.30878,0.821875,0.76142,1,1,1,6.19618,0,VGG19,4,186,12806865
Job291,5778841000,5794035000,89633561,33039561,2.84305,1.28172,2.84305,1.28481,0.368607,1,1,8,8.39754,0,VGG19,1,257,31527247
Job292,5791684000,5794035000,409455307,114937465,3.60979,1.7011,3.60979,1.70149,0.280708,1,1,20,9.54108,0,ResNet50,1,316,113428969
Job293,5792349000,5794035000,2536582,850582,2.98217,1.33898,2.98217,1.3918,0.335326,1,1,0,7.61208,0,BERTLARGE,1,61,850582
Job294,5793333000,5794035000,7899934,2997934,1.58766,1.05937,1.21383,1.06595,0.648404,1,1,1,8.95906,0,GPT2_SMALL,4,93,2931268
Job295,5797043000,5799435000,702536870,344862100,2.04567,1.22641,2.04567,1.22653,0.490881,1,1,19,7.81199,0,ResNet50,1,367,343426117
Job296,5797300000,5799435000,3024082,889082,3.40135,1.41546,3.40135,1.53655,0.294001,1,1,0,10.6177,0,VGG19,1,64,889082
Job297,5797523000,5800324082,603250897,271046223,2.26249,1.27376,2.26249,1.2743,0.449309,1,1,20,8.75621,0,GNMT,1,363,266631769
Job298,5798233000,5801232934,9761672,3161738,1.91698,1.33711,1.45147,1.37477,0.578027,1,1,1,9.52153,0,GNMT,4,94,2941312
Job299,5810936000,5812035000,36596783,11497783,3.26869,1.40849,3.26869,1.41148,0.314175,1,1,4,9.51481,0,ResNet50,1,174,11196154
Job300,5811121000,5812035000,1317766,403766,3.26369,1.72089,3.26369,2.20591,0.306402,1,1,0,10.6509,0,VGG19,1,21,403766
Job301,5811581000,5815635000,9898675,2844675,1.76445,1.34165,1.34995,1.35471,0.593685,1,1,1,10.8333,0,BERTLARGE,4,91,2752315
Job302,5814467000,5815635000,1547921,379921,4.07432,1.66847,4.07432,1.77361,0.24544,1,1,0,11.2441,0,ResNet50,1,16,379921
Job303,5815637000,5821479675,20611160,5768485,1.97729,1.42155,1.43252,1.42608,0.513588,1,1,1,10.1441,0,GPT2_SMALL,4,132,5701324
Job304,5851054000,5854035000,9483981,6502981,1.45841,0.773856,1.45841,0.777344,0.685681,1,1,0,8.42177,0,ResNet50,1,144,6502981
Job305,5857784000,5857784000,723162,723162,1,0.539991,1,0.617642,1,1,1,0,10.0113,0,VGG19,1,56,723162
Job306,5857843000,5860537981,40803168,14108187,1.75858,1.33694,1.17699,1.34576,0.581083,0.698862,0.397724,1,10.073,0,GNMT,4,195,13887072
Job307,5858440000,5858440000,581870,581870,1,0.491584,1,0.513423,1,1,1,0,10.1154,0,ResNeXt,1,41,581870
Job308,5862253000,5865435000,60116750,17334750,3.49663,1.59638,3.49663,1.59851,0.288351,1,1,2,10.1715,0,ResNeXt,1,216,17192750
Job309,5871764000,5893035000,29333642,8062642,3.63822,1.59442,3.63822,1.60067,0.27486,1,1,0,10.7878,0,BERTLARGE,1,161,8062642
Job310,5880007000,5898646168,47705941,13466773,2.04265,1.60534,1.36229,1.60969,0.49452,1,1,1,10.519,0,ResNeXt,4,192,13366172
Job311,5882197000,5893035000,44266966,17828966,2.5139,1.13282,2.5139,1.13865,0.40276,1,1,1,10.6158,0,GNMT,1,222,17608857
Job312,5886194000,5917035000,212942561,59703313,3.60523,1.60415,3.60523,1.60476,0.280373,1,1,9,10.4978,0,ResNeXt,1,290,59064910
Job313,5944998000,5953035000,11867806,3830806,3.09799,1.5747,3.09799,1.58434,0.32279,1,1,0,8.66624,0,GPT2_SMALL,1,99,3830806
Job314,5948959000,5953035000,34781277,10305277,2.02364,1.59478,1.3825,1.61278,0.526564,1,1,2,10.4529,0,VGG19,4,172,9777553
Job315,5958884000,5972235000,17748602,4397602,4.03597,1.72074,4.03597,1.72842,0.247772,1,1,0,11.5484,0,GPT2_SMALL,1,106,4397602
Job316,5958987000,5972235000,17858626,4610626,3.87336,1.64963,3.87336,1.65664,0.258174,1,1,0,11.5566,0,GPT2_SMALL,1,112,4610626
Job317,5962099000,6005828422,401563467,161005899,2.50586,1.47848,2.50586,1.4794,0.400948,1,1,4,8.9104,0,VGG19,1,337,160250057
Job318,5963581000,5983035000,42247422,11393422,2.10842,1.66355,1.42131,1.66657,0.477926,1,1,1,10.5235,0,GPT2_SMALL,4,175,11326756
Job319,5987939000,6005828422,369094391,154376823,2.39554,1.44,2.39554,1.44031,0.418258,1,1,4,8.82245,0,ResNet50,1,334,154075765
Job320,6011345000,6025635000,19308510,5018510,3.84746,1.72802,3.84746,1.75951,0.259912,1,1,0,11.402,0,GNMT,1,127,5018510
Job321,6016364000,6029235000,56884328,13413328,1.80216,1.66851,1.40188,1.67076,0.561565,1,1,2,12.2501,0,GPT2_SMALL,4,191,13280584
Job322,6018962000,6076035000,75870717,18797717,1.81325,1.61296,1.36581,1.61572,0.5528,1,1,0,11.8542,0,ResNeXt,4,226,18797717
Job323,6029564000,6045435000,20583464,4712464,4.36788,1.67543,4.36788,1.6853,0.228944,1,1,0,12.8174,0,BERTLARGE,1,120,4712464
Job324,6034413000,6073248328,54114971,12879643,1.8193,1.6524,1.41649,1.65646,0.555981,1,1,1,12.0084,0,ResNeXt,4,185,12779222
Job325,6194368000,6194368000,209786341,146438595,1.43815,1.31463,1.43815,1.31602,0.698037,1,1,3,7.09692,0,VGG19,1,329,145872052
Job326,6194627000,6194627000,204310742,140962996,1.45159,1.32435,1.45159,1.32478,0.689944,1,1,3,7.19139,0,ResNeXt,1,328,140750030
Job327,6220192000,6224696835,13760847,9256012,1.48669,1.23726,1.48669,1.24341,0.672634,1,1,0,8.64514,0,ResNet50,1,169,9256012
Job328,6229580000,6235035000,23655639,18200639,1.29971,1.13157,0.621475,1.13756,0.7694,1,1,0,8.39189,0,ResNet50,4,224,18200639
Job329,6248338000,6253235639,11652549,6754910,1.72505,1.49611,1.72505,1.53554,0.579694,1,1,0,8.84103,0,GNMT,1,147,6754910
Job330,6255088000,6263835000,30632272,21885272,1.39968,1.23453,0.689323,1.24456,0.714451,1,1,0,8.16005,0,GNMT,4,236,21885272
Job331,6498622000,6499579870,844014237,578407318,1.13421,1.07899,0.682182,1.07917,0.882632,1,1,4,4.28302,0,ResNet50,8,375,577805213
Job332,6559995000,6565035000,40379801,23751708,1.74343,1.27197,1.54391,1.27639,0.596563,1,1,7,4.58359,0,ResNet50,4,240,22838216
Job333,6564692000,6565035000,574630,231630,2.48081,1.91492,2.48081,2.301,0.403094,1,1,0,4.26039,0,ResNeXt,1,7,231630
Job334,6565117000,6565266630,1538016,788386,2.0578,1.4176,1.88666,1.48041,0.532276,1,1,1,4.55504,0,GPT2_SMALL,4,55,721480
Job335,6565979000,6566655016,1138206,462190,2.46264,1.63445,2.46264,1.76184,0.406069,1,1,0,5.02461,0,ResNeXt,1,28,462190
Job336,6566627000,6567117206,2413880,1323674,1.78451,1.22681,1.65238,1.2562,0.591406,1,1,1,4.67112,0,GPT2_SMALL,4,74,1257574
Job337,6568202000,6568635000,561899,128899,4.35922,3.13715,4.35922,4.52739,0.229399,1,1,0,5.46788,0,ResNet50,1,3,128899
Job338,6568501000,6569040880,3806720,2066840,1.80991,1.28584,1.72304,1.379,0.617778,1,1,1,4.80489,0,GNMT,4,83,1872720
Job339,6570398000,6571035000,770950,133950,5.75551,3.96373,5.75551,5.3482,0.173747,1,1,0,5.64719,0,ResNeXt,1,4,133950
Job340,6570670000,6571635000,1490244,525244,2.26532,1.66567,2.17503,1.75601,0.449985,1,1,0,5.33481,0,GPT2_SMALL,4,34,525244
Job341,6574159000,6581235000,213566262,150913891,1.41692,1.1885,1.41692,1.18961,0.706637,1,1,1,4.86847,0,VGG19,1,332,150725212
Job342,6574940000,6581235000,216674732,154803361,1.40036,1.17497,1.40036,1.17532,0.71445,1,1,1,4.87397,0,ResNet50,1,335,154727953
Job343,6656261000,6656261000,167373154,167373154,1,0.851992,1,0.852304,1,1,1,0,4.98093,0,BERTLARGE,1,339,167373154
Job344,6673017000,6824235000,364351760,213133760,1.37911,1.28846,0.796414,1.28881,0.725158,1,1,0,4.29382,0,BERTLARGE,8,354,213133760
Job345,6742142000,6742142000,346134739,215181340,1.61084,1.11984,1.61084,1.12004,0.621669,1,1,4,4.31997,0,ResNet50,1,355,214878220
Job346,6912649000,6913035000,474190,88190,5.37691,5.10321,5.37691,11.1391,0.18598,1,1,0,4,0,ResNeXt,1,1,88190
Job347,6914424000,6914424000,235772,235772,1,0.965497,1,3.10919,1,1,1,0,4,0,VGG19,1,8,235772
Job348,6916594000,6917235000,1855585,1214585,0.96555,1.00865,0.696466,1.13168,1.11081,1,1,0,4.85773,0,GNMT,8,73,1214585
Job349,6916858000,6916858000,3051695,1837110,1.72768,1.2567,1.72768,1.28331,0.601997,1,1,1,4.52154,0,ResNeXt,1,79,1766350
Job350,6987521000,7037368760,72487439,22639679,1.31385,1.31002,1.11209,1.3131,0.763712,1,1,0,5.77984,0,ResNet50,8,238,22639679
Job351,6993675000,7025835000,48928700,16768700,1.05504,1.08261,0.932013,1.08446,0.95063,1,1,0,6.2811,0,BERTLARGE,8,213,16768700
Job352,6998504000,7042603700,66929652,22829952,1.18341,1.18128,1.00511,1.184,0.847903,1,1,0,5.85548,0,ResNet50,8,239,22829952
Job353,7018786000,7060008439,65469291,24246852,1.21578,1.20558,0.930141,1.20663,0.823402,1,1,0,5.81326,0,GPT2_SMALL,8,245,24246852
Job354,7066224000,7067235000,2351162,1340162,1.11121,1.13727,0.892965,1.16392,0.912,1,1,0,4,0,GPT2_SMALL,8,76,1340162
Job355,7069146000,7096035000,156915452,81426452,0.995138,1.08881,0.635688,1.08916,1.00684,1,1,2,6.07542,0,GPT2_SMALL,8,297,81291420
Job356,7070488000,7070488000,7756534,7756534,1,0.585301,1,0.587332,1,1,1,0,6.40373,0,GPT2_SMALL,1,158,7756534
Job357,7072684000,7072684000,187422535,98796083,1.90799,1.15105,1.90799,1.15224,0.52713,1,1,3,5.72529,0,VGG19,1,310,98230198
Job358,7072917000,7072917000,187077539,98451087,1.9112,1.15276,1.9112,1.15396,0.526258,1,1,3,5.72658,0,VGG19,1,309,97884877
Job359,7078470000,7078470000,17333284,17333284,0.843516,0.536245,0.59205,0.53701,1.18601,1,1,0,6.76352,0,GPT2_SMALL,4,218,17333284
Job360,7086458000,7181835000,182426005,87049005,1.27389,1.29585,0.767756,1.29705,0.785456,1,1,0,5.46438,0,ResNet50,8,302,87049005
Job361,7090173000,7090173000,29571390,20571390,1.44246,0.820921,1.44246,0.82207,0.695652,1,1,1,6.5726,0,ResNeXt,1,233,20500670
Job362,7108442000,7108442000,73283890,37883890,1.93786,1.0539,1.93786,1.05459,0.516947,1,1,1,6.52702,0,GPT2_SMALL,1,267,37817010
Job363,7158204000,7158204000,7331754,7331754,1,0.499329,1,0.500892,1,1,1,0,7.51799,0,GPT2_SMALL,1,152,7331754
Job364,7161738000,7175835000,23854223,9757223,1.00565,1.13028,0.709176,1.14109,1.00663,1,1,0,6.99713,0,GNMT,8,170,9757223
Job365,7273750000,7273750000,170197901,170197901,1,1,1,1.00118,1,1,1,0,2.74595,0,GNMT,1,340,170197901
Job366,7294486000,7294486000,117793702,117793702,1,1,1,1.00047,1,1,1,0,2.97319,0,ResNet50,1,318,117793702
Job367,7371078000,7371078000,84313936,84313936,1,1,1,1.00065,1,1,1,0,2.79898,0,ResNet50,1,299,84313936
Job368,7371765000,7371765000,23345248,23345248,1,1,1,1.00864,1,1,1,0,4,0,GNMT,4,241,23345248
Job369,7410341000,7410341000,14262234,14262234,1,1,1,1.01195,1,1,1,0,3.13593,0,VGG19,1,200,14262234
Job370,7666551000,7666551000,44147269,44147269,1,1,1,1.00554,1,1,1,0,1,0,VGG19,4,273,44147269
Job371,7737258000,7737258000,115956676,115956676,1,1,1,1.00145,1,1,1,0,1.62743,0,VGG19,1,317,115956676
Job372,7796379000,7796379000,25074946,25074946,1,1,1,1.00288,1,1,1,0,2.84537,0,BERTLARGE,1,247,25074946
Job373,7800205000,7800205000,21197630,21197630,1,1,1,1.00238,1,1,1,0,3,0,ResNeXt,1,235,21197630
Job374,7832134000,7832134000,86676358,86676358,1,1,1,1.00063,1,1,1,0,1.6428,0,ResNet50,1,301,86676358
Job375,7850188000,7850188000,4123485,4123485,1,1,1,1.04257,1,1,1,0,3.57589,0,VGG19,1,102,4123485
Job376,7850840000,7850840000,4682806,4682806,1,1,1,1.04461,1,1,1,0,3.49418,0,GNMT,1,115,4682806
Job377,7854372000,7854372000,21006455,21006455,1,1,1,1.00384,1,1,1,0,2.05478,0,ResNeXt,4,234,21006455
Job378,7875681000,7875681000,4821718,4821718,1,1,1,1.04327,1,1,1,0,2,0,GNMT,1,122,4821718
Job379,7939057000,7939057000,9765802,9765802,1,1,1,1.01754,1,1,1,0,1,0,VGG19,1,171,9765802

Makespan,7948822,avgJCT,80850,FairnessT,17.3916,avg_gpu_load,12.7256,yield_per_job,0.683377,mean_n_avg,6.22413,maxFairT,5.75551,minFairT,0.330936,dFair,0.327512,dFairSq,0.746094,FairnessN,14.2895,maxFairN,5.10321,minFairN,0.357129,dfairN,0.160337,dfairNSq,0.373409,avg_frag_w_q,1.53755
Fairness
Mm,1/n,1/n-Down,GPU_load,GPU_share
1.26476,1.05667,1.19845,1.15048,0.950276
Fairness CV
0.551514,0.34929,0.593903,0.588981
Locality
dist,bit
0.985133,0.974664
