Job#,Admitted_time,Scheduled_time,JCT,Running_time,fairness(Mm),fairness(1/n),fairness(1/n-down),fairness(GPU_load),fairness(GPU_share),locality(dist),locality(bit),yield_count,n_avg,promote_count,model,gpu_req,rank_irt,ideal_run_time
Job1,0,0,3726166,3726166,1,0.944044,1,0.955184,1,1,1,0,6.85781,0,GPT2_SMALL,4,69,3726166
Job2,363000,363000,5624753,5624753,1,0.865654,1,0.876491,1,1,1,0,8.88152,0,ResNeXt,4,91,5624753
Job3,489000,489000,3357477,3357477,1,0.936245,1,1.00443,1,1,1,0,7.84524,0,VGG19,4,60,3357477
Job4,1049000,1049000,1534329,1534329,1,0.982447,1,1.16386,1,1,1,0,7.21854,0,VGG19,4,19,1534329
Job5,1221000,1221000,2830654,2830654,1,0.914987,1,0.936759,1,1,1,0,9.23362,0,BERTLARGE,1,47,2830654
Job6,1353000,1353000,5348773,5348773,0.9931,0.801287,0.943803,0.831614,1.00728,1,1,0,10.6238,0,VGG19,4,87,5348773
Job7,1625000,1625000,2334660,2334660,1,0.90613,1,0.969483,1,1,1,0,9.81952,0,VGG19,1,35,2334660
Job8,1850000,1850000,2592205,2592205,1,0.903102,0.999326,0.98679,1,1,1,0,10.0074,0,VGG19,4,41,2592205
Job9,2222000,2222000,4702661,4702661,0.98642,0.756791,0.8748,0.787647,1.01452,1,1,0,11.5093,0,VGG19,4,79,4702661
Job10,2421000,2421000,2944066,2944066,1,0.852259,0.954472,0.863768,1,1,1,0,10.4846,0,GPT2_SMALL,4,54,2944066
Job11,2453000,27212444,29075846,4316402,2.79258,4.27747,1.32438,4.36087,0.366206,0.8,0,0,13.0903,0,ResNet50,16,75,4298054
Job12,3002000,3002000,3640750,3640750,1,0.749286,1,0.757132,1,1,1,0,11.5267,0,ResNeXt,1,66,3640750
Job13,3696000,3696000,4325617,4325617,1,0.655574,1,0.662415,1,1,1,0,13.2678,0,BERTLARGE,2,76,4325617
Job14,3768000,3768000,5847921,5847921,0.973872,0.683659,0.725153,0.703685,1.02799,1,1,0,13.9548,0,VGG19,4,93,5847921
Job15,4286000,4286000,3698873,3698873,1,0.628708,1,0.636076,1,1,1,0,13.7335,0,BERTLARGE,2,67,3698873
Job16,4653000,4653000,5328808,5328808,1,0.652295,1,0.656717,1,1,1,0,14.7311,0,ResNet50,1,86,5328808
Job17,4868000,4868000,16349736,8377582,1.25021,1.38191,0.697102,1.39524,0.968691,0.709747,0.237512,10,17.0179,0,ResNeXt,8,99,6970760
Job18,5187000,5385066,2791201,2030474,0.425532,0.873808,0.265012,0.910878,2.67872,0.898197,0.490986,1,14.8945,0,ResNet50,16,23,1876003
Job19,5397000,5397000,4209637,4209637,1,0.637593,1,0.65751,1,1,1,0,15.3543,0,GNMT,1,74,4209637
Job20,5593000,5593000,1938880,1938880,1,0.57807,1,0.590734,1,1,1,0,14.8631,0,BERTLARGE,1,24,1938880
Job21,6143000,6143000,2358635,2358635,0.934385,0.586778,0.638373,0.597351,1.07241,1,1,0,15.841,0,BERTLARGE,4,38,2358635
Job22,6256000,6382000,7539437,6472810,1.08665,0.764043,0.733787,0.783368,0.963411,1,1,1,16.8142,0,VGG19,4,96,6209373
Job23,6362000,6382000,2914833,2894833,1.00691,0.628855,1.00691,0.636406,0.993139,1,1,0,16.0317,0,ResNet50,1,50,2894833
Job24,6509000,6529000,1376288,1356288,0.915894,0.577135,0.645402,0.62997,1.11023,1,1,0,16.7125,0,GNMT,4,15,1356288
Job25,6600000,6642750,4177521,3101231,0.962302,0.931486,0.45614,0.955562,1.10024,0.967549,0.902648,1,15.8533,0,ResNeXt,8,55,2965850
Job26,6785000,6785000,1213966,1213966,1,0.550587,1,0.569147,1,1,1,0,16.9093,0,BERTLARGE,1,10,1213966
Job27,7111000,7111000,4674132,4674132,1,0.688533,1,0.706044,1,1,1,0,15.7903,0,VGG19,1,78,4674132
Job28,7163000,7163000,3413299,3413299,1,0.681844,1,0.689419,1,1,1,0,15.9459,0,ResNet50,1,62,3413299
Job29,7375000,7375000,6541230,6541230,1,0.635854,1,0.638982,1,1,1,0,17.0372,0,ResNeXt,1,98,6541230
Job30,7557000,7557000,2274316,2274316,1,0.702018,1,0.714141,1,1,1,0,16.0479,0,ResNet50,1,32,2274316
Job31,7995000,7995000,2214270,2214270,1,0.752621,1,0.765725,1,1,1,0,15.5296,0,ResNeXt,1,30,2214270
Job32,8362000,8362000,4969470,4969470,1,0.661743,1,0.665806,1,1,1,0,16.866,0,GPT2_SMALL,1,83,4969470
Job33,8399000,8399000,3014415,3014415,1,0.740101,1,0.77832,1,1,1,0,15.4522,0,GNMT,1,57,3014415
Job34,8761000,8761000,3953150,3953150,1,0.685714,1,0.691755,1,1,1,0,16.3869,0,ResNeXt,1,72,3953150
Job35,9127000,9127000,5964160,5964160,1,0.629978,1,0.641385,1,1,1,0,16.9845,0,VGG19,1,94,5964160
Job36,9251000,9271000,2361726,2341726,0.699757,0.713601,0.332353,0.723957,1.43809,1,1,0,15.3826,0,GPT2_SMALL,8,36,2341726
Job37,9752000,9752000,1188190,1188190,1,0.727663,1,0.750815,1,1,1,0,14.8832,0,ResNeXt,1,9,1188190
Job38,10015000,10015000,1649107,1649107,1,0.709536,1,0.726734,1,1,1,0,15.0986,0,ResNet50,1,21,1649107
Job39,10312000,10332000,3560568,3540568,0.820777,0.612007,0.574918,0.633795,1.23177,1,1,0,17.9406,0,GNMT,4,65,3540568
Job40,10540000,10540000,2886096,2886096,0.829021,0.619892,0.575993,0.647716,1.2216,0.5,0,0,17.9094,0,GNMT,4,48,2886096
Job41,10896000,10896000,7395720,6044361,1.15166,0.815467,0.741418,0.833856,0.981231,0.86556,0.73112,3,18.8629,0,GNMT,4,88,5382184
Job42,11158000,11178000,2689234,2669234,0.758777,0.578569,0.53858,0.588745,1.32801,1,1,0,18.9766,0,ResNeXt,4,44,2669234
Job43,11233000,11233000,1245354,1245354,1,0.650258,1,0.666199,1,1,1,0,17.4616,0,GPT2_SMALL,1,11,1245354
Job44,11337000,11337000,1631710,1631710,1,0.611108,1,0.622853,1,1,1,0,18.6172,0,ResNeXt,1,20,1631710
Job45,11555000,11555000,6288322,6288322,1,0.576412,1,0.579333,1,1,1,0,19.3116,0,ResNet50,1,97,6288322
Job46,11672000,11672000,3207300,3141796,0.816203,0.619219,0.594223,0.627843,1.30109,0.5,0,2,18.3354,0,BERTLARGE,4,56,2976091
Job47,11714000,11734000,6206590,6186590,1.00323,0.575512,1.00323,0.578212,0.996778,1,1,0,19.3896,0,ResNeXt,1,95,6186590
Job48,11838000,11858000,2160721,2140721,0.707137,0.574412,0.542959,0.614156,1.46848,1,1,0,19.6917,0,VGG19,4,27,2140721
Job49,11981000,11981000,1423340,1423340,0.671699,0.554851,0.513466,0.57971,1.5297,1,1,0,20.2691,0,ResNet50,4,18,1423340
Job50,12163000,12183000,2640893,2504893,0.817902,0.630733,0.613395,0.647751,1.31476,0.5,0,1,18.6459,0,ResNet50,4,39,2360024
Job51,12355000,13404340,4148379,3067242,1.08827,0.805015,0.763542,0.822573,0.968498,1,1,1,18.835,0,ResNet50,4,53,2936159
Job52,12432000,12452000,1413230,1393230,1.01436,0.526063,1.01436,0.536111,0.985848,1,1,0,20.5891,0,ResNeXt,1,17,1393230
Job53,12539000,12559000,4028590,4008590,1.00499,0.567056,1.00499,0.571103,0.995035,1,1,0,18.8207,0,ResNeXt,1,73,4008590
Job54,12655000,13998721,6870628,5182328,1.16419,0.78058,0.733101,0.78777,0.899629,0.423744,0.0969215,2,19.0375,0,ResNeXt,4,82,4961048
Job55,12985000,13815437,2208421,1377984,0.682332,0.953561,0.499096,1.00247,1.56106,0.666667,0,0,17.2678,0,ResNeXt,8,16,1361520
Job56,13347000,13347000,2300686,2300686,1,0.598757,1,0.605836,1,0.5,0,0,16.3047,0,GPT2_SMALL,2,33,2300686
Job57,13505000,13795437,2954045,2663608,0.921948,0.665074,0.636463,0.696432,1.09951,1,1,0,18.0278,0,GNMT,4,43,2663608
Job58,13823000,13845230,5457754,5435524,1.00409,0.585515,1.00409,0.590066,0.995927,1,1,0,18.7918,0,BERTLARGE,1,90,5435524
Job59,14481000,14501000,2635088,2615088,1.00765,0.596719,1.00765,0.60633,0.99241,1,1,0,19.4569,0,ResNet50,2,42,2615088
Job60,14944000,15193421,13706285,5107219,1.6705,1.52308,1.00561,1.53114,0.614089,0.414693,0,2,13.72,0,GPT2_SMALL,8,84,4997208
Job61,15304000,15324000,11908444,6326478,1.43502,1.36044,0.87199,1.39225,0.946685,0.655101,0.0880303,6,14.8048,0,GNMT,8,80,4744670
Job62,15452000,15472000,1718030,1698030,1.01178,0.573287,1.01178,0.582189,0.988359,1,1,0,22.1782,0,GPT2_SMALL,1,22,1698030
Job63,15555000,15555000,3735874,3735874,1,0.563215,1,0.567924,1,1,1,0,20.5069,0,ResNet50,1,70,3735874
Job64,15555000,15555000,3428670,3428670,1,0.568163,1,0.572944,1,1,1,0,20.6993,0,ResNeXt,1,63,3428670
Job65,15557000,15557000,3846646,3846646,1,0.560363,1,0.566294,1,1,1,0,20.4152,0,BERTLARGE,1,71,3846646
Job66,15557000,15557000,2670029,2670029,1,0.583475,1,0.610142,1,1,1,0,21.7354,0,GNMT,1,45,2670029
Job67,15557000,15557000,2104446,2104446,1,0.579555,1,0.607735,1,1,1,0,22.3752,0,VGG19,1,26,2104446
Job68,15586000,15606000,1363296,1343296,0.785037,0.597798,0.48562,0.655264,1.32429,0.5,0,0,22.8054,0,GNMT,4,14,1343296
Job69,15795000,15815000,4406889,4386889,1.00456,0.544201,1.00456,0.547923,0.995462,1,1,0,19.7366,0,ResNet50,1,77,4386889
Job70,15795000,15815000,3306834,3286834,1.00608,0.571248,1.00608,0.575806,0.993952,1,1,0,20.6476,0,GPT2_SMALL,1,59,3286834
Job71,15796000,15815000,2374400,2355400,1.00807,0.587486,1.00807,0.613024,0.991998,1,1,0,21.9962,0,VGG19,1,37,2355400
Job72,15796000,15815000,2033894,2014894,1.00943,0.574443,1.00943,0.586351,0.990658,1,1,0,22.5919,0,BERTLARGE,1,25,2014894
Job73,16670000,16670000,3392078,3392078,1,0.544988,1,0.54903,1,1,1,0,18.933,0,GPT2_SMALL,1,61,3392078
Job74,16763000,16763000,1111873,1111873,1,0.588274,1,0.605905,1,1,1,0,21.8735,0,ResNet50,1,6,1111873
Job75,17119000,17139000,2703637,2683637,0.504474,0.561855,0.286764,0.58622,2.06196,1,1,0,18.5778,0,GNMT,8,46,2683637
Job76,17424000,17424000,2908784,2908784,1,0.542325,1,0.563331,1,1,1,0,17.8442,0,GNMT,1,52,2908784
Job77,17655000,17655000,5820148,5820148,1,0.489284,1,0.497651,1,1,1,0,16.4403,0,GNMT,1,92,5820148
Job78,18284000,19822637,10723174,5397280,1.47156,1.22147,0.977912,1.24995,0.750546,0.983693,0.951079,2,11.3257,0,GNMT,8,81,4952618
Job79,18684000,18684000,5399647,5399647,1,0.470757,1,0.479111,1,0.5,0,0,16.0622,0,GNMT,2,89,5399647
Job80,18722000,18742000,2909816,2889816,1.00692,0.486545,1.00692,0.491476,0.993127,1,1,0,16.5244,0,ResNeXt,2,49,2889816
Job81,18756000,18756000,2147728,2147728,1,0.481516,1,0.486412,1,1,1,0,16.8067,0,GPT2_SMALL,2,28,2147728
Job82,19066000,19066000,2301598,2301598,1,0.472061,1,0.476539,1,1,1,0,16.4297,0,GPT2_SMALL,1,34,2301598
Job83,19206000,28650285,16847782,7403497,1.47883,1.56499,0.846633,1.58412,0.683439,0.666667,0,0,6.82504,0,ResNet50,16,100,7371619
Job84,19368000,19388000,2920698,2900698,1.00689,0.478703,1.00689,0.483057,0.993152,1,1,0,15.6604,0,ResNet50,1,51,2900698
Job85,19550000,19550000,2503216,2503216,1,0.482508,1,0.489107,1,1,1,0,15.6206,0,ResNet50,2,40,2503216
Job86,19960000,19980000,1277960,1257960,0.465812,0.478814,0.331963,0.493061,2.22796,0.4,0,0,16.0119,0,BERTLARGE,8,12,1255175
Job87,20423000,20423000,4150430,4051079,0.998466,0.536002,0.773665,0.5534,1.09904,0.397723,0,1,14.7352,0,VGG19,4,68,3718929
Job88,20619000,20639000,1131064,1111064,0.91954,0.529208,0.693232,0.583842,1.11059,1,1,0,15.7133,0,GNMT,4,5,1111064
Job89,20717000,20717000,3442727,3442727,1,0.465782,1,0.478736,1,1,1,0,15.4934,0,GNMT,1,64,3442727
Job90,20984000,20984000,3079226,3079226,1,0.464021,1,0.476101,1,1,1,0,15.5345,0,VGG19,1,58,3079226
Job91,21482000,21502000,1526351,1506351,0.619739,0.572713,0.440352,0.635458,2.01905,0.666667,0,0,14.8949,0,VGG19,8,13,1338371
Job92,21760000,21760000,2181649,2181649,1,0.4436,1,0.448617,1,1,1,0,15.6859,0,ResNet50,1,29,2181649
Job93,21969000,21969000,1086040,1086040,1,0.439213,1,0.452368,1,1,1,0,15.3438,0,BERTLARGE,1,3,1086040
Job94,22014000,22034000,1066345,1046345,0.246427,0.441437,0.173305,0.450396,4.24267,0.8,0,0,15.4214,0,GPT2_SMALL,16,1,1037739
Job95,22611000,22611000,5521213,5323868,0.990252,0.618323,1.04895,0.623289,1.02219,0.5,0,1,8.89487,0,BERTLARGE,4,85,5263579
Job96,22863000,22883000,1114470,1094470,0.770514,0.448381,0.619299,0.461593,1.31151,0.5,0,0,16.7843,0,BERTLARGE,4,4,1100931
Job97,22889000,22909000,1186829,1166829,0.8251,0.505593,0.680858,0.56409,1.29728,0.5,0,0,16.5601,0,VGG19,4,8,1149045
Job98,22897000,23008351,1241233,1129882,0.857457,0.490413,0.688373,0.499497,1.18208,0.5,0,0,16.2801,0,GPT2_SMALL,4,7,1125328
Job99,22952000,22952000,2256510,2256510,1,0.520008,1,0.526113,1,1,1,0,12.039,0,ResNeXt,1,31,2256510
Job100,22971000,23080345,1162375,1053030,0.45968,0.515053,0.368419,0.542202,2.32803,1,1,0,16.1805,0,ResNeXt,8,2,1053030
