Job#,Admitted_time,Scheduled_time,JCT,Running_time,fairness(Mm),fairness(1/n),fairness(1/n-down),fairness(GPU_load),fairness(GPU_share),locality(dist),locality(bit),yield_count,n_avg,promote_count,model,gpu_req,rank_irt,ideal_run_time
Job1,0,0,3726166,3726166,1,0.944044,1,0.955184,1,1,1,0,6.85781,0,GPT2_SMALL,4,69,3726166
Job2,363000,363000,5624753,5624753,1,0.865654,1,0.876491,1,1,1,0,8.88152,0,ResNeXt,4,91,5624753
Job3,489000,489000,3357477,3357477,1,0.936245,1,1.00443,1,1,1,0,7.84524,0,VGG19,4,60,3357477
Job4,1049000,1049000,1534329,1534329,1,0.982447,1,1.16386,1,1,1,0,7.21854,0,VGG19,4,19,1534329
Job5,1221000,1221000,2830654,2830654,1,0.914987,1,0.936759,1,1,1,0,9.23362,0,BERTLARGE,1,47,2830654
Job6,1353000,1353000,5348773,5348773,0.9931,0.801287,0.943803,0.831614,1.00728,1,1,0,10.6238,0,VGG19,4,87,5348773
Job7,1625000,1625000,2334660,2334660,1,0.90613,1,0.969483,1,1,1,0,9.81952,0,VGG19,1,35,2334660
Job8,1850000,1850000,2592205,2592205,1,0.903102,0.999326,0.98679,1,1,1,0,10.0074,0,VGG19,4,41,2592205
Job9,2222000,2222000,4702661,4702661,0.98642,0.756791,0.8748,0.787647,1.01452,1,1,0,11.5093,0,VGG19,4,79,4702661
Job10,2421000,2421000,2944066,2944066,1,0.852259,0.954472,0.863768,1,1,1,0,10.4846,0,GPT2_SMALL,4,54,2944066
Job11,2453000,24375701,26239103,4316402,2.11012,3.30045,1.06533,3.35531,0.485644,0.8,0,0,14.6951,0,ResNet50,16,75,4298054
Job12,3002000,3002000,3640750,3640750,1,0.749286,1,0.757132,1,1,1,0,11.5267,0,ResNeXt,1,66,3640750
Job13,3696000,3696000,4325617,4325617,1,0.652775,1,0.659558,1,1,1,0,13.3042,0,BERTLARGE,2,76,4325617
Job14,3768000,3768000,5847921,5847921,0.971661,0.63619,0.710533,0.653496,1.03043,1,1,0,14.2509,0,VGG19,4,93,5847921
Job15,4286000,4286000,3698873,3698873,1,0.627386,1,0.634723,1,1,1,0,13.7622,0,BERTLARGE,2,67,3698873
Job16,4653000,4653000,5328808,5328808,1,0.593855,1,0.597517,1,1,1,0,15.1247,0,ResNet50,1,86,5328808
Job17,4868000,4868000,6970760,6970760,0.574603,0.572788,0.323393,0.578156,1.75253,1,1,0,15.6334,0,ResNeXt,8,99,6970760
Job18,5187000,25303406,21992409,1876003,3.33401,6.04223,1.94512,6.26603,0.31592,1,1,0,16.003,0,ResNet50,16,23,1876003
Job19,5397000,5397000,4209637,4209637,1,0.58199,1,0.59854,1,1,1,0,15.7634,0,GNMT,1,74,4209637
Job20,5593000,5593000,1938880,1938880,1,0.57807,1,0.590734,1,1,1,0,14.8631,0,BERTLARGE,1,24,1938880
Job21,6143000,6143000,2358635,2358635,0.928828,0.557106,0.627872,0.566628,1.07901,1,1,0,16.1112,0,BERTLARGE,4,38,2358635
Job22,6256000,6256000,6209373,6209373,0.932983,0.557496,0.607403,0.569952,1.07476,1,1,0,16.7273,0,VGG19,4,96,6209373
Job23,6362000,6362000,2894833,2894833,1,0.562076,1,0.568143,1,1,1,0,16.4991,0,ResNet50,1,50,2894833
Job24,6509000,6642750,1490038,1356288,0.991154,0.624714,0.695297,0.681892,1.026,0.5,0,0,16.804,0,GNMT,4,15,1356288
Job25,6600000,7999038,4402508,3003470,0.831943,0.834296,0.461316,0.852553,1.23844,0.666667,0,0,16.528,0,ResNeXt,8,55,2965850
Job26,6785000,6785000,1213966,1213966,1,0.546003,1,0.564251,1,1,1,0,17.0201,0,BERTLARGE,1,10,1213966
Job27,7111000,7111000,4674132,4674132,1,0.560209,1,0.571746,1,1,1,0,16.7098,0,VGG19,1,78,4674132
Job28,7163000,7163000,3413299,3413299,1,0.565193,1,0.570388,1,1,1,0,16.7345,0,ResNet50,1,62,3413299
Job29,7375000,7375000,6541230,6541230,1,0.532523,1,0.534714,1,1,1,0,17.6291,0,ResNeXt,1,98,6541230
Job30,7557000,7557000,2274316,2274316,1,0.572354,1,0.580387,1,1,1,0,16.9039,0,ResNet50,1,32,2274316
Job31,7995000,7995000,2214270,2214270,1,0.581547,1,0.58934,1,1,1,0,16.5224,0,ResNeXt,1,30,2214270
Job32,8362000,8362000,4969470,4969470,1,0.539465,1,0.542162,1,1,1,0,17.5173,0,GPT2_SMALL,1,83,4969470
Job33,8399000,8399000,3014415,3014415,1,0.575238,1,0.598064,1,1,1,0,16.5202,0,GNMT,1,57,3014415
Job34,8761000,8761000,3953150,3953150,1,0.545958,1,0.549781,1,1,1,0,17.2416,0,ResNeXt,1,72,3953150
Job35,9127000,9127000,5964160,5964160,1,0.528954,1,0.536972,1,1,1,0,17.5644,0,VGG19,1,94,5964160
Job36,9251000,9615921,2706647,2341726,0.614462,0.628764,0.351278,0.635756,1.64317,1,1,0,16.6881,0,GPT2_SMALL,8,36,2341726
Job37,9752000,9752000,1188190,1188190,1,0.560685,1,0.574331,1,1,1,0,16.0201,0,ResNeXt,1,9,1188190
Job38,10015000,10015000,1649107,1649107,1,0.546917,1,0.557079,1,1,1,0,16.2661,0,ResNet50,1,21,1649107
Job39,10312000,10576299,3804867,3540568,0.849868,0.557634,0.602435,0.574472,1.19139,0.333333,0,0,18.3077,0,GNMT,4,65,3540568
Job40,10540000,11002508,3348604,2886096,0.910484,0.604605,0.648359,0.627256,1.11592,1,1,0,18.4831,0,GNMT,4,48,2886096
Job41,10896000,11002508,5488692,5382184,0.790166,0.520737,0.558714,0.530809,1.27655,1,1,0,18.5709,0,GNMT,4,88,5382184
Job42,11158000,11838760,3349994,2669234,0.928438,0.637327,0.682416,0.647218,1.08577,1,1,0,18.6515,0,ResNeXt,4,44,2669234
Job43,11233000,11233000,1245354,1245354,1,0.532894,1,0.543553,1,1,1,0,18.2145,0,GPT2_SMALL,1,11,1245354
Job44,11337000,11413415,1708125,1631710,1.04683,0.547862,1.04683,0.556854,0.955264,1,1,0,18.9152,0,ResNeXt,1,20,1631710
Job45,11555000,11664107,6397429,6288322,1.01735,0.5144,1.01735,0.516685,0.982945,1,1,0,19.6349,0,ResNet50,1,97,6288322
Job46,11672000,11838760,3142851,2976091,0.76744,0.535028,0.573268,0.541587,1.31175,1,1,0,18.6275,0,BERTLARGE,4,56,2976091
Job47,11714000,11785132,6257722,6186590,1.0115,0.511095,1.0115,0.513206,0.988633,1,1,0,19.6819,0,ResNeXt,1,95,6186590
Job48,11838000,11957647,2260368,2140721,0.745687,0.549211,0.574486,0.583737,1.39159,1,1,0,19.4549,0,VGG19,4,27,2140721
Job49,11981000,11981000,1423340,1423340,0.702801,0.518889,0.528645,0.540566,1.4583,1,1,0,19.6631,0,ResNet50,4,18,1423340
Job50,12163000,12465373,2662397,2360024,0.81014,0.57299,0.616303,0.586884,1.25136,1,1,0,18.7107,0,ResNet50,4,39,2360024
Job51,12355000,13404340,3985499,2936159,1.0128,0.680571,0.729914,0.6936,0.997119,1,1,0,18.9311,0,ResNet50,4,53,2936159
Job52,12432000,12478354,1439584,1393230,1.03327,0.501015,1.03327,0.509951,0.9678,1,1,0,20.0169,0,ResNeXt,1,17,1393230
Job53,12539000,12714150,4183740,4008590,1.04369,0.518618,1.04369,0.521875,0.958136,1,1,0,19.1942,0,ResNeXt,1,73,4008590
Job54,12655000,13888604,6194652,4961048,1.02485,0.630449,0.634958,0.635646,0.978631,1,1,0,19.8243,0,ResNeXt,4,82,4961048
Job55,12985000,14814851,3191371,1361520,0.94382,1.19949,0.676153,1.25269,1.11681,1,1,0,18.4494,0,ResNeXt,8,16,1361520
Job56,13347000,13347000,2300686,2300686,1,0.51366,1,0.518862,1,0.5,0,0,16.9378,0,GPT2_SMALL,2,33,2300686
Job57,13505000,14098368,3256976,2663608,0.97012,0.633059,0.6677,0.658663,1.04809,1,1,0,18.988,0,GNMT,4,43,2663608
Job58,13823000,13871584,5484108,5435524,1.00894,0.513672,1.00894,0.517155,0.991141,1,1,0,19.7747,0,BERTLARGE,1,90,5435524
Job59,14481000,14481000,2615088,2615088,1,0.514901,1,0.522097,1,1,1,0,19.7042,0,ResNet50,2,42,2615088
Job60,14944000,15091160,5117720,4970560,0.454709,0.499235,0.2523,0.501551,2.19911,0.666667,0,0,20.4419,0,GPT2_SMALL,8,84,4997208
Job61,15304000,16176371,5617041,4744670,0.529966,0.568165,0.301722,0.579896,1.93278,1,1,0,20.2618,0,GNMT,8,80,4744670
Job62,15452000,15647686,1893716,1698030,1.11524,0.554136,1.11524,0.561668,0.896666,1,1,0,22.3913,0,GPT2_SMALL,1,22,1698030
Job63,15555000,15647686,3828560,3735874,1.02481,0.510415,1.02481,0.514185,0.975791,1,1,0,21.514,0,ResNet50,1,70,3735874
Job64,15555000,16340499,4214169,3428670,1.2291,0.601866,1.2291,0.606225,0.813605,1,1,0,21.3359,0,ResNeXt,1,63,3428670
Job65,15557000,16340499,4630145,3846646,1.20368,0.581033,1.20368,0.586323,0.830783,1,1,0,21.1115,0,BERTLARGE,1,71,3846646
Job66,15557000,16340499,3453528,2670029,1.29344,0.67034,1.29344,0.697414,0.773131,1,1,0,21.7389,0,GNMT,1,45,2670029
Job67,15557000,16340499,2887945,2104446,1.37231,0.715337,1.37231,0.746467,0.7287,1,1,0,22.1108,0,VGG19,1,26,2104446
Job68,15586000,16384692,2141988,1343296,1.3213,0.850418,0.76788,0.92377,0.779523,1,1,0,22.6493,0,GNMT,4,14,1343296
Job69,15795000,16722740,5314629,4386889,1.21148,0.569608,1.21148,0.572986,0.825437,1,1,0,20.355,0,ResNet50,1,77,4386889
Job70,15795000,16761976,4253810,3286834,1.2942,0.627946,1.2942,0.632223,0.77268,1,1,0,21.2091,0,GPT2_SMALL,1,59,3286834
Job71,15796000,16761976,3321376,2355400,1.41011,0.734557,1.41011,0.762967,0.709164,1,1,0,21.7003,0,VGG19,1,37,2355400
Job72,15796000,16761976,2980870,2014894,1.47942,0.758901,1.47942,0.773052,0.675942,1,1,0,21.8887,0,BERTLARGE,1,25,2014894
Job73,16670000,16761976,3484054,3392078,1.02711,0.498361,1.02711,0.501649,0.973601,1,1,0,20.4826,0,GPT2_SMALL,1,61,3392078
Job74,16763000,17096088,1444961,1111873,1.29957,0.699059,1.29957,0.718168,0.769483,1,1,0,21.6401,0,ResNet50,1,6,1111873
Job75,17119000,18444945,4160644,2834699,0.736446,0.739516,0.425249,0.766774,1.49494,0.5,0,0,19.2943,0,GNMT,8,46,2683637
Job76,17424000,17424000,2908784,2908784,1,0.485365,1,0.502122,1,1,1,0,19.8422,0,GNMT,1,52,2908784
Job77,17655000,17655000,5820148,5820148,1,0.443512,1,0.450376,1,1,1,0,17.6649,0,GNMT,1,92,5820148
Job78,18284000,20061720,7019406,5241686,0.713682,0.620841,0.464667,0.632021,1.51395,0.666667,0,0,15.6822,0,GNMT,8,81,4952618
Job79,18684000,18849652,5565299,5399647,1.03068,0.437739,1.03068,0.444735,0.970235,1,1,0,16.8395,0,GNMT,2,89,5399647
Job80,18722000,18849652,3017468,2889816,1.04417,0.457777,1.04417,0.461983,0.957696,1,1,0,17.7915,0,ResNeXt,2,49,2889816
Job81,18756000,19010528,2402256,2147728,1.11851,0.483938,1.11851,0.488356,0.894046,0.5,0,0,18.3972,0,GPT2_SMALL,2,28,2147728
Job82,19066000,19117376,2352974,2301598,1.02232,0.438567,1.02232,0.442345,0.978166,1,1,0,17.8361,0,GPT2_SMALL,1,34,2301598
Job83,19206000,27179409,15345028,7371619,1.31464,1.26321,0.712617,1.27687,0.765695,1,1,0,7.389,0,ResNet50,16,100,7371619
Job84,19368000,19368000,2900698,2900698,1,0.427745,1,0.431243,1,1,1,0,16.962,0,ResNet50,1,51,2900698
Job85,19550000,19769169,2722385,2503216,1.08755,0.467812,1.08755,0.473507,0.919494,0.5,0,0,16.8174,0,ResNet50,2,40,2503216
Job86,19960000,20921041,2216216,1255175,0.818443,0.778899,0.563952,0.800599,1.26474,1,1,0,16.3518,0,BERTLARGE,8,12,1255175
Job87,20423000,20423000,3787179,3787179,0.888213,0.430602,0.656747,0.442859,1.15678,0.333333,0,0,15.8916,0,VGG19,4,68,3718929
Job88,20619000,21279644,1771708,1111064,1.45658,0.759656,1.06818,0.83091,0.699582,1,1,0,16.0101,0,GNMT,4,5,1111064
Job89,20717000,21109629,3835356,3442727,1.11405,0.472616,1.11405,0.484558,0.897629,1,1,0,15.3419,0,GNMT,1,64,3442727
Job90,20984000,21158256,3253482,3079226,1.05659,0.443797,1.05659,0.454229,0.94644,1,1,0,15.6738,0,VGG19,1,58,3079226
Job91,21482000,21739468,1763819,1506351,0.689473,0.609287,0.49007,0.67021,1.82293,0.4,0,0,15.513,0,VGG19,8,13,1338371
Job92,21760000,22176216,2597865,2181649,1.19078,0.479369,1.19078,0.484283,0.839785,1,1,0,15.466,0,ResNet50,1,29,2181649
Job93,21969000,22176216,1293256,1086040,1.1908,0.490285,1.1908,0.504024,0.839772,1,1,0,15.7536,0,BERTLARGE,1,3,1086040
Job94,22014000,28692103,7715842,1037739,4.11733,4.16821,2.45102,4.27928,0.248138,1,1,0,7.83063,0,GPT2_SMALL,16,1,1037739
Job95,22611000,22611000,5263579,5263579,0.942745,0.500399,1,0.503806,1.06156,1,1,0,8.94427,0,BERTLARGE,4,85,5263579
Job96,22863000,22863000,1100931,1100931,0.755585,0.383942,0.603192,0.39371,1.34583,1,1,0,17.033,0,BERTLARGE,4,4,1100931
Job97,22889000,22889000,1166829,1166829,0.802052,0.432863,0.65716,0.475833,1.33763,0.333333,0,0,16.9182,0,VGG19,4,8,1149045
Job98,22897000,23245819,1478701,1129882,1.05473,0.51174,0.834618,0.520024,0.959959,0.5,0,0,15.9889,0,GPT2_SMALL,4,7,1125328
Job99,22952000,22952000,2256510,2256510,1,0.416723,1,0.420634,1,1,1,0,13.0147,0,ResNeXt,1,31,2256510
Job100,22971000,23963931,2058357,1065426,1.05182,0.84431,0.776853,0.885347,1.01534,0.5,0,0,13.4922,0,ResNeXt,8,2,1053030
