Job#,Admitted_time,Scheduled_time,JCT,Running_time,fairness(Mm),fairness(1/n),fairness(1/n-down),fairness(GPU_load),fairness(GPU_share),locality(dist),locality(bit),yield_count,n_avg,promote_count,model,gpu_req,rank_irt,ideal_run_time
Job1,0,0,3726166,3726166,1,0.944044,1,0.955184,1,1,1,0,6.85781,0,GPT2_SMALL,4,69,3726166
Job2,363000,363000,5624753,5624753,1,0.865654,1,0.876491,1,1,1,0,8.88152,0,ResNeXt,4,91,5624753
Job3,489000,489000,3357477,3357477,1,0.936245,1,1.00443,1,1,1,0,7.84524,0,VGG19,4,60,3357477
Job4,1049000,1049000,1534329,1534329,1,0.982447,1,1.16386,1,1,1,0,7.21854,0,VGG19,4,19,1534329
Job5,1221000,1221000,2830654,2830654,1,0.914987,1,0.936759,1,1,1,0,9.23362,0,BERTLARGE,1,47,2830654
Job6,1353000,1353000,5348773,5348773,0.9931,0.801287,0.943803,0.831614,1.00728,1,1,0,10.6238,0,VGG19,4,87,5348773
Job7,1625000,1625000,2334660,2334660,1,0.90613,1,0.969483,1,1,1,0,9.81952,0,VGG19,1,35,2334660
Job8,1850000,1850000,2592205,2592205,1,0.903102,0.999326,0.98679,1,1,1,0,10.0074,0,VGG19,4,41,2592205
Job9,2222000,2222000,4702661,4702661,0.98642,0.756791,0.8748,0.787647,1.01452,1,1,0,11.5093,0,VGG19,4,79,4702661
Job10,2421000,2421000,2944066,2944066,1,0.852259,0.954472,0.863768,1,1,1,0,10.4846,0,GPT2_SMALL,4,54,2944066
Job11,2453000,5420000,7265054,4298054,0.700027,1.10695,0.310622,1.12932,1.45462,1,1,0,13.9506,0,ResNet50,16,75,4298054
Job12,3002000,3002000,3640750,3640750,1,0.749286,1,0.757132,1,1,1,0,11.5267,0,ResNeXt,1,66,3640750
Job13,3696000,3696000,4325617,4325617,1,0.652501,1,0.659279,1,1,1,0,13.3146,0,BERTLARGE,2,76,4325617
Job14,3768000,3768000,5847921,5847921,0.96408,0.626843,0.692778,0.643638,1.03888,1,1,0,14.6273,0,VGG19,4,93,5847921
Job15,4286000,4286000,3698873,3698873,1,0.627386,1,0.634723,1,1,1,0,13.7622,0,BERTLARGE,2,67,3698873
Job16,4653000,4653000,5328808,5328808,1,0.588798,1,0.592398,1,1,1,0,15.5851,0,ResNet50,1,86,5328808
Job17,4868000,4868000,11402214,7104160,0.770686,0.978882,0.434451,0.988472,1.3339,1,1,1,19.0529,0,ResNeXt,8,99,6970760
Job18,5187000,8120000,4809003,1876003,0.729642,1.49779,0.421756,1.561,1.44353,1,1,0,16.1402,0,ResNet50,16,23,1876003
Job19,5397000,5397000,4209637,4209637,1,0.5713,1,0.587239,1,1,1,0,16.284,0,GNMT,1,74,4209637
Job20,5593000,5593000,1938880,1938880,1,0.57807,1,0.590734,1,1,1,0,14.8631,0,BERTLARGE,1,24,1938880
Job21,6143000,6143000,3946036,2450115,1.58288,0.946617,0.994025,0.963054,0.657362,1,1,1,17.0432,0,BERTLARGE,4,38,2358635
Job22,6256000,6924661,9018604,6473940,1.17813,0.880496,0.764362,0.901932,0.891789,1,1,1,19.369,0,VGG19,4,96,6209373
Job23,6362000,6642750,3175583,2894833,1.09698,0.600137,1.09698,0.60644,0.911591,1,1,0,17.3002,0,ResNet50,1,50,2894833
Job24,6509000,6701773,1549061,1356288,1.03263,0.650008,0.721979,0.709556,0.984466,1,1,0,16.8261,0,GNMT,4,15,1356288
Job25,6600000,9718054,6083904,2965850,1.08996,1.28174,0.580694,1.313,0.934496,1,1,0,18.1642,0,ResNeXt,8,55,2965850
Job26,6785000,7531880,1960846,1213966,1.61524,0.904027,1.61524,0.935023,0.619103,1,1,0,17.0459,0,BERTLARGE,1,10,1213966
Job27,7111000,7984873,7544940,4809259,1.61419,0.996802,1.61419,1.01948,0.637415,1,1,1,19.6166,0,VGG19,1,78,4674132
Job28,7163000,7984873,5797113,3488603,1.69839,1.07021,1.69839,1.08119,0.601783,1,1,1,18.6916,0,ResNet50,1,62,3413299
Job29,7375000,8021617,9134953,6612333,1.39652,0.828883,1.39652,0.832687,0.72385,1,1,1,20.7262,0,ResNeXt,1,98,6541230
Job30,7557000,8021617,3440875,2350412,1.51293,0.956297,1.51293,0.971141,0.683086,1,1,1,17.4029,0,ResNet50,1,32,2274316
Job31,7995000,8058061,3756853,2276209,1.69666,1.1297,1.69666,1.14707,0.605882,1,1,1,17.5907,0,ResNeXt,1,30,2214270
Job32,8362000,9996003,6603473,4969470,1.32881,0.827969,1.32881,0.832754,0.752554,1,1,0,20.1886,0,GPT2_SMALL,1,83,4969470
Job33,8399000,9996003,4611418,3014415,1.52979,1.0229,1.52979,1.07038,0.653685,1,1,0,19.1217,0,GNMT,1,57,3014415
Job34,8761000,10089036,5281186,3953150,1.33594,0.85552,1.33594,0.862555,0.748535,1,1,0,19.9976,0,ResNeXt,1,72,3953150
Job35,9127000,10089036,6926196,5964160,1.1613,0.712529,1.1613,0.725088,0.861102,1,1,0,21.0826,0,VGG19,1,94,5964160
Job36,9251000,9996003,3086729,2341726,0.762926,0.923509,0.363524,0.936778,1.32214,1,1,0,18.401,0,GPT2_SMALL,8,36,2341726
Job37,9752000,9996003,1432193,1188190,1.20536,1.01604,1.20536,1.05368,0.82963,1,1,0,16.5307,0,ResNeXt,1,9,1188190
Job38,10015000,10089036,1723143,1649107,1.04489,0.862626,1.04489,0.887049,0.957034,1,1,0,17.3249,0,ResNet50,1,21,1649107
Job39,10312000,12337729,5566297,3540568,1.07772,0.97348,0.75108,1.00876,0.945359,1,1,0,21.5863,0,GNMT,4,65,3540568
Job40,10540000,12337729,4683825,2886096,1.12186,1.01902,0.782866,1.06538,0.911865,1,1,0,21.5291,0,GNMT,4,48,2886096
Job41,10896000,15353138,9839322,5382184,1.2016,1.0646,0.794252,1.08814,0.84323,1,1,0,23.5193,0,GNMT,4,88,5382184
Job42,11158000,12683904,4195138,2669234,0.993912,0.932607,0.721507,0.949565,1.0176,1,1,0,22.1487,0,ResNeXt,4,44,2669234
Job43,11233000,11233000,1245354,1245354,1,0.654922,1,0.671095,1,1,1,0,20.9316,0,GPT2_SMALL,1,11,1245354
Job44,11337000,11337000,1631710,1631710,1,0.636682,1,0.649441,1,1,1,0,22.0158,0,ResNeXt,1,20,1631710
Job45,11555000,11555000,6288322,6288322,1,0.564104,1,0.566901,1,1,1,0,24.191,0,ResNet50,1,97,6288322
Job46,11672000,15223825,6527916,2976091,1.26791,1.24955,0.915011,1.2668,0.796848,1,1,0,24.3141,0,BERTLARGE,4,56,2976091
Job47,11714000,11738143,9758072,6328043,1.57729,0.87581,1.57729,0.879786,0.648493,1,1,2,23.9815,0,ResNeXt,1,95,6186590
Job48,11838000,13520000,3859979,2177979,1.08733,1.06469,0.84665,1.14133,0.983351,0.333333,0,0,22.7466,0,VGG19,4,27,2140721
Job49,11981000,12683904,2126244,1423340,0.888597,0.884282,0.672744,0.926676,1.16356,1,1,0,23.2275,0,ResNet50,4,18,1423340
Job50,12163000,14107244,4304268,2360024,1.02317,1.02184,0.788796,1.04924,0.998326,1,1,0,23.7631,0,ResNet50,4,39,2360024
Job51,12355000,15274604,5855763,2936159,1.13309,1.13302,0.828591,1.15766,0.897376,1,1,0,24.6169,0,ResNet50,4,53,2936159
Job52,12432000,12432000,1393230,1393230,1,0.585543,1,0.598201,1,1,1,0,23.3344,0,ResNeXt,1,17,1393230
Job53,12539000,12539000,5833574,4150360,1.45527,0.820314,1.45527,0.826163,0.711461,1,1,2,24.6284,0,ResNeXt,1,73,4008590
Job54,12655000,15878297,8335161,5061650,1.04245,0.935578,0.700487,0.94409,0.984849,1,1,1,24.2152,0,ResNeXt,4,82,4961048
Job55,12985000,16220000,4612984,1377984,0.980632,1.9199,0.739182,2.01465,1.09846,0.666667,0,0,24.5397,0,ResNeXt,8,16,1361520
Job56,13347000,13347000,3811675,2366202,1.63924,0.907951,1.36032,0.917767,0.627543,0.536556,0.0731129,1,24.445,0,GPT2_SMALL,2,33,2300686
Job57,13505000,15697979,4856587,2663608,1.05853,1.04642,0.76563,1.09354,0.976871,0.333333,0,0,24.936,0,GNMT,4,43,2663608
Job58,13823000,14042186,8269001,5712883,1.52129,0.823743,1.52129,0.829686,0.690879,1,1,3,23.9892,0,BERTLARGE,1,90,5435524
Job59,14481000,16270214,4404302,2615088,1.66889,0.971097,1.35794,0.98632,0.59935,1,1,0,24.9372,0,ResNet50,2,42,2615088
Job60,14944000,18210763,8263971,4997208,0.538033,0.853793,0.351067,0.85799,1.87061,1,1,0,23.7302,0,GPT2_SMALL,8,84,4997208
Job61,15304000,18374660,8091750,5021090,0.570634,0.889313,0.371327,0.9093,1.90884,0.5,0,0,23.7547,0,GNMT,8,80,4744670
Job62,15452000,16053196,2416072,1764662,1.42287,0.786077,1.42287,0.797975,0.730385,1,1,1,26.9799,0,GPT2_SMALL,1,22,1698030
Job63,15555000,17597984,5778858,3735874,1.54686,0.850004,1.54686,0.856937,0.646473,1,1,0,25.0014,0,ResNet50,1,70,3735874
Job64,15555000,17597984,5471654,3428670,1.59585,0.88382,1.59585,0.891067,0.626624,1,1,0,25.0821,0,ResNeXt,1,63,3428670
Job65,15557000,17597984,5887630,3846646,1.53059,0.840746,1.53059,0.849468,0.653344,1,1,0,24.9457,0,BERTLARGE,1,71,3846646
Job66,15557000,16509953,3622982,2670029,1.35691,0.822027,1.35691,0.861103,0.73697,1,1,0,25.6723,0,GNMT,1,45,2670029
Job67,15557000,16270214,2817660,2104446,1.33891,0.782008,1.33891,0.820341,0.746877,1,1,0,26.7519,0,VGG19,1,26,2104446
Job68,15586000,16467268,2224564,1343296,0.94193,0.968252,0.670184,1.06058,1.14174,1,1,0,27.2837,0,GNMT,4,14,1343296
Job69,15795000,17597984,6189873,4386889,1.41099,0.766971,1.41099,0.772234,0.70872,1,1,0,24.468,0,ResNet50,1,77,4386889
Job70,15795000,17597984,5089818,3286834,1.54855,0.867235,1.54855,0.87406,0.645767,1,1,0,25.0191,0,GPT2_SMALL,1,59,3286834
Job71,15796000,17158675,3718075,2355400,1.57853,0.960689,1.57853,1.00438,0.6335,1,1,0,25.3229,0,VGG19,1,37,2355400
Job72,15796000,17158675,3377569,2014894,1.6763,1.01273,1.6763,1.03504,0.596552,1,1,0,25.6224,0,BERTLARGE,1,25,2014894
Job73,16670000,17810564,4852083,3457950,1.43042,0.789203,1.43042,0.79513,0.712673,1,1,1,24.3422,0,GPT2_SMALL,1,61,3392078
Job74,16763000,17597984,1946857,1111873,1.75097,1.09038,1.75097,1.12504,0.571112,1,1,0,25.5016,0,ResNet50,1,6,1111873
Job75,17119000,18920000,4635699,2834699,0.627758,0.964976,0.384217,1.0069,1.76889,0.5,0,0,23.887,0,GNMT,8,46,2683637
Job76,17424000,17810564,3776308,3129762,1.29824,0.738147,1.29824,0.768178,0.828789,1,1,1,24.013,0,GNMT,1,52,2908784
Job77,17655000,17810564,9372921,6482307,1.61043,0.902658,1.61043,0.920386,0.691599,1,1,3,18.4403,0,GNMT,1,92,5820148
Job78,18284000,23207971,11135870,5174160,1.39421,1.38352,0.77978,1.41878,0.761315,1,1,1,14.8137,0,GNMT,8,81,4952618
Job79,18684000,18885302,8933411,5802759,1.65433,0.938175,1.65444,0.958303,0.649605,0.987254,0.974507,3,16.8916,0,GNMT,2,89,5399647
Job80,18722000,20990161,5372768,2969908,1.85899,0.885253,1.70287,0.894092,0.552838,1,1,1,21.8751,0,ResNeXt,2,49,2889816
Job81,18756000,20735322,4127050,2147728,1.92129,0.938649,1.71885,0.948334,0.520485,1,1,0,22.4093,0,GPT2_SMALL,2,28,2147728
Job82,19066000,20735322,3970920,2301598,1.72529,0.818087,1.72529,0.825884,0.579613,1,1,0,22.3871,0,GPT2_SMALL,1,34,2301598
Job83,19206000,25385426,13582923,7403497,1.17169,1.2335,0.425191,1.24824,0.862763,0.8,0,0,10.9835,0,ResNet50,16,100,7371619
Job84,19368000,20884818,4628171,2976654,1.59554,0.733136,1.59554,0.739579,0.64316,1,1,1,21.9159,0,ResNet50,1,51,2900698
Job85,19550000,20990161,4169227,2594367,1.66529,0.763285,1.51038,0.773193,0.622363,1,1,1,22.1139,0,ResNet50,2,40,2503216
Job86,19960000,21620000,2917960,1257960,0.783626,1.09026,0.546858,1.1226,1.33445,0.666667,0,0,22.3196,0,BERTLARGE,8,12,1255175
Job87,20423000,23395750,7088340,4051279,1.56615,1.09207,1.25166,1.13462,0.704255,0.5,0,1,15.5941,0,VGG19,4,68,3718929
Job88,20619000,21620000,2112064,1111064,1.32984,0.951101,0.963846,1.04524,0.801564,0.333333,0,0,21.8567,0,GNMT,4,5,1111064
Job89,20717000,21200308,5719758,3882807,1.6614,0.887867,1.6614,0.916314,0.678841,1,1,2,16.9805,0,GNMT,1,64,3442727
Job90,20984000,21333858,4772703,3457147,1.54997,0.781533,1.54997,0.803691,0.724358,1,1,2,17.9115,0,VGG19,1,58,3079226
Job91,21482000,22877960,2902311,1506351,0.863744,1.07009,0.644612,1.18507,1.49495,0.666667,0,0,19.7135,0,VGG19,8,13,1338371
Job92,21760000,22731064,3471058,2257415,1.59102,0.74791,1.59102,0.75688,0.650354,1,1,1,18.2178,0,ResNet50,1,29,2181649
Job93,21969000,22731064,1848104,1086040,1.70169,0.744478,1.70169,0.766684,0.587651,1,1,0,20.5117,0,BERTLARGE,1,3,1086040
Job94,22014000,24320000,3343739,1037739,0.696842,1.53753,0.470245,1.57227,1.48965,1,1,0,17.8404,0,GPT2_SMALL,16,1,1037739
Job95,22611000,25351797,8004376,5263579,1.4142,1.10796,1.52071,1.11898,0.70779,1,1,0,8.77238,0,BERTLARGE,4,85,5263579
Job96,22863000,23719227,1950697,1094470,1.35535,0.843236,1.00185,0.869992,0.7454,0.5,0,0,18.2169,0,BERTLARGE,4,4,1100931
Job97,22889000,23395750,1673579,1166829,1.11082,0.738198,0.859355,0.826996,0.972492,0.5,0,0,18.8165,0,VGG19,4,8,1149045
Job98,22897000,24094768,2454797,1192718,1.77668,1.07996,1.30548,1.10228,0.601274,0.90558,0.811161,1,16.9958,0,GPT2_SMALL,4,7,1125328
Job99,22952000,22952000,2821087,2327390,1.2502,0.66497,1.2502,0.672957,0.824998,1,1,1,15.7318,0,ResNeXt,1,31,2256510
Job100,22971000,24320000,2414426,1065426,1.10707,1.18878,0.739285,1.25882,0.97073,0.5,0,0,16.7702,0,ResNeXt,8,2,1053030
