Job#,Admitted_time,Scheduled_time,JCT,Running_time,fairness(Mm),fairness(1/n),fairness(1/n-down),fairness(GPU_load),fairness(GPU_share),locality(dist),locality(bit),cold_count,wave,gpu_usg,n_avg,round_out,#shuffle,locality(content),iq_ignore,dist_expand,unlucky_expand,lucky_expand,lucky_shrink,model,gpu_req,k_val,rank_irt,ideal_run_time,ooit_inc_p_gpu
Job1,0,0,3533555,3533555,1.0005,0.95897,1.0005,0.967901,1,1,1,1,1,4,6.47486,0,1,1,0,0,0,0,0,GPT2_SMALL,4,64,66,3531792,0.26
Job2,363000,363000,5650680,5650680,1.00054,0.883581,1.00054,0.894067,1,1,1,1,1,4,8.57999,0,1,1,0,0,0,0,0,ResNeXt,4,8,92,5647608,0.253
Job3,489000,489000,2835952,2835952,1,0.954419,1,0.977446,1,1,1,1,1,4,7.11516,0,1,1,0,0,0,0,0,VGG19,4,8,50,2835952,0.258
Job4,1049000,1049000,1217776,1217776,1,1,1,1.06099,1,1,1,1,1,4,6.51514,0,1,1,0,0,0,0,0,VGG19,4,8,12,1217776,0.258
Job5,1221000,1221000,2784500,2784500,1.00002,0.939012,1.00002,0.950227,1,1,1,1,1,1,8.82727,0,1,1,0,0,0,0,0,BERTLARGE,1,128,47,2784440,1
Job6,1353000,1353000,4604656,4604656,1,0.86495,1,0.876474,1,1,1,1,1,4,9.67075,0,1,1,0,0,0,0,0,VGG19,4,8,80,4604656,0.258
Job7,1625000,1625000,2269252,2269252,1.00029,0.931806,1.00029,0.959382,1,1,1,1,1,1,9.33129,0,1,1,0,0,0,0,0,VGG19,1,32,37,2268592,1
Job8,1850000,1850000,2158576,2158576,1,0.924018,1,0.952561,1,1,1,1,1,4,9.60829,0,1,1,0,0,0,0,0,VGG19,4,8,30,2158576,0.258
Job9,2222000,2222000,4030768,4030768,1,0.825904,0.965816,0.837923,1,1,1,1,1,4,10.3602,0,1,1,0,0,0,0,0,VGG19,4,8,76,4030768,0.258
Job10,2421000,2421000,2765360,2765360,1.0005,0.908663,1.0005,0.918929,1,1,1,1,1,4,9.87278,0,1,1,0,0,0,0,0,GPT2_SMALL,4,64,46,2763984,0.26
Job11,2453000,2453000,8467239,7843243,1.08327,1.62793,0.420089,1.66638,1.14395,0.844438,0.603591,18,2.82383,9.8959,12.995,2,18,1.07956,0,41,41,0,0,ResNet50,16,8,74,3974512,0.066
Job12,3002000,3002000,3628664,3628664,1.00067,0.788678,1.00067,0.801747,1,1,1,1,1,1,10.8297,0,1,1,0,0,0,0,0,ResNeXt,1,32,68,3626232,1
Job13,3696000,3696000,4096730,4096730,1.03383,0.747017,1.03383,0.751815,0.969581,1,1,2,1.06084,1.93916,12.2806,0,2,1,0,0,0,0,0,BERTLARGE,2,64,73,3962680,0.5
Job14,3768000,3771900,5590660,5585071,1.10407,0.810113,0.84324,0.818415,0.91979,1,1,3,1.16132,3.67735,13.1562,0,3,1.001,0,0,0,0,0,VGG19,4,8,84,5056240,0.258
Job15,4286000,4293484,3392854,3385370,1.0023,0.696281,1.0023,0.701318,0.997794,1,1,1,1,2,12.6795,0,1,1.00221,0,0,0,0,0,BERTLARGE,2,64,62,3385080,0.5
Job16,4653000,4653000,5355776,5355776,1.00015,0.70474,1.00015,0.71082,1,1,1,1,1,1,14.1468,0,1,1,0,0,0,0,0,ResNet50,1,128,87,5354984,1
Job17,4868000,6416989,25561353,13498451,2.50917,2.60849,1.37607,2.62861,0.465731,0.774384,0.389871,47,3.20282,5.00036,12.9073,21,47,1.89365,1,53,53,0,0,ResNeXt,8,4,100,7241736,0.13
Job18,5187000,5196180,1779591,1770411,0.376453,0.655901,0.212624,0.686253,2.82878,0.8,0,1,1,16,12.7286,0,1,1.00519,0,65,65,0,0,ResNet50,16,8,22,1740304,0.066
Job19,5397000,5469934,4395242,4322308,1.01707,0.706225,1.01707,0.72011,0.983406,1,1,1,1,1,14.6771,0,1,1.01687,0,0,0,0,0,GNMT,1,64,77,4321472,1
Job20,5593000,5736573,2011573,1868000,1.07688,0.69165,1.07688,0.700075,0.928627,1,1,1,1,1,13.9859,0,1,1.07686,0,0,0,0,0,BERTLARGE,1,128,24,1867960,1
Job21,6143000,6252768,2248303,2138535,1.04758,0.702926,0.720322,0.710702,0.954715,1,1,1,1,4,14.6729,0,1,1.05133,0,0,0,0,0,BERTLARGE,4,32,29,2138360,0.264
Job22,6256000,6257105,6743380,6564521,1.20469,0.939855,0.806453,0.949115,0.891042,0.987165,0.97433,10,1.3538,3.51456,15.6268,1,10,1.02725,0,2,2,0,0,VGG19,4,8,88,5376112,0.258
Job23,6362000,6416989,2912343,2857354,1.01939,0.715499,1.01939,0.72711,0.981119,1,1,1,1,1,15.2064,0,1,1.01924,0,0,0,0,0,ResNet50,1,128,52,2856936,1
Job24,6509000,6613866,1501381,1396515,1.07626,0.718227,0.725283,0.761968,0.935344,0.5,0,1,1,4,15.38,0,1,1.07509,0,12,12,0,0,GNMT,4,16,18,1387920,0.259
Job25,6600000,6600000,3484747,3395739,0.824012,0.812572,0.374431,0.827035,1.25326,0.695864,0.0875921,3,1.61314,7.38686,15.4774,1,3,1.02621,0,194,194,0,0,ResNeXt,8,4,58,3057336,0.13
Job26,6785000,6793496,1189121,1180625,1.00722,0.671669,1.00722,0.685216,0.992855,1,1,1,1,1,15.7037,0,1,1.0072,0,0,0,0,0,BERTLARGE,1,128,10,1180600,1
Job27,7111000,7120424,4611216,4601792,1.00234,0.780739,1.00234,0.790104,0.997956,1,1,1,1,1,15.205,0,1,1.00205,0,0,0,0,0,VGG19,1,32,79,4600432,1
Job28,7163000,7164073,3446291,3445218,1.00046,0.75166,1.00046,0.762469,0.999689,1,1,1,1,1,15.4314,0,1,1.00031,0,0,0,0,0,ResNet50,1,128,64,3444712,1
Job29,7375000,7386513,6499766,6488253,1.00245,0.760611,1.00245,0.767346,0.998229,1,1,1,1,1,16.2683,0,1,1.00177,0,0,0,0,0,ResNeXt,1,32,98,6483864,1
Job30,7557000,7564039,2276529,2269490,1.00325,0.753745,1.00325,0.770323,0.996908,1,1,1,1,1,15.6118,0,1,1.0031,0,0,0,0,0,ResNet50,1,128,39,2269160,1
Job31,7995000,8078609,2296360,2212751,1.03847,0.802013,1.03847,0.823586,0.963591,1,1,1,1,1,15.3465,0,1,1.03779,0,0,0,0,0,ResNeXt,1,32,32,2211288,1
Job32,8362000,8368341,5126965,5120624,1.00192,0.777177,1.00192,0.781203,0.998763,1,1,1,1,1,16.2823,0,1,1.00124,0,0,0,0,0,GPT2_SMALL,1,256,85,5117136,1
Job33,8399000,8408144,3089861,3080717,1.00316,0.806289,1.00316,0.832353,0.997041,1,1,1,1,1,15.0882,0,1,1.00297,0,0,0,0,0,GNMT,1,64,59,3080128,1
Job34,8761000,8762612,3935669,3934057,1.00108,0.807382,1.00108,0.819999,0.99959,1,1,1,1,1,15.7877,0,1,1.00041,0,0,0,0,0,ResNeXt,1,32,72,3931416,1
Job35,9127000,9144102,5918452,5901350,1.0032,0.781282,1.0032,0.788569,0.99711,1,1,1,1,1,16.1267,0,1,1.0029,0,0,0,0,0,VGG19,1,32,94,5899600,1
Job36,9251000,9254898,2342900,2279885,0.903298,0.870785,0.366879,0.883593,1.13299,0.5,0,2,1.05483,7.7807,14.8709,0,2,1.02764,0,10,10,0,0,GPT2_SMALL,8,32,31,2173048,0.139
Job37,9752000,9779263,1240546,1213283,1.02313,0.82255,1.02313,0.865595,0.978023,1,1,1,1,1,14.4201,0,1,1.02247,0,0,0,0,0,ResNeXt,1,32,11,1212504,1
Job38,10015000,10015000,1681626,1681626,1.00014,0.864438,1.00014,0.89432,1,1,1,1,1,1,14.3902,0,1,1,0,0,0,0,0,ResNet50,1,128,21,1681384,1
Job39,10312000,10316523,4690014,4595812,1.10159,0.983114,0.776798,1.00848,0.989171,0.713476,0.426952,6,1.29731,3.54712,16.2809,0,6,1.0205,0,23,23,0,0,GNMT,4,16,71,3754704,0.259
Job40,10540000,10588644,3364828,3301868,0.935786,0.84634,0.656552,0.87268,1.0981,0.5,0,2,1.11313,3.77374,17.0801,0,2,1.01907,0,24,24,0,0,GNMT,4,16,57,3050304,0.259
Job41,10896000,10976495,7854630,6290954,1.22682,1.04596,0.774679,1.06295,0.846685,0.534517,0.0690337,4,1.2071,3.7929,17.7797,2,4,1.24856,0,55,55,0,0,GNMT,4,16,93,5755200,0.259
Job42,11158000,11159003,2682343,2681340,0.812941,0.750862,0.568552,0.766964,1.23742,1,1,1,1,4,17.8235,0,1,1.00037,0,0,0,0,0,ResNeXt,4,8,44,2679904,0.253
Job43,11233000,11233000,1305656,1305656,1.00067,0.85625,1.00067,0.875777,1,1,1,1,1,1,16.6451,0,1,1,0,0,0,0,0,GPT2_SMALL,1,256,14,1304784,1
Job44,11337000,11341789,1662280,1657491,1.00355,0.800664,1.00355,0.830671,0.997119,1,1,1,1,1,17.7111,0,1,1.00289,0,0,0,0,0,ResNeXt,1,32,20,1656408,1
Job45,11555000,11574413,6256985,6237572,1.00326,0.757574,1.00326,0.763583,0.996897,1,1,1,1,1,18.2341,0,1,1.00311,0,0,0,0,0,ResNet50,1,128,97,6236648,1
Job46,11672000,11696626,2737510,2712884,0.811244,0.743797,0.578426,0.750938,1.25157,0.333333,0,1,1,4,17.7658,0,1,1.00908,0,12,12,0,0,BERTLARGE,4,32,43,2679224,0.264
Job47,11714000,11722216,6135550,6127334,1.00202,0.752633,1.00202,0.759622,0.998661,1,1,1,1,1,18.3183,0,1,1.00134,0,0,0,0,0,ResNeXt,1,32,96,6123192,1
Job48,11838000,11840310,1783030,1780720,0.760658,0.71701,0.54842,0.737778,1.34113,0.5,0,1,1,4,18.7855,0,1,1.0013,0,47,47,0,0,VGG19,4,8,23,1763440,0.258
Job49,11981000,11984331,1361623,1358292,0.7365,0.704983,0.535713,0.729535,1.36861,0.5,0,1,1,4,19.0492,0,1,1.00245,0,7,7,0,0,ResNet50,4,32,16,1365160,0.255
Job50,12163000,12174441,2244607,2233166,0.760472,0.701244,0.558703,0.715779,1.31757,0.5,0,1,1,4,18.1335,0,1,1.00512,0,17,17,0,0,ResNet50,4,32,34,2244680,0.255
Job51,12355000,12449423,4024496,3637528,1.18715,1.0598,0.82296,1.07825,0.862855,1,1,4,1.71741,3.16196,17.5255,1,4,1.10638,0,0,0,0,0,ResNet50,4,32,49,2818280,0.255
Job52,12432000,12449423,1425047,1407624,1.01303,0.679261,1.01303,0.704444,0.987774,1,1,1,1,1,19.2694,0,1,1.01238,0,0,0,0,0,ResNeXt,1,32,19,1406712,1
Job53,12539000,12539000,3989583,3989583,1.00067,0.742392,1.00067,0.7529,1,1,1,1,1,1,17.598,0,1,1,0,0,0,0,0,ResNeXt,1,32,75,3986904,1
Job54,12655000,14091910,6738818,5301908,1.22133,0.989661,0.753073,1.00068,0.8326,0.374466,0.0616997,2,1.1851,3.8149,18.0904,0,2,1.27102,0,218,218,0,0,ResNeXt,4,8,83,4980056,0.253
Job55,12985000,12999280,1861089,1836236,0.645471,0.999893,0.424268,1.04188,1.72188,0.778552,0.335655,4,1.67707,6.48667,16.5224,0,4,1.01353,1,74,74,0,0,ResNeXt,8,4,17,1379772,0.13
Job56,13347000,13465568,2342743,2224175,1.05348,0.842488,1.05348,0.852917,0.949389,0.5,0,1,1,2,15.2059,0,1,1.05331,0,3,3,0,0,GPT2_SMALL,2,128,33,2223824,0.5
Job57,13505000,13564144,3249806,3190662,1.03039,0.89884,0.68439,0.929696,1.00858,0.534028,0.0680561,3,1.28945,3.62526,17.2916,0,3,1.01854,0,19,19,0,0,GNMT,4,16,48,2796720,0.259
Job58,13823000,13836265,5318140,5304875,1.00252,0.760148,1.00252,0.76397,0.997506,1,1,1,1,1,17.96,0,1,1.0025,0,0,0,0,0,BERTLARGE,1,128,86,5304760,1
Job59,14481000,14492209,2556885,2545676,1.00487,0.785949,1.00487,0.801972,0.995616,1,1,1,1,2,18.227,0,1,1.0044,0,0,0,0,0,ResNet50,2,64,42,2544488,0.5
Job60,14944000,14946443,5140129,5072341,0.616264,0.783,0.305774,0.787679,1.67167,0.948692,0.854266,5,1.13374,7.46502,18.3374,0,5,1.01336,0,5,5,0,0,GPT2_SMALL,8,32,81,4611960,0.139
Job61,15304000,15306652,10214552,9330859,1.13429,1.24356,0.629855,1.26356,1.07891,0.787213,0.512823,20,2.37296,5.59837,15.2963,3,20,1.09471,0,54,54,0,0,GNMT,8,8,89,5388568,0.142
Job62,15452000,15452414,1941898,1941484,1.00089,0.721707,1.00089,0.730944,0.999787,1,1,1,1,1,21.2225,0,1,1.00021,0,0,0,0,0,GPT2_SMALL,1,256,25,1940176,1
Job63,15555000,15557396,3741546,3739150,1.00079,0.714862,1.00079,0.723852,0.99936,1,1,1,1,1,19.7547,0,1,1.00064,0,0,0,0,0,ResNet50,1,128,70,3738600,1
Job64,15555000,15555000,3406560,3406560,1.00067,0.722621,1.00067,0.734303,1,1,1,1,1,1,20.0491,0,1,1,0,0,0,0,0,ResNeXt,1,32,63,3404280,1
Job65,15557000,15557396,3701396,3701000,1.00013,0.714756,1.00013,0.719619,0.999893,1,1,1,1,1,19.7954,0,1,1.00011,0,0,0,0,0,BERTLARGE,1,128,69,3700920,1
Job66,15557000,15602577,2744266,2698689,1.01708,0.745913,1.01708,0.771063,0.983392,1,1,1,1,1,20.8398,0,1,1.01689,0,0,0,0,0,GNMT,1,64,45,2698176,1
Job67,15557000,15602577,2081575,2035998,1.02268,0.737925,1.02268,0.756703,0.978105,1,1,1,1,1,21.5443,0,1,1.02239,0,0,0,0,0,VGG19,1,32,26,2035408,1
Job68,15586000,15610367,1392515,1368148,0.863304,0.73523,0.490427,0.784964,1.18321,0.5,0,1,1,4,21.9351,0,1,1.01781,0,15,15,0,0,GNMT,4,16,15,1359744,0.259
Job69,15795000,15875774,4407788,4327014,1.01882,0.69097,1.01882,0.698083,0.981675,1,1,1,1,1,18.9782,0,1,1.01867,0,0,0,0,0,ResNet50,1,128,78,4326376,1
Job70,15795000,15875774,3293914,3213140,1.02583,0.737959,1.02583,0.743624,0.975478,1,1,1,1,1,19.9849,0,1,1.02514,0,0,0,0,0,GPT2_SMALL,1,256,61,3210960,1
Job71,15796000,15875774,2349026,2269252,1.03546,0.754634,1.03546,0.771995,0.96604,1,1,1,1,1,21.2929,0,1,1.03515,0,0,0,0,0,VGG19,1,32,38,2268592,1
Job72,15796000,15875774,2176899,2097125,1.03806,0.749992,1.03806,0.759146,0.963354,1,1,1,1,1,21.5533,0,1,1.03804,0,0,0,0,0,BERTLARGE,1,128,28,2097080,1
Job73,16670000,16754370,3615424,3531054,1.02459,0.688969,1.02459,0.693462,0.976664,1,1,1,1,1,18.0339,0,1,1.02389,0,0,0,0,0,GPT2_SMALL,1,256,65,3528656,1
Job74,16763000,16912816,1390544,1240728,1.12091,0.851837,1.12091,0.887163,0.892261,1,1,1,1,1,20.4629,0,1,1.12075,0,0,0,0,0,ResNet50,1,128,13,1240552,1
Job75,17119000,17253057,3195789,3061732,0.598472,0.707291,0.312242,0.728244,1.72997,0.5,0,1,1,8,17.5115,0,1,1.04378,0,53,53,0,0,GNMT,8,8,56,3015232,0.142
Job76,17424000,17424000,2985210,2985210,1.00019,0.660653,1.00019,0.678676,1,1,1,1,1,1,17.0225,0,1,1,0,0,0,0,0,GNMT,1,64,54,2984640,1
Job77,17655000,17655000,5945927,5945927,1.00019,0.603508,1.00019,0.610949,1,1,1,1,1,1,15.4626,0,1,1,0,0,0,0,0,GNMT,1,64,95,5944768,1
Job78,18284000,18339505,10231363,8819080,1.34437,1.27825,0.871387,1.29936,0.852876,0.676428,0.201079,15,2.36158,5.82708,10.5429,4,15,1.16014,0,46,46,0,0,GNMT,8,8,91,5636760,0.142
Job79,18684000,18734518,5510038,5459520,1.00925,0.588729,1.00925,0.596376,0.990832,1,1,1,1,2,14.7899,0,1,1.00925,0,0,0,0,0,GNMT,2,32,90,5459520,0.5
Job80,18722000,18734518,2943367,2930849,1.00529,0.619934,1.00529,0.629884,0.995747,0.5,0,1,1,2,15.2285,0,1,1.00427,0,72,72,0,0,ResNeXt,2,16,53,2927864,0.5
Job81,18756000,18916844,2216544,2055700,1.07841,0.652341,1.07841,0.658935,0.927435,1,1,1,1,2,15.5683,0,1,1.07824,0,0,0,0,0,GPT2_SMALL,2,128,27,2055376,0.5
Job82,19066000,19088914,2282312,2259398,1.01082,0.60781,1.01082,0.613364,0.98996,1,1,1,1,1,15.0881,0,1,1.01014,0,0,0,0,0,GPT2_SMALL,1,256,35,2257872,1
Job83,19206000,20409210,12719339,8876849,1.27645,1.42754,0.614916,1.44703,0.812558,0.795512,0.12015,8,3.22684,12.6641,7.68192,3,8,1.43287,0,4,4,0,0,ResNet50,16,8,99,6812560,0.066
Job84,19368000,19410974,2900328,2857354,1.01519,0.613008,1.01519,0.621547,0.985183,1,1,1,1,1,14.4802,0,1,1.01504,0,0,0,0,0,ResNet50,1,128,51,2856936,1
Job85,19550000,19557411,2477915,2470504,1.00347,0.615996,1.00347,0.626113,0.997009,0.5,0,1,1,2,14.4782,0,1,1.003,0,11,11,0,0,ResNet50,2,64,41,2469352,0.5
Job86,19960000,20001367,1166582,1125215,0.564863,0.604843,0.351406,0.618307,1.74591,0.5,0,1,1,8,14.6622,0,1,1.03676,0,15,15,0,0,BERTLARGE,8,16,8,1159760,0.142
Job87,20423000,20675849,3449665,3196816,1.03221,0.617616,0.759614,0.625455,0.979637,0.5,0,1,1,4,14.4459,0,1,1.07909,0,123,123,0,0,VGG19,4,8,60,3165232,0.258
Job88,20619000,20634582,1156794,1141212,1.0198,0.661718,0.743938,0.710488,0.98653,0.5,0,1,1,4,14.1468,0,1,1.01365,0,9,9,0,0,GNMT,4,16,6,1134336,0.259
Job89,20717000,20739038,3580290,3558252,1.00639,0.578962,1.00639,0.590419,0.993845,1,1,1,1,1,14.0849,0,1,1.00619,0,0,0,0,0,GNMT,1,64,67,3557568,1
Job90,20984000,21062535,3080871,3002336,1.02646,0.578279,1.02646,0.585979,0.974509,1,1,1,1,1,14.3727,0,1,1.02616,0,0,0,0,0,VGG19,1,32,55,3001456,1
Job91,21482000,21590098,1305328,1197230,0.692711,0.660141,0.440693,0.693458,1.54876,0.4,0,1,1,8,13.5276,0,1,1.09029,0,54,54,0,0,VGG19,8,4,7,1154680,0.136
Job92,21760000,21775794,2285284,2269490,1.00711,0.544756,1.00711,0.553329,0.993089,1,1,1,1,1,14.5657,0,1,1.00696,0,0,0,0,0,ResNet50,1,128,40,2269160,1
Job93,21969000,22022855,1234480,1180625,1.04564,0.538622,1.04564,0.546975,0.956374,1,1,1,1,1,14.5674,0,1,1.04562,0,0,0,0,0,BERTLARGE,1,128,9,1180600,1
Job94,22014000,22198656,1215646,1030990,0.336856,0.639972,0.220772,0.653739,3.24264,0.571429,0,1,1,16,14.6408,0,1,1.17911,0,19,19,0,0,GPT2_SMALL,16,16,2,973408,0.072
Job95,22611000,22685689,5835544,5467336,1.18147,0.957827,1.22017,0.963361,0.859312,0.565509,0.131017,4,1.42075,3.55155,7.39496,1,4,1.06735,0,10,10,0,0,BERTLARGE,4,32,82,4782584,0.264
Job96,22863000,22949619,1083235,996616,0.905425,0.562646,0.691486,0.573064,1.11126,1,1,1,1,4,15.928,0,1,1.08691,0,0,0,0,0,BERTLARGE,4,32,3,996536,0.264
Job97,22889000,22949619,947963,887344,0.882233,0.561262,0.683339,0.585529,1.16213,0.5,0,1,1,4,16.2807,0,1,1.06832,0,34,34,0,0,VGG19,4,8,1,879088,0.258
Job98,22897000,23175406,1333474,1055068,1.08996,0.684036,0.858317,0.696178,0.919256,0.5,0,1,1,4,14.8435,0,1,1.26387,0,5,5,0,0,GPT2_SMALL,4,64,4,1057744,0.26
Job99,22952000,23013115,2329392,2268277,1.02762,0.673606,1.02762,0.688539,0.973764,1,1,1,1,1,10.9211,0,1,1.02694,0,0,0,0,0,ResNeXt,1,32,36,2266776,1
Job100,22971000,23203480,1413266,1180786,0.716089,0.763869,0.500021,0.796142,1.48538,0.544245,0.0884902,2,1.61943,7.38057,13.9632,0,2,1.19689,0,129,129,0,0,ResNeXt,8,4,5,1060236,0.13
