0 GPT2-SMALL 8 1503506
664859 ResNet50 8 1396730
1041729 GPT2-SMALL 8 1782014
1041744 ResNeXt 8 2931411
1316312 ResNet50 8 3624306
1489167 ResNeXt 8 1244361
1647288 BERTLARGE 8 235070
1750290 ResNeXt 8 314206
1781851 ResNet50 8 439458
1791691 GPT2-SMALL 8 270712
1803137 BERTLARGE 8 66003
1809323 BERTLARGE 8 167
1814484 ResNeXt 8 299920
1821512 ResNet50 8 211987
1821790 ResNet50 8 347163
1823616 VGG19-I 8 337447
1906385 GPT2-SMALL 8 326210
1906430 ResNeXt 8 532476
2083057 GPT2-SMALL 8 1392368
2084031 ResNeXt 8 316468
2126509 ResNet50 8 565533
2143060 GPT2-SMALL 8 218486
2144150 ResNeXt 8 420281
2146104 VGG19-I 8 249890
2151555 VGG19-I 8 253363
2153518 ResNeXt 8 405572
2172908 VGG19-I 8 249902
2238914 GPT2-SMALL 8 248015
2240657 ResNeXt 8 447719
2246008 BERTLARGE 8 179484
2268494 BERTLARGE 8 910440
2344261 GNMT 8 1278230
2350449 ResNeXt 8 1159499
2388124 ResNet50 8 463564
2388155 VGG19-I 8 400704
2399142 ResNet50 8 471012
2399509 ResNet50 8 878364
2402444 ResNet50 8 248109
2457996 VGG19-I 4 110431
2480747 GNMT 4 96888
2480788 ResNeXt 8 39906
2530035 VGG19-I 4 72394
2530285 GPT2-SMALL 4 68932
2531100 GNMT 4 52645
2546447 GNMT 4 48351
2549354 GNMT 4 15695
2562009 ResNeXt 8 2441041
2563486 ResNeXt 8 410992
2563593 GNMT 8 222229
2564020 BERTLARGE 8 175894
2564767 GNMT 4 47002
2564786 GNMT 4 50650
2564810 GPT2-SMALL 4 56343
2566204 GPT2-SMALL 8 3162
2566286 VGG19-I 8 3218
2569396 GNMT 4 45782
2572327 VGG19-I 8 3432
2572349 ResNet50 8 3419
2581800 ResNet50 8 3408
2587753 GNMT 8 3928
2592282 ResNet50 4 43822
2592304 VGG19-I 4 47064
2592352 VGG19-I 4 40775
2592415 ResNet50 4 47518
2608949 VGG19-I 4 2030
2642838 ResNet50 4 93562
2642860 GPT2-SMALL 8 90533
2642880 ResNet50 4 90122
2642898 GNMT 4 79047
2687731 ResNeXt 8 439536
2777213 GNMT 8 228975
2777242 BERTLARGE 8 171755
2777269 GNMT 8 224823
2816171 BERTLARGE 4 2916
2816200 GNMT 4 1050
2821607 BERTLARGE 4 8799
2821611 VGG19-I 4 13411
2823568 VGG19-I 4 27712
2835723 ResNet50 4 76725
2872930 GPT2-SMALL 4 2144
2872964 ResNet50 1 1160
2874551 VGG19-I 4 2166
2875256 VGG19-I 4 14498
2878204 GPT2-SMALL 4 3881
2893118 GNMT 4 3688
2964419 VGG19-I 4 1994
2984229 GPT2-SMALL 4 6907
3058681 VGG19-I 4 366940
3064454 GPT2-SMALL 4 342818
3075445 VGG19-I 4 152309
3078170 ResNeXt 4 243446
3078186 GPT2-SMALL 4 146754
3078791 ResNeXt 1 430
3083907 GPT2-SMALL 8 399421
3091811 ResNet50 4 82292
3092234 GNMT 4 63189
3093291 ResNet50 4 79669
3093660 ResNeXt 4 46
3093838 GNMT 4 38
3094082 VGG19-I 4 340835
3094311 VGG19-I 4 149903
3095787 ResNet50 8 1575511
3098091 BERTLARGE 8 488955
3101498 ResNet50 4 75733
3101505 VGG19-I 4 70786
3101512 GPT2-SMALL 4 62806
3134865 GNMT 1 604
3140207 ResNet50 4 87138
3140238 BERTLARGE 4 42011
3140287 ResNeXt 4 103936
3140308 VGG19-I 4 96633
3149851 BERTLARGE 1 155
3232813 GPT2-SMALL 1 212
3247844 GNMT 1 176
3249085 GNMT 1 215
3249501 ResNeXt 1 307
3251164 VGG19-I 4 152611
3266329 GNMT 1 203
3280601 ResNeXt 4 302062
3280643 BERTLARGE 4 40
3280676 BERTLARGE 4 15093
3280683 GPT2-SMALL 4 72181
3281209 BERTLARGE 4 372
3291146 BERTLARGE 8 504010
3291383 VGG19-I 8 101216
3291423 GNMT 8 151990
3318504 ResNet50 4 2311
3318637 VGG19-I 4 78
3318783 BERTLARGE 4 51186
3322170 ResNeXt 4 49702
3328735 ResNeXt 1 1095
3522136 GPT2-SMALL 8 396324
3522176 GPT2-SMALL 8 397181
3538671 VGG19-I 8 407143
3631837 ResNet50 8 1536757
3631840 ResNet50 8 1578090
3636408 GPT2-SMALL 1 3589
3648508 GPT2-SMALL 1 3917
3648548 ResNeXt 1 6217
3648604 ResNet50 1 4635
3648638 BERTLARGE 1 2708
3648668 ResNet50 1 4594
3648710 GPT2-SMALL 1 3815
3648743 GNMT 1 3671
3648776 GNMT 1 3617
3648808 ResNeXt 1 5689
3674569 ResNet50 1 511
3707364 GPT2-SMALL 1 5118
3718043 ResNet50 1 6009
3718070 GNMT 1 4198
3718098 GNMT 1 4835
3718138 VGG19-I 1 7631
3718200 GPT2-SMALL 1 5396
3718228 VGG19-I 1 6239
3718255 BERTLARGE 1 3485
3790105 BERTLARGE 1 3074
3802692 GPT2-SMALL 8 175474
3851952 GPT2-SMALL 8 352772
3852038 ResNeXt 8 563160
3854332 GPT2-SMALL 1 30473
3854361 BERTLARGE 1 21548
3855149 ResNeXt 4 100403
3855153 BERTLARGE 4 22699
3855158 GNMT 4 134718
3855163 ResNet50 4 201591
3858780 ResNeXt 4 95360
3873252 VGG19-I 4 70319
3873278 ResNeXt 4 97729
3873304 GPT2-SMALL 4 65761
3874480 GPT2-SMALL 4 162659
3874561 GPT2-SMALL 1 4042
3875172 ResNet50 1 4330
3875344 GPT2-SMALL 1 3884
3876291 ResNet50 1 4226
3876362 GNMT 1 3476
3876401 VGG19-I 1 4862
3880063 BERTLARGE 1 3146
3880113 GNMT 1 4205
3880142 ResNeXt 1 7659
3891204 GPT2-SMALL 8 341867
3901171 ResNeXt 1 9156
3902120 GPT2-SMALL 1 5424
3933460 ResNet50 4 76925
3937581 BERTLARGE 4 46534
3937605 GNMT 4 58362
3937626 ResNet50 4 77680
3949509 GNMT 1 6091
3949581 ResNet50 1 5979
3966675 VGG19-I 4 659
3969453 ResNet50 4 76366
3969461 BERTLARGE 4 376
3969469 ResNeXt 4 874
3969480 GPT2-SMALL 4 485
3969487 GPT2-SMALL 4 577
3969494 GPT2-SMALL 4 57870
3969501 ResNet50 4 27016
3969508 GPT2-SMALL 4 492
3969518 VGG19-I 4 59882
3969524 ResNeXt 4 541
3998057 ResNeXt 4 103188
3998061 BERTLARGE 4 355
3998066 VGG19-I 4 68443
3998070 BERTLARGE 4 16833
3998403 VGG19-I 4 73783
3998410 GNMT 4 54136
4019169 ResNet50 1 30935
4019192 GPT2-SMALL 1 20138
4021979 GPT2-SMALL 4 465
4028299 ResNeXt 4 778
4040670 BERTLARGE 4 324
4045918 ResNet50 4 59612
4108910 GPT2-SMALL 4 414
4110150 GNMT 4 18384
4113353 GPT2-SMALL 4 386
4114173 GNMT 4 309
4114720 ResNet50 4 401
4116915 GPT2-SMALL 4 379
4116925 ResNet50 4 576
4117716 GNMT 4 20257
4119529 VGG19-I 8 22530
4132895 GPT2-SMALL 8 869
4135387 GNMT 4 19003
4139317 GPT2-SMALL 4 482
4139370 VGG19-I 8 2194
4139403 BERTLARGE 8 350
4139582 ResNet50 8 470
4143355 ResNeXt 4 197
4144317 ResNeXt 4 102017
4144325 GPT2-SMALL 8 50546
4146314 BERTLARGE 8 41469
4146324 VGG19-I 4 39536
4147317 GPT2-SMALL 8 35334
4196514 BERTLARGE 4 326
4196528 VGG19-I 4 484
4197742 GPT2-SMALL 8 485
4197757 BERTLARGE 8 353
4198476 ResNet50 4 536
4198481 ResNet50 4 532
4198967 ResNet50 8 1097
4198976 GNMT 4 428
4199011 VGG19-I 4 522
4199019 GPT2-SMALL 8 875
4223011 BERTLARGE 4 183
4223030 BERTLARGE 4 176
4223085 BERTLARGE 4 566
4223101 BERTLARGE 4 529
4223125 ResNeXt 4 52839
4223135 GNMT 4 62533
4224458 ResNeXt 8 107413
4224467 GNMT 8 59849
4225071 GNMT 8 84
4225077 GNMT 8 308
4225083 GPT2-SMALL 8 122
4225089 VGG19-I 8 128
4226103 ResNet50 8 48437
4226110 GPT2-SMALL 8 41232
4228923 VGG19-I 1 719
4229900 BERTLARGE 4 66192
4229907 ResNeXt 8 149798
4240093 ResNeXt 1 931
4242220 BERTLARGE 1 509
4260851 BERTLARGE 4 57250
4260898 VGG19-I 4 21006
4260919 VGG19-I 4 20820
4261242 ResNeXt 4 96428
4261289 ResNeXt 1 1250
4261467 GNMT 1 51
4269338 GPT2-SMALL 1 1656
4269508 VGG19-I 4 38261
4270878 VGG19-I 1 312
4272625 GNMT 4 34595
4272639 VGG19-I 4 44558
4272918 ResNeXt 4 97150
4272940 VGG19-I 4 66314
4273663 VGG19-I 4 74290
4274163 GNMT 4 49849
4274523 BERTLARGE 1 1830
4275002 VGG19-I 1 2011
4279398 ResNet50 4 77667
4279433 GNMT 4 34782
4279459 BERTLARGE 4 28225
4279470 ResNeXt 4 100789
4279487 ResNet50 4 430869
4288661 ResNet50 1 4576
4296678 VGG19-I 1 1864
4296948 ResNeXt 1 605
4296948 ResNet50 1 412
4299314 ResNeXt 1 2445
4299349 BERTLARGE 1 415
4299392 ResNeXt 1 4162
4299427 ResNet50 1 2920
4303415 GNMT 1 561
4305325 VGG19-I 4 141670
4305333 BERTLARGE 4 71168
4305383 GNMT 1 1601
4309540 GPT2-SMALL 4 617
4317095 GNMT 8 57672
4346192 BERTLARGE 4 291
4348379 ResNeXt 4 623
4348420 GPT2-SMALL 4 29770
4350132 ResNeXt 4 117183
4354484 GNMT 4 54998
4354492 GNMT 4 364
4357040 ResNeXt 4 690
4359888 ResNeXt 4 91596
4360539 ResNeXt 4 580562
4369542 ResNeXt 4 43641
4369554 GNMT 4 9385
4369564 BERTLARGE 4 9224
4369603 GPT2-SMALL 4 4483
4369858 BERTLARGE 4 14717
4370317 ResNet50 4 3676
4375846 ResNet50 4 21220
4379107 VGG19-I 8 50166
4379272 VGG19-I 4 8340
4388844 GPT2-SMALL 4 58
4389094 GPT2-SMALL 8 84947
4389127 VGG19-I 8 90907
4390681 GPT2-SMALL 4 14490
4390704 ResNeXt 4 31093
4390963 ResNeXt 4 794
4396518 GNMT 8 1918
4401476 BERTLARGE 4 398
4401674 BERTLARGE 1 41227
4402256 GPT2-SMALL 1 18720
4403968 ResNeXt 4 1313
4403999 BERTLARGE 4 248
4409377 GNMT 1 47953
4410278 GPT2-SMALL 1 60606
4414926 VGG19-I 1 79827
4416392 ResNeXt 1 86835
4433259 ResNet50 4 142
4435381 VGG19-I 1 1291
4435393 VGG19-I 1 4112
4435430 GPT2-SMALL 4 1210
4435440 GPT2-SMALL 4 8911
4438849 ResNet50 4 3735
4440329 VGG19-I 4 141986
4441204 ResNeXt 4 105285
4445329 VGG19-I 4 3166
4445329 BERTLARGE 4 1295
4447693 ResNet50 4 422381
4449786 GNMT 4 312957
4454751 GNMT 4 325397
4459151 ResNeXt 4 182094
4474237 BERTLARGE 4 812
4474369 BERTLARGE 4 4417
4474374 GPT2-SMALL 4 966
4477154 ResNeXt 8 141065
4477187 GNMT 8 77600
4480939 VGG19-I 8 92115
4489026 VGG19-I 4 22085
4489035 VGG19-I 4 26578
4489129 VGG19-I 4 122067
4490252 BERTLARGE 8 59017
4490282 BERTLARGE 8 61275
4490311 BERTLARGE 8 59788
4491079 ResNeXt 1 31765
4500549 BERTLARGE 1 14906
4531476 GPT2-SMALL 4 118717
4537390 VGG19-I 4 67363
4537406 GNMT 4 56793
4537420 VGG19-I 4 65524
4581602 VGG19-I 1 20192
4615192 BERTLARGE 4 42595
4615203 ResNeXt 4 97860
4615213 GNMT 4 63832
4620548 ResNet50 1 563036
4620551 BERTLARGE 1 355279
4627795 GPT2-SMALL 1 29604
4628200 ResNeXt 1 39956
4653521 GPT2-SMALL 4 118591
4653547 BERTLARGE 4 252404
4664407 GPT2-SMALL 1 69
4666128 ResNet50 1 76
4813310 BERTLARGE 4 2551
4816866 ResNet50 4 13129
4816881 VGG19-I 4 12820
4816910 BERTLARGE 4 8918
4817201 BERTLARGE 4 4418
4817384 GPT2-SMALL 4 119786
4867836 GPT2-SMALL 1 11583
4867967 ResNeXt 1 65
4877783 GPT2-SMALL 1 533194
4884671 BERTLARGE 1 158044
5005193 GNMT 1 858590
5005198 GNMT 1 871677
5005221 BERTLARGE 1 315984
5005226 GPT2-SMALL 1 500594
5005264 GPT2-SMALL 1 220734
5005269 GNMT 1 221590
5005274 ResNeXt 1 363776
5010383 GNMT 4 11164
5042694 ResNeXt 1 447284
5042959 ResNeXt 1 395050
5043007 ResNeXt 1 450765
5048066 GPT2-SMALL 1 114917
5048073 BERTLARGE 1 195085
5048078 VGG19-I 1 142226
5048082 ResNet50 1 126870
5048088 ResNeXt 1 325344
5048093 GNMT 1 204883
5048097 ResNet50 1 244955
5048102 ResNet50 1 252659
5052757 ResNeXt 1 181431
5052761 BERTLARGE 1 91873
5052766 GNMT 1 112959
5052771 VGG19-I 1 157975
5052776 ResNeXt 1 355326
5052782 BERTLARGE 1 172289
5052788 GPT2-SMALL 1 249287
5052793 GPT2-SMALL 1 250024
5053704 GNMT 1 186203
5053710 BERTLARGE 1 278989
5053793 GNMT 1 102709
5053883 ResNeXt 1 184026
5053888 ResNeXt 1 357951
5056907 GPT2-SMALL 1 272341
5056911 VGG19-I 1 663949
5065688 GPT2-SMALL 1 241849
5065929 ResNet50 1 298532
5065933 GNMT 1 475505
5066052 ResNeXt 1 348185
5075849 ResNet50 1 521305
5079311 ResNeXt 4 99709
5079330 ResNeXt 4 115514
5079345 BERTLARGE 4 41891
5079363 ResNet50 4 70765
5079388 VGG19-I 4 68620
5079409 ResNet50 4 77233
5079434 ResNet50 4 70472
5079452 GPT2-SMALL 4 59649
5080812 GPT2-SMALL 4 70487
5081005 BERTLARGE 4 41830
5081047 ResNet50 4 82294
5081053 ResNeXt 4 111063
5081060 ResNeXt 4 112549
5081067 ResNeXt 4 109935
5081075 GPT2-SMALL 4 77664
5081080 BERTLARGE 4 48665
5081087 ResNeXt 4 116657
5081137 GPT2-SMALL 4 116231
5124732 VGG19-I 4 68659
5124741 ResNet50 4 78102
5151915 VGG19-I 4 549
5151927 BERTLARGE 4 366
5151958 GPT2-SMALL 4 456
5151977 ResNeXt 4 962
5159050 ResNeXt 4 77799
5159070 ResNet50 4 50765
5166756 BERTLARGE 4 31636
5166763 GNMT 4 41906
5166770 GPT2-SMALL 4 496
5166778 BERTLARGE 4 35576
5167549 VGG19-I 4 49293
5167563 VGG19-I 4 564
5167579 ResNeXt 4 2108
5167593 GPT2-SMALL 4 607
5167606 VGG19-I 4 546
5167621 GPT2-SMALL 4 528
5168670 VGG19-I 4 479
5175459 BERTLARGE 4 32638
5175466 VGG19-I 4 597
5178470 GNMT 4 501
5181467 BERTLARGE 4 386
5185959 ResNet50 4 610
5187429 ResNeXt 8 863
5189850 GNMT 8 41334
5206703 GPT2-SMALL 4 51441
5206711 ResNeXt 4 73024
5206720 VGG19-I 4 51688
5278010 BERTLARGE 4 71241
5281799 ResNet50 4 95865
5283484 GNMT 8 77638
5450612 GNMT 1 14147
5563908 GPT2-SMALL 1 73
5567563 GPT2-SMALL 8 357644
5567756 ResNet50 8 422051
5568270 BERTLARGE 16 33744
5568668 ResNet50 1 115
5633673 GPT2-SMALL 16 147220
5633727 BERTLARGE 16 28953
5712233 GPT2-SMALL 16 65075
5787697 VGG19-I 8 256652
5790160 ResNet50 1 117923
5791389 ResNeXt 4 49939
5791398 BERTLARGE 4 154
5791406 ResNet50 4 251
5791418 BERTLARGE 4 151
5791430 ResNet50 4 239
5793309 ResNet50 4 255
5793327 ResNet50 4 48477
5793350 GPT2-SMALL 4 238
5793367 BERTLARGE 4 32534
5800031 GNMT 1 102085
5800035 ResNet50 1 127348
5800038 BERTLARGE 1 80912
5800042 ResNeXt 1 168538
5800045 BERTLARGE 1 79901
5800048 GPT2-SMALL 1 114288
5800052 GPT2-SMALL 1 116563
5800055 VGG19-I 1 143815
5803968 BERTLARGE 1 79135
5814759 ResNeXt 4 78905
5814775 BERTLARGE 4 155
5814785 ResNeXt 4 63703
5814793 VGG19-I 4 26163
5814800 ResNeXt 4 320
5815033 GNMT 8 214
5817552 GNMT 4 200
5817555 VGG19-I 4 47891
5817905 ResNet50 4 262
5817912 VGG19-I 4 238
5820003 GNMT 4 187
5821159 ResNeXt 4 369
5821866 BERTLARGE 4 23591
5821967 VGG19-I 4 228
5826495 VGG19-I 4 33563
5848430 ResNeXt 4 2765
5852408 GPT2-SMALL 4 588
5852417 GNMT 4 1198
5852424 ResNeXt 4 892
5929901 GNMT 4 2704
5929915 GNMT 4 110
5929927 GPT2-SMALL 4 141
5929945 ResNeXt 4 196
5929955 ResNet50 4 4655
5929967 BERTLARGE 4 81
5930615 GPT2-SMALL 4 117
5930639 ResNet50 4 140
5930646 GNMT 4 117
5930652 GPT2-SMALL 4 123
5930658 GNMT 4 113
5930664 ResNet50 4 143
5930671 VGG19-I 4 140
5930676 BERTLARGE 4 81
5931779 GNMT 4 107
5931793 BERTLARGE 4 2434
5931807 BERTLARGE 4 85
5931820 BERTLARGE 4 87
5931863 ResNet50 4 124
5931875 BERTLARGE 4 73
5931888 VGG19-I 4 112
5931903 ResNeXt 4 170
5931933 VGG19-I 4 112
5933501 GNMT 4 107
5933508 ResNeXt 4 135
5933514 ResNet50 4 4696
5933520 VGG19-I 4 130
5933526 ResNeXt 4 147
5933537 GPT2-SMALL 4 111
5933544 GNMT 4 3051
5933822 GPT2-SMALL 4 112
5933829 GPT2-SMALL 4 111
5933841 GNMT 4 3159
5934106 GPT2-SMALL 4 102
5934115 VGG19-I 4 102
5934876 VGG19-I 4 116
5934890 VGG19-I 4 112
5934896 GNMT 4 73
5935146 GPT2-SMALL 4 105
5935152 GPT2-SMALL 4 110
5935182 BERTLARGE 4 67
5935345 VGG19-I 4 105
5935579 ResNet50 4 122
5935586 BERTLARGE 4 67
5935592 GNMT 4 91
5935833 ResNeXt 4 9377
5935839 BERTLARGE 4 92
5936119 VGG19-I 4 6309
5936126 ResNeXt 4 190
5936132 GNMT 4 5100
5936140 ResNeXt 4 218
5936810 ResNet50 4 161
5936817 BERTLARGE 4 99
5936862 GNMT 4 119
5939249 GNMT 4 118
5939260 ResNet50 4 152
5939266 ResNeXt 4 9581
5939514 VGG19-I 4 6191
5939834 ResNeXt 4 206
5940394 VGG19-I 4 6215
5978106 VGG19-I 16 60702
5979697 ResNet50 16 75908
5980037 ResNet50 16 91572
6126496 BERTLARGE 1 113412
6180675 VGG19-I 1 887
6182230 GPT2-SMALL 1 353
6182263 GPT2-SMALL 1 615
6186924 BERTLARGE 1 345
6189276 GNMT 1 1003
6364450 ResNet50 8 3684
6364453 GNMT 8 2860
6389950 ResNet50 8 3244
6389953 GNMT 8 2567
6434406 GNMT 1 335
6434410 BERTLARGE 1 637
6439738 ResNeXt 1 772
6439742 BERTLARGE 1 913
6443594 ResNet50 1 398
6443651 BERTLARGE 1 593
6482634 ResNeXt 8 4590
6622026 BERTLARGE 8 6638
6653448 VGG19-I 8 12196
6653452 VGG19-I 8 12465
6655123 BERTLARGE 8 4589
6655127 VGG19-I 8 6842
6713875 GPT2-SMALL 8 5212
6713878 GPT2-SMALL 8 5234
6718838 GPT2-SMALL 8 8044
6722012 GNMT 8 4550
6722064 GPT2-SMALL 8 5246
6733559 VGG19-I 8 882759
6733841 ResNeXt 8 1407091
6737193 BERTLARGE 8 5276
6737197 ResNet50 8 8920
6743643 BERTLARGE 8 5514
6812291 BERTLARGE 8 3498
6812294 ResNet50 8 6329
6812308 GPT2-SMALL 8 5002
6860337 GPT2-SMALL 16 122758
6969161 ResNet50 8 6402
6969165 ResNet50 8 6111
7004634 GNMT 8 4236
7004638 BERTLARGE 8 3284
7064023 ResNet50 8 5691
7064029 VGG19-I 8 5015
7075879 VGG19-I 16 98506
7083499 VGG19-I 16 101000
7087538 BERTLARGE 16 73504
7087704 VGG19-I 16 103072
7259410 ResNeXt 1 326407
7260600 VGG19-I 8 5220
7260608 VGG19-I 8 4998
7260626 GNMT 8 4604
7260633 GNMT 8 4604
7264186 VGG19-I 8 388
7264192 BERTLARGE 8 216
7415110 ResNet50 8 6071
7501427 VGG19-I 8 5282
7501433 ResNet50 8 6151
7554085 ResNet50 1 514
7554088 GNMT 1 393
7557366 BERTLARGE 1 378
7557416 VGG19-I 1 453
7568941 ResNeXt 1 31681
7570115 BERTLARGE 1 16071
7593650 VGG19-I 8 2016
7593654 ResNeXt 8 3080
7597707 ResNeXt 1 123
7601779 BERTLARGE 1 48
7659405 VGG19-I 1 25685
7659410 VGG19-I 1 4126
7698718 BERTLARGE 16 54330
7701903 VGG19-I 8 9425
7712323 VGG19-I 8 7112
7712326 ResNet50 8 8230
7713033 VGG19-I 8 3504
7893754 BERTLARGE 8 196850
7893853 ResNeXt 8 526788
7920197 VGG19-I 1 387905
7922517 BERTLARGE 8 232255
7922535 GPT2-SMALL 8 344510
7922550 GNMT 8 325031
7923137 BERTLARGE 8 130840
7923152 VGG19-I 8 173781
7923395 GPT2-SMALL 8 178703
7945789 BERTLARGE 1 204386
8020046 VGG19-I 8 256
8023278 VGG19-I 8 334
8068263 ResNet50 1 312048
8130538 GPT2-SMALL 1 12045
8131067 GNMT 1 12286
8131073 BERTLARGE 1 7872
8131083 GNMT 1 11996
8131094 GPT2-SMALL 1 14447
8131100 VGG19-I 1 15554
8131110 GPT2-SMALL 1 14220
8131115 GPT2-SMALL 1 11881
8131121 BERTLARGE 1 9536
8131132 GPT2-SMALL 1 13140
8131139 VGG19-I 1 14047
8131144 ResNeXt 1 20735
8131151 ResNet50 1 12739
8131156 GNMT 1 12934
8131163 ResNet50 1 16438
8131168 VGG19-I 1 17936
8131174 GNMT 1 9646
8131179 GNMT 1 9855
8131190 ResNet50 1 12297
8131195 GPT2-SMALL 1 11517
8131200 GPT2-SMALL 1 11529
8131207 ResNeXt 1 19647
8131213 ResNet50 1 11648
8131218 ResNet50 1 13695
8132378 GNMT 1 11020
8132383 VGG19-I 1 14293
8132389 GNMT 1 10031
8132394 ResNet50 1 14846
8132400 VGG19-I 1 16188
8132406 GPT2-SMALL 1 12621
8132412 GPT2-SMALL 1 12046
8132418 ResNet50 1 11557
8132423 BERTLARGE 1 7923
8132430 ResNeXt 1 14080
8132437 ResNet50 1 12245
8132448 ResNeXt 1 16206
8132455 ResNet50 1 12304
8132461 GNMT 1 8560
8132469 VGG19-I 1 12920
8132481 BERTLARGE 1 9959
8187422 GNMT 8 691
8188891 ResNet50 8 33708
8192123 GPT2-SMALL 8 29416
8280703 ResNet50 8 807
8289042 ResNeXt 8 57243
8350326 ResNeXt 8 7320
8350483 GNMT 8 3917
8382958 VGG19-I 8 4498
8382995 BERTLARGE 8 3029
8449506 GNMT 8 71116
8474395 GNMT 8 8305
8474470 GNMT 8 8505
8474528 BERTLARGE 8 6434
8548692 GPT2-SMALL 8 328
8620864 GPT2-SMALL 8 909
8634510 ResNet50 8 1488
8786545 ResNeXt 8 192068
9299379 GNMT 8 10048
9300184 GNMT 8 9789
9375505 GNMT 8 15917
9387390 GNMT 1 11828
9387696 VGG19-I 8 11902
9387747 VGG19-I 1 14681
