0 VGG19-I 1 14184
5 ResNet50 1 12346
44085 VGG19-I 1 140
44474 ResNet50 1 109
44483 VGG19-I 1 9459
44483 GNMT 1 48
44483 ResNeXt 1 179
44489 GPT2-SMALL 1 8930
44491 ResNet50 1 8093
44491 VGG19-I 1 67
224977 BERTLARGE 1 7280
224982 VGG19-I 1 12602
224993 ResNet50 1 4419
224993 VGG19-I 1 79
224993 GPT2-SMALL 1 71
224995 GPT2-SMALL 1 6610
224995 BERTLARGE 1 42
224995 GPT2-SMALL 1 67
224997 GNMT 1 52
224997 GNMT 1 51
224998 VGG19-I 1 5284
224999 GNMT 1 7232
224999 VGG19-I 1 132
225000 ResNet50 1 109
291261 GNMT 4 208914
343901 VGG19-I 4 173386
343908 GPT2-SMALL 4 168161
810547 GPT2-SMALL 4 74797
810587 VGG19-I 4 73421
810899 ResNeXt 4 106860
960915 ResNet50 2 90447
960919 ResNet50 2 82887
960922 BERTLARGE 2 126159
960927 ResNeXt 2 197187
960931 GPT2-SMALL 2 133257
960934 GPT2-SMALL 2 355887
960939 ResNet50 2 223507
960943 ResNeXt 2 295770
960947 GNMT 2 478768
960951 VGG19-I 2 168855
960954 ResNeXt 2 177318
960957 GNMT 2 278539
960961 ResNeXt 2 235248
960964 GNMT 2 136527
960968 ResNeXt 2 635838
960972 ResNet50 2 205289
960976 GNMT 2 166131
960984 GPT2-SMALL 2 197976
960987 VGG19-I 2 241027
960991 ResNeXt 2 884727
960994 BERTLARGE 2 170740
960998 BERTLARGE 2 170861
961002 ResNeXt 2 959537
961006 VGG19-I 2 33619
961009 ResNet50 2 32474
961013 BERTLARGE 2 50501
961016 GPT2-SMALL 2 34342
961019 GNMT 2 29760
961024 VGG19-I 2 105077
961028 GPT2-SMALL 2 60907
961031 GPT2-SMALL 2 58389
961034 VGG19-I 2 182195
961038 VGG19-I 2 84150
961041 ResNet50 2 92773
961045 ResNeXt 2 330287
961048 GNMT 2 89401
961052 ResNeXt 2 153417
961055 ResNeXt 2 454005
961058 VGG19-I 2 186546
961061 VGG19-I 2 187552
961065 ResNeXt 2 591709
961069 VGG19-I 2 144579
961072 GNMT 2 110131
961075 ResNet50 2 382514
961078 GPT2-SMALL 2 264280
961082 ResNeXt 2 421174
961085 VGG19-I 2 806411
961089 BERTLARGE 2 124459
961092 GPT2-SMALL 2 206702
961097 GNMT 2 434244
961101 ResNet50 2 47223
961104 ResNeXt 2 73841
961108 ResNeXt 2 125875
961112 GPT2-SMALL 2 66415
961115 BERTLARGE 2 38619
961119 GNMT 2 135253
961123 GNMT 2 75800
961126 VGG19-I 2 106673
961130 ResNeXt 2 313401
961133 GNMT 2 100901
961136 BERTLARGE 2 77039
961140 VGG19-I 2 323319
961143 GNMT 2 113309
961147 GNMT 2 113279
961151 ResNeXt 2 513894
961154 ResNet50 2 177696
961157 BERTLARGE 2 113677
961161 ResNet50 2 540283
961164 ResNet50 2 206888
961168 BERTLARGE 2 126911
961171 ResNeXt 2 1235145
961174 VGG19-I 2 265505
961177 GNMT 2 183691
961180 GPT2-SMALL 2 1023819
961184 ResNet50 2 38711
961187 ResNet50 2 33526
961191 ResNeXt 2 114636
961194 VGG19-I 2 76384
961198 GNMT 2 43391
961201 GPT2-SMALL 2 114626
961205 ResNet50 2 74961
961208 GPT2-SMALL 2 67367
961212 ResNeXt 2 260842
961216 GPT2-SMALL 2 82419
961219 VGG19-I 2 92510
961222 ResNeXt 2 303363
961225 BERTLARGE 2 67521
961229 ResNeXt 2 173132
961232 ResNet50 2 272307
961236 VGG19-I 2 144289
961242 ResNeXt 2 520961
961246 ResNet50 2 219938
961250 GNMT 2 120198
961253 VGG19-I 2 511260
961256 BERTLARGE 2 117957
961260 ResNeXt 2 241655
961263 GNMT 2 333109
961266 GPT2-SMALL 2 34722
961270 GNMT 2 53467
961273 BERTLARGE 2 47455
961278 GPT2-SMALL 2 57983
961281 ResNeXt 2 77708
961284 VGG19-I 2 142758
961288 GPT2-SMALL 2 71197
961291 ResNet50 2 79589
961295 VGG19-I 2 197252
961298 GPT2-SMALL 2 85106
961301 ResNet50 2 97852
961308 GNMT 2 86991
961312 BERTLARGE 2 67335
961315 ResNeXt 2 404166
961319 VGG19-I 2 149465
961322 ResNeXt 2 573752
961326 VGG19-I 2 342160
961329 ResNet50 2 173785
961332 GNMT 2 117543
961339 GPT2-SMALL 2 164231
961344 VGG19-I 2 185592
1743019 ResNeXt 2 102845
1743023 VGG19-I 2 219101
1743027 GNMT 2 52521
1743032 BERTLARGE 2 1283284
1743035 GPT2-SMALL 2 388291
1743050 ResNeXt 2 155544
1743055 BERTLARGE 2 68527
1743062 ResNeXt 2 520880
1743094 GPT2-SMALL 2 601167
1743098 GPT2-SMALL 2 843266
1743101 BERTLARGE 2 225746
1743108 GPT2-SMALL 2 24313
1743113 BERTLARGE 2 44702
1743116 BERTLARGE 2 67659
1743120 ResNeXt 2 74552
1743123 ResNeXt 2 70300
1743128 BERTLARGE 2 75665
1743132 ResNet50 2 67331
1743146 GPT2-SMALL 2 157005
1743150 GPT2-SMALL 2 90654
1743173 ResNet50 2 130269
1743181 BERTLARGE 2 216321
1743195 ResNet50 2 332839
1829608 ResNet50 2 39237
1829615 VGG19-I 2 167093
1829650 GPT2-SMALL 2 352265
1829662 VGG19-I 2 317709
1829674 GNMT 2 887043
1829685 BERTLARGE 2 893365
1829703 GNMT 2 963193
1829713 GNMT 2 741205
1837870 GPT2-SMALL 1 42917
1837879 BERTLARGE 1 30827
1837897 VGG19-I 1 54258
1837905 VGG19-I 1 56718
1837914 ResNet50 1 47277
1837923 GPT2-SMALL 1 46249
1837932 VGG19-I 1 58199
1837940 VGG19-I 1 49624
1837952 GPT2-SMALL 1 38287
1837961 VGG19-I 1 78676
1837970 ResNeXt 1 58615
1837979 BERTLARGE 1 26287
1837988 VGG19-I 1 52143
1837997 GNMT 1 35543
1838005 GNMT 1 34510
1838021 ResNet50 1 38502
1838029 ResNeXt 1 58685
1838038 ResNet50 1 38098
1838047 GPT2-SMALL 1 41373
1838056 ResNet50 1 45667
1838064 VGG19-I 1 46336
1838073 VGG19-I 1 52357
1838088 ResNet50 1 46823
1838098 ResNeXt 1 56145
1838106 ResNeXt 1 52065
1838115 BERTLARGE 1 30454
1838124 GNMT 1 35574
1838134 VGG19-I 1 66891
1838145 VGG19-I 1 67035
1838157 GPT2-SMALL 1 69230
1838168 GNMT 1 85219
1838184 ResNet50 1 63809
1838202 GNMT 1 43877
1838213 ResNet50 1 70042
1838225 GNMT 1 50000
1838233 GPT2-SMALL 1 59691
1838241 GNMT 1 71683
1838251 VGG19-I 1 102328
1838267 ResNet50 1 71537
1838295 ResNet50 1 53706
1838322 BERTLARGE 1 39066
1838349 GPT2-SMALL 1 64715
1838362 VGG19-I 1 102069
1838372 ResNeXt 1 91809
1838380 VGG19-I 1 74251
1838390 ResNet50 1 57103
1838417 GPT2-SMALL 1 51009
1838431 GPT2-SMALL 1 54801
1838449 VGG19-I 1 108650
1838466 VGG19-I 1 120697
1838475 ResNeXt 1 141601
1838483 GNMT 1 84603
1838518 BERTLARGE 1 61195
1838526 BERTLARGE 1 63643
1838534 ResNet50 1 102404
1838543 BERTLARGE 1 63223
1838568 ResNeXt 1 130111
1838602 VGG19-I 1 90653
1838620 ResNeXt 1 126117
1838636 GNMT 1 79032
1838645 VGG19-I 1 108436
1838663 ResNet50 1 145254
1838680 ResNet50 1 69653
1838688 GPT2-SMALL 1 85800
1838697 GNMT 1 79304
1838706 GNMT 1 75691
1838724 ResNeXt 1 240160
1838733 ResNet50 1 142046
1838742 GPT2-SMALL 1 141044
1838772 BERTLARGE 1 130651
1838781 GNMT 1 160426
1838808 ResNet50 1 180913
1838818 ResNet50 1 211064
1838826 ResNeXt 1 174187
1838841 VGG19-I 1 189782
1838849 BERTLARGE 1 77812
1838858 VGG19-I 1 157207
1838866 ResNet50 1 264867
1838875 GNMT 1 128586
1838917 ResNeXt 1 184685
1838935 ResNet50 1 168002
1838953 ResNeXt 1 227706
1838963 BERTLARGE 1 63067
1838977 VGG19-I 1 162852
1838986 GNMT 1 121474
1838994 ResNet50 1 146604
1839003 ResNet50 1 176355
1892775 ResNeXt 1 222
1892778 BERTLARGE 1 106
1892782 ResNeXt 1 223
1892786 GPT2-SMALL 1 155
1892791 BERTLARGE 1 117
1892799 GPT2-SMALL 1 161
1892804 ResNet50 1 124
1892808 BERTLARGE 1 1511
1892811 BERTLARGE 1 84
1892814 VGG19-I 1 171
1892818 BERTLARGE 1 98
1892822 GPT2-SMALL 1 131
1892826 GPT2-SMALL 1 117
1892830 ResNeXt 1 179
1892834 BERTLARGE 1 94
1892838 ResNet50 1 178
1892842 ResNeXt 1 168
1892846 BERTLARGE 1 98
1892850 GNMT 1 100
1892857 BERTLARGE 1 332
1892860 GPT2-SMALL 1 114
1892866 BERTLARGE 1 84
1892870 VGG19-I 1 152
1892874 GPT2-SMALL 1 165
1892878 GNMT 1 113
1892881 ResNet50 1 141
1892885 ResNeXt 1 185
1892889 GPT2-SMALL 1 129
1892892 BERTLARGE 1 85
1892897 BERTLARGE 1 81
1892901 BERTLARGE 1 96
1892905 VGG19-I 1 181
1892908 VGG19-I 1 206
1892912 GPT2-SMALL 1 128
1892916 GNMT 1 20366
1892919 VGG19-I 1 159
1892923 BERTLARGE 1 100
1892933 BERTLARGE 1 1415
1892936 GPT2-SMALL 1 131
1892940 ResNet50 1 144
1892944 ResNeXt 1 239
1892948 ResNet50 1 156
1892951 VGG19-I 1 193
1892955 GPT2-SMALL 1 130
1892958 VGG19-I 1 171
1892962 GPT2-SMALL 1 115
1892966 ResNet50 1 137
1892970 GNMT 1 114
1892974 BERTLARGE 1 82
1892977 BERTLARGE 1 88
1892981 ResNet50 1 137
1892985 VGG19-I 1 172
1892989 ResNeXt 1 200
1892992 ResNeXt 1 184
1892996 BERTLARGE 1 92
1893000 ResNeXt 1 173
1893004 ResNet50 1 149
1893007 GNMT 1 111
1893011 GPT2-SMALL 1 130
1893014 VGG19-I 1 135
1893019 GPT2-SMALL 1 2437
1893022 GPT2-SMALL 1 123
1893026 GPT2-SMALL 1 132
1893030 VGG19-I 1 196
1893034 GPT2-SMALL 1 134
1893038 ResNeXt 1 193
1893041 GNMT 1 17
1893045 ResNet50 1 189
1893050 BERTLARGE 1 86
1893053 GNMT 1 127
1893057 VGG19-I 1 146
1893060 ResNeXt 1 189
1893067 GNMT 1 125
1893071 VGG19-I 1 156
1893074 BERTLARGE 1 84
1893078 GPT2-SMALL 1 132
1893082 ResNet50 1 134
1893085 VGG19-I 1 163
1893090 GPT2-SMALL 1 120
1893093 VGG19-I 1 152
1893097 GNMT 1 265
1893100 ResNeXt 1 215
1893104 VGG19-I 1 153
1893108 BERTLARGE 1 80
1893112 GNMT 1 116
1893115 GPT2-SMALL 1 128
1893119 GNMT 1 10065
1893123 BERTLARGE 1 75
1893126 ResNet50 1 150
1893130 GNMT 1 111
1893135 ResNeXt 1 220
1893138 ResNeXt 1 179
1893142 ResNeXt 1 186
1893145 ResNet50 1 142
1893149 GNMT 1 107
1893153 VGG19-I 1 172
1893157 ResNet50 1 149
1893160 GNMT 1 120
1893163 ResNeXt 1 167
1893167 GNMT 1 117
1893172 ResNet50 1 132
1893176 GPT2-SMALL 1 126
1893180 GNMT 1 113
1893183 ResNeXt 1 228
1893188 GPT2-SMALL 1 140
1893192 ResNet50 1 135
1893202 GPT2-SMALL 1 24
1893207 BERTLARGE 1 265
1893211 GPT2-SMALL 1 138
1893214 GPT2-SMALL 1 129
1893218 VGG19-I 1 145
1893222 BERTLARGE 1 98
1893226 BERTLARGE 1 434
1893230 BERTLARGE 1 103
1893233 BERTLARGE 1 96
1893236 VGG19-I 1 144
1893240 VGG19-I 1 175
1893244 VGG19-I 1 493
1893247 GPT2-SMALL 1 141
1893251 ResNeXt 1 180
1900640 BERTLARGE 2 50485
1900652 VGG19-I 2 122362
1900659 BERTLARGE 2 36574
1900702 VGG19-I 2 76381
1900738 ResNeXt 2 168370
1900771 GNMT 2 109385
1900816 VGG19-I 2 20664
1900917 GNMT 2 55918
1901081 GNMT 2 50448
1968642 ResNeXt 1 230
1968651 ResNeXt 1 193
1968726 ResNeXt 1 234
1968746 VGG19-I 1 192
1968754 VGG19-I 1 179
1968764 ResNeXt 1 228
1968800 BERTLARGE 1 107
1968809 VGG19-I 1 152
1968818 ResNet50 1 150
1968837 BERTLARGE 1 100
1968846 VGG19-I 1 171
1968861 ResNeXt 1 159
1968870 GPT2-SMALL 1 143
1968878 VGG19-I 1 151
1968921 ResNeXt 1 189
1968998 GPT2-SMALL 1 142
1968998 GPT2-SMALL 1 139
1969008 ResNet50 1 143
1969047 ResNet50 1 184
1969057 VGG19-I 1 146
1969066 GNMT 1 107
1969075 BERTLARGE 1 112
1969084 BERTLARGE 1 98
1969092 VGG19-I 1 196
1969104 GNMT 1 135
1969115 BERTLARGE 1 97
1969123 ResNeXt 1 185
1969132 GNMT 1 133
1969142 BERTLARGE 1 101
1969153 ResNeXt 1 172
1971859 GNMT 1 144
1971870 VGG19-I 1 203
1971874 VGG19-I 1 203
1971879 GNMT 1 146
1971884 GPT2-SMALL 1 121
1971887 VGG19-I 1 199
1971891 ResNeXt 1 296
1971905 ResNeXt 1 189
1971909 BERTLARGE 1 91
1971914 ResNeXt 1 231
1971918 GNMT 1 135
1971922 VGG19-I 1 188
1971961 GPT2-SMALL 1 294
1971966 GNMT 1 115
1971969 ResNet50 1 147
1971973 VGG19-I 1 185
1971977 BERTLARGE 1 101
1971981 VGG19-I 1 185
1972005 GPT2-SMALL 1 142
1972012 BERTLARGE 1 97
1972016 BERTLARGE 1 91
1972020 GNMT 1 125
1972023 BERTLARGE 1 91
1972027 GPT2-SMALL 1 160
1972030 ResNeXt 1 197
1972034 VGG19-I 1 216
1972053 BERTLARGE 1 90
1972058 ResNeXt 1 177
1972062 ResNeXt 1 171
1972066 GPT2-SMALL 1 128
1972072 VGG19-I 1 178
1972076 GNMT 1 111
1972081 BERTLARGE 1 84
1972090 BERTLARGE 1 105
1972094 GPT2-SMALL 1 134
1972099 BERTLARGE 1 112
1972102 ResNeXt 1 220
1972106 BERTLARGE 1 111
1972110 GNMT 1 137
1972113 ResNeXt 1 182
1972140 GNMT 1 122
1972144 VGG19-I 1 176
1972148 ResNet50 1 139
1972195 VGG19-I 1 170
1972199 BERTLARGE 1 81
1972203 GNMT 1 120
1972207 BERTLARGE 1 101
1972212 VGG19-I 1 166
1972221 BERTLARGE 1 97
1972226 ResNeXt 1 177
1972230 ResNet50 1 140
1972234 GNMT 1 102
1972251 GNMT 1 120
1972254 VGG19-I 1 157
1972258 ResNet50 1 149
1972261 GPT2-SMALL 1 113
1972267 GPT2-SMALL 1 149
1972275 GNMT 1 113
1972309 ResNeXt 1 212
1972313 GPT2-SMALL 1 147
1972317 GPT2-SMALL 1 149
1972323 VGG19-I 1 162
1972328 GPT2-SMALL 1 113
1972335 ResNeXt 1 196
1972342 ResNeXt 1 205
1972346 GNMT 1 103
1972351 VGG19-I 1 36
1972356 ResNeXt 1 179
1972359 BERTLARGE 1 127
1972363 VGG19-I 1 152
1972367 ResNet50 1 133
1972370 ResNeXt 1 182
1972374 BERTLARGE 1 88
1972395 GPT2-SMALL 1 141
1972399 VGG19-I 1 196
1972410 GPT2-SMALL 1 145
1972415 GNMT 1 141
1972418 ResNet50 1 123
1972424 VGG19-I 1 180
1972428 GNMT 1 109
1972432 GNMT 1 109
1972436 GPT2-SMALL 1 126
1972440 ResNet50 1 132
1972444 ResNet50 1 120
1972448 BERTLARGE 1 81
1972451 GNMT 1 125
1972455 BERTLARGE 1 79
1972459 VGG19-I 1 150
1972463 ResNet50 1 257
1972466 BERTLARGE 1 99
1972470 VGG19-I 1 164
1972481 ResNet50 1 124
1972485 GNMT 1 107
1972490 ResNeXt 1 202
1972493 VGG19-I 1 142
1972497 GNMT 1 127
1972501 GNMT 1 139
1972505 GNMT 1 103
1972509 GNMT 1 113
1972513 ResNet50 1 133
1972517 ResNet50 1 175
1972521 GPT2-SMALL 1 147
1972556 ResNet50 1 129
1972569 GPT2-SMALL 1 147
1972573 GNMT 1 21
1972580 BERTLARGE 1 85
1972583 VGG19-I 1 142
1972587 BERTLARGE 1 103
1972605 GPT2-SMALL 1 126
1972609 VGG19-I 1 164
1972613 ResNet50 1 147
1972617 GNMT 1 109
1972620 GNMT 1 131
1972624 GPT2-SMALL 1 123
1972628 GNMT 1 147
1972632 GPT2-SMALL 1 121
1972636 GPT2-SMALL 1 143
2058764 GPT2-SMALL 4 16230
2058768 VGG19-I 4 18905
2058772 GNMT 4 20499
2058783 VGG19-I 4 25719
2058789 ResNet50 4 19577
2058809 GNMT 4 1488944
2058813 GNMT 4 39917
2058820 ResNeXt 4 73742
2058831 ResNet50 4 95289
2058838 VGG19-I 4 44217
2058845 VGG19-I 4 46819
2058849 GPT2-SMALL 4 50552
2058853 ResNeXt 4 152935
2058857 ResNeXt 4 1101817
2058861 BERTLARGE 4 1267627
2058865 GPT2-SMALL 4 92455
2058876 ResNeXt 4 96184
2058880 ResNet50 4 123327
2058903 GNMT 4 57581
2058912 ResNet50 4 90408
2058917 GPT2-SMALL 4 72746
2058929 GNMT 4 69468
2058934 ResNet50 4 129805
2058938 VGG19-I 4 125408
2058951 ResNet50 4 161205
2058966 GPT2-SMALL 4 159732
2058994 ResNet50 4 1419818
2058998 BERTLARGE 4 143207
2059002 GNMT 4 195849
2059011 ResNet50 4 228210
2059016 BERTLARGE 4 247895
2059025 ResNet50 4 32121
2059044 ResNet50 4 103425
2059048 ResNet50 4 50840
2059051 ResNeXt 4 182041
2059074 ResNeXt 2 325201
2059088 ResNet50 4 149824
2059092 ResNeXt 4 300485
2059112 ResNet50 4 165372
2059119 ResNeXt 4 513141
2230160 ResNet50 4 33823
2230170 ResNeXt 4 1558472
2230181 GNMT 4 27107
2230217 BERTLARGE 4 44133
2230228 GNMT 4 75041
2230248 ResNeXt 4 1828801
2230277 VGG19-I 4 196577
2230302 ResNeXt 4 261501
2230313 ResNet50 4 1452842
2230316 GPT2-SMALL 4 365959
2230343 GNMT 4 368452
2230354 ResNet50 4 57508
2230368 ResNet50 4 331591
2230403 BERTLARGE 4 238043
2230414 GNMT 4 859783
2230422 BERTLARGE 4 223456
2230425 ResNet50 4 1153984
2394699 ResNeXt 4 36694
2394703 GNMT 4 20883
2394707 GNMT 4 49501
2394710 ResNeXt 4 75768
2394714 BERTLARGE 4 33317
2394718 VGG19-I 4 202705
2394724 ResNet50 4 89603
2394728 BERTLARGE 4 128305
2394735 ResNet50 4 375585
2394739 BERTLARGE 4 247406
2394742 BERTLARGE 4 19932
2394746 GPT2-SMALL 4 22262
2394750 GNMT 4 44578
2394754 GNMT 4 36894
2394757 BERTLARGE 4 30212
2394761 BERTLARGE 4 69342
2394765 ResNeXt 4 104155
2394768 ResNeXt 4 101857
2394772 ResNet50 4 172023
2394775 ResNet50 4 160681
2394783 ResNet50 4 1051615
2394791 VGG19-I 4 195707
2394794 ResNeXt 4 689893
2423887 BERTLARGE 1 97
2423891 BERTLARGE 1 96
2423894 BERTLARGE 1 97
2423898 GNMT 1 138
2423902 GPT2-SMALL 1 145
2423906 ResNet50 1 334
2423910 BERTLARGE 1 95
2423914 GPT2-SMALL 1 148
2423917 ResNet50 1 172
2423922 ResNet50 1 198
2423932 GPT2-SMALL 1 142
2423937 GPT2-SMALL 1 134
2423941 GNMT 1 125
2423945 BERTLARGE 1 471
2423949 ResNeXt 1 239
2423952 GNMT 1 124
2423957 GPT2-SMALL 1 138
2423960 BERTLARGE 1 96
2423964 ResNet50 1 313
2423968 GPT2-SMALL 1 190
2423972 VGG19-I 1 194
2423976 GPT2-SMALL 1 160
2423980 GNMT 1 118
2423985 ResNet50 1 156
2423991 ResNeXt 1 460
2424000 VGG19-I 1 160
2424004 BERTLARGE 1 112
2424008 GPT2-SMALL 1 169
2424012 ResNet50 1 168
2424016 ResNeXt 1 226
2424020 ResNeXt 1 225
2424024 GPT2-SMALL 1 152
2424027 ResNet50 1 156
2424031 ResNeXt 1 251
2424036 GPT2-SMALL 1 143
2424040 ResNeXt 1 200
2424044 BERTLARGE 1 85
2424048 ResNeXt 1 185
2424053 ResNeXt 1 198
2424057 VGG19-I 1 196
2424061 ResNet50 1 290
2424069 ResNeXt 1 182
2424074 VGG19-I 1 242
2424077 GPT2-SMALL 1 173
2424082 GPT2-SMALL 1 127
2424086 GPT2-SMALL 1 164
2424090 GPT2-SMALL 1 130
2424094 ResNet50 1 171
2424098 ResNeXt 1 231
2424102 ResNeXt 1 203
2424107 ResNet50 1 170
2424111 BERTLARGE 1 104
2424115 ResNeXt 1 222
2424119 GNMT 1 143
2424122 GNMT 1 141
2424126 VGG19-I 1 167
2424138 GPT2-SMALL 1 137
2424142 BERTLARGE 1 92
2424146 GPT2-SMALL 1 159
2424152 VGG19-I 1 159
2424156 GNMT 1 105
2424160 GNMT 1 125
2424164 ResNeXt 1 192
2424168 GPT2-SMALL 1 134
2424173 ResNet50 1 166
2424177 ResNeXt 1 226
2424182 VGG19-I 1 50
2424186 ResNeXt 1 213
2424189 BERTLARGE 1 107
2424194 ResNet50 1 162
2424198 VGG19-I 1 187
2424207 GPT2-SMALL 1 123
2424211 GPT2-SMALL 1 137
2424215 GPT2-SMALL 1 238
2424218 GPT2-SMALL 1 130
2424222 ResNet50 1 317
2424226 ResNet50 1 173
2424230 BERTLARGE 1 180
2424234 ResNet50 1 175
2424238 GNMT 1 122
2424242 VGG19-I 1 162
2424246 GPT2-SMALL 1 133
2424250 GPT2-SMALL 1 132
2424255 BERTLARGE 1 93
2424261 ResNet50 1 132
2424265 VGG19-I 1 165
2424275 VGG19-I 1 153
2424279 ResNeXt 1 177
2424283 BERTLARGE 1 84
2424287 GPT2-SMALL 1 133
2424291 ResNet50 1 936
2424295 ResNeXt 1 336
2424299 GNMT 1 112
2424303 VGG19-I 1 175
2424307 VGG19-I 1 168
2424311 ResNeXt 1 225
2424316 GPT2-SMALL 1 139
2424323 GNMT 1 104
2424327 GPT2-SMALL 1 145
2424330 VGG19-I 1 190
2424344 ResNeXt 1 221
2424348 VGG19-I 1 162
2424352 GNMT 1 143
2424356 BERTLARGE 1 113
2424360 GPT2-SMALL 1 126
2424364 ResNet50 1 24
2424369 ResNet50 1 167
2424373 ResNet50 1 137
2424377 GNMT 1 123
2424381 VGG19-I 1 854
2424386 ResNet50 1 150
2424390 GNMT 1 114
2424393 VGG19-I 1 191
2424397 ResNet50 1 455
2424401 GPT2-SMALL 1 340
2424413 BERTLARGE 1 158
2424417 GNMT 1 154
2424421 BERTLARGE 1 296
2424425 VGG19-I 1 998
2676485 BERTLARGE 4 57641
3027026 ResNet50 1 279152
3027029 ResNeXt 1 381179
3027040 GNMT 1 239149
3027056 GNMT 1 213538
3027074 GNMT 1 199463
3027077 VGG19-I 1 261014
3027084 ResNeXt 1 371003
3027101 VGG19-I 1 298361
3027105 GNMT 1 180274
3027116 BERTLARGE 1 219296
3027124 ResNet50 1 344167
3027128 GNMT 1 289511
3027131 ResNeXt 1 413496
3027136 GPT2-SMALL 1 271519
3027139 BERTLARGE 1 203120
3027142 GPT2-SMALL 1 271762
3027147 VGG19-I 1 350867
3027155 BERTLARGE 1 186362
3027160 BERTLARGE 1 193742
3027164 ResNeXt 1 385494
3027178 GPT2-SMALL 1 251276
3027190 GNMT 1 215505
3027197 GNMT 1 223651
3027220 BERTLARGE 1 208464
3027224 GNMT 1 236698
3027242 VGG19-I 1 428689
3027246 ResNet50 1 382876
3027250 BERTLARGE 1 212168
3027254 ResNet50 1 367267
3027257 BERTLARGE 1 206282
3027261 GNMT 1 290767
3027265 GPT2-SMALL 1 313954
3027273 ResNet50 1 321388
3027281 GPT2-SMALL 1 303621
3027293 GPT2-SMALL 1 284193
3027300 ResNeXt 1 411864
3027307 GNMT 1 251240
3027312 GNMT 1 259287
3027327 ResNeXt 1 428884
3027331 VGG19-I 1 364072
3027334 ResNet50 1 298110
3027337 ResNet50 1 298772
3027345 ResNeXt 1 580526
3027348 BERTLARGE 1 267631
3027352 ResNet50 1 441267
3027371 ResNet50 1 369864
3027386 GPT2-SMALL 1 316914
3027415 ResNet50 1 362563
3027494 GPT2-SMALL 1 232328
3027497 GPT2-SMALL 1 301931
3027506 BERTLARGE 1 245439
3027512 GPT2-SMALL 1 219600
3027535 ResNet50 1 392683
3027541 BERTLARGE 1 179825
3027548 ResNeXt 1 289997
3027556 GNMT 1 193047
3027559 ResNeXt 1 353506
3027563 ResNeXt 1 373112
3027571 VGG19-I 1 352492
3027578 VGG19-I 1 386351
3027578 GNMT 1 226887
3027582 ResNet50 1 291942
3027586 VGG19-I 1 299521
3027590 BERTLARGE 1 103409
3027593 VGG19-I 1 215259
3027605 GPT2-SMALL 1 268815
3027608 VGG19-I 1 272823
3027611 ResNeXt 1 556657
3027612 VGG19-I 1 264798
3027616 VGG19-I 1 367018
3027620 VGG19-I 1 353391
3027624 BERTLARGE 1 139017
3027627 ResNeXt 1 446007
3027630 ResNet50 1 193991
3027634 GPT2-SMALL 1 252682
3027641 VGG19-I 1 305114
3027645 VGG19-I 1 298979
3027649 GPT2-SMALL 1 252183
3027656 ResNeXt 1 221955
3027660 BERTLARGE 1 165810
3027663 ResNet50 1 167638
3027671 ResNeXt 1 204630
3027675 ResNet50 1 149970
3027680 GNMT 1 128584
3027684 GNMT 1 130555
3027692 GPT2-SMALL 1 248722
3027696 BERTLARGE 1 97686
3027696 BERTLARGE 1 97144
3027699 ResNet50 1 148169
3027700 GPT2-SMALL 1 138683
3027703 ResNeXt 1 202676
3027703 BERTLARGE 1 90074
3027707 GPT2-SMALL 1 139854
3027707 ResNet50 1 146809
3027710 GNMT 1 211420
3027711 GNMT 1 128577
3027714 ResNeXt 1 356962
3027714 GNMT 1 107780
3027718 ResNeXt 1 331648
3027718 BERTLARGE 1 80416
3027722 GPT2-SMALL 1 145832
3027831 VGG19-I 1 167747
3027835 BERTLARGE 1 110782
3027839 ResNet50 1 154291
3027843 ResNeXt 1 241051
3027847 GPT2-SMALL 1 139870
3027851 BERTLARGE 1 93516
3027855 VGG19-I 1 161223
3027859 ResNet50 1 151597
3027862 BERTLARGE 1 90249
3027866 ResNet50 1 138999
3027870 GNMT 1 128932
3027874 VGG19-I 1 144503
3027882 VGG19-I 1 158953
3027886 GPT2-SMALL 1 139758
3027889 VGG19-I 1 167148
3027894 ResNet50 1 147080
3027902 ResNet50 1 155543
3027906 ResNeXt 1 210757
3027910 ResNet50 1 151321
3027914 ResNeXt 1 217385
3027918 BERTLARGE 1 103353
3027922 GNMT 1 124910
3027926 BERTLARGE 1 96320
3702243 ResNeXt 1 328
3702247 ResNeXt 1 229
3702251 VGG19-I 1 183
3702255 ResNeXt 1 220
3702258 VGG19-I 1 167
3702262 GPT2-SMALL 1 159
3702265 ResNet50 1 188
3702269 GPT2-SMALL 1 156
3702274 GNMT 1 102
3702279 GPT2-SMALL 1 164
3702282 VGG19-I 1 156
3702287 BERTLARGE 1 84
3702291 GNMT 1 124
3702295 VGG19-I 1 178
3702299 GPT2-SMALL 1 164
3702302 GNMT 1 147
3702308 GPT2-SMALL 1 122
3702317 ResNet50 1 158
3702321 BERTLARGE 1 100
3702325 BERTLARGE 1 97
3702330 ResNet50 1 165
3702335 GNMT 1 125
3702340 VGG19-I 1 182
3702344 ResNeXt 1 214
3702348 ResNet50 1 160
3702356 GNMT 1 144
3702360 ResNeXt 1 329
3702364 BERTLARGE 1 93
3702368 ResNeXt 1 229
3702373 ResNet50 1 147
3702376 ResNet50 1 159
3702380 VGG19-I 1 226
3702385 BERTLARGE 1 98
3702389 BERTLARGE 1 163
3702394 BERTLARGE 1 97
3702399 ResNet50 1 173
3702402 ResNeXt 1 206
3702406 BERTLARGE 1 192
3702410 VGG19-I 1 273
3702414 ResNet50 1 190
3702418 GPT2-SMALL 1 145
3702422 ResNeXt 1 360
3702427 VGG19-I 1 168
3702430 VGG19-I 1 270
3702434 VGG19-I 1 332
3702438 ResNet50 1 179
3702442 ResNet50 1 170
3702446 ResNet50 1 156
3702451 ResNet50 1 174
3702455 VGG19-I 1 162
3702459 ResNet50 1 167
3702463 ResNet50 1 184
3702466 GPT2-SMALL 1 149
3702470 ResNeXt 1 204
3702474 BERTLARGE 1 126
3702479 VGG19-I 1 202
3702482 GPT2-SMALL 1 129
3702487 GPT2-SMALL 1 265
3702491 ResNeXt 1 203
3702495 GNMT 1 188
3702499 GPT2-SMALL 1 149
3702503 GPT2-SMALL 1 149
3702507 GPT2-SMALL 1 228
3702511 GPT2-SMALL 1 146
3702515 ResNet50 1 199
3702518 GNMT 1 275
3702522 GNMT 1 159
3702526 GPT2-SMALL 1 150
3702539 ResNet50 1 177
3702542 GPT2-SMALL 1 152
3702547 ResNet50 1 177
3702552 ResNet50 1 271
3702556 BERTLARGE 1 177
3702561 GPT2-SMALL 1 245
3702568 VGG19-I 1 310
3702572 ResNet50 1 194
3702576 VGG19-I 1 230
3702580 ResNet50 1 164
3702584 ResNet50 1 158
3702587 ResNeXt 1 314
3702591 GNMT 1 149
3702597 ResNet50 1 183
3702601 GNMT 1 208
3702607 ResNeXt 1 323
3702611 GNMT 1 197
3702615 ResNeXt 1 286
3702619 BERTLARGE 1 143
3702623 VGG19-I 1 184
3702627 ResNet50 1 165
3702633 BERTLARGE 1 112
3702637 VGG19-I 1 197
3702640 BERTLARGE 1 125
3702645 BERTLARGE 1 163
3702648 GNMT 1 240
3702652 GNMT 1 125
3702657 GNMT 1 134
3702665 GNMT 1 156
3702670 ResNet50 1 190
3702673 ResNet50 1 163
3702677 BERTLARGE 1 111
3702681 VGG19-I 1 197
3702685 BERTLARGE 1 178
3702689 GPT2-SMALL 1 182
3702693 ResNeXt 1 332
3702697 GNMT 1 215
3702701 VGG19-I 1 185
3702706 GNMT 1 134
3702710 GNMT 1 132
3702713 GPT2-SMALL 1 227
3702717 GPT2-SMALL 1 229
3702721 VGG19-I 1 205
3702724 GNMT 1 141
3702728 BERTLARGE 1 135
3702732 GPT2-SMALL 1 152
3702735 ResNeXt 1 236
3702739 GPT2-SMALL 1 182
3702743 ResNeXt 1 205
3702747 GNMT 1 211
3702751 GPT2-SMALL 1 175
3702757 ResNeXt 1 259
3702761 GPT2-SMALL 1 202
3702765 BERTLARGE 1 111
3702768 GPT2-SMALL 1 253
3702772 VGG19-I 1 177
3702913 ResNet50 1 165
3702917 ResNet50 1 181
3702923 BERTLARGE 1 99
3702926 GPT2-SMALL 1 135
3702930 GNMT 1 140
3702935 VGG19-I 1 215
3702941 BERTLARGE 1 95
3702944 ResNeXt 1 209
3702948 GNMT 1 145
3702952 GNMT 1 114
3702956 ResNet50 1 167
3702959 ResNeXt 1 219
3702963 GPT2-SMALL 1 143
3702967 GNMT 1 113
3702971 ResNet50 1 161
3702975 ResNeXt 1 220
3702979 VGG19-I 1 172
3702982 GPT2-SMALL 1 150
3702986 BERTLARGE 1 117
3702989 GNMT 1 138
3702993 GNMT 1 149
3702997 BERTLARGE 1 83
3703001 ResNeXt 1 253
3703005 ResNeXt 1 188
3703008 BERTLARGE 1 106
3703013 ResNeXt 1 205
3703016 BERTLARGE 1 114
3703020 ResNet50 1 156
3703024 ResNeXt 1 277
3703028 VGG19-I 1 206
3703031 ResNet50 1 196
3703037 VGG19-I 1 143
3703040 VGG19-I 1 178
3703044 GNMT 1 129
3703048 BERTLARGE 1 107
3703052 ResNeXt 1 179
3703056 BERTLARGE 1 106
3703060 ResNet50 1 159
3703064 GNMT 1 149
3703069 ResNet50 1 163
3703073 BERTLARGE 1 119
3703076 ResNet50 1 169
3703080 ResNet50 1 281
3703083 ResNet50 1 170
3703088 BERTLARGE 1 97
3703092 VGG19-I 1 166
3703098 ResNet50 1 159
3703101 ResNet50 1 232
3703105 VGG19-I 1 207
3703108 BERTLARGE 1 110
3703113 GPT2-SMALL 1 138
3703116 GPT2-SMALL 1 148
3703120 VGG19-I 1 170
3703124 GNMT 1 136
3703127 BERTLARGE 1 91
3703131 VGG19-I 1 194
3703136 BERTLARGE 1 110
3703140 GPT2-SMALL 1 165
3703143 VGG19-I 1 209
3703147 GPT2-SMALL 1 166
3703150 ResNeXt 1 212
3703154 GPT2-SMALL 1 137
3703158 GPT2-SMALL 1 156
3703161 GPT2-SMALL 1 138
3703165 GNMT 1 131
3703169 GNMT 1 138
3703173 GNMT 1 143
3703177 ResNet50 1 159
3703184 VGG19-I 1 204
3703187 GNMT 1 140
3703191 GPT2-SMALL 1 142
3703195 ResNeXt 1 242
3703199 BERTLARGE 1 99
3703202 VGG19-I 1 178
3703207 VGG19-I 1 243
3703212 ResNet50 1 305
3703216 GPT2-SMALL 1 176
3703220 ResNet50 1 161
3703223 GNMT 1 156
3703227 GPT2-SMALL 1 164
3703232 ResNeXt 1 218
3703236 VGG19-I 1 199
3703239 GPT2-SMALL 1 134
3703244 GPT2-SMALL 1 149
3703248 ResNeXt 1 235
3703251 GPT2-SMALL 1 218
3703255 VGG19-I 1 211
3703259 GNMT 1 137
3703263 GNMT 1 145
3703268 VGG19-I 1 207
3703273 VGG19-I 1 243
3703278 ResNeXt 1 255
3703282 VGG19-I 1 189
3703285 GPT2-SMALL 1 161
3703290 BERTLARGE 1 119
3703293 BERTLARGE 1 91
3703298 ResNet50 1 177
3703302 BERTLARGE 1 132
3703305 GNMT 1 118
3703309 GNMT 1 133
3703313 GNMT 1 210
3703317 BERTLARGE 1 103
3703320 ResNet50 1 186
3703325 VGG19-I 1 204
3703329 BERTLARGE 1 164
3703333 BERTLARGE 1 154
3703336 ResNeXt 1 350
3703340 BERTLARGE 1 156
3703344 GPT2-SMALL 1 225
3703348 ResNet50 1 262
3703352 GNMT 1 145
3703355 GNMT 1 129
3703359 VGG19-I 1 190
3703363 VGG19-I 1 176
3703368 GNMT 1 204
3703376 ResNet50 1 174
3703379 GNMT 1 231
3703383 GNMT 1 147
3703387 ResNeXt 1 227
3703391 GNMT 1 136
3703395 VGG19-I 1 234
3703399 GNMT 1 137
3703403 GPT2-SMALL 1 256
3703406 VGG19-I 1 193
3703410 ResNet50 1 183
3703414 VGG19-I 1 293
3721468 GNMT 4 63922
3721472 ResNeXt 4 112767
3721476 ResNeXt 4 124122
3721479 GNMT 4 45115
3721483 VGG19-I 4 50716
3721486 VGG19-I 4 54692
3721490 ResNeXt 4 62458
3721494 GNMT 4 49279
3721497 GNMT 4 50149
3721505 ResNet50 4 111001
3721516 GNMT 4 46543
3721520 GNMT 4 67824
3721523 VGG19-I 4 48701
3721528 GNMT 4 63813
3721535 ResNet50 4 126701
3721539 ResNeXt 4 155110
3721546 ResNeXt 4 131987
3721561 BERTLARGE 4 84407
3721565 GPT2-SMALL 4 109001
3721569 BERTLARGE 4 33528
3867085 GNMT 1 126
3867091 GPT2-SMALL 1 145
3867095 ResNet50 1 145
3867101 VGG19-I 1 175
3867105 BERTLARGE 1 101
3867109 VGG19-I 1 186
3867113 BERTLARGE 1 111
3867116 GPT2-SMALL 1 1277
3867120 BERTLARGE 1 112
3867125 GPT2-SMALL 1 166
3867128 GPT2-SMALL 1 152
3867133 GPT2-SMALL 1 153
3867138 GPT2-SMALL 1 176
3867142 GPT2-SMALL 1 136
3867146 GPT2-SMALL 1 136
3867152 GNMT 1 1183
3867158 ResNeXt 1 252
3867162 GNMT 1 127
3867165 BERTLARGE 1 331
3867169 GNMT 1 138
3867173 GPT2-SMALL 1 130
3867177 ResNeXt 1 227
3867181 GNMT 1 139
3867185 GPT2-SMALL 1 137
3867189 GNMT 1 124
3867192 ResNet50 1 154
3867196 ResNet50 1 167
3890306 VGG19-I 4 235481
3890310 ResNet50 4 41219
3898346 ResNeXt 1 196
3898350 VGG19-I 1 164
3916141 BERTLARGE 4 37576
3916148 VGG19-I 4 78977
3916153 BERTLARGE 4 14543
3916168 VGG19-I 4 21771
3916171 GNMT 4 46280
3916176 GNMT 4 17264
4098889 GPT2-SMALL 1 1036
4098892 ResNeXt 1 295
4098896 BERTLARGE 1 122
4098949 VGG19-I 1 167
4098953 ResNet50 1 173
4098957 GPT2-SMALL 1 167
4098960 BERTLARGE 1 97
4098963 ResNet50 1 162
4098967 GNMT 1 131
4442523 ResNet50 4 22753
4442527 VGG19-I 4 27306
4442532 ResNeXt 4 49790
4442540 GNMT 4 50349
4442544 ResNeXt 4 98200
4442548 ResNet50 4 98731
4442551 GPT2-SMALL 4 94278
4442555 ResNeXt 4 171923
4443276 VGG19-I 4 43140
4443281 GNMT 4 130193
4469179 VGG19-I 1 169
4469184 GNMT 1 125
4469189 GPT2-SMALL 1 142
4469193 ResNet50 1 189
4469196 GNMT 1 212
4469201 ResNeXt 1 293
4469204 ResNet50 1 255
4469208 GNMT 1 322
4469211 ResNeXt 1 419
4469215 GNMT 1 275
4469218 ResNet50 1 472
4469222 ResNeXt 1 550
4469225 VGG19-I 1 507
4495016 GPT2-SMALL 1 164
4495019 GNMT 1 133
4495023 ResNet50 1 191
4495026 ResNet50 1 185
4495030 ResNet50 1 235
4495034 GNMT 1 199
4495037 ResNeXt 1 387
4495041 VGG19-I 1 355
4495044 ResNet50 1 350
4495048 ResNeXt 1 496
4495052 GPT2-SMALL 1 374
4495056 GPT2-SMALL 1 406
4495188 ResNet50 1 164
4496464 ResNeXt 4 28615
4496468 ResNet50 4 27023
4496472 GNMT 4 24080
4496476 VGG19-I 4 23225
4496480 BERTLARGE 4 18562
4496484 ResNeXt 4 47427
4496488 GNMT 4 54926
4496492 ResNet50 4 85743
4496496 ResNeXt 4 134419
4496502 GNMT 4 84945
4496507 ResNet50 4 84156
4497393 BERTLARGE 4 61354
4688355 BERTLARGE 1 112
4688359 BERTLARGE 1 120
4688363 BERTLARGE 1 101
4688366 GPT2-SMALL 1 196
4688370 GNMT 1 163
4688373 ResNet50 1 153
4688376 ResNet50 1 156
4688380 ResNeXt 1 211
4688384 BERTLARGE 1 100
4688387 GNMT 1 134
4688391 GNMT 1 147
4688394 ResNet50 1 170
4688397 ResNet50 1 170
4760859 GPT2-SMALL 4 5743
4828477 VGG19-I 1 259
4828480 BERTLARGE 1 154
4828484 VGG19-I 1 275
4828488 BERTLARGE 1 151
4828491 ResNeXt 1 320
4828496 GNMT 1 207
4828499 VGG19-I 1 293
4828503 GPT2-SMALL 1 243
4844223 GNMT 1 138
4844229 GPT2-SMALL 1 164
4844233 ResNeXt 1 213
4844237 VGG19-I 1 189
4844240 ResNet50 1 201
4844244 BERTLARGE 1 130
4844247 BERTLARGE 1 297
4844251 VGG19-I 1 325
4844254 ResNet50 1 305
4844258 ResNet50 1 335
4844262 GPT2-SMALL 1 341
4844267 BERTLARGE 1 255
4844275 GPT2-SMALL 1 397
4869504 ResNet50 4 47236
4869508 GNMT 4 33462
4869513 VGG19-I 4 52092
4869518 ResNeXt 4 101313
4869523 BERTLARGE 4 56400
4869526 ResNeXt 4 158771
4869532 GPT2-SMALL 4 119796
4869942 BERTLARGE 4 10172
4869946 GPT2-SMALL 4 15568
4869949 ResNet50 4 20685
4869953 BERTLARGE 4 12841
4869956 GPT2-SMALL 4 24064
4869961 ResNeXt 4 39025
4869964 GNMT 4 24370
4869968 ResNet50 4 42304
4869972 GPT2-SMALL 4 39948
4869975 ResNet50 4 49283
4869979 ResNeXt 4 81501
4871806 BERTLARGE 4 8997
4871810 GPT2-SMALL 4 13781
4913765 BERTLARGE 1 144
4913797 BERTLARGE 1 93
4913816 ResNet50 1 177
4913828 BERTLARGE 1 90
4913832 ResNeXt 1 228
4927098 ResNet50 1 221
4927102 GNMT 1 152
4927106 ResNeXt 1 247
4927109 GNMT 1 187
4927113 VGG19-I 1 313
4927117 ResNeXt 1 434
4927121 ResNeXt 1 485
4927124 VGG19-I 1 539
4927128 GNMT 1 126
4927132 VGG19-I 1 152
4927136 ResNeXt 1 437
4927139 GPT2-SMALL 1 144
4927143 VGG19-I 1 168
4927147 GNMT 1 129
4927152 VGG19-I 1 149
4927155 GPT2-SMALL 1 118
4927159 ResNet50 1 144
4927163 VGG19-I 1 147
5440354 GPT2-SMALL 4 768
5451058 GNMT 4 1124
5452653 ResNeXt 4 1154
5654133 GNMT 4 84427
5654137 GNMT 4 74729
5654142 ResNet50 4 89615
5654146 GPT2-SMALL 4 96676
5654150 GPT2-SMALL 4 87263
5654157 ResNet50 4 95925
5654161 ResNet50 4 86114
5654165 ResNeXt 4 141709
5962154 ResNet50 1 219
5962158 GPT2-SMALL 1 193
5962162 ResNet50 1 185
5962165 ResNet50 1 201
5962169 BERTLARGE 1 153
5962173 ResNeXt 1 305
5962176 BERTLARGE 1 111
5962181 GNMT 1 149
6032596 GPT2-SMALL 1 166747
6032602 GPT2-SMALL 1 203615
6032607 ResNet50 1 192514
6032636 VGG19-I 1 207297
6032642 VGG19-I 1 201922
6032648 ResNet50 1 206278
6032653 GNMT 1 159118
6077614 ResNet50 4 23044
6077626 BERTLARGE 4 71327
6135356 GPT2-SMALL 1 126
6135408 VGG19-I 1 165
6138434 GPT2-SMALL 1 185
6138439 VGG19-I 1 189
6138445 BERTLARGE 1 108
6138451 BERTLARGE 1 97
6138463 GPT2-SMALL 1 186
6138468 GNMT 1 140
6138474 GNMT 1 168
6138479 ResNeXt 1 220
6138486 ResNeXt 1 272
6138492 ResNet50 1 202
6138503 ResNet50 1 204
6138509 GNMT 1 161
6138515 ResNeXt 1 211
6138522 VGG19-I 1 162
6220938 ResNeXt 1 276
6220945 GNMT 1 129
6220950 ResNeXt 1 207
6220956 VGG19-I 1 208
6220967 VGG19-I 1 171
6220972 ResNet50 1 211
6220978 ResNet50 1 155
6220984 BERTLARGE 1 100
6220989 BERTLARGE 1 95
6220995 ResNet50 1 147
6221007 VGG19-I 1 288
6221013 ResNeXt 1 217
6221018 GPT2-SMALL 1 175
6221025 GNMT 1 152
6243271 ResNeXt 4 38834
6243281 ResNeXt 4 58026
6243323 BERTLARGE 4 21657
6243333 BERTLARGE 4 15815
6243387 ResNet50 4 78199
6243429 BERTLARGE 4 58344
6243485 BERTLARGE 4 15982
6243696 GPT2-SMALL 4 19275
6243761 VGG19-I 4 50987
6243919 ResNet50 4 49303
6243939 ResNet50 4 70114
6243969 ResNet50 4 130927
6244040 ResNet50 4 61281
6244050 GPT2-SMALL 4 132854
6244079 BERTLARGE 4 71008
6244112 BERTLARGE 4 69249
6244131 GPT2-SMALL 4 103051
6296786 BERTLARGE 1 108
6305025 ResNet50 1 200
6305031 ResNeXt 1 289
6305036 BERTLARGE 1 148
6305041 ResNet50 1 204
6305054 VGG19-I 1 190
6305061 BERTLARGE 1 154
6305068 GPT2-SMALL 1 167
6305073 BERTLARGE 1 123
6305081 VGG19-I 1 197
6305085 GNMT 1 151
6305097 VGG19-I 1 197
6305102 GNMT 1 161
6305108 GPT2-SMALL 1 171
6305114 GNMT 1 140
6511321 ResNeXt 2 38137
6511327 BERTLARGE 2 4773
6644057 GPT2-SMALL 1 171
6644061 BERTLARGE 1 147
6644065 VGG19-I 1 161
6644068 ResNet50 1 192
6644081 GNMT 1 159
6644092 GPT2-SMALL 1 155
6644096 ResNeXt 1 173
6644099 VGG19-I 1 148
6644103 VGG19-I 1 176
6644106 BERTLARGE 1 86
6644110 ResNeXt 1 215
6644113 VGG19-I 1 206
6655554 GNMT 1 261
6655558 VGG19-I 1 217
6655566 GPT2-SMALL 1 189
6655574 BERTLARGE 1 124
6655578 VGG19-I 1 372
6655582 GNMT 1 263
6655594 GNMT 1 151
6655598 ResNet50 1 368
6655602 GPT2-SMALL 1 189
6655615 ResNeXt 1 255
6665511 GPT2-SMALL 4 2501
6691688 ResNeXt 4 163926
6691768 VGG19-I 4 126510
7184854 ResNeXt 2 277510
7184858 GNMT 2 93091
7184862 GPT2-SMALL 2 120895
7184866 VGG19-I 2 125500
7184870 GNMT 2 121620
7184879 BERTLARGE 2 94941
7184883 ResNet50 2 137191
7335489 VGG19-I 1 205
7335494 ResNet50 1 283
7335498 ResNet50 1 198
7335502 ResNet50 1 398
7335507 GPT2-SMALL 1 156
7335515 GNMT 1 131
7335524 ResNet50 1 379
7335528 ResNet50 1 173
7335533 ResNeXt 1 231
7335537 GNMT 1 117
7335542 GNMT 1 131
7335546 BERTLARGE 1 102
7335550 VGG19-I 1 183
7335563 BERTLARGE 1 187
7335567 ResNet50 1 170
7335571 ResNeXt 1 237
7363760 VGG19-I 1 88574
7363765 GNMT 1 61577
7363769 BERTLARGE 1 48146
7363799 GPT2-SMALL 1 69663
7363804 ResNeXt 1 114748
7363808 VGG19-I 1 95099
