max schd: 0.009003, max dp: 0.001279, max job: 41
Job#,Admitted_time,Scheduled_time,JCT,Running_time,fairness(Mm),fairness(1/n),fairness(1/n-down),fairness(GPU_load),fairness(GPU_share),locality(dist),locality(bit),cold_count,wave,gpu_usg,n_avg,round_out,#shuffle,locality(content),iq_ignore,dist_expand,unlucky_expand,lucky_expand,lucky_shrink,model,gpu_req,k_val,rank_irt,ideal_run_time,ooit_inc_p_gpu
Job1,0,0,5094160,5094160,1.00006,1.00006,1.00006,1.02625,1,1,1,1,1,8,1,0,1,1,0,0,0,0,0,GNMT,8,8,157,5093840,0.142
Job2,5355000,5355000,3916107,3916107,1.00025,1.00025,1.00025,1.01031,1,1,1,1,1,8,1,0,1,1,0,0,0,0,0,GPT2_SMALL,8,32,142,3915128,0.139
Job3,20913000,20913000,3968709,3968709,1.00015,1.00015,1.00015,1.02336,1,1,1,1,1,8,1,0,1,1,0,0,0,0,0,ResNet50,8,16,143,3968112,0.13
Job4,29818000,29818000,4923517,4923517,1.00006,1.00006,1.00006,1.02719,1,1,1,1,1,8,1,0,1,1,0,0,0,0,0,GNMT,8,8,154,4923208,0.142
Job5,74931000,74931000,983215,983215,1.00006,1.00006,1.00006,1.15244,1,1,1,1,1,8,1,0,1,1,0,0,0,0,0,GNMT,8,8,65,983160,0.142
Job6,77100000,77100000,1699680,1699680,1.00049,1.00049,1.00049,1.05976,1,1,1,1,1,8,1,0,1,1,0,0,0,0,0,VGG19,8,4,120,1698840,0.136
Job7,160167000,160167000,2413688909,738847583,2.07487,1.41057,1.51633,1.41068,0.441246,1,1,12,5.16551,2.95397,24.0389,6,12,3.26683,0,0,0,0,0,GNMT,8,8,427,298084496,0.142
Job8,160191000,160191000,174092970,174092970,0.564249,0.501026,0.563134,0.501134,1.774,1,1,1,1,8,7.9988,0,1,1,0,0,0,0,0,ResNeXt,8,4,329,173955840,0.13
Job9,160297000,160297000,188259696,188241207,0.572252,0.507082,0.570508,0.507135,1.74851,1,1,3,1.00841,7.96636,7.92645,0,3,1.0001,0,0,0,0,0,GPT2_SMALL,8,32,349,187356152,0.139
Job10,160319000,160319000,194182569,194182569,0.594326,0.523246,0.58939,0.523301,1.68454,1,1,9,1.05116,7.79537,7.8446,0,9,1,0,0,0,0,0,GPT2_SMALL,8,32,355,189011128,0.139
Job11,160345000,160359052,189605712,189591660,0.573443,0.507793,0.571417,0.507846,1.74487,1,1,3,1.00835,7.9666,7.9134,0,3,1.00007,0,0,0,0,0,GPT2_SMALL,8,32,353,188706264,0.139
Job12,160398000,160517005,296055089,286032647,0.965659,0.780136,0.923838,0.78029,1.04207,1,1,6,1.57291,5.70836,7.11015,4,6,1.03504,0,0,0,0,0,ResNeXt,8,4,374,202847220,0.13
Job13,160726000,160750067,503044,478977,0.726958,0.726958,0.726958,0.842641,1.48113,1,1,1,1,8,7,0,1,1.05025,0,0,0,0,0,VGG19,8,4,32,478776,0.136
Job14,161931000,348578762,1089663518,446032754,1.07616,1.15878,0.719652,1.15884,0.772994,1,1,21,6.79677,5.95948,17.0591,5,21,2.44301,0,0,0,0,0,BERTLARGE,16,8,371,199752264,0.083
Job15,167532000,167572202,4312173,4271971,0.519057,0.466755,0.5184,0.473417,1.95607,1,1,1,1,8,8.89659,0,1,1.00941,0,0,0,0,0,GNMT,8,8,145,4271704,0.142
Job16,167549000,167585947,1557089,1520142,0.518937,0.467651,0.518937,0.473194,1.95254,1,1,1,1,8,9,0,1,1.0243,0,0,0,0,0,GPT2_SMALL,8,32,111,1519768,0.139
Job17,169535000,334291406,466534891,300218562,1.07018,0.830282,1.00368,0.830344,0.928898,1,1,7,2.1656,6.69061,8.28157,2,7,1.55398,0,0,0,0,0,BERTLARGE,8,16,413,252591888,0.142
Job18,174264000,174291154,228844,201690,0.633285,0.576659,0.633285,0.644914,1.76269,1,1,1,1,8,9,0,1,1.13463,0,0,0,0,0,BERTLARGE,8,16,5,201680,0.142
Job19,252350000,252387777,4868707,4830930,0.506079,0.455656,0.506079,0.457325,1.98448,1,1,1,1,8,9,0,1,1.00782,0,0,0,0,0,GPT2_SMALL,8,32,151,4829720,0.139
Job20,382593000,382609722,231415218,229368721,0.64269,0.469591,0.592725,0.469677,1.55396,1,1,5,1.62195,6.7561,9.0586,2,5,1.00892,0,0,0,0,0,ResNet50,8,16,362,193995600,0.13
Job21,424438000,424460796,450108874,394020821,0.66218,0.917699,0.606399,0.917942,1.20679,0.989565,0.947827,39,6.99618,4.38883,12.3483,13,39,1.14235,0,32,32,0,0,VGG19,16,2,297,135355474,0.075
Job22,424461000,424488426,49405536,49378110,0.256154,0.343997,0.246101,0.344285,3.91136,1,1,1,1,16,9.16536,0,1,1.00056,0,0,0,0,0,ResNet50,16,8,260,49373216,0.066
Job23,424483000,424601868,82080955,81962087,0.274011,0.389293,0.264865,0.389387,3.40637,0.990919,0.97867,6,1.4151,12.8373,9.89678,0,6,1.00145,0,1,1,0,0,BERTLARGE,16,8,284,70493640,0.083
Job24,425350000,425478544,961002,832458,0.598058,0.417155,0.598058,0.424339,1.73248,0.666667,0,1,1,8,9,0,1,1.15441,0,0,0,0,0,GPT2_SMALL,8,32,47,822936,0.139
Job25,427759000,427761302,354216,351914,1.00717,0.397989,1.00717,0.413797,0.993501,1,1,1,1,1,9,0,1,1.00654,0,0,0,0,0,GPT2_SMALL,1,256,18,351696,1
Job26,429661000,429673541,371473,358932,1.03507,0.433526,1.03507,0.469112,0.96624,1,1,1,1,1,9,0,1,1.03494,0,0,0,0,0,ResNet50,1,128,20,358888,1
Job27,430684000,430712598,1741615,1713017,1.01736,0.388274,1.01736,0.394877,0.98358,1,1,1,1,1,9,0,1,1.01669,0,0,0,0,0,ResNeXt,1,32,121,1711896,1
Job28,438428000,438628351,435071,234720,1.83033,0.83384,1.8282,0.973818,0.549871,1,1,1,1,4,9.18864,0,1,1.85357,0,0,0,0,0,ResNeXt,4,8,9,234632,0.253
Job29,438781000,438809686,574816,546130,1.03891,0.392637,1.03759,0.401973,0.963857,1,1,1,1,4,9.14278,0,1,1.05253,0,0,0,0,0,GPT2_SMALL,4,64,35,545872,0.26
Job30,459722000,614193955,2783581920,289686748,2.47708,2.07627,2.18941,2.07639,0.403554,1,1,6,2.11309,5.91956,26.6812,3,6,9.60894,0,0,0,0,0,ResNeXt,8,4,389,214491264,0.13
Job31,459727000,473866536,230186106,216046570,0.570931,0.456679,0.562389,0.456718,1.74479,1,1,2,2.06196,6.93804,9.79238,0,2,1.06545,0,0,0,0,0,BERTLARGE,8,16,351,188113104,0.142
Job32,459767000,459767091,227399873,227332691,0.551654,0.441212,0.543682,0.441294,1.79078,1,1,3,1.86597,6.70251,9.76244,0,3,1.0003,0,0,0,0,0,VGG19,8,4,361,192847928,0.136
Job33,459770000,614015031,3100259170,481249680,2.55406,2.17311,2.28429,2.17324,0.386337,1,1,14,5.0453,3.79429,26.4027,11,14,6.4421,0,0,0,0,0,ResNet50,8,16,400,231393072,0.13
Job34,459774000,4935455134,6364886291,282270285,4.74802,4.25149,4.38589,4.25171,0.210689,1,1,3,2.12256,6.87744,26.9215,1,3,22.5489,0,0,0,0,0,ResNeXt,8,4,408,242637060,0.13
Job35,664541000,664613397,714326,641929,0.594352,0.498722,0.592899,0.548506,1.88168,1,1,1,1,8,9.44843,0,1,1.11278,0,0,0,0,0,GNMT,8,8,40,641896,0.142
Job36,664935000,664962186,431660,404474,0.565584,0.478504,0.564533,0.534826,2.02426,1,1,1,1,8,9.74208,0,1,1.06721,0,0,0,0,0,VGG19,8,4,27,404312,0.136
Job37,685120000,685153459,246711,213252,0.636812,0.530742,0.636812,0.579349,1.72876,1,1,1,1,8,9,0,1,1.1569,0,0,0,0,0,GPT2_SMALL,8,32,6,213208,0.139
Job38,685529000,685592498,665808799,182003033,0.85901,0.639195,0.769741,0.639219,1.16317,1,1,9,2.48714,6.48269,26.3705,2,9,3.65823,0,0,0,0,0,GPT2_SMALL,8,32,299,147636728,0.139
Job39,685551000,685594000,706738032,217844205,0.878764,0.663682,0.789815,0.663707,1.13375,1,1,4,3.48155,5.51845,26.6972,2,4,3.24424,0,0,0,0,0,GPT2_SMALL,8,32,302,150859576,0.139
Job40,685573000,1565329005,1215807447,334671396,1.04815,0.884336,0.974906,0.88442,0.91452,1,1,4,3.84721,4.53722,28.341,1,4,3.63284,0,0,0,0,0,GNMT,8,8,370,198125168,0.142
Job41,685594000,685599390,879589072,348270241,1.04359,0.828637,0.951221,0.828668,0.946706,1,1,10,5.21417,3.42689,27.5569,3,10,2.52559,0,0,0,0,0,GPT2_SMALL,8,32,303,151033784,0.139
Job42,685632000,685800751,770410880,285899516,0.869268,0.670464,0.785852,0.670519,1.07358,1,1,5,2.83846,4.26015,27.042,2,5,2.69469,0,0,0,0,0,VGG19,8,4,318,163216984,0.136
Job43,688352000,688383725,208365,176640,0.939714,0.517901,0.939714,0.636567,1.22452,1,1,1,1,4,13,0,1,1.1796,0,0,0,0,0,ResNeXt,4,8,4,176584,0.253
Job44,689701000,689815330,56390819,56258337,0.183154,0.277914,0.182592,0.278079,5.7153,0.673794,0.236602,20,2.02212,14.0183,14.7571,0,20,1.00235,0,13,13,0,0,ResNet50,16,8,257,47189328,0.066
Job45,689724000,689845025,126740040,94716007,0.31233,0.447172,0.306142,0.447377,3.07079,0.928522,0.719377,34,2.91729,9.56026,15.7858,1,34,1.33811,0,28,28,0,0,VGG19,16,2,273,59118754,0.075
Job46,689746000,690088081,51514990,51172909,0.164039,0.249171,0.163752,0.249219,6.47888,0.706004,0.0609494,9,1.05121,15.7615,14.923,0,9,1.00668,0,15,15,0,0,GPT2_SMALL,16,16,258,47466016,0.072
Job47,691795000,691796010,170390,169380,0.733765,0.352224,0.733765,0.416852,1.65679,1,1,1,1,4,15,0,1,1.00596,0,0,0,0,0,ResNeXt,4,8,3,169328,0.253
Job48,692106000,692106637,352127,351490,0.316207,0.239728,0.316088,0.246784,3.34937,0.666667,0,1,1,8,15.1054,0,1,1.00181,0,1,1,0,0,BERTLARGE,8,16,22,361360,0.142
Job49,692421000,692440417,1452433,1433016,0.309556,0.232725,0.309525,0.234189,3.29403,1,1,1,1,8,15.0256,0,1,1.01355,0,0,0,0,0,GPT2_SMALL,8,32,103,1432664,0.139
Job50,694484000,694492782,1490684,1481902,0.316118,0.238289,0.316118,0.241963,3.3137,1,1,1,1,8,15,0,1,1.00593,0,0,0,0,0,VGG19,8,4,109,1481176,0.136
Job51,696484000,696484802,1260262,1259460,0.305416,0.232104,0.305109,0.236016,3.44982,1,1,1,1,8,15.5501,0,1,1.00064,0,0,0,0,0,ResNet50,8,16,95,1259280,0.13
Job52,697051000,697061024,1123852,1113828,0.311889,0.23746,0.31159,0.242063,3.43608,0.666667,0,1,1,8,15.6169,0,1,1.009,0,1,1,0,0,ResNet50,8,16,80,1103376,0.13
Job53,698615000,698616444,1219022,1217578,0.316395,0.241216,0.315449,0.247585,3.47411,0.666667,0,1,1,8,15.7006,0,1,1.00119,0,2,2,0,0,GNMT,8,8,88,1200328,0.142
Job54,699333000,699350669,1755393,1737724,0.290993,0.225144,0.290689,0.228961,3.69291,0.666667,0,1,1,8,16.805,0,1,1.01017,0,11,11,0,0,GNMT,8,8,122,1712224,0.142
Job55,699481000,699501152,928724,908572,0.275305,0.21242,0.274888,0.21448,3.64473,0.666667,0,1,1,8,16.7908,0,1,1.02218,0,2,2,0,0,BERTLARGE,8,16,62,936208,0.142
Job56,700154000,700170927,2039663,2022736,0.273253,0.209128,0.272604,0.210033,3.60133,0.666667,0,1,1,8,16.3808,0,1,1.00837,0,5,5,0,0,BERTLARGE,8,16,127,2085904,0.142
Job57,700284000,700298537,1626165,1611628,0.296089,0.228396,0.295678,0.232644,3.64455,0.5,0,1,1,8,16.572,0,1,1.00902,0,6,6,0,0,GNMT,8,8,114,1588128,0.142
Job58,709407000,709423080,31753408,31737328,0.604319,0.232807,0.604157,0.232926,1.6731,0.5,0,1,1,4,15.0696,0,1,1.00051,0,7,7,0,0,VGG19,4,8,247,31417456,0.258
Job59,713792000,713792282,1036646,1036364,0.312915,0.245774,0.312915,0.251437,3.55459,0.4,0,1,1,8,16,0,1,1.00027,0,0,0,0,0,VGG19,8,4,69,1000024,0.136
Job60,714902000,714962088,1173916,1113828,0.317866,0.249425,0.317866,0.254288,3.37356,0.4,0,1,1,8,16,0,1,1.05395,0,0,0,0,0,ResNet50,8,16,81,1103376,0.13
Job61,761374000,761403996,182249264,90759762,0.434636,0.596563,0.430978,0.596641,2.277,0.927721,0.783163,7,2.47569,8.87615,18.7018,3,7,2.00804,0,1,1,0,0,GPT2_SMALL,16,16,264,50910736,0.072
Job62,761395000,761418000,145277166,137833291,0.307302,0.423185,0.304873,0.423345,2.90533,0.948141,0.751599,19,7.06901,6.06168,18.3314,7,19,1.05401,0,61,61,0,0,VGG19,16,2,272,58601828,0.075
Job63,761418000,761606991,155087281,147477834,0.319598,0.438884,0.317078,0.439045,2.53407,0.883288,0.634786,19,6.97469,5.24444,18.4379,7,19,1.0516,0,57,57,0,0,VGG19,16,2,275,59801412,0.075
Job64,761440000,1102143207,450095099,109391892,0.694222,1.00631,0.639069,1.0064,1.42974,1,1,3,3.63495,8.65682,26.5749,0,3,4.11452,0,0,0,0,0,GPT2_SMALL,16,16,274,59666992,0.072
Job65,761462000,761493031,45965394,45934363,0.129438,0.178371,0.129127,0.178398,7.76264,1,1,7,1.06521,15.6902,17.8657,0,7,1.00068,0,0,0,0,0,GPT2_SMALL,16,16,255,44865808,0.072
Job66,769372000,769379280,1037006,1029726,0.263911,0.185319,0.263724,0.187837,4.08996,0.666667,0,1,1,8,18.5484,0,1,1.00707,0,14,14,0,0,ResNeXt,8,4,70,1010784,0.13
Job67,769390000,769403867,246411,232544,0.364817,0.267887,0.364817,0.298741,3.98461,1,1,1,1,8,19,0,1,1.05963,0,0,0,0,0,VGG19,8,4,8,232472,0.136
Job68,769748000,769769594,322237,300643,0.378903,0.279285,0.378903,0.314749,3.93928,1,1,1,1,8,19,0,1,1.07183,0,0,0,0,0,GNMT,8,8,13,300632,0.142
Job69,772693000,772695095,1172387,1170292,0.277477,0.193935,0.277477,0.198198,3.99285,0.666667,0,1,1,8,18,0,1,1.00179,0,0,0,0,0,GNMT,8,8,83,1153792,0.142
Job70,774276000,774276678,877217,876539,0.261938,0.181994,0.261938,0.183478,3.99691,0.666667,0,1,1,8,18,0,1,1.00077,0,0,0,0,0,GPT2_SMALL,8,32,51,866488,0.139
Job71,778230000,778230376,956692,956316,0.271796,0.189659,0.271796,0.193104,3.99843,0.666667,0,1,1,8,18,0,1,1.00039,0,0,0,0,0,ResNet50,8,16,64,947472,0.13
Job72,779879000,779880566,1049846,1048280,0.278575,0.194476,0.278545,0.19796,4.00243,0.666667,0,1,1,8,18.0399,0,1,1.00149,0,5,5,0,0,VGG19,8,4,71,1011480,0.136
Job73,780887000,780912596,1129061,1103465,0.254324,0.180959,0.253881,0.183161,4.23141,0.5,0,1,1,8,19.5176,0,1,1.0232,0,41,41,0,0,ResNeXt,8,4,78,1083060,0.13
Job74,781150000,781168871,865545,846674,0.232738,0.166587,0.232699,0.167945,4.33174,0.666667,0,1,1,8,19.9307,0,1,1.02229,0,3,3,0,0,BERTLARGE,8,16,54,872336,0.142
Job75,781210000,781229424,1250847,1231423,0.258506,0.183713,0.257867,0.187289,4.20904,1,1,1,1,8,19.2884,0,1,1.01577,0,0,0,0,0,GNMT,8,8,94,1231352,0.142
Job76,783887000,783887653,904979,904326,0.259225,0.180131,0.259225,0.181649,3.99711,1,1,1,1,8,18,0,1,1.00072,0,0,0,0,0,BERTLARGE,8,16,59,904272,0.142
Job77,785741000,785743563,1021699,1019136,0.265475,0.184899,0.265475,0.187443,3.98997,1,1,1,1,8,18,0,1,1.00251,0,0,0,0,0,ResNeXt,8,4,72,1018392,0.13
Job78,786949000,786952191,129317,126126,0.333794,0.238475,0.333794,0.256955,3.9013,1,1,1,1,8,18,0,1,1.0253,0,0,0,0,0,GPT2_SMALL,8,32,1,126104,0.139
Job79,787451000,787451574,1192342,1191768,0.250603,0.17521,0.250422,0.176298,4.09988,1,1,1,1,8,18.4718,0,1,1.00048,0,0,0,0,0,BERTLARGE,8,16,87,1191696,0.142
Job80,788067000,788087411,158225,137814,0.354349,0.256506,0.354349,0.275247,3.67756,1,1,1,1,8,19,0,1,1.14811,0,0,0,0,0,BERTLARGE,8,16,2,137808,0.142
Job81,788239000,788391900,19486867,19333967,0.247171,0.172294,0.246723,0.172439,4.06299,1,1,1,1,8,18.4616,0,1,1.00791,0,0,0,0,0,VGG19,8,4,231,19323896,0.136
Job82,803078000,803113267,53803769,53768502,0.273539,0.200503,0.272916,0.200535,3.65234,1,1,3,1.22964,7.52585,17.5224,0,3,1.00066,0,0,0,0,0,BERTLARGE,8,16,263,50660560,0.142
Job83,803485000,803512891,63163444,63135553,0.274228,0.200535,0.273376,0.200596,3.6386,1,1,2,1.20068,7.59864,17.2999,0,2,1.00044,0,0,0,0,0,VGG19,8,4,276,60170264,0.136
Job84,849033000,849066240,1617740,1584500,0.267341,0.203131,0.267189,0.205584,4.07391,0.666667,0,1,1,8,18.728,0,1,1.02098,0,1,1,0,0,VGG19,8,4,112,1527000,0.136
Job85,849473000,849479872,1416035,1409163,0.255055,0.194109,0.254953,0.196534,4.16281,0.666667,0,1,1,8,18.8317,0,1,1.00488,0,1,1,0,0,ResNet50,8,16,102,1395696,0.13
Job86,851127000,851129466,1372251,1369785,0.266101,0.20045,0.266101,0.203121,3.99281,0.666667,0,1,1,8,18,0,1,1.0018,0,0,0,0,0,ResNet50,8,16,99,1356720,0.13
Job87,854203000,854206823,1725785,1721962,0.269787,0.203373,0.269787,0.206537,3.99114,0.666667,0,1,1,8,18,0,1,1.00222,0,0,0,0,0,GNMT,8,8,119,1696712,0.142
Job88,866371000,874550125,143087683,123017292,0.230584,0.317454,0.225861,0.317546,3.70486,1,1,12,3.90625,6.83147,23.1838,1,12,1.16315,0,0,0,0,0,VGG19,16,2,277,61600788,0.075
Job89,866392000,916505281,121884881,70081062,0.263235,0.358375,0.258305,0.358417,3.79421,1,1,5,3.5692,10.7494,22.5217,1,5,1.7392,0,0,0,0,0,GPT2_SMALL,16,16,256,47177104,0.072
Job90,866401000,866405929,859981,855052,0.240528,0.162184,0.240353,0.16626,4.80083,0.666667,0,1,1,8,21.7447,0,1,1.00576,0,2,2,0,0,GNMT,8,8,50,843552,0.142
Job91,866414000,875092593,185861241,160520005,0.269252,0.377834,0.260143,0.377873,3.19328,1,1,11,7.52639,5.56049,24.7761,4,11,1.15787,0,0,0,0,0,BERTLARGE,16,8,280,64928568,0.083
Job92,866436000,874550125,144764654,124804340,0.2245,0.309455,0.219918,0.309489,3.73867,1,1,7,5.81042,6.86356,23.2198,1,7,1.15993,0,0,0,0,0,BERTLARGE,16,8,278,63832104,0.083
Job93,866460000,916620434,192334233,74944097,0.359184,0.504841,0.345713,0.505,2.7946,1,1,6,6.15197,10.663,25.1575,2,6,2.56637,0,0,0,0,0,ResNet50,16,8,261,49866352,0.066
Job94,866761000,866794701,635615,601914,0.249368,0.167789,0.2493,0.171873,4.59558,0.666667,0,1,1,8,21.8442,0,1,1.05599,0,2,2,0,0,ResNet50,8,16,38,596688,0.13
Job95,867360000,867396615,7692069,7655454,0.203005,0.134812,0.20286,0.134912,4.79477,0.666667,0,1,1,8,21.6951,0,1,1.00478,0,5,5,0,0,BERTLARGE,8,16,187,7898256,0.142
Job96,869528000,869532991,5028266,5023275,0.210721,0.140931,0.210691,0.141228,4.89962,0.666667,0,1,1,8,22.0733,0,1,1.00099,0,3,3,0,0,ResNeXt,8,4,155,4925100,0.13
Job97,872362000,872370796,378100,369304,0.446507,0.161415,0.446507,0.166022,2.4961,0.5,0,1,1,4,23,0,1,1.02382,0,0,0,0,0,ResNet50,4,32,23,370920,0.255
Job98,874643000,1009516415,263158545,86405338,0.418644,0.614119,0.395842,0.614177,2.37996,1,1,4,4.30351,9.68554,28.4938,1,4,3.04563,0,0,0,0,0,GPT2_SMALL,16,16,266,52533088,0.072
Job99,894766000,894938129,1295135,1123006,0.272138,0.181134,0.272012,0.184488,4.1073,0.666667,0,1,1,8,21.3259,0,1,1.15328,0,2,2,0,0,GNMT,8,8,82,1107256,0.142
Job100,895639000,895669533,50017782,49987249,0.249276,0.169105,0.248667,0.169156,4.01858,1,1,2,1.2207,7.1172,20.3889,0,2,1.00061,0,0,0,0,0,ResNet50,8,16,254,44464176,0.13
Job101,922907000,923045911,1635514,1496603,0.243631,0.168348,0.243631,0.169079,4.06696,0.666667,0,1,1,8,20,0,1,1.09282,0,0,0,0,0,BERTLARGE,8,16,113,1542992,0.142
Job102,929244000,1493739149,841782030,235142535,0.768901,0.710722,0.760327,0.710746,1.2955,1,1,5,3.46201,5.40072,31.2627,1,5,3.57988,0,0,0,0,0,GPT2_SMALL,8,32,312,159395768,0.139
Job103,934655000,2099343809,1457961436,262425888,1.18551,1.13168,1.17459,1.13175,0.842847,1,1,3,3.42506,5.57494,30.5191,1,3,5.55571,0,0,0,0,0,ResNeXt,8,4,340,183085440,0.13
Job104,935524000,2301772106,2117531266,659566855,1.36935,1.31926,1.35627,1.31937,0.66329,1,1,6,6.00737,2.58938,29.8917,3,6,3.21049,0,0,0,0,0,GNMT,8,8,402,235152312,0.142
Job105,949204000,949258802,1332764,1277962,0.230686,0.170368,0.230496,0.173247,4.71751,1,1,1,1,8,22.1578,0,1,1.04288,0,0,0,0,0,GNMT,8,8,96,1277888,0.142
Job106,949260000,949262140,1683440,1681300,0.209324,0.155337,0.208355,0.157223,5.09425,1,1,1,1,8,23.0618,0,1,1.00127,0,0,0,0,0,GNMT,8,8,118,1681200,0.142
Job107,950402000,1194127167,495544478,251819311,0.457247,0.408931,0.452622,0.408946,2.0807,0.862868,0.588604,5,3.60718,4.6363,32.1181,0,5,1.96786,0,8,8,0,0,BERTLARGE,8,16,305,153430608,0.142
Job108,950424000,1211810073,742563600,269898695,0.672294,0.623172,0.667082,0.623219,1.47597,1,1,7,3.78777,4.65235,31.6681,4,7,2.75127,0,0,0,0,0,ResNet50,8,16,311,158254608,0.13
Job109,950518000,6224254026,6362664924,348685678,4.07676,3.57364,3.63684,3.57379,0.245347,1,1,5,1.65997,6.78284,26.636,3,5,18.2476,0,0,0,0,0,ResNeXt,8,4,426,295630584,0.13
Job110,950579000,3409309554,5602719751,396184761,3.67877,3.53733,3.60407,3.53742,0.270253,1,1,15,3.58004,4.91472,28.5749,8,15,14.1417,0,0,0,0,0,GPT2_SMALL,8,32,409,244844792,0.139
Job111,950600000,6821536868,6220923648,329254700,4.00542,3.63682,3.70154,3.63691,0.249179,1,1,8,1.48302,6.77433,27.0731,2,8,18.894,0,0,0,0,0,GPT2_SMALL,8,32,421,279381528,0.139
Job112,953459000,1009516415,136746926,80689511,0.204507,0.313674,0.199521,0.313703,4.86114,1,1,4,2.53222,9.88408,30.7557,0,4,1.69473,0,0,0,0,0,GPT2_SMALL,16,16,262,50177344,0.072
Job113,953481000,1009516415,240646167,149433456,0.236881,0.385839,0.232629,0.385871,3.4448,1,1,4,7.26833,6.29051,32.3279,1,4,1.61039,0,0,0,0,0,BERTLARGE,16,8,285,72045240,0.083
Job114,975689000,975728570,1348558,1308988,0.18064,0.133716,0.18064,0.135462,6.03965,1,1,1,1,8,28,0,1,1.03023,0,0,0,0,0,GNMT,8,8,97,1308912,0.142
Job115,978710000,1194127167,565559281,322958952,0.474274,0.436505,0.470641,0.436537,1.93731,1,1,5,3.08744,3.82402,32.1848,1,5,1.75118,0,0,0,0,0,VGG19,8,4,325,168097240,0.136
Job116,1017009000,1017097945,1557307,1468362,0.191806,0.151416,0.191806,0.152529,5.44778,1,1,1,1,8,26,0,1,1.06057,0,0,0,0,0,ResNeXt,8,4,105,1467264,0.13
Job117,1021128000,1693024743,1253462464,255403752,0.980346,0.952131,0.974188,0.952159,1.01699,1,1,7,3.20042,5.79958,31.1776,5,7,4.90777,0,0,0,0,0,GPT2_SMALL,8,32,344,185744728,0.139
Job118,1023904000,1023924529,1608751,1588222,0.181191,0.144322,0.181191,0.146025,5.92344,1,1,1,1,8,27,0,1,1.01293,0,0,0,0,0,GNMT,8,8,115,1588128,0.142
Job119,1032786000,1632304805,955947066,318906407,0.722231,0.697752,0.718742,0.697774,1.31367,0.880911,0.642734,4,3.55271,4.47408,31.839,1,4,2.99758,0,7,7,0,0,BERTLARGE,8,16,350,188017296,0.142
Job120,1032917000,1032918605,790056,788451,0.179251,0.144021,0.179251,0.146559,6.20958,1,1,1,1,8,28,0,1,1.00204,0,0,0,0,0,VGG19,8,4,44,788088,0.136
Job121,1033891000,1194127167,591186547,246444981,0.543805,0.516032,0.541604,0.51605,1.82877,1,1,4,4.13091,4.86909,32.5671,2,4,2.39886,0,0,0,0,0,GPT2_SMALL,8,32,301,150859576,0.139
Job122,1036193000,1052275241,139496553,123303308,0.132491,0.227148,0.132336,0.227166,6.71908,1,1,4,6.59445,7.7146,35.5135,0,4,1.13133,0,0,0,0,0,BERTLARGE,16,8,281,66831864,0.083
Job123,1036216000,1052275241,65925694,49866453,0.0919361,0.152922,0.0919142,0.152964,10.9003,1,1,2,1.92334,14.1533,36.6633,0,2,1.32204,0,0,0,0,0,ResNet50,16,8,253,44129872,0.066
Job124,1036246000,1194127167,457490867,272533306,0.407698,0.382115,0.406075,0.382128,2.37928,0.953146,0.906293,7,3.80157,4.36871,33.0437,1,7,1.67866,0,1,1,0,0,BERTLARGE,8,16,306,153462544,0.142
Job125,1036268000,1194127167,452356952,294351579,0.378083,0.354141,0.376577,0.354167,2.4694,1,1,5,3.11054,4.14809,33.0669,0,5,1.53679,0,0,0,0,0,VGG19,8,4,319,163554936,0.136
Job126,1036305000,3409349564,3535051865,457261474,2.40877,2.32795,2.37262,2.32809,0.410538,1,1,13,4.27917,3.997,29.0216,6,13,7.73092,0,0,0,0,0,ResNet50,8,16,398,231100752,0.13
Job127,1036326000,3409309554,5320171359,355367491,3.56794,3.45299,3.50469,3.45316,0.279965,1,1,6,3.50021,5.31843,28.8828,3,6,14.9709,0,0,0,0,0,ResNeXt,8,4,403,236573484,0.13
Job128,1036368000,1625077547,965389592,372199681,0.680733,0.658413,0.677487,0.658455,1.36929,1,1,5,3.28411,4.03637,31.828,1,5,2.59374,0,0,0,0,0,VGG19,8,4,372,201548760,0.136
Job129,1036388000,3092959007,2414512179,333591067,1.77819,1.72619,1.7517,1.72628,0.571984,0.777574,0.398735,9,3.79115,5.20885,29.0453,7,9,7.23794,0,144,144,0,0,ResNeXt,8,4,387,213616344,0.13
Job130,1037155000,2165860720,1551338718,369099840,1.19121,1.16056,1.17975,1.16064,0.830681,1,1,4,4.42117,4.17238,30.4169,1,4,4.20303,0,0,0,0,0,ResNet50,8,16,364,194619216,0.13
Job131,1046277000,1046278323,222405,221082,0.191872,0.157604,0.191872,0.168979,8.39421,1,1,1,1,8,38,0,1,1.00598,0,0,0,0,0,VGG19,8,4,7,221016,0.136
Job132,1059747000,1625077547,1027595082,430801692,0.717628,0.701192,0.714062,0.701254,1.30868,1,1,8,4.3828,3.57211,31.6169,2,8,2.38531,0,0,0,0,0,GNMT,8,8,379,204934936,0.142
Job133,1060260000,1692987600,898451273,265566420,0.717192,0.697227,0.713957,0.697275,1.39935,0.790887,0.372662,2,3.60863,5.39137,31.7553,0,2,3.38315,0,17,17,0,0,ResNet50,8,16,333,178405200,0.13
Job134,1271430000,7365199150,6863280796,735997527,3.06302,2.03612,2.07151,2.03617,0.32738,1,1,12,1.32573,6.90007,23.5519,6,12,9.32514,0,0,0,0,0,ResNeXt,8,4,434,633102444,0.13
Job135,1277193000,1277484612,65119044,64827432,0.134545,0.134429,0.134429,0.134454,7.51817,0.666667,0,1,1,8,34.0132,0,1,1.0045,0,16,16,0,0,ResNet50,8,16,279,64166544,0.13
Job136,1282302000,1493739149,479378154,225855276,0.437725,0.437918,0.436534,0.437954,2.27318,1,1,3,3.43331,5.56669,31.2874,1,3,2.1225,0,0,0,0,0,ResNet50,8,16,310,158020752,0.13
Job137,1298414000,1342327223,333637603,273206128,0.304793,0.304485,0.304186,0.304512,3.15122,1,1,7,4.04079,4.38252,31.6743,2,7,1.22119,0,0,0,0,0,VGG19,8,4,307,155908056,0.136
Job138,1305782000,1306063021,27186753,26905732,0.126072,0.126072,0.126072,0.126096,7.69738,0.5,0,1,1,8,35,0,1,1.01044,0,0,0,0,0,BERTLARGE,8,16,246,27762448,0.142
Job139,1455865000,1455876341,1226542,1215201,0.15496,0.15494,0.15494,0.155707,6.63607,1,1,1,1,8,30.145,0,1,1.00933,0,0,0,0,0,GPT2_SMALL,8,32,90,1214904,0.139
Job140,1458680000,6969318358,5981891222,422636402,3.85651,3.23293,3.25938,3.23306,0.259774,1,1,3,2.28295,6.08657,25.7312,1,3,14.1538,0,0,0,0,0,ResNeXt,8,4,430,321026088,0.13
Job141,1458685000,6969318358,5906479421,395846063,3.71398,3.21415,3.24133,3.21422,0.268581,1,1,3,2.27259,6.36115,25.9874,0,3,14.9212,0,0,0,0,0,GPT2_SMALL,8,32,429,315573240,0.139
Job142,1464009000,1565400683,327805538,213538668,0.296594,0.297409,0.296002,0.29742,3.36449,1,1,6,2.83587,6.09938,30.5452,2,6,1.53511,0,0,0,0,0,GPT2_SMALL,8,32,317,163184792,0.139
Job143,1474834000,1475101187,5165656,4898469,0.145843,0.145843,0.145843,0.146153,6.95403,1,1,1,1,8,33,0,1,1.05455,0,0,0,0,0,ResNeXt,8,4,152,4894668,0.13
Job144,1523000000,1523184659,91270329,91085670,0.143766,0.144188,0.143665,0.144197,6.96008,1,1,1,1,8,31.4059,0,1,1.00203,0,0,0,0,0,GPT2_SMALL,8,32,290,91062680,0.139
Job145,1532466000,3053057849,2256053884,569732247,1.43498,1.40851,1.41682,1.40863,0.646884,1,1,19,4.59547,3.34187,27.948,10,19,3.95985,0,0,0,0,0,GNMT,8,8,416,256496824,0.142
Job146,1551836000,1692987600,585009524,417267278,0.443522,0.44519,0.441486,0.445204,2.18161,1,1,4,4.95111,3.62528,30.5129,1,4,1.402,0,0,0,0,0,BERTLARGE,8,16,366,195458384,0.142
Job147,1565151000,1565164073,249683,236610,1.05547,0.203525,1.05547,0.21584,0.947642,1,1,1,1,1,32.1285,0,1,1.05525,0,0,0,0,0,VGG19,1,32,11,236560,1
Job148,1567573000,1567726856,11645106,11491250,1.01341,0.1469,1.01341,0.146965,0.986788,1,1,1,1,1,32,0,1,1.01339,0,0,0,0,0,BERTLARGE,1,128,217,11491000,1
Job149,1623613000,3409277473,5136434208,346931612,3.57082,3.43578,3.46797,3.43595,0.2799,0.99421,0.98842,11,2.96549,5.55033,27.6757,8,11,14.8053,0,1,1,0,0,ResNeXt,8,4,406,240887220,0.13
Job150,1655445000,1655605361,42249403,42089042,1.00411,0.152983,1.00411,0.153022,0.996204,1,1,1,1,1,30.4527,0,1,1.00381,0,0,0,0,0,VGG19,1,32,251,42076432,1
Job151,1674772000,1674825213,4486239,4433026,0.152803,0.156477,0.152109,0.15719,6.8204,0.666667,0,1,1,8,31.2027,0,1,1.012,0,0,0,0,0,GNMT,8,8,147,4364776,0.142
Job152,1678349000,1697694403,822322249,437939477,0.575483,0.573267,0.570421,0.573305,1.66241,0.895834,0.687503,5,3.72271,3.92222,28.9051,1,5,1.87771,0,54,54,0,0,VGG19,8,4,396,224512312,0.136
Job153,1722444000,1722470253,376899809,350290748,0.310123,0.311243,0.308535,0.311266,3.21316,0.866196,0.598589,4,4.6932,4.05834,30.8258,1,4,1.07596,0,57,57,0,0,ResNet50,8,16,334,178405200,0.13
Job154,1722447000,1722448699,207252671,207250972,0.179072,0.178512,0.178254,0.178519,5.54558,1,1,3,2.3706,6.49333,30.8869,0,3,1.00001,0,0,0,0,0,BERTLARGE,8,16,327,169430544,0.142
Job155,1835122000,1835141026,10588440,10569414,1.00248,0.149138,1.00248,0.149295,0.998203,1,1,1,1,1,31.3075,0,1,1.0018,0,0,0,0,0,ResNeXt,1,32,203,10562232,1
Job156,1839525000,2301696907,960386279,421554669,0.760656,0.755055,0.754133,0.755108,1.29813,1,1,6,4.6936,3.69702,29.0471,1,6,2.2782,0,0,0,0,0,ResNet50,8,16,369,197367024,0.13
Job157,1839529000,2165857564,713006959,306096943,0.589573,0.586521,0.583755,0.58654,1.68672,0.952878,0.905755,4,3.7785,4.93877,28.9247,1,4,2.32935,0,1,1,0,0,GPT2_SMALL,8,32,357,190056376,0.139
Job158,1839665000,7171527865,5713117285,381254420,3.661,2.91456,2.94135,2.91467,0.27371,1,1,2,1.16411,7.34356,25.0266,0,2,14.9851,0,0,0,0,0,ResNeXt,8,4,431,349312632,0.13
Job159,1839690000,2087343424,602941453,324516783,0.496843,0.495564,0.492828,0.49558,1.99977,1,1,3,4.37764,4.62236,29.173,1,3,1.85797,0,0,0,0,0,GPT2_SMALL,8,32,354,188749816,0.139
Job160,1874662000,1929699671,291195564,235920746,0.259898,0.261025,0.258345,0.261043,3.8911,0.856893,0.587362,9,3.10378,5.66355,30.712,0,9,1.23429,0,196,196,0,0,ResNeXt,8,4,323,165218052,0.13
Job161,1886264000,1929699671,334822893,282924759,0.26883,0.269662,0.267212,0.26969,3.59334,0.849283,0.713305,11,2.95714,5.10235,30.1854,3,11,1.18343,0,4,4,0,0,GNMT,8,8,345,186909992,0.142
Job162,2055340000,2165870767,749073738,558020143,0.51748,0.513965,0.513382,0.514011,1.78482,1,1,5,5.35493,3.06173,28.3961,1,5,1.34238,0,0,0,0,0,GNMT,8,8,399,231336360,0.142
Job163,2057158000,2057158918,11088368,11087450,0.946492,0.147435,1.00023,0.147562,1.05702,1,1,1,1,1,35.4605,0,1,1.00008,0,0,0,0,0,ResNet50,1,128,214,11085800,1
Job164,2063247000,2063275270,7374292,7346022,0.894032,0.144953,0.893902,0.14505,1.11986,1,1,1,1,1,40.4762,0,1,1.00385,0,0,0,0,0,GPT2_SMALL,1,256,179,7341008,1
Job165,2063257000,2063275270,8672037,8653767,0.901683,0.145422,0.900995,0.145605,1.11077,1,1,1,1,1,40.103,0,1,1.00211,0,0,0,0,0,ResNeXt,1,32,191,8647896,1
Job166,2063266000,2063275270,8579748,8570478,0.899938,0.145262,0.899241,0.145446,1.11294,1,1,1,1,1,40.1405,0,1,1.00108,0,0,0,0,0,ResNeXt,1,32,189,8564664,1
Job167,2063274000,2063275270,6393550,6392280,0.885398,0.144366,0.885232,0.144477,1.1309,1,1,1,1,1,40.7283,0,1,1.0002,0,0,0,0,0,GPT2_SMALL,1,256,167,6387920,1
Job168,2063284000,2063447960,10957478,10793518,0.934136,0.147576,0.938452,0.147705,1.07119,1,1,1,1,1,38.9674,0,1,1.01519,0,0,0,0,0,ResNet50,1,128,207,10791912,1
Job169,2063314000,2063358734,10977706,10932972,0.924238,0.146043,0.928813,0.14618,1.08285,1,1,1,1,1,38.9482,0,1,1.00409,0,0,0,0,0,VGG19,1,32,211,10929712,1
Job170,2063323000,2063358734,8624762,8589028,0.902419,0.145488,0.901641,0.145647,1.10915,1,1,1,1,1,40.1305,0,1,1.00416,0,0,0,0,0,ResNet50,1,128,190,8587752,1
Job171,2063334000,2063357969,11259695,11235726,0.924885,0.14597,0.932293,0.146112,1.08252,1,1,1,1,1,38.7415,0,1,1.00213,0,0,0,0,0,ResNeXt,1,32,215,11228088,1
Job172,2063344000,2063357969,10072657,10058688,0.914589,0.145381,0.915949,0.145517,1.09417,1,1,1,1,1,39.3858,0,1,1.00139,0,0,0,0,0,ResNet50,1,128,201,10057192,1
Job173,2063361000,2063405959,10975292,10930333,0.924927,0.146176,0.929869,0.146323,1.0825,1,1,1,1,1,38.9209,0,1,1.00411,0,0,0,0,0,ResNeXt,1,32,210,10922904,1
Job174,2134997000,2135086318,166699907,166610589,0.159953,0.159885,0.159885,0.159899,6.25536,1,1,2,1.07572,7.92428,28.4453,0,2,1.00054,0,0,0,0,0,ResNet50,8,16,322,165016944,0.13
Job175,2135003000,2135079563,228674195,228514419,0.207561,0.207386,0.207386,0.207404,4.84342,0.792131,0.376393,3,1.64588,6.22494,28.0536,0,3,1.0007,0,32,32,0,0,VGG19,8,4,332,176952728,0.136
Job176,2227070000,2301696907,833043140,540626888,0.618751,0.612292,0.614804,0.612311,1.53497,1,1,8,5.47808,3.03019,28.2801,5,8,1.54088,0,0,0,0,0,BERTLARGE,8,16,390,215641936,0.142
Job177,2227073000,6587656646,4704981744,344398098,3.36995,3.1809,3.2173,3.18106,0.296495,1,1,2,3.31383,5.68617,26.8615,0,2,13.6615,0,0,0,0,0,ResNeXt,8,4,410,245052600,0.13
Job178,2497147000,2497211799,286156487,285795985,0.232192,0.229967,0.231234,0.229985,4.00313,0.853395,0.706791,4,2.29929,4.89985,29.5708,0,4,1.00126,0,1,1,0,0,VGG19,8,4,352,188403000,0.136
Job179,2497150000,2573855909,595585410,492355905,0.455857,0.450733,0.453262,0.450777,1.9955,1,1,5,4.93365,3.02285,28.9122,2,5,1.20966,0,0,0,0,0,GNMT,8,8,378,204624696,0.142
Job180,2497154000,2588506593,532702315,291717867,0.454607,0.450341,0.453121,0.45037,2.19941,1,1,4,3.43266,4.93546,29.3917,2,4,1.82609,0,0,0,0,0,ResNeXt,8,4,336,180057456,0.13
Job181,2497157000,2497257137,186573215,186473078,0.18009,0.180047,0.179644,0.180054,5.48782,1,1,3,1.40892,6.75711,29.3259,0,3,1.00054,0,0,0,0,0,BERTLARGE,8,16,313,159402640,0.142
Job182,2497167000,2497167000,386220759,373740563,0.300373,0.296756,0.299249,0.296786,3.14938,0.791117,0.489729,9,3.57292,3.94837,29.7854,4,9,1.03339,0,30,30,0,0,GNMT,8,8,365,195100328,0.142
Job183,2497171000,2573855909,444075589,355468801,0.330251,0.326758,0.329153,0.326781,2.83145,1,1,6,2.86559,4.30432,29.683,3,6,1.24927,0,0,0,0,0,VGG19,8,4,377,204613240,0.136
Job184,2497175000,2497392787,185182038,184964251,0.181974,0.181934,0.181523,0.181941,5.48336,1,1,3,1.40543,6.75369,29.3358,0,3,1.00118,0,0,0,0,0,GPT2_SMALL,8,32,308,156521336,0.139
Job185,2497178000,3029926691,789219741,256471050,0.625013,0.613832,0.617092,0.613851,1.59765,1,1,9,2.03557,6.50615,27.5524,0,9,3.07723,0,0,0,0,0,GPT2_SMALL,8,32,381,208914392,0.139
Job186,2572871000,2572956788,12495932,12410144,1.00706,0.155868,1.00706,0.155995,0.993135,1,1,1,1,1,30.0788,0,1,1.00691,0,0,0,0,0,ResNet50,1,128,220,12408296,1
Job187,2672335000,2672359158,1405958,1381800,0.637592,0.165527,0.637592,0.166192,1.58343,1,1,1,1,2,29,0,1,1.01748,0,0,0,0,0,GPT2_SMALL,2,128,101,1381584,0.5
Job188,2674123000,2674135261,367061,354800,0.694352,0.197652,0.694352,0.205394,1.55729,1,1,1,1,2,29,0,1,1.03456,0,0,0,0,0,VGG19,2,16,19,354672,0.5
Job189,2676113000,2683730215,668549120,351238281,0.506478,0.494787,0.499905,0.494834,1.90379,0.8724,0.617783,10,2.80096,4.91465,26.8926,1,10,1.90341,1,24,24,0,0,GNMT,8,8,395,223890600,0.142
Job190,2714355000,2714416268,138221087,138159819,0.112489,0.218806,0.112184,0.218851,7.80214,0.750691,0.501381,3,2.61609,9.0547,31.1182,0,3,1.00044,0,16,16,0,0,VGG19,16,2,288,89207004,0.075
Job191,2714838000,3053057849,650661620,304302990,0.528754,0.515505,0.521609,0.515521,1.88201,0.995273,0.990546,10,2.34791,5.48285,26.784,5,10,2.1382,0,1,1,0,0,GPT2_SMALL,8,32,383,209611224,0.139
Job192,2714962000,3409277473,1904183640,359765217,1.36326,1.31092,1.34024,1.31099,0.733635,0.990143,0.980287,13,3.73658,5.10705,27.8419,6,13,5.29285,0,1,1,0,0,ResNeXt,8,4,397,229699656,0.13
Job193,2755141000,3060352418,1131173882,643884461,0.725099,0.704432,0.714941,0.704489,1.27502,0.94591,0.888546,28,5.11589,3.05662,26.7564,10,28,1.7568,0,3,3,0,0,GNMT,8,8,420,266207336,0.142
Job194,2755164000,3023842131,464500121,195821990,0.407499,0.399361,0.40153,0.399392,2.45484,1,1,2,1.09322,7.81357,27.2276,0,2,2.37205,0,0,0,0,0,ResNet50,8,16,359,191267280,0.13
Job195,2755181000,2804427122,268661131,208615325,0.25213,0.249082,0.251209,0.249092,3.92345,0.92654,0.85308,4,2.4071,6.15214,29.6751,1,4,1.28783,0,1,1,0,0,BERTLARGE,8,16,316,162213008,0.142
Job196,2768063000,2768152775,11522577,11432802,1.00815,0.133654,1.00815,0.133763,0.992209,1,1,1,1,1,34,0,1,1.00785,0,0,0,0,0,VGG19,1,32,216,11429392,1
Job197,2835064000,2835265173,11000857,10799684,1.01893,0.147552,1.01893,0.147691,0.981713,1,1,1,1,1,31.988,0,1,1.01863,0,0,0,0,0,VGG19,1,32,208,10796464,1
Job198,2835196000,2835265173,10981464,10912291,1.00654,0.146325,1.00654,0.146559,0.993701,1,1,1,1,1,31.9897,0,1,1.00634,0,0,0,0,0,GNMT,1,64,209,10910144,1
Job199,2872407000,7313182924,4938092535,497316611,3.01766,2.09302,2.1248,2.09305,0.331203,1,1,13,1.17949,7.30409,23.0204,0,13,9.92947,0,0,0,0,0,GPT2_SMALL,8,32,433,454329912,0.139
Job200,3108710000,3108780477,527671,457194,0.233873,0.233873,0.233873,0.238309,4.621,1,1,1,1,8,24,0,1,1.15415,0,0,0,0,0,BERTLARGE,8,16,29,457168,0.142
Job201,3110654000,3110754461,493779,393318,0.25777,0.25777,0.25777,0.263549,4.24825,1,1,1,1,8,24,0,1,1.25542,0,0,0,0,0,BERTLARGE,8,16,26,393296,0.142
Job202,3111308000,3111380458,551435,478977,0.257044,0.257028,0.257028,0.268936,4.64043,1,1,1,1,8,24.0425,0,1,1.15128,0,0,0,0,0,VGG19,8,4,31,478776,0.136
Job203,3111836000,3111854949,410597,391648,0.215937,0.215918,0.215918,0.220438,5.09884,0.666667,0,1,1,8,24.0571,0,1,1.04838,0,3,3,0,0,GPT2_SMALL,8,32,24,387416,0.139
Job204,3112424000,3112479276,476943,421667,0.250562,0.250535,0.250535,0.263695,4.89714,1,1,1,1,8,24.9287,0,1,1.13109,0,0,0,0,0,VGG19,8,4,28,421496,0.136
Job205,3112458000,3112484644,563828,537184,0.197445,0.19739,0.19739,0.200336,5.24616,0.666667,0,1,1,8,24.7856,0,1,1.0496,0,3,3,0,0,BERTLARGE,8,16,36,552976,0.142
Job206,3113289000,3113406761,5844156,5726395,0.102223,0.196142,0.102223,0.196406,10.4517,0.8,0,1,1,16,24,0,1,1.02056,0,0,0,0,0,GPT2_SMALL,16,16,161,5395984,0.072
Job207,3210681000,3210689813,6001063,5992250,1.00149,0.183864,1.00149,0.184061,0.998531,1,1,1,1,1,25.5038,0,1,1.00147,0,0,0,0,0,BERTLARGE,1,128,164,5992120,1
Job208,3212144000,3409277473,3575320868,383367276,2.41666,2.29223,2.32447,2.29236,0.411321,1,1,9,3.72517,5.27483,27.2187,7,9,9.3261,0,0,0,0,0,ResNet50,8,16,414,254369424,0.13
Job209,3212196000,7234095648,4437165480,415265832,3.06804,2.23226,2.26079,2.23235,0.326658,1,1,2,1.19046,7.23818,23.5588,0,2,10.6851,0,0,0,0,0,ResNeXt,8,4,432,374951592,0.13
Job210,3268135000,3268201257,141142473,141076216,0.146464,0.280741,0.14614,0.280814,6.18799,0.91747,0.780894,7,2.62522,9.15167,24.4071,0,7,1.00047,0,1,1,0,0,VGG19,16,2,287,89151760,0.075
Job211,3287263000,3287318559,7103545,7047986,0.190914,0.183581,0.19091,0.184032,5.50861,0.666667,0,1,1,8,24.9848,0,1,1.00788,0,0,0,0,0,VGG19,8,4,170,6779576,0.136
Job212,3287371000,3287373706,54031368,54028662,0.179939,0.173022,0.179788,0.173064,5.67641,0.5,0,1,1,8,25.5665,0,1,1.00005,0,0,0,0,0,ResNeXt,8,4,267,52958208,0.13
Job213,3301946000,3341402368,868750345,523309484,0.558286,0.534715,0.546476,0.534758,1.67249,0.989523,0.981251,20,4.22073,3.52289,28.9861,6,20,1.66011,0,2,2,0,0,GNMT,8,8,411,246910408,0.142
Job214,3303214000,6701496350,3730860427,325956949,2.68363,2.46031,2.49321,2.46043,0.372756,1,1,6,2.48875,6.27706,26.3382,1,6,11.4459,0,0,0,0,0,ResNeXt,8,4,415,255730428,0.13
Job215,3357373000,3357373671,14206137,14205466,0.187568,0.180172,0.187492,0.180469,5.45797,0.666667,0,1,1,8,24.572,0,1,1.00005,0,0,0,0,0,GNMT,8,8,223,13982216,0.142
Job216,3418249000,3418497246,94746594,94498348,0.189165,0.189127,0.189127,0.189142,5.12487,0.5,0,1,1,8,23.1272,0,1,1.00263,0,4,4,0,0,BERTLARGE,8,16,293,97510672,0.142
Job217,3438853000,3438917316,163940802,163876486,0.184819,0.180786,0.18234,0.180801,5.52229,0.4,0,1,1,8,25.1981,0,1,1.00039,0,60,60,0,0,ResNeXt,8,4,315,160626624,0.13
Job218,3519384000,3519390716,91847456,91840740,0.166768,0.161028,0.164344,0.161053,6.06316,0.5,0,1,1,8,27.6886,0,1,1.00007,0,6,6,0,0,ResNet50,8,16,289,90904080,0.13
Job219,3522763000,3522775043,157821221,157789495,0.225079,0.214414,0.222979,0.214452,4.35563,0.830145,0.495992,7,1.97815,5.53388,28.6078,0,7,1.0002,0,10,10,0,0,GNMT,8,8,295,111444112,0.142
Job220,3524516000,3524528529,102584739,102572210,0.163832,0.157139,0.161673,0.157157,6.23117,0.666667,0,1,1,8,28.4183,0,1,1.00012,0,26,26,0,0,ResNeXt,8,4,294,100538640,0.13
Job221,3526416000,3526419568,117932409,117928841,0.19763,0.188713,0.195325,0.188742,4.95642,1,1,2,1.85518,6.28964,28.7047,0,2,1.00003,0,0,0,0,0,VGG19,8,4,292,94733016,0.136
Job222,3576448000,3576464807,4405182,4388375,1.00385,0.180979,1.00385,0.18124,0.996185,1,1,1,1,1,26,0,1,1.00383,0,0,0,0,0,BERTLARGE,1,128,148,4388280,1
Job223,3582929000,3680584221,431035863,227041099,0.397881,0.385513,0.394026,0.385526,2.50504,0.985521,0.971041,9,2.75627,5.60291,30.856,6,9,1.89849,0,0,0,0,0,GPT2_SMALL,8,32,314,159569976,0.139
Job224,3582934000,3611232826,333415367,291615071,0.298589,0.289475,0.296534,0.289499,3.17665,0.994174,0.988349,17,3.14495,4.42517,29.7521,2,17,1.14334,0,1,1,0,0,VGG19,8,4,328,170142136,0.136
Job225,3582958000,3680590585,474957507,260454249,0.386515,0.374098,0.382624,0.37411,2.55489,1,1,14,3.36596,5.43154,31.1939,6,14,1.82357,0,0,0,0,0,BERTLARGE,8,16,335,179107152,0.142
Job226,3582963000,3873560922,565557963,247217047,0.437462,0.423452,0.433685,0.423465,2.2331,0.973597,0.920791,10,1.87781,5.92036,31.3348,3,10,2.2877,0,2,2,0,0,BERTLARGE,8,16,348,187314704,0.142
Job227,3582984000,4143633678,854113287,243175918,0.628441,0.603622,0.622487,0.603661,1.59033,1,1,10,2.24461,6.70398,30.2822,4,10,3.51233,0,0,0,0,0,ResNet50,8,16,376,203973456,0.13
Job228,3582989000,4143633678,814358092,231116987,0.617238,0.59377,0.612196,0.593786,1.6194,1,1,13,1.87188,6.78259,30.5357,3,13,3.52358,0,0,0,0,0,GPT2_SMALL,8,32,367,196066552,0.139
Job229,3583108000,3644407971,156603354,95303383,0.164326,0.309818,0.163542,0.309842,6.40959,0.577337,0,2,1.80396,12.7841,29.8009,0,2,1.64321,0,15,15,0,0,GPT2_SMALL,16,16,286,72334672,0.072
Job230,3583113000,3602793802,86761658,67080856,0.12181,0.22816,0.121514,0.228232,8.30258,0.709732,0,3,1.61411,12.5968,30.7637,0,3,1.29339,0,8,8,0,0,ResNet50,16,8,265,52332032,0.066
Job231,3687097000,3687308652,88392656,88164269,0.103306,0.198003,0.102777,0.198061,8.38088,0.812887,0.490908,4,2.10633,10.7328,28.3291,0,4,1.00259,0,11,11,0,0,VGG19,16,2,283,68427368,0.075
Job232,3708743000,3708757808,10808326,10793518,1.00152,0.149786,1.00152,0.149921,0.99863,1,1,1,1,1,29.9487,0,1,1.00137,0,0,0,0,0,ResNet50,1,128,206,10791912,1
Job233,3709297000,3709310982,41622430,41608448,1.00102,0.151404,1.00102,0.151445,0.999664,1,1,1,1,1,29.1576,0,1,1.00034,0,0,0,0,0,ResNeXt,1,32,250,41580024,1
Job234,3722974000,3722982750,7515366,7506616,0.155756,0.149285,0.154868,0.149672,6.62085,0.5,0,1,1,8,30,0,1,1.00117,0,0,0,0,0,GNMT,8,8,180,7389616,0.142
Job235,3770565000,3770567852,125086284,119377904,0.17041,0.171395,0.16946,0.171426,5.86218,1,1,6,1.20291,7.54154,29.4858,1,6,1.04782,0,0,0,0,0,GNMT,8,8,296,112762632,0.142
Job236,3775859000,3775978482,97591472,91786217,0.165378,0.167086,0.164752,0.167112,6.06156,1,1,4,1.01078,7.97844,29.1911,1,4,1.06325,0,0,0,0,0,ResNet50,8,16,291,91391280,0.13
Job237,3789637000,3789706059,6376688,6307629,0.141066,0.140959,0.140959,0.14124,7.17826,1,1,1,1,8,32.6806,0,1,1.01095,0,0,0,0,0,ResNet50,8,16,165,6306672,0.13
Job238,3789674000,3789888385,5474519,5260134,0.143981,0.143964,0.143964,0.144249,7.03747,1,1,1,1,8,32.9631,0,1,1.04076,0,0,0,0,0,ResNeXt,8,4,160,5256048,0.13
Job239,3789702000,3789712182,11372722,11362540,0.228936,0.228047,0.228047,0.228459,4.45115,1,1,3,2.40864,5.18272,31.067,0,3,1.0009,0,0,0,0,0,ResNet50,8,16,178,7300560,0.13
Job240,3789708000,3789745126,11901231,11864105,0.226546,0.225703,0.225623,0.225883,4.3802,0.985559,0.971118,4,2.39621,5.13269,30.9445,0,4,1.00313,0,1,1,0,0,BERTLARGE,8,16,184,7706640,0.142
Job241,3789730000,3789857359,5822385,5695026,0.14064,0.140631,0.140631,0.140774,7.15634,1,1,1,1,8,32.9258,0,1,1.02236,0,0,0,0,0,BERTLARGE,8,16,162,5694672,0.142
Job242,3789758000,3789877114,5932725,5813611,0.142181,0.142161,0.142161,0.142294,7.1601,0.666667,0,1,1,8,32.8853,0,1,1.02049,0,3,3,0,0,GPT2_SMALL,8,32,163,5744312,0.139
Job243,3801434000,3801443274,9149434,9140160,0.620841,0.165943,0.615211,0.166305,1.61886,1,1,1,1,2,29.4381,0,1,1.00101,0,0,0,0,0,GNMT,2,32,193,9140160,0.5
Job244,3802514000,3802515094,10346719,10345625,1.00013,0.164367,1.00013,0.164458,0.999894,1,1,1,1,1,29.5269,0,1,1.00011,0,0,0,0,0,BERTLARGE,1,128,202,10345400,1
Job245,3805670000,3805898273,27288909,27060636,1.00912,0.161551,1.00912,0.161623,0.991635,1,1,1,1,1,29.4154,0,1,1.00844,0,0,0,0,0,ResNeXt,1,32,245,27042168,1
Job246,3812322000,3812582868,7357672,7096804,0.162659,0.166834,0.161591,0.167327,6.34518,0.666667,0,1,1,8,29.7991,0,1,1.03676,0,0,0,0,0,GNMT,8,8,171,6986304,0.142
Job247,3814339000,4397347205,1092594789,353020397,0.727992,0.698143,0.716895,0.698183,1.36718,1,1,8,3.57894,5.39449,28.6753,3,8,3.09499,0,0,0,0,0,ResNet50,8,16,405,239246736,0.13
Job248,3832416000,4581617889,2755228033,632938194,1.56055,1.49786,1.51691,1.49797,0.601767,0.989953,0.98089,23,5.01518,3.43668,28.2298,9,23,4.35308,0,3,3,0,0,GNMT,8,8,424,289645968,0.142
Job249,3883599000,3886314882,408214036,332024339,0.306682,0.297385,0.304747,0.297394,3.2372,1,1,10,3.76408,4.47676,32.2088,6,10,1.22947,0,0,0,0,0,GPT2_SMALL,8,32,346,187181944,0.139
Job250,3883651000,3886314882,633127827,389432499,0.316665,0.603431,0.311899,0.603506,2.7045,1,1,15,7.37504,5.34118,30.0884,6,15,1.62577,0,0,0,0,0,VGG19,16,2,304,151916836,0.075
Job251,3883717000,3886314882,492773642,341503174,0.339735,0.326781,0.336994,0.32679,2.88623,1,1,15,3.77987,4.80361,31.4656,5,15,1.44295,0,0,0,0,0,BERTLARGE,8,16,382,209158928,0.142
Job252,3883778000,4397347205,888440011,288695484,0.641282,0.610312,0.630195,0.610344,1.56003,1,1,6,1.94795,6.05605,29.0408,3,6,3.07743,0,0,0,0,0,ResNeXt,8,4,392,218515896,0.13
Job253,3884293000,3884381808,53573974,53485166,1.00196,0.1306,1.00196,0.130622,0.998342,1,1,1,1,1,34.6033,0,1,1.00166,0,0,0,0,0,VGG19,1,32,268,53469136,1
Job254,3884671000,3884801486,10097120,9966634,1.01339,0.138149,1.01339,0.138282,0.987077,1,1,1,1,1,33.9615,0,1,1.01309,0,0,0,0,0,VGG19,1,32,199,9963664,1
Job255,3890725000,3890928228,4218592,4015364,0.143827,0.14644,0.143464,0.146925,7.38326,0.666667,0,1,1,8,34.9948,0,1,1.05061,0,0,0,0,0,VGG19,8,4,141,3864024,0.136
Job256,3892754000,3894943592,209522155,205114240,0.156857,0.153512,0.156548,0.153522,6.41042,0.845245,0.535736,7,1.6294,6.92636,34.1015,1,7,1.02149,0,34,34,0,0,ResNet50,8,16,331,176690256,0.13
Job257,3892761000,4977963433,2808722514,315611065,1.99051,1.89383,1.918,1.89392,0.503863,0.982499,0.948817,15,2.94216,6.0376,27.7475,5,15,8.89932,0,14,14,0,0,ResNeXt,8,4,404,237554916,0.13
Job258,3905355000,4397347205,1462499247,681008141,0.800596,0.7665,0.783136,0.766538,1.16193,0.908363,0.743817,21,4.64755,3.07378,29.8765,10,21,2.14755,0,66,66,0,0,VGG19,8,4,422,281362712,0.136
Job259,3905626000,6553346431,3177066663,521877272,1.98873,1.78587,1.8069,1.786,0.485017,0.993856,0.981569,12,4.03338,4.50688,25.9589,3,12,6.08777,1,18,18,0,0,GNMT,8,8,428,304909776,0.142
Job260,3905975000,3906027739,310530207,284943985,0.221997,0.215755,0.221142,0.215769,4.32552,1,1,12,2.41623,5.16681,32.9715,2,12,1.08979,0,0,0,0,0,VGG19,8,4,360,191730968,0.136
Job261,3976766000,3976888591,13721323,13598732,0.997757,0.129001,1.00164,0.129086,1.00261,1,1,1,1,1,36.2774,0,1,1.00901,0,0,0,0,0,VGG19,1,32,221,13594672,1
Job262,3978804000,3979028993,9085117,8860124,0.505912,0.131045,0.505825,0.131168,1.98498,0.5,0,1,1,2,36.6433,0,1,1.02539,0,0,0,0,0,ResNet50,2,64,192,8855912,0.5
Job263,3982045000,3982066611,9310283,9288672,0.985732,0.12891,0.988044,0.129125,1.0149,1,1,1,1,1,36.5345,0,1,1.00233,0,0,0,0,0,GNMT,1,64,194,9286848,1
Job264,3994708000,3994736287,472624,444337,0.144485,0.140522,0.144485,0.142299,7.31227,0.666667,0,1,1,8,35,0,1,1.06366,0,0,0,0,0,BERTLARGE,8,16,30,457168,0.142
Job265,4011578000,4011594018,25018454,25002436,0.12775,0.124279,0.12773,0.124359,7.9902,0.666667,0,1,1,8,35.9846,0,1,1.00064,0,3,3,0,0,GNMT,8,8,243,24607936,0.142
Job266,4011616000,4011695622,22291907,22212285,0.125557,0.122166,0.125548,0.122226,7.99411,1,1,1,1,8,36.105,0,1,1.00358,0,0,0,0,0,ResNet50,8,16,240,22208880,0.13
Job267,4011624000,4011746540,25883159,25760619,0.122204,0.118863,0.122172,0.118886,7.94153,0.666667,0,1,1,8,35.9162,0,1,1.00476,0,3,3,0,0,BERTLARGE,8,16,244,26580816,0.142
Job268,4091231000,4091388409,31858874,31701465,0.140231,0.135999,0.1402,0.136054,7.15328,1,1,1,1,8,32.3566,0,1,1.00497,0,0,0,0,0,VGG19,8,4,248,31684920,0.136
Job269,4122773000,4122815382,20860678,20818296,0.141475,0.137191,0.141473,0.137276,7.09993,1,1,1,1,8,32.0152,0,1,1.00204,0,0,0,0,0,VGG19,8,4,237,20807448,0.136
Job270,4148442000,4148457718,9638578,9622860,0.141349,0.137068,0.141348,0.137144,7.10121,1,1,1,1,8,32.0079,0,1,1.00163,0,0,0,0,0,GPT2_SMALL,8,32,195,9620440,0.139
Job271,4148445000,4148628889,9839227,9655338,0.143912,0.139548,0.143908,0.139631,6.97518,1,1,1,1,8,31.987,0,1,1.01905,0,0,0,0,0,BERTLARGE,8,16,196,9654736,0.142
Job272,4175200000,4175232962,21777406,21744444,0.146578,0.141963,0.14656,0.142032,6.84787,1,1,1,1,8,30.866,0,1,1.00152,0,0,0,0,0,ResNeXt,8,4,238,21727368,0.13
Job273,4178119000,4178231375,21459561,21347186,0.152976,0.148163,0.152958,0.14826,6.82524,0.666667,0,1,1,8,30.8788,0,1,1.00526,0,34,34,0,0,VGG19,8,4,235,20526776,0.136
Job274,4213355000,4213481988,10847262,10720274,0.151579,0.146708,0.151545,0.146897,6.65087,1,1,1,1,8,30.2901,0,1,1.01185,0,0,0,0,0,VGG19,8,4,205,10714712,0.136
Job275,4213358000,4213360938,11023063,11020125,0.149727,0.144907,0.14969,0.14505,6.72305,1,1,1,1,8,30.2693,0,1,1.00027,0,0,0,0,0,ResNeXt,8,4,212,11011500,0.13
Job276,4246393000,4246432601,10010965,9971364,0.146269,0.1417,0.146268,0.141778,6.8614,1,1,1,1,8,30.999,0,1,1.00397,0,0,0,0,0,GPT2_SMALL,8,32,200,9968856,0.139
Job277,4246396000,4246419525,11100755,11077230,0.146913,0.142299,0.146899,0.142436,6.85172,1,1,1,1,8,30.9012,0,1,1.00212,0,0,0,0,0,ResNeXt,8,4,213,11068560,0.13
Job278,4246400000,4246558775,11909844,11751069,0.149195,0.144454,0.149144,0.144585,6.74467,1,1,1,1,8,30.7717,0,1,1.01351,0,0,0,0,0,ResNeXt,8,4,218,11741868,0.13
Job279,4268263000,4268289555,3119811,3093256,0.164863,0.159404,0.164863,0.16047,6.38959,0.666667,0,1,1,8,29,0,1,1.00858,0,0,0,0,0,GNMT,8,8,136,3046256,0.142
Job280,4301968000,4301984282,94624425,94608143,0.113138,0.211025,0.113113,0.211049,7.48268,0.694966,0,2,1.78776,9.69795,27.7876,0,2,1.00017,0,1,1,0,0,BERTLARGE,16,8,282,67783512,0.083
Job281,4418515000,4418517301,3560553,3558252,1.00084,0.177345,1.00084,0.178411,0.999354,1,1,1,1,1,26,0,1,1.00065,0,0,0,0,0,GNMT,1,64,140,3557568,1
Job282,4482771000,4482901926,7850382,7719456,0.178597,0.171925,0.178563,0.172208,5.64895,1,1,1,1,8,25.8563,0,1,1.01696,0,0,0,0,0,ResNeXt,8,4,185,7713432,0.13
Job283,4483899000,4483911709,7021789,7009080,0.174533,0.168054,0.174522,0.168211,5.7575,1,1,1,1,8,25.9574,0,1,1.00181,0,0,0,0,0,GPT2_SMALL,8,32,172,7007320,0.139
Job284,4497858000,4497862161,244041935,236917622,0.226723,0.218301,0.2242,0.218327,4.41028,0.766254,0.298763,7,1.84846,6.31769,26.1781,1,7,1.03007,0,30,30,0,0,GNMT,8,8,347,187220232,0.142
Job285,4498477000,4498495315,255915898,247550286,0.224086,0.215219,0.221502,0.215243,4.40051,1,1,9,2.02231,6.28359,26.3676,1,9,1.03379,0,0,0,0,0,GNMT,8,8,368,197287520,0.142
Job286,4499776000,4499776487,9833833,9833346,1.00035,0.165414,1.00035,0.165609,0.99995,1,1,1,1,1,27.1259,0,1,1.00005,0,0,0,0,0,VGG19,1,32,197,9830416,1
Job287,4508372000,4508431530,61555856,61496326,0.0903234,0.173493,0.090211,0.173517,10.844,0.954602,0.863805,2,1.13619,14.9104,26.2399,0,2,1.00097,0,3,3,0,0,BERTLARGE,16,8,271,58556664,0.083
Job288,4561175000,4561176623,4475603,4473980,1.00051,0.16802,1.00051,0.168431,0.999637,1,1,1,1,1,27,0,1,1.00036,0,0,0,0,0,ResNet50,1,128,149,4473320,1
Job289,4569282000,4569296341,6437803,6423462,1.00243,0.18106,1.00243,0.181673,0.997772,1,1,1,1,1,25.75,0,1,1.00223,0,0,0,0,0,GNMT,1,64,168,6422208,1
Job290,4573612000,4573625353,8005889,7992536,0.0952035,0.183934,0.0949059,0.184485,11.1743,0.8,0,1,1,16,25.2633,0,1,1.00167,0,11,11,0,0,VGG19,16,2,183,7631346,0.075
Job291,4659719000,4953128080,873163180,299503284,0.618232,0.599819,0.605873,0.59985,1.61967,0.978549,0.935646,6,2.26075,5.66426,30.6232,1,6,2.91537,0,16,16,0,0,ResNeXt,8,4,385,211839876,0.13
Job292,4659728000,4659814294,308941128,242145334,0.272336,0.265872,0.270595,0.265892,3.66543,1,1,8,2.33536,6.27779,26.9902,3,8,1.27585,0,0,0,0,0,ResNet50,8,16,358,190429296,0.13
Job293,4671558000,4671593686,851411,815725,0.182903,0.182903,0.182903,0.184569,5.53561,0.666667,0,1,1,8,26,0,1,1.04375,0,0,0,0,0,BERTLARGE,8,16,49,840400,0.142
Job294,4690686000,4690690000,445947523,331810694,0.375789,0.358735,0.365653,0.358757,2.66242,1,1,11,3.97108,4.43143,29.8747,3,11,1.34398,0,0,0,0,0,ResNeXt,8,4,341,183770160,0.13
Job295,4690690000,4690707887,287273433,204486618,0.263276,0.256524,0.261409,0.256541,3.80606,1,1,6,1.65424,7.16092,27.0726,2,6,1.40485,0,0,0,0,0,ResNeXt,8,4,338,182727864,0.13
Job296,4690744000,4690755222,65867259,65856037,0.101689,0.190887,0.10166,0.190916,8.35135,0.955397,0.776987,2,1.77699,9.7841,30.7422,0,2,1.00017,0,2,2,0,0,BERTLARGE,16,8,259,47467896,0.083
Job297,4690748000,4690940566,98661324,98418103,0.12853,0.242586,0.128132,0.242663,6.62118,0.67759,0.355179,3,2.95694,8.08232,29.6565,0,3,1.00247,0,2,2,0,0,VGG19,16,2,270,58538692,0.075
Job298,4690765000,4756611259,262353212,196506953,0.237559,0.231389,0.236156,0.231404,4.21561,1,1,4,1.55745,7.43894,27.3989,0,4,1.33508,0,0,0,0,0,ResNeXt,8,4,337,182522448,0.13
Job299,4690768000,4754402606,376411185,298904688,0.326623,0.312135,0.319195,0.312159,2.98742,0.860398,0.581195,9,2.5587,4.82962,28.695,1,9,1.2593,0,93,93,0,0,VGG19,8,4,342,185012024,0.136
Job300,4915428000,4915535990,13956461,13848471,0.167725,0.167695,0.167695,0.167774,5.97769,1,1,1,1,8,27.1141,0,1,1.0078,0,0,0,0,0,GPT2_SMALL,8,32,222,13844984,0.139
Job301,4915431000,4915439703,15357387,15348684,0.167549,0.167498,0.167498,0.167635,5.99754,1,1,1,1,8,27.0125,0,1,1.00057,0,0,0,0,0,ResNeXt,8,4,227,15336648,0.13
Job302,4918853000,4918871741,754749,736008,0.170671,0.170626,0.170626,0.172144,6.13407,1,1,1,1,8,28.3137,0,1,1.02546,0,0,0,0,0,GPT2_SMALL,8,32,43,735832,0.139
Job303,4919371000,4919387056,841035,824979,0.175818,0.175775,0.175775,0.178574,6.16326,1,1,1,1,8,28.2815,0,1,1.01946,0,0,0,0,0,ResNeXt,8,4,48,824388,0.13
Job304,4935211000,4935213515,354429,351914,1.00777,0.194859,1.00777,0.198571,0.992904,1,1,1,1,1,26.3144,0,1,1.00715,0,0,0,0,0,GPT2_SMALL,1,256,15,351696,1
Job305,4935454000,4935487725,6642477,6608752,0.335287,0.179089,0.329881,0.179427,3.03444,0.5,0,1,1,4,27.9009,0,1,1.0051,0,14,14,0,0,VGG19,4,8,169,6542704,0.258
Job306,4935590000,4935690068,7513368,7413300,1.01365,0.178956,1.01365,0.179234,0.986681,1,1,1,1,1,27.7997,0,1,1.0135,0,0,0,0,0,ResNet50,1,128,181,7412200,1
Job307,4936088000,4936094870,7074490,7067620,1.00127,0.176946,1.00127,0.177256,0.999029,1,1,1,1,1,27.841,0,1,1.00097,0,0,0,0,0,VGG19,1,32,174,7065520,1
Job308,4986122000,4986170908,432373364,224531782,0.31748,0.312283,0.314444,0.3123,3.15182,1,1,5,2.17845,6.5147,33.8629,1,5,1.92567,0,0,0,0,0,ResNeXt,8,4,339,182792532,0.13
Job309,4987946000,4987949807,218394015,175969336,0.168357,0.164773,0.166904,0.164784,6.00215,0.664392,0.0653768,3,1.45764,7.54236,35.865,1,3,1.24109,0,43,43,0,0,ResNet50,8,16,320,164256912,0.13
Job310,4987995000,4988035198,647554107,317093134,0.462257,0.454607,0.457697,0.45462,2.14948,1,1,6,3.43986,4.86722,32.7907,2,6,2.04216,0,0,0,0,0,GPT2_SMALL,8,32,363,194193816,0.139
Job311,4988004000,6058767142,1346210879,275447737,0.944475,0.917803,0.921961,0.91785,1.0588,1,1,2,2.5269,6.4731,29.482,0,2,4.88736,0,0,0,0,0,ResNeXt,8,4,394,222936144,0.13
Job312,4988028000,4988035198,548051517,435209955,0.349271,0.342944,0.345315,0.342972,2.68335,1,1,9,4.39044,3.73202,32.969,5,9,1.25928,0,0,0,0,0,GNMT,8,8,391,216739568,0.142
Job313,4988033000,4988035198,258696134,216322101,0.186857,0.18344,0.185454,0.183445,5.298,1,1,7,2.03296,6.44371,35.665,1,7,1.19588,0,0,0,0,0,BERTLARGE,8,16,330,176041296,0.142
Job314,5011001000,5011008000,288108645,224158683,0.215375,0.212563,0.214653,0.21257,4.56869,1,1,10,2.0525,5.93071,35.7639,2,10,1.28529,0,0,0,0,0,BERTLARGE,8,16,326,168919568,0.142
Job315,5011005000,5011006010,489376131,388681423,0.318634,0.31336,0.315308,0.313386,2.97445,1,1,7,3.97483,4.09054,33.307,3,7,1.25907,0,0,0,0,0,GNMT,8,8,384,209805704,0.142
Job316,5011008000,5011272667,280156628,227319155,0.209984,0.207245,0.209334,0.207251,4.59224,0.84945,0.557364,8,2.31124,5.69767,35.8708,2,8,1.23244,0,7,7,0,0,BERTLARGE,8,16,324,167929552,0.142
Job317,5013351000,5013408898,68859692,68801794,0.0746609,0.143203,0.0746204,0.143218,11.7857,1,1,2,1.61614,11.0709,38.3774,0,2,1.00084,0,0,0,0,0,BERTLARGE,16,8,269,54150120,0.083
Job318,5013355000,5013434898,42425733,42345835,0.0614817,0.116937,0.0614727,0.11695,17.2837,0.8,0,1,1,16,38.9674,0,1,1.00189,0,0,0,0,0,GPT2_SMALL,16,16,249,39887632,0.072
Job319,5013571000,5471259144,1105265224,549136326,0.635179,0.622773,0.626797,0.622819,1.46892,1,1,17,4.65547,3.49804,30.8341,8,17,2.01273,0,0,0,0,0,GNMT,8,8,417,257458568,0.142
Job320,5013575000,5471259144,712860977,230817029,0.489615,0.482202,0.485186,0.482215,2.04697,0.940104,0.820312,8,1.42881,7.04253,32.6114,2,8,3.08842,0,11,11,0,0,GPT2_SMALL,8,32,373,202773560,0.139
Job321,5013578000,6140333232,1396775181,270019949,0.954774,0.925816,0.929564,0.925862,1.04919,1,1,6,1.97106,6.88964,29.128,0,6,5.17286,0,0,0,0,0,ResNeXt,8,4,401,232202688,0.13
Job322,5013592000,5299112924,870922503,436476818,0.516996,0.50887,0.511512,0.508908,1.84002,1,1,20,3.75475,4.20032,31.8048,6,20,1.99535,0,0,0,0,0,GNMT,8,8,407,241015848,0.142
Job323,5013596000,5500412605,1258175459,261596705,0.884051,0.860366,0.865118,0.86041,1.13155,1,1,4,2.2652,6.7085,29.8443,2,4,4.8096,0,0,0,0,0,ResNeXt,8,4,393,219352776,0.13
Job324,5013599000,5218898617,457660144,252360527,0.3328,0.327583,0.329727,0.327592,2.99575,1,1,3,3.0435,5.86529,33.6566,0,3,1.81352,0,0,0,0,0,GPT2_SMALL,8,32,343,185614072,0.139
Job325,5091727000,5091736729,1657841,1648112,0.980828,0.13386,0.980828,0.13517,1.02175,1,1,1,1,1,37,0,1,1.0059,0,0,0,0,0,GNMT,1,64,117,1647808,1
Job326,5094087000,5094106828,2093732,2073904,0.252006,0.128262,0.252006,0.128814,4.07218,1,1,1,1,4,37,0,1,1.00956,0,0,0,0,0,VGG19,4,8,126,2073904,0.258
Job327,5165785000,5165822344,15569274,15531930,0.122439,0.122433,0.122433,0.122474,8.18727,1,1,1,1,8,36.933,0,1,1.0024,0,0,0,0,0,BERTLARGE,8,16,228,15530960,0.142
Job328,5165794000,5165856652,14526886,14464234,0.118677,0.118677,0.118677,0.118718,8.18676,0.5,0,1,1,8,37,0,1,1.00433,0,0,0,0,0,BERTLARGE,8,16,225,14924176,0.142
Job329,5187585000,5187614642,8542267,8512625,1.0035,0.129025,1.0035,0.129094,0.99653,1,1,1,1,1,36,0,1,1.00348,0,0,0,0,0,BERTLARGE,1,128,188,8512440,1
Job330,5196135000,5196157311,14276721,14254410,0.119842,0.119824,0.119824,0.119867,8.36656,1,1,1,1,8,37.714,0,1,1.00157,0,0,0,0,0,BERTLARGE,8,16,224,14253520,0.142
Job331,5196139000,5196353054,16206121,15992067,0.122217,0.122174,0.122174,0.122243,8.22252,1,1,1,1,8,37.5099,0,1,1.01339,0,0,0,0,0,ResNeXt,8,4,229,15979524,0.13
Job332,5196143000,5196147135,22739535,22735400,0.127879,0.127722,0.127722,0.12779,8.16367,0.666667,0,1,1,8,36.7884,0,1,1.00018,0,36,36,0,0,VGG19,8,4,239,21861400,0.136
Job333,5512413000,5532882180,345826953,311164885,0.244643,0.24257,0.243571,0.242592,3.92204,1,1,11,2.4337,5.23104,30.1301,3,11,1.11139,0,0,0,0,0,GNMT,8,8,386,212163528,0.142
Job334,5512423000,5512430245,255183428,199050751,0.196174,0.194628,0.195685,0.194639,5.15706,0.859057,0.57717,11,1.14959,7.69673,31.0006,4,11,1.282,0,81,81,0,0,ResNeXt,8,4,356,189358236,0.13
Job335,5512446000,5512646394,42995994,42795600,0.0687185,0.133256,0.0686588,0.133306,14.5917,1,1,1,1,16,33.0137,0,1,1.00468,0,0,0,0,0,ResNet50,16,8,252,42791360,0.066
Job336,5512545000,5555522125,663440463,543297484,0.409636,0.403154,0.405702,0.403186,2.26687,1,1,12,4.31769,3.53815,28.4387,6,12,1.22114,0,0,0,0,0,GNMT,8,8,418,258870160,0.142
Job337,5512555000,5555441994,446288940,356650894,0.318516,0.31613,0.317155,0.31615,3.11382,1,1,6,4.24886,4.75114,29.6505,4,6,1.25133,0,0,0,0,0,ResNet50,8,16,388,213639504,0.13
Job338,5512574000,5555441994,543899474,449725700,0.33681,0.332654,0.335138,0.33268,2.84979,0.999549,0.998978,17,4.11936,4.24702,29.3605,7,17,1.2094,0,2,2,0,0,GNMT,8,8,412,248849408,0.142
Job339,5512593000,5532882180,306011171,272227176,0.222536,0.220749,0.221763,0.220764,4.45808,0.898291,0.695256,14,2.12784,5.93549,30.5008,3,14,1.1241,0,26,26,0,0,VGG19,8,4,375,203668120,0.136
Job340,5598465000,5598507119,16280883,16238764,0.137233,0.137202,0.137202,0.137352,7.4559,0.666667,0,1,1,8,33.6462,0,1,1.00259,0,7,7,0,0,GNMT,8,8,230,15983264,0.142
Job341,5598669000,5598732906,20424247,20360341,0.136541,0.136511,0.136511,0.136546,7.42506,0.5,0,1,1,8,33.5251,0,1,1.00314,0,2,2,0,0,GPT2_SMALL,8,32,233,20116472,0.139
Job342,5604021000,5604065980,24593016,24548036,0.138362,0.138257,0.138257,0.138288,7.32526,0.5,0,1,1,8,33.049,0,1,1.00183,0,1,1,0,0,GPT2_SMALL,8,32,242,24253912,0.139
Job343,5655691000,5655884935,1071558,877623,0.165581,0.165152,0.165152,0.166228,6.10698,0.666667,0,1,1,8,33.6418,0,1,1.22098,0,8,8,0,0,BERTLARGE,8,16,58,904272,0.142
Job344,5655735000,5655800802,2026640,1960838,0.135083,0.13489,0.13489,0.135268,7.31055,0.666667,0,1,1,8,34.0504,0,1,1.03356,0,8,8,0,0,BERTLARGE,8,16,124,2022032,0.142
Job345,5656172000,5656256399,1560978,1476579,0.140651,0.140584,0.140584,0.141079,7.27886,1,1,1,1,8,34.6437,0,1,1.05716,0,0,0,0,0,GPT2_SMALL,8,32,106,1476216,0.139
Job346,5656243000,5656268749,902288,876539,0.138616,0.138592,0.138592,0.139427,7.59604,0.4,0,1,1,8,35.1924,0,1,1.02938,0,1,1,0,0,GPT2_SMALL,8,32,52,866488,0.139
Job347,5656270000,5656393520,2744799,2427328,0.168553,0.168242,0.168242,0.169019,6.32824,0.690711,0.0721316,2,1.07213,7.71147,33.4684,1,2,1.13079,0,23,23,0,0,ResNeXt,8,4,129,2258496,0.13
Job348,5656562000,5656568607,2526485,2519878,0.167287,0.166975,0.166975,0.168422,6.50719,0.537447,0.229078,2,1.22908,7.08369,33.2194,0,2,1.00262,0,7,7,0,0,GNMT,8,8,128,2162072,0.142
Job349,5725891000,5725982024,1294212,1203188,0.177398,0.177352,0.177352,0.179691,6.28314,0.4,0,1,1,8,30.4211,0,1,1.07565,0,3,3,0,0,VGG19,8,4,85,1160408,0.136
Job350,5741964000,5742125608,1245649,1084041,0.16129,0.161192,0.161192,0.163091,6.68361,1,1,1,1,8,34.5812,0,1,1.14908,0,0,0,0,0,ResNet50,8,16,79,1083888,0.13
Job351,5741968000,5741973744,2014898,2009154,0.140367,0.14012,0.14012,0.141052,7.43217,1,1,1,1,8,33.5997,0,1,1.00286,0,0,0,0,0,VGG19,8,4,123,2008152,0.136
Job352,5741972000,5741973744,5114873,4208803,0.179809,0.179217,0.179217,0.179481,5.69309,0.991334,0.982668,3,1.02414,7.90344,31.6188,1,3,1.21528,0,0,0,0,0,BERTLARGE,8,16,144,4097872,0.142
Job353,5741979000,5742046693,972019,904326,0.144082,0.14408,0.14408,0.144982,7.23366,1,1,1,1,8,34.9887,0,1,1.07485,0,0,0,0,0,BERTLARGE,8,16,57,904272,0.142
Job354,5741983000,5742078375,1031639,936264,0.14772,0.147712,0.147712,0.148606,7.04534,1,1,1,1,8,34.9354,0,1,1.10187,0,0,0,0,0,BERTLARGE,8,16,61,936208,0.142
Job355,5741986000,5742063003,3027786,2950783,0.176876,0.176421,0.176421,0.177767,5.97514,1,1,2,1.3093,6.76279,32.7221,0,2,1.0261,0,0,0,0,0,GNMT,8,8,132,2472312,0.142
Job356,5852934000,5852999934,287390089,257031123,0.23216,0.228727,0.230971,0.228735,4.22293,0.753979,0.604166,8,1.45913,6.30724,27.089,2,8,1.11811,0,2,2,0,0,BERTLARGE,8,16,380,206731792,0.142
Job357,5852939000,6056473474,688760432,472665624,0.494744,0.48645,0.486554,0.486495,1.93439,0.927615,0.870886,18,3.68171,4.28443,24.0834,2,18,1.45718,0,3,3,0,0,GNMT,8,8,419,264609600,0.142
Job358,5884348000,5884406076,174405013,159360243,0.178031,0.174736,0.177469,0.174743,5.66644,0.786097,0.358291,4,1,8,27.9948,3,4,1.09441,0,4,4,0,0,GPT2_SMALL,8,32,309,158002104,0.139
Job359,5986407000,5986432870,4093849,2435202,0.286052,0.282021,0.283711,0.283485,3.89505,0.905712,0.811425,4,1.19438,7.22247,32.909,1,4,1.68111,0,11,11,0,0,ResNeXt,8,4,125,2037864,0.13
Job360,5986480000,5986510613,5384003,3339888,0.273564,0.264736,0.271729,0.266439,4.1951,0.602993,0.205985,4,1.11132,7.5547,32.4446,1,4,1.61203,0,7,7,0,0,GNMT,8,8,135,2860112,0.142
Job361,5986652000,5986673803,1086353,1064550,0.139205,0.138297,0.138297,0.139899,7.75773,1,1,1,1,8,35.8617,0,1,1.02048,0,0,0,0,0,ResNet50,8,16,77,1064400,0.13
Job362,5986668000,5986668915,2327091,2326176,0.238729,0.237776,0.237776,0.240977,5.43184,0.913528,0.774548,5,1.9515,5.60903,35.0181,0,5,1.00039,0,9,9,0,0,GNMT,8,8,100,1370960,0.142
Job363,5986821000,5986841801,3032590,2213262,0.299703,0.297669,0.297669,0.301516,4.32198,0.665411,0.219491,5,1.54176,6.32723,33.9273,2,5,1.37019,0,4,4,0,0,GNMT,8,8,104,1464032,0.142
Job364,5986890000,5986984722,961419,866697,0.140183,0.13996,0.13996,0.140759,7.42908,1,1,1,1,8,37.1439,0,1,1.10929,0,0,0,0,0,GPT2_SMALL,8,32,53,866488,0.139
Job365,5986930000,5986987314,977934,920620,0.135052,0.134911,0.134911,0.13564,7.78388,0.5,0,1,1,8,37.2473,0,1,1.06226,0,4,4,0,0,GPT2_SMALL,8,32,60,910040,0.139
Job366,5987005000,5987851419,2181126,1235080,0.256733,0.255809,0.255809,0.258079,4.26594,1,1,2,1.06696,7.73217,35.2032,0,2,1.76598,0,0,0,0,0,ResNeXt,8,4,84,1155336,0.13
Job367,5987023000,5987145267,1584565,1462298,0.205402,0.204938,0.204938,0.205977,5.31952,0.791301,0.373904,3,2.12171,5.75658,36.1304,0,3,1.08361,0,3,3,0,0,GPT2_SMALL,8,32,68,997144,0.139
Job368,5987046000,5987851419,2143246,1337827,0.24943,0.248514,0.248514,0.251135,4.41354,0.561642,0.123284,2,1.36985,7.2603,35.1902,0,2,1.60204,0,3,3,0,0,ResNet50,8,16,86,1181328,0.13
Job369,5987156000,5987228348,970120,897772,0.144479,0.144313,0.144313,0.145941,7.61915,0.5,0,1,1,8,37.0922,0,1,1.08059,0,42,42,0,0,ResNeXt,8,4,55,881448,0.13
Job370,5990021000,5990055943,1586486,1551543,0.0807215,0.148531,0.0806996,0.149244,13.4301,0.8,0,1,1,16,30.9066,0,1,1.02252,0,1,1,0,0,BERTLARGE,16,8,108,1478472,0.083
Job371,5990307000,5990334770,2949158,2921388,0.0953638,0.176036,0.0952533,0.176573,10.0713,0.970317,0.940634,3,1.56302,12.2082,30.0157,0,3,1.00951,0,0,0,0,0,BERTLARGE,16,8,131,2368056,0.083
Job372,5990363000,5990508202,16267577,16122375,0.0862785,0.165004,0.0862018,0.165205,11.7362,0.960335,0.915782,3,1.22332,15.048,28.3551,0,3,1.00901,0,1,1,0,0,ResNet50,16,8,226,15085168,0.066
Job373,6015721000,6015898853,1123183,945330,0.0934557,0.158327,0.0932445,0.161051,12.1349,1,1,1,1,16,32.5145,0,1,1.18814,0,0,0,0,0,ResNet50,16,8,63,945248,0.066
Job374,6015734000,6015747000,2463233,2447853,0.170912,0.275125,0.169779,0.278863,7.12266,1,1,4,3.0315,7.42915,34.9654,0,4,1.00628,0,0,0,0,0,ResNet50,16,8,74,1045888,0.066
Job375,6015747000,6015773666,1022321,995655,0.0803661,0.136524,0.0802347,0.138747,14.0162,1,1,1,1,16,32.4346,0,1,1.02678,0,0,0,0,0,ResNet50,16,8,67,995568,0.066
Job376,6015774000,6016853126,6523765,4573640,0.269689,0.442527,0.268469,0.444064,3.37082,1,1,4,8.74483,5.07671,34.2504,1,4,1.42638,0,0,0,0,0,BERTLARGE,16,8,116,1643976,0.083
Job377,6015801000,6021502725,10111111,3181312,0.283667,0.48082,0.28115,0.481737,3.59744,1,1,3,1.8027,12.7892,32.4728,1,3,3.17828,0,0,0,0,0,GPT2_SMALL,16,16,133,2529088,0.072
Job378,6016618000,6016624796,1950932,1944136,0.153061,0.239955,0.152655,0.24355,7.16785,1,1,3,2.77208,7.06344,36.7582,0,3,1.0035,0,0,0,0,0,ResNet50,16,8,56,894928,0.066
Job379,6016631000,6016853126,4711841,3531676,0.271286,0.436806,0.270341,0.44172,4.25689,1,1,4,6.473,5.83222,35.1802,1,4,1.33417,0,0,0,0,0,ResNet50,16,8,93,1227040,0.066
Job380,6016645000,6016769321,1132513,879761,0.0903088,0.142982,0.0899697,0.143708,11.8895,1,1,2,1.09526,15.2379,36.2958,0,2,1.2873,0,0,0,0,0,GPT2_SMALL,16,16,46,817840,0.072
Job381,6016658000,6016853126,4067704,3354258,0.179814,0.28819,0.179356,0.289235,4.77566,1,1,5,5.30773,5.86042,35.6673,1,5,1.2127,0,0,0,0,0,BERTLARGE,16,8,107,1478472,0.083
Job382,6017287000,6021342841,7752814,3031998,0.243207,0.408181,0.24109,0.410776,4.65466,1,1,4,1.71102,13.1559,32.8557,1,4,2.557,0,0,0,0,0,ResNet50,16,8,130,2313952,0.066
Job383,6017304000,6017334442,2443158,2087812,0.171528,0.269296,0.171264,0.272905,6.99978,1,1,4,6.27036,8.03139,36.773,1,4,1.1702,0,0,0,0,0,ResNet50,16,8,66,985504,0.066
Job384,6017321000,6017601081,3097398,2817317,0.177248,0.280898,0.176853,0.284249,4.9645,1,1,3,3.92172,5.44366,36.1763,0,3,1.09941,0,0,0,0,0,VGG19,16,2,89,1211204,0.075
Job385,6017336000,6017371446,1763116,1727670,0.10876,0.169654,0.108657,0.17049,8.79391,1,1,3,3.49511,8.63961,37.4302,0,3,1.02052,0,0,0,0,0,BERTLARGE,16,8,73,1023336,0.083
Job386,6017350000,6018303044,4130632,3177588,0.225069,0.363437,0.224092,0.36472,4.61926,1,1,3,9.18834,6.17955,35.1342,0,3,1.29993,0,0,0,0,0,GPT2_SMALL,16,16,91,1217872,0.072
Job387,6021550000,6021632790,1301192,1218402,0.0785745,0.137013,0.0785551,0.137593,13.1329,1,1,1,1,16,31.5647,0,1,1.06795,0,0,0,0,0,GPT2_SMALL,16,16,92,1217872,0.072
Job388,6021563000,6021632790,1969244,1899454,0.10875,0.192042,0.108669,0.192794,9.48368,1,1,2,2.14589,11.4165,31.0273,0,2,1.03674,0,0,0,0,0,GPT2_SMALL,16,16,98,1351216,0.072
Job389,6223996000,6224017416,258026,236610,1.09074,0.288807,1.09074,0.313358,0.917001,1,1,1,1,1,23.9729,0,1,1.09051,0,0,0,0,0,VGG19,1,32,10,236560,1
Job390,6224003000,6224005827,272759,269932,1.0107,0.257852,1.0107,0.276124,0.989636,1,1,1,1,1,23.9203,0,1,1.01047,0,0,0,0,0,VGG19,1,32,12,269872,1
Job391,6224552000,6224724253,1218958,1046705,1.16531,0.251369,1.16531,0.255318,0.858688,1,1,1,1,1,23,0,1,1.16457,0,0,0,0,0,ResNeXt,1,32,75,1046040,1
Job392,6226047000,6226136697,3302837,3213140,1.02861,0.209201,1.02861,0.209653,0.972842,1,1,1,1,1,24.5159,0,1,1.02792,0,0,0,0,0,GPT2_SMALL,1,256,137,3210960,1
Job393,6226756000,6226759745,4326053,4322308,1.00106,0.206405,1.00106,0.207594,0.999134,1,1,1,1,1,24.5577,0,1,1.00087,0,0,0,0,0,GNMT,1,64,146,4321472,1
Job394,6226937000,6227008547,5253418,5181871,1.014,0.208651,1.014,0.20965,0.986381,1,1,1,1,1,24.2483,0,1,1.01381,0,0,0,0,0,GNMT,1,64,158,5180864,1
Job395,6253239000,6253467453,7680069,7451616,0.202582,0.202582,0.202582,0.202806,4.95907,1,1,1,1,8,23,0,1,1.03066,0,0,0,0,0,BERTLARGE,8,16,182,7451152,0.142
Job396,6261555000,6261623791,4849243,4780452,0.201162,0.201162,0.201162,0.20179,5.03861,1,1,1,1,8,23,0,1,1.01439,0,0,0,0,0,ResNeXt,8,4,150,4776744,0.13
Job397,6292335000,6292338218,7269552,7266334,1.00059,0.214655,1.00059,0.215068,0.999557,1,1,1,1,1,22,0,1,1.00044,0,0,0,0,0,ResNet50,1,128,177,7265256,1
Job398,6304524000,6410355833,664775251,555731497,0.604013,0.581382,0.577541,0.581431,1.55494,1,1,11,3.81068,3.97942,17.5983,6,11,1.19622,0,0,0,0,0,VGG19,8,4,425,294399640,0.136
Job399,6313392000,6313464199,159718192,159645993,0.196551,0.197507,0.195087,0.197517,4.93154,0.666667,0,1,1,8,22.3686,0,1,1.00045,0,25,25,0,0,BERTLARGE,8,16,321,164735952,0.142
Job400,6313399000,6824674634,920690709,314894786,1.06545,0.960229,0.954928,0.960268,0.93769,1,1,5,1.40421,7.24078,15.2086,3,5,2.9238,0,0,0,0,0,GPT2_SMALL,8,32,423,285304600,0.139
Job401,6315625000,6315790372,517286,351914,1.47083,0.294998,1.47083,0.300831,0.680308,1,1,1,1,1,26.8492,0,1,1.46992,0,0,0,0,0,GPT2_SMALL,1,256,16,351696,1
Job402,6315654000,6315741045,7115153,7028108,1.01308,0.188338,1.01308,0.188507,0.987766,1,1,1,1,1,26.4123,0,1,1.01239,0,0,0,0,0,GPT2_SMALL,1,256,173,7023312,1
Job403,6315674000,6315678834,7192352,7187518,1.00087,0.187895,1.00087,0.188486,0.999328,1,1,1,1,1,26.4079,0,1,1.00067,0,0,0,0,0,GNMT,1,64,176,7186112,1
Job404,6320304000,6320391127,9976461,9889334,1.0095,0.188338,1.0095,0.188459,0.991267,1,1,1,1,1,25.5039,0,1,1.00881,0,0,0,0,0,GPT2_SMALL,1,256,198,9882576,1
Job405,6393863000,6393883837,5097373,5076536,0.381573,0.197445,0.378782,0.197943,2.64291,1,1,1,1,4,24.0607,0,1,1.0041,0,0,0,0,0,ResNet50,4,32,156,5074440,0.255
Job406,6395313000,6395346296,2914259,2880963,0.19437,0.201209,0.192842,0.202256,5.36232,0.5,0,1,1,8,24.6037,0,1,1.01156,0,9,9,0,0,ResNeXt,8,4,134,2825292,0.13
Job407,6396468000,6396501916,12003162,11969246,1.00298,0.201382,1.00298,0.201602,0.997174,1,1,1,1,1,23.6235,0,1,1.00283,0,0,0,0,0,ResNet50,1,128,219,11967464,1
Job408,6402910000,6402923672,3232252,3218580,0.387859,0.203651,0.382367,0.204618,2.61745,1,1,1,1,4,24,0,1,1.00425,0,0,0,0,0,ResNeXt,4,8,138,3216848,0.253
Job409,6422312000,6422430869,501308,382439,0.284924,0.284924,0.284924,0.291891,3.72965,0.5,0,1,1,8,22,0,1,1.31082,0,0,0,0,0,BERTLARGE,8,16,25,393296,0.142
Job410,6427569000,6427611715,698849,656134,0.231415,0.231415,0.231415,0.234443,4.59007,0.5,0,1,1,8,22,0,1,1.0651,0,0,0,0,0,GPT2_SMALL,8,32,41,648728,0.139
Job411,6464658000,6464672065,19758733,19744668,1.0014,0.21955,1.0014,0.219633,0.999288,1,1,1,1,1,21.4278,0,1,1.00071,0,0,0,0,0,GPT2_SMALL,1,256,232,19731152,1
Job412,6488452000,6488568387,831752,715365,0.276874,0.276874,0.276874,0.283964,4.01366,0.666667,0,1,1,8,21,0,1,1.1627,0,0,0,0,0,ResNeXt,8,4,42,702660,0.13
Job413,6490600000,6490663031,392473,329442,0.28372,0.28372,0.28372,0.292604,3.9172,1,1,1,1,8,21,0,1,1.19133,0,0,0,0,0,BERTLARGE,8,16,14,329424,0.142
Job414,6517287000,6517335409,537541,489132,0.252546,0.252546,0.252546,0.25763,4.2464,1,1,1,1,8,21,0,1,1.09897,0,0,0,0,0,BERTLARGE,8,16,33,489104,0.142
Job415,6541345000,6541456576,1175592,1064016,0.252806,0.252681,0.252681,0.254983,4.08121,1,1,1,1,8,20.3015,0,1,1.10486,0,0,0,0,0,BERTLARGE,8,16,76,1063952,0.142
Job416,6780848000,6780887760,10732864,10693104,0.291302,0.291016,0.291016,0.291728,3.45408,1,1,1,1,8,15.6165,0,1,1.00372,0,0,0,0,0,ResNet50,8,16,204,10691472,0.13
Job417,6821520000,6821536868,368782,351914,1.04858,0.356785,1.04858,0.368921,0.95426,1,1,1,1,1,15.2733,0,1,1.04793,0,0,0,0,0,GPT2_SMALL,1,256,17,351696,1
Job418,6821788000,6821823846,7891913,7856067,1.00476,0.335385,1.00476,0.337104,0.995458,1,1,1,1,1,15.4174,0,1,1.00456,0,0,0,0,0,GNMT,1,64,186,7854528,1
Job419,6827292000,6827421053,7248421,7119368,1.01828,0.344949,1.01828,0.346019,0.982196,1,1,1,1,1,15.9184,0,1,1.01813,0,0,0,0,0,ResNet50,1,128,175,7118312,1
Job420,6827318000,6827327546,6386747,6377201,1.00217,0.339287,1.00217,0.340644,0.998505,1,1,1,1,1,16.1732,0,1,1.0015,0,0,0,0,0,ResNeXt,1,32,166,6372888,1
Job421,6827835000,6827845182,3512348,3502166,1.0032,0.338962,1.0032,0.341267,0.997101,1,1,1,1,1,16.986,0,1,1.00291,0,0,0,0,0,VGG19,1,32,139,3501136,1
Job422,6827998000,6828113531,1618377,1502846,1.07718,0.367226,1.07718,0.373153,0.928613,1,1,1,1,1,18,0,1,1.07687,0,0,0,0,0,VGG19,1,32,110,1502416,1
Job423,6839449000,6839590869,20869844,20727975,0.324098,0.324058,0.324058,0.324436,3.09552,1,1,1,1,8,14.0269,0,1,1.00684,0,0,0,0,0,ResNeXt,8,4,236,20711700,0.13
Job424,6850910000,6850914305,562089,557784,0.340858,0.340858,0.340858,0.360535,3.3078,1,1,1,1,8,15,0,1,1.00772,0,0,0,0,0,ResNet50,8,16,37,557712,0.13
Job425,7375403000,7375431892,846257,817365,0.795324,0.795324,0.795324,0.855635,1.28781,1,1,1,1,8,6,0,1,1.03535,0,0,0,0,0,ResNeXt,8,4,45,816780,0.13
Job426,7382041000,7382044614,20496888,20493274,1.00033,0.857974,1.00033,0.860314,0.999824,1,1,1,1,1,6.992,0,1,1.00018,0,0,0,0,0,ResNet50,1,128,234,20490216,1
Job427,7382205000,7382205000,23756839,23756839,1.00068,0.861062,1.00068,0.863409,1,1,1,1,1,1,6.85588,0,1,1,0,0,0,0,0,ResNeXt,1,32,241,23740632,1
Job428,7419700000,7419712787,4930843,4918056,0.753633,0.753633,0.753633,0.758152,1.32988,1,1,1,1,8,6,0,1,1.0026,0,0,0,0,0,GPT2_SMALL,8,32,153,4916824,0.139
Job429,7449386000,7449389354,148329043,148325689,0.871647,0.867212,0.866362,0.867871,1.14746,1,1,1,1,8,5.1952,0,1,1.00002,0,0,0,0,0,GNMT,8,8,300,148316136,0.142
Job430,7474507000,7474515806,5196044,5187238,0.756058,0.756058,0.756058,0.770635,1.33107,1,1,1,1,8,6,0,1,1.0017,0,0,0,0,0,GNMT,8,8,159,5186912,0.142
Job431,7529889000,7529923287,135954468,135920181,0.925721,0.915884,0.98854,0.916347,1.08114,1,1,1,1,8,4.55694,0,1,1.00025,0,0,0,0,0,ResNeXt,8,4,298,135813132,0.13
Job432,7531755000,7531763478,501728,493250,1.01721,0.754564,1.01721,0.796489,0.983102,1,1,1,1,1,7.48777,0,1,1.01719,0,0,0,0,0,BERTLARGE,1,128,34,493240,1
Job433,7532012000,7532015406,362338,358932,1.00961,0.770067,1.00961,0.893497,0.9906,1,1,1,1,1,7.67541,0,1,1.00949,0,0,0,0,0,ResNet50,1,128,21,358888,1
Job434,7653411000,7653411000,616884,616884,1.00006,1.00006,1.00006,1.07313,1,1,1,1,1,8,4,0,1,1,0,0,0,0,0,BERTLARGE,8,16,39,616848,0.142

Makespan,8134710,avgJCT,416723,FairnessT,77.2265,avg_gpu_load,183.525,cold_per_job,3.84562,avg_wave,1.91624,avg_effi_gpu_load,0,avg_fair_gpu_load,0,avg_gpu_usg,6.32375,mean_n_avg,26.0679,avg_shuffle,3.84562,maxFairT,4.74802,minFairT,0.0614817,dfairT,0.634637,dfairSq,0.800297,FairnessN,36.3571,maxFairN,4.25149,minFairN,0.116937,dfairN,0.731581,dfairNSq,0.811776,avg_frag_w_q,0.0276676
Fairness
Mm,1/n,1/n-Down,GPU_load,GPU_share
0.597065,0.447835,0.575238,0.45225,3.68473
Fairness CV
1.1581,1.32874,1.08957,1.31875
Locality
dist,bit,con
0.91244,0.773518,1.8789
