0 VGG19-I 1 772912
14987 BERTLARGE 1 488523
333610 ResNeXt 1 270981
337642 BERTLARGE 1 16017
411449 BERTLARGE 1 108283
423176 ResNet50 8 1769
428623 GPT2-SMALL 1 199211
449352 ResNeXt 1 9821
459376 GNMT 1 5383
501790 GPT2-SMALL 4 13536
514234 GNMT 1 101205
520930 ResNet50 1 6319
528694 ResNet50 4 12950
543023 GNMT 1 2889
543736 GNMT 1 37842
543879 VGG19-I 1 1550
545712 GPT2-SMALL 4 18535
547547 ResNet50 4 23327
554770 ResNeXt 1 54342
555814 GPT2-SMALL 1 47492
560117 GNMT 1 4425
560303 ResNet50 1 78264
564407 GPT2-SMALL 1 139851
566107 VGG19-I 1 100545
566704 VGG19-I 4 13578
570420 BERTLARGE 1 49942
571900 ResNet50 1 1280
573586 ResNeXt 4 7530
576731 ResNet50 1 86624
577431 VGG19-I 1 4674
577612 ResNeXt 1 156963
582485 VGG19-I 4 22123
584215 VGG19-I 1 118798
585265 ResNet50 1 4835
591096 GNMT 4 12480
613103 GNMT 1 603686
614832 GNMT 1 5270
615312 GNMT 1 5094
616295 BERTLARGE 1 3933
622648 VGG19-I 4 14460
622933 ResNet50 4 15444
623774 BERTLARGE 4 9634
650398 VGG19-I 1 6658
650662 ResNeXt 1 6884
650712 ResNet50 1 5943
657069 VGG19-I 4 11619
657823 GPT2-SMALL 4 11523
657902 VGG19-I 4 11600
666213 VGG19-I 1 123515
670037 GPT2-SMALL 1 167718
719168 GNMT 1 64503
720082 GNMT 1 301864
769562 ResNeXt 1 202081
811311 ResNeXt 1 97252
832094 ResNeXt 1 3643
835575 ResNet50 4 19433
850218 ResNeXt 1 145425
860395 VGG19-I 1 2756
863388 GNMT 4 14717
875643 ResNeXt 1 684473
905784 ResNeXt 1 8639
913581 VGG19-I 4 25935
948890 ResNet50 1 4620
954486 GPT2-SMALL 4 18765
1656081 GPT2-SMALL 1 40756
1656081 BERTLARGE 1 27728
1656859 GPT2-SMALL 1 39568
1658718 VGG19-I 1 63539
1736386 VGG19-I 8 99
1738609 ResNet50 8 367
1776761 GNMT 1 43997
1826753 VGG19-I 1 17033
1842714 ResNeXt 1 45868
1842805 GPT2-SMALL 1 41209
1854378 GNMT 1 1408
1856588 GPT2-SMALL 4 10279
1871151 GPT2-SMALL 1 1706
1872003 ResNet50 1 4387
1884165 ResNet50 4 25785
1892086 ResNet50 4 7342
1894388 ResNet50 1 115343
1899602 BERTLARGE 1 25396
1899623 GNMT 1 606
1902175 ResNet50 4 33047
1904317 VGG19-I 1 28890
1918724 VGG19-I 1 5621
1924709 VGG19-I 4 26851
1928183 GNMT 1 22233
1930505 GNMT 1 57161
1932011 VGG19-I 1 91138
1951812 ResNet50 1 976
1953430 ResNet50 4 11351
1976107 BERTLARGE 1 61099
1988818 ResNet50 1 4830
1994671 GNMT 4 9757
1995484 VGG19-I 1 99651
1998121 BERTLARGE 1 53729
2010666 ResNeXt 1 5587
2015728 GNMT 4 8510
2106362 ResNeXt 8 1291
2142153 GPT2-SMALL 8 38
2142729 ResNet50 4 39
2148838 GNMT 1 129807
2150015 GNMT 1 192
2155117 GNMT 1 250
2158243 GNMT 1 183
2158245 ResNeXt 1 190
2158282 ResNet50 1 187
2159287 ResNet50 1 257
2162779 VGG19-I 1 113529
2167245 ResNet50 1 213
2168177 VGG19-I 1 219
2174541 GPT2-SMALL 1 266
2175056 ResNeXt 1 1128
2175087 VGG19-I 1 270
2175091 GPT2-SMALL 4 1963
2175485 BERTLARGE 1 140
2175548 ResNet50 4 3459
2175974 VGG19-I 4 5464
2176375 ResNet50 4 3529
2183669 GNMT 1 206
2189194 GNMT 1 237
2189751 BERTLARGE 4 5494
2197400 ResNet50 1 3959
2198108 VGG19-I 1 301
2237893 GNMT 1 24329
2237958 GPT2-SMALL 1 31914
2319383 GNMT 1 10987
2459083 ResNeXt 1 19937
2462427 BERTLARGE 1 5962
2473713 BERTLARGE 4 13147
2476812 ResNet50 4 28381
2501445 ResNeXt 1 14089
2513099 BERTLARGE 1 7935
2514043 GPT2-SMALL 4 21897
2528140 GPT2-SMALL 4 27375
2546601 BERTLARGE 8 126187
2608653 VGG19-I 1 145447
2861740 ResNeXt 4 192
2862735 VGG19-I 4 295
2864189 BERTLARGE 8 37303
2920880 ResNeXt 4 571
2921967 GNMT 4 300
2923022 VGG19-I 8 405
2923274 GPT2-SMALL 8 169181
2925215 VGG19-I 8 1065
2934155 GNMT 8 376
2945207 ResNeXt 4 503
2946168 GNMT 8 314
2946220 ResNet50 8 435
2952863 ResNeXt 4 512
2954185 ResNeXt 4 2333
2956016 GNMT 2 339
2957978 ResNeXt 4 512
2959789 GPT2-SMALL 4 403
2961491 ResNeXt 4 357
3001313 GPT2-SMALL 8 1193
3092743 GPT2-SMALL 4 695
3114922 VGG19-I 2 346
3121192 ResNet50 8 3532
3124550 VGG19-I 8 604
3126174 VGG19-I 16 223
3127478 ResNet50 16 241
3127765 GPT2-SMALL 16 243
3128750 BERTLARGE 16 281
3128751 BERTLARGE 16 137
3129000 BERTLARGE 16 160
3129498 VGG19-I 8 198
3129898 ResNet50 16 205
3130698 ResNeXt 8 649
3130699 GPT2-SMALL 16 230
3132172 GPT2-SMALL 16 457
3132172 BERTLARGE 16 133
3132173 VGG19-I 16 263
3132197 GNMT 8 755
3137506 BERTLARGE 1 108416
3196570 VGG19-I 1 132183
3217920 BERTLARGE 1 93734
3239916 ResNet50 1 233757
3408446 BERTLARGE 1 8275
3423978 GNMT 4 22243
3460408 BERTLARGE 1 7215
3474009 BERTLARGE 4 20164
3616615 VGG19-I 1 209178
3639104 GNMT 1 296255
3779296 GNMT 1 31635
3780153 GNMT 1 32219
3798223 BERTLARGE 1 135807
3807786 VGG19-I 4 36004
3902531 GPT2-SMALL 1 324270
4012992 VGG19-I 1 972
4019602 BERTLARGE 1 17009
4026321 ResNet50 1 562
4027222 GPT2-SMALL 4 3276
4059434 ResNeXt 1 61844
4065958 GPT2-SMALL 1 105358
4075698 ResNet50 1 738
4077353 GNMT 4 4876
4086003 GNMT 1 463
4086889 BERTLARGE 4 12001
4134129 BERTLARGE 1 30753
4162101 VGG19-I 1 54464
4163083 ResNeXt 1 42526
4164732 VGG19-I 1 168729
4165826 BERTLARGE 1 36658
4167022 VGG19-I 1 1662
4169101 BERTLARGE 4 2911
4175393 BERTLARGE 1 456
4176798 BERTLARGE 4 3356
4215881 GNMT 1 137194
4220247 ResNeXt 1 229073
4249251 BERTLARGE 1 6557
4350971 ResNeXt 1 486
4352303 ResNeXt 4 9668
4361645 GNMT 1 281
4366614 VGG19-I 4 4722
4381709 GNMT 1 139507
4383960 ResNet50 1 3063
4383973 GNMT 1 2545
4388422 ResNet50 4 19360
4388839 BERTLARGE 4 4213
4397894 BERTLARGE 1 1438
4400888 BERTLARGE 4 6069
4413169 BERTLARGE 1 1812
4416689 ResNet50 4 25263
4460882 BERTLARGE 1 4666
4469854 BERTLARGE 4 8339
4482581 ResNeXt 1 166940
4487834 ResNet50 1 5330
4491695 BERTLARGE 1 130575
4491743 VGG19-I 1 7881
4494352 BERTLARGE 4 8334
4500295 VGG19-I 4 12287
4517152 VGG19-I 1 5891
4523500 ResNeXt 4 18687
4574425 ResNet50 1 3654
4596224 VGG19-I 8 1516
4603400 ResNet50 1 5642
4610421 GNMT 4 10274
4627517 GNMT 1 4167
4633765 ResNeXt 4 21454
4656005 GNMT 8 136251
4665293 ResNet50 1 3826
4670306 GNMT 4 7185
4672136 BERTLARGE 8 98833
4682533 BERTLARGE 1 2372
4687303 VGG19-I 4 10380
4687803 ResNet50 1 137646
4705635 VGG19-I 1 71606
4737428 ResNeXt 1 56445
4759163 ResNet50 8 121308
4802626 BERTLARGE 1 2512
4803888 VGG19-I 1 4612
4808965 BERTLARGE 4 6159
4809174 GPT2-SMALL 4 8766
4822017 ResNeXt 1 5000
4823333 ResNeXt 1 5273
4827248 VGG19-I 4 10425
4827686 ResNeXt 1 55950
4828399 BERTLARGE 4 6567
4842667 BERTLARGE 2 99694
4850225 VGG19-I 8 239487
5191085 VGG19-I 8 343721
5191127 GPT2-SMALL 8 289672
5191385 BERTLARGE 8 149345
5192642 VGG19-I 8 261373
5225649 ResNet50 1 41822
5251012 VGG19-I 1 4356
5253126 ResNet50 1 3860
5257856 ResNeXt 4 12920
5276895 GPT2-SMALL 8 83044
5286677 ResNeXt 8 104446
5286924 GNMT 8 56052
5342462 GPT2-SMALL 1 3614
5342493 ResNeXt 4 12900
5347297 ResNet50 4 9555
5355399 GPT2-SMALL 1 4355
5361092 BERTLARGE 4 6367
5368937 ResNeXt 8 24296
5368975 ResNet50 8 10197
5428346 BERTLARGE 8 6099
5526404 VGG19-I 8 2540
5595272 GPT2-SMALL 1 4183
5596647 BERTLARGE 1 2590
5600810 VGG19-I 4 12828
5601661 GPT2-SMALL 4 11707
5700612 GNMT 1 4233
5702457 GNMT 1 3983
5707032 VGG19-I 4 11840
5708442 VGG19-I 4 9489
5778841 VGG19-I 1 30240
5791684 ResNet50 1 96653
5792349 BERTLARGE 1 420
5793333 GPT2-SMALL 4 2029
5797043 ResNet50 1 292729
5797300 VGG19-I 1 695
5797523 GNMT 1 184127
5798233 GNMT 4 1688
5810936 ResNet50 1 9498
5811121 VGG19-I 1 227
5811581 BERTLARGE 4 1294
5814467 ResNet50 1 277
5815637 GPT2-SMALL 4 3977
5851054 ResNet50 1 5497
5857784 VGG19-I 1 535
5857843 GNMT 4 8428
5858440 ResNeXt 1 604
5862253 ResNeXt 1 19480
5871764 BERTLARGE 1 4310
5880007 ResNeXt 4 14713
5882197 GNMT 1 12031
5886194 ResNeXt 1 67062
5944998 GPT2-SMALL 1 2985
5948959 VGG19-I 4 7201
5958884 GPT2-SMALL 1 3432
5958987 GPT2-SMALL 1 3600
5962099 VGG19-I 1 154370
5963581 GPT2-SMALL 4 7933
5987939 ResNet50 1 131305
6011345 GNMT 1 3330
6016364 GPT2-SMALL 4 9307
6018962 ResNeXt 4 20728
6029564 BERTLARGE 1 2503
6034413 ResNeXt 4 14063
6194368 VGG19-I 1 140505
6194627 ResNeXt 1 159886
6220192 ResNet50 1 7844
6229580 ResNet50 4 14601
6248338 GNMT 1 4530
6255088 GNMT 4 13353
6498622 ResNet50 8 452369
6559995 ResNet50 4 18344
6564692 ResNeXt 1 206
6565117 GPT2-SMALL 4 475
6565979 ResNeXt 1 468
6566627 GPT2-SMALL 4 852
6568202 ResNet50 1 63
6568501 GNMT 4 1030
6570398 ResNeXt 1 95
6570670 GPT2-SMALL 4 337
6574159 VGG19-I 1 145185
6574940 ResNet50 1 131861
6656261 BERTLARGE 1 90238
6673017 BERTLARGE 8 100736
6742142 ResNet50 1 183140
6912649 ResNeXt 1 43
6914424 VGG19-I 1 65
6916594 GNMT 8 605
6916858 ResNeXt 1 1950
6987521 ResNet50 8 17627
6993675 BERTLARGE 8 7892
6998504 ResNet50 8 17776
7018786 GPT2-SMALL 8 16285
7066224 GPT2-SMALL 8 870
7069146 GPT2-SMALL 8 54673
7070488 GPT2-SMALL 1 6081
7072684 VGG19-I 1 94563
7072917 VGG19-I 1 94230
7078470 GPT2-SMALL 4 12157
7086458 ResNet50 8 68065
7090173 ResNeXt 1 23239
7108442 GPT2-SMALL 1 29788
7158204 GPT2-SMALL 1 5746
7161738 GNMT 8 5699
7273750 GNMT 1 117483
7294486 ResNet50 1 100374
7371078 ResNet50 1 71832
7371765 GNMT 4 14252
7410341 VGG19-I 1 13591
7666551 VGG19-I 4 33160
7737258 VGG19-I 1 111657
7796379 BERTLARGE 1 13486
7800205 ResNeXt 1 24031
7832134 ResNet50 1 73846
7850188 VGG19-I 1 3814
7850840 GNMT 1 3098
7854372 ResNeXt 4 23174
7875681 GNMT 1 3194
7939057 VGG19-I 1 9255
