Job#,Admitted_time,Scheduled_time,JCT,Running_time,fairness(Mm),fairness(1/n),fairness(1/n-down),fairness(GPU_load),fairness(GPU_share),locality(dist),locality(bit),yield_count,n_avg,promote_count,model,gpu_req,rank_irt,ideal_run_time
Job1,0,0,1212280,1212280,1,1,1,1.10279,1,1,1,0,1.88204,0,ResNeXt,8,8,1212280
Job2,143000,143000,1143080,1143080,1,1,1,1.07235,1,1,1,0,1.93544,0,BERTLARGE,8,4,1143080
Job3,2044000,2044000,5298496,5298496,0.54705,0.455362,0.415331,0.460507,1.84881,1,1,0,6.10782,0,ResNet50,16,47,5298496
Job4,3321000,3321000,7558701,4936732,0.61833,0.623334,0.523569,0.627267,1.69982,1,1,2,7.69155,0,BERTLARGE,16,44,4743765
Job5,3416000,3416000,3752660,3752660,1,0.386019,1,0.390437,1,1,1,0,7.86231,0,ResNet50,4,39,3752660
Job6,3667000,10879701,12001742,4789041,1.10087,1.09185,0.920079,1.09946,0.916592,1,1,0,6.87895,0,BERTLARGE,16,45,4789041
Job7,3796000,3816000,2596309,2576309,0.650434,0.381431,0.615286,0.392977,1.58332,1,1,0,8.45782,0,GNMT,8,33,2576309
Job8,4172000,12371989,13785796,4931065,1.32574,1.29089,1.09219,1.29673,0.769087,1,1,1,6.5301,0,GPT2_SMALL,16,46,4861949
Job9,4173000,35938105,37092224,5327119,3.6579,3.55752,2.91832,3.60244,0.276627,1,1,0,6.05148,0,ResNet50,16,48,5327119
Job10,4187000,4187000,1335329,1335329,0.601414,0.377664,0.589486,0.400308,1.7795,1,1,0,9.09535,0,GNMT,8,12,1335329
Job11,4592000,16278979,21690156,6583144,1.8045,1.91318,1.47513,1.95905,0.689866,1,1,4,6.9799,0,VGG19,16,49,5436924
Job12,4990000,7342496,7381989,4823221,0.579612,0.604077,0.50557,0.607858,1.77869,1,1,1,7.80847,0,BERTLARGE,16,43,4726517
Job13,7103000,7123000,1189272,1169272,0.696569,0.383189,0.692117,0.389124,1.4547,1,1,0,7.44685,0,GPT2_SMALL,8,6,1169272
Job14,8066000,8086000,1109028,1089028,0.718343,0.396332,0.71633,0.403152,1.41073,1,1,0,7.20403,0,GPT2_SMALL,8,3,1089028
Job15,9937000,9937000,1410490,1410490,1,0.43523,1,0.445105,1,1,1,0,9.66835,0,BERTLARGE,1,13,1410490
Job16,9937000,9937000,1428322,1428322,1,0.453938,1,0.479601,1,1,1,0,9.64752,0,VGG19,1,15,1428322
Job17,9937000,9937000,1534708,1534708,1,0.438775,1,0.447984,1,1,1,0,9.464,0,BERTLARGE,1,22,1534708
Job18,9937000,9937000,1704750,1704750,1,0.440212,1,0.446011,1,1,1,0,9.11848,0,ResNeXt,1,26,1704750
Job19,13332000,13332000,1733563,1733563,1,0.616843,1,0.629155,1,1,1,0,5.04128,0,ResNet50,1,27,1733563
Job20,14994000,15014000,1284979,1264979,0.533149,0.549818,0.525087,0.56136,1.91084,1,1,0,4.92864,0,GPT2_SMALL,16,9,1264979
Job21,15832000,15832000,1422490,1422490,1,0.67367,1,0.71176,1,1,1,0,4.33495,0,ResNeXt,8,14,1422490
Job22,17225000,17245000,1316826,1296826,1.01542,0.72439,1.01542,0.813941,0.984812,1,1,0,5.23979,0,GNMT,1,10,1296826
Job23,17758000,37422973,25135207,5470234,2.69452,2.59368,2.13348,2.62895,0.37486,1,1,0,5.45451,0,ResNet50,16,50,5470234
Job24,17931000,17951000,1323012,1303012,0.860555,0.588129,0.715358,0.600773,1.16872,1,1,0,7.17585,0,GPT2_SMALL,8,11,1303012
Job25,18252000,18272000,1506190,1486190,0.809041,0.565656,0.637754,0.590725,1.25655,1,1,0,8.18791,0,ResNeXt,8,18,1486190
Job26,18252000,18252000,1519996,1519996,0.816514,0.585726,0.654914,0.651824,1.27177,1,1,0,8.1862,0,VGG19,8,20,1519996
Job27,18329000,18329000,3208313,3208313,1,0.521263,1,0.53877,1,1,1,0,8.70405,0,GNMT,1,38,3208313
Job28,18710000,18710000,1607950,1607950,1,0.555334,1,0.565162,1,1,1,0,8.42172,0,ResNeXt,1,25,1607950
Job29,19163000,19163000,1562226,1562226,1,0.530719,1,0.541762,1,1,1,0,8.86966,0,ResNeXt,2,23,1562226
Job30,19321000,19758190,3229735,2792545,0.797385,0.57166,0.637626,0.585124,1.27312,1,1,0,9.26792,0,ResNet50,8,36,2792545
Job31,19856000,19856000,2746328,2746328,0.683617,0.498276,0.559854,0.523258,1.51185,1,1,0,9.34747,0,VGG19,8,35,2746328
Job32,20109000,20129000,4553459,2892477,1.31301,0.85721,1.08318,0.890748,0.839798,1,1,1,8.09858,0,GNMT,8,34,2671898
Job33,20293000,20293000,1819982,1819982,0.629561,0.477207,0.549503,0.503617,1.66105,1,1,0,9.6052,0,GNMT,8,28,1819982
Job34,20452000,20472000,1946836,1926836,0.647189,0.491993,0.557733,0.527042,1.633,1,1,0,9.69978,0,VGG19,8,29,1926836
Job35,21281000,21281000,1182553,1182553,1,0.495631,1,0.533261,1,1,1,0,9.921,0,VGG19,1,7,1182553
Job36,21672000,21672000,1601014,1601014,1,0.508951,1,0.518008,1,1,1,0,8.5699,0,ResNet50,1,24,1601014
Job37,22007000,22007000,1444420,1444420,1,0.55799,1,0.60471,1,1,1,0,7.9208,0,GNMT,1,17,1444420
Job38,22592000,23451420,8024484,4866779,0.662471,0.7447,0.620383,0.748036,1.58654,1,1,3,6.98529,0,GPT2_SMALL,16,41,4660124
Job39,23770000,23790000,1449636,1429636,1.01399,0.470629,1.01399,0.477768,0.986203,1,1,0,6.72413,0,GPT2_SMALL,4,16,1429636
Job40,24146000,27153740,11792105,4801595,1.15469,1.19519,1.04804,1.21115,0.908062,1,1,1,6.14987,0,ResNet50,16,40,4651071
Job41,24880000,24900000,2184625,2164625,0.735835,0.436597,0.72828,0.443431,1.3726,1,1,0,7.00019,0,BERTLARGE,8,31,2164625
Job42,25026000,25026000,2127740,2127740,0.730503,0.436049,0.725272,0.446387,1.38961,1,1,0,7.0002,0,ResNeXt,8,30,2127740
Job43,26549000,32714656,10873973,4708317,1.21103,1.17732,1.05474,1.19413,0.836898,1,1,0,5.55862,0,ResNet50,16,42,4708317
Job44,26991000,26991000,3058670,3058670,0.709324,0.406246,0.701002,0.412436,1.42551,1,1,0,7.21446,0,ResNeXt,8,37,3058670
Job45,27655000,27675000,1186917,1166917,0.775891,0.487701,0.775796,0.546828,1.37785,1,1,0,7.00836,0,VGG19,8,5,1166917
Job46,28832000,28832000,1029008,1029008,0.656841,0.389434,0.656747,0.409586,1.59798,1,1,0,7.99117,0,ResNet50,8,1,1029008
Job47,28851000,29861008,3863656,2374164,0.711277,0.751553,0.636651,0.771051,1.5562,1,1,1,7.09162,0,ResNet50,16,32,2223568
Job48,29986000,30006000,1066510,1046510,1.01911,0.42582,1.01911,0.434556,0.981247,1,1,0,8.12297,0,ResNeXt,1,2,1046510
Job49,30117000,30137000,1540770,1520770,0.790463,0.447595,0.672502,0.462787,1.2874,1,1,0,7.73599,0,ResNeXt,8,21,1520770
Job50,30418000,30418000,1499875,1499875,1,0.473243,1,0.499794,1,1,1,0,7.38196,0,VGG19,1,19,1499875
