Job#,Admitted_time,Scheduled_time,JCT,Running_time,fairness(Mm),fairness(1/n),fairness(1/n-down),fairness(GPU_load),fairness(GPU_share),locality(dist),locality(bit),yield_count,n_avg,promote_count,model,gpu_req,rank_irt,ideal_run_time
Job1,0,0,1212280,1212280,1,1,1,1.10279,1,1,1,0,1.88204,0,ResNeXt,8,8,1212280
Job2,143000,143000,1143080,1143080,1,1,1,1.07235,1,1,1,0,1.93544,0,BERTLARGE,8,4,1143080
Job3,2044000,2044000,5298496,5298496,0.529649,0.43515,0.382888,0.439846,1.91038,1,1,0,6.63068,0,ResNet50,16,47,5298496
Job4,3321000,3321000,4743765,4743765,0.361487,0.362039,0.297233,0.364152,2.79512,1,1,0,8.50718,0,BERTLARGE,16,44,4743765
Job5,3416000,3416000,3752660,3752660,0.998456,0.368205,1,0.372223,1.00159,1,1,0,8.5079,0,ResNet50,4,39,3752660
Job6,3667000,7342496,8464537,4789041,0.535788,0.634796,0.465216,0.638437,1.88739,1,1,0,9.61105,0,BERTLARGE,16,45,4789041
Job7,3796000,7168660,5948969,2576309,1.35734,0.830599,1.31747,0.854459,0.762292,1,1,0,9.08017,0,GNMT,8,33,2576309
Job8,4172000,8064765,8754714,4861949,0.532369,0.644553,0.460427,0.646841,1.8916,1,1,0,9.84975,0,GPT2_SMALL,16,46,4861949
Job9,4173000,12131537,13285656,5327119,1.02602,1.06205,0.740569,1.07321,0.988991,1,1,0,8.56715,0,ResNet50,16,48,5327119
Job10,4187000,9744969,6893298,1335329,3.01812,1.93479,2.85257,2.04986,0.355574,1,1,0,9.76158,0,GNMT,8,12,1335329
Job11,4592000,12926714,32445234,5723873,2.30651,2.52155,1.77864,2.57468,0.470814,1,1,1,8.69011,0,VGG19,16,49,5436924
Job12,4990000,17458656,17195173,4726517,1.43067,1.55028,1.02072,1.56098,0.705905,1,1,0,9.01519,0,BERTLARGE,16,43,4726517
Job13,7103000,11080298,5146570,1169272,2.59194,1.64276,2.22022,1.66796,0.392505,1,1,0,10.1196,0,GPT2_SMALL,8,6,1169272
Job14,8066000,12249570,5272598,1089028,3.24482,2.00548,2.48468,2.04225,0.312802,1,1,0,9.95837,0,GPT2_SMALL,8,3,1089028
Job15,9937000,13338598,4812088,1410490,3.41164,1.73079,3.41164,1.77674,0.293114,1,1,0,9.79687,0,BERTLARGE,1,13,1410490
Job16,9937000,13338598,4829920,1428322,3.38153,1.77945,3.38153,1.89713,0.295724,1,1,0,9.78655,0,VGG19,1,15,1428322
Job17,9937000,13338598,4936306,1534708,3.21645,1.64314,3.21645,1.68343,0.310902,1,1,0,9.70494,0,BERTLARGE,1,22,1534708
Job18,9937000,13338598,5106348,1704750,2.99536,1.53273,2.99536,1.55625,0.333849,1,1,0,9.55793,0,ResNeXt,1,26,1704750
Job19,13332000,13338598,1740161,1733563,1.00381,0.759934,1.00381,0.778636,0.996208,1,1,0,7.55681,0,ResNet50,1,27,1733563
Job20,14994000,18349000,4619979,1264979,1.85875,1.99476,1.51973,2.03702,0.548428,1,1,0,6.14651,0,GPT2_SMALL,16,9,1264979
Job21,15832000,15832000,1422490,1422490,0.999523,0.57573,0.996198,0.603322,1.00052,1,1,0,5.02073,0,ResNeXt,8,14,1422490
Job22,17225000,17254490,1326316,1296826,1.02274,0.633267,1.02274,0.700123,0.977765,1,1,0,5.88321,0,GNMT,1,10,1296826
Job23,17758000,19613979,19467843,5620630,1.27215,1.4556,1.03253,1.46989,0.820315,1,1,1,8.76575,0,ResNet50,16,50,5470234
Job24,17931000,22185173,5557185,1303012,2.33814,1.70838,1.93164,1.73362,0.434975,1,1,0,11.2672,0,GPT2_SMALL,8,11,1303012
Job25,18252000,22185173,5419363,1486190,1.93861,1.47267,1.65158,1.51933,0.535715,1,1,0,11.5364,0,ResNeXt,8,18,1486190
Job26,18252000,23451420,6719416,1519996,2.43872,1.88351,2.1544,2.03351,0.448543,1,1,0,11.3609,0,VGG19,8,20,1519996
Job27,18329000,18329000,3208313,3208313,1,0.41505,1,0.426074,1,1,1,0,10.924,0,GNMT,1,38,3208313
Job28,18710000,18710000,1607950,1607950,1,0.438602,1,0.44471,1,1,1,0,10.3332,0,ResNeXt,1,25,1607950
Job29,19163000,19163000,1562226,1562226,1,0.414459,1,0.421163,1,1,1,0,11.3293,0,ResNeXt,2,23,1562226
Job30,19321000,23488185,6959730,2792545,1.17992,0.925988,1.08093,0.942286,0.869302,1,1,0,11.8471,0,ResNet50,8,36,2792545
Job31,19856000,23671363,6561691,2746328,1.13553,0.905033,1.05993,0.939118,0.929613,1,1,0,11.9353,0,VGG19,8,35,2746328
Job32,20109000,24971416,7534314,2671898,1.33134,1.04013,1.2599,1.06966,0.783204,1,1,0,11.6916,0,GNMT,8,34,2671898
Job33,20293000,25046000,6572982,1819982,1.71415,1.36279,1.62258,1.42174,0.621219,1,1,0,11.8858,0,GNMT,8,28,1819982
Job34,20452000,25046000,6520836,1926836,1.63375,1.29912,1.55055,1.371,0.662167,1,1,0,11.8482,0,VGG19,8,29,1926836
Job35,21281000,21281000,1182553,1182553,1,0.398139,1,0.422064,1,1,1,0,13.0368,0,VGG19,1,7,1182553
Job36,21672000,21672000,1601014,1601014,1,0.371033,1,0.375823,1,1,1,0,13.0311,0,ResNet50,1,24,1601014
Job37,22007000,22007000,1444420,1444420,1,0.399852,1,0.423287,1,1,1,0,12.9109,0,GNMT,1,17,1444420
Job38,22592000,28582316,10650440,4660124,0.647565,0.825682,0.602061,0.82877,1.55578,1,1,0,9.5629,0,GPT2_SMALL,16,41,4660124
Job39,23770000,26280730,3940366,1429636,2.52722,0.958457,2.51499,0.96931,0.396785,1,1,0,10.991,0,GPT2_SMALL,4,16,1429636
Job40,24146000,29861008,10366079,4651071,0.712806,0.838316,0.651095,0.847224,1.43034,1,1,0,8.73189,0,ResNet50,16,40,4651071
Job41,24880000,26417691,3702316,2164625,0.831416,0.592267,0.820661,0.599665,1.2256,1,1,0,10.621,0,BERTLARGE,8,31,2164625
Job42,25026000,26865982,3967722,2127740,0.942556,0.659088,0.926657,0.671697,1.09037,1,1,0,10.3456,0,ResNeXt,8,30,2127740
Job43,26549000,33242440,11401757,4708317,1.13886,1.09215,0.951844,1.10592,0.891277,1,1,0,6.46995,0,ResNet50,16,42,4708317
Job44,26991000,26991000,3058670,3058670,0.587385,0.365568,0.580353,0.370573,1.72941,1,1,0,8.75413,0,ResNeXt,8,37,3058670
Job45,27655000,27655000,1166917,1166917,0.628526,0.422663,0.626906,0.467193,1.76311,1,1,0,8.84212,0,VGG19,8,5,1166917
Job46,28832000,28832000,1029008,1029008,0.646798,0.385564,0.645814,0.405306,1.62504,1,1,0,8.1387,0,ResNet50,8,1,1029008
Job47,28851000,34512079,7884647,2223568,1.63017,1.62036,1.45282,1.66484,0.634014,1,1,0,6.32548,0,ResNet50,16,32,2223568
Job48,29986000,30049670,1110180,1046510,1.06084,0.416047,1.06084,0.424048,0.942649,1,1,0,8.55023,0,ResNeXt,1,2,1046510
Job49,30117000,31917875,3321645,1520770,1.58068,0.88196,1.45854,0.909241,0.64667,1,1,0,7.68726,0,ResNeXt,8,21,1520770
Job50,30418000,30418000,1499875,1499875,1,0.407727,1,0.427283,1,1,1,0,8.45216,0,VGG19,1,19,1499875
