Job#,Admitted_time,Scheduled_time,JCT,Running_time,fairness(Mm),fairness(1/n),fairness(1/n-down),fairness(GPU_load),fairness(GPU_share),locality(dist),locality(bit),yield_count,n_avg,promote_count,model,gpu_req,rank_irt,ideal_run_time
Job1,0,0,1212280,1212280,1,1,1,1.10279,1,1,1,0,1.88204,0,ResNeXt,8,8,1212280
Job2,143000,143000,1143080,1143080,1,1,1,1.07235,1,1,1,0,1.93544,0,BERTLARGE,8,4,1143080
Job3,2044000,2044000,5298496,5298496,0.529649,0.43515,0.382888,0.439846,1.91038,1,1,0,6.63068,0,ResNet50,16,47,5298496
Job4,3321000,3321000,16854300,4841477,1.45262,1.502,1.19808,1.51225,0.709356,1,1,1,7.49383,0,BERTLARGE,16,44,4743765
Job5,3416000,3416000,3752660,3752660,0.998456,0.368205,1,0.372223,1.00159,1,1,0,8.5079,0,ResNet50,4,39,3752660
Job6,3667000,7342496,8464537,4789041,0.597799,0.645724,0.518926,0.649491,1.69066,1,1,0,8.61212,0,BERTLARGE,16,45,4789041
Job7,3796000,6864000,5644309,2576309,1.32093,0.783882,1.27606,0.806277,0.782345,1,1,0,8.88611,0,GNMT,8,33,2576309
Job8,4172000,9288357,9978306,4861949,0.727767,0.77083,0.633188,0.773702,1.38292,1,1,0,8.15907,0,GPT2_SMALL,16,46,4861949
Job9,4173000,12131537,13285656,5327119,0.979422,1.00913,0.844778,1.01919,1.03652,1,1,0,7.50262,0,ResNet50,16,48,5327119
Job10,4187000,6864000,4012329,1335329,1.7128,1.06901,1.6965,1.12918,0.628063,1,1,0,9.53497,0,GNMT,8,12,1335329
Job11,4592000,18723635,19568559,5436924,1.35077,1.53844,1.10574,1.57124,0.764064,1,1,0,8.42699,0,VGG19,16,49,5436924
Job12,4990000,14150306,13886823,4726517,1.17146,1.20227,0.997141,1.21023,0.862024,1,1,0,7.44578,0,BERTLARGE,16,43,4726517
Job13,7103000,7168660,1234932,1169272,0.577323,0.349804,0.575327,0.354559,1.76527,1,1,0,9.35507,0,GPT2_SMALL,8,6,1169272
Job14,8066000,8199329,1222357,1089028,0.689257,0.403001,0.685519,0.409391,1.47628,1,1,0,8.33154,0,GPT2_SMALL,8,3,1089028
Job15,9937000,9937000,1410490,1410490,1,0.41262,1,0.421486,1,1,1,0,10,0,BERTLARGE,1,13,1410490
Job16,9937000,9937000,1428322,1428322,1,0.430495,1,0.453508,1,1,1,0,9.98752,0,VGG19,1,15,1428322
Job17,9937000,9937000,1534708,1534708,1,0.412177,1,0.420293,1,1,1,0,9.84974,0,BERTLARGE,1,22,1534708
Job18,9937000,9937000,1704750,1704750,1,0.408972,1,0.413972,1,1,1,0,9.56549,0,ResNeXt,1,26,1704750
Job19,13332000,13332000,1733563,1733563,1,0.554329,1,0.564252,1,1,1,0,5.51332,0,ResNet50,1,27,1733563
Job20,14994000,17458656,3729635,1264979,1.33184,1.40018,1.20669,1.4259,0.767097,1,1,0,6.25085,0,GPT2_SMALL,16,9,1264979
Job21,15832000,15832000,1422490,1422490,0.844106,0.475025,0.841801,0.493653,1.20062,1,1,0,6.02073,0,ResNeXt,8,14,1422490
Job22,17225000,17254490,1326316,1296826,1.02274,0.523587,1.02274,0.56847,0.977765,1,1,0,6.88321,0,GNMT,1,10,1296826
Job23,17758000,26064000,13776234,5470234,0.856436,1.15377,0.730094,1.16647,1.18639,1,1,0,8.77261,0,ResNet50,16,50,5470234
Job24,17931000,20175300,3547312,1303012,1.67514,1.21407,1.38249,1.23407,0.605623,1,1,0,10.0287,0,GPT2_SMALL,8,11,1303012
Job25,18252000,21264000,4498190,1486190,1.80296,1.39852,1.47071,1.44944,0.573095,1,1,0,10.7251,0,ResNeXt,8,18,1486190
Job26,18252000,20175300,3443296,1519996,1.42185,1.09486,1.19887,1.19484,0.758138,1,1,0,10.379,0,VGG19,8,20,1519996
Job27,18329000,18329000,4914931,3428741,1.53194,0.702771,1.53194,0.72346,0.697617,1,1,1,10.8802,0,GNMT,1,38,3208313
Job28,18710000,18710000,1607950,1607950,1,0.482802,1,0.490213,1,1,1,0,9.79456,0,ResNeXt,1,25,1607950
Job29,19163000,19163000,1562226,1562226,1,0.461606,1,0.469938,1,1,1,0,10.6886,0,ResNeXt,2,23,1562226
Job30,19321000,21478312,4949857,2792545,1.01087,0.81036,0.815105,0.827982,1.01,1,1,0,11.1597,0,ResNet50,8,36,2792545
Job31,19856000,24160559,7050887,2746328,1.60526,1.23629,1.36797,1.29609,0.647692,1,1,0,9.84853,0,VGG19,8,35,2746328
Job32,20109000,24160559,6723457,2671898,1.56033,1.19955,1.32794,1.24393,0.660592,1,1,0,9.83673,0,GNMT,8,34,2671898
Job33,20293000,21695296,3222278,1819982,0.990418,0.823823,0.814447,0.868217,1.0646,1,1,0,11.594,0,GNMT,8,28,1819982
Job34,20452000,23515278,4990114,1926836,1.59445,1.26614,1.33155,1.35673,0.6653,1,1,0,10.4721,0,VGG19,8,29,1926836
Job35,21281000,22750190,2651743,1182553,2.24239,1.09729,2.24239,1.17947,0.445953,1,1,0,11.5132,0,VGG19,1,7,1182553
Job36,21672000,22750190,2679204,1601014,1.67344,0.781644,1.67344,0.794391,0.597571,1,1,0,11.1952,0,ResNet50,1,24,1601014
Job37,22007000,22750190,2187610,1444420,1.51452,0.742433,1.51452,0.796496,0.660273,1,1,0,11.4082,0,GNMT,1,17,1444420
Job38,22592000,30864000,12932124,4660124,1.19758,1.38338,1.00006,1.39052,0.839965,1,1,0,6.98346,0,GPT2_SMALL,16,41,4660124
Job39,23770000,23770000,1429636,1429636,1,0.492771,1,0.500716,1,1,1,0,8.52294,0,GPT2_SMALL,4,16,1429636
Job40,24146000,28821917,10147461,4801310,0.889697,1.06414,0.814442,1.07885,1.18004,1,1,1,6.81775,0,ResNet50,16,40,4651071
Job41,24880000,24880000,2164625,2164625,0.688064,0.481321,0.680703,0.489719,1.4701,1,1,0,7.43199,0,BERTLARGE,8,31,2164625
Job42,25026000,25199636,3203467,2261374,1.09627,0.733828,1.08367,0.753328,0.984253,1,1,1,7.05579,0,ResNeXt,8,30,2127740
Job43,26549000,35524124,13683441,4708317,1.92346,1.7937,1.65983,1.8248,0.524887,1,1,0,4.43061,0,ResNet50,16,42,4708317
Job44,26991000,26991000,3058670,3058670,0.769162,0.464373,0.762764,0.472479,1.31163,1,1,0,6.61476,0,ResNeXt,8,37,3058670
Job45,27655000,27655000,1166917,1166917,0.81619,0.540323,0.812246,0.615295,1.29078,1,1,0,6.49229,0,VGG19,8,5,1166917
Job46,28832000,30049670,2246678,1029008,1.5985,0.978207,1.47611,1.0369,0.649816,1,1,0,7.742,0,ResNet50,8,1,1029008
Job47,28851000,34293461,7666029,2223568,2.01424,1.96077,1.63091,2.02821,0.509283,1,1,0,5.45775,0,ResNet50,16,32,2223568
Job48,29986000,31078678,2139188,1046510,2.04412,0.941503,2.04412,0.962839,0.489209,1,1,0,8.00112,0,ResNeXt,1,2,1046510
Job49,30117000,32578553,3982323,1520770,2.34887,1.34893,2.00753,1.40261,0.429257,1,1,0,6.64418,0,ResNeXt,8,21,1520770
Job50,30418000,31078678,2160553,1499875,1.44049,0.724709,1.44049,0.768087,0.694209,1,1,0,7.6126,0,VGG19,1,19,1499875
