Job#,Admitted_time,Scheduled_time,JCT,Running_time,fairness(Mm),fairness(1/n),fairness(1/n-down),fairness(GPU_load),fairness(GPU_share),locality(dist),locality(bit),cold_count,wave,gpu_usg,n_avg,round_out,#shuffle,locality(content),iq_ignore,dist_expand,unlucky_expand,lucky_expand,lucky_shrink,model,gpu_req,k_val,rank_irt,ideal_run_time,ooit_inc_p_gpu
Job1,0,0,1224714,1224714,1.00074,1.00074,1.00074,1.06607,1,1,1,1,1,8,1.86879,0,1,1,0,0,0,0,0,ResNeXt,8,4,10,1223808,0.13
Job2,143000,143000,1064016,1064016,1.00006,1.00006,1.00006,1.04116,1,1,1,1,1,8,2,0,1,1,0,0,0,0,0,BERTLARGE,8,16,4,1063952,0.142
Job3,2044000,2044000,7072516,7072516,0.69779,0.596178,0.541834,0.60227,1.49222,0.976025,0.880125,3,1.57853,11.3717,6.77778,0,3,1,0,1,1,0,0,ResNet50,16,8,44,4890336,0.066
Job4,3321000,3321000,10941592,10941592,0.739822,0.742474,0.62913,0.745052,1.05844,1,1,4,2.87806,6.44203,7.73244,0,4,1,0,0,0,0,0,BERTLARGE,16,8,48,5657448,0.083
Job5,3416000,3416000,3584552,3584552,1.00041,0.379406,1.00041,0.382034,1,1,1,1,1,4,8.05941,0,1,1,0,0,0,0,0,ResNet50,4,32,39,3583080,0.255
Job6,3667000,3682350,12957015,12879396,0.873424,0.894534,0.764203,0.897694,0.886631,0.864333,0.592999,10,3.89826,5.47214,7.45519,0,10,1.00603,0,13,13,0,0,BERTLARGE,16,8,49,5719512,0.083
Job7,3796000,3796498,3773812,3773314,0.803242,0.463831,0.769154,0.471362,1.31939,1,1,3,1.40486,6.38057,8.64942,0,3,1.00013,0,0,0,0,0,GNMT,8,8,35,2891136,0.142
Job8,4172000,4177000,10785753,10770496,0.852437,0.890905,0.756137,0.893858,1.1713,1,1,4,2.85083,6.67982,7.9213,0,4,1.00142,0,0,0,0,0,GPT2_SMALL,16,16,43,4529248,0.072
Job9,4173000,4175386,11921802,11919416,0.905519,0.936809,0.801976,0.945727,1.14095,0.941651,0.883303,8,3.50099,6.71883,7.67912,0,8,1.0002,0,2,2,0,0,ResNet50,16,8,45,4920528,0.066
Job10,4187000,4260805,1522410,1448605,0.606894,0.374735,0.595204,0.387123,1.71648,1,1,1,1,8,9.20652,0,1,1.05095,0,0,0,0,0,GNMT,8,8,18,1448520,0.142
Job11,4592000,4629617,20157034,20086204,1.35905,1.4053,1.07287,1.41816,0.741772,0.944104,0.888207,30,4.84936,5.26823,7.17282,0,30,1.00353,0,2,2,0,0,VGG19,16,2,50,6633008,0.075
Job12,4990000,5013298,14658156,14634858,1.13465,1.11008,0.916221,1.11438,0.765348,0.957562,0.853159,14,4.52799,5.3242,7.13756,0,14,1.00159,0,5,5,0,0,BERTLARGE,16,8,47,5636760,0.083
Job13,7103000,7162624,1156568,1096944,0.633845,0.351102,0.631742,0.355309,1.62031,0.666667,0,1,1,8,8.57098,0,1,1.05435,0,3,3,0,0,GPT2_SMALL,8,32,6,1084248,0.139
Job14,8066000,8099240,1042022,1008782,0.649502,0.353344,0.648174,0.35808,1.58161,0.5,0,1,1,8,8.18576,0,1,1.03295,0,0,0,0,0,GPT2_SMALL,8,32,3,997144,0.139
Job15,9937000,9947338,1420088,1409750,1.00735,0.409245,1.00735,0.413415,0.99272,1,1,1,1,1,9.94823,0,1,1.00733,0,0,0,0,0,BERTLARGE,1,128,15,1409720,1
Job16,9937000,9947338,1346574,1336236,1.00802,0.416298,1.00802,0.425506,0.992323,1,1,1,1,1,10,0,1,1.00774,0,0,0,0,0,VGG19,1,32,12,1335856,1
Job17,9937000,9947338,1649213,1638875,1.00633,0.409064,1.00633,0.412647,0.993732,1,1,1,1,1,9.67756,0,1,1.00631,0,0,0,0,0,BERTLARGE,1,128,24,1638840,1
Job18,9937000,9947338,1723355,1713017,1.00669,0.415333,1.00669,0.422979,0.994001,1,1,1,1,1,9.56237,0,1,1.00603,0,0,0,0,0,ResNeXt,1,32,26,1711896,1
Job19,13332000,13335059,1831651,1828592,1.00182,0.460198,1.00182,0.467839,0.99833,1,1,1,1,1,6.48827,0,1,1.00167,0,0,0,0,0,ResNet50,1,128,28,1828328,1
Job20,14994000,15108271,1859334,1676506,0.8181,0.847819,0.789064,0.86357,1.25086,0.80282,0.40846,2,1.59154,11.2677,5.10925,0,2,1.10905,0,4,4,0,0,GPT2_SMALL,16,16,8,1173424,0.072
Job21,15832000,15883888,1670293,1615344,1.12757,0.783807,1.15636,0.812399,0.927654,0.644686,0,2,1.13189,7.47245,4.409,0,2,1.03402,0,14,14,0,0,ResNeXt,8,4,17,1444440,0.13
Job22,17225000,17228631,1269715,1266084,1.00305,0.786297,1.00305,0.84942,0.99714,1,1,1,1,1,4.75541,0,1,1.00287,0,0,0,0,0,GNMT,1,64,11,1265856,1
Job23,17758000,17758000,13965610,13947664,1.28335,1.52792,1.05339,1.54824,0.836125,0.981892,0.963783,15,4.16971,6.13785,6.66029,0,15,1.00129,0,0,0,0,0,ResNet50,16,8,46,5051360,0.066
Job24,17931000,17933045,1217246,1215201,0.857334,0.586463,0.725451,0.597694,1.17228,1,1,1,1,8,6.96875,0,1,1.00168,0,0,0,0,0,GPT2_SMALL,8,32,9,1214904,0.139
Job25,18252000,18259168,1521214,1514046,0.833088,0.57519,0.648139,0.591978,1.212,1,1,1,1,8,7.90052,0,1,1.00473,0,0,0,0,0,ResNeXt,8,4,20,1512912,0.13
Job26,18252000,18263140,1349767,1338627,0.82053,0.568045,0.649263,0.591702,1.23671,1,1,1,1,8,7.98054,0,1,1.00832,0,0,0,0,0,VGG19,8,4,13,1337976,0.136
Job27,18329000,18329000,3271731,3271731,1.00019,0.587079,1.00019,0.599999,1,1,1,1,1,1,8.05728,0,1,1,0,0,0,0,0,GNMT,1,64,38,3271104,1
Job28,18710000,18710000,1629728,1629728,1.00065,0.625585,1.00065,0.644129,1,1,1,1,1,1,7.85833,0,1,1,0,0,0,0,0,ResNeXt,1,32,23,1628664,1
Job29,19163000,19169658,1602864,1596206,1.00517,0.632132,1.00517,0.651399,0.995846,1,1,1,1,2,8.06097,0,1,1.00417,0,0,0,0,0,ResNeXt,2,16,22,1594616,0.5
Job30,19321000,19382541,2958061,2869745,0.85494,0.656436,0.672694,0.669814,1.20035,0.652736,0,2,1.25075,7.4985,8.43607,0,2,1.03077,1,16,16,0,0,ResNet50,8,16,34,2642928,0.13
Job31,19856000,19948629,3606951,3512756,1.15538,0.852444,0.902981,0.872022,0.890716,1,1,3,1.51846,5.92615,7.95301,0,3,1.02682,1,0,0,0,0,VGG19,8,4,33,2546584,0.136
Job32,20109000,20111882,4161532,4121771,1.16307,0.8408,0.949346,0.86348,0.900915,0.844172,0.532515,3,1.48592,6.05632,7.41114,0,3,1.00965,1,8,8,0,0,GNMT,8,8,36,2999720,0.142
Job33,20293000,20303934,2018007,2007073,0.707652,0.566033,0.58972,0.587453,1.4422,1,1,1,1,8,8.76947,0,1,1.00545,0,0,0,0,0,GNMT,8,8,29,2006952,0.142
Job34,20452000,20467469,1820415,1804946,0.723135,0.580467,0.607593,0.5986,1.46101,0.666667,0,1,1,8,8.82367,0,1,1.00857,0,31,31,0,0,VGG19,8,4,27,1738936,0.136
Job35,21281000,21281000,1102982,1102982,1.00028,0.570489,1.00028,0.59192,1,1,1,1,1,1,9.01473,0,1,1,0,0,0,0,0,VGG19,1,32,7,1102672,1
Job36,21672000,21672000,1681626,1681626,1.00014,0.613209,1.00014,0.628096,1,1,1,1,1,1,7.77512,0,1,1,0,0,0,0,0,ResNet50,1,128,25,1681384,1
Job37,22007000,22077025,1527123,1457098,1.04825,0.675689,1.04825,0.713577,0.954146,1,1,1,1,1,7.25001,0,1,1.04806,0,0,0,0,0,GNMT,1,64,19,1456832,1
Job38,22592000,22623200,9061303,8994410,0.969264,1.10181,0.865312,1.1072,1.07293,0.951559,0.851842,9,2.26016,7.96896,6.08018,0,9,1.00744,0,5,5,0,0,GPT2_SMALL,16,16,41,4329232,0.072
Job39,23770000,23775570,1400994,1395424,1.00143,0.629379,1.00143,0.639141,0.996024,0.333333,0,1,1,4,5.0989,0,1,1.00399,0,2,2,0,0,GPT2_SMALL,4,64,14,1398992,0.26
Job40,24146000,24151880,10254062,10246521,1.37372,1.38184,1.16624,1.40455,0.81963,0.933539,0.867078,16,3.53317,7.46309,5.19114,0,16,1.00074,0,1,1,0,0,ResNet50,16,8,40,4296560,0.066
Job41,24880000,24892815,2034971,2022156,0.96981,0.607021,0.959229,0.614723,1.03199,1,1,1,1,8,5.25109,0,1,1.00634,0,0,0,0,0,BERTLARGE,8,16,30,2022032,0.142
Job42,25026000,25035000,2234074,2225074,0.970325,0.601446,0.959003,0.61384,1.05267,0.666667,0,1,1,8,5.34916,0,1,1.00404,0,41,41,0,0,ResNeXt,8,4,32,2182416,0.13
Job43,26549000,26551196,9604807,9602611,1.46825,1.35899,1.25397,1.38246,0.751624,0.89288,0.780848,15,4.5667,7.91757,4.45927,0,15,1.00023,0,4,4,0,0,ResNet50,16,8,42,4346880,0.066
Job44,26991000,27089949,3317559,3218610,0.856897,0.498269,0.834636,0.503946,1.19541,0.5,0,1,1,8,6.32839,0,1,1.03074,0,105,105,0,0,ResNeXt,8,4,37,3156240,0.13
Job45,27655000,27671652,1041100,1024448,0.891901,0.553148,0.891901,0.582552,1.18081,0.666667,0,1,1,8,6,0,1,1.01625,0,0,0,0,0,VGG19,8,4,2,988568,0.136
Job46,28832000,29000843,1125159,956316,0.874187,0.52525,0.873866,0.548285,1.18657,0.666667,0,1,1,8,6.98311,0,1,1.17656,0,0,0,0,0,ResNet50,8,16,1,947472,0.13
Job47,28851000,29000843,4151918,3995431,1.08357,1.0606,0.867088,1.09414,1.0349,0.761525,0.444742,6,2.52561,8.95787,6.03992,0,6,1.03917,0,5,5,0,0,ResNet50,16,8,31,2052288,0.066
Job48,29986000,30133607,1222075,1074468,1.1381,0.521197,1.1381,0.538419,0.879216,1,1,1,1,1,7.80325,0,1,1.13738,0,0,0,0,0,ResNeXt,1,32,5,1073784,1
Job49,30117000,30134679,1594626,1576947,0.826799,0.471421,0.691366,0.48211,1.2452,0.666667,0,1,1,8,7.57901,0,1,1.01121,0,71,71,0,0,ResNeXt,8,4,21,1547148,0.13
Job50,30418000,30547957,1566159,1436202,1.0908,0.545267,1.0908,0.558887,0.917022,1,1,1,1,1,6.95284,0,1,1.09049,0,0,0,0,0,VGG19,1,32,16,1435792,1
